An NVIDIA GPU may be present on this machine, but a CUDA-enabled jaxlib is not installed. Falling back to cpu.
An NVIDIA GPU may be present on this machine, but a CUDA-enabled jaxlib is not installed. Falling back to cpu.
An NVIDIA GPU may be present on this machine, but a CUDA-enabled jaxlib is not installed. Falling back to cpu.
An NVIDIA GPU may be present on this machine, but a CUDA-enabled jaxlib is not installed. Falling back to cpu.
An NVIDIA GPU may be present on this machine, but a CUDA-enabled jaxlib is not installed. Falling back to cpu.
An NVIDIA GPU may be present on this machine, but a CUDA-enabled jaxlib is not installed. Falling back to cpu.
An NVIDIA GPU may be present on this machine, but a CUDA-enabled jaxlib is not installed. Falling back to cpu.
An NVIDIA GPU may be present on this machine, but a CUDA-enabled jaxlib is not installed. Falling back to cpu.
An NVIDIA GPU may be present on this machine, but a CUDA-enabled jaxlib is not installed. Falling back to cpu.
An NVIDIA GPU may be present on this machine, but a CUDA-enabled jaxlib is not installed. Falling back to cpu.
An NVIDIA GPU may be present on this machine, but a CUDA-enabled jaxlib is not installed. Falling back to cpu.
An NVIDIA GPU may be present on this machine, but a CUDA-enabled jaxlib is not installed. Falling back to cpu.
An NVIDIA GPU may be present on this machine, but a CUDA-enabled jaxlib is not installed. Falling back to cpu.
An NVIDIA GPU may be present on this machine, but a CUDA-enabled jaxlib is not installed. Falling back to cpu.
An NVIDIA GPU may be present on this machine, but a CUDA-enabled jaxlib is not installed. Falling back to cpu.
An NVIDIA GPU may be present on this machine, but a CUDA-enabled jaxlib is not installed. Falling back to cpu.
An NVIDIA GPU may be present on this machine, but a CUDA-enabled jaxlib is not installed. Falling back to cpu.
An NVIDIA GPU may be present on this machine, but a CUDA-enabled jaxlib is not installed. Falling back to cpu.
An NVIDIA GPU may be present on this machine, but a CUDA-enabled jaxlib is not installed. Falling back to cpu.
An NVIDIA GPU may be present on this machine, but a CUDA-enabled jaxlib is not installed. Falling back to cpu.
An NVIDIA GPU may be present on this machine, but a CUDA-enabled jaxlib is not installed. Falling back to cpu.
An NVIDIA GPU may be present on this machine, but a CUDA-enabled jaxlib is not installed. Falling back to cpu.
An NVIDIA GPU may be present on this machine, but a CUDA-enabled jaxlib is not installed. Falling back to cpu.
An NVIDIA GPU may be present on this machine, but a CUDA-enabled jaxlib is not installed. Falling back to cpu.
An NVIDIA GPU may be present on this machine, but a CUDA-enabled jaxlib is not installed. Falling back to cpu.
An NVIDIA GPU may be present on this machine, but a CUDA-enabled jaxlib is not installed. Falling back to cpu.
An NVIDIA GPU may be present on this machine, but a CUDA-enabled jaxlib is not installed. Falling back to cpu.
An NVIDIA GPU may be present on this machine, but a CUDA-enabled jaxlib is not installed. Falling back to cpu.
An NVIDIA GPU may be present on this machine, but a CUDA-enabled jaxlib is not installed. Falling back to cpu.
An NVIDIA GPU may be present on this machine, but a CUDA-enabled jaxlib is not installed. Falling back to cpu.
An NVIDIA GPU may be present on this machine, but a CUDA-enabled jaxlib is not installed. Falling back to cpu.
An NVIDIA GPU may be present on this machine, but a CUDA-enabled jaxlib is not installed. Falling back to cpu.
{
  "case": {
    "problem": "gl",
    "backend": "element",
    "level": 9,
    "out": "/home/michal/repos/fenics_nonlinear_energies/experiment_results_cache/gl_trust_region_diagnostics_l9_np32/jax_petsc_element_ls_ref.json",
    "quiet": true,
    "save_history": true,
    "save_linear_timing": true,
    "steps": 1,
    "start_step": 1,
    "total_steps": 24,
    "ksp_type": "gmres",
    "pc_type": "hypre",
    "ksp_rtol": 0.001,
    "ksp_max_it": 200,
    "profile": "reference",
    "coloring_trials": 10,
    "nproc_threads": 1,
    "hvp_eval_mode": "sequential",
    "element_reorder_mode": "block_xyz",
    "local_hessian_mode": "element",
    "tolf": 1e-06,
    "tolg": 1e-05,
    "tolg_rel": 0.001,
    "tolx_rel": 0.001,
    "tolx_abs": 1e-10,
    "maxit": 100,
    "step_time_limit_s": null,
    "linesearch_a": -0.5,
    "linesearch_b": 2.0,
    "linesearch_tol": 0.001,
    "use_trust_region": false,
    "trust_radius_init": 1.0,
    "trust_radius_min": 1e-08,
    "trust_radius_max": 1000000.0,
    "trust_shrink": 0.5,
    "trust_expand": 1.5,
    "trust_eta_shrink": 0.05,
    "trust_eta_expand": 0.75,
    "trust_max_reject": 6,
    "trust_subproblem_line_search": false,
    "local_coloring": true,
    "retry_on_failure": false,
    "pc_setup_on_ksp_cap": false,
    "use_near_nullspace": true,
    "reorder": null,
    "gamg_threshold": 0.05,
    "gamg_agg_nsmooths": 1,
    "gamg_set_coordinates": true
  },
  "result": {
    "mesh_level": 9,
    "total_dofs": 1050625,
    "free_dofs": 1046529,
    "setup_time": 1.649378,
    "solve_time_total": 1.947931,
    "total_time": 4.220285,
    "steps": [
      {
        "step": 1,
        "time": 1.947931,
        "nit": 7,
        "linear_iters": 39,
        "energy": 0.3456264684118114,
        "message": "Converged (energy, step, gradient)",
        "attempt": "primary",
        "ksp_rtol_used": 0.001,
        "ksp_max_it_used": 200,
        "linesearch_interval_used": [
          -0.5,
          2.0
        ],
        "history": [
          {
            "it": 1,
            "energy": 0.5672944996798374,
            "dE": 0.09800517828933641,
            "grad_norm": 0.0009261996570956121,
            "grad_target": 1e-05,
            "grad_norm_post": NaN,
            "alpha": -0.26052984216264974,
            "ksp_its": 12,
            "ls_evals": 19,
            "ls_repaired": false,
            "used_gradient_fallback": false,
            "accepted_step": true,
            "step_norm": 253.27045858203647,
            "step_rel": 0.49466886441804,
            "pred_reduction": NaN,
            "actual_reduction": NaN,
            "trust_rejects": 0,
            "t_grad": 0.006916698010172695,
            "t_hess": 0.19921675400109962,
            "t_ls": 0.12697939696954563,
            "t_update": 4.006002563983202e-05,
            "t_iter": 0.3332538600079715,
            "trust_radius": 1.0,
            "trust_ratio": NaN,
            "trust_qp": NaN
          },
          {
            "it": 2,
            "energy": 0.5087402004788832,
            "dE": 0.05855429920095412,
            "grad_norm": 0.0010161062127371817,
            "grad_target": 1e-05,
            "grad_norm_post": NaN,
            "alpha": 0.30888087901785777,
            "ksp_its": 6,
            "ls_evals": 19,
            "ls_repaired": false,
            "used_gradient_fallback": false,
            "accepted_step": true,
            "step_norm": 217.91932534211173,
            "step_rel": 0.3418741576059035,
            "pred_reduction": NaN,
            "actual_reduction": NaN,
            "trust_rejects": 0,
            "t_grad": 0.0063819329952821136,
            "t_hess": 0.1479906829772517,
            "t_ls": 0.12756128300679848,
            "t_update": 3.5353994462639093e-05,
            "t_iter": 0.28209348901873454,
            "trust_radius": 1.0,
            "trust_ratio": NaN,
            "trust_qp": NaN
          },
          {
            "it": 3,
            "energy": 0.4406448635625503,
            "dE": 0.06809533691633296,
            "grad_norm": 0.0005637203354679297,
            "grad_target": 1e-05,
            "grad_norm_post": NaN,
            "alpha": -0.3249077617346806,
            "ksp_its": 7,
            "ls_evals": 19,
            "ls_repaired": false,
            "used_gradient_fallback": false,
            "accepted_step": true,
            "step_norm": 272.9899768898122,
            "step_rel": 0.36495037604596775,
            "pred_reduction": NaN,
            "actual_reduction": NaN,
            "trust_rejects": 0,
            "t_grad": 0.006417757016606629,
            "t_hess": 0.15268747002119198,
            "t_ls": 0.12583873100811616,
            "t_update": 3.114697756245732e-05,
            "t_iter": 0.2850716899847612,
            "trust_radius": 1.0,
            "trust_ratio": NaN,
            "trust_qp": NaN
          },
          {
            "it": 4,
            "energy": 0.3666170617530324,
            "dE": 0.0740278018095179,
            "grad_norm": 0.0008703360531289138,
            "grad_target": 1e-05,
            "grad_norm_post": NaN,
            "alpha": 0.26909313659793843,
            "ksp_its": 5,
            "ls_evals": 19,
            "ls_repaired": false,
            "used_gradient_fallback": false,
            "accepted_step": true,
            "step_norm": 221.34661353810412,
            "step_rel": 0.27489297878660274,
            "pred_reduction": NaN,
            "actual_reduction": NaN,
            "trust_rejects": 0,
            "t_grad": 0.006234019994735718,
            "t_hess": 0.13218067400157452,
            "t_ls": 0.12277061399072409,
            "t_update": 3.796699456870556e-05,
            "t_iter": 0.2613147829542868,
            "trust_radius": 1.0,
            "trust_ratio": NaN,
            "trust_qp": NaN
          },
          {
            "it": 5,
            "energy": 0.34606541753380343,
            "dE": 0.02055164421922895,
            "grad_norm": 0.0006583786647948039,
            "grad_target": 1e-05,
            "grad_norm_post": NaN,
            "alpha": 0.9271414196947851,
            "ksp_its": 3,
            "ls_evals": 19,
            "ls_repaired": false,
            "used_gradient_fallback": false,
            "accepted_step": true,
            "step_norm": 70.70642912197778,
            "step_rel": 0.08198354949048559,
            "pred_reduction": NaN,
            "actual_reduction": NaN,
            "trust_rejects": 0,
            "t_grad": 0.007138040964491665,
            "t_hess": 0.12582376803038642,
            "t_ls": 0.12440510396845639,
            "t_update": 3.99000127799809e-05,
            "t_iter": 0.25750721397344023,
            "trust_radius": 1.0,
            "trust_ratio": NaN,
            "trust_qp": NaN
          },
          {
            "it": 6,
            "energy": 0.3456266288006903,
            "dE": 0.00043878873311314903,
            "grad_norm": 8.777045418914938e-05,
            "grad_target": 1e-05,
            "grad_norm_post": NaN,
            "alpha": 1.0436021702626779,
            "ksp_its": 3,
            "ls_evals": 19,
            "ls_repaired": false,
            "used_gradient_fallback": false,
            "accepted_step": true,
            "step_norm": 11.577300009498426,
            "step_rel": 0.013110488303903886,
            "pred_reduction": NaN,
            "actual_reduction": NaN,
            "trust_rejects": 0,
            "t_grad": 0.0064908069907687604,
            "t_hess": 0.12605503597296774,
            "t_ls": 0.12557645700871944,
            "t_update": 2.990500070154667e-05,
            "t_iter": 0.2582597759901546,
            "trust_radius": 1.0,
            "trust_ratio": NaN,
            "trust_qp": NaN
          },
          {
            "it": 7,
            "energy": 0.3456264684118114,
            "dE": 1.603888789003527e-07,
            "grad_norm": 1.7622612993267658e-06,
            "grad_target": 1e-05,
            "grad_norm_post": 1.824494528126066e-09,
            "alpha": 1.000416148939007,
            "ksp_its": 3,
            "ls_evals": 19,
            "ls_repaired": false,
            "used_gradient_fallback": false,
            "accepted_step": true,
            "step_norm": 0.21679543905815452,
            "step_rel": 0.0002473203207463801,
            "pred_reduction": NaN,
            "actual_reduction": NaN,
            "trust_rejects": 0,
            "t_grad": 0.006659970968030393,
            "t_hess": 0.12653814302757382,
            "t_ls": 0.12443741201423109,
            "t_update": 3.8628000766038895e-05,
            "t_iter": 0.2577779109706171,
            "trust_radius": 1.0,
            "trust_ratio": NaN,
            "trust_qp": NaN
          }
        ],
        "linear_timing": [
          {
            "assemble_total_time": 0.024678062996827066,
            "assemble_p2p_exchange": 0.0031625390402041376,
            "assemble_hvp_compute": 0.005920788971707225,
            "assemble_extraction": 0.013393422996159643,
            "assemble_coo_assembly": 0.0021143509657122195,
            "assemble_n_hvps": 0,
            "setop_time": 3.2539828680455685e-06,
            "set_tolerances_time": 2.963992301374674e-06,
            "pc_setup_time": 0.07400209200568497,
            "solve_time": 0.10042111505754292,
            "linear_total_time": 0.19910748803522438,
            "ksp_its": 12,
            "ksp_reason_code": 2,
            "ksp_reason_name": "CONVERGED_RTOL",
            "ksp_residual_norm": 15.834207657852374,
            "rhs_norm": 0.0009261996570956121
          },
          {
            "assemble_total_time": 0.025331465993076563,
            "assemble_p2p_exchange": 0.0031249619787558913,
            "assemble_hvp_compute": 0.006696976954117417,
            "assemble_extraction": 0.01407857402227819,
            "assemble_coo_assembly": 0.0013494109734892845,
            "assemble_n_hvps": 0,
            "setop_time": 3.5749981179833412e-06,
            "set_tolerances_time": 3.495020791888237e-06,
            "pc_setup_time": 0.06930180895142257,
            "solve_time": 0.053205438947770745,
            "linear_total_time": 0.14784578391117975,
            "ksp_its": 6,
            "ksp_reason_code": 2,
            "ksp_reason_name": "CONVERGED_RTOL",
            "ksp_residual_norm": 11.930775838381878,
            "rhs_norm": 0.0010161062127371817
          },
          {
            "assemble_total_time": 0.025127660017460585,
            "assemble_p2p_exchange": 0.0031146970577538013,
            "assemble_hvp_compute": 0.00903329299762845,
            "assemble_extraction": 0.01129493600456044,
            "assemble_coo_assembly": 0.0015974740381352603,
            "assemble_n_hvps": 0,
            "setop_time": 2.4139881134033203e-06,
            "set_tolerances_time": 3.235007170587778e-06,
            "pc_setup_time": 0.06706247897818685,
            "solve_time": 0.06040306901559234,
            "linear_total_time": 0.15259885700652376,
            "ksp_its": 7,
            "ksp_reason_code": 2,
            "ksp_reason_name": "CONVERGED_RTOL",
            "ksp_residual_norm": 0.31682589458732263,
            "rhs_norm": 0.0005637203354679297
          },
          {
            "assemble_total_time": 0.024918815004639328,
            "assemble_p2p_exchange": 0.003156149003189057,
            "assemble_hvp_compute": 0.008664317021612078,
            "assemble_extraction": 0.011209607997443527,
            "assemble_coo_assembly": 0.0018036839901469648,
            "assemble_n_hvps": 0,
            "setop_time": 7.94196967035532e-06,
            "set_tolerances_time": 7.391034159809351e-06,
            "pc_setup_time": 0.06301408796571195,
            "solve_time": 0.044121599989011884,
            "linear_total_time": 0.13206983596319333,
            "ksp_its": 5,
            "ksp_reason_code": 2,
            "ksp_reason_name": "CONVERGED_RTOL",
            "ksp_residual_norm": 0.13640095949228492,
            "rhs_norm": 0.0008703360531289138
          },
          {
            "assemble_total_time": 0.02430122601799667,
            "assemble_p2p_exchange": 0.0032487179851159453,
            "assemble_hvp_compute": 0.006434932991396636,
            "assemble_extraction": 0.012762634025420994,
            "assemble_coo_assembly": 0.001765766995958984,
            "assemble_n_hvps": 0,
            "setop_time": 2.9249931685626507e-06,
            "set_tolerances_time": 4.005967639386654e-06,
            "pc_setup_time": 0.07020608999300748,
            "solve_time": 0.03117442800430581,
            "linear_total_time": 0.1256886749761179,
            "ksp_its": 3,
            "ksp_reason_code": 2,
            "ksp_reason_name": "CONVERGED_RTOL",
            "ksp_residual_norm": 0.007914936181433055,
            "rhs_norm": 0.0006583786647948039
          },
          {
            "assemble_total_time": 0.025297625979874283,
            "assemble_p2p_exchange": 0.003130389959551394,
            "assemble_hvp_compute": 0.00668075296562165,
            "assemble_extraction": 0.01318129402352497,
            "assemble_coo_assembly": 0.0022317590191960335,
            "assemble_n_hvps": 0,
            "setop_time": 2.8740032576024532e-06,
            "set_tolerances_time": 2.7240021154284477e-06,
            "pc_setup_time": 0.0706258220016025,
            "solve_time": 0.03001778799807653,
            "linear_total_time": 0.12594683398492634,
            "ksp_its": 3,
            "ksp_reason_code": 2,
            "ksp_reason_name": "CONVERGED_RTOL",
            "ksp_residual_norm": 0.0004284495085113636,
            "rhs_norm": 8.777045418914938e-05
          },
          {
            "assemble_total_time": 0.02504392300033942,
            "assemble_p2p_exchange": 0.0031870059901848435,
            "assemble_hvp_compute": 0.006593420985154808,
            "assemble_extraction": 0.013097849034238607,
            "assemble_coo_assembly": 0.0020909670274704695,
            "assemble_n_hvps": 0,
            "setop_time": 2.582964953035116e-06,
            "set_tolerances_time": 2.193031832575798e-06,
            "pc_setup_time": 0.06989786599297076,
            "solve_time": 0.031464884988963604,
            "linear_total_time": 0.1264114499790594,
            "ksp_its": 3,
            "ksp_reason_code": 2,
            "ksp_reason_name": "CONVERGED_RTOL",
            "ksp_residual_norm": 8.381906902292784e-06,
            "rhs_norm": 1.7622612993267658e-06
          }
        ]
      }
    ],
    "metadata": {
      "profile": "reference",
      "nprocs": 32,
      "nproc_threads": 1,
      "linear_solver": {
        "ksp_type": "gmres",
        "pc_type": "hypre",
        "ksp_rtol": 0.001,
        "ksp_max_it": 200,
        "pc_setup_on_ksp_cap": false,
        "gamg_threshold": 0.05,
        "gamg_agg_nsmooths": 1,
        "gamg_set_coordinates": true,
        "reorder": true,
        "hvp_eval_mode": "element_overlap",
        "assembly_mode": "element",
        "element_reorder_mode": "block_xyz",
        "local_hessian_mode": "element",
        "distribution_strategy": "overlap_allgather",
        "assembler": "GLReorderedElementAssembler",
        "trust_subproblem_solver": "direct_linear_solve",
        "trust_subproblem_line_search": false
      },
      "newton": {
        "tolf": 1e-06,
        "tolg": 1e-05,
        "tolg_rel": 0.001,
        "tolx_rel": 0.001,
        "tolx_abs": 1e-10,
        "maxit": 100,
        "require_all_convergence": true,
        "fail_on_nonfinite": true,
        "linesearch_interval": [
          -0.5,
          2.0
        ],
        "linesearch_tol": 0.001,
        "trust_region": false,
        "trust_radius_init": 1.0,
        "trust_radius_min": 1e-08,
        "trust_radius_max": 1000000.0,
        "trust_subproblem_line_search": false,
        "step_time_limit_s": null
      }
    }
  }
}
