# cwd: /home/michal/repos/fenics_nonlinear_energies
# env BLIS_NUM_THREADS=1
# env JAX_PLATFORMS=cpu
# env MKL_NUM_THREADS=1
# env NUMEXPR_NUM_THREADS=1
# env OMP_NUM_THREADS=1
# env OPENBLAS_NUM_THREADS=1
# env VECLIB_MAXIMUM_THREADS=1
# env XLA_FLAGS=--xla_cpu_multi_thread_eigen=false intra_op_parallelism_threads=1
# command: /home/michal/repos/fenics_nonlinear_energies/.venv/bin/python -u src/problems/ginzburg_landau/jax_petsc/solve_GL_dof.py --level 5 --profile reference --assembly_mode element --local_hessian_mode sfd_local --element_reorder_mode block_xyz --local_coloring --nproc 1 --quiet --out overview/img/runs/ginzburg_landau/showcase/jax_petsc_local_sfd/output.json

{
  "mesh_level": 5,
  "total_dofs": 4225,
  "free_dofs": 3969,
  "setup_time": 0.784118,
  "solve_time_total": 0.201195,
  "total_time": 1.033706,
  "steps": [
    {
      "step": 1,
      "time": 0.201195,
      "nit": 8,
      "linear_iters": 33,
      "energy": 0.34623144378212395,
      "message": "Converged (energy, step, gradient)",
      "attempt": "primary",
      "ksp_rtol_used": 0.001,
      "ksp_max_it_used": 200,
      "linesearch_interval_used": [
        -0.5,
        2.0
      ]
    }
  ],
  "metadata": {
    "profile": "reference",
    "nprocs": 1,
    "nproc_threads": 1,
    "problem": {
      "name": "GinzburgLandau2D"
    },
    "linear_solver": {
      "ksp_type": "gmres",
      "pc_type": "hypre",
      "ksp_rtol": 0.001,
      "ksp_max_it": 200,
      "pc_setup_on_ksp_cap": false,
      "gamg_threshold": 0.05,
      "gamg_agg_nsmooths": 1,
      "gamg_set_coordinates": true,
      "reorder": true,
      "hvp_eval_mode": "sfd_local_batched",
      "assembly_mode": "element",
      "element_reorder_mode": "block_xyz",
      "local_hessian_mode": "sfd_local",
      "distribution_strategy": "overlap_allgather",
      "assembler": "GLReorderedElementAssembler",
      "trust_subproblem_solver": "direct_linear_solve",
      "trust_subproblem_line_search": false
    },
    "newton": {
      "tolf": 1e-06,
      "tolg": 1e-05,
      "tolg_rel": 0.001,
      "tolx_rel": 0.001,
      "tolx_abs": 1e-10,
      "maxit": 100,
      "require_all_convergence": true,
      "fail_on_nonfinite": true,
      "linesearch_interval": [
        -0.5,
        2.0
      ],
      "linesearch_tol": 0.001,
      "trust_region": false,
      "trust_radius_init": 1.0,
      "trust_radius_min": 1e-08,
      "trust_radius_max": 1000000.0,
      "trust_subproblem_line_search": false,
      "step_time_limit_s": null
    }
  }
}
