FEniCSx local environment activated.
  Python:  Python 3.12.10
  PETSc:   (3, 24, 2)
  DOLFINx: 0.10.0.post5
Creating matrix...
Building nullspace...
Setting near nullspace...
Creating KSP...
--- Step 1/24, Angle: 1.0472 ---
Assembling Hessian...
Setting operators...
Solving KSP...
KSP solved.
it=1, J=71.12255, dJ=3.37877e+01, ||g||=3.08303e+03, alpha=5.61286e-01, ksp_its=1, ls_evals=16
Assembling Hessian...
Setting operators...
Solving KSP...
KSP solved.
it=2, J=61.96777, dJ=9.15478e+00, ||g||=4.89911e+05, alpha=9.99660e-01, ksp_its=1, ls_evals=16
Assembling Hessian...
Setting operators...
Solving KSP...
KSP solved.
it=3, J=47.81002, dJ=1.41578e+01, ||g||=3.96808e+05, alpha=9.99660e-01, ksp_its=1, ls_evals=16
Assembling Hessian...
Setting operators...
Solving KSP...
KSP solved.
it=4, J=40.74629, dJ=7.06373e+00, ||g||=2.72992e+05, alpha=1.93889e-01, ksp_its=3, ls_evals=32
Assembling Hessian...
Setting operators...
Solving KSP...
KSP solved.
it=5, J=23.21805, dJ=1.75282e+01, ||g||=2.70539e+05, alpha=9.99660e-01, ksp_its=2, ls_evals=16
Assembling Hessian...
Setting operators...
Solving KSP...
KSP solved.
it=6, J=15.26216, dJ=7.95589e+00, ||g||=2.32372e+05, alpha=9.99660e-01, ksp_its=10, ls_evals=16
Assembling Hessian...
Setting operators...
Solving KSP...
KSP solved.
it=7, J=10.77039, dJ=4.49177e+00, ||g||=7.01151e+05, alpha=7.86571e-01, ksp_its=5, ls_evals=16
Assembling Hessian...
Setting operators...
Solving KSP...
KSP solved.
it=8, J=9.66677, dJ=1.10361e+00, ||g||=2.72786e+05, alpha=2.31576e-01, ksp_its=8, ls_evals=16
Assembling Hessian...
Setting operators...
Solving KSP...
KSP solved.
it=9, J=7.52702, dJ=2.13975e+00, ||g||=3.13851e+05, alpha=4.96588e-01, ksp_its=8, ls_evals=16
Assembling Hessian...
Setting operators...
Solving KSP...
KSP solved.
it=10, J=6.41481, dJ=1.11221e+00, ||g||=8.98103e+04, alpha=6.59061e-01, ksp_its=2, ls_evals=16
Assembling Hessian...
Setting operators...
Solving KSP...
KSP solved.
it=11, J=5.37631, dJ=1.03850e+00, ||g||=1.29491e+05, alpha=3.46585e-01, ksp_its=8, ls_evals=33
Assembling Hessian...
Setting operators...
Solving KSP...
KSP solved.
it=12, J=4.92441, dJ=4.51904e-01, ||g||=1.94248e+06, alpha=9.99660e-01, ksp_its=2, ls_evals=16
Assembling Hessian...
Setting operators...
Solving KSP...
KSP solved.
it=13, J=4.58874, dJ=3.35660e-01, ||g||=3.23843e+06, alpha=5.50450e-01, ksp_its=3, ls_evals=16
Assembling Hessian...
Setting operators...
Solving KSP...
KSP solved.
it=14, J=4.47163, dJ=1.17118e-01, ||g||=9.77334e+07, alpha=1.20395e+00, ksp_its=1, ls_evals=17
Assembling Hessian...
Setting operators...
Solving KSP...
KSP solved.
it=15, J=4.12824, dJ=3.43389e-01, ||g||=6.47515e+07, alpha=7.81493e-01, ksp_its=6, ls_evals=16
Assembling Hessian...
Setting operators...
Solving KSP...
KSP solved.
it=16, J=3.84201, dJ=2.86230e-01, ||g||=4.08692e+07, alpha=7.11196e-01, ksp_its=3, ls_evals=16
Assembling Hessian...
Setting operators...
Solving KSP...
KSP solved.
it=17, J=3.74580, dJ=9.62124e-02, ||g||=4.04745e+07, alpha=9.89954e-01, ksp_its=1, ls_evals=17
Assembling Hessian...
Setting operators...
Solving KSP...
KSP solved.
it=18, J=3.42508, dJ=3.20711e-01, ||g||=9.64363e+07, alpha=6.00084e-01, ksp_its=5, ls_evals=17
Assembling Hessian...
Setting operators...
Solving KSP...
KSP solved.
it=19, J=3.42165, dJ=3.43822e-03, ||g||=6.11082e+07, alpha=1.99965e+00, ksp_its=5, ls_evals=17
Assembling Hessian...
Setting operators...
Solving KSP...
KSP solved.
it=20, J=3.32289, dJ=9.87595e-02, ||g||=2.03715e+07, alpha=9.12479e-01, ksp_its=2, ls_evals=17
Assembling Hessian...
Setting operators...
Solving KSP...
KSP solved.
it=21, J=3.26823, dJ=5.46524e-02, ||g||=1.49200e+07, alpha=1.10825e+00, ksp_its=2, ls_evals=17
Assembling Hessian...
Setting operators...
Solving KSP...
KSP solved.
it=22, J=3.26700, dJ=1.23785e-03, ||g||=7.41254e+06, alpha=-2.20792e-02, ksp_its=6, ls_evals=32
Assembling Hessian...
Setting operators...
Solving KSP...
KSP solved.
it=23, J=3.19056, dJ=7.64350e-02, ||g||=6.28896e+06, alpha=3.18910e-01, ksp_its=3, ls_evals=17
Assembling Hessian...
Setting operators...
Solving KSP...
KSP solved.
it=24, J=3.07652, dJ=1.14045e-01, ||g||=4.95550e+06, alpha=1.08862e+00, ksp_its=2, ls_evals=17
Assembling Hessian...
Setting operators...
Solving KSP...
KSP solved.
it=25, J=2.74517, dJ=3.31350e-01, ||g||=3.39087e+06, alpha=8.89027e-01, ksp_its=4, ls_evals=17
Assembling Hessian...
Setting operators...
Solving KSP...
KSP solved.
it=26, J=2.67255, dJ=7.26158e-02, ||g||=2.28653e+06, alpha=5.64662e-01, ksp_its=3, ls_evals=17
Assembling Hessian...
Setting operators...
Solving KSP...
KSP solved.
it=27, J=2.65956, dJ=1.29921e-02, ||g||=1.46311e+06, alpha=1.26380e+00, ksp_its=2, ls_evals=17
Assembling Hessian...
Setting operators...
Solving KSP...
KSP solved.
it=28, J=2.46958, dJ=1.89977e-01, ||g||=6.32895e+05, alpha=7.68573e-01, ksp_its=4, ls_evals=16
Assembling Hessian...
Setting operators...
Solving KSP...
KSP solved.
it=29, J=2.13368, dJ=3.35902e-01, ||g||=1.61462e+05, alpha=9.99660e-01, ksp_its=6, ls_evals=16
Assembling Hessian...
Setting operators...
Solving KSP...
KSP solved.
it=30, J=1.31797, dJ=8.15712e-01, ||g||=6.30008e+04, alpha=8.73722e-01, ksp_its=8, ls_evals=16
Assembling Hessian...
Setting operators...
Solving KSP...
KSP solved.
it=31, J=1.01108, dJ=3.06886e-01, ||g||=6.14153e+03, alpha=2.93236e-01, ksp_its=6, ls_evals=16
Assembling Hessian...
Setting operators...
Solving KSP...
KSP solved.
it=32, J=0.78126, dJ=2.29818e-01, ||g||=1.05110e+05, alpha=1.03584e+00, ksp_its=10, ls_evals=17
Assembling Hessian...
Setting operators...
Solving KSP...
KSP solved.
it=33, J=0.72997, dJ=5.12885e-02, ||g||=4.49551e+04, alpha=9.54532e-01, ksp_its=2, ls_evals=17
Assembling Hessian...
Setting operators...
Solving KSP...
KSP solved.
it=34, J=0.61372, dJ=1.16259e-01, ||g||=2.33169e+04, alpha=3.22854e-01, ksp_its=22, ls_evals=16
Assembling Hessian...
Setting operators...
Solving KSP...
KSP solved.
it=35, J=0.57384, dJ=3.98708e-02, ||g||=1.76758e+04, alpha=1.03357e+00, ksp_its=2, ls_evals=17
Assembling Hessian...
Setting operators...
Solving KSP...
KSP solved.
it=36, J=0.50418, dJ=6.96676e-02, ||g||=8.88840e+03, alpha=6.16768e-01, ksp_its=11, ls_evals=16
Assembling Hessian...
Setting operators...
Solving KSP...
KSP solved.
it=37, J=0.47124, dJ=3.29407e-02, ||g||=2.03254e+03, alpha=9.97018e-01, ksp_its=2, ls_evals=17
Assembling Hessian...
Setting operators...
Solving KSP...
KSP solved.
it=38, J=0.43029, dJ=4.09457e-02, ||g||=8.54856e+02, alpha=2.55968e-01, ksp_its=30, ls_evals=16
Assembling Hessian...
Setting operators...
Solving KSP...
KSP solved.
it=39, J=0.37693, dJ=5.33606e-02, ||g||=3.60585e+02, alpha=4.17145e-01, ksp_its=2, ls_evals=17
Assembling Hessian...
Setting operators...
Solving KSP...
KSP solved.
it=40, J=0.35916, dJ=1.77707e-02, ||g||=9.95533e+01, alpha=1.09639e+00, ksp_its=4, ls_evals=17
Assembling Hessian...
Setting operators...
Solving KSP...
KSP solved.
it=41, J=0.31582, dJ=4.33352e-02, ||g||=6.96440e+01, alpha=3.26944e-01, ksp_its=19, ls_evals=16
Assembling Hessian...
Setting operators...
Solving KSP...
KSP solved.
it=42, J=0.29989, dJ=1.59306e-02, ||g||=6.65984e+01, alpha=1.00042e+00, ksp_its=2, ls_evals=17
Assembling Hessian...
Setting operators...
Solving KSP...
KSP solved.
it=43, J=0.29506, dJ=4.83040e-03, ||g||=8.44221e+00, alpha=9.04282e-01, ksp_its=4, ls_evals=17
Assembling Hessian...
Setting operators...
Solving KSP...
KSP solved.
it=44, J=0.29043, dJ=4.63740e-03, ||g||=4.22350e+01, alpha=9.99983e-01, ksp_its=2, ls_evals=17
Assembling Hessian...
Setting operators...
Solving KSP...
KSP solved.
it=45, J=0.26218, dJ=2.82414e-02, ||g||=7.70889e+00, alpha=3.98761e-01, ksp_its=15, ls_evals=16
Assembling Hessian...
Setting operators...
Solving KSP...
KSP solved.
it=46, J=0.25337, dJ=8.81386e-03, ||g||=4.22201e+01, alpha=1.00112e+00, ksp_its=2, ls_evals=17
Assembling Hessian...
Setting operators...
Solving KSP...
KSP solved.
it=47, J=0.24013, dJ=1.32364e-02, ||g||=6.95184e+00, alpha=5.92164e-01, ksp_its=11, ls_evals=17
Assembling Hessian...
Setting operators...
Solving KSP...
KSP solved.
it=48, J=0.23320, dJ=6.93588e-03, ||g||=6.49907e+01, alpha=1.00068e+00, ksp_its=1, ls_evals=17
Assembling Hessian...
Setting operators...
Solving KSP...
KSP solved.
it=49, J=0.23203, dJ=1.17268e-03, ||g||=1.12269e+01, alpha=1.00731e+00, ksp_its=2, ls_evals=17
Assembling Hessian...
Setting operators...
Solving KSP...
KSP solved.
it=50, J=0.23133, dJ=6.99785e-04, ||g||=1.20065e+01, alpha=9.98583e-01, ksp_its=1, ls_evals=17
Assembling Hessian...
Setting operators...
Solving KSP...
KSP solved.
it=51, J=0.21519, dJ=1.61363e-02, ||g||=7.03927e+00, alpha=2.73082e-01, ksp_its=21, ls_evals=16
Assembling Hessian...
Setting operators...
Solving KSP...
KSP solved.
it=52, J=0.21025, dJ=4.93486e-03, ||g||=1.86102e+01, alpha=1.00112e+00, ksp_its=1, ls_evals=17
Assembling Hessian...
Setting operators...
Solving KSP...
KSP solved.
it=53, J=0.20826, dJ=1.99286e-03, ||g||=9.26875e+00, alpha=9.90819e-01, ksp_its=3, ls_evals=17
Assembling Hessian...
Setting operators...
Solving KSP...
KSP solved.
it=54, J=0.20713, dJ=1.12658e-03, ||g||=1.92693e+01, alpha=1.00042e+00, ksp_its=1, ls_evals=17
Assembling Hessian...
Setting operators...
Solving KSP...
KSP solved.
it=55, J=0.20499, dJ=2.14559e-03, ||g||=7.52851e+00, alpha=9.45368e-01, ksp_its=4, ls_evals=17
Assembling Hessian...
Setting operators...
Solving KSP...
KSP solved.
it=56, J=0.20374, dJ=1.25091e-03, ||g||=1.42355e+01, alpha=9.99983e-01, ksp_its=2, ls_evals=17
Assembling Hessian...
Setting operators...
Solving KSP...
KSP solved.
it=57, J=0.20316, dJ=5.73363e-04, ||g||=5.77699e+00, alpha=9.92920e-01, ksp_its=2, ls_evals=17
Assembling Hessian...
Setting operators...
Solving KSP...
KSP solved.
it=58, J=0.20280, dJ=3.64027e-04, ||g||=8.77241e+00, alpha=9.99983e-01, ksp_its=1, ls_evals=17
Assembling Hessian...
Setting operators...
Solving KSP...
KSP solved.
it=59, J=0.19158, dJ=1.12229e-02, ||g||=5.95091e+00, alpha=2.05665e-01, ksp_its=28, ls_evals=16
Assembling Hessian...
Setting operators...
Solving KSP...
KSP solved.
it=60, J=0.18830, dJ=3.28001e-03, ||g||=1.62950e+01, alpha=1.00112e+00, ksp_its=2, ls_evals=17
Assembling Hessian...
Setting operators...
Solving KSP...
KSP solved.
it=61, J=0.17950, dJ=8.79981e-03, ||g||=5.11846e+00, alpha=2.27598e-01, ksp_its=30, ls_evals=16
Assembling Hessian...
Setting operators...
Solving KSP...
KSP solved.
it=62, J=0.17693, dJ=2.56979e-03, ||g||=1.38425e+01, alpha=1.00068e+00, ksp_its=2, ls_evals=17
Assembling Hessian...
Setting operators...
Solving KSP...
KSP solved.
it=63, J=0.17012, dJ=6.80772e-03, ||g||=3.43256e+00, alpha=2.37334e-01, ksp_its=23, ls_evals=16
Assembling Hessian...
Setting operators...
Solving KSP...
KSP solved.
it=64, J=0.16820, dJ=1.92029e-03, ||g||=1.19457e+01, alpha=1.00068e+00, ksp_its=2, ls_evals=17
Assembling Hessian...
Setting operators...
Solving KSP...
KSP solved.
it=65, J=0.16349, dJ=4.71115e-03, ||g||=2.52157e+00, alpha=2.39775e-01, ksp_its=19, ls_evals=16
Assembling Hessian...
Setting operators...
Solving KSP...
KSP solved.
it=66, J=0.16215, dJ=1.33959e-03, ||g||=1.05215e+01, alpha=1.00068e+00, ksp_its=2, ls_evals=17
Assembling Hessian...
Setting operators...
Solving KSP...
KSP solved.
it=67, J=0.15887, dJ=3.27531e-03, ||g||=2.31598e+00, alpha=2.55399e-01, ksp_its=20, ls_evals=16
Assembling Hessian...
Setting operators...
Solving KSP...
KSP solved.
it=68, J=0.15797, dJ=9.09041e-04, ||g||=7.99481e+00, alpha=1.00042e+00, ksp_its=2, ls_evals=17
Assembling Hessian...
Setting operators...
Solving KSP...
KSP solved.
it=69, J=0.15576, dJ=2.20107e-03, ||g||=1.66217e+00, alpha=2.87562e-01, ksp_its=22, ls_evals=17
Assembling Hessian...
Setting operators...
Solving KSP...
KSP solved.
it=70, J=0.15518, dJ=5.87456e-04, ||g||=6.55767e+00, alpha=1.00042e+00, ksp_its=2, ls_evals=17
Assembling Hessian...
Setting operators...
Solving KSP...
KSP solved.
it=71, J=0.15382, dJ=1.35586e-03, ||g||=1.55856e+00, alpha=3.38804e-01, ksp_its=23, ls_evals=17
Assembling Hessian...
Setting operators...
Solving KSP...
KSP solved.
it=72, J=0.15347, dJ=3.49876e-04, ||g||=5.09492e+00, alpha=1.00042e+00, ksp_its=2, ls_evals=17
Assembling Hessian...
Setting operators...
Solving KSP...
KSP solved.
it=73, J=0.15271, dJ=7.63825e-04, ||g||=1.06905e+00, alpha=4.08681e-01, ksp_its=27, ls_evals=17
Assembling Hessian...
Setting operators...
Solving KSP...
KSP solved.
it=74, J=0.15253, dJ=1.79638e-04, ||g||=3.70239e+00, alpha=1.00042e+00, ksp_its=2, ls_evals=17
Assembling Hessian...
Setting operators...
Solving KSP...
KSP solved.
it=75, J=0.15219, dJ=3.40366e-04, ||g||=8.03771e-01, alpha=5.46601e-01, ksp_its=24, ls_evals=17
Assembling Hessian...
Setting operators...
Solving KSP...
KSP solved.
it=76, J=0.15212, dJ=7.06726e-05, ||g||=2.75452e+00, alpha=9.99983e-01, ksp_its=2, ls_evals=17
Assembling Hessian...
Setting operators...
Solving KSP...
KSP solved.
it=77, J=0.15209, dJ=2.60759e-05, ||g||=8.58527e-01, alpha=1.00365e+00, ksp_its=11, ls_evals=17
Assembling Hessian...
Setting operators...
Solving KSP...
KSP solved.
it=78, J=0.15208, dJ=1.29017e-05, ||g||=2.25315e+00, alpha=9.99983e-01, ksp_its=8, ls_evals=17
Assembling Hessian...
Setting operators...
Solving KSP...
KSP solved.
it=79, J=0.15201, dJ=6.42768e-05, ||g||=1.59124e+00, alpha=9.32373e-01, ksp_its=28, ls_evals=17
Assembling Hessian...
Setting operators...
Solving KSP...
KSP solved.
it=80, J=0.15200, dJ=1.19163e-05, ||g||=3.07583e+00, alpha=9.99983e-01, ksp_its=5, ls_evals=17
Step 1 finished: Energy = 0.152001, Iters = 80
--- Step 2/24, Angle: 2.0944 ---
Assembling Hessian...
Setting operators...
Solving KSP...
KSP solved.
it=1, J=30.99075, dJ=7.43245e+01, ||g||=3.06672e+03, alpha=9.99660e-01, ksp_its=4, ls_evals=16
Assembling Hessian...
Setting operators...
Solving KSP...
KSP solved.
it=2, J=10.13590, dJ=2.08548e+01, ||g||=2.59958e+03, alpha=9.41538e-01, ksp_its=3, ls_evals=17
Assembling Hessian...
Setting operators...
Solving KSP...
KSP solved.
it=3, J=6.55340, dJ=3.58250e+00, ||g||=1.63427e+03, alpha=6.43170e-01, ksp_its=4, ls_evals=16
Assembling Hessian...
Setting operators...
Solving KSP...
KSP solved.
it=4, J=4.36537, dJ=2.18803e+00, ||g||=1.91672e+03, alpha=9.99660e-01, ksp_its=26, ls_evals=16
Assembling Hessian...
Setting operators...
Solving KSP...
KSP solved.
it=5, J=3.50136, dJ=8.64011e-01, ||g||=6.03419e+02, alpha=4.32489e-01, ksp_its=16, ls_evals=33
Assembling Hessian...
Setting operators...
Solving KSP...
KSP solved.
it=6, J=3.27025, dJ=2.31106e-01, ||g||=6.71511e+03, alpha=9.44235e-01, ksp_its=3, ls_evals=17
Assembling Hessian...
Setting operators...
Solving KSP...
KSP solved.
it=7, J=2.56250, dJ=7.07756e-01, ||g||=3.50993e+03, alpha=9.99660e-01, ksp_its=30, ls_evals=16
Assembling Hessian...
Setting operators...
Solving KSP...
KSP solved.
it=8, J=2.15844, dJ=4.04056e-01, ||g||=3.77811e+02, alpha=7.34269e-01, ksp_its=13, ls_evals=16
Assembling Hessian...
Setting operators...
Solving KSP...
KSP solved.
it=9, J=1.79211, dJ=3.66329e-01, ||g||=1.54423e+03, alpha=7.81884e-01, ksp_its=20, ls_evals=16
Assembling Hessian...
Setting operators...
Solving KSP...
KSP solved.
it=10, J=1.74835, dJ=4.37674e-02, ||g||=9.11695e+02, alpha=3.55829e-01, ksp_its=3, ls_evals=101
Assembling Hessian...
Setting operators...
Solving KSP...
KSP solved.
it=11, J=1.68000, dJ=6.83463e-02, ||g||=2.33295e+03, alpha=1.00435e+00, ksp_its=2, ls_evals=16
Assembling Hessian...
Setting operators...
Solving KSP...
KSP solved.
it=12, J=1.64908, dJ=3.09155e-02, ||g||=1.20063e+03, alpha=9.99660e-01, ksp_its=30, ls_evals=16
Assembling Hessian...
Setting operators...
Solving KSP...
KSP solved.
it=13, J=1.60338, dJ=4.57020e-02, ||g||=1.14185e+03, alpha=9.99660e-01, ksp_its=30, ls_evals=16
Assembling Hessian...
Setting operators...
Solving KSP...
KSP solved.
it=14, J=1.53771, dJ=6.56772e-02, ||g||=1.05290e+03, alpha=9.99660e-01, ksp_its=30, ls_evals=16
Assembling Hessian...
Setting operators...
Solving KSP...
KSP solved.
it=15, J=1.45420, dJ=8.35104e-02, ||g||=9.16393e+02, alpha=9.99660e-01, ksp_its=30, ls_evals=16
Assembling Hessian...
Setting operators...
Solving KSP...
KSP solved.
it=16, J=1.35248, dJ=1.01715e-01, ||g||=7.32329e+02, alpha=9.99660e-01, ksp_its=27, ls_evals=16
Assembling Hessian...
Setting operators...
Solving KSP...
KSP solved.
it=17, J=1.33425, dJ=1.82282e-02, ||g||=5.02690e+02, alpha=1.30305e+00, ksp_its=2, ls_evals=17
Assembling Hessian...
Setting operators...
Solving KSP...
KSP solved.
it=18, J=1.21210, dJ=1.22156e-01, ||g||=2.38220e+02, alpha=9.99660e-01, ksp_its=30, ls_evals=16
Assembling Hessian...
Setting operators...
Solving KSP...
KSP solved.
it=19, J=1.17801, dJ=3.40911e-02, ||g||=1.40170e+02, alpha=5.55065e-01, ksp_its=3, ls_evals=17
Assembling Hessian...
Setting operators...
Solving KSP...
KSP solved.
it=20, J=1.11763, dJ=6.03769e-02, ||g||=6.54091e+01, alpha=9.99660e-01, ksp_its=30, ls_evals=16
Assembling Hessian...
Setting operators...
Solving KSP...
KSP solved.
it=21, J=1.10680, dJ=1.08288e-02, ||g||=5.27496e+01, alpha=9.96750e-01, ksp_its=7, ls_evals=17
Assembling Hessian...
Setting operators...
Solving KSP...
KSP solved.
it=22, J=1.02421, dJ=8.25896e-02, ||g||=1.86911e+01, alpha=7.18054e-01, ksp_its=30, ls_evals=16
Assembling Hessian...
Setting operators...
Solving KSP...
KSP solved.
it=23, J=1.00187, dJ=2.23361e-02, ||g||=4.50188e+01, alpha=1.00225e+00, ksp_its=1, ls_evals=17
Assembling Hessian...
Setting operators...
Solving KSP...
KSP solved.
it=24, J=0.93960, dJ=6.22736e-02, ||g||=1.34224e+01, alpha=8.92356e-01, ksp_its=18, ls_evals=16
Assembling Hessian...
Setting operators...
Solving KSP...
KSP solved.
it=25, J=0.92180, dJ=1.78025e-02, ||g||=3.77172e+01, alpha=1.00182e+00, ksp_its=1, ls_evals=17
Assembling Hessian...
Setting operators...
Solving KSP...
KSP solved.
it=26, J=0.88184, dJ=3.99602e-02, ||g||=1.08437e+01, alpha=8.24938e-01, ksp_its=9, ls_evals=16
Assembling Hessian...
Setting operators...
Solving KSP...
KSP solved.
it=27, J=0.86610, dJ=1.57366e-02, ||g||=6.40887e+01, alpha=1.00775e+00, ksp_its=5, ls_evals=17
Assembling Hessian...
Setting operators...
Solving KSP...
KSP solved.
it=28, J=0.82797, dJ=3.81270e-02, ||g||=5.46947e+01, alpha=9.30463e-01, ksp_its=23, ls_evals=16
Assembling Hessian...
Setting operators...
Solving KSP...
KSP solved.
it=29, J=0.81332, dJ=1.46545e-02, ||g||=5.09780e+01, alpha=1.00112e+00, ksp_its=2, ls_evals=17
Assembling Hessian...
Setting operators...
Solving KSP...
KSP solved.
it=30, J=0.78222, dJ=3.10982e-02, ||g||=4.60078e+00, alpha=4.05458e-01, ksp_its=30, ls_evals=16
Assembling Hessian...
Setting operators...
Solving KSP...
KSP solved.
it=31, J=0.77272, dJ=9.49635e-03, ||g||=2.63734e+01, alpha=1.00112e+00, ksp_its=2, ls_evals=17
Assembling Hessian...
Setting operators...
Solving KSP...
KSP solved.
it=32, J=0.74695, dJ=2.57741e-02, ||g||=5.11593e+00, alpha=3.93262e-01, ksp_its=30, ls_evals=16
Assembling Hessian...
Setting operators...
Solving KSP...
KSP solved.
it=33, J=0.73912, dJ=7.82929e-03, ||g||=2.38962e+01, alpha=1.00112e+00, ksp_its=2, ls_evals=17
Assembling Hessian...
Setting operators...
Solving KSP...
KSP solved.
it=34, J=0.71781, dJ=2.13104e-02, ||g||=4.71377e+00, alpha=3.66831e-01, ksp_its=30, ls_evals=16
Assembling Hessian...
Setting operators...
Solving KSP...
KSP solved.
it=35, J=0.71133, dJ=6.48247e-03, ||g||=2.16674e+01, alpha=1.00068e+00, ksp_its=2, ls_evals=17
Assembling Hessian...
Setting operators...
Solving KSP...
KSP solved.
it=36, J=0.69376, dJ=1.75689e-02, ||g||=4.23535e+00, alpha=3.30923e-01, ksp_its=30, ls_evals=16
Assembling Hessian...
Setting operators...
Solving KSP...
KSP solved.
it=37, J=0.68843, dJ=5.32849e-03, ||g||=1.95909e+01, alpha=1.00068e+00, ksp_its=2, ls_evals=17
Assembling Hessian...
Setting operators...
Solving KSP...
KSP solved.
it=38, J=0.67398, dJ=1.44530e-02, ||g||=3.68584e+00, alpha=3.00093e-01, ksp_its=30, ls_evals=16
Assembling Hessian...
Setting operators...
Solving KSP...
KSP solved.
it=39, J=0.66961, dJ=4.36845e-03, ||g||=1.77199e+01, alpha=1.00068e+00, ksp_its=2, ls_evals=17
Assembling Hessian...
Setting operators...
Solving KSP...
KSP solved.
it=40, J=0.65780, dJ=1.18083e-02, ||g||=3.16438e+00, alpha=2.74182e-01, ksp_its=30, ls_evals=16
Assembling Hessian...
Setting operators...
Solving KSP...
KSP solved.
it=41, J=0.65427, dJ=3.53560e-03, ||g||=1.59586e+01, alpha=1.00068e+00, ksp_its=2, ls_evals=17
Assembling Hessian...
Setting operators...
Solving KSP...
KSP solved.
it=42, J=0.64473, dJ=9.53908e-03, ||g||=2.71649e+00, alpha=2.50890e-01, ksp_its=30, ls_evals=16
Assembling Hessian...
Setting operators...
Solving KSP...
KSP solved.
it=43, J=0.64189, dJ=2.83452e-03, ||g||=1.43018e+01, alpha=1.00042e+00, ksp_its=2, ls_evals=17
Assembling Hessian...
Setting operators...
Solving KSP...
KSP solved.
it=44, J=0.63431, dJ=7.58498e-03, ||g||=2.34381e+00, alpha=2.29377e-01, ksp_its=30, ls_evals=16
Assembling Hessian...
Setting operators...
Solving KSP...
KSP solved.
it=45, J=0.63207, dJ=2.23802e-03, ||g||=1.27097e+01, alpha=1.00042e+00, ksp_its=2, ls_evals=17
Assembling Hessian...
Setting operators...
Solving KSP...
KSP solved.
it=46, J=0.62616, dJ=5.90915e-03, ||g||=2.03349e+00, alpha=2.08964e-01, ksp_its=30, ls_evals=16
Assembling Hessian...
Setting operators...
Solving KSP...
KSP solved.
it=47, J=0.62444, dJ=1.71602e-03, ||g||=1.11347e+01, alpha=1.00042e+00, ksp_its=2, ls_evals=17
Assembling Hessian...
Setting operators...
Solving KSP...
KSP solved.
it=48, J=0.61996, dJ=4.48201e-03, ||g||=1.77089e+00, alpha=1.99094e-01, ksp_its=30, ls_evals=16
Assembling Hessian...
Setting operators...
Solving KSP...
KSP solved.
it=49, J=0.61868, dJ=1.28494e-03, ||g||=9.64552e+00, alpha=1.00042e+00, ksp_its=2, ls_evals=17
Assembling Hessian...
Setting operators...
Solving KSP...
KSP solved.
it=50, J=0.61540, dJ=3.27854e-03, ||g||=1.55565e+00, alpha=2.24037e-01, ksp_its=30, ls_evals=16
Assembling Hessian...
Setting operators...
Solving KSP...
KSP solved.
it=51, J=0.61448, dJ=9.17608e-04, ||g||=8.14193e+00, alpha=1.00042e+00, ksp_its=2, ls_evals=17
Assembling Hessian...
Setting operators...
Solving KSP...
KSP solved.
it=52, J=0.61220, dJ=2.28457e-03, ||g||=1.34764e+00, alpha=2.57595e-01, ksp_its=30, ls_evals=16
Assembling Hessian...
Setting operators...
Solving KSP...
KSP solved.
it=53, J=0.61157, dJ=6.22017e-04, ||g||=6.70336e+00, alpha=1.00042e+00, ksp_its=2, ls_evals=17
Assembling Hessian...
Setting operators...
Solving KSP...
KSP solved.
it=54, J=0.61009, dJ=1.48471e-03, ||g||=1.16426e+00, alpha=3.02950e-01, ksp_its=30, ls_evals=17
Assembling Hessian...
Setting operators...
Solving KSP...
KSP solved.
it=55, J=0.60971, dJ=3.83867e-04, ||g||=5.27213e+00, alpha=9.99983e-01, ksp_its=2, ls_evals=17
Assembling Hessian...
Setting operators...
Solving KSP...
KSP solved.
it=56, J=0.60883, dJ=8.71904e-04, ||g||=9.80357e-01, alpha=3.69593e-01, ksp_its=30, ls_evals=17
Assembling Hessian...
Setting operators...
Solving KSP...
KSP solved.
it=57, J=0.60862, dJ=2.09956e-04, ||g||=3.89107e+00, alpha=9.99983e-01, ksp_its=2, ls_evals=17
Assembling Hessian...
Setting operators...
Solving KSP...
KSP solved.
it=58, J=0.60820, dJ=4.23846e-04, ||g||=8.27178e-01, alpha=4.78990e-01, ksp_its=30, ls_evals=17
Assembling Hessian...
Setting operators...
Solving KSP...
KSP solved.
it=59, J=0.60811, dJ=9.27402e-05, ||g||=2.96817e+00, alpha=9.99983e-01, ksp_its=3, ls_evals=17
Step 2 finished: Energy = 0.608107, Iters = 59
--- Step 3/24, Angle: 3.1416 ---
Assembling Hessian...
Setting operators...
Solving KSP...
KSP solved.
it=1, J=28.59807, dJ=7.74371e+01, ||g||=3.05239e+03, alpha=9.99660e-01, ksp_its=2, ls_evals=16
Assembling Hessian...
Setting operators...
Solving KSP...
KSP solved.
it=2, J=9.81633, dJ=1.87817e+01, ||g||=1.88076e+03, alpha=1.03301e+00, ksp_its=2, ls_evals=17
Assembling Hessian...
Setting operators...
Solving KSP...
KSP solved.
it=3, J=6.59505, dJ=3.22128e+00, ||g||=1.05366e+03, alpha=6.29804e-01, ksp_its=14, ls_evals=16
Assembling Hessian...
Setting operators...
Solving KSP...
KSP solved.
it=4, J=4.98602, dJ=1.60903e+00, ||g||=1.08166e+04, alpha=7.28407e-01, ksp_its=5, ls_evals=17
Assembling Hessian...
Setting operators...
Solving KSP...
KSP solved.
it=5, J=3.89284, dJ=1.09318e+00, ||g||=4.71885e+03, alpha=5.12503e-01, ksp_its=28, ls_evals=16
Assembling Hessian...
Setting operators...
Solving KSP...
KSP solved.
it=6, J=3.35728, dJ=5.35561e-01, ||g||=2.30133e+03, alpha=8.96085e-01, ksp_its=4, ls_evals=17
Assembling Hessian...
Setting operators...
Solving KSP...
KSP solved.
it=7, J=3.09026, dJ=2.67017e-01, ||g||=3.39360e+02, alpha=5.18940e-01, ksp_its=30, ls_evals=16
Assembling Hessian...
Setting operators...
Solving KSP...
KSP solved.
it=8, J=3.04092, dJ=4.93423e-02, ||g||=3.93592e+02, alpha=1.19193e-01, ksp_its=19, ls_evals=32
Assembling Hessian...
Setting operators...
Solving KSP...
KSP solved.
it=9, J=2.66710, dJ=3.73823e-01, ||g||=3.14608e+02, alpha=9.99660e-01, ksp_its=21, ls_evals=16
Assembling Hessian...
Setting operators...
Solving KSP...
KSP solved.
it=10, J=2.37019, dJ=2.96906e-01, ||g||=1.79144e+02, alpha=1.18854e+00, ksp_its=7, ls_evals=17
Assembling Hessian...
Setting operators...
Solving KSP...
KSP solved.
it=11, J=2.18103, dJ=1.89161e-01, ||g||=1.33651e+02, alpha=8.77021e-01, ksp_its=15, ls_evals=16
Assembling Hessian...
Setting operators...
Solving KSP...
KSP solved.
it=12, J=2.11930, dJ=6.17336e-02, ||g||=9.90732e+01, alpha=1.00931e+00, ksp_its=2, ls_evals=17
Assembling Hessian...
Setting operators...
Solving KSP...
KSP solved.
it=13, J=1.99740, dJ=1.21898e-01, ||g||=1.20912e+01, alpha=8.47811e-01, ksp_its=30, ls_evals=16
Assembling Hessian...
Setting operators...
Solving KSP...
KSP solved.
it=14, J=1.95989, dJ=3.75066e-02, ||g||=5.25018e+01, alpha=1.01115e+00, ksp_its=3, ls_evals=17
Assembling Hessian...
Setting operators...
Solving KSP...
KSP solved.
it=15, J=1.87085, dJ=8.90442e-02, ||g||=1.16663e+01, alpha=5.85678e-01, ksp_its=30, ls_evals=16
Assembling Hessian...
Setting operators...
Solving KSP...
KSP solved.
it=16, J=1.84490, dJ=2.59502e-02, ||g||=4.45587e+01, alpha=1.00818e+00, ksp_its=3, ls_evals=17
Assembling Hessian...
Setting operators...
Solving KSP...
KSP solved.
it=17, J=1.77851, dJ=6.63848e-02, ||g||=8.57766e+00, alpha=4.08077e-01, ksp_its=30, ls_evals=16
Assembling Hessian...
Setting operators...
Solving KSP...
KSP solved.
it=18, J=1.75932, dJ=1.91931e-02, ||g||=3.74800e+01, alpha=1.00591e+00, ksp_its=3, ls_evals=17
Assembling Hessian...
Setting operators...
Solving KSP...
KSP solved.
it=19, J=1.70761, dJ=5.17069e-02, ||g||=6.23194e+00, alpha=4.80153e-01, ksp_its=30, ls_evals=16
Assembling Hessian...
Setting operators...
Solving KSP...
KSP solved.
it=20, J=1.69302, dJ=1.45880e-02, ||g||=3.39892e+01, alpha=1.00295e+00, ksp_its=2, ls_evals=17
Assembling Hessian...
Setting operators...
Solving KSP...
KSP solved.
it=21, J=1.65115, dJ=4.18745e-02, ||g||=1.18516e+01, alpha=6.61993e-01, ksp_its=30, ls_evals=16
Assembling Hessian...
Setting operators...
Solving KSP...
KSP solved.
it=22, J=1.63878, dJ=1.23724e-02, ||g||=3.13959e+01, alpha=1.00225e+00, ksp_its=2, ls_evals=17
Assembling Hessian...
Setting operators...
Solving KSP...
KSP solved.
it=23, J=1.60341, dJ=3.53710e-02, ||g||=1.48415e+01, alpha=7.77514e-01, ksp_its=30, ls_evals=16
Assembling Hessian...
Setting operators...
Solving KSP...
KSP solved.
it=24, J=1.59272, dJ=1.06810e-02, ||g||=2.80932e+01, alpha=1.00182e+00, ksp_its=2, ls_evals=17
Assembling Hessian...
Setting operators...
Solving KSP...
KSP solved.
it=25, J=1.56279, dJ=2.99375e-02, ||g||=1.38175e+01, alpha=7.83272e-01, ksp_its=30, ls_evals=16
Assembling Hessian...
Setting operators...
Solving KSP...
KSP solved.
it=26, J=1.55368, dJ=9.10229e-03, ||g||=2.50785e+01, alpha=1.00155e+00, ksp_its=2, ls_evals=17
Assembling Hessian...
Setting operators...
Solving KSP...
KSP solved.
it=27, J=1.52817, dJ=2.55101e-02, ||g||=1.18155e+01, alpha=7.46425e-01, ksp_its=30, ls_evals=16
Assembling Hessian...
Setting operators...
Solving KSP...
KSP solved.
it=28, J=1.52038, dJ=7.79104e-03, ||g||=2.28621e+01, alpha=1.00112e+00, ksp_its=2, ls_evals=17
Assembling Hessian...
Setting operators...
Solving KSP...
KSP solved.
it=29, J=1.49859, dJ=2.17884e-02, ||g||=1.03879e+01, alpha=6.81046e-01, ksp_its=30, ls_evals=16
Assembling Hessian...
Setting operators...
Solving KSP...
KSP solved.
it=30, J=1.49191, dJ=6.68247e-03, ||g||=2.11276e+01, alpha=1.00112e+00, ksp_its=2, ls_evals=17
Assembling Hessian...
Setting operators...
Solving KSP...
KSP solved.
it=31, J=1.47333, dJ=1.85814e-02, ||g||=9.03133e+00, alpha=5.93216e-01, ksp_its=30, ls_evals=16
Assembling Hessian...
Setting operators...
Solving KSP...
KSP solved.
it=32, J=1.46762, dJ=5.70948e-03, ||g||=1.95012e+01, alpha=1.00068e+00, ksp_its=2, ls_evals=17
Assembling Hessian...
Setting operators...
Solving KSP...
KSP solved.
it=33, J=1.45186, dJ=1.57579e-02, ||g||=7.75395e+00, alpha=4.99887e-01, ksp_its=30, ls_evals=16
Assembling Hessian...
Setting operators...
Solving KSP...
KSP solved.
it=34, J=1.44702, dJ=4.83855e-03, ||g||=1.79131e+01, alpha=1.00068e+00, ksp_its=2, ls_evals=17
Assembling Hessian...
Setting operators...
Solving KSP...
KSP solved.
it=35, J=1.43375, dJ=1.32733e-02, ||g||=6.72354e+00, alpha=4.20273e-01, ksp_its=30, ls_evals=16
Assembling Hessian...
Setting operators...
Solving KSP...
KSP solved.
it=36, J=1.42969, dJ=4.05751e-03, ||g||=1.64473e+01, alpha=1.00068e+00, ksp_its=2, ls_evals=17
Assembling Hessian...
Setting operators...
Solving KSP...
KSP solved.
it=37, J=1.41861, dJ=1.10856e-02, ||g||=5.81817e+00, alpha=3.59294e-01, ksp_its=30, ls_evals=16
Assembling Hessian...
Setting operators...
Solving KSP...
KSP solved.
it=38, J=1.41519, dJ=3.41999e-03, ||g||=1.50742e+01, alpha=1.00068e+00, ksp_its=3, ls_evals=17
Assembling Hessian...
Setting operators...
Solving KSP...
KSP solved.
it=39, J=1.40604, dJ=9.14575e-03, ||g||=2.14666e+00, alpha=3.11869e-01, ksp_its=30, ls_evals=16
Assembling Hessian...
Setting operators...
Solving KSP...
KSP solved.
it=40, J=1.40330, dJ=2.74501e-03, ||g||=1.47687e+01, alpha=1.00042e+00, ksp_its=2, ls_evals=17
Assembling Hessian...
Setting operators...
Solving KSP...
KSP solved.
it=41, J=1.39588, dJ=7.42069e-03, ||g||=3.28775e+00, alpha=2.78840e-01, ksp_its=30, ls_evals=16
Assembling Hessian...
Setting operators...
Solving KSP...
KSP solved.
it=42, J=1.39363, dJ=2.25063e-03, ||g||=1.32237e+01, alpha=1.00042e+00, ksp_its=3, ls_evals=17
Assembling Hessian...
Setting operators...
Solving KSP...
KSP solved.
it=43, J=1.38771, dJ=5.92066e-03, ||g||=1.83801e+00, alpha=2.44872e-01, ksp_its=30, ls_evals=16
Assembling Hessian...
Setting operators...
Solving KSP...
KSP solved.
it=44, J=1.38596, dJ=1.74927e-03, ||g||=1.16734e+01, alpha=1.00042e+00, ksp_its=2, ls_evals=17
Assembling Hessian...
Setting operators...
Solving KSP...
KSP solved.
it=45, J=1.38135, dJ=4.60445e-03, ||g||=2.35601e+00, alpha=2.28277e-01, ksp_its=30, ls_evals=16
Assembling Hessian...
Setting operators...
Solving KSP...
KSP solved.
it=46, J=1.38000, dJ=1.35367e-03, ||g||=1.01977e+01, alpha=1.00042e+00, ksp_its=3, ls_evals=17
Assembling Hessian...
Setting operators...
Solving KSP...
KSP solved.
it=47, J=1.37655, dJ=3.44857e-03, ||g||=1.44177e+00, alpha=2.01711e-01, ksp_its=30, ls_evals=16
Assembling Hessian...
Setting operators...
Solving KSP...
KSP solved.
it=48, J=1.37557, dJ=9.83428e-04, ||g||=8.84373e+00, alpha=1.00042e+00, ksp_its=2, ls_evals=17
Assembling Hessian...
Setting operators...
Solving KSP...
KSP solved.
it=49, J=1.37306, dJ=2.50250e-03, ||g||=1.82299e+00, alpha=2.41415e-01, ksp_its=30, ls_evals=16
Assembling Hessian...
Setting operators...
Solving KSP...
KSP solved.
it=50, J=1.37236, dJ=6.99300e-04, ||g||=7.36619e+00, alpha=1.00042e+00, ksp_its=3, ls_evals=17
Assembling Hessian...
Setting operators...
Solving KSP...
KSP solved.
it=51, J=1.37069, dJ=1.67261e-03, ||g||=1.45071e+00, alpha=2.78786e-01, ksp_its=30, ls_evals=17
Assembling Hessian...
Setting operators...
Solving KSP...
KSP solved.
it=52, J=1.37025, dJ=4.45439e-04, ||g||=6.16935e+00, alpha=1.00042e+00, ksp_its=2, ls_evals=17
Assembling Hessian...
Setting operators...
Solving KSP...
KSP solved.
it=53, J=1.36921, dJ=1.03543e-03, ||g||=1.27409e+00, alpha=3.97275e-01, ksp_its=30, ls_evals=17
Assembling Hessian...
Setting operators...
Solving KSP...
KSP solved.
it=54, J=1.36894, dJ=2.70214e-04, ||g||=4.84166e+00, alpha=1.00252e+00, ksp_its=6, ls_evals=17
Assembling Hessian...
Setting operators...
Solving KSP...
KSP solved.
it=55, J=1.36863, dJ=3.12383e-04, ||g||=3.09172e+00, alpha=9.32805e-01, ksp_its=30, ls_evals=17
Assembling Hessian...
Setting operators...
Solving KSP...
KSP solved.
it=56, J=1.36850, dJ=1.30766e-04, ||g||=4.06505e+00, alpha=1.00775e+00, ksp_its=13, ls_evals=17
Assembling Hessian...
Setting operators...
Solving KSP...
KSP solved.
it=57, J=1.36844, dJ=5.47090e-05, ||g||=2.12655e+00, alpha=9.95618e-01, ksp_its=13, ls_evals=17
Assembling Hessian...
Setting operators...
Solving KSP...
KSP solved.
it=58, J=1.36843, dJ=1.74184e-05, ||g||=1.58239e+00, alpha=1.00042e+00, ksp_its=7, ls_evals=17
Step 3 finished: Energy = 1.368426, Iters = 58
--- Step 4/24, Angle: 4.1888 ---
Assembling Hessian...
Setting operators...
Solving KSP...
KSP solved.
it=1, J=22.29770, dJ=8.47530e+01, ||g||=3.04081e+03, alpha=9.99660e-01, ksp_its=1, ls_evals=16
Assembling Hessian...
Setting operators...
Solving KSP...
KSP solved.
it=2, J=9.03185, dJ=1.32659e+01, ||g||=1.48558e+03, alpha=7.03282e-01, ksp_its=3, ls_evals=17
Assembling Hessian...
Setting operators...
Solving KSP...
KSP solved.
it=3, J=5.57089, dJ=3.46096e+00, ||g||=7.46235e+03, alpha=1.10275e+00, ksp_its=3, ls_evals=17
Assembling Hessian...
Setting operators...
Solving KSP...
KSP solved.
it=4, J=4.38538, dJ=1.18551e+00, ||g||=6.74512e+02, alpha=5.11924e-01, ksp_its=12, ls_evals=16
Assembling Hessian...
Setting operators...
Solving KSP...
KSP solved.
it=5, J=3.77892, dJ=6.06460e-01, ||g||=3.19977e+02, alpha=6.44835e-01, ksp_its=4, ls_evals=17
Assembling Hessian...
Setting operators...
Solving KSP...
KSP solved.
it=6, J=3.71511, dJ=6.38082e-02, ||g||=3.40659e+02, alpha=1.15635e-01, ksp_its=10, ls_evals=32
Assembling Hessian...
Setting operators...
Solving KSP...
KSP solved.
it=7, J=3.30107, dJ=4.14044e-01, ||g||=2.39059e+02, alpha=1.04151e+00, ksp_its=7, ls_evals=17
Assembling Hessian...
Setting operators...
Solving KSP...
KSP solved.
it=8, J=3.10886, dJ=1.92210e-01, ||g||=1.51219e+02, alpha=1.43007e+00, ksp_its=6, ls_evals=17
Assembling Hessian...
Setting operators...
Solving KSP...
KSP solved.
it=9, J=3.00042, dJ=1.08443e-01, ||g||=1.69450e+02, alpha=9.99660e-01, ksp_its=18, ls_evals=16
Assembling Hessian...
Setting operators...
Solving KSP...
KSP solved.
it=10, J=2.90795, dJ=9.24711e-02, ||g||=9.75465e+01, alpha=1.17769e+00, ksp_its=8, ls_evals=17
Assembling Hessian...
Setting operators...
Solving KSP...
KSP solved.
it=11, J=2.84461, dJ=6.33376e-02, ||g||=5.93119e+01, alpha=1.70915e+00, ksp_its=6, ls_evals=17
Assembling Hessian...
Setting operators...
Solving KSP...
KSP solved.
it=12, J=2.79748, dJ=4.71302e-02, ||g||=9.33043e+01, alpha=4.06978e-01, ksp_its=11, ls_evals=16
Assembling Hessian...
Setting operators...
Solving KSP...
KSP solved.
it=13, J=2.74489, dJ=5.25837e-02, ||g||=5.23677e+01, alpha=1.29425e+00, ksp_its=9, ls_evals=16
Assembling Hessian...
Setting operators...
Solving KSP...
KSP solved.
it=14, J=2.72638, dJ=1.85117e-02, ||g||=4.44412e+01, alpha=7.66527e-01, ksp_its=6, ls_evals=17
Assembling Hessian...
Setting operators...
Solving KSP...
KSP solved.
it=15, J=2.69388, dJ=3.25020e-02, ||g||=2.08688e+01, alpha=5.79240e-01, ksp_its=19, ls_evals=16
Assembling Hessian...
Setting operators...
Solving KSP...
KSP solved.
it=16, J=2.68260, dJ=1.12854e-02, ||g||=3.41945e+01, alpha=1.00845e+00, ksp_its=3, ls_evals=17
Assembling Hessian...
Setting operators...
Solving KSP...
KSP solved.
it=17, J=2.65663, dJ=2.59623e-02, ||g||=5.69754e+00, alpha=3.47777e-01, ksp_its=30, ls_evals=16
Assembling Hessian...
Setting operators...
Solving KSP...
KSP solved.
it=18, J=2.64917, dJ=7.46656e-03, ||g||=2.37713e+01, alpha=1.00408e+00, ksp_its=2, ls_evals=17
Assembling Hessian...
Setting operators...
Solving KSP...
KSP solved.
it=19, J=2.62628, dJ=2.28904e-02, ||g||=8.53857e+00, alpha=2.90777e-01, ksp_its=30, ls_evals=16
Assembling Hessian...
Setting operators...
Solving KSP...
KSP solved.
it=20, J=2.61935, dJ=6.92852e-03, ||g||=2.38875e+01, alpha=1.00295e+00, ksp_its=2, ls_evals=17
Assembling Hessian...
Setting operators...
Solving KSP...
KSP solved.
it=21, J=2.59861, dJ=2.07412e-02, ||g||=8.46983e+00, alpha=3.89444e-01, ksp_its=30, ls_evals=16
Assembling Hessian...
Setting operators...
Solving KSP...
KSP solved.
it=22, J=2.59233, dJ=6.27971e-03, ||g||=2.16404e+01, alpha=1.00225e+00, ksp_its=2, ls_evals=17
Assembling Hessian...
Setting operators...
Solving KSP...
KSP solved.
it=23, J=2.57343, dJ=1.88937e-02, ||g||=7.92772e+00, alpha=5.12762e-01, ksp_its=30, ls_evals=16
Assembling Hessian...
Setting operators...
Solving KSP...
KSP solved.
it=24, J=2.56768, dJ=5.75510e-03, ||g||=2.04319e+01, alpha=1.00182e+00, ksp_its=2, ls_evals=17
Assembling Hessian...
Setting operators...
Solving KSP...
KSP solved.
it=25, J=2.55036, dJ=1.73229e-02, ||g||=7.63232e+00, alpha=5.93216e-01, ksp_its=30, ls_evals=16
Assembling Hessian...
Setting operators...
Solving KSP...
KSP solved.
it=26, J=2.54503, dJ=5.32099e-03, ||g||=1.95267e+01, alpha=1.00155e+00, ksp_its=2, ls_evals=17
Assembling Hessian...
Setting operators...
Solving KSP...
KSP solved.
it=27, J=2.52935, dJ=1.56847e-02, ||g||=7.29628e+00, alpha=5.91436e-01, ksp_its=30, ls_evals=16
Assembling Hessian...
Setting operators...
Solving KSP...
KSP solved.
it=28, J=2.52451, dJ=4.83808e-03, ||g||=1.85337e+01, alpha=1.00112e+00, ksp_its=2, ls_evals=17
Assembling Hessian...
Setting operators...
Solving KSP...
KSP solved.
it=29, J=2.51058, dJ=1.39271e-02, ||g||=6.74985e+00, alpha=5.23179e-01, ksp_its=30, ls_evals=16
Assembling Hessian...
Setting operators...
Solving KSP...
KSP solved.
it=30, J=2.50629, dJ=4.29293e-03, ||g||=1.73507e+01, alpha=1.00112e+00, ksp_its=2, ls_evals=17
Assembling Hessian...
Setting operators...
Solving KSP...
KSP solved.
it=31, J=2.49417, dJ=1.21170e-02, ||g||=6.11621e+00, alpha=4.30690e-01, ksp_its=30, ls_evals=16
Assembling Hessian...
Setting operators...
Solving KSP...
KSP solved.
it=32, J=2.49038, dJ=3.79149e-03, ||g||=1.60608e+01, alpha=1.00112e+00, ksp_its=3, ls_evals=17
Assembling Hessian...
Setting operators...
Solving KSP...
KSP solved.
it=33, J=2.48001, dJ=1.03705e-02, ||g||=1.91975e+00, alpha=3.48198e-01, ksp_its=30, ls_evals=16
Assembling Hessian...
Setting operators...
Solving KSP...
KSP solved.
it=34, J=2.47684, dJ=3.17682e-03, ||g||=1.56232e+01, alpha=1.00068e+00, ksp_its=3, ls_evals=17
Assembling Hessian...
Setting operators...
Solving KSP...
KSP solved.
it=35, J=2.46817, dJ=8.66613e-03, ||g||=1.66072e+00, alpha=2.87057e-01, ksp_its=30, ls_evals=16
Assembling Hessian...
Setting operators...
Solving KSP...
KSP solved.
it=36, J=2.46554, dJ=2.62845e-03, ||g||=1.38844e+01, alpha=1.00068e+00, ksp_its=3, ls_evals=17
Assembling Hessian...
Setting operators...
Solving KSP...
KSP solved.
it=37, J=2.45844, dJ=7.10608e-03, ||g||=1.53125e+00, alpha=2.44032e-01, ksp_its=30, ls_evals=16
Assembling Hessian...
Setting operators...
Solving KSP...
KSP solved.
it=38, J=2.45631, dJ=2.12871e-03, ||g||=1.25204e+01, alpha=1.00068e+00, ksp_its=3, ls_evals=17
Assembling Hessian...
Setting operators...
Solving KSP...
KSP solved.
it=39, J=2.45062, dJ=5.69055e-03, ||g||=1.30480e+00, alpha=2.17861e-01, ksp_its=30, ls_evals=16
Assembling Hessian...
Setting operators...
Solving KSP...
KSP solved.
it=40, J=2.44893, dJ=1.68113e-03, ||g||=1.10975e+01, alpha=1.00068e+00, ksp_its=3, ls_evals=17
Assembling Hessian...
Setting operators...
Solving KSP...
KSP solved.
it=41, J=2.44450, dJ=4.42972e-03, ||g||=1.14445e+00, alpha=1.97868e-01, ksp_its=30, ls_evals=16
Assembling Hessian...
Setting operators...
Solving KSP...
KSP solved.
it=42, J=2.44321, dJ=1.29102e-03, ||g||=9.74163e+00, alpha=1.00042e+00, ksp_its=3, ls_evals=17
Assembling Hessian...
Setting operators...
Solving KSP...
KSP solved.
it=43, J=2.43989, dJ=3.32301e-03, ||g||=9.25298e-01, alpha=2.00677e-01, ksp_its=30, ls_evals=16
Assembling Hessian...
Setting operators...
Solving KSP...
KSP solved.
it=44, J=2.43894, dJ=9.47391e-04, ||g||=8.34720e+00, alpha=1.00042e+00, ksp_its=3, ls_evals=17
Assembling Hessian...
Setting operators...
Solving KSP...
KSP solved.
it=45, J=2.43657, dJ=2.37670e-03, ||g||=7.91815e-01, alpha=2.34408e-01, ksp_its=30, ls_evals=16
Assembling Hessian...
Setting operators...
Solving KSP...
KSP solved.
it=46, J=2.43591, dJ=6.57332e-04, ||g||=6.97485e+00, alpha=1.00042e+00, ksp_its=3, ls_evals=17
Assembling Hessian...
Setting operators...
Solving KSP...
KSP solved.
it=47, J=2.43432, dJ=1.58778e-03, ||g||=5.87913e-01, alpha=2.80768e-01, ksp_its=30, ls_evals=17
Assembling Hessian...
Setting operators...
Solving KSP...
KSP solved.
it=48, J=2.43390, dJ=4.18525e-04, ||g||=5.68160e+00, alpha=1.00042e+00, ksp_its=3, ls_evals=17
Assembling Hessian...
Setting operators...
Solving KSP...
KSP solved.
it=49, J=2.43295, dJ=9.57117e-04, ||g||=6.94079e-01, alpha=3.59131e-01, ksp_its=30, ls_evals=17
Assembling Hessian...
Setting operators...
Solving KSP...
KSP solved.
it=50, J=2.43271, dJ=2.35600e-04, ||g||=4.86462e+00, alpha=1.00042e+00, ksp_its=3, ls_evals=17
Assembling Hessian...
Setting operators...
Solving KSP...
KSP solved.
it=51, J=2.43227, dJ=4.40752e-04, ||g||=4.61162e-01, alpha=5.92320e-01, ksp_its=30, ls_evals=17
Assembling Hessian...
Setting operators...
Solving KSP...
KSP solved.
it=52, J=2.43217, dJ=1.02213e-04, ||g||=3.14758e+00, alpha=1.00365e+00, ksp_its=10, ls_evals=17
Assembling Hessian...
Setting operators...
Solving KSP...
KSP solved.
it=53, J=2.43206, dJ=1.07772e-04, ||g||=3.20363e+00, alpha=9.73726e-01, ksp_its=30, ls_evals=17
Assembling Hessian...
Setting operators...
Solving KSP...
KSP solved.
it=54, J=2.43202, dJ=4.29408e-05, ||g||=1.58534e+00, alpha=1.00591e+00, ksp_its=12, ls_evals=17
Assembling Hessian...
Setting operators...
Solving KSP...
KSP solved.
it=55, J=2.43194, dJ=7.62283e-05, ||g||=7.74725e-01, alpha=8.93552e-01, ksp_its=30, ls_evals=17
Assembling Hessian...
Setting operators...
Solving KSP...
KSP solved.
it=56, J=2.43190, dJ=3.62465e-05, ||g||=1.66037e+00, alpha=1.00155e+00, ksp_its=12, ls_evals=17
Assembling Hessian...
Setting operators...
Solving KSP...
KSP solved.
it=57, J=2.43187, dJ=3.06943e-05, ||g||=8.40715e-01, alpha=9.65262e-01, ksp_its=30, ls_evals=17
Assembling Hessian...
Setting operators...
Solving KSP...
KSP solved.
it=58, J=2.43186, dJ=1.52695e-05, ||g||=1.27537e+00, alpha=1.00042e+00, ksp_its=14, ls_evals=17
Step 4 finished: Energy = 2.431858, Iters = 58
--- Step 5/24, Angle: 5.2360 ---
Assembling Hessian...
Setting operators...
Solving KSP...
KSP solved.
it=1, J=23.89923, dJ=8.44495e+01, ||g||=3.03193e+03, alpha=9.99660e-01, ksp_its=3, ls_evals=16
Assembling Hessian...
Setting operators...
Solving KSP...
KSP solved.
it=2, J=10.43128, dJ=1.34679e+01, ||g||=1.03050e+03, alpha=9.56918e-01, ksp_its=5, ls_evals=16
Assembling Hessian...
Setting operators...
Solving KSP...
KSP solved.
it=3, J=6.96009, dJ=3.47119e+00, ||g||=6.13455e+02, alpha=1.20341e+00, ksp_its=6, ls_evals=17
Assembling Hessian...
Setting operators...
Solving KSP...
KSP solved.
it=4, J=5.59816, dJ=1.36193e+00, ||g||=3.42911e+02, alpha=1.33874e+00, ksp_its=8, ls_evals=17
Assembling Hessian...
Setting operators...
Solving KSP...
KSP solved.
it=5, J=5.01442, dJ=5.83741e-01, ||g||=1.83942e+02, alpha=1.65890e+00, ksp_its=9, ls_evals=17
Assembling Hessian...
Setting operators...
Solving KSP...
KSP solved.
it=6, J=4.73032, dJ=2.84098e-01, ||g||=1.55199e+02, alpha=5.48670e-01, ksp_its=30, ls_evals=16
Assembling Hessian...
Setting operators...
Solving KSP...
KSP solved.
it=7, J=4.58393, dJ=1.46388e-01, ||g||=1.60373e+02, alpha=1.03697e+00, ksp_its=5, ls_evals=17
Assembling Hessian...
Setting operators...
Solving KSP...
KSP solved.
it=8, J=4.45313, dJ=1.30795e-01, ||g||=6.73741e+01, alpha=2.97894e-01, ksp_its=30, ls_evals=16
Assembling Hessian...
Setting operators...
Solving KSP...
KSP solved.
it=9, J=4.40128, dJ=5.18579e-02, ||g||=7.77225e+01, alpha=1.01211e+00, ksp_its=4, ls_evals=17
Assembling Hessian...
Setting operators...
Solving KSP...
KSP solved.
it=10, J=4.40065, dJ=6.20636e-04, ||g||=2.96154e+01, alpha=9.99983e-01, ksp_its=30, ls_evals=17
Assembling Hessian...
Setting operators...
Solving KSP...
KSP solved.
it=11, J=4.40047, dJ=1.89508e-04, ||g||=1.79130e+01, alpha=9.99983e-01, ksp_its=30, ls_evals=17
Assembling Hessian...
Setting operators...
Solving KSP...
