FEniCSx local environment activated.
  Python:  Python 3.12.10
  PETSc:   (3, 24, 2)
  DOLFINx: 0.10.0.post5
Creating matrix...
Building nullspace...
Setting near nullspace...
Creating KSP...
--- Step 1/24, Angle: 1.0472 ---
Assembling Hessian...
Setting operators...
Solving KSP...
KSP solved.
it=1, J=48.09677, dJ=5.68135e+01, ||g||=3.08303e+03, alpha=4.68357e-01, ksp_its=1, ls_evals=16
Assembling Hessian...
Setting operators...
Solving KSP...
KSP solved.
it=2, J=5.05643, dJ=4.30403e+01, ||g||=1.95440e+03, alpha=1.03034e+00, ksp_its=2, ls_evals=17
Assembling Hessian...
Setting operators...
Solving KSP...
KSP solved.
it=3, J=2.69867, dJ=2.35776e+00, ||g||=5.76737e+02, alpha=9.99660e-01, ksp_its=2, ls_evals=16
Assembling Hessian...
Setting operators...
Solving KSP...
KSP solved.
it=4, J=1.29797, dJ=1.40070e+00, ||g||=4.64949e+02, alpha=1.25576e+00, ksp_its=3, ls_evals=17
Assembling Hessian...
Setting operators...
Solving KSP...
KSP solved.
it=5, J=0.87588, dJ=4.22095e-01, ||g||=2.11763e+02, alpha=9.68660e-01, ksp_its=7, ls_evals=17
Assembling Hessian...
Setting operators...
Solving KSP...
KSP solved.
it=6, J=0.59227, dJ=2.83613e-01, ||g||=1.97963e+02, alpha=1.67992e+00, ksp_its=6, ls_evals=17
Assembling Hessian...
Setting operators...
Solving KSP...
KSP solved.
it=7, J=0.50660, dJ=8.56687e-02, ||g||=2.31021e+02, alpha=1.01028e+00, ksp_its=4, ls_evals=17
Assembling Hessian...
Setting operators...
Solving KSP...
KSP solved.
it=8, J=0.45873, dJ=4.78687e-02, ||g||=5.55889e+01, alpha=1.01950e-01, ksp_its=25, ls_evals=17
Assembling Hessian...
Setting operators...
Solving KSP...
KSP solved.
it=9, J=0.43780, dJ=2.09333e-02, ||g||=5.88430e+01, alpha=1.00338e+00, ksp_its=2, ls_evals=17
Assembling Hessian...
Setting operators...
Solving KSP...
KSP solved.
it=10, J=0.37418, dJ=6.36126e-02, ||g||=1.29607e+01, alpha=2.07248e-01, ksp_its=17, ls_evals=17
Assembling Hessian...
Setting operators...
Solving KSP...
KSP solved.
it=11, J=0.35538, dJ=1.88083e-02, ||g||=4.83428e+01, alpha=1.00252e+00, ksp_its=2, ls_evals=17
Assembling Hessian...
Setting operators...
Solving KSP...
KSP solved.
it=12, J=0.33639, dJ=1.89834e-02, ||g||=9.41441e+00, alpha=7.50134e-01, ksp_its=5, ls_evals=17
Assembling Hessian...
Setting operators...
Solving KSP...
KSP solved.
it=13, J=0.32395, dJ=1.24386e-02, ||g||=7.36591e+01, alpha=1.00112e+00, ksp_its=2, ls_evals=17
Assembling Hessian...
Setting operators...
Solving KSP...
KSP solved.
it=14, J=0.29272, dJ=3.12318e-02, ||g||=8.65841e+00, alpha=1.10847e-01, ksp_its=30, ls_evals=17
Assembling Hessian...
Setting operators...
Solving KSP...
KSP solved.
it=15, J=0.28319, dJ=9.52830e-03, ||g||=2.60070e+01, alpha=1.00182e+00, ksp_its=2, ls_evals=17
Assembling Hessian...
Setting operators...
Solving KSP...
KSP solved.
it=16, J=0.25360, dJ=2.95948e-02, ||g||=8.47505e+00, alpha=1.93718e-01, ksp_its=27, ls_evals=17
Assembling Hessian...
Setting operators...
Solving KSP...
KSP solved.
it=17, J=0.24499, dJ=8.61296e-03, ||g||=2.63458e+01, alpha=1.00155e+00, ksp_its=2, ls_evals=17
Assembling Hessian...
Setting operators...
Solving KSP...
KSP solved.
it=18, J=0.22695, dJ=1.80369e-02, ||g||=6.05726e+00, alpha=4.65295e-01, ksp_its=11, ls_evals=17
Assembling Hessian...
Setting operators...
Solving KSP...
KSP solved.
it=19, J=0.22021, dJ=6.73474e-03, ||g||=4.54118e+01, alpha=1.00112e+00, ksp_its=1, ls_evals=17
Assembling Hessian...
Setting operators...
Solving KSP...
KSP solved.
it=20, J=0.21796, dJ=2.25106e-03, ||g||=1.11009e+01, alpha=1.00818e+00, ksp_its=3, ls_evals=17
Assembling Hessian...
Setting operators...
Solving KSP...
KSP solved.
it=21, J=0.21679, dJ=1.17567e-03, ||g||=2.03951e+01, alpha=9.99983e-01, ksp_its=1, ls_evals=17
Assembling Hessian...
Setting operators...
Solving KSP...
KSP solved.
it=22, J=0.20374, dJ=1.30442e-02, ||g||=1.00480e+01, alpha=3.90620e-01, ksp_its=9, ls_evals=17
Assembling Hessian...
Setting operators...
Solving KSP...
KSP solved.
it=23, J=0.19925, dJ=4.49163e-03, ||g||=3.72874e+01, alpha=1.00068e+00, ksp_its=2, ls_evals=17
Assembling Hessian...
Setting operators...
Solving KSP...
KSP solved.
it=24, J=0.19644, dJ=2.81613e-03, ||g||=6.65429e+00, alpha=8.28474e-01, ksp_its=4, ls_evals=17
Assembling Hessian...
Setting operators...
Solving KSP...
KSP solved.
it=25, J=0.19430, dJ=2.13723e-03, ||g||=2.62994e+01, alpha=1.00451e+00, ksp_its=3, ls_evals=17
Assembling Hessian...
Setting operators...
Solving KSP...
KSP solved.
it=26, J=0.18442, dJ=9.87348e-03, ||g||=1.25981e+01, alpha=3.07481e-01, ksp_its=17, ls_evals=17
Assembling Hessian...
Setting operators...
Solving KSP...
KSP solved.
it=27, J=0.18107, dJ=3.35841e-03, ||g||=1.69316e+01, alpha=1.00068e+00, ksp_its=2, ls_evals=17
Assembling Hessian...
Setting operators...
Solving KSP...
KSP solved.
it=28, J=0.17382, dJ=7.24370e-03, ||g||=5.46597e+00, alpha=1.93285e-01, ksp_its=30, ls_evals=17
Assembling Hessian...
Setting operators...
Solving KSP...
KSP solved.
it=29, J=0.17172, dJ=2.10413e-03, ||g||=1.26568e+01, alpha=1.00068e+00, ksp_its=2, ls_evals=17
Assembling Hessian...
Setting operators...
Solving KSP...
KSP solved.
it=30, J=0.16626, dJ=5.46015e-03, ||g||=3.66789e+00, alpha=2.13612e-01, ksp_its=29, ls_evals=17
Assembling Hessian...
Setting operators...
Solving KSP...
KSP solved.
it=31, J=0.16471, dJ=1.54316e-03, ||g||=1.03907e+01, alpha=1.00068e+00, ksp_its=2, ls_evals=17
Assembling Hessian...
Setting operators...
Solving KSP...
KSP solved.
it=32, J=0.16079, dJ=3.92544e-03, ||g||=2.63015e+00, alpha=2.40570e-01, ksp_its=24, ls_evals=17
Assembling Hessian...
Setting operators...
Solving KSP...
KSP solved.
it=33, J=0.15969, dJ=1.09448e-03, ||g||=8.92063e+00, alpha=1.00042e+00, ksp_its=2, ls_evals=17
Assembling Hessian...
Setting operators...
Solving KSP...
KSP solved.
it=34, J=0.15703, dJ=2.66744e-03, ||g||=2.02562e+00, alpha=2.73459e-01, ksp_its=20, ls_evals=17
Assembling Hessian...
Setting operators...
Solving KSP...
KSP solved.
it=35, J=0.15630, dJ=7.28089e-04, ||g||=7.36367e+00, alpha=1.00042e+00, ksp_its=2, ls_evals=17
Assembling Hessian...
Setting operators...
Solving KSP...
KSP solved.
it=36, J=0.15459, dJ=1.71145e-03, ||g||=1.82467e+00, alpha=3.12279e-01, ksp_its=21, ls_evals=17
Assembling Hessian...
Setting operators...
Solving KSP...
KSP solved.
it=37, J=0.15414, dJ=4.49489e-04, ||g||=5.83377e+00, alpha=1.00042e+00, ksp_its=2, ls_evals=17
Assembling Hessian...
Setting operators...
Solving KSP...
KSP solved.
it=38, J=0.15313, dJ=1.00607e-03, ||g||=1.17049e+00, alpha=3.76224e-01, ksp_its=24, ls_evals=17
Assembling Hessian...
Setting operators...
Solving KSP...
KSP solved.
it=39, J=0.15288, dJ=2.50443e-04, ||g||=4.52874e+00, alpha=1.00042e+00, ksp_its=2, ls_evals=17
Assembling Hessian...
Setting operators...
Solving KSP...
KSP solved.
it=40, J=0.15237, dJ=5.15927e-04, ||g||=1.06928e+00, alpha=4.65562e-01, ksp_its=30, ls_evals=17
Assembling Hessian...
Setting operators...
Solving KSP...
KSP solved.
it=41, J=0.15225, dJ=1.14083e-04, ||g||=3.04852e+00, alpha=9.99983e-01, ksp_its=2, ls_evals=17
Assembling Hessian...
Setting operators...
Solving KSP...
KSP solved.
it=42, J=0.15205, dJ=1.99833e-04, ||g||=6.65747e-01, alpha=6.13779e-01, ksp_its=30, ls_evals=17
Assembling Hessian...
Setting operators...
Solving KSP...
KSP solved.
it=43, J=0.15202, dJ=3.49060e-05, ||g||=1.67843e+00, alpha=9.99983e-01, ksp_its=2, ls_evals=17
Step 1 finished: Energy = 0.152017, Iters = 43
--- Step 2/24, Angle: 2.0944 ---
Assembling Hessian...
Setting operators...
Solving KSP...
KSP solved.
it=1, J=19.16775, dJ=8.61532e+01, ||g||=3.06639e+03, alpha=8.58830e-01, ksp_its=4, ls_evals=17
Assembling Hessian...
Setting operators...
Solving KSP...
KSP solved.
it=2, J=6.70777, dJ=1.24600e+01, ||g||=1.79433e+03, alpha=9.88121e-01, ksp_its=4, ls_evals=17
Assembling Hessian...
Setting operators...
Solving KSP...
KSP solved.
it=3, J=5.07533, dJ=1.63244e+00, ||g||=1.65599e+03, alpha=8.79857e-01, ksp_its=7, ls_evals=17
Assembling Hessian...
Setting operators...
Solving KSP...
KSP solved.
it=4, J=3.49224, dJ=1.58308e+00, ||g||=5.45785e+02, alpha=4.94282e-01, ksp_its=12, ls_evals=16
Assembling Hessian...
Setting operators...
Solving KSP...
KSP solved.
it=5, J=2.32958, dJ=1.16266e+00, ||g||=4.14737e+02, alpha=1.42727e+00, ksp_its=13, ls_evals=17
Assembling Hessian...
Setting operators...
Solving KSP...
KSP solved.
it=6, J=2.09961, dJ=2.29976e-01, ||g||=2.80615e+02, alpha=3.34871e-01, ksp_its=10, ls_evals=17
Assembling Hessian...
Setting operators...
Solving KSP...
KSP solved.
it=7, J=1.86145, dJ=2.38155e-01, ||g||=2.82035e+02, alpha=4.96351e-01, ksp_its=13, ls_evals=17
Assembling Hessian...
Setting operators...
Solving KSP...
KSP solved.
it=8, J=1.55194, dJ=3.09512e-01, ||g||=2.85636e+02, alpha=7.39404e-01, ksp_its=26, ls_evals=17
Assembling Hessian...
Setting operators...
Solving KSP...
KSP solved.
it=9, J=1.45395, dJ=9.79847e-02, ||g||=1.18331e+02, alpha=9.79657e-01, ksp_its=2, ls_evals=17
Assembling Hessian...
Setting operators...
Solving KSP...
KSP solved.
it=10, J=1.29452, dJ=1.59435e-01, ||g||=3.41890e+01, alpha=2.34371e-01, ksp_its=30, ls_evals=17
Assembling Hessian...
Setting operators...
Solving KSP...
KSP solved.
it=11, J=1.24676, dJ=4.77561e-02, ||g||=6.29794e+01, alpha=1.00408e+00, ksp_its=2, ls_evals=17
Assembling Hessian...
Setting operators...
Solving KSP...
KSP solved.
it=12, J=1.13250, dJ=1.14269e-01, ||g||=1.55178e+01, alpha=2.00349e-01, ksp_its=30, ls_evals=17
Assembling Hessian...
Setting operators...
Solving KSP...
KSP solved.
it=13, J=1.10035, dJ=3.21441e-02, ||g||=4.83496e+01, alpha=1.00295e+00, ksp_its=2, ls_evals=17
Assembling Hessian...
Setting operators...
Solving KSP...
KSP solved.
it=14, J=1.01747, dJ=8.28810e-02, ||g||=8.49947e+00, alpha=1.98340e-01, ksp_its=30, ls_evals=17
Assembling Hessian...
Setting operators...
Solving KSP...
KSP solved.
it=15, J=0.99388, dJ=2.35945e-02, ||g||=4.25412e+01, alpha=1.00225e+00, ksp_its=2, ls_evals=17
Assembling Hessian...
Setting operators...
Solving KSP...
KSP solved.
it=16, J=0.93210, dJ=6.17807e-02, ||g||=5.79289e+00, alpha=1.78263e-01, ksp_its=30, ls_evals=16
Assembling Hessian...
Setting operators...
Solving KSP...
KSP solved.
it=17, J=0.91410, dJ=1.79915e-02, ||g||=3.71495e+01, alpha=1.00155e+00, ksp_its=2, ls_evals=17
Assembling Hessian...
Setting operators...
Solving KSP...
KSP solved.
it=18, J=0.86633, dJ=4.77699e-02, ||g||=4.94681e+00, alpha=1.60397e-01, ksp_its=30, ls_evals=16
Assembling Hessian...
Setting operators...
Solving KSP...
KSP solved.
it=19, J=0.85209, dJ=1.42398e-02, ||g||=3.26881e+01, alpha=1.00155e+00, ksp_its=2, ls_evals=17
Assembling Hessian...
Setting operators...
Solving KSP...
KSP solved.
it=20, J=0.81427, dJ=3.78250e-02, ||g||=4.58981e+00, alpha=1.44946e-01, ksp_its=30, ls_evals=16
Assembling Hessian...
Setting operators...
Solving KSP...
KSP solved.
it=21, J=0.80288, dJ=1.13880e-02, ||g||=2.90596e+01, alpha=1.00112e+00, ksp_its=2, ls_evals=17
Assembling Hessian...
Setting operators...
Solving KSP...
KSP solved.
it=22, J=0.77241, dJ=3.04735e-02, ||g||=4.56957e+00, alpha=1.35485e-01, ksp_its=30, ls_evals=16
Assembling Hessian...
Setting operators...
Solving KSP...
KSP solved.
it=23, J=0.76315, dJ=9.25956e-03, ||g||=2.59720e+01, alpha=1.00112e+00, ksp_its=2, ls_evals=17
Assembling Hessian...
Setting operators...
Solving KSP...
KSP solved.
it=24, J=0.73831, dJ=2.48393e-02, ||g||=4.47353e+00, alpha=1.30978e-01, ksp_its=30, ls_evals=16
Assembling Hessian...
Setting operators...
Solving KSP...
KSP solved.
it=25, J=0.73075, dJ=7.55428e-03, ||g||=2.33339e+01, alpha=1.00068e+00, ksp_its=2, ls_evals=17
Assembling Hessian...
Setting operators...
Solving KSP...
KSP solved.
it=26, J=0.71040, dJ=2.03586e-02, ||g||=4.14416e+00, alpha=1.30692e-01, ksp_its=30, ls_evals=16
Assembling Hessian...
Setting operators...
Solving KSP...
KSP solved.
it=27, J=0.70424, dJ=6.15453e-03, ||g||=2.10235e+01, alpha=1.00068e+00, ksp_its=2, ls_evals=17
Assembling Hessian...
Setting operators...
Solving KSP...
KSP solved.
it=28, J=0.68753, dJ=1.67088e-02, ||g||=3.63530e+00, alpha=1.33255e-01, ksp_its=30, ls_evals=16
Assembling Hessian...
Setting operators...
Solving KSP...
KSP solved.
it=29, J=0.68246, dJ=5.07302e-03, ||g||=1.90766e+01, alpha=1.00068e+00, ksp_its=2, ls_evals=17
Assembling Hessian...
Setting operators...
Solving KSP...
KSP solved.
it=30, J=0.66879, dJ=1.36668e-02, ||g||=3.18262e+00, alpha=1.38242e-01, ksp_its=30, ls_evals=17
Assembling Hessian...
Setting operators...
Solving KSP...
KSP solved.
it=31, J=0.66466, dJ=4.13068e-03, ||g||=1.72277e+01, alpha=1.00068e+00, ksp_its=2, ls_evals=17
Assembling Hessian...
Setting operators...
Solving KSP...
KSP solved.
it=32, J=0.65356, dJ=1.11042e-02, ||g||=2.78824e+00, alpha=1.45573e-01, ksp_its=30, ls_evals=17
Assembling Hessian...
Setting operators...
Solving KSP...
KSP solved.
it=33, J=0.65024, dJ=3.31816e-03, ||g||=1.54508e+01, alpha=1.00068e+00, ksp_its=2, ls_evals=17
Assembling Hessian...
Setting operators...
Solving KSP...
KSP solved.
it=34, J=0.64132, dJ=8.92274e-03, ||g||=2.43262e+00, alpha=1.55598e-01, ksp_its=30, ls_evals=17
Assembling Hessian...
Setting operators...
Solving KSP...
KSP solved.
it=35, J=0.63867, dJ=2.64408e-03, ||g||=1.37946e+01, alpha=1.00042e+00, ksp_its=2, ls_evals=17
Assembling Hessian...
Setting operators...
Solving KSP...
KSP solved.
it=36, J=0.63162, dJ=7.05257e-03, ||g||=2.14624e+00, alpha=1.68861e-01, ksp_its=30, ls_evals=17
Assembling Hessian...
Setting operators...
Solving KSP...
KSP solved.
it=37, J=0.62955, dJ=2.07343e-03, ||g||=1.22171e+01, alpha=1.00042e+00, ksp_its=2, ls_evals=17
Assembling Hessian...
Setting operators...
Solving KSP...
KSP solved.
it=38, J=0.62409, dJ=5.45244e-03, ||g||=1.93757e+00, alpha=1.85521e-01, ksp_its=30, ls_evals=17
Assembling Hessian...
Setting operators...
Solving KSP...
KSP solved.
it=39, J=0.62251, dJ=1.58777e-03, ||g||=1.06935e+01, alpha=1.00042e+00, ksp_its=2, ls_evals=17
Assembling Hessian...
Setting operators...
Solving KSP...
KSP solved.
it=40, J=0.61841, dJ=4.09325e-03, ||g||=1.79014e+00, alpha=2.06281e-01, ksp_its=30, ls_evals=17
Assembling Hessian...
Setting operators...
Solving KSP...
KSP solved.
it=41, J=0.61725, dJ=1.16343e-03, ||g||=9.15300e+00, alpha=1.00042e+00, ksp_its=2, ls_evals=17
Assembling Hessian...
Setting operators...
Solving KSP...
KSP solved.
it=42, J=0.61429, dJ=2.95517e-03, ||g||=1.62693e+00, alpha=2.33238e-01, ksp_its=30, ls_evals=17
Assembling Hessian...
Setting operators...
Solving KSP...
KSP solved.
it=43, J=0.61348, dJ=8.19391e-04, ||g||=7.68291e+00, alpha=1.00042e+00, ksp_its=2, ls_evals=17
Assembling Hessian...
Setting operators...
Solving KSP...
KSP solved.
it=44, J=0.61145, dJ=2.02162e-03, ||g||=1.39134e+00, alpha=2.69361e-01, ksp_its=30, ls_evals=17
Assembling Hessian...
Setting operators...
Solving KSP...
KSP solved.
it=45, J=0.61091, dJ=5.40755e-04, ||g||=6.24361e+00, alpha=1.00042e+00, ksp_its=2, ls_evals=17
Assembling Hessian...
Setting operators...
Solving KSP...
KSP solved.
it=46, J=0.60963, dJ=1.28016e-03, ||g||=1.14942e+00, alpha=3.20043e-01, ksp_its=30, ls_evals=17
Assembling Hessian...
Setting operators...
Solving KSP...
KSP solved.
it=47, J=0.60931, dJ=3.25506e-04, ||g||=4.85192e+00, alpha=9.99983e-01, ksp_its=2, ls_evals=17
Assembling Hessian...
Setting operators...
Solving KSP...
KSP solved.
it=48, J=0.60859, dJ=7.21525e-04, ||g||=9.37740e-01, alpha=3.95418e-01, ksp_its=30, ls_evals=17
Assembling Hessian...
Setting operators...
Solving KSP...
KSP solved.
it=49, J=0.60842, dJ=1.68356e-04, ||g||=3.48600e+00, alpha=9.99983e-01, ksp_its=2, ls_evals=17
Assembling Hessian...
Setting operators...
Solving KSP...
KSP solved.
it=50, J=0.60809, dJ=3.22461e-04, ||g||=8.06417e-01, alpha=5.24709e-01, ksp_its=30, ls_evals=17
Assembling Hessian...
Setting operators...
Solving KSP...
KSP solved.
it=51, J=0.60803, dJ=6.72307e-05, ||g||=2.68958e+00, alpha=9.99983e-01, ksp_its=4, ls_evals=17
Step 2 finished: Energy = 0.608027, Iters = 51
--- Step 3/24, Angle: 3.1416 ---
Assembling Hessian...
Setting operators...
Solving KSP...
KSP solved.
it=1, J=22.44302, dJ=8.35885e+01, ||g||=3.05257e+03, alpha=9.06547e-01, ksp_its=2, ls_evals=17
Assembling Hessian...
Setting operators...
Solving KSP...
KSP solved.
it=2, J=9.98696, dJ=1.24561e+01, ||g||=2.84530e+03, alpha=1.11531e+00, ksp_its=2, ls_evals=17
Assembling Hessian...
Setting operators...
Solving KSP...
KSP solved.
it=3, J=6.18027, dJ=3.80670e+00, ||g||=7.58032e+02, alpha=3.57857e-01, ksp_its=17, ls_evals=16
Assembling Hessian...
Setting operators...
Solving KSP...
KSP solved.
it=4, J=4.12794, dJ=2.05232e+00, ||g||=5.51770e+02, alpha=9.84188e-01, ksp_its=4, ls_evals=17
Assembling Hessian...
Setting operators...
Solving KSP...
KSP solved.
it=5, J=3.61759, dJ=5.10355e-01, ||g||=5.09554e+02, alpha=2.17265e-01, ksp_its=25, ls_evals=16
Assembling Hessian...
Setting operators...
Solving KSP...
KSP solved.
it=6, J=3.31130, dJ=3.06288e-01, ||g||=4.53551e+02, alpha=3.01736e-01, ksp_its=14, ls_evals=50
Assembling Hessian...
Setting operators...
Solving KSP...
KSP solved.
it=7, J=3.24778, dJ=6.35189e-02, ||g||=3.48151e+02, alpha=7.30292e-02, ksp_its=13, ls_evals=16
Assembling Hessian...
Setting operators...
Solving KSP...
KSP solved.
it=8, J=2.71475, dJ=5.33034e-01, ||g||=3.18156e+02, alpha=7.73696e-01, ksp_its=12, ls_evals=16
Assembling Hessian...
Setting operators...
Solving KSP...
KSP solved.
it=9, J=2.48063, dJ=2.34120e-01, ||g||=1.74427e+02, alpha=1.06916e+00, ksp_its=4, ls_evals=17
Assembling Hessian...
Setting operators...
Solving KSP...
KSP solved.
it=10, J=2.26144, dJ=2.19186e-01, ||g||=1.21396e+02, alpha=9.99660e-01, ksp_its=30, ls_evals=16
Assembling Hessian...
Setting operators...
Solving KSP...
KSP solved.
it=11, J=2.15882, dJ=1.02620e-01, ||g||=1.11439e+02, alpha=1.18292e+00, ksp_its=5, ls_evals=17
Assembling Hessian...
Setting operators...
Solving KSP...
KSP solved.
it=12, J=2.15604, dJ=2.78015e-03, ||g||=5.76863e+01, alpha=1.00042e+00, ksp_its=30, ls_evals=17
Assembling Hessian...
Setting operators...
Solving KSP...
KSP solved.
it=13, J=2.15507, dJ=9.73699e-04, ||g||=4.05112e+01, alpha=1.00042e+00, ksp_its=30, ls_evals=17
Assembling Hessian...
Setting operators...
Solving KSP...
KSP solved.
it=14, J=2.15450, dJ=5.69224e-04, ||g||=2.72411e+01, alpha=9.99983e-01, ksp_its=30, ls_evals=17
Assembling Hessian...
Setting operators...
Solving KSP...
KSP solved.
it=15, J=2.15409, dJ=4.07838e-04, ||g||=2.64391e+01, alpha=9.99983e-01, ksp_its=30, ls_evals=17
Assembling Hessian...
Setting operators...
Solving KSP...
KSP solved.
it=16, J=2.15377, dJ=3.19964e-04, ||g||=2.06307e+01, alpha=9.99983e-01, ksp_its=30, ls_evals=17
Assembling Hessian...
Setting operators...
Solving KSP...
KSP solved.
it=17, J=2.15350, dJ=2.67595e-04, ||g||=2.16089e+01, alpha=9.99983e-01, ksp_its=30, ls_evals=17
Assembling Hessian...
Setting operators...
Solving KSP...
KSP solved.
it=18, J=2.15327, dJ=2.30839e-04, ||g||=1.77502e+01, alpha=9.99983e-01, ksp_its=30, ls_evals=17
Assembling Hessian...
Setting operators...
Solving KSP...
KSP solved.
it=19, J=2.15307, dJ=2.05483e-04, ||g||=1.91302e+01, alpha=9.99983e-01, ksp_its=30, ls_evals=17
Assembling Hessian...
Setting operators...
Solving KSP...
KSP solved.
it=20, J=2.15288, dJ=1.85106e-04, ||g||=1.60975e+01, alpha=9.99983e-01, ksp_its=30, ls_evals=17
Assembling Hessian...
Setting operators...
Solving KSP...
KSP solved.
it=21, J=2.14361, dJ=9.27149e-03, ||g||=1.75573e+01, alpha=1.04997e+00, ksp_its=30, ls_evals=17
Assembling Hessian...
Setting operators...
Solving KSP...
KSP solved.
it=22, J=2.14017, dJ=3.44590e-03, ||g||=7.71987e+01, alpha=9.99983e-01, ksp_its=30, ls_evals=17
Assembling Hessian...
Setting operators...
Solving KSP...
KSP solved.
it=23, J=2.13928, dJ=8.81593e-04, ||g||=3.63009e+01, alpha=9.99983e-01, ksp_its=30, ls_evals=17
Assembling Hessian...
Setting operators...
Solving KSP...
KSP solved.
it=24, J=2.13874, dJ=5.44512e-04, ||g||=3.02352e+01, alpha=9.99983e-01, ksp_its=30, ls_evals=17
Assembling Hessian...
Setting operators...
Solving KSP...
KSP solved.
it=25, J=2.13833, dJ=4.05224e-04, ||g||=2.51100e+01, alpha=9.99983e-01, ksp_its=30, ls_evals=17
Assembling Hessian...
Setting operators...
Solving KSP...
KSP solved.
it=26, J=2.13800, dJ=3.29590e-04, ||g||=2.38356e+01, alpha=9.99983e-01, ksp_its=30, ls_evals=17
Assembling Hessian...
Setting operators...
Solving KSP...
KSP solved.
it=27, J=2.13772, dJ=2.81976e-04, ||g||=2.11244e+01, alpha=9.99983e-01, ksp_its=30, ls_evals=17
Assembling Hessian...
Setting operators...
Solving KSP...
KSP solved.
it=28, J=2.13747, dJ=2.50245e-04, ||g||=2.08608e+01, alpha=9.99983e-01, ksp_its=30, ls_evals=17
Assembling Hessian...
Setting operators...
Solving KSP...
KSP solved.
it=29, J=2.13724, dJ=2.27405e-04, ||g||=1.90247e+01, alpha=9.99983e-01, ksp_its=30, ls_evals=17
Assembling Hessian...
Setting operators...
Solving KSP...
KSP solved.
it=30, J=2.13703, dJ=2.10329e-04, ||g||=1.91571e+01, alpha=9.99983e-01, ksp_its=30, ls_evals=17
Assembling Hessian...
Setting operators...
Solving KSP...
KSP solved.
it=31, J=2.13684, dJ=1.96905e-04, ||g||=1.77264e+01, alpha=9.99983e-01, ksp_its=30, ls_evals=17
Assembling Hessian...
Setting operators...
Solving KSP...
KSP solved.
it=32, J=2.13665, dJ=1.86059e-04, ||g||=1.80353e+01, alpha=9.99983e-01, ksp_its=30, ls_evals=17
Assembling Hessian...
Setting operators...
Solving KSP...
KSP solved.
it=33, J=2.13647, dJ=1.76975e-04, ||g||=1.68206e+01, alpha=9.99983e-01, ksp_its=30, ls_evals=17
Assembling Hessian...
Setting operators...
Solving KSP...
KSP solved.
it=34, J=2.10364, dJ=3.28379e-02, ||g||=1.72134e+01, alpha=6.53502e-01, ksp_its=30, ls_evals=16
Assembling Hessian...
Setting operators...
Solving KSP...
KSP solved.
it=35, J=1.95663, dJ=1.47011e-01, ||g||=7.78560e+01, alpha=3.03652e-01, ksp_its=30, ls_evals=16
Assembling Hessian...
Setting operators...
Solving KSP...
KSP solved.
it=36, J=1.91393, dJ=4.26963e-02, ||g||=8.13938e+01, alpha=1.02667e+00, ksp_its=3, ls_evals=17
Assembling Hessian...
Setting operators...
Solving KSP...
KSP solved.
it=37, J=1.82765, dJ=8.62773e-02, ||g||=1.48201e+01, alpha=2.64605e-01, ksp_its=30, ls_evals=16
Assembling Hessian...
Setting operators...
Solving KSP...
KSP solved.
it=38, J=1.80448, dJ=2.31734e-02, ||g||=4.20503e+01, alpha=1.01141e+00, ksp_its=3, ls_evals=17
Assembling Hessian...
Setting operators...
Solving KSP...
KSP solved.
it=39, J=1.74350, dJ=6.09773e-02, ||g||=8.81578e+00, alpha=3.49557e-01, ksp_its=30, ls_evals=16
Assembling Hessian...
Setting operators...
Solving KSP...
KSP solved.
it=40, J=1.72690, dJ=1.65995e-02, ||g||=3.66697e+01, alpha=1.00365e+00, ksp_its=2, ls_evals=17
Assembling Hessian...
Setting operators...
Solving KSP...
KSP solved.
it=41, J=1.67952, dJ=4.73845e-02, ||g||=1.68585e+01, alpha=4.48904e-01, ksp_its=30, ls_evals=16
Assembling Hessian...
Setting operators...
Solving KSP...
KSP solved.
it=42, J=1.66560, dJ=1.39168e-02, ||g||=3.36369e+01, alpha=1.00252e+00, ksp_its=2, ls_evals=17
Assembling Hessian...
Setting operators...
Solving KSP...
KSP solved.
it=43, J=1.62677, dJ=3.88254e-02, ||g||=1.79057e+01, alpha=4.86171e-01, ksp_its=30, ls_evals=16
Assembling Hessian...
Setting operators...
Solving KSP...
KSP solved.
it=44, J=1.61514, dJ=1.16300e-02, ||g||=2.94320e+01, alpha=1.00225e+00, ksp_its=2, ls_evals=17
Assembling Hessian...
Setting operators...
Solving KSP...
KSP solved.
it=45, J=1.58256, dJ=3.25851e-02, ||g||=1.61800e+01, alpha=4.97687e-01, ksp_its=30, ls_evals=16
Assembling Hessian...
Setting operators...
Solving KSP...
KSP solved.
it=46, J=1.57269, dJ=9.87188e-03, ||g||=2.64003e+01, alpha=1.00155e+00, ksp_its=2, ls_evals=17
Assembling Hessian...
Setting operators...
Solving KSP...
KSP solved.
it=47, J=1.54504, dJ=2.76438e-02, ||g||=1.35710e+01, alpha=4.81253e-01, ksp_its=30, ls_evals=16
Assembling Hessian...
Setting operators...
Solving KSP...
KSP solved.
it=48, J=1.53661, dJ=8.43060e-03, ||g||=2.39224e+01, alpha=1.00155e+00, ksp_its=2, ls_evals=17
Assembling Hessian...
Setting operators...
Solving KSP...
KSP solved.
it=49, J=1.51301, dJ=2.35992e-02, ||g||=1.16294e+01, alpha=4.42466e-01, ksp_its=30, ls_evals=16
Assembling Hessian...
Setting operators...
Solving KSP...
KSP solved.
it=50, J=1.50580, dJ=7.21072e-03, ||g||=2.19909e+01, alpha=1.00112e+00, ksp_its=2, ls_evals=17
Assembling Hessian...
Setting operators...
Solving KSP...
KSP solved.
it=51, J=1.48565, dJ=2.01497e-02, ||g||=1.00926e+01, alpha=3.89444e-01, ksp_its=30, ls_evals=16
Assembling Hessian...
Setting operators...
Solving KSP...
KSP solved.
it=52, J=1.47947, dJ=6.18320e-03, ||g||=2.03676e+01, alpha=1.00112e+00, ksp_its=2, ls_evals=17
Assembling Hessian...
Setting operators...
Solving KSP...
KSP solved.
it=53, J=1.46232, dJ=1.71460e-02, ||g||=8.67923e+00, alpha=3.29403e-01, ksp_its=30, ls_evals=16
Assembling Hessian...
Setting operators...
Solving KSP...
KSP solved.
it=54, J=1.45706, dJ=5.26795e-03, ||g||=1.87005e+01, alpha=1.00068e+00, ksp_its=2, ls_evals=17
Assembling Hessian...
Setting operators...
Solving KSP...
KSP solved.
it=55, J=1.44256, dJ=1.44961e-02, ||g||=7.41076e+00, alpha=2.75702e-01, ksp_its=30, ls_evals=16
Assembling Hessian...
Setting operators...
Solving KSP...
KSP solved.
it=56, J=1.43811, dJ=4.45512e-03, ||g||=1.71325e+01, alpha=1.00068e+00, ksp_its=2, ls_evals=17
Assembling Hessian...
Setting operators...
Solving KSP...
KSP solved.
it=57, J=1.42594, dJ=1.21619e-02, ||g||=6.41655e+00, alpha=2.33356e-01, ksp_its=30, ls_evals=16
Assembling Hessian...
Setting operators...
Solving KSP...
KSP solved.
it=58, J=1.42222, dJ=3.72522e-03, ||g||=1.57368e+01, alpha=1.00068e+00, ksp_its=2, ls_evals=17
Assembling Hessian...
Setting operators...
Solving KSP...
KSP solved.
it=59, J=1.41212, dJ=1.01025e-02, ||g||=5.49020e+00, alpha=2.00747e-01, ksp_its=30, ls_evals=16
Assembling Hessian...
Setting operators...
Solving KSP...
KSP solved.
it=60, J=1.40902, dJ=3.09903e-03, ||g||=1.43386e+01, alpha=1.00068e+00, ksp_its=3, ls_evals=17
Assembling Hessian...
Setting operators...
Solving KSP...
KSP solved.
it=61, J=1.40074, dJ=8.27478e-03, ||g||=2.09690e+00, alpha=1.75935e-01, ksp_its=30, ls_evals=16
Assembling Hessian...
Setting operators...
Solving KSP...
KSP solved.
it=62, J=1.39827, dJ=2.47548e-03, ||g||=1.40392e+01, alpha=1.00042e+00, ksp_its=2, ls_evals=17
Assembling Hessian...
Setting operators...
Solving KSP...
KSP solved.
it=63, J=1.39161, dJ=6.65480e-03, ||g||=3.04629e+00, alpha=1.57981e-01, ksp_its=30, ls_evals=16
Assembling Hessian...
Setting operators...
Solving KSP...
KSP solved.
it=64, J=1.38961, dJ=2.00394e-03, ||g||=1.24607e+01, alpha=1.00042e+00, ksp_its=3, ls_evals=17
Assembling Hessian...
Setting operators...
Solving KSP...
KSP solved.
it=65, J=1.38436, dJ=5.24741e-03, ||g||=1.66577e+00, alpha=1.67712e-01, ksp_its=30, ls_evals=16
Assembling Hessian...
Setting operators...
Solving KSP...
KSP solved.
it=66, J=1.38283, dJ=1.53075e-03, ||g||=1.08997e+01, alpha=1.00042e+00, ksp_its=2, ls_evals=17
Assembling Hessian...
Setting operators...
Solving KSP...
KSP solved.
it=67, J=1.37881, dJ=4.02188e-03, ||g||=2.20603e+00, alpha=1.93424e-01, ksp_its=30, ls_evals=16
Assembling Hessian...
Setting operators...
Solving KSP...
KSP solved.
it=68, J=1.37764, dJ=1.16689e-03, ||g||=9.49262e+00, alpha=1.00042e+00, ksp_its=3, ls_evals=17
Assembling Hessian...
Setting operators...
Solving KSP...
KSP solved.
it=69, J=1.37469, dJ=2.95102e-03, ||g||=1.29763e+00, alpha=2.15686e-01, ksp_its=30, ls_evals=17
Assembling Hessian...
Setting operators...
Solving KSP...
KSP solved.
it=70, J=1.37386, dJ=8.30906e-04, ||g||=8.14415e+00, alpha=1.00042e+00, ksp_its=2, ls_evals=17
Assembling Hessian...
Setting operators...
Solving KSP...
KSP solved.
it=71, J=1.37177, dJ=2.08887e-03, ||g||=1.73400e+00, alpha=2.61329e-01, ksp_its=30, ls_evals=17
Assembling Hessian...
Setting operators...
Solving KSP...
KSP solved.
it=72, J=1.37120, dJ=5.71247e-04, ||g||=6.69539e+00, alpha=1.00042e+00, ksp_its=2, ls_evals=17
Assembling Hessian...
Setting operators...
Solving KSP...
KSP solved.
it=73, J=1.36987, dJ=1.32402e-03, ||g||=1.22752e+00, alpha=3.27375e-01, ksp_its=30, ls_evals=17
Assembling Hessian...
Setting operators...
Solving KSP...
KSP solved.
it=74, J=1.36954, dJ=3.37878e-04, ||g||=5.56689e+00, alpha=9.99983e-01, ksp_its=2, ls_evals=17
Assembling Hessian...
Setting operators...
Solving KSP...
KSP solved.
it=75, J=1.36887, dJ=6.64296e-04, ||g||=1.53058e+00, alpha=6.71093e-01, ksp_its=30, ls_evals=17
Assembling Hessian...
Setting operators...
Solving KSP...
KSP solved.
it=76, J=1.36868, dJ=1.96882e-04, ||g||=3.57297e+00, alpha=1.02074e+00, ksp_its=8, ls_evals=17
Assembling Hessian...
Setting operators...
Solving KSP...
KSP solved.
it=77, J=1.36853, dJ=1.46328e-04, ||g||=4.96626e+00, alpha=9.89954e-01, ksp_its=18, ls_evals=17
Assembling Hessian...
Setting operators...
Solving KSP...
KSP solved.
it=78, J=1.36843, dJ=9.62614e-05, ||g||=2.81178e+00, alpha=1.01621e+00, ksp_its=17, ls_evals=17
Assembling Hessian...
Setting operators...
Solving KSP...
KSP solved.
it=79, J=1.36837, dJ=6.02048e-05, ||g||=2.34466e+00, alpha=9.94052e-01, ksp_its=17, ls_evals=17
Assembling Hessian...
Setting operators...
Solving KSP...
KSP solved.
it=80, J=1.36835, dJ=2.50205e-05, ||g||=2.25361e+00, alpha=1.00112e+00, ksp_its=11, ls_evals=17
Assembling Hessian...
Setting operators...
Solving KSP...
KSP solved.
it=81, J=1.36801, dJ=3.33537e-04, ||g||=9.30700e-01, alpha=4.83788e-01, ksp_its=29, ls_evals=17
Assembling Hessian...
Setting operators...
Solving KSP...
KSP solved.
it=82, J=1.36795, dJ=6.65558e-05, ||g||=2.30662e+00, alpha=9.99983e-01, ksp_its=3, ls_evals=17
Step 3 finished: Energy = 1.367948, Iters = 82
--- Step 4/24, Angle: 4.1888 ---
Assembling Hessian...
Setting operators...
Solving KSP...
KSP solved.
it=1, J=22.55933, dJ=8.44798e+01, ||g||=3.04128e+03, alpha=8.33705e-01, ksp_its=1, ls_evals=17
Assembling Hessian...
Setting operators...
Solving KSP...
KSP solved.
it=2, J=6.25555, dJ=1.63038e+01, ||g||=1.45936e+03, alpha=1.12631e+00, ksp_its=3, ls_evals=17
Assembling Hessian...
Setting operators...
Solving KSP...
KSP solved.
it=3, J=4.72525, dJ=1.53030e+00, ||g||=5.55797e+02, alpha=3.86254e-01, ksp_its=8, ls_evals=17
Assembling Hessian...
Setting operators...
Solving KSP...
KSP solved.
it=4, J=3.51724, dJ=1.20801e+00, ||g||=3.94166e+02, alpha=1.17629e+00, ksp_its=7, ls_evals=17
Assembling Hessian...
Setting operators...
Solving KSP...
KSP solved.
it=5, J=3.26919, dJ=2.48055e-01, ||g||=1.62750e+02, alpha=4.94085e-01, ksp_its=11, ls_evals=17
Assembling Hessian...
Setting operators...
Solving KSP...
KSP solved.
it=6, J=3.04810, dJ=2.21084e-01, ||g||=1.14690e+02, alpha=1.98595e+00, ksp_its=5, ls_evals=17
Assembling Hessian...
Setting operators...
Solving KSP...
KSP solved.
it=7, J=2.94407, dJ=1.04036e-01, ||g||=9.92103e+01, alpha=4.37204e-01, ksp_its=11, ls_evals=17
Assembling Hessian...
Setting operators...
Solving KSP...
KSP solved.
it=8, J=2.85717, dJ=8.68956e-02, ||g||=8.25584e+01, alpha=1.68515e+00, ksp_its=7, ls_evals=17
Assembling Hessian...
Setting operators...
Solving KSP...
KSP solved.
it=9, J=2.80197, dJ=5.51965e-02, ||g||=6.89449e+01, alpha=4.06148e-01, ksp_its=14, ls_evals=17
Assembling Hessian...
Setting operators...
Solving KSP...
KSP solved.
it=10, J=2.77869, dJ=2.32840e-02, ||g||=5.79362e+01, alpha=1.07353e+00, ksp_its=4, ls_evals=17
Assembling Hessian...
Setting operators...
Solving KSP...
KSP solved.
it=11, J=2.73656, dJ=4.21324e-02, ||g||=2.38567e+01, alpha=1.58401e-01, ksp_its=30, ls_evals=16
Assembling Hessian...
Setting operators...
Solving KSP...
KSP solved.
it=12, J=2.72505, dJ=1.15082e-02, ||g||=3.40509e+01, alpha=1.00818e+00, ksp_its=2, ls_evals=17
Assembling Hessian...
Setting operators...
Solving KSP...
KSP solved.
it=13, J=2.69176, dJ=3.32939e-02, ||g||=5.91760e+00, alpha=1.37772e-01, ksp_its=30, ls_evals=16
Assembling Hessian...
Setting operators...
Solving KSP...
KSP solved.
it=14, J=2.68198, dJ=9.77509e-03, ||g||=2.76145e+01, alpha=1.00635e+00, ksp_its=2, ls_evals=17
Assembling Hessian...
Setting operators...
Solving KSP...
KSP solved.
it=15, J=2.65508, dJ=2.69023e-02, ||g||=8.67274e+00, alpha=1.46217e-01, ksp_its=30, ls_evals=16
Assembling Hessian...
Setting operators...
Solving KSP...
KSP solved.
it=16, J=2.64684, dJ=8.24121e-03, ||g||=2.50917e+01, alpha=1.00591e+00, ksp_its=3, ls_evals=17
Assembling Hessian...
Setting operators...
Solving KSP...
KSP solved.
it=17, J=2.62393, dJ=2.29071e-02, ||g||=4.10019e+00, alpha=1.25972e-01, ksp_its=30, ls_evals=17
Assembling Hessian...
Setting operators...
Solving KSP...
KSP solved.
it=18, J=2.61729, dJ=6.63975e-03, ||g||=2.32900e+01, alpha=1.00338e+00, ksp_its=2, ls_evals=17
Assembling Hessian...
Setting operators...
Solving KSP...
KSP solved.
it=19, J=2.59714, dJ=2.01453e-02, ||g||=8.04258e+00, alpha=1.46001e-01, ksp_its=30, ls_evals=17
Assembling Hessian...
Setting operators...
Solving KSP...
KSP solved.
it=20, J=2.59104, dJ=6.10346e-03, ||g||=2.25414e+01, alpha=1.00252e+00, ksp_its=2, ls_evals=17
Assembling Hessian...
Setting operators...
Solving KSP...
KSP solved.
it=21, J=2.57268, dJ=1.83597e-02, ||g||=7.59084e+00, alpha=1.32378e-01, ksp_its=30, ls_evals=16
Assembling Hessian...
Setting operators...
Solving KSP...
KSP solved.
it=22, J=2.56710, dJ=5.58599e-03, ||g||=2.03347e+01, alpha=1.00225e+00, ksp_its=2, ls_evals=17
Assembling Hessian...
Setting operators...
Solving KSP...
KSP solved.
it=23, J=2.55010, dJ=1.69995e-02, ||g||=6.80280e+00, alpha=1.24952e-01, ksp_its=30, ls_evals=16
Assembling Hessian...
Setting operators...
Solving KSP...
KSP solved.
it=24, J=2.54490, dJ=5.19970e-03, ||g||=1.91311e+01, alpha=1.00155e+00, ksp_its=2, ls_evals=17
Assembling Hessian...
Setting operators...
Solving KSP...
KSP solved.
it=25, J=2.52941, dJ=1.54849e-02, ||g||=7.45973e+00, alpha=1.33169e-01, ksp_its=30, ls_evals=16
Assembling Hessian...
Setting operators...
Solving KSP...
KSP solved.
it=26, J=2.52468, dJ=4.72940e-03, ||g||=1.85110e+01, alpha=1.00112e+00, ksp_its=2, ls_evals=17
Assembling Hessian...
Setting operators...
Solving KSP...
KSP solved.
it=27, J=2.51084, dJ=1.38373e-02, ||g||=6.75955e+00, alpha=1.23592e-01, ksp_its=30, ls_evals=16
Assembling Hessian...
Setting operators...
Solving KSP...
KSP solved.
it=28, J=2.50660, dJ=4.24142e-03, ||g||=1.73284e+01, alpha=1.00112e+00, ksp_its=2, ls_evals=17
Assembling Hessian...
Setting operators...
Solving KSP...
KSP solved.
it=29, J=2.49450, dJ=1.21025e-02, ||g||=6.20540e+00, alpha=1.14692e-01, ksp_its=30, ls_evals=16
Assembling Hessian...
Setting operators...
Solving KSP...
KSP solved.
it=30, J=2.49069, dJ=3.81010e-03, ||g||=1.62466e+01, alpha=1.00112e+00, ksp_its=3, ls_evals=17
Assembling Hessian...
Setting operators...
Solving KSP...
KSP solved.
it=31, J=2.48030, dJ=1.03898e-02, ||g||=1.88385e+00, alpha=1.13925e-01, ksp_its=30, ls_evals=16
Assembling Hessian...
Setting operators...
Solving KSP...
KSP solved.
it=32, J=2.47713, dJ=3.17127e-03, ||g||=1.55947e+01, alpha=1.00068e+00, ksp_its=3, ls_evals=17
Assembling Hessian...
Setting operators...
Solving KSP...
KSP solved.
it=33, J=2.46843, dJ=8.69887e-03, ||g||=1.65951e+00, alpha=1.23509e-01, ksp_its=30, ls_evals=17
Assembling Hessian...
Setting operators...
Solving KSP...
KSP solved.
it=34, J=2.46580, dJ=2.63008e-03, ||g||=1.39243e+01, alpha=1.00068e+00, ksp_its=3, ls_evals=17
Assembling Hessian...
Setting operators...
Solving KSP...
KSP solved.
it=35, J=2.45866, dJ=7.14253e-03, ||g||=1.52478e+00, alpha=1.37104e-01, ksp_its=30, ls_evals=17
Assembling Hessian...
Setting operators...
Solving KSP...
KSP solved.
it=36, J=2.45651, dJ=2.14585e-03, ||g||=1.25601e+01, alpha=1.00068e+00, ksp_its=3, ls_evals=17
Assembling Hessian...
Setting operators...
Solving KSP...
KSP solved.
it=37, J=2.45079, dJ=5.72323e-03, ||g||=1.32269e+00, alpha=1.53332e-01, ksp_its=30, ls_evals=17
Assembling Hessian...
Setting operators...
Solving KSP...
KSP solved.
it=38, J=2.44910, dJ=1.68595e-03, ||g||=1.11234e+01, alpha=1.00068e+00, ksp_its=3, ls_evals=17
Assembling Hessian...
Setting operators...
Solving KSP...
KSP solved.
it=39, J=2.44464, dJ=4.46015e-03, ||g||=1.15426e+00, alpha=1.74092e-01, ksp_its=30, ls_evals=17
Assembling Hessian...
Setting operators...
Solving KSP...
KSP solved.
it=40, J=2.44334, dJ=1.30391e-03, ||g||=9.78240e+00, alpha=1.00042e+00, ksp_its=3, ls_evals=17
Assembling Hessian...
Setting operators...
Solving KSP...
KSP solved.
it=41, J=2.43999, dJ=3.34887e-03, ||g||=9.41643e-01, alpha=1.99917e-01, ksp_its=30, ls_evals=17
Assembling Hessian...
Setting operators...
Solving KSP...
KSP solved.
it=42, J=2.43904, dJ=9.54944e-04, ||g||=8.38030e+00, alpha=1.00042e+00, ksp_its=3, ls_evals=17
Assembling Hessian...
Setting operators...
Solving KSP...
KSP solved.
it=43, J=2.43664, dJ=2.39853e-03, ||g||=8.05512e-01, alpha=2.33238e-01, ksp_its=30, ls_evals=17
Assembling Hessian...
Setting operators...
Solving KSP...
KSP solved.
it=44, J=2.43597, dJ=6.61866e-04, ||g||=6.99738e+00, alpha=1.00042e+00, ksp_its=3, ls_evals=17
Assembling Hessian...
Setting operators...
Solving KSP...
KSP solved.
it=45, J=2.43437, dJ=1.60645e-03, ||g||=5.96844e-01, alpha=2.79390e-01, ksp_its=30, ls_evals=17
Assembling Hessian...
Setting operators...
Solving KSP...
KSP solved.
it=46, J=2.43394, dJ=4.23795e-04, ||g||=5.71580e+00, alpha=1.00042e+00, ksp_its=3, ls_evals=17
Assembling Hessian...
Setting operators...
Solving KSP...
KSP solved.
it=47, J=2.43297, dJ=9.70855e-04, ||g||=7.00918e-01, alpha=3.57731e-01, ksp_its=30, ls_evals=17
Assembling Hessian...
Setting operators...
Solving KSP...
KSP solved.
it=48, J=2.43273, dJ=2.40463e-04, ||g||=4.92460e+00, alpha=1.00042e+00, ksp_its=3, ls_evals=17
Assembling Hessian...
Setting operators...
Solving KSP...
KSP solved.
it=49, J=2.43228, dJ=4.50672e-04, ||g||=4.74337e-01, alpha=5.90220e-01, ksp_its=30, ls_evals=17
Assembling Hessian...
Setting operators...
Solving KSP...
KSP solved.
it=50, J=2.43218, dJ=1.05152e-04, ||g||=3.18723e+00, alpha=1.00365e+00, ksp_its=10, ls_evals=17
Assembling Hessian...
Setting operators...
Solving KSP...
KSP solved.
it=51, J=2.43207, dJ=1.11560e-04, ||g||=3.24300e+00, alpha=9.71893e-01, ksp_its=30, ls_evals=17
Assembling Hessian...
Setting operators...
Solving KSP...
KSP solved.
it=52, J=2.43202, dJ=4.46650e-05, ||g||=1.64560e+00, alpha=1.00661e+00, ksp_its=12, ls_evals=17
Assembling Hessian...
Setting operators...
Solving KSP...
KSP solved.
it=53, J=2.43193, dJ=8.91319e-05, ||g||=7.52821e-01, alpha=8.54465e-01, ksp_its=30, ls_evals=17
Assembling Hessian...
Setting operators...
Solving KSP...
KSP solved.
it=54, J=2.43189, dJ=3.91382e-05, ||g||=1.75903e+00, alpha=1.00338e+00, ksp_its=12, ls_evals=17
Assembling Hessian...
Setting operators...
Solving KSP...
KSP solved.
it=55, J=2.43187, dJ=2.13940e-05, ||g||=7.05264e-01, alpha=9.75991e-01, ksp_its=30, ls_evals=17
Assembling Hessian...
Setting operators...
Solving KSP...
KSP solved.
it=56, J=2.43186, dJ=1.03639e-05, ||g||=1.04334e+00, alpha=1.00042e+00, ksp_its=12, ls_evals=17
Step 4 finished: Energy = 2.431861, Iters = 56
--- Step 5/24, Angle: 5.2360 ---
Assembling Hessian...
Setting operators...
Solving KSP...
KSP solved.
it=1, J=18.79714, dJ=8.95519e+01, ||g||=3.03192e+03, alpha=9.56797e-01, ksp_its=3, ls_evals=17
Assembling Hessian...
Setting operators...
Solving KSP...
KSP solved.
it=2, J=13.81468, dJ=4.98247e+00, ||g||=1.30223e+03, alpha=3.31282e-01, ksp_its=9, ls_evals=50
Assembling Hessian...
Setting operators...
Solving KSP...
KSP solved.
it=3, J=9.45892, dJ=4.35575e+00, ||g||=4.62843e+03, alpha=8.06738e-01, ksp_its=5, ls_evals=16
Assembling Hessian...
Setting operators...
Solving KSP...
KSP solved.
it=4, J=8.33245, dJ=1.12647e+00, ||g||=1.29136e+03, alpha=3.36681e-01, ksp_its=27, ls_evals=16
Assembling Hessian...
Setting operators...
Solving KSP...
KSP solved.
it=5, J=7.88262, dJ=4.49831e-01, ||g||=1.09547e+05, alpha=1.05773e+00, ksp_its=2, ls_evals=17
Assembling Hessian...
Setting operators...
Solving KSP...
KSP solved.
it=6, J=7.60812, dJ=2.74501e-01, ||g||=3.45312e+04, alpha=8.51766e-01, ksp_its=3, ls_evals=17
Assembling Hessian...
Setting operators...
Solving KSP...
KSP solved.
it=7, J=6.59302, dJ=1.01510e+00, ||g||=1.56671e+04, alpha=8.32305e-01, ksp_its=7, ls_evals=17
Assembling Hessian...
Setting operators...
Solving KSP...
KSP solved.
it=8, J=6.48464, dJ=1.08379e-01, ||g||=9.31716e+04, alpha=1.03357e+00, ksp_its=2, ls_evals=17
Assembling Hessian...
Setting operators...
Solving KSP...
KSP solved.
it=9, J=6.37598, dJ=1.08662e-01, ||g||=4.61655e+04, alpha=1.00295e+00, ksp_its=3, ls_evals=17
Assembling Hessian...
Setting operators...
Solving KSP...
KSP solved.
it=10, J=6.30693, dJ=6.90503e-02, ||g||=2.82372e+04, alpha=1.01708e+00, ksp_its=4, ls_evals=17
Assembling Hessian...
Setting operators...
Solving KSP...
KSP solved.
it=11, J=5.74332, dJ=5.63609e-01, ||g||=1.34852e+04, alpha=6.46658e-01, ksp_its=13, ls_evals=16
Assembling Hessian...
Setting operators...
Solving KSP...
KSP solved.
it=12, J=5.18377, dJ=5.59554e-01, ||g||=1.32995e+03, alpha=9.52991e-01, ksp_its=15, ls_evals=16
Assembling Hessian...
Setting operators...
Solving KSP...
KSP solved.
it=13, J=5.06191, dJ=1.21860e-01, ||g||=2.61237e+03, alpha=1.00958e+00, ksp_its=3, ls_evals=17
Assembling Hessian...
Setting operators...
Solving KSP...
KSP solved.
it=14, J=4.81821, dJ=2.43692e-01, ||g||=1.28984e+03, alpha=5.36054e-01, ksp_its=30, ls_evals=16
Assembling Hessian...
Setting operators...
Solving KSP...
KSP solved.
it=15, J=4.73550, dJ=8.27097e-02, ||g||=1.03791e+03, alpha=9.96318e-01, ksp_its=3, ls_evals=17
Assembling Hessian...
Setting operators...
Solving KSP...
KSP solved.
it=16, J=4.57346, dJ=1.62042e-01, ||g||=4.14528e+02, alpha=5.56888e-01, ksp_its=30, ls_evals=16
Assembling Hessian...
Setting operators...
Solving KSP...
KSP solved.
it=17, J=4.51872, dJ=5.47425e-02, ||g||=2.63597e+02, alpha=3.21255e-01, ksp_its=7, ls_evals=50
Assembling Hessian...
Setting operators...
Solving KSP...
KSP solved.
it=18, J=4.35697, dJ=1.61752e-01, ||g||=1.17088e+02, alpha=9.99660e-01, ksp_its=10, ls_evals=16
Assembling Hessian...
Setting operators...
Solving KSP...
KSP solved.
it=19, J=4.25323, dJ=1.03739e-01, ||g||=5.75622e+01, alpha=9.99660e-01, ksp_its=16, ls_evals=16
Assembling Hessian...
Setting operators...
Solving KSP...
