FEniCSx local environment activated.
  Python:  Python 3.12.10
  PETSc:   (3, 24, 2)
  DOLFINx: 0.10.0.post5
Creating matrix...
Building nullspace...
Setting near nullspace...
Creating KSP...
--- Step 1/24, Angle: 1.0472 ---
Assembling Hessian...
Setting operators...
Solving KSP...
KSP solved.
it=1, J=48.03340, dJ=5.68768e+01, ||g||=3.08303e+03, alpha=7.24072e-01, ksp_its=1, ls_evals=16
Assembling Hessian...
Setting operators...
Solving KSP...
KSP solved.
it=2, J=5.05063, dJ=4.29828e+01, ||g||=1.94703e+03, alpha=1.03032e+00, ksp_its=2, ls_evals=16
Assembling Hessian...
Setting operators...
Solving KSP...
KSP solved.
it=3, J=3.53042, dJ=1.52022e+00, ||g||=5.75006e+02, alpha=9.99660e-01, ksp_its=2, ls_evals=16
Assembling Hessian...
Setting operators...
Solving KSP...
KSP solved.
it=4, J=1.61116, dJ=1.91926e+00, ||g||=4.71993e+02, alpha=1.06323e+00, ksp_its=3, ls_evals=17
Assembling Hessian...
Setting operators...
Solving KSP...
KSP solved.
it=5, J=1.09139, dJ=5.19764e-01, ||g||=3.03613e+02, alpha=1.16146e+00, ksp_its=3, ls_evals=17
Assembling Hessian...
Setting operators...
Solving KSP...
KSP solved.
it=6, J=0.79725, dJ=2.94146e-01, ||g||=1.36576e+02, alpha=4.50467e-01, ksp_its=6, ls_evals=17
Assembling Hessian...
Setting operators...
Solving KSP...
KSP solved.
it=7, J=0.69513, dJ=1.02115e-01, ||g||=1.35047e+02, alpha=1.02144e+00, ksp_its=3, ls_evals=17
Assembling Hessian...
Setting operators...
Solving KSP...
KSP solved.
it=8, J=0.58361, dJ=1.11522e-01, ||g||=4.37113e+01, alpha=1.32671e-01, ksp_its=20, ls_evals=16
Assembling Hessian...
Setting operators...
Solving KSP...
KSP solved.
it=9, J=0.47721, dJ=1.06396e-01, ||g||=6.98817e+01, alpha=1.22611e+00, ksp_its=5, ls_evals=17
Assembling Hessian...
Setting operators...
Solving KSP...
KSP solved.
it=10, J=0.41803, dJ=5.91831e-02, ||g||=1.48557e+02, alpha=9.30972e-01, ksp_its=5, ls_evals=17
Assembling Hessian...
Setting operators...
Solving KSP...
KSP solved.
it=11, J=0.40697, dJ=1.10561e-02, ||g||=5.21706e+01, alpha=1.00112e+00, ksp_its=2, ls_evals=17
Assembling Hessian...
Setting operators...
Solving KSP...
KSP solved.
it=12, J=0.40621, dJ=7.66585e-04, ||g||=1.21126e+01, alpha=1.00155e+00, ksp_its=6, ls_evals=17
Assembling Hessian...
Setting operators...
Solving KSP...
KSP solved.
it=13, J=0.40317, dJ=3.03898e-03, ||g||=3.09100e+01, alpha=9.95185e-01, ksp_its=1, ls_evals=17
Assembling Hessian...
Setting operators...
Solving KSP...
KSP solved.
it=14, J=0.35282, dJ=5.03523e-02, ||g||=1.60566e+01, alpha=3.00247e-01, ksp_its=24, ls_evals=17
Assembling Hessian...
Setting operators...
Solving KSP...
KSP solved.
it=15, J=0.33544, dJ=1.73713e-02, ||g||=3.49412e+01, alpha=1.00225e+00, ksp_its=2, ls_evals=17
Assembling Hessian...
Setting operators...
Solving KSP...
KSP solved.
it=16, J=0.29751, dJ=3.79335e-02, ||g||=8.65236e+00, alpha=1.95218e-01, ksp_its=24, ls_evals=16
Assembling Hessian...
Setting operators...
Solving KSP...
KSP solved.
it=17, J=0.28603, dJ=1.14804e-02, ||g||=3.17217e+01, alpha=1.00182e+00, ksp_its=2, ls_evals=17
Assembling Hessian...
Setting operators...
Solving KSP...
KSP solved.
it=18, J=0.27774, dJ=8.28691e-03, ||g||=7.80763e+00, alpha=7.87554e-01, ksp_its=4, ls_evals=17
Assembling Hessian...
Setting operators...
Solving KSP...
KSP solved.
it=19, J=0.27155, dJ=6.19625e-03, ||g||=4.44061e+01, alpha=1.00068e+00, ksp_its=2, ls_evals=17
Assembling Hessian...
Setting operators...
Solving KSP...
KSP solved.
it=20, J=0.24781, dJ=2.37382e-02, ||g||=9.10829e+00, alpha=1.61289e-01, ksp_its=27, ls_evals=16
Assembling Hessian...
Setting operators...
Solving KSP...
KSP solved.
it=21, J=0.24057, dJ=7.24147e-03, ||g||=2.37233e+01, alpha=1.00155e+00, ksp_its=2, ls_evals=17
Assembling Hessian...
Setting operators...
Solving KSP...
KSP solved.
it=22, J=0.22183, dJ=1.87398e-02, ||g||=6.28451e+00, alpha=1.64183e-01, ksp_its=30, ls_evals=16
Assembling Hessian...
Setting operators...
Solving KSP...
KSP solved.
it=23, J=0.21629, dJ=5.53835e-03, ||g||=1.98754e+01, alpha=1.00112e+00, ksp_its=2, ls_evals=17
Assembling Hessian...
Setting operators...
Solving KSP...
KSP solved.
it=24, J=0.20069, dJ=1.55965e-02, ||g||=5.44193e+00, alpha=2.23599e-01, ksp_its=26, ls_evals=17
Assembling Hessian...
Setting operators...
Solving KSP...
KSP solved.
it=25, J=0.19623, dJ=4.45912e-03, ||g||=1.80325e+01, alpha=1.00112e+00, ksp_its=2, ls_evals=17
Assembling Hessian...
Setting operators...
Solving KSP...
KSP solved.
it=26, J=0.19090, dJ=5.33351e-03, ||g||=3.99264e+00, alpha=7.50566e-01, ksp_its=12, ls_evals=17
Assembling Hessian...
Setting operators...
Solving KSP...
KSP solved.
it=27, J=0.18748, dJ=3.42376e-03, ||g||=4.39051e+01, alpha=1.00042e+00, ksp_its=2, ls_evals=17
Assembling Hessian...
Setting operators...
Solving KSP...
KSP solved.
it=28, J=0.17866, dJ=8.81201e-03, ||g||=7.32429e+00, alpha=1.99484e-01, ksp_its=14, ls_evals=17
Assembling Hessian...
Setting operators...
Solving KSP...
KSP solved.
it=29, J=0.17612, dJ=2.54753e-03, ||g||=1.65272e+01, alpha=1.00068e+00, ksp_its=2, ls_evals=17
Assembling Hessian...
Setting operators...
Solving KSP...
KSP solved.
it=30, J=0.16974, dJ=6.38014e-03, ||g||=2.79699e+00, alpha=2.12479e-01, ksp_its=27, ls_evals=17
Assembling Hessian...
Setting operators...
Solving KSP...
KSP solved.
it=31, J=0.16792, dJ=1.81918e-03, ||g||=1.17194e+01, alpha=1.00068e+00, ksp_its=2, ls_evals=17
Assembling Hessian...
Setting operators...
Solving KSP...
KSP solved.
it=32, J=0.16333, dJ=4.58313e-03, ||g||=2.54314e+00, alpha=2.37604e-01, ksp_its=22, ls_evals=17
Assembling Hessian...
Setting operators...
Solving KSP...
KSP solved.
it=33, J=0.16202, dJ=1.31559e-03, ||g||=1.05329e+01, alpha=1.00068e+00, ksp_its=2, ls_evals=17
Assembling Hessian...
Setting operators...
Solving KSP...
KSP solved.
it=34, J=0.15876, dJ=3.25702e-03, ||g||=2.28208e+00, alpha=2.56098e-01, ksp_its=21, ls_evals=17
Assembling Hessian...
Setting operators...
Solving KSP...
KSP solved.
it=35, J=0.15786, dJ=8.97776e-04, ||g||=8.10348e+00, alpha=1.00042e+00, ksp_its=2, ls_evals=17
Assembling Hessian...
Setting operators...
Solving KSP...
KSP solved.
it=36, J=0.15571, dJ=2.15493e-03, ||g||=1.80498e+00, alpha=2.89687e-01, ksp_its=20, ls_evals=17
Assembling Hessian...
Setting operators...
Solving KSP...
KSP solved.
it=37, J=0.15513, dJ=5.79625e-04, ||g||=6.64416e+00, alpha=1.00042e+00, ksp_its=2, ls_evals=17
Assembling Hessian...
Setting operators...
Solving KSP...
KSP solved.
it=38, J=0.15377, dJ=1.35473e-03, ||g||=1.51842e+00, alpha=3.39237e-01, ksp_its=26, ls_evals=17
Assembling Hessian...
Setting operators...
Solving KSP...
KSP solved.
it=39, J=0.15343, dJ=3.43443e-04, ||g||=5.08870e+00, alpha=1.00042e+00, ksp_its=2, ls_evals=17
Assembling Hessian...
Setting operators...
Solving KSP...
KSP solved.
it=40, J=0.15269, dJ=7.38474e-04, ||g||=1.14968e+00, alpha=4.15312e-01, ksp_its=24, ls_evals=17
Assembling Hessian...
Setting operators...
Solving KSP...
KSP solved.
it=41, J=0.15252, dJ=1.77161e-04, ||g||=4.01939e+00, alpha=1.00042e+00, ksp_its=2, ls_evals=17
Assembling Hessian...
Setting operators...
Solving KSP...
KSP solved.
it=42, J=0.15217, dJ=3.46692e-04, ||g||=1.02893e+00, alpha=5.28107e-01, ksp_its=30, ls_evals=17
Assembling Hessian...
Setting operators...
Solving KSP...
KSP solved.
it=43, J=0.15210, dJ=6.85816e-05, ||g||=2.27702e+00, alpha=9.99983e-01, ksp_its=2, ls_evals=17
Step 1 finished: Energy = 0.152100, Iters = 43
--- Step 2/24, Angle: 2.0944 ---
Assembling Hessian...
Setting operators...
Solving KSP...
KSP solved.
it=1, J=19.16945, dJ=8.61570e+01, ||g||=3.06605e+03, alpha=8.58987e-01, ksp_its=4, ls_evals=16
Assembling Hessian...
Setting operators...
Solving KSP...
KSP solved.
it=2, J=6.71617, dJ=1.24533e+01, ||g||=1.79339e+03, alpha=9.88121e-01, ksp_its=4, ls_evals=17
Assembling Hessian...
Setting operators...
Solving KSP...
KSP solved.
it=3, J=5.08142, dJ=1.63476e+00, ||g||=1.63721e+03, alpha=8.75759e-01, ksp_its=7, ls_evals=17
Assembling Hessian...
Setting operators...
Solving KSP...
KSP solved.
it=4, J=3.45025, dJ=1.63116e+00, ||g||=5.44831e+02, alpha=6.93662e-01, ksp_its=13, ls_evals=16
Assembling Hessian...
Setting operators...
Solving KSP...
KSP solved.
it=5, J=2.28554, dJ=1.16472e+00, ||g||=3.45389e+02, alpha=1.62164e+00, ksp_its=12, ls_evals=17
Assembling Hessian...
Setting operators...
Solving KSP...
KSP solved.
it=6, J=1.83788, dJ=4.47660e-01, ||g||=3.17572e+02, alpha=9.55665e-01, ksp_its=10, ls_evals=17
Assembling Hessian...
Setting operators...
Solving KSP...
KSP solved.
it=7, J=1.68403, dJ=1.53840e-01, ||g||=2.44016e+02, alpha=2.39373e-01, ksp_its=26, ls_evals=33
Assembling Hessian...
Setting operators...
Solving KSP...
KSP solved.
it=8, J=1.43719, dJ=2.46849e-01, ||g||=1.82856e+02, alpha=8.70579e-01, ksp_its=14, ls_evals=17
Assembling Hessian...
Setting operators...
Solving KSP...
KSP solved.
it=9, J=1.35582, dJ=8.13642e-02, ||g||=1.22342e+02, alpha=1.02921e+00, ksp_its=4, ls_evals=17
Assembling Hessian...
Setting operators...
Solving KSP...
KSP solved.
it=10, J=1.22116, dJ=1.34662e-01, ||g||=6.06851e+01, alpha=3.33123e-01, ksp_its=30, ls_evals=16
Assembling Hessian...
Setting operators...
Solving KSP...
KSP solved.
it=11, J=1.18336, dJ=3.77992e-02, ||g||=6.25052e+01, alpha=1.00451e+00, ksp_its=2, ls_evals=17
Assembling Hessian...
Setting operators...
Solving KSP...
KSP solved.
it=12, J=1.08802, dJ=9.53386e-02, ||g||=9.13468e+00, alpha=5.02346e-01, ksp_its=30, ls_evals=16
Assembling Hessian...
Setting operators...
Solving KSP...
KSP solved.
it=13, J=1.06045, dJ=2.75700e-02, ||g||=4.54378e+01, alpha=1.00252e+00, ksp_its=2, ls_evals=17
Assembling Hessian...
Setting operators...
Solving KSP...
KSP solved.
it=14, J=0.98765, dJ=7.28049e-02, ||g||=7.07338e+00, alpha=5.47571e-01, ksp_its=30, ls_evals=16
Assembling Hessian...
Setting operators...
Solving KSP...
KSP solved.
it=15, J=0.96646, dJ=2.11905e-02, ||g||=4.05267e+01, alpha=1.00182e+00, ksp_its=2, ls_evals=17
Assembling Hessian...
Setting operators...
Solving KSP...
KSP solved.
it=16, J=0.91028, dJ=5.61740e-02, ||g||=5.53954e+00, alpha=5.77041e-01, ksp_its=30, ls_evals=16
Assembling Hessian...
Setting operators...
Solving KSP...
KSP solved.
it=17, J=0.89369, dJ=1.65895e-02, ||g||=3.58924e+01, alpha=1.00155e+00, ksp_its=2, ls_evals=17
Assembling Hessian...
Setting operators...
Solving KSP...
KSP solved.
it=18, J=0.84958, dJ=4.41159e-02, ||g||=4.73349e+00, alpha=5.78820e-01, ksp_its=30, ls_evals=16
Assembling Hessian...
Setting operators...
Solving KSP...
KSP solved.
it=19, J=0.83639, dJ=1.31850e-02, ||g||=3.14805e+01, alpha=1.00112e+00, ksp_its=2, ls_evals=17
Assembling Hessian...
Setting operators...
Solving KSP...
KSP solved.
it=20, J=0.80114, dJ=3.52545e-02, ||g||=4.42451e+00, alpha=5.45371e-01, ksp_its=30, ls_evals=16
Assembling Hessian...
Setting operators...
Solving KSP...
KSP solved.
it=21, J=0.79050, dJ=1.06382e-02, ||g||=2.80578e+01, alpha=1.00112e+00, ksp_its=2, ls_evals=17
Assembling Hessian...
Setting operators...
Solving KSP...
KSP solved.
it=22, J=0.76191, dJ=2.85881e-02, ||g||=4.32993e+00, alpha=4.91929e-01, ksp_its=30, ls_evals=16
Assembling Hessian...
Setting operators...
Solving KSP...
KSP solved.
it=23, J=0.75324, dJ=8.67465e-03, ||g||=2.51741e+01, alpha=1.00112e+00, ksp_its=2, ls_evals=17
Assembling Hessian...
Setting operators...
Solving KSP...
KSP solved.
it=24, J=0.72981, dJ=2.34293e-02, ||g||=4.14238e+00, alpha=4.41366e-01, ksp_its=30, ls_evals=16
Assembling Hessian...
Setting operators...
Solving KSP...
KSP solved.
it=25, J=0.72269, dJ=7.11198e-03, ||g||=2.27059e+01, alpha=1.00068e+00, ksp_its=2, ls_evals=17
Assembling Hessian...
Setting operators...
Solving KSP...
KSP solved.
it=26, J=0.70348, dJ=1.92187e-02, ||g||=3.82642e+00, alpha=3.89444e-01, ksp_its=30, ls_evals=16
Assembling Hessian...
Setting operators...
Solving KSP...
KSP solved.
it=27, J=0.69764, dJ=5.83797e-03, ||g||=2.05619e+01, alpha=1.00068e+00, ksp_its=2, ls_evals=17
Assembling Hessian...
Setting operators...
Solving KSP...
KSP solved.
it=28, J=0.68187, dJ=1.57691e-02, ||g||=3.42843e+00, alpha=3.47098e-01, ksp_its=30, ls_evals=16
Assembling Hessian...
Setting operators...
Solving KSP...
KSP solved.
it=29, J=0.67709, dJ=4.77832e-03, ||g||=1.85962e+01, alpha=1.00068e+00, ksp_its=2, ls_evals=17
Assembling Hessian...
Setting operators...
Solving KSP...
KSP solved.
it=30, J=0.66420, dJ=1.28942e-02, ||g||=3.03081e+00, alpha=3.12969e-01, ksp_its=30, ls_evals=16
Assembling Hessian...
Setting operators...
Solving KSP...
KSP solved.
it=31, J=0.66032, dJ=3.87410e-03, ||g||=1.67396e+01, alpha=1.00068e+00, ksp_its=2, ls_evals=17
Assembling Hessian...
Setting operators...
Solving KSP...
KSP solved.
it=32, J=0.64987, dJ=1.04569e-02, ||g||=2.65994e+00, alpha=2.84339e-01, ksp_its=30, ls_evals=16
Assembling Hessian...
Setting operators...
Solving KSP...
KSP solved.
it=33, J=0.64675, dJ=3.11955e-03, ||g||=1.50163e+01, alpha=1.00068e+00, ksp_its=2, ls_evals=17
Assembling Hessian...
Setting operators...
Solving KSP...
KSP solved.
it=34, J=0.63837, dJ=8.37085e-03, ||g||=2.33996e+00, alpha=2.59527e-01, ksp_its=30, ls_evals=16
Assembling Hessian...
Setting operators...
Solving KSP...
KSP solved.
it=35, J=0.63590, dJ=2.47796e-03, ||g||=1.33785e+01, alpha=1.00042e+00, ksp_its=2, ls_evals=17
Assembling Hessian...
Setting operators...
Solving KSP...
KSP solved.
it=36, J=0.62932, dJ=6.57993e-03, ||g||=2.08276e+00, alpha=2.36914e-01, ksp_its=30, ls_evals=16
Assembling Hessian...
Setting operators...
Solving KSP...
KSP solved.
it=37, J=0.62739, dJ=1.92863e-03, ||g||=1.18005e+01, alpha=1.00042e+00, ksp_its=2, ls_evals=17
Assembling Hessian...
Setting operators...
Solving KSP...
KSP solved.
it=38, J=0.62234, dJ=5.05011e-03, ||g||=1.89402e+00, alpha=2.15402e-01, ksp_its=30, ls_evals=16
Assembling Hessian...
Setting operators...
Solving KSP...
KSP solved.
it=39, J=0.62088, dJ=1.45837e-03, ||g||=1.02639e+01, alpha=1.00042e+00, ksp_its=2, ls_evals=17
Assembling Hessian...
Setting operators...
Solving KSP...
KSP solved.
it=40, J=0.61712, dJ=3.75537e-03, ||g||=1.75952e+00, alpha=2.13740e-01, ksp_its=30, ls_evals=16
Assembling Hessian...
Setting operators...
Solving KSP...
KSP solved.
it=41, J=0.61606, dJ=1.06595e-03, ||g||=8.79173e+00, alpha=1.00042e+00, ksp_its=2, ls_evals=17
Assembling Hessian...
Setting operators...
Solving KSP...
KSP solved.
it=42, J=0.61338, dJ=2.67429e-03, ||g||=1.61841e+00, alpha=2.42544e-01, ksp_its=30, ls_evals=16
Assembling Hessian...
Setting operators...
Solving KSP...
KSP solved.
it=43, J=0.61265, dJ=7.37710e-04, ||g||=7.29001e+00, alpha=1.00042e+00, ksp_its=2, ls_evals=17
Assembling Hessian...
Setting operators...
Solving KSP...
KSP solved.
it=44, J=0.61085, dJ=1.79499e-03, ||g||=1.36024e+00, alpha=2.81951e-01, ksp_its=30, ls_evals=17
Assembling Hessian...
Setting operators...
Solving KSP...
KSP solved.
it=45, J=0.61038, dJ=4.75600e-04, ||g||=5.85313e+00, alpha=1.00042e+00, ksp_its=2, ls_evals=17
Assembling Hessian...
Setting operators...
Solving KSP...
KSP solved.
it=46, J=0.60927, dJ=1.10536e-03, ||g||=1.10581e+00, alpha=3.37837e-01, ksp_its=30, ls_evals=17
Assembling Hessian...
Setting operators...
Solving KSP...
KSP solved.
it=47, J=0.60900, dJ=2.75247e-04, ||g||=4.45877e+00, alpha=9.99983e-01, ksp_its=2, ls_evals=17
Assembling Hessian...
Setting operators...
Solving KSP...
KSP solved.
it=48, J=0.60840, dJ=5.95184e-04, ||g||=8.93758e-01, alpha=4.21676e-01, ksp_its=30, ls_evals=17
Assembling Hessian...
Setting operators...
Solving KSP...
KSP solved.
it=49, J=0.60827, dJ=1.34020e-04, ||g||=3.11298e+00, alpha=9.99983e-01, ksp_its=2, ls_evals=17
Assembling Hessian...
Setting operators...
Solving KSP...
KSP solved.
it=50, J=0.60802, dJ=2.50228e-04, ||g||=7.08091e-01, alpha=5.53932e-01, ksp_its=30, ls_evals=17
Assembling Hessian...
Setting operators...
Solving KSP...
KSP solved.
it=51, J=0.60797, dJ=4.69502e-05, ||g||=1.99442e+00, alpha=9.99983e-01, ksp_its=2, ls_evals=17
Step 2 finished: Energy = 0.607969, Iters = 51
--- Step 3/24, Angle: 3.1416 ---
Assembling Hessian...
Setting operators...
Solving KSP...
KSP solved.
it=1, J=22.43579, dJ=8.35926e+01, ||g||=3.05273e+03, alpha=9.06772e-01, ksp_its=2, ls_evals=16
Assembling Hessian...
Setting operators...
Solving KSP...
KSP solved.
it=2, J=9.98037, dJ=1.24554e+01, ||g||=2.84262e+03, alpha=1.11531e+00, ksp_its=2, ls_evals=17
Assembling Hessian...
Setting operators...
Solving KSP...
KSP solved.
it=3, J=6.16974, dJ=3.81063e+00, ||g||=7.59005e+02, alpha=5.90337e-01, ksp_its=17, ls_evals=16
Assembling Hessian...
Setting operators...
Solving KSP...
KSP solved.
it=4, J=4.15658, dJ=2.01316e+00, ||g||=5.45850e+02, alpha=9.56797e-01, ksp_its=4, ls_evals=17
Assembling Hessian...
Setting operators...
Solving KSP...
KSP solved.
it=5, J=3.42712, dJ=7.29459e-01, ||g||=5.43400e+02, alpha=5.44692e-01, ksp_its=27, ls_evals=16
Assembling Hessian...
Setting operators...
Solving KSP...
KSP solved.
it=6, J=2.90789, dJ=5.19227e-01, ||g||=3.25192e+02, alpha=7.63129e-01, ksp_its=4, ls_evals=17
Assembling Hessian...
Setting operators...
Solving KSP...
KSP solved.
it=7, J=2.55337, dJ=3.54519e-01, ||g||=2.61248e+02, alpha=6.37801e-01, ksp_its=16, ls_evals=16
Assembling Hessian...
Setting operators...
Solving KSP...
KSP solved.
it=8, J=2.49104, dJ=6.23335e-02, ||g||=1.68653e+02, alpha=1.93718e-01, ksp_its=4, ls_evals=17
Assembling Hessian...
Setting operators...
Solving KSP...
KSP solved.
it=9, J=2.31064, dJ=1.80405e-01, ||g||=1.35858e+02, alpha=1.35287e+00, ksp_its=5, ls_evals=17
Assembling Hessian...
Setting operators...
Solving KSP...
KSP solved.
it=10, J=2.30615, dJ=4.48399e-03, ||g||=6.17399e+01, alpha=9.98151e-01, ksp_its=30, ls_evals=17
Assembling Hessian...
Setting operators...
Solving KSP...
KSP solved.
it=11, J=2.30453, dJ=1.62344e-03, ||g||=5.20940e+01, alpha=9.99983e-01, ksp_its=30, ls_evals=17
Assembling Hessian...
Setting operators...
Solving KSP...
KSP solved.
it=12, J=2.30364, dJ=8.90403e-04, ||g||=3.32892e+01, alpha=9.99551e-01, ksp_its=30, ls_evals=17
Assembling Hessian...
Setting operators...
Solving KSP...
KSP solved.
it=13, J=2.30298, dJ=6.58346e-04, ||g||=3.41873e+01, alpha=9.99983e-01, ksp_its=30, ls_evals=17
Assembling Hessian...
Setting operators...
Solving KSP...
KSP solved.
it=14, J=2.30247, dJ=5.09114e-04, ||g||=2.61485e+01, alpha=9.99983e-01, ksp_its=30, ls_evals=17
Assembling Hessian...
Setting operators...
Solving KSP...
KSP solved.
it=15, J=2.23279, dJ=6.96767e-02, ||g||=2.79301e+01, alpha=7.25441e-01, ksp_its=30, ls_evals=17
Assembling Hessian...
Setting operators...
Solving KSP...
KSP solved.
it=16, J=2.07332, dJ=1.59477e-01, ||g||=2.02506e+02, alpha=4.40101e-01, ksp_its=18, ls_evals=16
Assembling Hessian...
Setting operators...
Solving KSP...
KSP solved.
it=17, J=2.01091, dJ=6.24017e-02, ||g||=1.34043e+02, alpha=1.01071e+00, ksp_its=3, ls_evals=17
Assembling Hessian...
Setting operators...
Solving KSP...
KSP solved.
it=18, J=1.91052, dJ=1.00397e-01, ||g||=1.54023e+01, alpha=3.04072e-01, ksp_its=30, ls_evals=16
Assembling Hessian...
Setting operators...
Solving KSP...
KSP solved.
it=19, J=1.88079, dJ=2.97277e-02, ||g||=4.75369e+01, alpha=1.00931e+00, ksp_its=3, ls_evals=17
Assembling Hessian...
Setting operators...
Solving KSP...
KSP solved.
it=20, J=1.80689, dJ=7.39022e-02, ||g||=9.06480e+00, alpha=2.03885e-01, ksp_its=30, ls_evals=16
Assembling Hessian...
Setting operators...
Solving KSP...
KSP solved.
it=21, J=1.78549, dJ=2.14023e-02, ||g||=4.00996e+01, alpha=1.00705e+00, ksp_its=3, ls_evals=17
Assembling Hessian...
Setting operators...
Solving KSP...
KSP solved.
it=22, J=1.72899, dJ=5.64984e-02, ||g||=7.02588e+00, alpha=1.93209e-01, ksp_its=30, ls_evals=16
Assembling Hessian...
Setting operators...
Solving KSP...
KSP solved.
it=23, J=1.71261, dJ=1.63772e-02, ||g||=3.49187e+01, alpha=1.00478e+00, ksp_its=3, ls_evals=17
Assembling Hessian...
Setting operators...
Solving KSP...
KSP solved.
it=24, J=1.66748, dJ=4.51277e-02, ||g||=5.23384e+00, alpha=2.60207e-01, ksp_its=30, ls_evals=16
Assembling Hessian...
Setting operators...
Solving KSP...
KSP solved.
it=25, J=1.65464, dJ=1.28377e-02, ||g||=3.12934e+01, alpha=1.00252e+00, ksp_its=2, ls_evals=17
Assembling Hessian...
Setting operators...
Solving KSP...
KSP solved.
it=26, J=1.61725, dJ=3.73951e-02, ||g||=1.31226e+01, alpha=3.39140e-01, ksp_its=30, ls_evals=16
Assembling Hessian...
Setting operators...
Solving KSP...
KSP solved.
it=27, J=1.60604, dJ=1.12130e-02, ||g||=2.97957e+01, alpha=1.00182e+00, ksp_its=2, ls_evals=17
Assembling Hessian...
Setting operators...
Solving KSP...
KSP solved.
it=28, J=1.57444, dJ=3.15959e-02, ||g||=1.45218e+01, alpha=3.59553e-01, ksp_its=30, ls_evals=16
Assembling Hessian...
Setting operators...
Solving KSP...
KSP solved.
it=29, J=1.56485, dJ=9.58593e-03, ||g||=2.62320e+01, alpha=1.00155e+00, ksp_its=2, ls_evals=17
Assembling Hessian...
Setting operators...
Solving KSP...
KSP solved.
it=30, J=1.53804, dJ=2.68159e-02, ||g||=1.24457e+01, alpha=3.46678e-01, ksp_its=30, ls_evals=16
Assembling Hessian...
Setting operators...
Solving KSP...
KSP solved.
it=31, J=1.52990, dJ=8.14135e-03, ||g||=2.34211e+01, alpha=1.00112e+00, ksp_its=2, ls_evals=17
Assembling Hessian...
Setting operators...
Solving KSP...
KSP solved.
it=32, J=1.50702, dJ=2.28799e-02, ||g||=1.09421e+01, alpha=3.21866e-01, ksp_its=30, ls_evals=16
Assembling Hessian...
Setting operators...
Solving KSP...
KSP solved.
it=33, J=1.50003, dJ=6.98888e-03, ||g||=2.16462e+01, alpha=1.00112e+00, ksp_its=2, ls_evals=17
Assembling Hessian...
Setting operators...
Solving KSP...
KSP solved.
it=34, J=1.48050, dJ=1.95243e-02, ||g||=9.51549e+00, alpha=2.84598e-01, ksp_its=30, ls_evals=16
Assembling Hessian...
Setting operators...
Solving KSP...
KSP solved.
it=35, J=1.47452, dJ=5.98893e-03, ||g||=1.99877e+01, alpha=1.00068e+00, ksp_its=2, ls_evals=17
Assembling Hessian...
Setting operators...
Solving KSP...
KSP solved.
it=36, J=1.45793, dJ=1.65817e-02, ||g||=8.20465e+00, alpha=2.41573e-01, ksp_its=30, ls_evals=16
Assembling Hessian...
Setting operators...
Solving KSP...
KSP solved.
it=37, J=1.45283, dJ=5.10821e-03, ||g||=1.84179e+01, alpha=1.00068e+00, ksp_its=2, ls_evals=17
Assembling Hessian...
Setting operators...
Solving KSP...
KSP solved.
it=38, J=1.43883, dJ=1.39910e-02, ||g||=7.07789e+00, alpha=2.01686e-01, ksp_its=30, ls_evals=16
Assembling Hessian...
Setting operators...
Solving KSP...
KSP solved.
it=39, J=1.43456, dJ=4.27700e-03, ||g||=1.68582e+01, alpha=1.00068e+00, ksp_its=2, ls_evals=17
Assembling Hessian...
Setting operators...
Solving KSP...
KSP solved.
it=40, J=1.42284, dJ=1.17147e-02, ||g||=6.12159e+00, alpha=1.70856e-01, ksp_its=30, ls_evals=16
Assembling Hessian...
Setting operators...
Solving KSP...
KSP solved.
it=41, J=1.41927, dJ=3.56939e-03, ||g||=1.54726e+01, alpha=1.00068e+00, ksp_its=2, ls_evals=17
Assembling Hessian...
Setting operators...
Solving KSP...
KSP solved.
it=42, J=1.40957, dJ=9.70660e-03, ||g||=5.28179e+00, alpha=1.47144e-01, ksp_its=30, ls_evals=16
Assembling Hessian...
Setting operators...
Solving KSP...
KSP solved.
it=43, J=1.40661, dJ=2.95759e-03, ||g||=1.40722e+01, alpha=1.00068e+00, ksp_its=3, ls_evals=17
Assembling Hessian...
Setting operators...
Solving KSP...
KSP solved.
it=44, J=1.39868, dJ=7.92712e-03, ||g||=2.07166e+00, alpha=1.41000e-01, ksp_its=30, ls_evals=16
Assembling Hessian...
Setting operators...
Solving KSP...
KSP solved.
it=45, J=1.39630, dJ=2.38105e-03, ||g||=1.37489e+01, alpha=1.00042e+00, ksp_its=2, ls_evals=17
Assembling Hessian...
Setting operators...
Solving KSP...
KSP solved.
it=46, J=1.38996, dJ=6.34519e-03, ||g||=2.92206e+00, alpha=1.59902e-01, ksp_its=30, ls_evals=16
Assembling Hessian...
Setting operators...
Solving KSP...
KSP solved.
it=47, J=1.38805, dJ=1.90755e-03, ||g||=1.21767e+01, alpha=1.00042e+00, ksp_its=3, ls_evals=17
Assembling Hessian...
Setting operators...
Solving KSP...
KSP solved.
it=48, J=1.38307, dJ=4.97593e-03, ||g||=1.65482e+00, alpha=1.71887e-01, ksp_its=30, ls_evals=16
Assembling Hessian...
Setting operators...
Solving KSP...
KSP solved.
it=49, J=1.38162, dJ=1.45064e-03, ||g||=1.06241e+01, alpha=1.00042e+00, ksp_its=2, ls_evals=17
Assembling Hessian...
Setting operators...
Solving KSP...
KSP solved.
it=50, J=1.37783, dJ=3.78763e-03, ||g||=2.10320e+00, alpha=1.98517e-01, ksp_its=30, ls_evals=17
Assembling Hessian...
Setting operators...
Solving KSP...
KSP solved.
it=51, J=1.37674, dJ=1.09819e-03, ||g||=9.20347e+00, alpha=1.00042e+00, ksp_its=3, ls_evals=17
Assembling Hessian...
Setting operators...
Solving KSP...
KSP solved.
it=52, J=1.37399, dJ=2.75045e-03, ||g||=1.30510e+00, alpha=2.22509e-01, ksp_its=30, ls_evals=17
Assembling Hessian...
Setting operators...
Solving KSP...
KSP solved.
it=53, J=1.37322, dJ=7.69789e-04, ||g||=7.89298e+00, alpha=1.00042e+00, ksp_its=2, ls_evals=17
Assembling Hessian...
Setting operators...
Solving KSP...
KSP solved.
it=54, J=1.37129, dJ=1.92444e-03, ||g||=1.66454e+00, alpha=2.70061e-01, ksp_its=30, ls_evals=17
Assembling Hessian...
Setting operators...
Solving KSP...
KSP solved.
it=55, J=1.37077, dJ=5.19459e-04, ||g||=6.38100e+00, alpha=1.00042e+00, ksp_its=2, ls_evals=17
Assembling Hessian...
Setting operators...
Solving KSP...
KSP solved.
it=56, J=1.36958, dJ=1.19154e-03, ||g||=1.14102e+00, alpha=3.45868e-01, ksp_its=30, ls_evals=17
Assembling Hessian...
Setting operators...
Solving KSP...
KSP solved.
it=57, J=1.36928, dJ=2.98006e-04, ||g||=5.28369e+00, alpha=9.99983e-01, ksp_its=2, ls_evals=17
Assembling Hessian...
Setting operators...
Solving KSP...
KSP solved.
it=58, J=1.36881, dJ=4.74877e-04, ||g||=1.54954e+00, alpha=8.21143e-01, ksp_its=30, ls_evals=17
Assembling Hessian...
Setting operators...
Solving KSP...
KSP solved.
it=59, J=1.36862, dJ=1.83567e-04, ||g||=2.76883e+00, alpha=1.03174e+00, ksp_its=9, ls_evals=17
Assembling Hessian...
Setting operators...
Solving KSP...
KSP solved.
it=60, J=1.36858, dJ=4.15075e-05, ||g||=3.27921e+00, alpha=9.98583e-01, ksp_its=12, ls_evals=17
Assembling Hessian...
Setting operators...
Solving KSP...
KSP solved.
it=61, J=1.36826, dJ=3.24961e-04, ||g||=2.62332e+00, alpha=7.57198e-01, ksp_its=30, ls_evals=17
Assembling Hessian...
Setting operators...
Solving KSP...
KSP solved.
it=62, J=1.36816, dJ=9.99405e-05, ||g||=4.81619e+00, alpha=1.00548e+00, ksp_its=9, ls_evals=17
Assembling Hessian...
Setting operators...
Solving KSP...
KSP solved.
it=63, J=1.36806, dJ=9.56238e-05, ||g||=3.25573e+00, alpha=9.93352e-01, ksp_its=30, ls_evals=17
Assembling Hessian...
Setting operators...
Solving KSP...
KSP solved.
it=64, J=1.36802, dJ=4.21006e-05, ||g||=2.40746e+00, alpha=1.01001e+00, ksp_its=16, ls_evals=17
Assembling Hessian...
Setting operators...
Solving KSP...
KSP solved.
it=65, J=1.36800, dJ=2.14728e-05, ||g||=1.88059e+00, alpha=9.94485e-01, ksp_its=15, ls_evals=17
Assembling Hessian...
Setting operators...
Solving KSP...
KSP solved.
it=66, J=1.36799, dJ=9.26495e-06, ||g||=1.69655e+00, alpha=1.00042e+00, ksp_its=8, ls_evals=17
Step 3 finished: Energy = 1.367989, Iters = 66
--- Step 4/24, Angle: 4.1888 ---
Assembling Hessian...
Setting operators...
Solving KSP...
KSP solved.
it=1, J=22.55405, dJ=8.44864e+01, ||g||=3.04122e+03, alpha=8.33768e-01, ksp_its=1, ls_evals=16
Assembling Hessian...
Setting operators...
Solving KSP...
KSP solved.
it=2, J=6.25791, dJ=1.62961e+01, ||g||=1.45927e+03, alpha=1.12674e+00, ksp_its=3, ls_evals=17
Assembling Hessian...
Setting operators...
Solving KSP...
KSP solved.
it=3, J=4.72687, dJ=1.53104e+00, ||g||=5.56872e+02, alpha=3.85731e-01, ksp_its=8, ls_evals=16
Assembling Hessian...
Setting operators...
Solving KSP...
KSP solved.
it=4, J=3.51940, dJ=1.20747e+00, ||g||=3.94726e+02, alpha=1.17629e+00, ksp_its=7, ls_evals=17
Assembling Hessian...
Setting operators...
Solving KSP...
KSP solved.
it=5, J=3.27094, dJ=2.48464e-01, ||g||=1.63019e+02, alpha=4.97751e-01, ksp_its=11, ls_evals=17
Assembling Hessian...
Setting operators...
Solving KSP...
KSP solved.
it=6, J=3.05001, dJ=2.20929e-01, ||g||=1.14590e+02, alpha=1.98639e+00, ksp_its=5, ls_evals=17
Assembling Hessian...
Setting operators...
Solving KSP...
KSP solved.
it=7, J=2.94597, dJ=1.04045e-01, ||g||=9.89847e+01, alpha=4.34238e-01, ksp_its=11, ls_evals=17
Assembling Hessian...
Setting operators...
Solving KSP...
KSP solved.
it=8, J=2.85158, dJ=9.43824e-02, ||g||=8.25586e+01, alpha=1.45083e+00, ksp_its=8, ls_evals=17
Assembling Hessian...
Setting operators...
Solving KSP...
KSP solved.
it=9, J=2.81732, dJ=3.42625e-02, ||g||=6.02065e+01, alpha=1.12081e+00, ksp_its=5, ls_evals=17
Assembling Hessian...
Setting operators...
Solving KSP...
KSP solved.
it=10, J=2.76868, dJ=4.86381e-02, ||g||=3.43877e+01, alpha=3.49977e-01, ksp_its=30, ls_evals=16
Assembling Hessian...
Setting operators...
Solving KSP...
KSP solved.
it=11, J=2.75324, dJ=1.54431e-02, ||g||=4.07793e+01, alpha=1.01551e+00, ksp_its=3, ls_evals=17
Assembling Hessian...
Setting operators...
Solving KSP...
KSP solved.
it=12, J=2.71442, dJ=3.88167e-02, ||g||=1.05357e+01, alpha=2.70203e-01, ksp_its=30, ls_evals=16
Assembling Hessian...
Setting operators...
Solving KSP...
KSP solved.
it=13, J=2.70363, dJ=1.07967e-02, ||g||=2.93872e+01, alpha=1.00635e+00, ksp_its=2, ls_evals=17
Assembling Hessian...
Setting operators...
Solving KSP...
KSP solved.
it=14, J=2.67332, dJ=3.03053e-02, ||g||=1.09214e+01, alpha=1.95668e-01, ksp_its=30, ls_evals=16
Assembling Hessian...
Setting operators...
Solving KSP...
KSP solved.
it=15, J=2.66391, dJ=9.40961e-03, ||g||=2.79912e+01, alpha=1.00591e+00, ksp_its=3, ls_evals=17
Assembling Hessian...
Setting operators...
Solving KSP...
KSP solved.
it=16, J=2.63922, dJ=2.46897e-02, ||g||=6.35448e+00, alpha=1.42226e-01, ksp_its=30, ls_evals=16
Assembling Hessian...
Setting operators...
Solving KSP...
KSP solved.
it=17, J=2.63227, dJ=6.95291e-03, ||g||=2.36981e+01, alpha=1.00338e+00, ksp_its=2, ls_evals=17
Assembling Hessian...
Setting operators...
Solving KSP...
KSP solved.
it=18, J=2.61095, dJ=2.13162e-02, ||g||=9.13036e+00, alpha=1.60493e-01, ksp_its=30, ls_evals=16
Assembling Hessian...
Setting operators...
Solving KSP...
KSP solved.
it=19, J=2.60453, dJ=6.41900e-03, ||g||=2.34680e+01, alpha=1.00252e+00, ksp_its=2, ls_evals=17
Assembling Hessian...
Setting operators...
Solving KSP...
KSP solved.
it=20, J=2.58527, dJ=1.92588e-02, ||g||=8.14016e+00, alpha=1.67718e-01, ksp_its=30, ls_evals=16
Assembling Hessian...
Setting operators...
Solving KSP...
KSP solved.
it=21, J=2.57947, dJ=5.80898e-03, ||g||=2.04607e+01, alpha=1.00225e+00, ksp_its=2, ls_evals=17
Assembling Hessian...
Setting operators...
Solving KSP...
KSP solved.
it=22, J=2.56173, dJ=1.77338e-02, ||g||=7.93090e+00, alpha=2.28277e-01, ksp_its=30, ls_evals=16
Assembling Hessian...
Setting operators...
Solving KSP...
KSP solved.
it=23, J=2.55635, dJ=5.38537e-03, ||g||=1.97907e+01, alpha=1.00182e+00, ksp_its=2, ls_evals=17
Assembling Hessian...
Setting operators...
Solving KSP...
KSP solved.
it=24, J=2.54001, dJ=1.63386e-02, ||g||=7.40134e+00, alpha=2.65965e-01, ksp_its=30, ls_evals=16
Assembling Hessian...
Setting operators...
Solving KSP...
KSP solved.
it=25, J=2.53500, dJ=5.01032e-03, ||g||=1.89467e+01, alpha=1.00155e+00, ksp_its=2, ls_evals=17
Assembling Hessian...
Setting operators...
Solving KSP...
KSP solved.
it=26, J=2.52026, dJ=1.47416e-02, ||g||=7.08261e+00, alpha=2.61306e-01, ksp_its=30, ls_evals=16
Assembling Hessian...
Setting operators...
Solving KSP...
KSP solved.
it=27, J=2.51572, dJ=4.53589e-03, ||g||=1.79639e+01, alpha=1.00112e+00, ksp_its=2, ls_evals=17
Assembling Hessian...
Setting operators...
Solving KSP...
KSP solved.
it=28, J=2.50269, dJ=1.30272e-02, ||g||=6.50090e+00, alpha=2.27177e-01, ksp_its=30, ls_evals=16
Assembling Hessian...
Setting operators...
Solving KSP...
KSP solved.
it=29, J=2.49869, dJ=4.00407e-03, ||g||=1.67497e+01, alpha=1.00112e+00, ksp_its=2, ls_evals=17
Assembling Hessian...
Setting operators...
Solving KSP...
KSP solved.
it=30, J=2.48742, dJ=1.12659e-02, ||g||=5.87036e+00, alpha=1.84152e-01, ksp_its=30, ls_evals=16
Assembling Hessian...
Setting operators...
Solving KSP...
KSP solved.
it=31, J=2.48390, dJ=3.51996e-03, ||g||=1.54734e+01, alpha=1.00112e+00, ksp_its=3, ls_evals=17
Assembling Hessian...
Setting operators...
Solving KSP...
KSP solved.
it=32, J=2.47433, dJ=9.57089e-03, ||g||=1.87280e+00, alpha=1.47984e-01, ksp_its=30, ls_evals=16
Assembling Hessian...
Setting operators...
Solving KSP...
KSP solved.
it=33, J=2.47141, dJ=2.92611e-03, ||g||=1.50346e+01, alpha=1.00068e+00, ksp_its=3, ls_evals=17
Assembling Hessian...
Setting operators...
Solving KSP...
KSP solved.
it=34, J=2.46347, dJ=7.93176e-03, ||g||=1.59156e+00, alpha=1.29920e-01, ksp_its=30, ls_evals=16
Assembling Hessian...
Setting operators...
Solving KSP...
KSP solved.
it=35, J=2.46106, dJ=2.40942e-03, ||g||=1.33255e+01, alpha=1.00068e+00, ksp_its=3, ls_evals=17
Assembling Hessian...
Setting operators...
Solving KSP...
KSP solved.
it=36, J=2.45463, dJ=6.43865e-03, ||g||=1.43050e+00, alpha=1.44749e-01, ksp_its=30, ls_evals=16
Assembling Hessian...
Setting operators...
Solving KSP...
KSP solved.
it=37, J=2.45270, dJ=1.92387e-03, ||g||=1.18862e+01, alpha=1.00068e+00, ksp_its=3, ls_evals=17
Assembling Hessian...
Setting operators...
Solving KSP...
KSP solved.
it=38, J=2.44761, dJ=5.09171e-03, ||g||=1.21393e+00, alpha=1.62904e-01, ksp_its=30, ls_evals=17
Assembling Hessian...
Setting operators...
Solving KSP...
KSP solved.
it=39, J=2.44611, dJ=1.49808e-03, ||g||=1.04860e+01, alpha=1.00042e+00, ksp_its=3, ls_evals=17
Assembling Hessian...
Setting operators...
Solving KSP...
KSP solved.
it=40, J=2.44221, dJ=3.90162e-03, ||g||=1.05659e+00, alpha=1.85954e-01, ksp_its=30, ls_evals=17
Assembling Hessian...
Setting operators...
Solving KSP...
KSP solved.
it=41, J=2.44108, dJ=1.12619e-03, ||g||=9.09697e+00, alpha=1.00042e+00, ksp_its=3, ls_evals=17
Assembling Hessian...
Setting operators...
Solving KSP...
KSP solved.
it=42, J=2.43822, dJ=2.86775e-03, ||g||=8.40327e-01, alpha=2.14745e-01, ksp_its=30, ls_evals=17
Assembling Hessian...
Setting operators...
Solving KSP...
KSP solved.
it=43, J=2.43741, dJ=8.04048e-04, ||g||=7.69669e+00, alpha=1.00042e+00, ksp_its=3, ls_evals=17
Assembling Hessian...
Setting operators...
Solving KSP...
KSP solved.
it=44, J=2.43542, dJ=1.99647e-03, ||g||=7.36940e-01, alpha=2.53832e-01, ksp_its=30, ls_evals=17
Assembling Hessian...
Setting operators...
Solving KSP...
KSP solved.
it=45, J=2.43488, dJ=5.40570e-04, ||g||=6.37180e+00, alpha=1.00042e+00, ksp_its=3, ls_evals=17
Assembling Hessian...
Setting operators...
Solving KSP...
KSP solved.
it=46, J=2.43360, dJ=1.27980e-03, ||g||=5.37069e-01, alpha=3.09746e-01, ksp_its=30, ls_evals=17
Assembling Hessian...
Setting operators...
Solving KSP...
KSP solved.
it=47, J=2.43327, dJ=3.27702e-04, ||g||=5.15556e+00, alpha=1.00042e+00, ksp_its=3, ls_evals=17
Assembling Hessian...
Setting operators...
Solving KSP...
KSP solved.
it=48, J=2.43255, dJ=7.20975e-04, ||g||=8.03098e-01, alpha=4.13479e-01, ksp_its=30, ls_evals=17
Assembling Hessian...
Setting operators...
Solving KSP...
KSP solved.
it=49, J=2.43238, dJ=1.68870e-04, ||g||=4.40446e+00, alpha=9.99983e-01, ksp_its=3, ls_evals=17
Assembling Hessian...
Setting operators...
Solving KSP...
KSP solved.
it=50, J=2.43220, dJ=1.82948e-04, ||g||=4.56344e-01, alpha=8.95118e-01, ksp_its=30, ls_evals=17
Assembling Hessian...
Setting operators...
Solving KSP...
KSP solved.
it=51, J=2.43211, dJ=8.90307e-05, ||g||=1.91303e+00, alpha=1.01708e+00, ksp_its=14, ls_evals=17
Assembling Hessian...
Setting operators...
Solving KSP...
KSP solved.
it=52, J=2.43203, dJ=7.75940e-05, ||g||=2.63390e+00, alpha=9.71193e-01, ksp_its=30, ls_evals=17
Assembling Hessian...
Setting operators...
Solving KSP...
KSP solved.
it=53, J=2.43199, dJ=3.43118e-05, ||g||=3.22568e+00, alpha=1.00112e+00, ksp_its=12, ls_evals=17
Assembling Hessian...
Setting operators...
Solving KSP...
KSP solved.
it=54, J=2.43190, dJ=9.61376e-05, ||g||=4.95548e-01, alpha=8.52199e-01, ksp_its=30, ls_evals=17
Assembling Hessian...
Setting operators...
Solving KSP...
KSP solved.
it=55, J=2.43186, dJ=3.66464e-05, ||g||=2.14526e+00, alpha=1.00478e+00, ksp_its=16, ls_evals=17
Assembling Hessian...
Setting operators...
Solving KSP...
KSP solved.
it=56, J=2.43184, dJ=1.73468e-05, ||g||=1.00663e+00, alpha=9.73458e-01, ksp_its=30, ls_evals=17
Assembling Hessian...
Setting operators...
Solving KSP...
KSP solved.
it=57, J=2.43184, dJ=8.65209e-06, ||g||=8.36461e-01, alpha=1.00591e+00, ksp_its=18, ls_evals=17
Assembling Hessian...
Setting operators...
Solving KSP...
KSP solved.
it=58, J=2.43182, dJ=1.35479e-05, ||g||=3.41903e-01, alpha=9.30972e-01, ksp_its=30, ls_evals=17
Assembling Hessian...
Setting operators...
Solving KSP...
KSP solved.
it=59, J=2.43182, dJ=5.77454e-06, ||g||=8.39391e-01, alpha=1.00112e+00, ksp_its=15, ls_evals=17
Step 4 finished: Energy = 2.431816, Iters = 59
--- Step 5/24, Angle: 5.2360 ---
Assembling Hessian...
Setting operators...
Solving KSP...
KSP solved.
it=1, J=18.79548, dJ=8.95518e+01, ||g||=3.03198e+03, alpha=9.56749e-01, ksp_its=3, ls_evals=17
Assembling Hessian...
Setting operators...
Solving KSP...
KSP solved.
it=2, J=13.80864, dJ=4.98684e+00, ||g||=1.30204e+03, alpha=3.31773e-01, ksp_its=9, ls_evals=33
Assembling Hessian...
Setting operators...
Solving KSP...
KSP solved.
it=3, J=11.22044, dJ=2.58820e+00, ||g||=6.57593e+03, alpha=1.10118e+00, ksp_its=2, ls_evals=17
Assembling Hessian...
Setting operators...
Solving KSP...
KSP solved.
it=4, J=9.52403, dJ=1.69641e+00, ||g||=3.71954e+03, alpha=3.99440e-01, ksp_its=30, ls_evals=16
Assembling Hessian...
Setting operators...
Solving KSP...
KSP solved.
it=5, J=6.98276, dJ=2.54127e+00, ||g||=5.97274e+03, alpha=9.25385e-01, ksp_its=26, ls_evals=16
Assembling Hessian...
Setting operators...
Solving KSP...
KSP solved.
it=6, J=6.32203, dJ=6.60733e-01, ||g||=4.92438e+02, alpha=5.71726e-01, ksp_its=5, ls_evals=17
Assembling Hessian...
Setting operators...
Solving KSP...
KSP solved.
it=7, J=6.28271, dJ=3.93117e-02, ||g||=3.52359e+02, alpha=6.86304e-02, ksp_its=27, ls_evals=48
Assembling Hessian...
Setting operators...
Solving KSP...
KSP solved.
it=8, J=5.97658, dJ=3.06131e-01, ||g||=2.80571e+02, alpha=8.56448e-01, ksp_its=29, ls_evals=16
Assembling Hessian...
Setting operators...
Solving KSP...
KSP solved.
it=9, J=5.42306, dJ=5.53526e-01, ||g||=4.37058e+02, alpha=9.99660e-01, ksp_its=16, ls_evals=16
Assembling Hessian...
Setting operators...
Solving KSP...
KSP solved.
it=10, J=5.17737, dJ=2.45688e-01, ||g||=2.69991e+02, alpha=6.09650e-01, ksp_its=15, ls_evals=16
Assembling Hessian...
Setting operators...
Solving KSP...
KSP solved.
it=11, J=5.00233, dJ=1.75042e-01, ||g||=3.77159e+02, alpha=4.70416e-01, ksp_its=15, ls_evals=16
Assembling Hessian...
Setting operators...
Solving KSP...
KSP solved.
it=12, J=4.79011, dJ=2.12214e-01, ||g||=4.10006e+02, alpha=6.99420e-01, ksp_its=17, ls_evals=16
Assembling Hessian...
Setting operators...
Solving KSP...
KSP solved.
it=13, J=4.68223, dJ=1.07880e-01, ||g||=3.53317e+02, alpha=6.29804e-01, ksp_its=15, ls_evals=16
Assembling Hessian...
Setting operators...
Solving KSP...
KSP solved.
it=14, J=4.62959, dJ=5.26452e-02, ||g||=3.53493e+02, alpha=3.86565e-01, ksp_its=17, ls_evals=16
Assembling Hessian...
Setting operators...
Solving KSP...
KSP solved.
it=15, J=4.60923, dJ=2.03520e-02, ||g||=2.74359e+02, alpha=7.86269e-02, ksp_its=18, ls_evals=32
Assembling Hessian...
Setting operators...
Solving KSP...
KSP solved.
it=16, J=4.59567, dJ=1.35646e-02, ||g||=2.60753e+02, alpha=2.87057e-01, ksp_its=16, ls_evals=16
Assembling Hessian...
Setting operators...
Solving KSP...
KSP solved.
it=17, J=4.46046, dJ=1.35206e-01, ||g||=4.84297e+02, alpha=9.99660e-01, ksp_its=18, ls_evals=16
Assembling Hessian...
Setting operators...
Solving KSP...
KSP solved.
it=18, J=4.45436, dJ=6.10737e-03, ||g||=2.46131e+02, alpha=9.52217e-02, ksp_its=14, ls_evals=16
Assembling Hessian...
Setting operators...
Solving KSP...
KSP solved.
it=19, J=4.31050, dJ=1.43860e-01, ||g||=1.75223e+02, alpha=9.99660e-01, ksp_its=19, ls_evals=16
Assembling Hessian...
Setting operators...
Solving KSP...
KSP solved.
it=20, J=4.18369, dJ=1.26807e-01, ||g||=1.01512e+02, alpha=1.10246e+00, ksp_its=10, ls_evals=17
Assembling Hessian...
Setting operators...
Solving KSP...
KSP solved.
it=21, J=4.15694, dJ=2.67503e-02, ||g||=1.03466e+02, alpha=1.05660e+00, ksp_its=3, ls_evals=17
Assembling Hessian...
Setting operators...
Solving KSP...
KSP solved.
it=22, J=4.10341, dJ=5.35253e-02, ||g||=2.25109e+01, alpha=5.03186e-01, ksp_its=30, ls_evals=16
Assembling Hessian...
Setting operators...
Solving KSP...
KSP solved.
it=23, J=4.08791, dJ=1.55009e-02, ||g||=3.75169e+01, alpha=1.00365e+00, ksp_its=2, ls_evals=17
Assembling Hessian...
Setting operators...
Solving KSP...
KSP solved.
it=24, J=4.04261, dJ=4.53084e-02, ||g||=1.25797e+01, alpha=6.73509e-01, ksp_its=30, ls_evals=16
Assembling Hessian...
Setting operators...
Solving KSP...
KSP solved.
it=25, J=4.02909, dJ=1.35131e-02, ||g||=3.22820e+01, alpha=1.00225e+00, ksp_its=2, ls_evals=17
Assembling Hessian...
Setting operators...
Solving KSP...
KSP solved.
it=26, J=3.99253, dJ=3.65636e-02, ||g||=1.14962e+01, alpha=7.01879e-01, ksp_its=30, ls_evals=16
Assembling Hessian...
Setting operators...
Solving KSP...
KSP solved.
it=27, J=3.98181, dJ=1.07148e-02, ||g||=2.74904e+01, alpha=1.00225e+00, ksp_its=2, ls_evals=17
Assembling Hessian...
Setting operators...
Solving KSP...
KSP solved.
it=28, J=3.95250, dJ=2.93180e-02, ||g||=1.05553e+01, alpha=7.64638e-01, ksp_its=30, ls_evals=16
Assembling Hessian...
Setting operators...
Solving KSP...
KSP solved.
it=29, J=3.94400, dJ=8.49225e-03, ||g||=2.46501e+01, alpha=1.00182e+00, ksp_its=2, ls_evals=17
Assembling Hessian...
Setting operators...
Solving KSP...
KSP solved.
it=30, J=3.92082, dJ=2.31866e-02, ||g||=9.78309e+00, alpha=8.04785e-01, ksp_its=30, ls_evals=16
Assembling Hessian...
Setting operators...
Solving KSP...
KSP solved.
it=31, J=3.91411, dJ=6.70731e-03, ||g||=2.20931e+01, alpha=1.00155e+00, ksp_its=2, ls_evals=17
Assembling Hessian...
Setting operators...
Solving KSP...
KSP solved.
it=32, J=3.89594, dJ=1.81744e-02, ||g||=8.90531e+00, alpha=7.89710e-01, ksp_its=30, ls_evals=16
Assembling Hessian...
Setting operators...
Solving KSP...
KSP solved.
it=33, J=3.89061, dJ=5.32088e-03, ||g||=1.97806e+01, alpha=1.00155e+00, ksp_its=2, ls_evals=17
Assembling Hessian...
Setting operators...
Solving KSP...
KSP solved.
it=34, J=3.87597, dJ=1.46444e-02, ||g||=7.78398e+00, alpha=7.34908e-01, ksp_its=30, ls_evals=16
Assembling Hessian...
Setting operators...
Solving KSP...
KSP solved.
it=35, J=3.87161, dJ=4.35523e-03, ||g||=1.77098e+01, alpha=1.00112e+00, ksp_its=2, ls_evals=17
Assembling Hessian...
Setting operators...
Solving KSP...
