{
  "case": {
    "problem": "gl",
    "backend": "fenics",
    "level": 7,
    "out": "/home/michal/repos/fenics_nonlinear_energies/artifacts/reproduction/2026-03-15_refactor_stage2b_final/full/gl_final_suite/fenics_custom_l7_np32.json",
    "quiet": true,
    "save_history": true,
    "save_linear_timing": true,
    "steps": 1,
    "start_step": 1,
    "total_steps": 24,
    "ksp_type": "gmres",
    "pc_type": "hypre",
    "ksp_rtol": 0.001,
    "ksp_max_it": 200,
    "profile": "reference",
    "coloring_trials": 10,
    "nproc_threads": 1,
    "hvp_eval_mode": "sequential",
    "element_reorder_mode": null,
    "local_hessian_mode": null,
    "tolf": 1e-06,
    "tolg": 1e-05,
    "tolg_rel": 0.001,
    "tolx_rel": 0.001,
    "tolx_abs": 1e-10,
    "maxit": 100,
    "step_time_limit_s": null,
    "linesearch_a": -0.5,
    "linesearch_b": 2.0,
    "linesearch_tol": 0.001,
    "use_trust_region": false,
    "trust_radius_init": 1.0,
    "trust_radius_min": 1e-08,
    "trust_radius_max": 1000000.0,
    "trust_shrink": 0.5,
    "trust_expand": 1.5,
    "trust_eta_shrink": 0.05,
    "trust_eta_expand": 0.75,
    "trust_max_reject": 6,
    "trust_subproblem_line_search": false,
    "local_coloring": true,
    "retry_on_failure": false,
    "pc_setup_on_ksp_cap": false,
    "use_near_nullspace": true,
    "reorder": null,
    "gamg_threshold": 0.05,
    "gamg_agg_nsmooths": 1,
    "gamg_set_coordinates": true
  },
  "result": {
    "mesh_level": 7,
    "total_dofs": 66049,
    "free_dofs": 66049,
    "setup_time": 0.211729,
    "solve_time_total": 0.444936,
    "total_time": 0.656774,
    "steps": [
      {
        "step": 1,
        "time": 0.444936,
        "nit": 8,
        "linear_iters": 35,
        "energy": 0.3456622611128811,
        "message": "Converged (energy, step, gradient)",
        "attempt": "primary",
        "ksp_rtol_used": 0.001,
        "ksp_max_it_used": 200,
        "linesearch_interval_used": [
          -0.5,
          2.0
        ],
        "history": [
          {
            "it": 1,
            "energy": 0.5671636360035632,
            "dE": 0.09814604646316982,
            "grad_norm": 0.00370460376965253,
            "grad_target": 1e-05,
            "grad_norm_post": NaN,
            "alpha": -0.2609625178421532,
            "ksp_its": 11,
            "ls_evals": 19,
            "ls_repaired": false,
            "used_gradient_fallback": false,
            "accepted_step": true,
            "step_norm": 63.42428766589524,
            "step_rel": 0.4955022473898066,
            "pred_reduction": NaN,
            "actual_reduction": NaN,
            "trust_rejects": 0,
            "t_grad": 0.0005931518971920013,
            "t_hess": 0.0742101410869509,
            "t_ls": 0.007824098924174905,
            "t_update": 2.03009694814682e-05,
            "t_iter": 0.08271464298013598,
            "trust_radius": 1.0,
            "trust_ratio": NaN,
            "trust_qp": NaN
          },
          {
            "it": 2,
            "energy": 0.5087330165038392,
            "dE": 0.05843061949972406,
            "grad_norm": 0.0040747809744686855,
            "grad_target": 1e-05,
            "grad_norm_post": NaN,
            "alpha": 0.3093135546973612,
            "ksp_its": 6,
            "ls_evals": 19,
            "ls_repaired": false,
            "used_gradient_fallback": false,
            "accepted_step": true,
            "step_norm": 54.291335563793226,
            "step_rel": 0.3403236680013319,
            "pred_reduction": NaN,
            "actual_reduction": NaN,
            "trust_rejects": 0,
            "t_grad": 0.000700221979059279,
            "t_hess": 0.05814393295440823,
            "t_ls": 0.005770983989350498,
            "t_update": 2.1212035790085793e-05,
            "t_iter": 0.06469114392530173,
            "trust_radius": 1.0,
            "trust_ratio": NaN,
            "trust_qp": NaN
          },
          {
            "it": 3,
            "energy": 0.44242866178432394,
            "dE": 0.06630435471951523,
            "grad_norm": 0.00223265231973044,
            "grad_target": 1e-05,
            "grad_norm_post": NaN,
            "alpha": -0.29778465703793444,
            "ksp_its": 5,
            "ls_evals": 19,
            "ls_repaired": false,
            "used_gradient_fallback": false,
            "accepted_step": true,
            "step_norm": 67.02200122157208,
            "step_rel": 0.3578275101504414,
            "pred_reduction": NaN,
            "actual_reduction": NaN,
            "trust_rejects": 0,
            "t_grad": 0.00047695706598460674,
            "t_hess": 0.04900307301431894,
            "t_ls": 0.006378986989147961,
            "t_update": 2.921407576650381e-05,
            "t_iter": 0.05591530294623226,
            "trust_radius": 1.0,
            "trust_ratio": NaN,
            "trust_qp": NaN
          },
          {
            "it": 4,
            "energy": 0.3727148484954389,
            "dE": 0.06971381328888504,
            "grad_norm": 0.003433099276149391,
            "grad_target": 1e-05,
            "grad_norm_post": NaN,
            "alpha": 0.24213529930515543,
            "ksp_its": 4,
            "ls_evals": 19,
            "ls_repaired": false,
            "used_gradient_fallback": false,
            "accepted_step": true,
            "step_norm": 53.448116192366236,
            "step_rel": 0.26544177837280775,
            "pred_reduction": NaN,
            "actual_reduction": NaN,
            "trust_rejects": 0,
            "t_grad": 0.0006907980423420668,
            "t_hess": 0.04610349505674094,
            "t_ls": 0.007339832023717463,
            "t_update": 2.3716012947261333e-05,
            "t_iter": 0.054188927984796464,
            "trust_radius": 1.0,
            "trust_ratio": NaN,
            "trust_qp": NaN
          },
          {
            "it": 5,
            "energy": 0.3474538601715566,
            "dE": 0.025260988323882294,
            "grad_norm": 0.0028326624566358967,
            "grad_target": 1e-05,
            "grad_norm_post": NaN,
            "alpha": 0.7731584459756988,
            "ksp_its": 3,
            "ls_evals": 19,
            "ls_repaired": false,
            "used_gradient_fallback": false,
            "accepted_step": true,
            "step_norm": 21.974008939935135,
            "step_rel": 0.1024084102839804,
            "pred_reduction": NaN,
            "actual_reduction": NaN,
            "trust_rejects": 0,
            "t_grad": 0.0006736729992553592,
            "t_hess": 0.040570057928562164,
            "t_ls": 0.007071780040860176,
            "t_update": 2.3965956643223763e-05,
            "t_iter": 0.048368940013460815,
            "trust_radius": 1.0,
            "trust_ratio": NaN,
            "trust_qp": NaN
          },
          {
            "it": 6,
            "energy": 0.3456648236269875,
            "dE": 0.0017890365445690781,
            "grad_norm": 0.0007333572436662621,
            "grad_target": 1e-05,
            "grad_norm_post": NaN,
            "alpha": 1.065328885062393,
            "ksp_its": 2,
            "ls_evals": 19,
            "ls_repaired": false,
            "used_gradient_fallback": false,
            "accepted_step": true,
            "step_norm": 5.572615578357058,
            "step_rel": 0.025260212483174553,
            "pred_reduction": NaN,
            "actual_reduction": NaN,
            "trust_rejects": 0,
            "t_grad": 0.0006674830801784992,
            "t_hess": 0.03791054105386138,
            "t_ls": 0.005725324968807399,
            "t_update": 2.1092011593282223e-05,
            "t_iter": 0.04435577802360058,
            "trust_radius": 1.0,
            "trust_ratio": NaN,
            "trust_qp": NaN
          },
          {
            "it": 7,
            "energy": 0.3456622611212494,
            "dE": 2.5625057381017946e-06,
            "grad_norm": 2.7425086078580766e-05,
            "grad_target": 1e-05,
            "grad_norm_post": NaN,
            "alpha": 1.001816316849262,
            "ksp_its": 2,
            "ls_evals": 19,
            "ls_repaired": false,
            "used_gradient_fallback": false,
            "accepted_step": true,
            "step_norm": 0.21121014706137334,
            "step_rel": 0.0009632419219742925,
            "pred_reduction": NaN,
            "actual_reduction": NaN,
            "trust_rejects": 0,
            "t_grad": 0.0005913390778005123,
            "t_hess": 0.039660191047005355,
            "t_ls": 0.006077584926970303,
            "t_update": 2.1100975573062897e-05,
            "t_iter": 0.04640330607071519,
            "trust_radius": 1.0,
            "trust_ratio": NaN,
            "trust_qp": NaN
          },
          {
            "it": 8,
            "energy": 0.3456622611128811,
            "dE": 8.368306048112117e-12,
            "grad_norm": 9.50280805136837e-08,
            "grad_target": 1e-05,
            "grad_norm_post": 2.5976446454809627e-10,
            "alpha": 0.9995507975802711,
            "ksp_its": 2,
            "ls_evals": 19,
            "ls_repaired": false,
            "used_gradient_fallback": false,
            "accepted_step": true,
            "step_norm": 0.0003838484118453759,
            "step_rel": 1.7514009333954015e-06,
            "pred_reduction": NaN,
            "actual_reduction": NaN,
            "trust_rejects": 0,
            "t_grad": 0.0004791300743818283,
            "t_hess": 0.03926345496438444,
            "t_ls": 0.007006181054748595,
            "t_update": 2.0960927940905094e-05,
            "t_iter": 0.046829286031425,
            "trust_radius": 1.0,
            "trust_ratio": NaN,
            "trust_qp": NaN
          }
        ],
        "linear_timing": [
          {
            "assemble_total_time": 0.002490733051672578,
            "setop_time": 1.8120044842362404e-06,
            "set_tolerances_time": 1.552049070596695e-06,
            "pc_setup_time": 0.031214557006023824,
            "solve_time": 0.04026223497930914,
            "linear_total_time": 0.07397088909056038,
            "ksp_its": 11,
            "ksp_reason_code": 2,
            "ksp_reason_name": "CONVERGED_RTOL",
            "ksp_residual_norm": 8.278943249803328,
            "rhs_norm": 0.00370460376965253
          },
          {
            "assemble_total_time": 0.0019229010213166475,
            "setop_time": 1.2619420886039734e-06,
            "set_tolerances_time": 1.8730061128735542e-06,
            "pc_setup_time": 0.033080491004511714,
            "solve_time": 0.022903784993104637,
            "linear_total_time": 0.057910311967134476,
            "ksp_its": 6,
            "ksp_reason_code": 2,
            "ksp_reason_name": "CONVERGED_RTOL",
            "ksp_residual_norm": 1.6999912040877634,
            "rhs_norm": 0.0040747809744686855
          },
          {
            "assemble_total_time": 0.0012454109964892268,
            "setop_time": 8.509960025548935e-07,
            "set_tolerances_time": 1.2220116332173347e-06,
            "pc_setup_time": 0.028873448027297854,
            "solve_time": 0.018730703042820096,
            "linear_total_time": 0.04885163507424295,
            "ksp_its": 5,
            "ksp_reason_code": 2,
            "ksp_reason_name": "CONVERGED_RTOL",
            "ksp_residual_norm": 1.1613523051117087,
            "rhs_norm": 0.00223265231973044
          },
          {
            "assemble_total_time": 0.0018617380410432816,
            "setop_time": 8.309725672006607e-07,
            "set_tolerances_time": 1.1220108717679977e-06,
            "pc_setup_time": 0.028412936022505164,
            "solve_time": 0.015631775022484362,
            "linear_total_time": 0.045908402069471776,
            "ksp_its": 4,
            "ksp_reason_code": 2,
            "ksp_reason_name": "CONVERGED_RTOL",
            "ksp_residual_norm": 0.11688558360029101,
            "rhs_norm": 0.003433099276149391
          },
          {
            "assemble_total_time": 0.0016017070738598704,
            "setop_time": 8.021015673875809e-07,
            "set_tolerances_time": 1.3319076970219612e-06,
            "pc_setup_time": 0.027206902974285185,
            "solve_time": 0.011567106004804373,
            "linear_total_time": 0.04037785006221384,
            "ksp_its": 3,
            "ksp_reason_code": 2,
            "ksp_reason_name": "CONVERGED_RTOL",
            "ksp_residual_norm": 0.004038406651161233,
            "rhs_norm": 0.0028326624566358967
          },
          {
            "assemble_total_time": 0.0018748879665508866,
            "setop_time": 8.420320227742195e-07,
            "set_tolerances_time": 1.1509982869029045e-06,
            "pc_setup_time": 0.02718246600124985,
            "solve_time": 0.008668208960443735,
            "linear_total_time": 0.03772755595855415,
            "ksp_its": 2,
            "ksp_reason_code": 2,
            "ksp_reason_name": "CONVERGED_RTOL",
            "ksp_residual_norm": 0.0013978254539011676,
            "rhs_norm": 0.0007333572436662621
          },
          {
            "assemble_total_time": 0.0018655740423128009,
            "setop_time": 7.309718057513237e-07,
            "set_tolerances_time": 1.1920928955078125e-06,
            "pc_setup_time": 0.028298523975536227,
            "solve_time": 0.009269861970096827,
            "linear_total_time": 0.039435883052647114,
            "ksp_its": 2,
            "ksp_reason_code": 2,
            "ksp_reason_name": "CONVERGED_RTOL",
            "ksp_residual_norm": 0.00010110484632673097,
            "rhs_norm": 2.7425086078580766e-05
          },
          {
            "assemble_total_time": 0.001242207014001906,
            "setop_time": 7.309718057513237e-07,
            "set_tolerances_time": 1.061009243130684e-06,
            "pc_setup_time": 0.028320527053438127,
            "solve_time": 0.009514951962046325,
            "linear_total_time": 0.03907947801053524,
            "ksp_its": 2,
            "ksp_reason_code": 2,
            "ksp_reason_name": "CONVERGED_RTOL",
            "ksp_residual_norm": 1.8142248281251042e-07,
            "rhs_norm": 9.50280805136837e-08
          }
        ]
      }
    ],
    "metadata": {
      "nprocs": 32,
      "problem": {
        "name": "GinzburgLandau2D",
        "eps": 0.01
      },
      "linear_solver": {
        "ksp_type": "gmres",
        "pc_type": "hypre",
        "ksp_rtol": 0.001,
        "ksp_max_it": 200,
        "pc_setup_on_ksp_cap": false,
        "gamg_threshold": 0.05,
        "gamg_agg_nsmooths": 1,
        "gamg_set_coordinates": true,
        "assembly_mode": "fenics",
        "assembler": "FEniCSFormAssembly",
        "distribution_strategy": "dolfinx_mesh_partition",
        "trust_subproblem_solver": "direct_linear_solve",
        "trust_subproblem_line_search": false
      },
      "newton": {
        "tolf": 1e-06,
        "tolg": 1e-05,
        "tolg_rel": 0.001,
        "tolx_rel": 0.001,
        "tolx_abs": 1e-10,
        "maxit": 100,
        "require_all_convergence": true,
        "fail_on_nonfinite": true,
        "linesearch_interval": [
          -0.5,
          2.0
        ],
        "linesearch_tol": 0.001,
        "trust_region": false,
        "trust_radius_init": 1.0,
        "trust_radius_min": 1e-08,
        "trust_radius_max": 1000000.0,
        "trust_subproblem_line_search": false,
        "step_time_limit_s": null
      }
    }
  }
}
