{
  "case": {
    "problem": "gl",
    "backend": "fenics",
    "level": 5,
    "out": "/home/michal/repos/fenics_nonlinear_energies/artifacts/reproduction/2026-03-15_refactor_stage2b_final/full/gl_final_suite/fenics_custom_l5_np32.json",
    "quiet": true,
    "save_history": true,
    "save_linear_timing": true,
    "steps": 1,
    "start_step": 1,
    "total_steps": 24,
    "ksp_type": "gmres",
    "pc_type": "hypre",
    "ksp_rtol": 0.001,
    "ksp_max_it": 200,
    "profile": "reference",
    "coloring_trials": 10,
    "nproc_threads": 1,
    "hvp_eval_mode": "sequential",
    "element_reorder_mode": null,
    "local_hessian_mode": null,
    "tolf": 1e-06,
    "tolg": 1e-05,
    "tolg_rel": 0.001,
    "tolx_rel": 0.001,
    "tolx_abs": 1e-10,
    "maxit": 100,
    "step_time_limit_s": null,
    "linesearch_a": -0.5,
    "linesearch_b": 2.0,
    "linesearch_tol": 0.001,
    "use_trust_region": false,
    "trust_radius_init": 1.0,
    "trust_radius_min": 1e-08,
    "trust_radius_max": 1000000.0,
    "trust_shrink": 0.5,
    "trust_expand": 1.5,
    "trust_eta_shrink": 0.05,
    "trust_eta_expand": 0.75,
    "trust_max_reject": 6,
    "trust_subproblem_line_search": false,
    "local_coloring": true,
    "retry_on_failure": false,
    "pc_setup_on_ksp_cap": false,
    "use_near_nullspace": true,
    "reorder": null,
    "gamg_threshold": 0.05,
    "gamg_agg_nsmooths": 1,
    "gamg_set_coordinates": true
  },
  "result": {
    "mesh_level": 5,
    "total_dofs": 4225,
    "free_dofs": 4225,
    "setup_time": 0.070721,
    "solve_time_total": 0.385649,
    "total_time": 0.456466,
    "steps": [
      {
        "step": 1,
        "time": 0.385649,
        "nit": 10,
        "linear_iters": 38,
        "energy": 0.3462323651267445,
        "message": "Converged (energy, step, gradient)",
        "attempt": "primary",
        "ksp_rtol_used": 0.001,
        "ksp_max_it_used": 200,
        "linesearch_interval_used": [
          -0.5,
          2.0
        ],
        "history": [
          {
            "it": 1,
            "energy": 0.5663433932518755,
            "dE": 0.09912636101373573,
            "grad_norm": 0.014805984450788215,
            "grad_target": 1.4805984450788215e-05,
            "grad_norm_post": NaN,
            "alpha": -0.2591296742525623,
            "ksp_its": 10,
            "ls_evals": 19,
            "ls_repaired": false,
            "used_gradient_fallback": false,
            "accepted_step": true,
            "step_norm": 16.010744217215528,
            "step_rel": 0.5003357567879853,
            "pred_reduction": NaN,
            "actual_reduction": NaN,
            "trust_rejects": 0,
            "t_grad": 0.0003636159235611558,
            "t_hess": 0.04850667901337147,
            "t_ls": 0.0034526189556345344,
            "t_update": 1.933902967721224e-05,
            "t_iter": 0.05240389599930495,
            "trust_radius": 1.0,
            "trust_ratio": NaN,
            "trust_qp": NaN
          },
          {
            "it": 2,
            "energy": 0.5114536420073978,
            "dE": 0.0548897512444777,
            "grad_norm": 0.016339653603941684,
            "grad_target": 1.4805984450788215e-05,
            "grad_norm_post": NaN,
            "alpha": 0.344735525983055,
            "ksp_its": 5,
            "ls_evals": 19,
            "ls_repaired": false,
            "used_gradient_fallback": false,
            "accepted_step": true,
            "step_norm": 13.129882545125673,
            "step_rel": 0.32904525884460456,
            "pred_reduction": NaN,
            "actual_reduction": NaN,
            "trust_rejects": 0,
            "t_grad": 0.00037515396252274513,
            "t_hess": 0.04035159503109753,
            "t_ls": 0.003544845967553556,
            "t_update": 1.957896165549755e-05,
            "t_iter": 0.04434677795507014,
            "trust_radius": 1.0,
            "trust_ratio": NaN,
            "trust_qp": NaN
          },
          {
            "it": 3,
            "energy": 0.4324179968815648,
            "dE": 0.07903564512583305,
            "grad_norm": 0.007957099341557907,
            "grad_target": 1.4805984450788215e-05,
            "grad_norm_post": NaN,
            "alpha": -0.4925859919396548,
            "ksp_its": 2,
            "ls_evals": 19,
            "ls_repaired": false,
            "used_gradient_fallback": false,
            "accepted_step": true,
            "step_norm": 17.502962748738796,
            "step_rel": 0.3737981425588947,
            "pred_reduction": NaN,
            "actual_reduction": NaN,
            "trust_rejects": 0,
            "t_grad": 0.00034459796734154224,
            "t_hess": 0.033675954095087945,
            "t_ls": 0.00269937701523304,
            "t_update": 1.8788035959005356e-05,
            "t_iter": 0.0367795480415225,
            "trust_radius": 1.0,
            "trust_ratio": NaN,
            "trust_qp": NaN
          },
          {
            "it": 4,
            "energy": 0.4017130342805394,
            "dE": 0.0307049626010254,
            "grad_norm": 0.013571900882935296,
            "grad_target": 1.4805984450788215e-05,
            "grad_norm_post": NaN,
            "alpha": 0.04140275795515891,
            "ksp_its": 6,
            "ls_evals": 19,
            "ls_repaired": false,
            "used_gradient_fallback": false,
            "accepted_step": true,
            "step_norm": 9.628432168017392,
            "step_rel": 0.1882122593781581,
            "pred_reduction": NaN,
            "actual_reduction": NaN,
            "trust_rejects": 0,
            "t_grad": 0.0003063100157305598,
            "t_hess": 0.04493120592087507,
            "t_ls": 0.0035815309965983033,
            "t_update": 1.9448925741016865e-05,
            "t_iter": 0.04889504297170788,
            "trust_radius": 1.0,
            "trust_ratio": NaN,
            "trust_qp": NaN
          },
          {
            "it": 5,
            "energy": 0.3994275849264681,
            "dE": 0.0022854493540712673,
            "grad_norm": 0.013126588241914983,
            "grad_target": 1.4805984450788215e-05,
            "grad_norm_post": NaN,
            "alpha": 0.17479177650898647,
            "ksp_its": 3,
            "ls_evals": 19,
            "ls_repaired": false,
            "used_gradient_fallback": false,
            "accepted_step": true,
            "step_norm": 4.749563095726192,
            "step_rel": 0.09019553499958861,
            "pred_reduction": NaN,
            "actual_reduction": NaN,
            "trust_rejects": 0,
            "t_grad": 0.0003248479915782809,
            "t_hess": 0.030487342039123178,
            "t_ls": 0.0033254079753533006,
            "t_update": 2.251297701150179e-05,
            "t_iter": 0.03420868399553001,
            "trust_radius": 1.0,
            "trust_ratio": NaN,
            "trust_qp": NaN
          },
          {
            "it": 6,
            "energy": 0.37913691649758174,
            "dE": 0.020290668428886383,
            "grad_norm": 0.010901617910953721,
            "grad_target": 1.4805984450788215e-05,
            "grad_norm_post": NaN,
            "alpha": 0.09305291327163057,
            "ksp_its": 3,
            "ls_evals": 19,
            "ls_repaired": false,
            "used_gradient_fallback": false,
            "accepted_step": true,
            "step_norm": 8.464967257797735,
            "step_rel": 0.1598612587332896,
            "pred_reduction": NaN,
            "actual_reduction": NaN,
            "trust_rejects": 0,
            "t_grad": 0.00033243990037590265,
            "t_hess": 0.03227151301689446,
            "t_ls": 0.0036952929804101586,
            "t_update": 4.284502938389778e-05,
            "t_iter": 0.03637212491594255,
            "trust_radius": 1.0,
            "trust_ratio": NaN,
            "trust_qp": NaN
          },
          {
            "it": 7,
            "energy": 0.35365616807386213,
            "dE": 0.025480748423719612,
            "grad_norm": 0.011680782320600668,
            "grad_target": 1.4805984450788215e-05,
            "grad_norm_post": NaN,
            "alpha": 0.38878689866562277,
            "ksp_its": 3,
            "ls_evals": 19,
            "ls_repaired": false,
            "used_gradient_fallback": false,
            "accepted_step": true,
            "step_norm": 6.968954739563729,
            "step_rel": 0.1289919233425057,
            "pred_reduction": NaN,
            "actual_reduction": NaN,
            "trust_rejects": 0,
            "t_grad": 0.0002942219143733382,
            "t_hess": 0.03314815100748092,
            "t_ls": 0.0032419509952887893,
            "t_update": 2.2414023987948895e-05,
            "t_iter": 0.036750904051586986,
            "trust_radius": 1.0,
            "trust_ratio": NaN,
            "trust_qp": NaN
          },
          {
            "it": 8,
            "energy": 0.34631561796800814,
            "dE": 0.0073405501058539935,
            "grad_norm": 0.006686920744482067,
            "grad_target": 1.4805984450788215e-05,
            "grad_norm_post": NaN,
            "alpha": 1.034705360590323,
            "ksp_its": 2,
            "ls_evals": 19,
            "ls_repaired": false,
            "used_gradient_fallback": false,
            "accepted_step": true,
            "step_norm": 2.58554140746715,
            "step_rel": 0.04703694786681774,
            "pred_reduction": NaN,
            "actual_reduction": NaN,
            "trust_rejects": 0,
            "t_grad": 0.0002968959743157029,
            "t_hess": 0.027531920932233334,
            "t_ls": 0.003395583014935255,
            "t_update": 1.877802424132824e-05,
            "t_iter": 0.03129257191903889,
            "trust_radius": 1.0,
            "trust_ratio": NaN,
            "trust_qp": NaN
          },
          {
            "it": 9,
            "energy": 0.34623237203072704,
            "dE": 8.324593728109564e-05,
            "grad_norm": 0.0005610644732654569,
            "grad_target": 1.4805984450788215e-05,
            "grad_norm_post": NaN,
            "alpha": 1.0232756233732176,
            "ksp_its": 2,
            "ls_evals": 19,
            "ls_repaired": false,
            "used_gradient_fallback": false,
            "accepted_step": true,
            "step_norm": 0.3344428995991866,
            "step_rel": 0.006083889787549989,
            "pred_reduction": NaN,
            "actual_reduction": NaN,
            "trust_rejects": 0,
            "t_grad": 0.0003300149692222476,
            "t_hess": 0.028365783975459635,
            "t_ls": 0.0030920669669285417,
            "t_update": 2.1862913854420185e-05,
            "t_iter": 0.03184776601847261,
            "trust_radius": 1.0,
            "trust_ratio": NaN,
            "trust_qp": NaN
          },
          {
            "it": 10,
            "energy": 0.3462323651267445,
            "dE": 6.903982552319832e-09,
            "grad_norm": 5.728800269490136e-06,
            "grad_target": 1.4805984450788215e-05,
            "grad_norm_post": 2.4425827494350862e-09,
            "alpha": 0.9999834732596391,
            "ksp_its": 2,
            "ls_evals": 19,
            "ls_repaired": false,
            "used_gradient_fallback": false,
            "accepted_step": true,
            "step_norm": 0.002829300423514252,
            "step_rel": 5.1621500455611765e-05,
            "pred_reduction": NaN,
            "actual_reduction": NaN,
            "trust_rejects": 0,
            "t_grad": 0.0002814029576256871,
            "t_hess": 0.028737442917190492,
            "t_ls": 0.002438704948872328,
            "t_update": 1.905905082821846e-05,
            "t_iter": 0.03150393010582775,
            "trust_radius": 1.0,
            "trust_ratio": NaN,
            "trust_qp": NaN
          }
        ],
        "linear_timing": [
          {
            "assemble_total_time": 0.0008713800925761461,
            "setop_time": 9.220093488693237e-07,
            "set_tolerances_time": 1.1719530448317528e-06,
            "pc_setup_time": 0.020416188053786755,
            "solve_time": 0.026997537934221327,
            "linear_total_time": 0.04828720004297793,
            "ksp_its": 10,
            "ksp_reason_code": 2,
            "ksp_reason_name": "CONVERGED_RTOL",
            "ksp_residual_norm": 3.0419110398058917,
            "rhs_norm": 0.014805984450788215
          },
          {
            "assemble_total_time": 0.00045643607154488564,
            "setop_time": 8.919741958379745e-07,
            "set_tolerances_time": 1.2319069355726242e-06,
            "pc_setup_time": 0.023120462079532444,
            "solve_time": 0.016540324897505343,
            "linear_total_time": 0.040119346929714084,
            "ksp_its": 5,
            "ksp_reason_code": 2,
            "ksp_reason_name": "CONVERGED_RTOL",
            "ksp_residual_norm": 3.451841987837063,
            "rhs_norm": 0.016339653603941684
          },
          {
            "assemble_total_time": 0.0004507870180532336,
            "setop_time": 6.710179150104523e-07,
            "set_tolerances_time": 9.409850463271141e-07,
            "pc_setup_time": 0.024723091046325862,
            "solve_time": 0.008304848917759955,
            "linear_total_time": 0.03348033898510039,
            "ksp_its": 2,
            "ksp_reason_code": 2,
            "ksp_reason_name": "CONVERGED_RTOL",
            "ksp_residual_norm": 103.46801871906696,
            "rhs_norm": 0.007957099341557907
          },
          {
            "assemble_total_time": 0.0004020640626549721,
            "setop_time": 6.409827619791031e-07,
            "set_tolerances_time": 9.419163689017296e-07,
            "pc_setup_time": 0.02144000690896064,
            "solve_time": 0.02287773706484586,
            "linear_total_time": 0.04472139093559235,
            "ksp_its": 6,
            "ksp_reason_code": 2,
            "ksp_reason_name": "CONVERGED_RTOL",
            "ksp_residual_norm": 0.00907402276696162,
            "rhs_norm": 0.013571900882935296
          },
          {
            "assemble_total_time": 0.00041799794416874647,
            "setop_time": 1.101987436413765e-06,
            "set_tolerances_time": 1.4220131561160088e-06,
            "pc_setup_time": 0.020705832983367145,
            "solve_time": 0.0091534738894552,
            "linear_total_time": 0.03027982881758362,
            "ksp_its": 3,
            "ksp_reason_code": 2,
            "ksp_reason_name": "CONVERGED_RTOL",
            "ksp_residual_norm": 0.030471648188690165,
            "rhs_norm": 0.013126588241914983
          },
          {
            "assemble_total_time": 0.0004192100604996085,
            "setop_time": 6.710179150104523e-07,
            "set_tolerances_time": 9.509967640042305e-07,
            "pc_setup_time": 0.02130594605114311,
            "solve_time": 0.010320818983018398,
            "linear_total_time": 0.03204759710934013,
            "ksp_its": 3,
            "ksp_reason_code": 2,
            "ksp_reason_name": "CONVERGED_RTOL",
            "ksp_residual_norm": 0.013523446061466776,
            "rhs_norm": 0.010901617910953721
          },
          {
            "assemble_total_time": 0.00041796802543103695,
            "setop_time": 6.309710443019867e-07,
            "set_tolerances_time": 9.110663086175919e-07,
            "pc_setup_time": 0.022638738970272243,
            "solve_time": 0.009876841912046075,
            "linear_total_time": 0.032935090945102274,
            "ksp_its": 3,
            "ksp_reason_code": 2,
            "ksp_reason_name": "CONVERGED_RTOL",
            "ksp_residual_norm": 0.0008346242803814078,
            "rhs_norm": 0.011680782320600668
          },
          {
            "assemble_total_time": 0.00041916000191122293,
            "setop_time": 6.010523065924644e-07,
            "set_tolerances_time": 8.910428732633591e-07,
            "pc_setup_time": 0.02066382102202624,
            "solve_time": 0.006237293011508882,
            "linear_total_time": 0.0273217661306262,
            "ksp_its": 2,
            "ksp_reason_code": 2,
            "ksp_reason_name": "CONVERGED_RTOL",
            "ksp_residual_norm": 0.00037681126615796373,
            "rhs_norm": 0.006686920744482067
          },
          {
            "assemble_total_time": 0.00042645097710192204,
            "setop_time": 5.810288712382317e-07,
            "set_tolerances_time": 8.819624781608582e-07,
            "pc_setup_time": 0.02087013004347682,
            "solve_time": 0.006865515955723822,
            "linear_total_time": 0.028163559967651963,
            "ksp_its": 2,
            "ksp_reason_code": 2,
            "ksp_reason_name": "CONVERGED_RTOL",
            "ksp_residual_norm": 2.132356123928967e-05,
            "rhs_norm": 0.0005610644732654569
          },
          {
            "assemble_total_time": 0.0004260001005604863,
            "setop_time": 5.799811333417892e-07,
            "set_tolerances_time": 9.409850463271141e-07,
            "pc_setup_time": 0.02123973600100726,
            "solve_time": 0.006896802922710776,
            "linear_total_time": 0.02856405999045819,
            "ksp_its": 2,
            "ksp_reason_code": 2,
            "ksp_reason_name": "CONVERGED_RTOL",
            "ksp_residual_norm": 1.4583244938300222e-07,
            "rhs_norm": 5.728800269490136e-06
          }
        ]
      }
    ],
    "metadata": {
      "nprocs": 32,
      "problem": {
        "name": "GinzburgLandau2D",
        "eps": 0.01
      },
      "linear_solver": {
        "ksp_type": "gmres",
        "pc_type": "hypre",
        "ksp_rtol": 0.001,
        "ksp_max_it": 200,
        "pc_setup_on_ksp_cap": false,
        "gamg_threshold": 0.05,
        "gamg_agg_nsmooths": 1,
        "gamg_set_coordinates": true,
        "assembly_mode": "fenics",
        "assembler": "FEniCSFormAssembly",
        "distribution_strategy": "dolfinx_mesh_partition",
        "trust_subproblem_solver": "direct_linear_solve",
        "trust_subproblem_line_search": false
      },
      "newton": {
        "tolf": 1e-06,
        "tolg": 1e-05,
        "tolg_rel": 0.001,
        "tolx_rel": 0.001,
        "tolx_abs": 1e-10,
        "maxit": 100,
        "require_all_convergence": true,
        "fail_on_nonfinite": true,
        "linesearch_interval": [
          -0.5,
          2.0
        ],
        "linesearch_tol": 0.001,
        "trust_region": false,
        "trust_radius_init": 1.0,
        "trust_radius_min": 1e-08,
        "trust_radius_max": 1000000.0,
        "trust_subproblem_line_search": false,
        "step_time_limit_s": null
      }
    }
  }
}
