{
  "case": {
    "problem": "gl",
    "backend": "fenics",
    "level": 9,
    "out": "/home/michal/repos/fenics_nonlinear_energies/artifacts/reproduction/2026-03-15_refactor_stage2b_final/full/gl_final_suite/fenics_custom_l9_np1.json",
    "quiet": true,
    "save_history": true,
    "save_linear_timing": true,
    "steps": 1,
    "start_step": 1,
    "total_steps": 24,
    "ksp_type": "gmres",
    "pc_type": "hypre",
    "ksp_rtol": 0.001,
    "ksp_max_it": 200,
    "profile": "reference",
    "coloring_trials": 10,
    "nproc_threads": 1,
    "hvp_eval_mode": "sequential",
    "element_reorder_mode": null,
    "local_hessian_mode": null,
    "tolf": 1e-06,
    "tolg": 1e-05,
    "tolg_rel": 0.001,
    "tolx_rel": 0.001,
    "tolx_abs": 1e-10,
    "maxit": 100,
    "step_time_limit_s": null,
    "linesearch_a": -0.5,
    "linesearch_b": 2.0,
    "linesearch_tol": 0.001,
    "use_trust_region": false,
    "trust_radius_init": 1.0,
    "trust_radius_min": 1e-08,
    "trust_radius_max": 1000000.0,
    "trust_shrink": 0.5,
    "trust_expand": 1.5,
    "trust_eta_shrink": 0.05,
    "trust_eta_expand": 0.75,
    "trust_max_reject": 6,
    "trust_subproblem_line_search": false,
    "local_coloring": true,
    "retry_on_failure": false,
    "pc_setup_on_ksp_cap": false,
    "use_near_nullspace": true,
    "reorder": null,
    "gamg_threshold": 0.05,
    "gamg_agg_nsmooths": 1,
    "gamg_set_coordinates": true
  },
  "result": {
    "mesh_level": 9,
    "total_dofs": 1050625,
    "free_dofs": 1046529,
    "setup_time": 3.516767,
    "solve_time_total": 22.169227,
    "total_time": 25.686929,
    "steps": [
      {
        "step": 1,
        "time": 22.169227,
        "nit": 7,
        "linear_iters": 22,
        "energy": 0.34562646842676603,
        "message": "Converged (energy, step, gradient)",
        "attempt": "primary",
        "ksp_rtol_used": 0.001,
        "ksp_max_it_used": 200,
        "linesearch_interval_used": [
          -0.5,
          2.0
        ],
        "history": [
          {
            "it": 1,
            "energy": 0.49516750845323815,
            "dE": 0.1701321695159112,
            "grad_norm": 0.0009261996570946853,
            "grad_target": 1e-05,
            "grad_norm_post": NaN,
            "alpha": -0.36949395096832893,
            "ksp_its": 6,
            "ls_evals": 19,
            "ls_repaired": false,
            "used_gradient_fallback": false,
            "accepted_step": true,
            "step_norm": 308.57955895725456,
            "step_rel": 0.6026944510883878,
            "pred_reduction": NaN,
            "actual_reduction": NaN,
            "trust_rejects": 0,
            "t_grad": 0.13511606899555773,
            "t_hess": 1.697946633095853,
            "t_ls": 1.6834246669895947,
            "t_update": 0.0003776680678129196,
            "t_iter": 3.517031657975167,
            "trust_radius": 1.0,
            "trust_ratio": NaN,
            "trust_qp": NaN
          },
          {
            "it": 2,
            "energy": 0.48751546472126567,
            "dE": 0.00765204373197248,
            "grad_norm": 0.0009461416028655917,
            "grad_target": 1e-05,
            "grad_norm_post": NaN,
            "alpha": -0.3306737007789936,
            "ksp_its": 6,
            "ls_evals": 19,
            "ls_repaired": false,
            "used_gradient_fallback": false,
            "accepted_step": true,
            "step_norm": 137.21826003564988,
            "step_rel": 0.18902603792665443,
            "pred_reduction": NaN,
            "actual_reduction": NaN,
            "trust_rejects": 0,
            "t_grad": 0.13527462806086987,
            "t_hess": 1.6167856390820816,
            "t_ls": 1.6735324149485677,
            "t_update": 0.00037864898331463337,
            "t_iter": 3.4261270370334387,
            "trust_radius": 1.0,
            "trust_ratio": NaN,
            "trust_qp": NaN
          },
          {
            "it": 3,
            "energy": 0.46816928397201807,
            "dE": 0.0193461807492476,
            "grad_norm": 0.0012256846326392657,
            "grad_target": 1e-05,
            "grad_norm_post": NaN,
            "alpha": -0.14196883972951257,
            "ksp_its": 1,
            "ls_evals": 19,
            "ls_repaired": false,
            "used_gradient_fallback": false,
            "accepted_step": true,
            "step_norm": 105.72870302568656,
            "step_rel": 0.14593556603476202,
            "pred_reduction": NaN,
            "actual_reduction": NaN,
            "trust_rejects": 0,
            "t_grad": 0.13421145093161613,
            "t_hess": 1.0874212010530755,
            "t_ls": 1.6726973090553656,
            "t_update": 0.0003723090048879385,
            "t_iter": 2.8948845650302246,
            "trust_radius": 1.0,
            "trust_ratio": NaN,
            "trust_qp": NaN
          },
          {
            "it": 4,
            "energy": 0.38979326300624484,
            "dE": 0.07837602096577323,
            "grad_norm": 0.0012149213277132418,
            "grad_target": 1e-05,
            "grad_norm_post": NaN,
            "alpha": 0.13936980522329268,
            "ksp_its": 3,
            "ls_evals": 19,
            "ls_repaired": false,
            "used_gradient_fallback": false,
            "accepted_step": true,
            "step_norm": 179.51321433576007,
            "step_rel": 0.24022926052916657,
            "pred_reduction": NaN,
            "actual_reduction": NaN,
            "trust_rejects": 0,
            "t_grad": 0.1339757270179689,
            "t_hess": 1.2944404579466209,
            "t_ls": 1.6722625150578097,
            "t_update": 0.0003870920045301318,
            "t_iter": 3.101191190071404,
            "trust_radius": 1.0,
            "trust_ratio": NaN,
            "trust_qp": NaN
          },
          {
            "it": 5,
            "energy": 0.347144039246189,
            "dE": 0.042649223760055865,
            "grad_norm": 0.0009907025599406294,
            "grad_target": 1e-05,
            "grad_norm_post": NaN,
            "alpha": 0.8647616111161496,
            "ksp_its": 2,
            "ls_evals": 19,
            "ls_repaired": false,
            "used_gradient_fallback": false,
            "accepted_step": true,
            "step_norm": 103.50268346374014,
            "step_rel": 0.1234695519156293,
            "pred_reduction": NaN,
            "actual_reduction": NaN,
            "trust_rejects": 0,
            "t_grad": 0.13419995503500104,
            "t_hess": 1.1867959219962358,
            "t_ls": 1.6735717619303614,
            "t_update": 0.00038081291131675243,
            "t_iter": 2.995084137073718,
            "trust_radius": 1.0,
            "trust_ratio": NaN,
            "trust_qp": NaN
          },
          {
            "it": 6,
            "energy": 0.3456271242888749,
            "dE": 0.0015169149573140972,
            "grad_norm": 0.00018048214103686414,
            "grad_target": 1e-05,
            "grad_norm_post": NaN,
            "alpha": 1.0554645831591511,
            "ksp_its": 2,
            "ls_evals": 19,
            "ls_repaired": false,
            "used_gradient_fallback": false,
            "accepted_step": true,
            "step_norm": 19.54535410524981,
            "step_rel": 0.02196073062313352,
            "pred_reduction": NaN,
            "actual_reduction": NaN,
            "trust_rejects": 0,
            "t_grad": 0.13466607697773725,
            "t_hess": 1.1945790300378576,
            "t_ls": 1.681806871900335,
            "t_update": 0.0003728199517354369,
            "t_iter": 3.0116035289829597,
            "trust_radius": 1.0,
            "trust_ratio": NaN,
            "trust_qp": NaN
          },
          {
            "it": 7,
            "energy": 0.34562646842676603,
            "dE": 6.558621088448291e-07,
            "grad_norm": 4.671879722387637e-06,
            "grad_target": 1e-05,
            "grad_norm_post": 1.0093723090986582e-08,
            "alpha": 1.0006835572147665,
            "ksp_its": 2,
            "ls_evals": 19,
            "ls_repaired": false,
            "used_gradient_fallback": false,
            "accepted_step": true,
            "step_norm": 0.4051645996000149,
            "step_rel": 0.00046222542376701597,
            "pred_reduction": NaN,
            "actual_reduction": NaN,
            "trust_rejects": 0,
            "t_grad": 0.13483534194529057,
            "t_hess": 1.1947337590390816,
            "t_ls": 1.6804594149580225,
            "t_update": 0.0003830459900200367,
            "t_iter": 3.010592335020192,
            "trust_radius": 1.0,
            "trust_ratio": NaN,
            "trust_qp": NaN
          }
        ],
        "linear_timing": [
          {
            "assemble_total_time": 0.4506618609884754,
            "setop_time": 3.7159770727157593e-06,
            "set_tolerances_time": 3.656023181974888e-06,
            "pc_setup_time": 0.5221444059861824,
            "solve_time": 0.7244068229338154,
            "linear_total_time": 1.6972204619087279,
            "ksp_its": 6,
            "ksp_reason_code": 2,
            "ksp_reason_name": "CONVERGED_RTOL",
            "ksp_residual_norm": 1045.1818944052736,
            "rhs_norm": 0.0009261996570946853
          },
          {
            "assemble_total_time": 0.42696457903366536,
            "setop_time": 3.3549731597304344e-06,
            "set_tolerances_time": 4.707020707428455e-06,
            "pc_setup_time": 0.46211365098133683,
            "solve_time": 0.7269763810327277,
            "linear_total_time": 1.616062673041597,
            "ksp_its": 6,
            "ksp_reason_code": 2,
            "ksp_reason_name": "CONVERGED_RTOL",
            "ksp_residual_norm": 0.7881910234902403,
            "rhs_norm": 0.0009461416028655917
          },
          {
            "assemble_total_time": 0.42510630702599883,
            "setop_time": 2.5740591809153557e-06,
            "set_tolerances_time": 3.344961442053318e-06,
            "pc_setup_time": 0.45959240302909166,
            "solve_time": 0.2019825279712677,
            "linear_total_time": 1.0866871570469812,
            "ksp_its": 1,
            "ksp_reason_code": 2,
            "ksp_reason_name": "CONVERGED_RTOL",
            "ksp_residual_norm": 1048.6518361662281,
            "rhs_norm": 0.0012256846326392657
          },
          {
            "assemble_total_time": 0.424865607987158,
            "setop_time": 2.483953721821308e-06,
            "set_tolerances_time": 3.225053660571575e-06,
            "pc_setup_time": 0.4593706530285999,
            "solve_time": 0.4094644639408216,
            "linear_total_time": 1.293706433963962,
            "ksp_its": 3,
            "ksp_reason_code": 2,
            "ksp_reason_name": "CONVERGED_RTOL",
            "ksp_residual_norm": 0.20374202028703817,
            "rhs_norm": 0.0012149213277132418
          },
          {
            "assemble_total_time": 0.4228199649369344,
            "setop_time": 2.5639310479164124e-06,
            "set_tolerances_time": 3.095017746090889e-06,
            "pc_setup_time": 0.45834915910381824,
            "solve_time": 0.30486636504065245,
            "linear_total_time": 1.186041148030199,
            "ksp_its": 2,
            "ksp_reason_code": 2,
            "ksp_reason_name": "CONVERGED_RTOL",
            "ksp_residual_norm": 0.010252913487572795,
            "rhs_norm": 0.0009907025599406294
          },
          {
            "assemble_total_time": 0.427463658968918,
            "setop_time": 2.9139919206500053e-06,
            "set_tolerances_time": 3.7460122257471085e-06,
            "pc_setup_time": 0.4600065640406683,
            "solve_time": 0.30635766801424325,
            "linear_total_time": 1.193834551027976,
            "ksp_its": 2,
            "ksp_reason_code": 2,
            "ksp_reason_name": "CONVERGED_RTOL",
            "ksp_residual_norm": 0.0017375636402034696,
            "rhs_norm": 0.00018048214103686414
          },
          {
            "assemble_total_time": 0.4277582949725911,
            "setop_time": 2.844957634806633e-06,
            "set_tolerances_time": 5.017034709453583e-06,
            "pc_setup_time": 0.46020844008307904,
            "solve_time": 0.3060101780574769,
            "linear_total_time": 1.1939847751054913,
            "ksp_its": 2,
            "ksp_reason_code": 2,
            "ksp_reason_name": "CONVERGED_RTOL",
            "ksp_residual_norm": 4.245446499198971e-05,
            "rhs_norm": 4.671879722387637e-06
          }
        ]
      }
    ],
    "metadata": {
      "nprocs": 1,
      "problem": {
        "name": "GinzburgLandau2D",
        "eps": 0.01
      },
      "linear_solver": {
        "ksp_type": "gmres",
        "pc_type": "hypre",
        "ksp_rtol": 0.001,
        "ksp_max_it": 200,
        "pc_setup_on_ksp_cap": false,
        "gamg_threshold": 0.05,
        "gamg_agg_nsmooths": 1,
        "gamg_set_coordinates": true,
        "assembly_mode": "fenics",
        "assembler": "FEniCSFormAssembly",
        "distribution_strategy": "dolfinx_mesh_partition",
        "trust_subproblem_solver": "direct_linear_solve",
        "trust_subproblem_line_search": false
      },
      "newton": {
        "tolf": 1e-06,
        "tolg": 1e-05,
        "tolg_rel": 0.001,
        "tolx_rel": 0.001,
        "tolx_abs": 1e-10,
        "maxit": 100,
        "require_all_convergence": true,
        "fail_on_nonfinite": true,
        "linesearch_interval": [
          -0.5,
          2.0
        ],
        "linesearch_tol": 0.001,
        "trust_region": false,
        "trust_radius_init": 1.0,
        "trust_radius_min": 1e-08,
        "trust_radius_max": 1000000.0,
        "trust_subproblem_line_search": false,
        "step_time_limit_s": null
      }
    }
  }
}
