{
  "case": {
    "problem": "gl",
    "backend": "fenics",
    "level": 9,
    "out": "/home/michal/repos/fenics_nonlinear_energies/artifacts/reproduction/2026-03-15_refactor_stage2b_final/full/gl_final_suite/fenics_custom_l9_np32.json",
    "quiet": true,
    "save_history": true,
    "save_linear_timing": true,
    "steps": 1,
    "start_step": 1,
    "total_steps": 24,
    "ksp_type": "gmres",
    "pc_type": "hypre",
    "ksp_rtol": 0.001,
    "ksp_max_it": 200,
    "profile": "reference",
    "coloring_trials": 10,
    "nproc_threads": 1,
    "hvp_eval_mode": "sequential",
    "element_reorder_mode": null,
    "local_hessian_mode": null,
    "tolf": 1e-06,
    "tolg": 1e-05,
    "tolg_rel": 0.001,
    "tolx_rel": 0.001,
    "tolx_abs": 1e-10,
    "maxit": 100,
    "step_time_limit_s": null,
    "linesearch_a": -0.5,
    "linesearch_b": 2.0,
    "linesearch_tol": 0.001,
    "use_trust_region": false,
    "trust_radius_init": 1.0,
    "trust_radius_min": 1e-08,
    "trust_radius_max": 1000000.0,
    "trust_shrink": 0.5,
    "trust_expand": 1.5,
    "trust_eta_shrink": 0.05,
    "trust_eta_expand": 0.75,
    "trust_max_reject": 6,
    "trust_subproblem_line_search": false,
    "local_coloring": true,
    "retry_on_failure": false,
    "pc_setup_on_ksp_cap": false,
    "use_near_nullspace": true,
    "reorder": null,
    "gamg_threshold": 0.05,
    "gamg_agg_nsmooths": 1,
    "gamg_set_coordinates": true
  },
  "result": {
    "mesh_level": 9,
    "total_dofs": 1050625,
    "free_dofs": 1050285,
    "setup_time": 3.28702,
    "solve_time_total": 2.031441,
    "total_time": 5.318651,
    "steps": [
      {
        "step": 1,
        "time": 2.031441,
        "nit": 8,
        "linear_iters": 37,
        "energy": 0.3456264684259207,
        "message": "Converged (energy, step, gradient)",
        "attempt": "primary",
        "ksp_rtol_used": 0.001,
        "ksp_max_it_used": 200,
        "linesearch_interval_used": [
          -0.5,
          2.0
        ],
        "history": [
          {
            "it": 1,
            "energy": 0.566511953612092,
            "dE": 0.0987877243571541,
            "grad_norm": 0.0009261996570946856,
            "grad_target": 1e-05,
            "grad_norm_post": NaN,
            "alpha": -0.26236268575224064,
            "ksp_its": 11,
            "ls_evals": 19,
            "ls_repaired": false,
            "used_gradient_fallback": false,
            "accepted_step": true,
            "step_norm": 254.25308391022776,
            "step_rel": 0.4965880545121636,
            "pred_reduction": NaN,
            "actual_reduction": NaN,
            "trust_rejects": 0,
            "t_grad": 0.007312901085242629,
            "t_hess": 0.22529032605234534,
            "t_ls": 0.059844247065484524,
            "t_update": 6.884406320750713e-05,
            "t_iter": 0.2926111309789121,
            "trust_radius": 1.0,
            "trust_ratio": NaN,
            "trust_qp": NaN
          },
          {
            "it": 2,
            "energy": 0.5067314796030584,
            "dE": 0.059780474009033524,
            "grad_norm": 0.0010197617563057855,
            "grad_target": 1e-05,
            "grad_norm_post": NaN,
            "alpha": 0.3326057048109624,
            "ksp_its": 5,
            "ls_evals": 19,
            "ls_repaired": false,
            "used_gradient_fallback": false,
            "accepted_step": true,
            "step_norm": 216.74126072619657,
            "step_rel": 0.33918660114474025,
            "pred_reduction": NaN,
            "actual_reduction": NaN,
            "trust_rejects": 0,
            "t_grad": 0.0076976820128038526,
            "t_hess": 0.15045408497098833,
            "t_ls": 0.05993669794406742,
            "t_update": 7.078703492879868e-05,
            "t_iter": 0.2182441399199888,
            "trust_radius": 1.0,
            "trust_ratio": NaN,
            "trust_qp": NaN
          },
          {
            "it": 3,
            "energy": 0.4264151697218879,
            "dE": 0.0803163098811705,
            "grad_norm": 0.0005259850990886562,
            "grad_target": 1e-05,
            "grad_norm_post": NaN,
            "alpha": -0.49964995802247814,
            "ksp_its": 5,
            "ls_evals": 19,
            "ls_repaired": false,
            "used_gradient_fallback": false,
            "accepted_step": true,
            "step_norm": 288.98355693808213,
            "step_rel": 0.38238683299483717,
            "pred_reduction": NaN,
            "actual_reduction": NaN,
            "trust_rejects": 0,
            "t_grad": 0.004903525928966701,
            "t_hess": 0.13716344395652413,
            "t_ls": 0.05871418793685734,
            "t_update": 7.937999907881021e-05,
            "t_iter": 0.2009306859690696,
            "trust_radius": 1.0,
            "trust_ratio": NaN,
            "trust_qp": NaN
          },
          {
            "it": 4,
            "energy": 0.38452026530906774,
            "dE": 0.04189490441282018,
            "grad_norm": 0.0008805548742055294,
            "grad_target": 1e-05,
            "grad_norm_post": NaN,
            "alpha": 0.09165274536154311,
            "ksp_its": 6,
            "ls_evals": 19,
            "ls_repaired": false,
            "used_gradient_fallback": false,
            "accepted_step": true,
            "step_norm": 159.76972306776122,
            "step_rel": 0.19571335873423043,
            "pred_reduction": NaN,
            "actual_reduction": NaN,
            "trust_rejects": 0,
            "t_grad": 0.004599707084707916,
            "t_hess": 0.21789728291332722,
            "t_ls": 0.07896563597023487,
            "t_update": 0.00011040701065212488,
            "t_iter": 0.3084861080860719,
            "trust_radius": 1.0,
            "trust_ratio": NaN,
            "trust_qp": NaN
          },
          {
            "it": 5,
            "energy": 0.3527480109922857,
            "dE": 0.031772254316782045,
            "grad_norm": 0.0008255579457106072,
            "grad_target": 1e-05,
            "grad_norm_post": NaN,
            "alpha": 0.42420886995131657,
            "ksp_its": 4,
            "ls_evals": 19,
            "ls_repaired": false,
            "used_gradient_fallback": false,
            "accepted_step": true,
            "step_norm": 119.52611951588602,
            "step_rel": 0.1409808653179306,
            "pred_reduction": NaN,
            "actual_reduction": NaN,
            "trust_rejects": 0,
            "t_grad": 0.010002507013268769,
            "t_hess": 0.19397967995610088,
            "t_ls": 0.081235068035312,
            "t_update": 0.000123347039334476,
            "t_iter": 0.2912458030041307,
            "trust_radius": 1.0,
            "trust_ratio": NaN,
            "trust_qp": NaN
          },
          {
            "it": 6,
            "energy": 0.345672460285087,
            "dE": 0.0070755507071986745,
            "grad_norm": 0.0004335456156690556,
            "grad_target": 1e-05,
            "grad_norm_post": NaN,
            "alpha": 1.0273739862318314,
            "ksp_its": 2,
            "ls_evals": 19,
            "ls_repaired": false,
            "used_gradient_fallback": false,
            "accepted_step": true,
            "step_norm": 40.4805902691604,
            "step_rel": 0.04621928951215353,
            "pred_reduction": NaN,
            "actual_reduction": NaN,
            "trust_rejects": 0,
            "t_grad": 0.00974551890976727,
            "t_hess": 0.16799670504406095,
            "t_ls": 0.0822839840548113,
            "t_update": 8.245394565165043e-05,
            "t_iter": 0.2640252560377121,
            "trust_radius": 1.0,
            "trust_ratio": NaN,
            "trust_qp": NaN
          },
          {
            "it": 7,
            "energy": 0.3456264696929195,
            "dE": 4.5990592167532984e-05,
            "grad_norm": 2.763795320317802e-05,
            "grad_target": 1e-05,
            "grad_norm_post": NaN,
            "alpha": 1.010713126521617,
            "ksp_its": 2,
            "ls_evals": 19,
            "ls_repaired": false,
            "used_gradient_fallback": false,
            "accepted_step": true,
            "step_norm": 3.7659717897582947,
            "step_rel": 0.0042825096467765215,
            "pred_reduction": NaN,
            "actual_reduction": NaN,
            "trust_rejects": 0,
            "t_grad": 0.009708422934636474,
            "t_hess": 0.1415794809581712,
            "t_ls": 0.07575970597099513,
            "t_update": 7.21589894965291e-05,
            "t_iter": 0.22720187297090888,
            "trust_radius": 1.0,
            "trust_ratio": NaN,
            "trust_qp": NaN
          },
          {
            "it": 8,
            "energy": 0.3456264684259207,
            "dE": 1.2669987836666508e-09,
            "grad_norm": 3.0663300646454245e-07,
            "grad_target": 1e-05,
            "grad_norm_post": 1.8980219303478883e-09,
            "alpha": 1.0011162328941345,
            "ksp_its": 2,
            "ls_evals": 19,
            "ls_repaired": false,
            "used_gradient_fallback": false,
            "accepted_step": true,
            "step_norm": 0.019206079111770167,
            "step_rel": 2.1908702924347958e-05,
            "pred_reduction": NaN,
            "actual_reduction": NaN,
            "trust_rejects": 0,
            "t_grad": 0.010497595998458564,
            "t_hess": 0.12931646406650543,
            "t_ls": 0.07388310797978193,
            "t_update": 7.711700163781643e-05,
            "t_iter": 0.21384831704199314,
            "trust_radius": 1.0,
            "trust_ratio": NaN,
            "trust_qp": NaN
          }
        ],
        "linear_timing": [
          {
            "assemble_total_time": 0.026327568106353283,
            "setop_time": 2.6440247893333435e-06,
            "set_tolerances_time": 3.464985638856888e-06,
            "pc_setup_time": 0.08361898409202695,
            "solve_time": 0.11504356109071523,
            "linear_total_time": 0.22499622229952365,
            "ksp_its": 11,
            "ksp_reason_code": 2,
            "ksp_reason_name": "CONVERGED_RTOL",
            "ksp_residual_norm": 22.578624346258664,
            "rhs_norm": 0.0009261996570946856
          },
          {
            "assemble_total_time": 0.01976413105148822,
            "setop_time": 2.903980202972889e-06,
            "set_tolerances_time": 3.6550918594002724e-06,
            "pc_setup_time": 0.07253257802221924,
            "solve_time": 0.0578615089179948,
            "linear_total_time": 0.15016477706376463,
            "ksp_its": 5,
            "ksp_reason_code": 2,
            "ksp_reason_name": "CONVERGED_RTOL",
            "ksp_residual_norm": 71.30080325763673,
            "rhs_norm": 0.0010197617563057855
          },
          {
            "assemble_total_time": 0.020361423958092928,
            "setop_time": 2.6440247893333435e-06,
            "set_tolerances_time": 2.7740607038140297e-06,
            "pc_setup_time": 0.06290418596472591,
            "solve_time": 0.05362327001057565,
            "linear_total_time": 0.13689429801888764,
            "ksp_its": 5,
            "ksp_reason_code": 2,
            "ksp_reason_name": "CONVERGED_RTOL",
            "ksp_residual_norm": 3.5706536368561888,
            "rhs_norm": 0.0005259850990886562
          },
          {
            "assemble_total_time": 0.018341739079914987,
            "setop_time": 2.5330809876322746e-06,
            "set_tolerances_time": 2.884073182940483e-06,
            "pc_setup_time": 0.07290980697143823,
            "solve_time": 0.11459598306100816,
            "linear_total_time": 0.20585294626653194,
            "ksp_its": 6,
            "ksp_reason_code": 2,
            "ksp_reason_name": "CONVERGED_RTOL",
            "ksp_residual_norm": 0.1021171055309516,
            "rhs_norm": 0.0008805548742055294
          },
          {
            "assemble_total_time": 0.02765422302763909,
            "setop_time": 2.562999725341797e-06,
            "set_tolerances_time": 2.5739427655935287e-06,
            "pc_setup_time": 0.0747998160077259,
            "solve_time": 0.0794442699989304,
            "linear_total_time": 0.18190344597678632,
            "ksp_its": 4,
            "ksp_reason_code": 2,
            "ksp_reason_name": "CONVERGED_RTOL",
            "ksp_residual_norm": 0.02943833902519125,
            "rhs_norm": 0.0008255579457106072
          },
          {
            "assemble_total_time": 0.02319780399557203,
            "setop_time": 2.0229490473866463e-06,
            "set_tolerances_time": 2.4640467017889023e-06,
            "pc_setup_time": 0.07804817892611027,
            "solve_time": 0.05261639610398561,
            "linear_total_time": 0.15386686602141708,
            "ksp_its": 2,
            "ksp_reason_code": 2,
            "ksp_reason_name": "CONVERGED_RTOL",
            "ksp_residual_norm": 0.02647147863247718,
            "rhs_norm": 0.0004335456156690556
          },
          {
            "assemble_total_time": 0.027162569924257696,
            "setop_time": 2.46299896389246e-06,
            "set_tolerances_time": 2.5939662009477615e-06,
            "pc_setup_time": 0.07939580699894577,
            "solve_time": 0.03472313401289284,
            "linear_total_time": 0.14128656790126115,
            "ksp_its": 2,
            "ksp_reason_code": 2,
            "ksp_reason_name": "CONVERGED_RTOL",
            "ksp_residual_norm": 0.002050023906225153,
            "rhs_norm": 2.763795320317802e-05
          },
          {
            "assemble_total_time": 0.02416462602559477,
            "setop_time": 2.01293732970953e-06,
            "set_tolerances_time": 2.7139903977513313e-06,
            "pc_setup_time": 0.0710373449837789,
            "solve_time": 0.03381738404277712,
            "linear_total_time": 0.12902408197987825,
            "ksp_its": 2,
            "ksp_reason_code": 2,
            "ksp_reason_name": "CONVERGED_RTOL",
            "ksp_residual_norm": 1.5162958140222539e-05,
            "rhs_norm": 3.0663300646454245e-07
          }
        ]
      }
    ],
    "metadata": {
      "nprocs": 32,
      "problem": {
        "name": "GinzburgLandau2D",
        "eps": 0.01
      },
      "linear_solver": {
        "ksp_type": "gmres",
        "pc_type": "hypre",
        "ksp_rtol": 0.001,
        "ksp_max_it": 200,
        "pc_setup_on_ksp_cap": false,
        "gamg_threshold": 0.05,
        "gamg_agg_nsmooths": 1,
        "gamg_set_coordinates": true,
        "assembly_mode": "fenics",
        "assembler": "FEniCSFormAssembly",
        "distribution_strategy": "dolfinx_mesh_partition",
        "trust_subproblem_solver": "direct_linear_solve",
        "trust_subproblem_line_search": false
      },
      "newton": {
        "tolf": 1e-06,
        "tolg": 1e-05,
        "tolg_rel": 0.001,
        "tolx_rel": 0.001,
        "tolx_abs": 1e-10,
        "maxit": 100,
        "require_all_convergence": true,
        "fail_on_nonfinite": true,
        "linesearch_interval": [
          -0.5,
          2.0
        ],
        "linesearch_tol": 0.001,
        "trust_region": false,
        "trust_radius_init": 1.0,
        "trust_radius_min": 1e-08,
        "trust_radius_max": 1000000.0,
        "trust_subproblem_line_search": false,
        "step_time_limit_s": null
      }
    }
  }
}
