{
  "case": {
    "problem": "gl",
    "backend": "fenics",
    "level": 7,
    "out": "/home/michal/repos/fenics_nonlinear_energies/artifacts/reproduction/2026-03-15_refactor_stage2b_final/full/gl_final_suite/fenics_custom_l7_np2.json",
    "quiet": true,
    "save_history": true,
    "save_linear_timing": true,
    "steps": 1,
    "start_step": 1,
    "total_steps": 24,
    "ksp_type": "gmres",
    "pc_type": "hypre",
    "ksp_rtol": 0.001,
    "ksp_max_it": 200,
    "profile": "reference",
    "coloring_trials": 10,
    "nproc_threads": 1,
    "hvp_eval_mode": "sequential",
    "element_reorder_mode": null,
    "local_hessian_mode": null,
    "tolf": 1e-06,
    "tolg": 1e-05,
    "tolg_rel": 0.001,
    "tolx_rel": 0.001,
    "tolx_abs": 1e-10,
    "maxit": 100,
    "step_time_limit_s": null,
    "linesearch_a": -0.5,
    "linesearch_b": 2.0,
    "linesearch_tol": 0.001,
    "use_trust_region": false,
    "trust_radius_init": 1.0,
    "trust_radius_min": 1e-08,
    "trust_radius_max": 1000000.0,
    "trust_shrink": 0.5,
    "trust_expand": 1.5,
    "trust_eta_shrink": 0.05,
    "trust_eta_expand": 0.75,
    "trust_max_reject": 6,
    "trust_subproblem_line_search": false,
    "local_coloring": true,
    "retry_on_failure": false,
    "pc_setup_on_ksp_cap": false,
    "use_near_nullspace": true,
    "reorder": null,
    "gamg_threshold": 0.05,
    "gamg_agg_nsmooths": 1,
    "gamg_set_coordinates": true
  },
  "result": {
    "mesh_level": 7,
    "total_dofs": 66049,
    "free_dofs": 65529,
    "setup_time": 0.265271,
    "solve_time_total": 1.27033,
    "total_time": 1.535731,
    "steps": [
      {
        "step": 1,
        "time": 1.27033,
        "nit": 11,
        "linear_iters": 42,
        "energy": 0.345662261112885,
        "message": "Converged (energy, step, gradient)",
        "attempt": "primary",
        "ksp_rtol_used": 0.001,
        "ksp_max_it_used": 200,
        "linesearch_interval_used": [
          -0.5,
          2.0
        ],
        "history": [
          {
            "it": 1,
            "energy": 0.5040319792564041,
            "dE": 0.1612777032103092,
            "grad_norm": 0.00370460376965253,
            "grad_target": 1e-05,
            "grad_norm_post": NaN,
            "alpha": -0.31444551674821575,
            "ksp_its": 8,
            "ls_evals": 19,
            "ls_repaired": false,
            "used_gradient_fallback": false,
            "accepted_step": true,
            "step_norm": 75.08924707286629,
            "step_rel": 0.5866347427567679,
            "pred_reduction": NaN,
            "actual_reduction": NaN,
            "trust_rejects": 0,
            "t_grad": 0.004979163990356028,
            "t_hess": 0.08599875902291387,
            "t_ls": 0.053150741034187376,
            "t_update": 1.7165089957416058e-05,
            "t_iter": 0.1442020529648289,
            "trust_radius": 1.0,
            "trust_ratio": NaN,
            "trust_qp": NaN
          },
          {
            "it": 2,
            "energy": 0.503921696599768,
            "dE": 0.00011028265663604042,
            "grad_norm": 0.0037037893220555184,
            "grad_target": 1e-05,
            "grad_norm_post": NaN,
            "alpha": 0.10674816975777379,
            "ksp_its": 5,
            "ls_evals": 19,
            "ls_repaired": false,
            "used_gradient_fallback": false,
            "accepted_step": true,
            "step_norm": 10.074364947610905,
            "step_rel": 0.05600676400180605,
            "pred_reduction": NaN,
            "actual_reduction": NaN,
            "trust_rejects": 0,
            "t_grad": 0.004395705997012556,
            "t_hess": 0.061079408042132854,
            "t_ls": 0.05276080500334501,
            "t_update": 1.772597897797823e-05,
            "t_iter": 0.1183028289815411,
            "trust_radius": 1.0,
            "trust_ratio": NaN,
            "trust_qp": NaN
          },
          {
            "it": 3,
            "energy": 0.4922404625631881,
            "dE": 0.011681234036579946,
            "grad_norm": 0.003287928930395889,
            "grad_target": 1e-05,
            "grad_norm_post": NaN,
            "alpha": -0.49964995802247814,
            "ksp_its": 5,
            "ls_evals": 19,
            "ls_repaired": false,
            "used_gradient_fallback": false,
            "accepted_step": true,
            "step_norm": 41.62998195712839,
            "step_rel": 0.22895524392375466,
            "pred_reduction": NaN,
            "actual_reduction": NaN,
            "trust_rejects": 0,
            "t_grad": 0.004318439983762801,
            "t_hess": 0.06015783199109137,
            "t_ls": 0.05293758097104728,
            "t_update": 1.844798680394888e-05,
            "t_iter": 0.117478481028229,
            "trust_radius": 1.0,
            "trust_ratio": NaN,
            "trust_qp": NaN
          },
          {
            "it": 4,
            "energy": 0.45833077513790366,
            "dE": 0.03390968742528444,
            "grad_norm": 0.004859723062400142,
            "grad_target": 1e-05,
            "grad_norm_post": NaN,
            "alpha": -0.009979989085772467,
            "ksp_its": 7,
            "ls_evals": 19,
            "ls_repaired": false,
            "used_gradient_fallback": false,
            "accepted_step": true,
            "step_norm": 34.688791121354136,
            "step_rel": 0.1930889438628219,
            "pred_reduction": NaN,
            "actual_reduction": NaN,
            "trust_rejects": 0,
            "t_grad": 0.00430601101834327,
            "t_hess": 0.06887936999555677,
            "t_ls": 0.05271383502986282,
            "t_update": 1.821701880544424e-05,
            "t_iter": 0.12597096397075802,
            "trust_radius": 1.0,
            "trust_ratio": NaN,
            "trust_qp": NaN
          },
          {
            "it": 5,
            "energy": 0.4043263971525902,
            "dE": 0.054004377985313434,
            "grad_norm": 0.004790288866267765,
            "grad_target": 1e-05,
            "grad_norm_post": NaN,
            "alpha": 0.46529463940974625,
            "ksp_its": 3,
            "ls_evals": 19,
            "ls_repaired": false,
            "used_gradient_fallback": false,
            "accepted_step": true,
            "step_norm": 48.179546581721155,
            "step_rel": 0.2531506152876933,
            "pred_reduction": NaN,
            "actual_reduction": NaN,
            "trust_rejects": 0,
            "t_grad": 0.004316748003475368,
            "t_hess": 0.05286639404948801,
            "t_ls": 0.05284941801801324,
            "t_update": 1.7837039195001125e-05,
            "t_iter": 0.11010415700729936,
            "trust_radius": 1.0,
            "trust_ratio": NaN,
            "trust_qp": NaN
          },
          {
            "it": 6,
            "energy": 0.3977561627274009,
            "dE": 0.006570234425189336,
            "grad_norm": 0.0023978317593433803,
            "grad_target": 1e-05,
            "grad_norm_post": NaN,
            "alpha": -0.24936751322114115,
            "ksp_its": 3,
            "ls_evals": 19,
            "ls_repaired": false,
            "used_gradient_fallback": false,
            "accepted_step": true,
            "step_norm": 25.685457593501642,
            "step_rel": 0.12190192193467683,
            "pred_reduction": NaN,
            "actual_reduction": NaN,
            "trust_rejects": 0,
            "t_grad": 0.004310167976655066,
            "t_hess": 0.05283832096029073,
            "t_ls": 0.05288732599001378,
            "t_update": 1.956906635314226e-05,
            "t_iter": 0.11010035208892077,
            "trust_radius": 1.0,
            "trust_ratio": NaN,
            "trust_qp": NaN
          },
          {
            "it": 7,
            "energy": 0.3668796801188871,
            "dE": 0.030876482608513778,
            "grad_norm": 0.0029893503001994265,
            "grad_target": 1e-05,
            "grad_norm_post": NaN,
            "alpha": 0.6338382209737273,
            "ksp_its": 3,
            "ls_evals": 19,
            "ls_repaired": false,
            "used_gradient_fallback": false,
            "accepted_step": true,
            "step_norm": 36.46758547567313,
            "step_rel": 0.17152337439053095,
            "pred_reduction": NaN,
            "actual_reduction": NaN,
            "trust_rejects": 0,
            "t_grad": 0.004794455016963184,
            "t_hess": 0.05296539200935513,
            "t_ls": 0.05268075491767377,
            "t_update": 1.7166021279990673e-05,
            "t_iter": 0.11050348693970591,
            "trust_radius": 1.0,
            "trust_ratio": NaN,
            "trust_qp": NaN
          },
          {
            "it": 8,
            "energy": 0.34792874745407654,
            "dE": 0.01895093266481057,
            "grad_norm": 0.002186952255605955,
            "grad_target": 1e-05,
            "grad_norm_post": NaN,
            "alpha": 0.5653619385430112,
            "ksp_its": 2,
            "ls_evals": 19,
            "ls_repaired": false,
            "used_gradient_fallback": false,
            "accepted_step": true,
            "step_norm": 24.01256088154509,
            "step_rel": 0.10968691397582461,
            "pred_reduction": NaN,
            "actual_reduction": NaN,
            "trust_rejects": 0,
            "t_grad": 0.0048685569781810045,
            "t_hess": 0.04909399396274239,
            "t_ls": 0.052589397062547505,
            "t_update": 1.7647049389779568e-05,
            "t_iter": 0.10661477397661656,
            "trust_radius": 1.0,
            "trust_ratio": NaN,
            "trust_qp": NaN
          },
          {
            "it": 9,
            "energy": 0.34566839903939006,
            "dE": 0.002260348414686475,
            "grad_norm": 0.0009081673270809822,
            "grad_target": 1e-05,
            "grad_norm_post": NaN,
            "alpha": 1.090619146169203,
            "ksp_its": 2,
            "ls_evals": 19,
            "ls_repaired": false,
            "used_gradient_fallback": false,
            "accepted_step": true,
            "step_norm": 5.6855840571144025,
            "step_rel": 0.025798274642313677,
            "pred_reduction": NaN,
            "actual_reduction": NaN,
            "trust_rejects": 0,
            "t_grad": 0.004372452036477625,
            "t_hess": 0.048958599916659296,
            "t_ls": 0.05277652898803353,
            "t_update": 1.7896993085741997e-05,
            "t_iter": 0.10617025592364371,
            "trust_radius": 1.0,
            "trust_ratio": NaN,
            "trust_qp": NaN
          },
          {
            "it": 10,
            "energy": 0.3456622612506791,
            "dE": 6.137788710947056e-06,
            "grad_norm": 4.647503947505301e-05,
            "grad_target": 1e-05,
            "grad_norm_post": NaN,
            "alpha": 1.0054820040285077,
            "ksp_its": 2,
            "ls_evals": 19,
            "ls_repaired": false,
            "used_gradient_fallback": false,
            "accepted_step": true,
            "step_norm": 0.342934311557772,
            "step_rel": 0.0015639414135258975,
            "pred_reduction": NaN,
            "actual_reduction": NaN,
            "trust_rejects": 0,
            "t_grad": 0.004306702991016209,
            "t_hess": 0.049084590980783105,
            "t_ls": 0.05291651899460703,
            "t_update": 1.8296996131539345e-05,
            "t_iter": 0.10637037595734,
            "trust_radius": 1.0,
            "trust_ratio": NaN,
            "trust_qp": NaN
          },
          {
            "it": 11,
            "energy": 0.345662261112885,
            "dE": 1.3779410945602422e-10,
            "grad_norm": 2.2744927868910515e-07,
            "grad_target": 1e-05,
            "grad_norm_post": 8.777772406952746e-10,
            "alpha": 0.9970178700355208,
            "ksp_its": 2,
            "ls_evals": 19,
            "ls_repaired": false,
            "used_gradient_fallback": false,
            "accepted_step": true,
            "step_norm": 0.0015905389858294832,
            "step_rel": 7.257218497088987e-06,
            "pred_reduction": NaN,
            "actual_reduction": NaN,
            "trust_rejects": 0,
            "t_grad": 0.00429155002348125,
            "t_hess": 0.049047584063373506,
            "t_ls": 0.052885461947880685,
            "t_update": 1.847802195698023e-05,
            "t_iter": 0.10628787195309997,
            "trust_radius": 1.0,
            "trust_ratio": NaN,
            "trust_qp": NaN
          }
        ],
        "linear_timing": [
          {
            "assemble_total_time": 0.018969248980283737,
            "setop_time": 1.7620623111724854e-06,
            "set_tolerances_time": 1.843087375164032e-06,
            "pc_setup_time": 0.03069014404900372,
            "solve_time": 0.03621265501715243,
            "linear_total_time": 0.08587565319612622,
            "ksp_its": 8,
            "ksp_reason_code": 2,
            "ksp_reason_name": "CONVERGED_RTOL",
            "ksp_residual_norm": 80.17303918227553,
            "rhs_norm": 0.00370460376965253
          },
          {
            "assemble_total_time": 0.01576260000001639,
            "setop_time": 2.3329630494117737e-06,
            "set_tolerances_time": 2.2830208763480186e-06,
            "pc_setup_time": 0.0217786020366475,
            "solve_time": 0.023424664977937937,
            "linear_total_time": 0.060970482998527586,
            "ksp_its": 5,
            "ksp_reason_code": 2,
            "ksp_reason_name": "CONVERGED_RTOL",
            "ksp_residual_norm": 3.174179535593223,
            "rhs_norm": 0.0037037893220555184
          },
          {
            "assemble_total_time": 0.01575540902558714,
            "setop_time": 2.2239983081817627e-06,
            "set_tolerances_time": 2.01293732970953e-06,
            "pc_setup_time": 0.021190437953919172,
            "solve_time": 0.0231074090115726,
            "linear_total_time": 0.060057492926716805,
            "ksp_its": 5,
            "ksp_reason_code": 2,
            "ksp_reason_name": "CONVERGED_RTOL",
            "ksp_residual_norm": 2.330052600282541,
            "rhs_norm": 0.003287928930395889
          },
          {
            "assemble_total_time": 0.01574150798842311,
            "setop_time": 1.9030412659049034e-06,
            "set_tolerances_time": 2.0329607650637627e-06,
            "pc_setup_time": 0.021554574952460825,
            "solve_time": 0.03147767798509449,
            "linear_total_time": 0.06877769692800939,
            "ksp_its": 7,
            "ksp_reason_code": 2,
            "ksp_reason_name": "CONVERGED_RTOL",
            "ksp_residual_norm": 0.12820236855087977,
            "rhs_norm": 0.004859723062400142
          },
          {
            "assemble_total_time": 0.01575238408986479,
            "setop_time": 1.942971721291542e-06,
            "set_tolerances_time": 2.293032594025135e-06,
            "pc_setup_time": 0.021560994908213615,
            "solve_time": 0.015447766985744238,
            "linear_total_time": 0.05276538198813796,
            "ksp_its": 3,
            "ksp_reason_code": 2,
            "ksp_reason_name": "CONVERGED_RTOL",
            "ksp_residual_norm": 0.4224823430919738,
            "rhs_norm": 0.004790288866267765
          },
          {
            "assemble_total_time": 0.01571643096394837,
            "setop_time": 2.042972482740879e-06,
            "set_tolerances_time": 2.334010787308216e-06,
            "pc_setup_time": 0.02159895095974207,
            "solve_time": 0.01541311398614198,
            "linear_total_time": 0.05273287289310247,
            "ksp_its": 3,
            "ksp_reason_code": 2,
            "ksp_reason_name": "CONVERGED_RTOL",
            "ksp_residual_norm": 0.047007116350453,
            "rhs_norm": 0.0023978317593433803
          },
          {
            "assemble_total_time": 0.015746606048196554,
            "setop_time": 2.0531006157398224e-06,
            "set_tolerances_time": 2.0529842004179955e-06,
            "pc_setup_time": 0.021648494992405176,
            "solve_time": 0.015467577031813562,
            "linear_total_time": 0.05286678415723145,
            "ksp_its": 3,
            "ksp_reason_code": 2,
            "ksp_reason_name": "CONVERGED_RTOL",
            "ksp_residual_norm": 0.0025642848159046425,
            "rhs_norm": 0.0029893503001994265
          },
          {
            "assemble_total_time": 0.01600236992817372,
            "setop_time": 1.901993528008461e-06,
            "set_tolerances_time": 2.293032594025135e-06,
            "pc_setup_time": 0.021559412009082735,
            "solve_time": 0.011428505997173488,
            "linear_total_time": 0.04899448296055198,
            "ksp_its": 2,
            "ksp_reason_code": 2,
            "ksp_reason_name": "CONVERGED_RTOL",
            "ksp_residual_norm": 0.01625529376709409,
            "rhs_norm": 0.002186952255605955
          },
          {
            "assemble_total_time": 0.01576144900172949,
            "setop_time": 1.7529819160699844e-06,
            "set_tolerances_time": 1.8728896975517273e-06,
            "pc_setup_time": 0.021586852963082492,
            "solve_time": 0.011506082955747843,
            "linear_total_time": 0.048858010792173445,
            "ksp_its": 2,
            "ksp_reason_code": 2,
            "ksp_reason_name": "CONVERGED_RTOL",
            "ksp_residual_norm": 0.0009653062785065319,
            "rhs_norm": 0.0009081673270809822
          },
          {
            "assemble_total_time": 0.015731742954812944,
            "setop_time": 1.7529819160699844e-06,
            "set_tolerances_time": 1.9329600036144257e-06,
            "pc_setup_time": 0.02176813594996929,
            "solve_time": 0.011481575900688767,
            "linear_total_time": 0.04898514074739069,
            "ksp_its": 2,
            "ksp_reason_code": 2,
            "ksp_reason_name": "CONVERGED_RTOL",
            "ksp_residual_norm": 5.529301119198803e-05,
            "rhs_norm": 4.647503947505301e-05
          },
          {
            "assemble_total_time": 0.01573606999590993,
            "setop_time": 2.0529842004179955e-06,
            "set_tolerances_time": 1.9529834389686584e-06,
            "pc_setup_time": 0.02168235694989562,
            "solve_time": 0.01151127100456506,
            "linear_total_time": 0.048933703918009996,
            "ksp_its": 2,
            "ksp_reason_code": 2,
            "ksp_reason_name": "CONVERGED_RTOL",
            "ksp_residual_norm": 1.9818800875261514e-07,
            "rhs_norm": 2.2744927868910515e-07
          }
        ]
      }
    ],
    "metadata": {
      "nprocs": 2,
      "problem": {
        "name": "GinzburgLandau2D",
        "eps": 0.01
      },
      "linear_solver": {
        "ksp_type": "gmres",
        "pc_type": "hypre",
        "ksp_rtol": 0.001,
        "ksp_max_it": 200,
        "pc_setup_on_ksp_cap": false,
        "gamg_threshold": 0.05,
        "gamg_agg_nsmooths": 1,
        "gamg_set_coordinates": true,
        "assembly_mode": "fenics",
        "assembler": "FEniCSFormAssembly",
        "distribution_strategy": "dolfinx_mesh_partition",
        "trust_subproblem_solver": "direct_linear_solve",
        "trust_subproblem_line_search": false
      },
      "newton": {
        "tolf": 1e-06,
        "tolg": 1e-05,
        "tolg_rel": 0.001,
        "tolx_rel": 0.001,
        "tolx_abs": 1e-10,
        "maxit": 100,
        "require_all_convergence": true,
        "fail_on_nonfinite": true,
        "linesearch_interval": [
          -0.5,
          2.0
        ],
        "linesearch_tol": 0.001,
        "trust_region": false,
        "trust_radius_init": 1.0,
        "trust_radius_min": 1e-08,
        "trust_radius_max": 1000000.0,
        "trust_subproblem_line_search": false,
        "step_time_limit_s": null
      }
    }
  }
}
