{
  "case": {
    "problem": "gl",
    "backend": "fenics",
    "level": 5,
    "out": "/home/michal/repos/fenics_nonlinear_energies/artifacts/reproduction/2026-03-15_refactor_stage2b_final/full/gl_final_suite/fenics_custom_l5_np1.json",
    "quiet": true,
    "save_history": true,
    "save_linear_timing": true,
    "steps": 1,
    "start_step": 1,
    "total_steps": 24,
    "ksp_type": "gmres",
    "pc_type": "hypre",
    "ksp_rtol": 0.001,
    "ksp_max_it": 200,
    "profile": "reference",
    "coloring_trials": 10,
    "nproc_threads": 1,
    "hvp_eval_mode": "sequential",
    "element_reorder_mode": null,
    "local_hessian_mode": null,
    "tolf": 1e-06,
    "tolg": 1e-05,
    "tolg_rel": 0.001,
    "tolx_rel": 0.001,
    "tolx_abs": 1e-10,
    "maxit": 100,
    "step_time_limit_s": null,
    "linesearch_a": -0.5,
    "linesearch_b": 2.0,
    "linesearch_tol": 0.001,
    "use_trust_region": false,
    "trust_radius_init": 1.0,
    "trust_radius_min": 1e-08,
    "trust_radius_max": 1000000.0,
    "trust_shrink": 0.5,
    "trust_expand": 1.5,
    "trust_eta_shrink": 0.05,
    "trust_eta_expand": 0.75,
    "trust_max_reject": 6,
    "trust_subproblem_line_search": false,
    "local_coloring": true,
    "retry_on_failure": false,
    "pc_setup_on_ksp_cap": false,
    "use_near_nullspace": true,
    "reorder": null,
    "gamg_threshold": 0.05,
    "gamg_agg_nsmooths": 1,
    "gamg_set_coordinates": true
  },
  "result": {
    "mesh_level": 5,
    "total_dofs": 4225,
    "free_dofs": 3969,
    "setup_time": 0.017814,
    "solve_time_total": 0.107514,
    "total_time": 0.125397,
    "steps": [
      {
        "step": 1,
        "time": 0.107514,
        "nit": 8,
        "linear_iters": 33,
        "energy": 0.3462323651267459,
        "message": "Converged (energy, step, gradient)",
        "attempt": "primary",
        "ksp_rtol_used": 0.001,
        "ksp_max_it_used": 200,
        "linesearch_interval_used": [
          -0.5,
          2.0
        ],
        "history": [
          {
            "it": 1,
            "energy": 0.5623929169202359,
            "dE": 0.10307683734536888,
            "grad_norm": 0.014805984450788214,
            "grad_target": 1.4805984450788214e-05,
            "grad_norm_post": NaN,
            "alpha": -0.2619300100727372,
            "ksp_its": 9,
            "ls_evals": 19,
            "ls_repaired": false,
            "used_gradient_fallback": false,
            "accepted_step": true,
            "step_norm": 16.097867451529005,
            "step_rel": 0.5030583578602814,
            "pred_reduction": NaN,
            "actual_reduction": NaN,
            "trust_rejects": 0,
            "t_grad": 0.0006640979554504156,
            "t_hess": 0.008981073973700404,
            "t_ls": 0.0068080800119787455,
            "t_update": 4.076049663126469e-06,
            "t_iter": 0.016472830902785063,
            "trust_radius": 1.0,
            "trust_ratio": NaN,
            "trust_qp": NaN
          },
          {
            "it": 2,
            "energy": 0.512419159705747,
            "dE": 0.04997375721448882,
            "grad_norm": 0.016134125413774122,
            "grad_target": 1.4805984450788214e-05,
            "grad_norm_post": NaN,
            "alpha": 0.32737458231773,
            "ksp_its": 6,
            "ls_evals": 19,
            "ls_repaired": false,
            "used_gradient_fallback": false,
            "accepted_step": true,
            "step_norm": 13.164192421591201,
            "step_rel": 0.3270076445795784,
            "pred_reduction": NaN,
            "actual_reduction": NaN,
            "trust_rejects": 0,
            "t_grad": 0.0006493859691545367,
            "t_hess": 0.006429080036468804,
            "t_ls": 0.006754287984222174,
            "t_update": 3.936002030968666e-06,
            "t_iter": 0.013849619077518582,
            "trust_radius": 1.0,
            "trust_ratio": NaN,
            "trust_qp": NaN
          },
          {
            "it": 3,
            "energy": 0.44685682810501814,
            "dE": 0.06556233160072888,
            "grad_norm": 0.008904692265352185,
            "grad_target": 1.4805984450788214e-05,
            "grad_norm_post": NaN,
            "alpha": -0.3155782763827629,
            "ksp_its": 5,
            "ls_evals": 19,
            "ls_repaired": false,
            "used_gradient_fallback": false,
            "accepted_step": true,
            "step_norm": 16.710880671042,
            "step_rel": 0.35778481217100166,
            "pred_reduction": NaN,
            "actual_reduction": NaN,
            "trust_rejects": 0,
            "t_grad": 0.000631989911198616,
            "t_hess": 0.006065945024602115,
            "t_ls": 0.006641780026257038,
            "t_update": 3.5850098356604576e-06,
            "t_iter": 0.01335523696616292,
            "trust_radius": 1.0,
            "trust_ratio": NaN,
            "trust_qp": NaN
          },
          {
            "it": 4,
            "energy": 0.40283657935830175,
            "dE": 0.044020248746716395,
            "grad_norm": 0.013833635218902329,
            "grad_target": 1.4805984450788214e-05,
            "grad_norm_post": NaN,
            "alpha": 0.1046479178926426,
            "ksp_its": 4,
            "ls_evals": 19,
            "ls_repaired": false,
            "used_gradient_fallback": false,
            "accepted_step": true,
            "step_norm": 10.206630197266378,
            "step_rel": 0.20342600283784196,
            "pred_reduction": NaN,
            "actual_reduction": NaN,
            "trust_rejects": 0,
            "t_grad": 0.0006346830632537603,
            "t_hess": 0.005703439004719257,
            "t_ls": 0.00672047701664269,
            "t_update": 3.5150442272424698e-06,
            "t_iter": 0.013073762995190918,
            "trust_radius": 1.0,
            "trust_ratio": NaN,
            "trust_qp": NaN
          },
          {
            "it": 5,
            "energy": 0.3573809959097895,
            "dE": 0.04545558344851225,
            "grad_norm": 0.013332521441869949,
            "grad_target": 1.4805984450788214e-05,
            "grad_norm_post": NaN,
            "alpha": 0.3577306985141545,
            "ksp_its": 3,
            "ls_evals": 19,
            "ls_repaired": false,
            "used_gradient_fallback": false,
            "accepted_step": true,
            "step_norm": 9.595222020810787,
            "step_rel": 0.18393208444895648,
            "pred_reduction": NaN,
            "actual_reduction": NaN,
            "trust_rejects": 0,
            "t_grad": 0.0006309689488261938,
            "t_hess": 0.005313743953593075,
            "t_ls": 0.006746897008270025,
            "t_update": 3.815977834165096e-06,
            "t_iter": 0.012707542977295816,
            "trust_radius": 1.0,
            "trust_ratio": NaN,
            "trust_qp": NaN
          },
          {
            "it": 6,
            "energy": 0.3463368911108156,
            "dE": 0.011044104798973886,
            "grad_norm": 0.007663456990910463,
            "grad_target": 1.4805984450788214e-05,
            "grad_norm_post": NaN,
            "alpha": 1.0132460540663673,
            "ksp_its": 2,
            "ls_evals": 19,
            "ls_repaired": false,
            "used_gradient_fallback": false,
            "accepted_step": true,
            "step_norm": 3.1127494021701105,
            "step_rel": 0.05705150619055154,
            "pred_reduction": NaN,
            "actual_reduction": NaN,
            "trust_rejects": 0,
            "t_grad": 0.000619439990259707,
            "t_hess": 0.004958190023899078,
            "t_ls": 0.006705075036734343,
            "t_update": 3.4150434657931328e-06,
            "t_iter": 0.012297446955926716,
            "trust_radius": 1.0,
            "trust_ratio": NaN,
            "trust_qp": NaN
          },
          {
            "it": 7,
            "energy": 0.3462323693425394,
            "dE": 0.00010452176827618898,
            "grad_norm": 0.0006736091742814544,
            "grad_target": 1.4805984450788214e-05,
            "grad_norm_post": NaN,
            "alpha": 1.0136787297457353,
            "ksp_its": 2,
            "ls_evals": 19,
            "ls_repaired": false,
            "used_gradient_fallback": false,
            "accepted_step": true,
            "step_norm": 0.33715063190322503,
            "step_rel": 0.006121274080260998,
            "pred_reduction": NaN,
            "actual_reduction": NaN,
            "trust_rejects": 0,
            "t_grad": 0.0006212840089574456,
            "t_hess": 0.004941144026815891,
            "t_ls": 0.006709730951115489,
            "t_update": 3.975932486355305e-06,
            "t_iter": 0.012286780984140933,
            "trust_radius": 1.0,
            "trust_ratio": NaN,
            "trust_qp": NaN
          },
          {
            "it": 8,
            "energy": 0.3462323651267459,
            "dE": 4.215793547590607e-09,
            "grad_norm": 4.1365208896226454e-06,
            "grad_target": 1.4805984450788214e-05,
            "grad_norm_post": 4.198567311693693e-09,
            "alpha": 1.0006835572147665,
            "ksp_its": 2,
            "ls_evals": 19,
            "ls_repaired": false,
            "used_gradient_fallback": false,
            "accepted_step": true,
            "step_norm": 0.00224126596752644,
            "step_rel": 4.089226121206124e-05,
            "pred_reduction": NaN,
            "actual_reduction": NaN,
            "trust_rejects": 0,
            "t_grad": 0.0006152139976620674,
            "t_hess": 0.0049501179018989205,
            "t_ls": 0.006660806946456432,
            "t_update": 3.7960708141326904e-06,
            "t_iter": 0.012240209965966642,
            "trust_radius": 1.0,
            "trust_ratio": NaN,
            "trust_qp": NaN
          }
        ],
        "linear_timing": [
          {
            "assemble_total_time": 0.0018183019710704684,
            "setop_time": 1.1619413271546364e-06,
            "set_tolerances_time": 9.620562195777893e-07,
            "pc_setup_time": 0.003109451965428889,
            "solve_time": 0.004018547013401985,
            "linear_total_time": 0.008948424947448075,
            "ksp_its": 9,
            "ksp_reason_code": 2,
            "ksp_reason_name": "CONVERGED_RTOL",
            "ksp_residual_norm": 8.430281257746975,
            "rhs_norm": 0.014805984450788214
          },
          {
            "assemble_total_time": 0.0016732739750295877,
            "setop_time": 8.110655471682549e-07,
            "set_tolerances_time": 1.19104515761137e-06,
            "pc_setup_time": 0.0021197040332481265,
            "solve_time": 0.002605023910291493,
            "linear_total_time": 0.006400004029273987,
            "ksp_its": 6,
            "ksp_reason_code": 2,
            "ksp_reason_name": "CONVERGED_RTOL",
            "ksp_residual_norm": 0.18592527391298413,
            "rhs_norm": 0.016134125413774122
          },
          {
            "assemble_total_time": 0.0016812760150060058,
            "setop_time": 6.710179150104523e-07,
            "set_tolerances_time": 8.309725672006607e-07,
            "pc_setup_time": 0.002100826008245349,
            "solve_time": 0.00225621007848531,
            "linear_total_time": 0.006039814092218876,
            "ksp_its": 5,
            "ksp_reason_code": 2,
            "ksp_reason_name": "CONVERGED_RTOL",
            "ksp_residual_norm": 0.11700257073177772,
            "rhs_norm": 0.008904692265352185
          },
          {
            "assemble_total_time": 0.0016931940335780382,
            "setop_time": 6.4109917730093e-07,
            "set_tolerances_time": 8.509960025548935e-07,
            "pc_setup_time": 0.002113776048645377,
            "solve_time": 0.001869719009846449,
            "linear_total_time": 0.00567818118724972,
            "ksp_its": 4,
            "ksp_reason_code": 2,
            "ksp_reason_name": "CONVERGED_RTOL",
            "ksp_residual_norm": 0.014033053613382893,
            "rhs_norm": 0.013833635218902329
          },
          {
            "assemble_total_time": 0.001683059032075107,
            "setop_time": 6.210757419466972e-07,
            "set_tolerances_time": 9.51928086578846e-07,
            "pc_setup_time": 0.0021120229503139853,
            "solve_time": 0.001490880036726594,
            "linear_total_time": 0.005287535022944212,
            "ksp_its": 3,
            "ksp_reason_code": 2,
            "ksp_reason_name": "CONVERGED_RTOL",
            "ksp_residual_norm": 0.0012605446154081421,
            "rhs_norm": 0.013332521441869949
          },
          {
            "assemble_total_time": 0.0016836300492286682,
            "setop_time": 5.810288712382317e-07,
            "set_tolerances_time": 9.810319170355797e-07,
            "pc_setup_time": 0.002118834061548114,
            "solve_time": 0.0011287359520792961,
            "linear_total_time": 0.004932762123644352,
            "ksp_its": 2,
            "ksp_reason_code": 2,
            "ksp_reason_name": "CONVERGED_RTOL",
            "ksp_residual_norm": 0.00020407676356681286,
            "rhs_norm": 0.007663456990910463
          },
          {
            "assemble_total_time": 0.0016898189205676317,
            "setop_time": 5.710171535611153e-07,
            "set_tolerances_time": 8.509960025548935e-07,
            "pc_setup_time": 0.0020913230255246162,
            "solve_time": 0.0011335230665281415,
            "linear_total_time": 0.0049160870257765055,
            "ksp_its": 2,
            "ksp_reason_code": 2,
            "ksp_reason_name": "CONVERGED_RTOL",
            "ksp_residual_norm": 1.0764841203879226e-05,
            "rhs_norm": 0.0006736091742814544
          },
          {
            "assemble_total_time": 0.0016982021043077111,
            "setop_time": 7.610069587826729e-07,
            "set_tolerances_time": 8.010538294911385e-07,
            "pc_setup_time": 0.0020944359712302685,
            "solve_time": 0.0011309689143672585,
            "linear_total_time": 0.004925169050693512,
            "ksp_its": 2,
            "ksp_reason_code": 2,
            "ksp_reason_name": "CONVERGED_RTOL",
            "ksp_residual_norm": 1.195794240395144e-07,
            "rhs_norm": 4.1365208896226454e-06
          }
        ]
      }
    ],
    "metadata": {
      "nprocs": 1,
      "problem": {
        "name": "GinzburgLandau2D",
        "eps": 0.01
      },
      "linear_solver": {
        "ksp_type": "gmres",
        "pc_type": "hypre",
        "ksp_rtol": 0.001,
        "ksp_max_it": 200,
        "pc_setup_on_ksp_cap": false,
        "gamg_threshold": 0.05,
        "gamg_agg_nsmooths": 1,
        "gamg_set_coordinates": true,
        "assembly_mode": "fenics",
        "assembler": "FEniCSFormAssembly",
        "distribution_strategy": "dolfinx_mesh_partition",
        "trust_subproblem_solver": "direct_linear_solve",
        "trust_subproblem_line_search": false
      },
      "newton": {
        "tolf": 1e-06,
        "tolg": 1e-05,
        "tolg_rel": 0.001,
        "tolx_rel": 0.001,
        "tolx_abs": 1e-10,
        "maxit": 100,
        "require_all_convergence": true,
        "fail_on_nonfinite": true,
        "linesearch_interval": [
          -0.5,
          2.0
        ],
        "linesearch_tol": 0.001,
        "trust_region": false,
        "trust_radius_init": 1.0,
        "trust_radius_min": 1e-08,
        "trust_radius_max": 1000000.0,
        "trust_subproblem_line_search": false,
        "step_time_limit_s": null
      }
    }
  }
}
