{
  "case": {
    "problem": "gl",
    "backend": "fenics",
    "level": 9,
    "out": "/home/michal/repos/fenics_nonlinear_energies/artifacts/reproduction/2026-03-15_refactor_stage2b_final/full/gl_final_suite/fenics_custom_l9_np16.json",
    "quiet": true,
    "save_history": true,
    "save_linear_timing": true,
    "steps": 1,
    "start_step": 1,
    "total_steps": 24,
    "ksp_type": "gmres",
    "pc_type": "hypre",
    "ksp_rtol": 0.001,
    "ksp_max_it": 200,
    "profile": "reference",
    "coloring_trials": 10,
    "nproc_threads": 1,
    "hvp_eval_mode": "sequential",
    "element_reorder_mode": null,
    "local_hessian_mode": null,
    "tolf": 1e-06,
    "tolg": 1e-05,
    "tolg_rel": 0.001,
    "tolx_rel": 0.001,
    "tolx_abs": 1e-10,
    "maxit": 100,
    "step_time_limit_s": null,
    "linesearch_a": -0.5,
    "linesearch_b": 2.0,
    "linesearch_tol": 0.001,
    "use_trust_region": false,
    "trust_radius_init": 1.0,
    "trust_radius_min": 1e-08,
    "trust_radius_max": 1000000.0,
    "trust_shrink": 0.5,
    "trust_expand": 1.5,
    "trust_eta_shrink": 0.05,
    "trust_eta_expand": 0.75,
    "trust_max_reject": 6,
    "trust_subproblem_line_search": false,
    "local_coloring": true,
    "retry_on_failure": false,
    "pc_setup_on_ksp_cap": false,
    "use_near_nullspace": true,
    "reorder": null,
    "gamg_threshold": 0.05,
    "gamg_agg_nsmooths": 1,
    "gamg_set_coordinates": true
  },
  "result": {
    "mesh_level": 9,
    "total_dofs": 1050625,
    "free_dofs": 1050416,
    "setup_time": 3.459417,
    "solve_time_total": 3.265631,
    "total_time": 6.725269,
    "steps": [
      {
        "step": 1,
        "time": 3.265631,
        "nit": 10,
        "linear_iters": 33,
        "energy": 0.34562646842597833,
        "message": "Converged (energy, step, gradient)",
        "attempt": "primary",
        "ksp_rtol_used": 0.001,
        "ksp_max_it_used": 200,
        "linesearch_interval_used": [
          -0.5,
          2.0
        ],
        "history": [
          {
            "it": 1,
            "energy": 0.5348890670024973,
            "dE": 0.13041061096675588,
            "grad_norm": 0.0009261996570946856,
            "grad_target": 1e-05,
            "grad_norm_post": NaN,
            "alpha": -0.49964995802247814,
            "ksp_its": 5,
            "ls_evals": 19,
            "ls_repaired": false,
            "used_gradient_fallback": false,
            "accepted_step": true,
            "step_norm": 193.6130514967097,
            "step_rel": 0.3781504912045111,
            "pred_reduction": NaN,
            "actual_reduction": NaN,
            "trust_rejects": 0,
            "t_grad": 0.010415046010166407,
            "t_hess": 0.24582438997458667,
            "t_ls": 0.11975522397551686,
            "t_update": 0.00016486900858581066,
            "t_iter": 0.3762542820768431,
            "trust_radius": 1.0,
            "trust_ratio": NaN,
            "trust_qp": NaN
          },
          {
            "it": 2,
            "energy": 0.46620568148902797,
            "dE": 0.06868338551346931,
            "grad_norm": 0.0010938212027884959,
            "grad_target": 1e-05,
            "grad_norm_post": NaN,
            "alpha": 0.06426223238925666,
            "ksp_its": 4,
            "ls_evals": 19,
            "ls_repaired": false,
            "used_gradient_fallback": false,
            "accepted_step": true,
            "step_norm": 176.72699685572374,
            "step_rel": 0.28723580380049873,
            "pred_reduction": NaN,
            "actual_reduction": NaN,
            "trust_rejects": 0,
            "t_grad": 0.008923187968321145,
            "t_hess": 0.21114170202054083,
            "t_ls": 0.1166889660526067,
            "t_update": 0.00014965597074478865,
            "t_iter": 0.3369913859060034,
            "trust_radius": 1.0,
            "trust_ratio": NaN,
            "trust_qp": NaN
          },
          {
            "it": 3,
            "energy": 0.4208532359016741,
            "dE": 0.04535244558735385,
            "grad_norm": 0.0009759260525588824,
            "grad_target": 1e-05,
            "grad_norm_post": NaN,
            "alpha": 0.38625397112098814,
            "ksp_its": 4,
            "ls_evals": 19,
            "ls_repaired": false,
            "used_gradient_fallback": false,
            "accepted_step": true,
            "step_norm": 194.41203933520777,
            "step_rel": 0.2718891324981757,
            "pred_reduction": NaN,
            "actual_reduction": NaN,
            "trust_rejects": 0,
            "t_grad": 0.008938221028074622,
            "t_hess": 0.20768850797321647,
            "t_ls": 0.11740543809719384,
            "t_update": 0.00016371707897633314,
            "t_iter": 0.33425511501263827,
            "trust_radius": 1.0,
            "trust_ratio": NaN,
            "trust_qp": NaN
          },
          {
            "it": 4,
            "energy": 0.416179918505132,
            "dE": 0.004673317396542143,
            "grad_norm": 0.0005708393132940831,
            "grad_target": 1e-05,
            "grad_norm_post": NaN,
            "alpha": 0.24353546721524288,
            "ksp_its": 3,
            "ls_evals": 19,
            "ls_repaired": false,
            "used_gradient_fallback": false,
            "accepted_step": true,
            "step_norm": 83.83655570967223,
            "step_rel": 0.1035456269526459,
            "pred_reduction": NaN,
            "actual_reduction": NaN,
            "trust_rejects": 0,
            "t_grad": 0.00964864599518478,
            "t_hess": 0.19463694200385362,
            "t_ls": 0.116609503980726,
            "t_update": 0.0001454200828447938,
            "t_iter": 0.3211201830999926,
            "trust_radius": 1.0,
            "trust_ratio": NaN,
            "trust_qp": NaN
          },
          {
            "it": 5,
            "energy": 0.406187667530844,
            "dE": 0.009992250974287964,
            "grad_norm": 0.0004456932820879344,
            "grad_target": 1e-05,
            "grad_norm_post": NaN,
            "alpha": 0.01854328352106116,
            "ksp_its": 5,
            "ls_evals": 19,
            "ls_repaired": false,
            "used_gradient_fallback": false,
            "accepted_step": true,
            "step_norm": 114.33920306516576,
            "step_rel": 0.13901196197941137,
            "pred_reduction": NaN,
            "actual_reduction": NaN,
            "trust_rejects": 0,
            "t_grad": 0.008870518999174237,
            "t_hess": 0.22488182596862316,
            "t_ls": 0.11561767302919179,
            "t_update": 0.0001527209533378482,
            "t_iter": 0.34959732193965465,
            "trust_radius": 1.0,
            "trust_ratio": NaN,
            "trust_qp": NaN
          },
          {
            "it": 6,
            "energy": 0.37752911732612726,
            "dE": 0.02865855020471675,
            "grad_norm": 0.0005001912022162921,
            "grad_target": 1e-05,
            "grad_norm_post": NaN,
            "alpha": 0.7416695701448593,
            "ksp_its": 3,
            "ls_evals": 19,
            "ls_repaired": false,
            "used_gradient_fallback": false,
            "accepted_step": true,
            "step_norm": 160.53670230341814,
            "step_rel": 0.1922591361899381,
            "pred_reduction": NaN,
            "actual_reduction": NaN,
            "trust_rejects": 0,
            "t_grad": 0.008890729979611933,
            "t_hess": 0.1859304109821096,
            "t_ls": 0.1374513510381803,
            "t_update": 0.0001494059106335044,
            "t_iter": 0.3324972720583901,
            "trust_radius": 1.0,
            "trust_ratio": NaN,
            "trust_qp": NaN
          },
          {
            "it": 7,
            "energy": 0.35479395191565455,
            "dE": 0.022735165410472713,
            "grad_norm": 0.0005288185576872139,
            "grad_target": 1e-05,
            "grad_norm_post": NaN,
            "alpha": 0.0731590420616709,
            "ksp_its": 3,
            "ls_evals": 19,
            "ls_repaired": false,
            "used_gradient_fallback": false,
            "accepted_step": true,
            "step_norm": 130.28154633933264,
            "step_rel": 0.1504301145547031,
            "pred_reduction": NaN,
            "actual_reduction": NaN,
            "trust_rejects": 0,
            "t_grad": 0.008876017993316054,
            "t_hess": 0.18922549299895763,
            "t_ls": 0.11524626007303596,
            "t_update": 0.00014552997890859842,
            "t_iter": 0.3135733319213614,
            "trust_radius": 1.0,
            "trust_ratio": NaN,
            "trust_qp": NaN
          },
          {
            "it": 8,
            "energy": 0.3459271929178036,
            "dE": 0.008866758997850943,
            "grad_norm": 0.0004916621029875318,
            "grad_target": 1e-05,
            "grad_norm_post": NaN,
            "alpha": 0.9711927923771919,
            "ksp_its": 2,
            "ls_evals": 19,
            "ls_repaired": false,
            "used_gradient_fallback": false,
            "accepted_step": true,
            "step_norm": 41.393375186781235,
            "step_rel": 0.04702099555691315,
            "pred_reduction": NaN,
            "actual_reduction": NaN,
            "trust_rejects": 0,
            "t_grad": 0.008870618999935687,
            "t_hess": 0.16974760801531374,
            "t_ls": 0.11505617201328278,
            "t_update": 0.00015249103307724,
            "t_iter": 0.29389949003234506,
            "trust_radius": 1.0,
            "trust_ratio": NaN,
            "trust_qp": NaN
          },
          {
            "it": 9,
            "energy": 0.3456265309045984,
            "dE": 0.0003006620132052218,
            "grad_norm": 7.352160012568052e-05,
            "grad_target": 1e-05,
            "grad_norm_post": NaN,
            "alpha": 1.0550319074797831,
            "ksp_its": 2,
            "ls_evals": 19,
            "ls_repaired": false,
            "used_gradient_fallback": false,
            "accepted_step": true,
            "step_norm": 9.518603254712312,
            "step_rel": 0.010825211531002903,
            "pred_reduction": NaN,
            "actual_reduction": NaN,
            "trust_rejects": 0,
            "t_grad": 0.00965357304085046,
            "t_hess": 0.17112557298969477,
            "t_ls": 0.11481702094897628,
            "t_update": 0.0001512389862909913,
            "t_iter": 0.295824742061086,
            "trust_radius": 1.0,
            "trust_ratio": NaN,
            "trust_qp": NaN
          },
          {
            "it": 10,
            "energy": 0.34562646842597833,
            "dE": 6.247862005537286e-08,
            "grad_norm": 1.4699256454247557e-06,
            "grad_target": 1e-05,
            "grad_norm_post": 9.705225691704656e-09,
            "alpha": 1.000416148939007,
            "ksp_its": 2,
            "ls_evals": 19,
            "ls_repaired": false,
            "used_gradient_fallback": false,
            "accepted_step": true,
            "step_norm": 0.10925445877861709,
            "step_rel": 0.00012462784530865528,
            "pred_reduction": NaN,
            "actual_reduction": NaN,
            "trust_rejects": 0,
            "t_grad": 0.008883148082531989,
            "t_hess": 0.17121151997707784,
            "t_ls": 0.11507924599573016,
            "t_update": 0.0001560460077598691,
            "t_iter": 0.2954117039917037,
            "trust_radius": 1.0,
            "trust_ratio": NaN,
            "trust_qp": NaN
          }
        ],
        "linear_timing": [
          {
            "assemble_total_time": 0.03440725104883313,
            "setop_time": 3.144959919154644e-06,
            "set_tolerances_time": 2.934015356004238e-06,
            "pc_setup_time": 0.1098076660418883,
            "solve_time": 0.10129352600779384,
            "linear_total_time": 0.24551452207379043,
            "ksp_its": 5,
            "ksp_reason_code": 2,
            "ksp_reason_name": "CONVERGED_RTOL",
            "ksp_residual_norm": 3595.6746316913773,
            "rhs_norm": 0.0009261996570946856
          },
          {
            "assemble_total_time": 0.033386206021532416,
            "setop_time": 2.5329645723104477e-06,
            "set_tolerances_time": 2.634013071656227e-06,
            "pc_setup_time": 0.09274173807352781,
            "solve_time": 0.08469807996880263,
            "linear_total_time": 0.21083119104150683,
            "ksp_its": 4,
            "ksp_reason_code": 2,
            "ksp_reason_name": "CONVERGED_RTOL",
            "ksp_residual_norm": 2.5502480416408826,
            "rhs_norm": 0.0010938212027884959
          },
          {
            "assemble_total_time": 0.03175447799731046,
            "setop_time": 1.8330756574869156e-06,
            "set_tolerances_time": 2.4529872462153435e-06,
            "pc_setup_time": 0.09238464792724699,
            "solve_time": 0.08324856800027192,
            "linear_total_time": 0.20739197998773307,
            "ksp_its": 4,
            "ksp_reason_code": 2,
            "ksp_reason_name": "CONVERGED_RTOL",
            "ksp_residual_norm": 4.335105570082071,
            "rhs_norm": 0.0009759260525588824
          },
          {
            "assemble_total_time": 0.03610543895047158,
            "setop_time": 1.952052116394043e-06,
            "set_tolerances_time": 2.3529864847660065e-06,
            "pc_setup_time": 0.0924450890161097,
            "solve_time": 0.06577988096978515,
            "linear_total_time": 0.1943347139749676,
            "ksp_its": 3,
            "ksp_reason_code": 2,
            "ksp_reason_name": "CONVERGED_RTOL",
            "ksp_residual_norm": 1.3264057005768468,
            "rhs_norm": 0.0005708393132940831
          },
          {
            "assemble_total_time": 0.03361221798695624,
            "setop_time": 1.8730061128735542e-06,
            "set_tolerances_time": 2.254033461213112e-06,
            "pc_setup_time": 0.08823923603631556,
            "solve_time": 0.10271231096703559,
            "linear_total_time": 0.22456789202988148,
            "ksp_its": 5,
            "ksp_reason_code": 2,
            "ksp_reason_name": "CONVERGED_RTOL",
            "ksp_residual_norm": 0.017125865913553324,
            "rhs_norm": 0.0004456932820879344
          },
          {
            "assemble_total_time": 0.0317713029216975,
            "setop_time": 2.0531006157398224e-06,
            "set_tolerances_time": 1.9329600036144257e-06,
            "pc_setup_time": 0.08815081208012998,
            "solve_time": 0.06571449094917625,
            "linear_total_time": 0.18564059201162308,
            "ksp_its": 3,
            "ksp_reason_code": 2,
            "ksp_reason_name": "CONVERGED_RTOL",
            "ksp_residual_norm": 0.03401225282310338,
            "rhs_norm": 0.0005001912022162921
          },
          {
            "assemble_total_time": 0.03180215903557837,
            "setop_time": 2.023065462708473e-06,
            "set_tolerances_time": 2.312939614057541e-06,
            "pc_setup_time": 0.0907209599390626,
            "solve_time": 0.06640926096588373,
            "linear_total_time": 0.18893671594560146,
            "ksp_its": 3,
            "ksp_reason_code": 2,
            "ksp_reason_name": "CONVERGED_RTOL",
            "ksp_residual_norm": 0.2431853567001368,
            "rhs_norm": 0.0005288185576872139
          },
          {
            "assemble_total_time": 0.032390668988227844,
            "setop_time": 1.8730061128735542e-06,
            "set_tolerances_time": 2.1940795704722404e-06,
            "pc_setup_time": 0.08848701906390488,
            "solve_time": 0.04856543801724911,
            "linear_total_time": 0.16944719315506518,
            "ksp_its": 2,
            "ksp_reason_code": 2,
            "ksp_reason_name": "CONVERGED_RTOL",
            "ksp_residual_norm": 0.018621171761945058,
            "rhs_norm": 0.0004916621029875318
          },
          {
            "assemble_total_time": 0.031788168009370565,
            "setop_time": 1.8320279195904732e-06,
            "set_tolerances_time": 2.234010025858879e-06,
            "pc_setup_time": 0.08942564006429166,
            "solve_time": 0.0496088860090822,
            "linear_total_time": 0.17082676012068987,
            "ksp_its": 2,
            "ksp_reason_code": 2,
            "ksp_reason_name": "CONVERGED_RTOL",
            "ksp_residual_norm": 0.002951884870177415,
            "rhs_norm": 7.352160012568052e-05
          },
          {
            "assemble_total_time": 0.03171311295591295,
            "setop_time": 1.8229475244879723e-06,
            "set_tolerances_time": 2.1330779418349266e-06,
            "pc_setup_time": 0.08997812494635582,
            "solve_time": 0.04922361299395561,
            "linear_total_time": 0.1709188069216907,
            "ksp_its": 2,
            "ksp_reason_code": 2,
            "ksp_reason_name": "CONVERGED_RTOL",
            "ksp_residual_norm": 5.3689400024629714e-05,
            "rhs_norm": 1.4699256454247557e-06
          }
        ]
      }
    ],
    "metadata": {
      "nprocs": 16,
      "problem": {
        "name": "GinzburgLandau2D",
        "eps": 0.01
      },
      "linear_solver": {
        "ksp_type": "gmres",
        "pc_type": "hypre",
        "ksp_rtol": 0.001,
        "ksp_max_it": 200,
        "pc_setup_on_ksp_cap": false,
        "gamg_threshold": 0.05,
        "gamg_agg_nsmooths": 1,
        "gamg_set_coordinates": true,
        "assembly_mode": "fenics",
        "assembler": "FEniCSFormAssembly",
        "distribution_strategy": "dolfinx_mesh_partition",
        "trust_subproblem_solver": "direct_linear_solve",
        "trust_subproblem_line_search": false
      },
      "newton": {
        "tolf": 1e-06,
        "tolg": 1e-05,
        "tolg_rel": 0.001,
        "tolx_rel": 0.001,
        "tolx_abs": 1e-10,
        "maxit": 100,
        "require_all_convergence": true,
        "fail_on_nonfinite": true,
        "linesearch_interval": [
          -0.5,
          2.0
        ],
        "linesearch_tol": 0.001,
        "trust_region": false,
        "trust_radius_init": 1.0,
        "trust_radius_min": 1e-08,
        "trust_radius_max": 1000000.0,
        "trust_subproblem_line_search": false,
        "step_time_limit_s": null
      }
    }
  }
}
