{
  "case": {
    "problem": "gl",
    "backend": "fenics",
    "level": 6,
    "out": "/home/michal/repos/fenics_nonlinear_energies/artifacts/reproduction/2026-03-15_refactor_stage2b_final/full/gl_final_suite/fenics_custom_l6_np1.json",
    "quiet": true,
    "save_history": true,
    "save_linear_timing": true,
    "steps": 1,
    "start_step": 1,
    "total_steps": 24,
    "ksp_type": "gmres",
    "pc_type": "hypre",
    "ksp_rtol": 0.001,
    "ksp_max_it": 200,
    "profile": "reference",
    "coloring_trials": 10,
    "nproc_threads": 1,
    "hvp_eval_mode": "sequential",
    "element_reorder_mode": null,
    "local_hessian_mode": null,
    "tolf": 1e-06,
    "tolg": 1e-05,
    "tolg_rel": 0.001,
    "tolx_rel": 0.001,
    "tolx_abs": 1e-10,
    "maxit": 100,
    "step_time_limit_s": null,
    "linesearch_a": -0.5,
    "linesearch_b": 2.0,
    "linesearch_tol": 0.001,
    "use_trust_region": false,
    "trust_radius_init": 1.0,
    "trust_radius_min": 1e-08,
    "trust_radius_max": 1000000.0,
    "trust_shrink": 0.5,
    "trust_expand": 1.5,
    "trust_eta_shrink": 0.05,
    "trust_eta_expand": 0.75,
    "trust_max_reject": 6,
    "trust_subproblem_line_search": false,
    "local_coloring": true,
    "retry_on_failure": false,
    "pc_setup_on_ksp_cap": false,
    "use_near_nullspace": true,
    "reorder": null,
    "gamg_threshold": 0.05,
    "gamg_agg_nsmooths": 1,
    "gamg_set_coordinates": true
  },
  "result": {
    "mesh_level": 6,
    "total_dofs": 16641,
    "free_dofs": 16129,
    "setup_time": 0.051973,
    "solve_time_total": 0.514949,
    "total_time": 0.56701,
    "steps": [
      {
        "step": 1,
        "time": 0.514949,
        "nit": 10,
        "linear_iters": 33,
        "energy": 0.34577666911041427,
        "message": "Converged (energy, step, gradient)",
        "attempt": "primary",
        "ksp_rtol_used": 0.001,
        "ksp_max_it_used": 200,
        "linesearch_interval_used": [
          -0.5,
          2.0
        ],
        "history": [
          {
            "it": 1,
            "energy": 0.4956361910362042,
            "dE": 0.16970550581668792,
            "grad_norm": 0.007407961445041549,
            "grad_target": 1e-05,
            "grad_norm_post": NaN,
            "alpha": -0.33293922004808796,
            "ksp_its": 7,
            "ls_evals": 19,
            "ls_repaired": false,
            "used_gradient_fallback": false,
            "accepted_step": true,
            "step_norm": 39.04779344117846,
            "step_rel": 0.6101217725184135,
            "pred_reduction": NaN,
            "actual_reduction": NaN,
            "trust_rejects": 0,
            "t_grad": 0.00232737697660923,
            "t_hess": 0.03241271700244397,
            "t_ls": 0.026742686983197927,
            "t_update": 7.421942427754402e-06,
            "t_iter": 0.06151959497947246,
            "trust_radius": 1.0,
            "trust_ratio": NaN,
            "trust_qp": NaN
          },
          {
            "it": 2,
            "energy": 0.48609922393915783,
            "dE": 0.009536967097046378,
            "grad_norm": 0.007067601788859156,
            "grad_target": 1e-05,
            "grad_norm_post": NaN,
            "alpha": -0.43457195449540353,
            "ksp_its": 5,
            "ls_evals": 19,
            "ls_repaired": false,
            "used_gradient_fallback": false,
            "accepted_step": true,
            "step_norm": 20.024328344751837,
            "step_rel": 0.21934015422102404,
            "pred_reduction": NaN,
            "actual_reduction": NaN,
            "trust_rejects": 0,
            "t_grad": 0.0022702509304508567,
            "t_hess": 0.024605924962088466,
            "t_ls": 0.02647468401119113,
            "t_update": 6.949994713068008e-06,
            "t_iter": 0.05337574798613787,
            "trust_radius": 1.0,
            "trust_ratio": NaN,
            "trust_qp": NaN
          },
          {
            "it": 3,
            "energy": 0.44136809660580395,
            "dE": 0.04473112733335388,
            "grad_norm": 0.009953418050909605,
            "grad_target": 1e-05,
            "grad_norm_post": NaN,
            "alpha": 0.11634506338523176,
            "ksp_its": 4,
            "ls_evals": 19,
            "ls_repaired": false,
            "used_gradient_fallback": false,
            "accepted_step": true,
            "step_norm": 28.483558887905165,
            "step_rel": 0.3132975899915253,
            "pred_reduction": NaN,
            "actual_reduction": NaN,
            "trust_rejects": 0,
            "t_grad": 0.002212703926488757,
            "t_hess": 0.0228863509837538,
            "t_ls": 0.026450476027093828,
            "t_update": 7.121008820831776e-06,
            "t_iter": 0.05157210701145232,
            "trust_radius": 1.0,
            "trust_ratio": NaN,
            "trust_qp": NaN
          },
          {
            "it": 4,
            "energy": 0.4192357084079256,
            "dE": 0.022132388197878328,
            "grad_norm": 0.008018655602739164,
            "grad_target": 1e-05,
            "grad_norm_post": NaN,
            "alpha": 0.48378834270961846,
            "ksp_its": 3,
            "ls_evals": 19,
            "ls_repaired": false,
            "used_gradient_fallback": false,
            "accepted_step": true,
            "step_norm": 15.223051351013494,
            "step_rel": 0.15226738689035751,
            "pred_reduction": NaN,
            "actual_reduction": NaN,
            "trust_rejects": 0,
            "t_grad": 0.0022131160367280245,
            "t_hess": 0.021293937927111983,
            "t_ls": 0.026483025983907282,
            "t_update": 7.051043212413788e-06,
            "t_iter": 0.05001835303846747,
            "trust_radius": 1.0,
            "trust_ratio": NaN,
            "trust_qp": NaN
          },
          {
            "it": 5,
            "energy": 0.401400168463992,
            "dE": 0.01783553994393361,
            "grad_norm": 0.004405011267258085,
            "grad_target": 1e-05,
            "grad_norm_post": NaN,
            "alpha": 0.4844884266646622,
            "ksp_its": 3,
            "ls_evals": 19,
            "ls_repaired": false,
            "used_gradient_fallback": false,
            "accepted_step": true,
            "step_norm": 15.7243315235799,
            "step_rel": 0.1498553682683728,
            "pred_reduction": NaN,
            "actual_reduction": NaN,
            "trust_rejects": 0,
            "t_grad": 0.002199915936216712,
            "t_hess": 0.02131869609002024,
            "t_ls": 0.02640665101353079,
            "t_update": 7.091090083122253e-06,
            "t_iter": 0.04994883807376027,
            "trust_radius": 1.0,
            "trust_ratio": NaN,
            "trust_qp": NaN
          },
          {
            "it": 6,
            "energy": 0.37711035329623177,
            "dE": 0.024289815167760243,
            "grad_norm": 0.0035799742848714932,
            "grad_target": 1e-05,
            "grad_norm_post": NaN,
            "alpha": 0.9629960666599644,
            "ksp_its": 2,
            "ls_evals": 19,
            "ls_repaired": false,
            "used_gradient_fallback": false,
            "accepted_step": true,
            "step_norm": 19.65092856175414,
            "step_rel": 0.18344445249188968,
            "pred_reduction": NaN,
            "actual_reduction": NaN,
            "trust_rejects": 0,
            "t_grad": 0.0021998160518705845,
            "t_hess": 0.01970266702119261,
            "t_ls": 0.026599601027555764,
            "t_update": 7.431022822856903e-06,
            "t_iter": 0.048524567973800004,
            "trust_radius": 1.0,
            "trust_ratio": NaN,
            "trust_qp": NaN
          },
          {
            "it": 7,
            "energy": 0.3525881757574393,
            "dE": 0.02452217753879249,
            "grad_norm": 0.0035881089680600293,
            "grad_target": 1e-05,
            "grad_norm_post": NaN,
            "alpha": 0.046201204768887894,
            "ksp_its": 3,
            "ls_evals": 19,
            "ls_repaired": false,
            "used_gradient_fallback": false,
            "accepted_step": true,
            "step_norm": 18.536837946706388,
            "step_rel": 0.17080633471580298,
            "pred_reduction": NaN,
            "actual_reduction": NaN,
            "trust_rejects": 0,
            "t_grad": 0.0022114829625934362,
            "t_hess": 0.021312986966222525,
            "t_ls": 0.02656794397626072,
            "t_update": 7.170019671320915e-06,
            "t_iter": 0.05012290005106479,
            "trust_radius": 1.0,
            "trust_ratio": NaN,
            "trust_qp": NaN
          },
          {
            "it": 8,
            "energy": 0.3460493105873486,
            "dE": 0.006538865170090669,
            "grad_norm": 0.003292296148126685,
            "grad_target": 1e-05,
            "grad_norm_post": NaN,
            "alpha": 0.9663943455634507,
            "ksp_its": 2,
            "ls_evals": 19,
            "ls_repaired": false,
            "used_gradient_fallback": false,
            "accepted_step": true,
            "step_norm": 4.91663209644989,
            "step_rel": 0.044515705358619026,
            "pred_reduction": NaN,
            "actual_reduction": NaN,
            "trust_rejects": 0,
            "t_grad": 0.0022161599481478333,
            "t_hess": 0.019745682016946375,
            "t_ls": 0.026545019005425274,
            "t_update": 7.090042345225811e-06,
            "t_iter": 0.04853013704996556,
            "trust_radius": 1.0,
            "trust_ratio": NaN,
            "trust_qp": NaN
          },
          {
            "it": 9,
            "energy": 0.3457767586616881,
            "dE": 0.00027255192566050246,
            "grad_norm": 0.0005493610176531843,
            "grad_target": 1e-05,
            "grad_norm_post": NaN,
            "alpha": 1.056864751069406,
            "ksp_its": 2,
            "ls_evals": 19,
            "ls_repaired": false,
            "used_gradient_fallback": false,
            "accepted_step": true,
            "step_norm": 1.1718112104043423,
            "step_rel": 0.010662870830612497,
            "pred_reduction": NaN,
            "actual_reduction": NaN,
            "trust_rejects": 0,
            "t_grad": 0.0022159400396049023,
            "t_hess": 0.019736678106710315,
            "t_ls": 0.026581624057143927,
            "t_update": 7.201102562248707e-06,
            "t_iter": 0.04855739697813988,
            "trust_radius": 1.0,
            "trust_ratio": NaN,
            "trust_qp": NaN
          },
          {
            "it": 10,
            "energy": 0.34577666911041427,
            "dE": 8.955127384080441e-08,
            "grad_norm": 1.1771625810848644e-05,
            "grad_target": 1e-05,
            "grad_norm_post": 2.6796024782771792e-08,
            "alpha": 0.9999834732596391,
            "ksp_its": 2,
            "ls_evals": 19,
            "ls_repaired": false,
            "used_gradient_fallback": false,
            "accepted_step": true,
            "step_norm": 0.01842778153097454,
            "step_rel": 0.00016815239636845374,
            "pred_reduction": NaN,
            "actual_reduction": NaN,
            "trust_rejects": 0,
            "t_grad": 0.0022066060919314623,
            "t_hess": 0.019721384975127876,
            "t_ls": 0.02660659095272422,
            "t_update": 7.071066647768021e-06,
            "t_iter": 0.048557596979662776,
            "trust_radius": 1.0,
            "trust_ratio": NaN,
            "trust_qp": NaN
          }
        ],
        "linear_timing": [
          {
            "assemble_total_time": 0.008346001035533845,
            "setop_time": 1.2819655239582062e-06,
            "set_tolerances_time": 1.1220108717679977e-06,
            "pc_setup_time": 0.010853378917090595,
            "solve_time": 0.013161608017981052,
            "linear_total_time": 0.03236339194700122,
            "ksp_its": 7,
            "ksp_reason_code": 2,
            "ksp_reason_name": "CONVERGED_RTOL",
            "ksp_residual_norm": 46.622559037230985,
            "rhs_norm": 0.007407961445041549
          },
          {
            "assemble_total_time": 0.00783216895069927,
            "setop_time": 1.0719522833824158e-06,
            "set_tolerances_time": 1.3320241123437881e-06,
            "pc_setup_time": 0.007223724969662726,
            "solve_time": 0.009504562010988593,
            "linear_total_time": 0.024562859907746315,
            "ksp_its": 5,
            "ksp_reason_code": 2,
            "ksp_reason_name": "CONVERGED_RTOL",
            "ksp_residual_norm": 1.383706346624536,
            "rhs_norm": 0.007067601788859156
          },
          {
            "assemble_total_time": 0.007790367002598941,
            "setop_time": 6.509944796562195e-07,
            "set_tolerances_time": 1.051928848028183e-06,
            "pc_setup_time": 0.007145997951738536,
            "solve_time": 0.007904437952674925,
            "linear_total_time": 0.022842505830340087,
            "ksp_its": 4,
            "ksp_reason_code": 2,
            "ksp_reason_name": "CONVERGED_RTOL",
            "ksp_residual_norm": 0.07618476949168226,
            "rhs_norm": 0.009953418050909605
          },
          {
            "assemble_total_time": 0.007828494068235159,
            "setop_time": 7.210765033960342e-07,
            "set_tolerances_time": 8.409842848777771e-07,
            "pc_setup_time": 0.007123223971575499,
            "solve_time": 0.006302930996753275,
            "linear_total_time": 0.021256211097352207,
            "ksp_its": 3,
            "ksp_reason_code": 2,
            "ksp_reason_name": "CONVERGED_RTOL",
            "ksp_residual_norm": 0.027021852175005877,
            "rhs_norm": 0.008018655602739164
          },
          {
            "assemble_total_time": 0.007804017048329115,
            "setop_time": 7.719499990344048e-07,
            "set_tolerances_time": 9.209616109728813e-07,
            "pc_setup_time": 0.007165087037719786,
            "solve_time": 0.006309680989943445,
            "linear_total_time": 0.021280477987602353,
            "ksp_its": 3,
            "ksp_reason_code": 2,
            "ksp_reason_name": "CONVERGED_RTOL",
            "ksp_residual_norm": 0.000814581786513391,
            "rhs_norm": 0.004405011267258085
          },
          {
            "assemble_total_time": 0.007833020994439721,
            "setop_time": 6.610061973333359e-07,
            "set_tolerances_time": 9.309733286499977e-07,
            "pc_setup_time": 0.007134241051971912,
            "solve_time": 0.0046965370420366526,
            "linear_total_time": 0.01966539106797427,
            "ksp_its": 2,
            "ksp_reason_code": 2,
            "ksp_reason_name": "CONVERGED_RTOL",
            "ksp_residual_norm": 0.01177880421563572,
            "rhs_norm": 0.0035799742848714932
          },
          {
            "assemble_total_time": 0.007819510996341705,
            "setop_time": 6.910413503646851e-07,
            "set_tolerances_time": 9.720679372549057e-07,
            "pc_setup_time": 0.007149102981202304,
            "solve_time": 0.006304563954472542,
            "linear_total_time": 0.02127484104130417,
            "ksp_its": 3,
            "ksp_reason_code": 2,
            "ksp_reason_name": "CONVERGED_RTOL",
            "ksp_residual_norm": 0.006169438311418715,
            "rhs_norm": 0.0035881089680600293
          },
          {
            "assemble_total_time": 0.007855394971556962,
            "setop_time": 6.910413503646851e-07,
            "set_tolerances_time": 9.310897439718246e-07,
            "pc_setup_time": 0.007151457015424967,
            "solve_time": 0.00469713902566582,
            "linear_total_time": 0.019705613143742085,
            "ksp_its": 2,
            "ksp_reason_code": 2,
            "ksp_reason_name": "CONVERGED_RTOL",
            "ksp_residual_norm": 0.0016711059198206244,
            "rhs_norm": 0.003292296148126685
          },
          {
            "assemble_total_time": 0.007822766085155308,
            "setop_time": 7.409835234284401e-07,
            "set_tolerances_time": 9.520445019006729e-07,
            "pc_setup_time": 0.007171977078542113,
            "solve_time": 0.004702376085333526,
            "linear_total_time": 0.019698812277056277,
            "ksp_its": 2,
            "ksp_reason_code": 2,
            "ksp_reason_name": "CONVERGED_RTOL",
            "ksp_residual_norm": 9.631519665396833e-05,
            "rhs_norm": 0.0005493610176531843
          },
          {
            "assemble_total_time": 0.007828754023648798,
            "setop_time": 6.409827619791031e-07,
            "set_tolerances_time": 9.010545909404755e-07,
            "pc_setup_time": 0.007156074047088623,
            "solve_time": 0.004697308992035687,
            "linear_total_time": 0.019683679100126028,
            "ksp_its": 2,
            "ksp_reason_code": 2,
            "ksp_reason_name": "CONVERGED_RTOL",
            "ksp_residual_norm": 2.3083304369789506e-06,
            "rhs_norm": 1.1771625810848644e-05
          }
        ]
      }
    ],
    "metadata": {
      "nprocs": 1,
      "problem": {
        "name": "GinzburgLandau2D",
        "eps": 0.01
      },
      "linear_solver": {
        "ksp_type": "gmres",
        "pc_type": "hypre",
        "ksp_rtol": 0.001,
        "ksp_max_it": 200,
        "pc_setup_on_ksp_cap": false,
        "gamg_threshold": 0.05,
        "gamg_agg_nsmooths": 1,
        "gamg_set_coordinates": true,
        "assembly_mode": "fenics",
        "assembler": "FEniCSFormAssembly",
        "distribution_strategy": "dolfinx_mesh_partition",
        "trust_subproblem_solver": "direct_linear_solve",
        "trust_subproblem_line_search": false
      },
      "newton": {
        "tolf": 1e-06,
        "tolg": 1e-05,
        "tolg_rel": 0.001,
        "tolx_rel": 0.001,
        "tolx_abs": 1e-10,
        "maxit": 100,
        "require_all_convergence": true,
        "fail_on_nonfinite": true,
        "linesearch_interval": [
          -0.5,
          2.0
        ],
        "linesearch_tol": 0.001,
        "trust_region": false,
        "trust_radius_init": 1.0,
        "trust_radius_min": 1e-08,
        "trust_radius_max": 1000000.0,
        "trust_subproblem_line_search": false,
        "step_time_limit_s": null
      }
    }
  }
}
