{
  "case": {
    "problem": "gl",
    "backend": "fenics",
    "level": 7,
    "out": "/home/michal/repos/fenics_nonlinear_energies/artifacts/reproduction/2026-03-15_refactor_stage2b_final/full/gl_final_suite/fenics_custom_l7_np4.json",
    "quiet": true,
    "save_history": true,
    "save_linear_timing": true,
    "steps": 1,
    "start_step": 1,
    "total_steps": 24,
    "ksp_type": "gmres",
    "pc_type": "hypre",
    "ksp_rtol": 0.001,
    "ksp_max_it": 200,
    "profile": "reference",
    "coloring_trials": 10,
    "nproc_threads": 1,
    "hvp_eval_mode": "sequential",
    "element_reorder_mode": null,
    "local_hessian_mode": null,
    "tolf": 1e-06,
    "tolg": 1e-05,
    "tolg_rel": 0.001,
    "tolx_rel": 0.001,
    "tolx_abs": 1e-10,
    "maxit": 100,
    "step_time_limit_s": null,
    "linesearch_a": -0.5,
    "linesearch_b": 2.0,
    "linesearch_tol": 0.001,
    "use_trust_region": false,
    "trust_radius_init": 1.0,
    "trust_radius_min": 1e-08,
    "trust_radius_max": 1000000.0,
    "trust_shrink": 0.5,
    "trust_expand": 1.5,
    "trust_eta_shrink": 0.05,
    "trust_eta_expand": 0.75,
    "trust_max_reject": 6,
    "trust_subproblem_line_search": false,
    "local_coloring": true,
    "retry_on_failure": false,
    "pc_setup_on_ksp_cap": false,
    "use_near_nullspace": true,
    "reorder": null,
    "gamg_threshold": 0.05,
    "gamg_agg_nsmooths": 1,
    "gamg_set_coordinates": true
  },
  "result": {
    "mesh_level": 7,
    "total_dofs": 66049,
    "free_dofs": 65735,
    "setup_time": 0.228227,
    "solve_time_total": 0.60559,
    "total_time": 0.833936,
    "steps": [
      {
        "step": 1,
        "time": 0.60559,
        "nit": 8,
        "linear_iters": 34,
        "energy": 0.34566226111288245,
        "message": "Converged (energy, step, gradient)",
        "attempt": "primary",
        "ksp_rtol_used": 0.001,
        "ksp_max_it_used": 200,
        "linesearch_interval_used": [
          -0.5,
          2.0
        ],
        "history": [
          {
            "it": 1,
            "energy": 0.5437172470643404,
            "dE": 0.1215924354023925,
            "grad_norm": 0.00370460376965253,
            "grad_target": 1e-05,
            "grad_norm_post": NaN,
            "alpha": -0.286787595500389,
            "ksp_its": 9,
            "ls_evals": 19,
            "ls_repaired": false,
            "used_gradient_fallback": false,
            "accepted_step": true,
            "step_norm": 68.0704395879016,
            "step_rel": 0.5318003092804813,
            "pred_reduction": NaN,
            "actual_reduction": NaN,
            "trust_rejects": 0,
            "t_grad": 0.002409831969998777,
            "t_hess": 0.06578149599954486,
            "t_ls": 0.0282123819924891,
            "t_update": 1.8978025764226913e-05,
            "t_iter": 0.09648188692517579,
            "trust_radius": 1.0,
            "trust_ratio": NaN,
            "trust_qp": NaN
          },
          {
            "it": 2,
            "energy": 0.5109624873377372,
            "dE": 0.032754759726603244,
            "grad_norm": 0.003944684348088658,
            "grad_target": 1e-05,
            "grad_norm_post": NaN,
            "alpha": 0.3506667324313312,
            "ksp_its": 6,
            "ls_evals": 19,
            "ls_repaired": false,
            "used_gradient_fallback": false,
            "accepted_step": true,
            "step_norm": 45.97249910308747,
            "step_rel": 0.27588260422128297,
            "pred_reduction": NaN,
            "actual_reduction": NaN,
            "trust_rejects": 0,
            "t_grad": 0.002308699069544673,
            "t_hess": 0.049709912040270865,
            "t_ls": 0.02775148907676339,
            "t_update": 1.7396057955920696e-05,
            "t_iter": 0.0798417089972645,
            "trust_radius": 1.0,
            "trust_ratio": NaN,
            "trust_qp": NaN
          },
          {
            "it": 3,
            "energy": 0.44467712836419093,
            "dE": 0.06628535897354626,
            "grad_norm": 0.002287896275333152,
            "grad_target": 1e-05,
            "grad_norm_post": NaN,
            "alpha": -0.3687938670132852,
            "ksp_its": 6,
            "ls_evals": 19,
            "ls_repaired": false,
            "used_gradient_fallback": false,
            "accepted_step": true,
            "step_norm": 67.43100691535254,
            "step_rel": 0.3611390844086494,
            "pred_reduction": NaN,
            "actual_reduction": NaN,
            "trust_rejects": 0,
            "t_grad": 0.0022763810120522976,
            "t_hess": 0.04892561200540513,
            "t_ls": 0.02782542002387345,
            "t_update": 1.76670728251338e-05,
            "t_iter": 0.07909684791229665,
            "trust_radius": 1.0,
            "trust_ratio": NaN,
            "trust_qp": NaN
          },
          {
            "it": 4,
            "energy": 0.38008666498941246,
            "dE": 0.06459046337477847,
            "grad_norm": 0.003621268133599983,
            "grad_target": 1e-05,
            "grad_norm_post": NaN,
            "alpha": 0.1939855637639024,
            "ksp_its": 4,
            "ls_evals": 19,
            "ls_repaired": false,
            "used_gradient_fallback": false,
            "accepted_step": true,
            "step_norm": 50.59000629086001,
            "step_rel": 0.2523998471629872,
            "pred_reduction": NaN,
            "actual_reduction": NaN,
            "trust_rejects": 0,
            "t_grad": 0.0022507929243147373,
            "t_hess": 0.04337346809916198,
            "t_ls": 0.027833511936478317,
            "t_update": 1.788698136806488e-05,
            "t_iter": 0.07352625590283424,
            "trust_radius": 1.0,
            "trust_ratio": NaN,
            "trust_qp": NaN
          },
          {
            "it": 5,
            "energy": 0.34979256607839776,
            "dE": 0.0302940989110147,
            "grad_norm": 0.003115066452174983,
            "grad_target": 1e-05,
            "grad_norm_post": NaN,
            "alpha": 0.6493663210494615,
            "ksp_its": 3,
            "ls_evals": 19,
            "ls_repaired": false,
            "used_gradient_fallback": false,
            "accepted_step": true,
            "step_norm": 25.312614282494888,
            "step_rel": 0.11892437086966597,
            "pred_reduction": NaN,
            "actual_reduction": NaN,
            "trust_rejects": 0,
            "t_grad": 0.0022508829133585095,
            "t_hess": 0.040314120007678866,
            "t_ls": 0.027727143024094403,
            "t_update": 1.779699232429266e-05,
            "t_iter": 0.07036123902071267,
            "trust_radius": 1.0,
            "trust_ratio": NaN,
            "trust_qp": NaN
          },
          {
            "it": 6,
            "energy": 0.345682868940425,
            "dE": 0.004109697137972768,
            "grad_norm": 0.0011435426929733588,
            "grad_target": 1e-05,
            "grad_norm_post": NaN,
            "alpha": 1.0698599236003747,
            "ksp_its": 2,
            "ls_evals": 19,
            "ls_repaired": false,
            "used_gradient_fallback": false,
            "accepted_step": true,
            "step_norm": 8.080191356516279,
            "step_rel": 0.036708036133332775,
            "pred_reduction": NaN,
            "actual_reduction": NaN,
            "trust_rejects": 0,
            "t_grad": 0.0022593860048800707,
            "t_hess": 0.03738442703615874,
            "t_ls": 0.027692819945514202,
            "t_update": 1.7937039956450462e-05,
            "t_iter": 0.06740479602012783,
            "trust_radius": 1.0,
            "trust_ratio": NaN,
            "trust_qp": NaN
          },
          {
            "it": 7,
            "energy": 0.3456622620804243,
            "dE": 2.0606860000715876e-05,
            "grad_norm": 7.20705937063704e-05,
            "grad_target": 1e-05,
            "grad_norm_post": NaN,
            "alpha": 1.009312958611362,
            "ksp_its": 2,
            "ls_evals": 19,
            "ls_repaired": false,
            "used_gradient_fallback": false,
            "accepted_step": true,
            "step_norm": 0.6297588160277564,
            "step_rel": 0.0028687215162062104,
            "pred_reduction": NaN,
            "actual_reduction": NaN,
            "trust_rejects": 0,
            "t_grad": 0.0022540680365636945,
            "t_hess": 0.03719252801965922,
            "t_ls": 0.027706060907803476,
            "t_update": 1.7276033759117126e-05,
            "t_iter": 0.06722098006866872,
            "trust_radius": 1.0,
            "trust_ratio": NaN,
            "trust_qp": NaN
          },
          {
            "it": 8,
            "energy": 0.34566226111288245,
            "dE": 9.675418244370348e-10,
            "grad_norm": 5.184762187775973e-07,
            "grad_target": 1e-05,
            "grad_norm_post": 1.130246671789678e-09,
            "alpha": 0.9988507136251437,
            "ksp_its": 2,
            "ls_evals": 19,
            "ls_repaired": false,
            "used_gradient_fallback": false,
            "accepted_step": true,
            "step_norm": 0.004321923430883647,
            "step_rel": 1.9719909680307812e-05,
            "pred_reduction": NaN,
            "actual_reduction": NaN,
            "trust_rejects": 0,
            "t_grad": 0.0022528870031237602,
            "t_hess": 0.03736327507067472,
            "t_ls": 0.027744518010877073,
            "t_update": 1.7496058717370033e-05,
            "t_iter": 0.06742903299164027,
            "trust_radius": 1.0,
            "trust_ratio": NaN,
            "trust_qp": NaN
          }
        ],
        "linear_timing": [
          {
            "assemble_total_time": 0.009583892999216914,
            "setop_time": 4.736939445137978e-06,
            "set_tolerances_time": 2.1730083972215652e-06,
            "pc_setup_time": 0.024739752989262342,
            "solve_time": 0.03131383296567947,
            "linear_total_time": 0.06564438890200108,
            "ksp_its": 9,
            "ksp_reason_code": 2,
            "ksp_reason_name": "CONVERGED_RTOL",
            "ksp_residual_norm": 60.85505214708303,
            "rhs_norm": 0.00370460376965253
          },
          {
            "assemble_total_time": 0.008705735090188682,
            "setop_time": 1.593027263879776e-06,
            "set_tolerances_time": 1.8830178305506706e-06,
            "pc_setup_time": 0.02022417599800974,
            "solve_time": 0.020647392026148736,
            "linear_total_time": 0.04958077915944159,
            "ksp_its": 6,
            "ksp_reason_code": 2,
            "ksp_reason_name": "CONVERGED_RTOL",
            "ksp_residual_norm": 0.5542067121474478,
            "rhs_norm": 0.003944684348088658
          },
          {
            "assemble_total_time": 0.008684612927027047,
            "setop_time": 1.252046786248684e-06,
            "set_tolerances_time": 1.6229460015892982e-06,
            "pc_setup_time": 0.019612465985119343,
            "solve_time": 0.020509314024820924,
            "linear_total_time": 0.04880926792975515,
            "ksp_its": 6,
            "ksp_reason_code": 2,
            "ksp_reason_name": "CONVERGED_RTOL",
            "ksp_residual_norm": 0.08169025684805736,
            "rhs_norm": 0.002287896275333152
          },
          {
            "assemble_total_time": 0.008725423947907984,
            "setop_time": 1.3620592653751373e-06,
            "set_tolerances_time": 1.5830155462026596e-06,
            "pc_setup_time": 0.019864285015501082,
            "solve_time": 0.014663438079878688,
            "linear_total_time": 0.04325609211809933,
            "ksp_its": 4,
            "ksp_reason_code": 2,
            "ksp_reason_name": "CONVERGED_RTOL",
            "ksp_residual_norm": 0.023767101963863314,
            "rhs_norm": 0.003621268133599983
          },
          {
            "assemble_total_time": 0.008664791937917471,
            "setop_time": 1.2710224837064743e-06,
            "set_tolerances_time": 1.351931132376194e-06,
            "pc_setup_time": 0.019931004964746535,
            "solve_time": 0.011599072022363544,
            "linear_total_time": 0.04019749187864363,
            "ksp_its": 3,
            "ksp_reason_code": 2,
            "ksp_reason_name": "CONVERGED_RTOL",
            "ksp_residual_norm": 0.0016000380730898285,
            "rhs_norm": 0.003115066452174983
          },
          {
            "assemble_total_time": 0.008732083020731807,
            "setop_time": 1.251930370926857e-06,
            "set_tolerances_time": 1.4220131561160088e-06,
            "pc_setup_time": 0.0199131480185315,
            "solve_time": 0.00862047600094229,
            "linear_total_time": 0.03726838098373264,
            "ksp_its": 2,
            "ksp_reason_code": 2,
            "ksp_reason_name": "CONVERGED_RTOL",
            "ksp_residual_norm": 0.0015492277585459294,
            "rhs_norm": 0.0011435426929733588
          },
          {
            "assemble_total_time": 0.008663009968586266,
            "setop_time": 1.3619428500533104e-06,
            "set_tolerances_time": 1.4819670468568802e-06,
            "pc_setup_time": 0.01980881206691265,
            "solve_time": 0.008602389018051326,
            "linear_total_time": 0.037077054963447154,
            "ksp_its": 2,
            "ksp_reason_code": 2,
            "ksp_reason_name": "CONVERGED_RTOL",
            "ksp_residual_norm": 0.00013166802799974243,
            "rhs_norm": 7.20705937063704e-05
          },
          {
            "assemble_total_time": 0.008667887072078884,
            "setop_time": 1.3320241123437881e-06,
            "set_tolerances_time": 1.6629928722977638e-06,
            "pc_setup_time": 0.019957715063355863,
            "solve_time": 0.008619274944067001,
            "linear_total_time": 0.03724787209648639,
            "ksp_its": 2,
            "ksp_reason_code": 2,
            "ksp_reason_name": "CONVERGED_RTOL",
            "ksp_residual_norm": 9.54198298440492e-07,
            "rhs_norm": 5.184762187775973e-07
          }
        ]
      }
    ],
    "metadata": {
      "nprocs": 4,
      "problem": {
        "name": "GinzburgLandau2D",
        "eps": 0.01
      },
      "linear_solver": {
        "ksp_type": "gmres",
        "pc_type": "hypre",
        "ksp_rtol": 0.001,
        "ksp_max_it": 200,
        "pc_setup_on_ksp_cap": false,
        "gamg_threshold": 0.05,
        "gamg_agg_nsmooths": 1,
        "gamg_set_coordinates": true,
        "assembly_mode": "fenics",
        "assembler": "FEniCSFormAssembly",
        "distribution_strategy": "dolfinx_mesh_partition",
        "trust_subproblem_solver": "direct_linear_solve",
        "trust_subproblem_line_search": false
      },
      "newton": {
        "tolf": 1e-06,
        "tolg": 1e-05,
        "tolg_rel": 0.001,
        "tolx_rel": 0.001,
        "tolx_abs": 1e-10,
        "maxit": 100,
        "require_all_convergence": true,
        "fail_on_nonfinite": true,
        "linesearch_interval": [
          -0.5,
          2.0
        ],
        "linesearch_tol": 0.001,
        "trust_region": false,
        "trust_radius_init": 1.0,
        "trust_radius_min": 1e-08,
        "trust_radius_max": 1000000.0,
        "trust_subproblem_line_search": false,
        "step_time_limit_s": null
      }
    }
  }
}
