{
  "case": {
    "problem": "gl",
    "backend": "fenics",
    "level": 5,
    "out": "/home/michal/repos/fenics_nonlinear_energies/artifacts/reproduction/2026-03-15_refactor_stage2b_final/full/gl_final_suite/fenics_custom_l5_np4.json",
    "quiet": true,
    "save_history": true,
    "save_linear_timing": true,
    "steps": 1,
    "start_step": 1,
    "total_steps": 24,
    "ksp_type": "gmres",
    "pc_type": "hypre",
    "ksp_rtol": 0.001,
    "ksp_max_it": 200,
    "profile": "reference",
    "coloring_trials": 10,
    "nproc_threads": 1,
    "hvp_eval_mode": "sequential",
    "element_reorder_mode": null,
    "local_hessian_mode": null,
    "tolf": 1e-06,
    "tolg": 1e-05,
    "tolg_rel": 0.001,
    "tolx_rel": 0.001,
    "tolx_abs": 1e-10,
    "maxit": 100,
    "step_time_limit_s": null,
    "linesearch_a": -0.5,
    "linesearch_b": 2.0,
    "linesearch_tol": 0.001,
    "use_trust_region": false,
    "trust_radius_init": 1.0,
    "trust_radius_min": 1e-08,
    "trust_radius_max": 1000000.0,
    "trust_shrink": 0.5,
    "trust_expand": 1.5,
    "trust_eta_shrink": 0.05,
    "trust_eta_expand": 0.75,
    "trust_max_reject": 6,
    "trust_subproblem_line_search": false,
    "local_coloring": true,
    "retry_on_failure": false,
    "pc_setup_on_ksp_cap": false,
    "use_near_nullspace": true,
    "reorder": null,
    "gamg_threshold": 0.05,
    "gamg_agg_nsmooths": 1,
    "gamg_set_coordinates": true
  },
  "result": {
    "mesh_level": 5,
    "total_dofs": 4225,
    "free_dofs": 4181,
    "setup_time": 0.02461,
    "solve_time_total": 0.093642,
    "total_time": 0.118321,
    "steps": [
      {
        "step": 1,
        "time": 0.093642,
        "nit": 7,
        "linear_iters": 27,
        "energy": 0.34623236512797767,
        "message": "Converged (energy, step, gradient)",
        "attempt": "primary",
        "ksp_rtol_used": 0.001,
        "ksp_max_it_used": 200,
        "linesearch_interval_used": [
          -0.5,
          2.0
        ],
        "history": [
          {
            "it": 1,
            "energy": 0.5042883994093523,
            "dE": 0.16118135485625928,
            "grad_norm": 0.014805984450788214,
            "grad_target": 1.4805984450788214e-05,
            "grad_norm_post": NaN,
            "alpha": -0.30598138275530495,
            "ksp_its": 8,
            "ls_evals": 19,
            "ls_repaired": false,
            "used_gradient_fallback": false,
            "accepted_step": true,
            "step_norm": 18.869196871995577,
            "step_rel": 0.5896624022498618,
            "pred_reduction": NaN,
            "actual_reduction": NaN,
            "trust_rejects": 0,
            "t_grad": 0.00032310502137988806,
            "t_hess": 0.013948208070360124,
            "t_ls": 0.0027081590378656983,
            "t_update": 1.0204967111349106e-05,
            "t_iter": 0.01701478601898998,
            "trust_radius": 1.0,
            "trust_ratio": NaN,
            "trust_qp": NaN
          },
          {
            "it": 2,
            "energy": 0.5031776826030958,
            "dE": 0.0011107168062565176,
            "grad_norm": 0.014312044324845945,
            "grad_target": 1.4805984450788214e-05,
            "grad_norm_post": NaN,
            "alpha": -0.2523331164452792,
            "ksp_its": 5,
            "ls_evals": 19,
            "ls_repaired": false,
            "used_gradient_fallback": false,
            "accepted_step": true,
            "step_norm": 5.9276017940024825,
            "step_rel": 0.1314984334443819,
            "pred_reduction": NaN,
            "actual_reduction": NaN,
            "trust_rejects": 0,
            "t_grad": 0.0002696349984034896,
            "t_hess": 0.011200228938832879,
            "t_ls": 0.0026673669926822186,
            "t_update": 9.974930435419083e-06,
            "t_iter": 0.014168848982080817,
            "trust_radius": 1.0,
            "trust_ratio": NaN,
            "trust_qp": NaN
          },
          {
            "it": 3,
            "energy": 0.468743443197542,
            "dE": 0.03443423940555379,
            "grad_norm": 0.017845981839959224,
            "grad_target": 1.4805984450788214e-05,
            "grad_norm_post": NaN,
            "alpha": -0.17512529174611202,
            "ksp_its": 6,
            "ls_evals": 19,
            "ls_repaired": false,
            "used_gradient_fallback": false,
            "accepted_step": true,
            "step_norm": 10.07676138204165,
            "step_rel": 0.2263045462013625,
            "pred_reduction": NaN,
            "actual_reduction": NaN,
            "trust_rejects": 0,
            "t_grad": 0.0002513880608603358,
            "t_hess": 0.01184640999417752,
            "t_ls": 0.0026626510079950094,
            "t_update": 9.575043804943562e-06,
            "t_iter": 0.014790493994951248,
            "trust_radius": 1.0,
            "trust_ratio": NaN,
            "trust_qp": NaN
          },
          {
            "it": 4,
            "energy": 0.3852971936086039,
            "dE": 0.08344624958893809,
            "grad_norm": 0.02036001234967818,
            "grad_target": 1.4805984450788214e-05,
            "grad_norm_post": NaN,
            "alpha": 0.2672602930083475,
            "ksp_its": 2,
            "ls_evals": 19,
            "ls_repaired": false,
            "used_gradient_fallback": false,
            "accepted_step": true,
            "step_norm": 10.429229703585106,
            "step_rel": 0.22158660149266216,
            "pred_reduction": NaN,
            "actual_reduction": NaN,
            "trust_rejects": 0,
            "t_grad": 0.0002503959694877267,
            "t_hess": 0.009214906021952629,
            "t_ls": 0.0027045640163123608,
            "t_update": 9.794952347874641e-06,
            "t_iter": 0.012199760996736586,
            "trust_radius": 1.0,
            "trust_ratio": NaN,
            "trust_qp": NaN
          },
          {
            "it": 5,
            "energy": 0.3474496270779096,
            "dE": 0.03784756653069432,
            "grad_norm": 0.01467120384485832,
            "grad_target": 1.4805984450788214e-05,
            "grad_norm_post": NaN,
            "alpha": 0.90541470489507,
            "ksp_its": 2,
            "ls_evals": 19,
            "ls_repaired": false,
            "used_gradient_fallback": false,
            "accepted_step": true,
            "step_norm": 6.132699811083719,
            "step_rel": 0.1158224363236389,
            "pred_reduction": NaN,
            "actual_reduction": NaN,
            "trust_rejects": 0,
            "t_grad": 0.0002468610182404518,
            "t_hess": 0.008777127950452268,
            "t_ls": 0.0026555099757388234,
            "t_update": 1.0005082003772259e-05,
            "t_iter": 0.01171014504507184,
            "trust_radius": 1.0,
            "trust_ratio": NaN,
            "trust_qp": NaN
          },
          {
            "it": 6,
            "energy": 0.3462329442813208,
            "dE": 0.0012166827965888194,
            "grad_norm": 0.0024178367376811146,
            "grad_target": 1.4805984450788214e-05,
            "grad_norm_post": NaN,
            "alpha": 1.050233460666042,
            "ksp_its": 2,
            "ls_evals": 19,
            "ls_repaired": false,
            "used_gradient_fallback": false,
            "accepted_step": true,
            "step_norm": 1.1358247569697864,
            "step_rel": 0.020408241731179,
            "pred_reduction": NaN,
            "actual_reduction": NaN,
            "trust_rejects": 0,
            "t_grad": 0.00024581910111010075,
            "t_hess": 0.008420623023994267,
            "t_ls": 0.002645815024152398,
            "t_update": 9.76503361016512e-06,
            "t_iter": 0.011342141893692315,
            "trust_radius": 1.0,
            "trust_ratio": NaN,
            "trust_qp": NaN
          },
          {
            "it": 7,
            "energy": 0.34623236512797767,
            "dE": 5.791533431165341e-07,
            "grad_norm": 5.71854268571884e-05,
            "grad_target": 1.4805984450788214e-05,
            "grad_norm_post": 7.722912577971541e-08,
            "alpha": 1.0011162328941345,
            "ksp_its": 2,
            "ls_evals": 19,
            "ls_repaired": false,
            "used_gradient_fallback": false,
            "accepted_step": true,
            "step_norm": 0.02545017629247242,
            "step_rel": 0.00046440379245375366,
            "pred_reduction": NaN,
            "actual_reduction": NaN,
            "trust_rejects": 0,
            "t_grad": 0.0002462199190631509,
            "t_hess": 0.00872643303591758,
            "t_ls": 0.0026357000460848212,
            "t_update": 9.733950719237328e-06,
            "t_iter": 0.011638358002528548,
            "trust_radius": 1.0,
            "trust_ratio": NaN,
            "trust_qp": NaN
          }
        ],
        "linear_timing": [
          {
            "assemble_total_time": 0.0008449000306427479,
            "setop_time": 1.001986674964428e-06,
            "set_tolerances_time": 1.091044396162033e-06,
            "pc_setup_time": 0.006719425902701914,
            "solve_time": 0.006301408051513135,
            "linear_total_time": 0.013867827015928924,
            "ksp_its": 8,
            "ksp_reason_code": 2,
            "ksp_reason_name": "CONVERGED_RTOL",
            "ksp_residual_norm": 21.270737965876407,
            "rhs_norm": 0.014805984450788214
          },
          {
            "assemble_total_time": 0.0006154049187898636,
            "setop_time": 9.509967640042305e-07,
            "set_tolerances_time": 1.2309756129980087e-06,
            "pc_setup_time": 0.0062478670151904225,
            "solve_time": 0.004262514994479716,
            "linear_total_time": 0.011127968900837004,
            "ksp_its": 5,
            "ksp_reason_code": 2,
            "ksp_reason_name": "CONVERGED_RTOL",
            "ksp_residual_norm": 0.8399200008398464,
            "rhs_norm": 0.014312044324845945
          },
          {
            "assemble_total_time": 0.0006063609616830945,
            "setop_time": 7.109483703970909e-07,
            "set_tolerances_time": 8.819624781608582e-07,
            "pc_setup_time": 0.006270512007176876,
            "solve_time": 0.004899932071566582,
            "linear_total_time": 0.01177839795127511,
            "ksp_its": 6,
            "ksp_reason_code": 2,
            "ksp_reason_name": "CONVERGED_RTOL",
            "ksp_residual_norm": 0.03594726113369203,
            "rhs_norm": 0.017845981839959224
          },
          {
            "assemble_total_time": 0.0006042979657649994,
            "setop_time": 6.009358912706375e-07,
            "set_tolerances_time": 9.010545909404755e-07,
            "pc_setup_time": 0.0063367909751832485,
            "solve_time": 0.0022043519420549273,
            "linear_total_time": 0.009146942873485386,
            "ksp_its": 2,
            "ksp_reason_code": 2,
            "ksp_reason_name": "CONVERGED_RTOL",
            "ksp_residual_norm": 0.0211371928877276,
            "rhs_norm": 0.02036001234967818
          },
          {
            "assemble_total_time": 0.0006036770064383745,
            "setop_time": 6.810296326875687e-07,
            "set_tolerances_time": 8.819624781608582e-07,
            "pc_setup_time": 0.006090792012400925,
            "solve_time": 0.0020123139256611466,
            "linear_total_time": 0.008708345936611295,
            "ksp_its": 2,
            "ksp_reason_code": 2,
            "ksp_reason_name": "CONVERGED_RTOL",
            "ksp_residual_norm": 0.0005523144222850665,
            "rhs_norm": 0.01467120384485832
          },
          {
            "assemble_total_time": 0.0005990311037749052,
            "setop_time": 6.509944796562195e-07,
            "set_tolerances_time": 9.409850463271141e-07,
            "pc_setup_time": 0.005755207967013121,
            "solve_time": 0.001992383971810341,
            "linear_total_time": 0.00834821502212435,
            "ksp_its": 2,
            "ksp_reason_code": 2,
            "ksp_reason_name": "CONVERGED_RTOL",
            "ksp_residual_norm": 7.053345489925379e-05,
            "rhs_norm": 0.0024178367376811146
          },
          {
            "assemble_total_time": 0.0005982189904898405,
            "setop_time": 6.409827619791031e-07,
            "set_tolerances_time": 8.309725672006607e-07,
            "pc_setup_time": 0.005999885033816099,
            "solve_time": 0.00205912406090647,
            "linear_total_time": 0.00865870004054159,
            "ksp_its": 2,
            "ksp_reason_code": 2,
            "ksp_reason_name": "CONVERGED_RTOL",
            "ksp_residual_norm": 2.000358790653066e-06,
            "rhs_norm": 5.71854268571884e-05
          }
        ]
      }
    ],
    "metadata": {
      "nprocs": 4,
      "problem": {
        "name": "GinzburgLandau2D",
        "eps": 0.01
      },
      "linear_solver": {
        "ksp_type": "gmres",
        "pc_type": "hypre",
        "ksp_rtol": 0.001,
        "ksp_max_it": 200,
        "pc_setup_on_ksp_cap": false,
        "gamg_threshold": 0.05,
        "gamg_agg_nsmooths": 1,
        "gamg_set_coordinates": true,
        "assembly_mode": "fenics",
        "assembler": "FEniCSFormAssembly",
        "distribution_strategy": "dolfinx_mesh_partition",
        "trust_subproblem_solver": "direct_linear_solve",
        "trust_subproblem_line_search": false
      },
      "newton": {
        "tolf": 1e-06,
        "tolg": 1e-05,
        "tolg_rel": 0.001,
        "tolx_rel": 0.001,
        "tolx_abs": 1e-10,
        "maxit": 100,
        "require_all_convergence": true,
        "fail_on_nonfinite": true,
        "linesearch_interval": [
          -0.5,
          2.0
        ],
        "linesearch_tol": 0.001,
        "trust_region": false,
        "trust_radius_init": 1.0,
        "trust_radius_min": 1e-08,
        "trust_radius_max": 1000000.0,
        "trust_subproblem_line_search": false,
        "step_time_limit_s": null
      }
    }
  }
}
