{
  "case": {
    "problem": "gl",
    "backend": "fenics",
    "level": 8,
    "out": "/home/michal/repos/fenics_nonlinear_energies/artifacts/reproduction/2026-03-15_refactor_stage2b_final/full/gl_final_suite/fenics_custom_l8_np1.json",
    "quiet": true,
    "save_history": true,
    "save_linear_timing": true,
    "steps": 1,
    "start_step": 1,
    "total_steps": 24,
    "ksp_type": "gmres",
    "pc_type": "hypre",
    "ksp_rtol": 0.001,
    "ksp_max_it": 200,
    "profile": "reference",
    "coloring_trials": 10,
    "nproc_threads": 1,
    "hvp_eval_mode": "sequential",
    "element_reorder_mode": null,
    "local_hessian_mode": null,
    "tolf": 1e-06,
    "tolg": 1e-05,
    "tolg_rel": 0.001,
    "tolx_rel": 0.001,
    "tolx_abs": 1e-10,
    "maxit": 100,
    "step_time_limit_s": null,
    "linesearch_a": -0.5,
    "linesearch_b": 2.0,
    "linesearch_tol": 0.001,
    "use_trust_region": false,
    "trust_radius_init": 1.0,
    "trust_radius_min": 1e-08,
    "trust_radius_max": 1000000.0,
    "trust_shrink": 0.5,
    "trust_expand": 1.5,
    "trust_eta_shrink": 0.05,
    "trust_eta_expand": 0.75,
    "trust_max_reject": 6,
    "trust_subproblem_line_search": false,
    "local_coloring": true,
    "retry_on_failure": false,
    "pc_setup_on_ksp_cap": false,
    "use_near_nullspace": true,
    "reorder": null,
    "gamg_threshold": 0.05,
    "gamg_agg_nsmooths": 1,
    "gamg_set_coordinates": true
  },
  "result": {
    "mesh_level": 8,
    "total_dofs": 263169,
    "free_dofs": 261121,
    "setup_time": 0.780382,
    "solve_time_total": 5.460907,
    "total_time": 6.241806,
    "steps": [
      {
        "step": 1,
        "time": 5.460907,
        "nit": 7,
        "linear_iters": 20,
        "energy": 0.3456336284987043,
        "message": "Converged (energy, step, gradient)",
        "attempt": "primary",
        "ksp_rtol_used": 0.001,
        "ksp_max_it_used": 200,
        "linesearch_interval_used": [
          -0.5,
          2.0
        ],
        "history": [
          {
            "it": 1,
            "energy": 0.5052169595237681,
            "dE": 0.16008471934504265,
            "grad_norm": 0.0018523798253277848,
            "grad_target": 1e-05,
            "grad_norm_post": NaN,
            "alpha": -0.49964995802247814,
            "ksp_its": 3,
            "ls_evals": 19,
            "ls_repaired": false,
            "used_gradient_fallback": false,
            "accepted_step": true,
            "step_norm": 109.15920267217915,
            "step_rel": 0.4264031354381998,
            "pred_reduction": NaN,
            "actual_reduction": NaN,
            "trust_rejects": 0,
            "t_grad": 0.03312022204045206,
            "t_hess": 0.35012799606192857,
            "t_ls": 0.413261680980213,
            "t_update": 8.051109034568071e-05,
            "t_iter": 0.7966685680439696,
            "trust_radius": 1.0,
            "trust_ratio": NaN,
            "trust_qp": NaN
          },
          {
            "it": 2,
            "energy": 0.4892364597629562,
            "dE": 0.015980499760811895,
            "grad_norm": 0.002068553866801352,
            "grad_target": 1e-05,
            "grad_norm_post": NaN,
            "alpha": 4.958022118894956e-05,
            "ksp_its": 6,
            "ls_evals": 19,
            "ls_repaired": false,
            "used_gradient_fallback": false,
            "accepted_step": true,
            "step_norm": 19.98120109344528,
            "step_rel": 0.062391377603472575,
            "pred_reduction": NaN,
            "actual_reduction": NaN,
            "trust_rejects": 0,
            "t_grad": 0.033177499077282846,
            "t_hess": 0.39964561606757343,
            "t_ls": 0.41180364100728184,
            "t_update": 7.9659977927804e-05,
            "t_iter": 0.8447866849601269,
            "trust_radius": 1.0,
            "trust_ratio": NaN,
            "trust_qp": NaN
          },
          {
            "it": 3,
            "energy": 0.40401112598883715,
            "dE": 0.08522533377411906,
            "grad_norm": 0.0020507983414819833,
            "grad_target": 1e-05,
            "grad_norm_post": NaN,
            "alpha": 0.11424481152010058,
            "ksp_its": 3,
            "ls_evals": 19,
            "ls_repaired": false,
            "used_gradient_fallback": false,
            "accepted_step": true,
            "step_norm": 95.29820909585014,
            "step_rel": 0.29197518529954275,
            "pred_reduction": NaN,
            "actual_reduction": NaN,
            "trust_rejects": 0,
            "t_grad": 0.033207083004526794,
            "t_hess": 0.32189509202726185,
            "t_ls": 0.41206978203263134,
            "t_update": 7.970002479851246e-05,
            "t_iter": 0.7673233229434118,
            "trust_radius": 1.0,
            "trust_ratio": NaN,
            "trust_qp": NaN
          },
          {
            "it": 4,
            "energy": 0.3477943534392622,
            "dE": 0.05621677254957497,
            "grad_norm": 0.0017707831630545635,
            "grad_target": 1e-05,
            "grad_norm_post": NaN,
            "alpha": 0.6936851020075695,
            "ksp_its": 2,
            "ls_evals": 19,
            "ls_repaired": false,
            "used_gradient_fallback": false,
            "accepted_step": true,
            "step_norm": 70.44453946940983,
            "step_rel": 0.18236994793534198,
            "pred_reduction": NaN,
            "actual_reduction": NaN,
            "trust_rejects": 0,
            "t_grad": 0.03320512000937015,
            "t_hess": 0.2955484319245443,
            "t_ls": 0.4114440119592473,
            "t_update": 7.831805851310492e-05,
            "t_iter": 0.7403491910081357,
            "trust_radius": 1.0,
            "trust_ratio": NaN,
            "trust_qp": NaN
          },
          {
            "it": 5,
            "energy": 0.3456394242015269,
            "dE": 0.0021549292377353035,
            "grad_norm": 0.0004402375560059644,
            "grad_target": 1e-05,
            "grad_norm_post": NaN,
            "alpha": 1.0876535429450847,
            "ksp_its": 2,
            "ls_evals": 19,
            "ls_repaired": false,
            "used_gradient_fallback": false,
            "accepted_step": true,
            "step_norm": 12.035850775785319,
            "step_rel": 0.0273174621670564,
            "pred_reduction": NaN,
            "actual_reduction": NaN,
            "trust_rejects": 0,
            "t_grad": 0.03293349104933441,
            "t_hess": 0.2950804579304531,
            "t_ls": 0.42640231596305966,
            "t_update": 7.868802640587091e-05,
            "t_iter": 0.7545740429777652,
            "trust_radius": 1.0,
            "trust_ratio": NaN,
            "trust_qp": NaN
          },
          {
            "it": 6,
            "energy": 0.3456336285504018,
            "dE": 5.795651125073409e-06,
            "grad_norm": 2.610006279579178e-05,
            "grad_target": 1e-05,
            "grad_norm_post": NaN,
            "alpha": 1.0033817521631254,
            "ksp_its": 2,
            "ls_evals": 19,
            "ls_repaired": false,
            "used_gradient_fallback": false,
            "accepted_step": true,
            "step_norm": 0.6255835404558221,
            "step_rel": 0.0014263319365023421,
            "pred_reduction": NaN,
            "actual_reduction": NaN,
            "trust_rejects": 0,
            "t_grad": 0.0336736140307039,
            "t_hess": 0.2963703179266304,
            "t_ls": 0.4232667830074206,
            "t_update": 7.877906318753958e-05,
            "t_iter": 0.7534609120339155,
            "trust_radius": 1.0,
            "trust_ratio": NaN,
            "trust_qp": NaN
          },
          {
            "it": 7,
            "energy": 0.3456336284987043,
            "dE": 5.169747963051918e-11,
            "grad_norm": 7.876530605718731e-08,
            "grad_target": 1e-05,
            "grad_norm_post": 3.265755775090678e-10,
            "alpha": 1.0045145117976209,
            "ksp_its": 2,
            "ls_evals": 19,
            "ls_repaired": false,
            "used_gradient_fallback": false,
            "accepted_step": true,
            "step_norm": 0.0019101899942105432,
            "step_rel": 4.357921884648361e-06,
            "pred_reduction": NaN,
            "actual_reduction": NaN,
            "trust_rejects": 0,
            "t_grad": 0.03342050302308053,
            "t_hess": 0.2971612769179046,
            "t_ls": 0.4192382300971076,
            "t_update": 7.927906699478626e-05,
            "t_iter": 0.7499695949954912,
            "trust_radius": 1.0,
            "trust_ratio": NaN,
            "trust_qp": NaN
          }
        ],
        "linear_timing": [
          {
            "assemble_total_time": 0.11392898298799992,
            "setop_time": 3.144959919154644e-06,
            "set_tolerances_time": 3.7959543988108635e-06,
            "pc_setup_time": 0.13478536100592464,
            "solve_time": 0.10118335601873696,
            "linear_total_time": 0.3499046409269795,
            "ksp_its": 3,
            "ksp_reason_code": 2,
            "ksp_reason_name": "CONVERGED_RTOL",
            "ksp_residual_norm": 2616.3488679151387,
            "rhs_norm": 0.0018523798253277848
          },
          {
            "assemble_total_time": 0.10684780997689813,
            "setop_time": 2.6939669623970985e-06,
            "set_tolerances_time": 3.4549739211797714e-06,
            "pc_setup_time": 0.11481578601524234,
            "solve_time": 0.1777561700437218,
            "linear_total_time": 0.39942591497674584,
            "ksp_its": 6,
            "ksp_reason_code": 2,
            "ksp_reason_name": "CONVERGED_RTOL",
            "ksp_residual_norm": 0.232238648255996,
            "rhs_norm": 0.002068553866801352
          },
          {
            "assemble_total_time": 0.10766451701056212,
            "setop_time": 2.303975634276867e-06,
            "set_tolerances_time": 2.7440255507826805e-06,
            "pc_setup_time": 0.11333136598113924,
            "solve_time": 0.1006739599397406,
            "linear_total_time": 0.321674890932627,
            "ksp_its": 3,
            "ksp_reason_code": 2,
            "ksp_reason_name": "CONVERGED_RTOL",
            "ksp_residual_norm": 0.4282329921397886,
            "rhs_norm": 0.0020507983414819833
          },
          {
            "assemble_total_time": 0.10707828600425273,
            "setop_time": 2.2830208763480186e-06,
            "set_tolerances_time": 2.5240005925297737e-06,
            "pc_setup_time": 0.11332146101631224,
            "solve_time": 0.07492492801975459,
            "linear_total_time": 0.29532948206178844,
            "ksp_its": 2,
            "ksp_reason_code": 2,
            "ksp_reason_name": "CONVERGED_RTOL",
            "ksp_residual_norm": 0.026036974754923094,
            "rhs_norm": 0.0017707831630545635
          },
          {
            "assemble_total_time": 0.10734734090510756,
            "setop_time": 2.3229513317346573e-06,
            "set_tolerances_time": 2.653920091688633e-06,
            "pc_setup_time": 0.11263809399679303,
            "solve_time": 0.07488138310145587,
            "linear_total_time": 0.2948717948747799,
            "ksp_its": 2,
            "ksp_reason_code": 2,
            "ksp_reason_name": "CONVERGED_RTOL",
            "ksp_residual_norm": 0.0006594841139783583,
            "rhs_norm": 0.0004402375560059644
          },
          {
            "assemble_total_time": 0.10784208495169878,
            "setop_time": 2.5639310479164124e-06,
            "set_tolerances_time": 2.6939669623970985e-06,
            "pc_setup_time": 0.1131311550270766,
            "solve_time": 0.07517102791462094,
            "linear_total_time": 0.29614952579140663,
            "ksp_its": 2,
            "ksp_reason_code": 2,
            "ksp_reason_name": "CONVERGED_RTOL",
            "ksp_residual_norm": 5.009604554707974e-05,
            "rhs_norm": 2.610006279579178e-05
          },
          {
            "assemble_total_time": 0.10873883299063891,
            "setop_time": 2.3030443117022514e-06,
            "set_tolerances_time": 2.6240013539791107e-06,
            "pc_setup_time": 0.11308805993758142,
            "solve_time": 0.07511680596508086,
            "linear_total_time": 0.29694862593896687,
            "ksp_its": 2,
            "ksp_reason_code": 2,
            "ksp_reason_name": "CONVERGED_RTOL",
            "ksp_residual_norm": 1.6912579119830617e-07,
            "rhs_norm": 7.876530605718731e-08
          }
        ]
      }
    ],
    "metadata": {
      "nprocs": 1,
      "problem": {
        "name": "GinzburgLandau2D",
        "eps": 0.01
      },
      "linear_solver": {
        "ksp_type": "gmres",
        "pc_type": "hypre",
        "ksp_rtol": 0.001,
        "ksp_max_it": 200,
        "pc_setup_on_ksp_cap": false,
        "gamg_threshold": 0.05,
        "gamg_agg_nsmooths": 1,
        "gamg_set_coordinates": true,
        "assembly_mode": "fenics",
        "assembler": "FEniCSFormAssembly",
        "distribution_strategy": "dolfinx_mesh_partition",
        "trust_subproblem_solver": "direct_linear_solve",
        "trust_subproblem_line_search": false
      },
      "newton": {
        "tolf": 1e-06,
        "tolg": 1e-05,
        "tolg_rel": 0.001,
        "tolx_rel": 0.001,
        "tolx_abs": 1e-10,
        "maxit": 100,
        "require_all_convergence": true,
        "fail_on_nonfinite": true,
        "linesearch_interval": [
          -0.5,
          2.0
        ],
        "linesearch_tol": 0.001,
        "trust_region": false,
        "trust_radius_init": 1.0,
        "trust_radius_min": 1e-08,
        "trust_radius_max": 1000000.0,
        "trust_subproblem_line_search": false,
        "step_time_limit_s": null
      }
    }
  }
}
