{
  "case": {
    "problem": "gl",
    "backend": "fenics",
    "level": 7,
    "out": "/home/michal/repos/fenics_nonlinear_energies/artifacts/reproduction/2026-03-15_refactor_stage2b_final/full/gl_final_suite/fenics_custom_l7_np1.json",
    "quiet": true,
    "save_history": true,
    "save_linear_timing": true,
    "steps": 1,
    "start_step": 1,
    "total_steps": 24,
    "ksp_type": "gmres",
    "pc_type": "hypre",
    "ksp_rtol": 0.001,
    "ksp_max_it": 200,
    "profile": "reference",
    "coloring_trials": 10,
    "nproc_threads": 1,
    "hvp_eval_mode": "sequential",
    "element_reorder_mode": null,
    "local_hessian_mode": null,
    "tolf": 1e-06,
    "tolg": 1e-05,
    "tolg_rel": 0.001,
    "tolx_rel": 0.001,
    "tolx_abs": 1e-10,
    "maxit": 100,
    "step_time_limit_s": null,
    "linesearch_a": -0.5,
    "linesearch_b": 2.0,
    "linesearch_tol": 0.001,
    "use_trust_region": false,
    "trust_radius_init": 1.0,
    "trust_radius_min": 1e-08,
    "trust_radius_max": 1000000.0,
    "trust_shrink": 0.5,
    "trust_expand": 1.5,
    "trust_eta_shrink": 0.05,
    "trust_eta_expand": 0.75,
    "trust_max_reject": 6,
    "trust_subproblem_line_search": false,
    "local_coloring": true,
    "retry_on_failure": false,
    "pc_setup_on_ksp_cap": false,
    "use_near_nullspace": true,
    "reorder": null,
    "gamg_threshold": 0.05,
    "gamg_agg_nsmooths": 1,
    "gamg_set_coordinates": true
  },
  "result": {
    "mesh_level": 7,
    "total_dofs": 66049,
    "free_dofs": 65025,
    "setup_time": 0.200158,
    "solve_time_total": 1.425293,
    "total_time": 1.625597,
    "steps": [
      {
        "step": 1,
        "time": 1.425293,
        "nit": 7,
        "linear_iters": 28,
        "energy": 0.3456622611129734,
        "message": "Converged (energy, step, gradient)",
        "attempt": "primary",
        "ksp_rtol_used": 0.001,
        "ksp_max_it_used": 200,
        "linesearch_interval_used": [
          -0.5,
          2.0
        ],
        "history": [
          {
            "it": 1,
            "energy": 0.5624212972540518,
            "dE": 0.10288838521266419,
            "grad_norm": 0.0037046037696525295,
            "grad_target": 1e-05,
            "grad_norm_post": NaN,
            "alpha": -0.26716113256596963,
            "ksp_its": 8,
            "ls_evals": 19,
            "ls_repaired": false,
            "used_gradient_fallback": false,
            "accepted_step": true,
            "step_norm": 64.37353604049129,
            "step_rel": 0.5029182503163382,
            "pred_reduction": NaN,
            "actual_reduction": NaN,
            "trust_rejects": 0,
            "t_grad": 0.008542377967387438,
            "t_hess": 0.12757356802467257,
            "t_ls": 0.10364391398616135,
            "t_update": 2.1592015400528908e-05,
            "t_iter": 0.23983788897749037,
            "trust_radius": 1.0,
            "trust_ratio": NaN,
            "trust_qp": NaN
          },
          {
            "it": 2,
            "energy": 0.5084742213682293,
            "dE": 0.05394707588582248,
            "grad_norm": 0.004055109542416227,
            "grad_target": 1e-05,
            "grad_norm_post": NaN,
            "alpha": 0.32737458231773,
            "ksp_its": 6,
            "ls_evals": 19,
            "ls_repaired": false,
            "used_gradient_fallback": false,
            "accepted_step": true,
            "step_norm": 52.88093560079281,
            "step_rel": 0.3289689258366406,
            "pred_reduction": NaN,
            "actual_reduction": NaN,
            "trust_rejects": 0,
            "t_grad": 0.008636529906652868,
            "t_hess": 0.10082913399673998,
            "t_ls": 0.10322891105897725,
            "t_update": 2.034998033195734e-05,
            "t_iter": 0.21275770000647753,
            "trust_radius": 1.0,
            "trust_ratio": NaN,
            "trust_qp": NaN
          },
          {
            "it": 3,
            "energy": 0.441292393907435,
            "dE": 0.06718182746079426,
            "grad_norm": 0.0021939728269363954,
            "grad_target": 1e-05,
            "grad_norm_post": NaN,
            "alpha": -0.30894698597944303,
            "ksp_its": 5,
            "ls_evals": 19,
            "ls_repaired": false,
            "used_gradient_fallback": false,
            "accepted_step": true,
            "step_norm": 67.47761469889959,
            "step_rel": 0.35983635267679737,
            "pred_reduction": NaN,
            "actual_reduction": NaN,
            "trust_rejects": 0,
            "t_grad": 0.008433214970864356,
            "t_hess": 0.09387576498556882,
            "t_ls": 0.10346321307588369,
            "t_update": 2.225395292043686e-05,
            "t_iter": 0.20583153108600527,
            "trust_radius": 1.0,
            "trust_ratio": NaN,
            "trust_qp": NaN
          },
          {
            "it": 4,
            "energy": 0.36518476708956915,
            "dE": 0.07610762681786587,
            "grad_norm": 0.003413940426038609,
            "grad_target": 1e-05,
            "grad_norm_post": NaN,
            "alpha": 0.2926526949870799,
            "ksp_its": 3,
            "ls_evals": 19,
            "ls_repaired": false,
            "used_gradient_fallback": false,
            "accepted_step": true,
            "step_norm": 56.6056590974751,
            "step_rel": 0.28045430402464416,
            "pred_reduction": NaN,
            "actual_reduction": NaN,
            "trust_rejects": 0,
            "t_grad": 0.008456449024379253,
            "t_hess": 0.08114341902546585,
            "t_ls": 0.10316485492512584,
            "t_update": 2.079096157103777e-05,
            "t_iter": 0.19282308092806488,
            "trust_radius": 1.0,
            "trust_ratio": NaN,
            "trust_qp": NaN
          },
          {
            "it": 5,
            "energy": 0.3460251659575763,
            "dE": 0.01915960113199283,
            "grad_norm": 0.0025349269039782784,
            "grad_target": 1e-05,
            "grad_norm_post": NaN,
            "alpha": 0.9376036646810035,
            "ksp_its": 2,
            "ls_evals": 19,
            "ls_repaired": false,
            "used_gradient_fallback": false,
            "accepted_step": true,
            "step_norm": 16.858400718631128,
            "step_rel": 0.07792036596245061,
            "pred_reduction": NaN,
            "actual_reduction": NaN,
            "trust_rejects": 0,
            "t_grad": 0.008423820021562278,
            "t_hess": 0.07459152303636074,
            "t_ls": 0.10326560598332435,
            "t_update": 2.2104009985923767e-05,
            "t_iter": 0.18634094903245568,
            "trust_radius": 1.0,
            "trust_ratio": NaN,
            "trust_qp": NaN
          },
          {
            "it": 6,
            "energy": 0.34566237004250927,
            "dE": 0.000362795915067049,
            "grad_norm": 0.00031418782440384646,
            "grad_target": 1e-05,
            "grad_norm_post": NaN,
            "alpha": 1.0381036394938092,
            "ksp_its": 2,
            "ls_evals": 19,
            "ls_repaired": false,
            "used_gradient_fallback": false,
            "accepted_step": true,
            "step_norm": 2.6588532979917874,
            "step_rel": 0.012049508768613815,
            "pred_reduction": NaN,
            "actual_reduction": NaN,
            "trust_rejects": 0,
            "t_grad": 0.008523429976776242,
            "t_hess": 0.07443052995949984,
            "t_ls": 0.10359305900055915,
            "t_update": 2.3325090296566486e-05,
            "t_iter": 0.18660706898663193,
            "trust_radius": 1.0,
            "trust_ratio": NaN,
            "trust_qp": NaN
          },
          {
            "it": 7,
            "energy": 0.3456622611129734,
            "dE": 1.0892953589136667e-07,
            "grad_norm": 5.684335789521342e-06,
            "grad_target": 1e-05,
            "grad_norm_post": 1.4667266868986253e-08,
            "alpha": 1.0011162328941345,
            "ksp_its": 2,
            "ls_evals": 19,
            "ls_repaired": false,
            "used_gradient_fallback": false,
            "accepted_step": true,
            "step_norm": 0.04515613519793394,
            "step_rel": 0.00020604826708862912,
            "pred_reduction": NaN,
            "actual_reduction": NaN,
            "trust_rejects": 0,
            "t_grad": 0.008430209942162037,
            "t_hess": 0.07461777201388031,
            "t_ls": 0.10354177199769765,
            "t_update": 2.1361978724598885e-05,
            "t_iter": 0.18664880201686174,
            "trust_radius": 1.0,
            "trust_ratio": NaN,
            "trust_qp": NaN
          }
        ],
        "linear_timing": [
          {
            "assemble_total_time": 0.029350311029702425,
            "setop_time": 2.1029263734817505e-06,
            "set_tolerances_time": 1.7819693312048912e-06,
            "pc_setup_time": 0.03910089400596917,
            "solve_time": 0.0590181170264259,
            "linear_total_time": 0.12747320695780218,
            "ksp_its": 8,
            "ksp_reason_code": 2,
            "ksp_reason_name": "CONVERGED_RTOL",
            "ksp_residual_norm": 23.908829587902197,
            "rhs_norm": 0.0037046037696525295
          },
          {
            "assemble_total_time": 0.027684856904670596,
            "setop_time": 2.4739420041441917e-06,
            "set_tolerances_time": 2.4030450731515884e-06,
            "pc_setup_time": 0.028195605031214654,
            "solve_time": 0.04485299903899431,
            "linear_total_time": 0.10073833796195686,
            "ksp_its": 6,
            "ksp_reason_code": 2,
            "ksp_reason_name": "CONVERGED_RTOL",
            "ksp_residual_norm": 0.3226863606174559,
            "rhs_norm": 0.004055109542416227
          },
          {
            "assemble_total_time": 0.0277988079469651,
            "setop_time": 2.153916284441948e-06,
            "set_tolerances_time": 2.1829036995768547e-06,
            "pc_setup_time": 0.02774639893323183,
            "solve_time": 0.03823677601758391,
            "linear_total_time": 0.09378631971776485,
            "ksp_its": 5,
            "ksp_reason_code": 2,
            "ksp_reason_name": "CONVERGED_RTOL",
            "ksp_residual_norm": 0.8819163854426898,
            "rhs_norm": 0.0021939728269363954
          },
          {
            "assemble_total_time": 0.02778378501534462,
            "setop_time": 1.8320279195904732e-06,
            "set_tolerances_time": 2.084067091345787e-06,
            "pc_setup_time": 0.02773287903983146,
            "solve_time": 0.025539522990584373,
            "linear_total_time": 0.08106010314077139,
            "ksp_its": 3,
            "ksp_reason_code": 2,
            "ksp_reason_name": "CONVERGED_RTOL",
            "ksp_residual_norm": 0.040762168926460236,
            "rhs_norm": 0.003413940426038609
          },
          {
            "assemble_total_time": 0.027823515003547072,
            "setop_time": 1.923064701259136e-06,
            "set_tolerances_time": 1.993030309677124e-06,
            "pc_setup_time": 0.027741422993130982,
            "solve_time": 0.018938301946036518,
            "linear_total_time": 0.07450715603772551,
            "ksp_its": 2,
            "ksp_reason_code": 2,
            "ksp_reason_name": "CONVERGED_RTOL",
            "ksp_residual_norm": 0.0038345462262913753,
            "rhs_norm": 0.0025349269039782784
          },
          {
            "assemble_total_time": 0.02770912298001349,
            "setop_time": 1.8230639398097992e-06,
            "set_tolerances_time": 1.993030309677124e-06,
            "pc_setup_time": 0.02763313998002559,
            "solve_time": 0.019002828979864717,
            "linear_total_time": 0.07434890803415328,
            "ksp_its": 2,
            "ksp_reason_code": 2,
            "ksp_reason_name": "CONVERGED_RTOL",
            "ksp_residual_norm": 0.0002589094177066628,
            "rhs_norm": 0.00031418782440384646
          },
          {
            "assemble_total_time": 0.02786709100473672,
            "setop_time": 1.7730053514242172e-06,
            "set_tolerances_time": 1.9830185920000076e-06,
            "pc_setup_time": 0.027704786974936724,
            "solve_time": 0.018959454027935863,
            "linear_total_time": 0.07453508803155273,
            "ksp_its": 2,
            "ksp_reason_code": 2,
            "ksp_reason_name": "CONVERGED_RTOL",
            "ksp_residual_norm": 5.384642723237784e-06,
            "rhs_norm": 5.684335789521342e-06
          }
        ]
      }
    ],
    "metadata": {
      "nprocs": 1,
      "problem": {
        "name": "GinzburgLandau2D",
        "eps": 0.01
      },
      "linear_solver": {
        "ksp_type": "gmres",
        "pc_type": "hypre",
        "ksp_rtol": 0.001,
        "ksp_max_it": 200,
        "pc_setup_on_ksp_cap": false,
        "gamg_threshold": 0.05,
        "gamg_agg_nsmooths": 1,
        "gamg_set_coordinates": true,
        "assembly_mode": "fenics",
        "assembler": "FEniCSFormAssembly",
        "distribution_strategy": "dolfinx_mesh_partition",
        "trust_subproblem_solver": "direct_linear_solve",
        "trust_subproblem_line_search": false
      },
      "newton": {
        "tolf": 1e-06,
        "tolg": 1e-05,
        "tolg_rel": 0.001,
        "tolx_rel": 0.001,
        "tolx_abs": 1e-10,
        "maxit": 100,
        "require_all_convergence": true,
        "fail_on_nonfinite": true,
        "linesearch_interval": [
          -0.5,
          2.0
        ],
        "linesearch_tol": 0.001,
        "trust_region": false,
        "trust_radius_init": 1.0,
        "trust_radius_min": 1e-08,
        "trust_radius_max": 1000000.0,
        "trust_subproblem_line_search": false,
        "step_time_limit_s": null
      }
    }
  }
}
