{
  "case": {
    "problem": "gl",
    "backend": "fenics",
    "level": 6,
    "out": "/home/michal/repos/fenics_nonlinear_energies/artifacts/reproduction/2026-03-15_refactor_stage2b_final/full/gl_final_suite/fenics_custom_l6_np4.json",
    "quiet": true,
    "save_history": true,
    "save_linear_timing": true,
    "steps": 1,
    "start_step": 1,
    "total_steps": 24,
    "ksp_type": "gmres",
    "pc_type": "hypre",
    "ksp_rtol": 0.001,
    "ksp_max_it": 200,
    "profile": "reference",
    "coloring_trials": 10,
    "nproc_threads": 1,
    "hvp_eval_mode": "sequential",
    "element_reorder_mode": null,
    "local_hessian_mode": null,
    "tolf": 1e-06,
    "tolg": 1e-05,
    "tolg_rel": 0.001,
    "tolx_rel": 0.001,
    "tolx_abs": 1e-10,
    "maxit": 100,
    "step_time_limit_s": null,
    "linesearch_a": -0.5,
    "linesearch_b": 2.0,
    "linesearch_tol": 0.001,
    "use_trust_region": false,
    "trust_radius_init": 1.0,
    "trust_radius_min": 1e-08,
    "trust_radius_max": 1000000.0,
    "trust_shrink": 0.5,
    "trust_expand": 1.5,
    "trust_eta_shrink": 0.05,
    "trust_eta_expand": 0.75,
    "trust_max_reject": 6,
    "trust_subproblem_line_search": false,
    "local_coloring": true,
    "retry_on_failure": false,
    "pc_setup_on_ksp_cap": false,
    "use_near_nullspace": true,
    "reorder": null,
    "gamg_threshold": 0.05,
    "gamg_agg_nsmooths": 1,
    "gamg_set_coordinates": true
  },
  "result": {
    "mesh_level": 6,
    "total_dofs": 16641,
    "free_dofs": 16527,
    "setup_time": 0.064404,
    "solve_time_total": 0.228892,
    "total_time": 0.293374,
    "steps": [
      {
        "step": 1,
        "time": 0.228892,
        "nit": 9,
        "linear_iters": 31,
        "energy": 0.3457766691110268,
        "message": "Converged (energy, step, gradient)",
        "attempt": "primary",
        "ksp_rtol_used": 0.001,
        "ksp_max_it_used": 200,
        "linesearch_interval_used": [
          -0.5,
          2.0
        ],
        "history": [
          {
            "it": 1,
            "energy": 0.5015556751473673,
            "dE": 0.16378602170552115,
            "grad_norm": 0.007407961445041549,
            "grad_target": 1e-05,
            "grad_norm_post": NaN,
            "alpha": -0.31897655528640445,
            "ksp_its": 7,
            "ls_evals": 19,
            "ls_repaired": false,
            "used_gradient_fallback": false,
            "accepted_step": true,
            "step_norm": 38.86178699949985,
            "step_rel": 0.6072154218671851,
            "pred_reduction": NaN,
            "actual_reduction": NaN,
            "trust_rejects": 0,
            "t_grad": 0.0007534719770774245,
            "t_hess": 0.023528508027084172,
            "t_ls": 0.007662584888748825,
            "t_update": 1.3440032489597797e-05,
            "t_iter": 0.03198617696762085,
            "trust_radius": 1.0,
            "trust_ratio": NaN,
            "trust_qp": NaN
          },
          {
            "it": 2,
            "energy": 0.4961715024156641,
            "dE": 0.005384172731703218,
            "grad_norm": 0.007192537697323289,
            "grad_target": 1e-05,
            "grad_norm_post": NaN,
            "alpha": -0.41381273192643697,
            "ksp_its": 5,
            "ls_evals": 19,
            "ls_repaired": false,
            "used_gradient_fallback": false,
            "accepted_step": true,
            "step_norm": 18.691738857845973,
            "step_rel": 0.2064532390266174,
            "pred_reduction": NaN,
            "actual_reduction": NaN,
            "trust_rejects": 0,
            "t_grad": 0.0006746239960193634,
            "t_hess": 0.018435503938235343,
            "t_ls": 0.007636855938471854,
            "t_update": 1.2799049727618694e-05,
            "t_iter": 0.02678047399967909,
            "trust_radius": 1.0,
            "trust_ratio": NaN,
            "trust_qp": NaN
          },
          {
            "it": 3,
            "energy": 0.43357759906337817,
            "dE": 0.06259390335228593,
            "grad_norm": 0.010018240610626164,
            "grad_target": 1e-05,
            "grad_norm_post": NaN,
            "alpha": 0.04663388044839134,
            "ksp_its": 5,
            "ls_evals": 19,
            "ls_repaired": false,
            "used_gradient_fallback": false,
            "accepted_step": true,
            "step_norm": 22.51733314577809,
            "step_rel": 0.2517857629240991,
            "pred_reduction": NaN,
            "actual_reduction": NaN,
            "trust_rejects": 0,
            "t_grad": 0.0006578689208254218,
            "t_hess": 0.018153931014239788,
            "t_ls": 0.007549744914285839,
            "t_update": 1.1447933502495289e-05,
            "t_iter": 0.026393442996777594,
            "trust_radius": 1.0,
            "trust_ratio": NaN,
            "trust_qp": NaN
          },
          {
            "it": 4,
            "energy": 0.39742734857996864,
            "dE": 0.03615025048340953,
            "grad_norm": 0.009007405351644909,
            "grad_target": 1e-05,
            "grad_norm_post": NaN,
            "alpha": 0.5413697044743663,
            "ksp_its": 3,
            "ls_evals": 19,
            "ls_repaired": false,
            "used_gradient_fallback": false,
            "accepted_step": true,
            "step_norm": 18.70404594892197,
            "step_rel": 0.18847318910281616,
            "pred_reduction": NaN,
            "actual_reduction": NaN,
            "trust_rejects": 0,
            "t_grad": 0.000662375008687377,
            "t_hess": 0.0166899609612301,
            "t_ls": 0.007672469946555793,
            "t_update": 1.1326977983117104e-05,
            "t_iter": 0.025057204999029636,
            "trust_radius": 1.0,
            "trust_ratio": NaN,
            "trust_qp": NaN
          },
          {
            "it": 5,
            "energy": 0.38361195193371467,
            "dE": 0.013815396646253975,
            "grad_norm": 0.004185047406687286,
            "grad_target": 1e-05,
            "grad_norm_post": NaN,
            "alpha": 0.05693085803089304,
            "ksp_its": 3,
            "ls_evals": 19,
            "ls_repaired": false,
            "used_gradient_fallback": false,
            "accepted_step": true,
            "step_norm": 14.823822649868173,
            "step_rel": 0.13984020131840422,
            "pred_reduction": NaN,
            "actual_reduction": NaN,
            "trust_rejects": 0,
            "t_grad": 0.0006499970331788063,
            "t_hess": 0.016173965064808726,
            "t_ls": 0.007515444071032107,
            "t_update": 1.2258999049663544e-05,
            "t_iter": 0.024371905019506812,
            "trust_radius": 1.0,
            "trust_ratio": NaN,
            "trust_qp": NaN
          },
          {
            "it": 6,
            "energy": 0.35580509870206,
            "dE": 0.02780685323165466,
            "grad_norm": 0.004409573439358212,
            "grad_target": 1e-05,
            "grad_norm_post": NaN,
            "alpha": 0.751966547727361,
            "ksp_its": 2,
            "ls_evals": 19,
            "ls_repaired": false,
            "used_gradient_fallback": false,
            "accepted_step": true,
            "step_norm": 17.8406405904584,
            "step_rel": 0.16577033739594776,
            "pred_reduction": NaN,
            "actual_reduction": NaN,
            "trust_rejects": 0,
            "t_grad": 0.0006483040051534772,
            "t_hess": 0.014992609969340265,
            "t_ls": 0.007547813002020121,
            "t_update": 1.2397998943924904e-05,
            "t_iter": 0.023221206036396325,
            "trust_radius": 1.0,
            "trust_ratio": NaN,
            "trust_qp": NaN
          },
          {
            "it": 7,
            "energy": 0.34641261422687575,
            "dE": 0.00939248447518426,
            "grad_norm": 0.0035004048848501198,
            "grad_target": 1e-05,
            "grad_norm_post": NaN,
            "alpha": 0.6774569179767916,
            "ksp_its": 2,
            "ls_evals": 19,
            "ls_repaired": false,
            "used_gradient_fallback": false,
            "accepted_step": true,
            "step_norm": 7.207770706199186,
            "step_rel": 0.06568725469396826,
            "pred_reduction": NaN,
            "actual_reduction": NaN,
            "trust_rejects": 0,
            "t_grad": 0.0006395420059561729,
            "t_hess": 0.014887662953697145,
            "t_ls": 0.007518297992646694,
            "t_update": 1.2138043530285358e-05,
            "t_iter": 0.023077418911270797,
            "trust_radius": 1.0,
            "trust_ratio": NaN,
            "trust_qp": NaN
          },
          {
            "it": 8,
            "energy": 0.34577709379897403,
            "dE": 0.0006355204279017146,
            "grad_norm": 0.0009053793135493458,
            "grad_target": 1e-05,
            "grad_norm_post": NaN,
            "alpha": 1.0794568172278571,
            "ksp_its": 2,
            "ls_evals": 19,
            "ls_repaired": false,
            "used_gradient_fallback": false,
            "accepted_step": true,
            "step_norm": 1.668883826955447,
            "step_rel": 0.015174862192588333,
            "pred_reduction": NaN,
            "actual_reduction": NaN,
            "trust_rejects": 0,
            "t_grad": 0.000640020938590169,
            "t_hess": 0.014875974971801043,
            "t_ls": 0.007813522010110319,
            "t_update": 1.1557014659047127e-05,
            "t_iter": 0.023361075902357697,
            "trust_radius": 1.0,
            "trust_ratio": NaN,
            "trust_qp": NaN
          },
          {
            "it": 9,
            "energy": 0.3457766691110268,
            "dE": 4.2468794725358805e-07,
            "grad_norm": 2.695196176166361e-05,
            "grad_target": 1e-05,
            "grad_norm_post": 4.6932039260817276e-08,
            "alpha": 1.000416148939007,
            "ksp_its": 2,
            "ls_evals": 19,
            "ls_repaired": false,
            "used_gradient_fallback": false,
            "accepted_step": true,
            "step_norm": 0.04076768289229344,
            "step_rel": 0.0003719785746101499,
            "pred_reduction": NaN,
            "actual_reduction": NaN,
            "trust_rejects": 0,
            "t_grad": 0.0007100270595401525,
            "t_hess": 0.014899270026944578,
            "t_ls": 0.00752768199890852,
            "t_update": 1.1808006092905998e-05,
            "t_iter": 0.023169317981228232,
            "trust_radius": 1.0,
            "trust_ratio": NaN,
            "trust_qp": NaN
          }
        ],
        "linear_timing": [
          {
            "assemble_total_time": 0.0023526449222117662,
            "setop_time": 4.1959574446082115e-06,
            "set_tolerances_time": 1.6229460015892982e-06,
            "pc_setup_time": 0.011323937098495662,
            "solve_time": 0.009756130981259048,
            "linear_total_time": 0.023438531905412674,
            "ksp_its": 7,
            "ksp_reason_code": 2,
            "ksp_reason_name": "CONVERGED_RTOL",
            "ksp_residual_norm": 43.19814073262416,
            "rhs_norm": 0.007407961445041549
          },
          {
            "assemble_total_time": 0.002002939931116998,
            "setop_time": 1.3919780030846596e-06,
            "set_tolerances_time": 1.6919802874326706e-06,
            "pc_setup_time": 0.009672596002928913,
            "solve_time": 0.006662191939540207,
            "linear_total_time": 0.018340811831876636,
            "ksp_its": 5,
            "ksp_reason_code": 2,
            "ksp_reason_name": "CONVERGED_RTOL",
            "ksp_residual_norm": 1.4418978515493466,
            "rhs_norm": 0.007192537697323289
          },
          {
            "assemble_total_time": 0.001982038957066834,
            "setop_time": 9.109498932957649e-07,
            "set_tolerances_time": 1.201988197863102e-06,
            "pc_setup_time": 0.009439104935154319,
            "solve_time": 0.006658697035163641,
            "linear_total_time": 0.018081953865475953,
            "ksp_its": 5,
            "ksp_reason_code": 2,
            "ksp_reason_name": "CONVERGED_RTOL",
            "ksp_residual_norm": 0.23213770345262408,
            "rhs_norm": 0.010018240610626164
          },
          {
            "assemble_total_time": 0.0019746669568121433,
            "setop_time": 9.309733286499977e-07,
            "set_tolerances_time": 1.0220101103186607e-06,
            "pc_setup_time": 0.009897953947074711,
            "solve_time": 0.00474276696331799,
            "linear_total_time": 0.016617340850643814,
            "ksp_its": 3,
            "ksp_reason_code": 2,
            "ksp_reason_name": "CONVERGED_RTOL",
            "ksp_residual_norm": 0.03764907769097424,
            "rhs_norm": 0.009007405351644909
          },
          {
            "assemble_total_time": 0.0019779519643634558,
            "setop_time": 7.810303941369057e-07,
            "set_tolerances_time": 1.0420335456728935e-06,
            "pc_setup_time": 0.00970400299411267,
            "solve_time": 0.0044177890522405505,
            "linear_total_time": 0.016101567074656487,
            "ksp_its": 3,
            "ksp_reason_code": 2,
            "ksp_reason_name": "CONVERGED_RTOL",
            "ksp_residual_norm": 0.010246130947819303,
            "rhs_norm": 0.004185047406687286
          },
          {
            "assemble_total_time": 0.0019754780223593116,
            "setop_time": 7.809139788150787e-07,
            "set_tolerances_time": 1.010950654745102e-06,
            "pc_setup_time": 0.009624875034205616,
            "solve_time": 0.0033184870844706893,
            "linear_total_time": 0.014920632005669177,
            "ksp_its": 2,
            "ksp_reason_code": 2,
            "ksp_reason_name": "CONVERGED_RTOL",
            "ksp_residual_norm": 0.013398630852129565,
            "rhs_norm": 0.004409573439358212
          },
          {
            "assemble_total_time": 0.0019765899050980806,
            "setop_time": 7.409835234284401e-07,
            "set_tolerances_time": 9.119976311922073e-07,
            "pc_setup_time": 0.009528007940389216,
            "solve_time": 0.0033099029678851366,
            "linear_total_time": 0.014816153794527054,
            "ksp_its": 2,
            "ksp_reason_code": 2,
            "ksp_reason_name": "CONVERGED_RTOL",
            "ksp_residual_norm": 0.0019348353672210361,
            "rhs_norm": 0.0035004048848501198
          },
          {
            "assemble_total_time": 0.001979926018975675,
            "setop_time": 7.610069587826729e-07,
            "set_tolerances_time": 1.0819640010595322e-06,
            "pc_setup_time": 0.009534667944535613,
            "solve_time": 0.0032887229463085532,
            "linear_total_time": 0.014805159880779684,
            "ksp_its": 2,
            "ksp_reason_code": 2,
            "ksp_reason_name": "CONVERGED_RTOL",
            "ksp_residual_norm": 8.502982866292746e-05,
            "rhs_norm": 0.0009053793135493458
          },
          {
            "assemble_total_time": 0.0020149380434304476,
            "setop_time": 7.309718057513237e-07,
            "set_tolerances_time": 1.05204526335001e-06,
            "pc_setup_time": 0.009525683941319585,
            "solve_time": 0.0032846659887582064,
            "linear_total_time": 0.01482707099057734,
            "ksp_its": 2,
            "ksp_reason_code": 2,
            "ksp_reason_name": "CONVERGED_RTOL",
            "ksp_residual_norm": 5.608249521757539e-06,
            "rhs_norm": 2.695196176166361e-05
          }
        ]
      }
    ],
    "metadata": {
      "nprocs": 4,
      "problem": {
        "name": "GinzburgLandau2D",
        "eps": 0.01
      },
      "linear_solver": {
        "ksp_type": "gmres",
        "pc_type": "hypre",
        "ksp_rtol": 0.001,
        "ksp_max_it": 200,
        "pc_setup_on_ksp_cap": false,
        "gamg_threshold": 0.05,
        "gamg_agg_nsmooths": 1,
        "gamg_set_coordinates": true,
        "assembly_mode": "fenics",
        "assembler": "FEniCSFormAssembly",
        "distribution_strategy": "dolfinx_mesh_partition",
        "trust_subproblem_solver": "direct_linear_solve",
        "trust_subproblem_line_search": false
      },
      "newton": {
        "tolf": 1e-06,
        "tolg": 1e-05,
        "tolg_rel": 0.001,
        "tolx_rel": 0.001,
        "tolx_abs": 1e-10,
        "maxit": 100,
        "require_all_convergence": true,
        "fail_on_nonfinite": true,
        "linesearch_interval": [
          -0.5,
          2.0
        ],
        "linesearch_tol": 0.001,
        "trust_region": false,
        "trust_radius_init": 1.0,
        "trust_radius_min": 1e-08,
        "trust_radius_max": 1000000.0,
        "trust_subproblem_line_search": false,
        "step_time_limit_s": null
      }
    }
  }
}
