{
  "case": {
    "problem": "gl",
    "backend": "fenics",
    "level": 5,
    "out": "/home/michal/repos/fenics_nonlinear_energies/artifacts/reproduction/2026-03-15_refactor_stage2b_final/full/gl_final_suite/fenics_custom_l5_np8.json",
    "quiet": true,
    "save_history": true,
    "save_linear_timing": true,
    "steps": 1,
    "start_step": 1,
    "total_steps": 24,
    "ksp_type": "gmres",
    "pc_type": "hypre",
    "ksp_rtol": 0.001,
    "ksp_max_it": 200,
    "profile": "reference",
    "coloring_trials": 10,
    "nproc_threads": 1,
    "hvp_eval_mode": "sequential",
    "element_reorder_mode": null,
    "local_hessian_mode": null,
    "tolf": 1e-06,
    "tolg": 1e-05,
    "tolg_rel": 0.001,
    "tolx_rel": 0.001,
    "tolx_abs": 1e-10,
    "maxit": 100,
    "step_time_limit_s": null,
    "linesearch_a": -0.5,
    "linesearch_b": 2.0,
    "linesearch_tol": 0.001,
    "use_trust_region": false,
    "trust_radius_init": 1.0,
    "trust_radius_min": 1e-08,
    "trust_radius_max": 1000000.0,
    "trust_shrink": 0.5,
    "trust_expand": 1.5,
    "trust_eta_shrink": 0.05,
    "trust_eta_expand": 0.75,
    "trust_max_reject": 6,
    "trust_subproblem_line_search": false,
    "local_coloring": true,
    "retry_on_failure": false,
    "pc_setup_on_ksp_cap": false,
    "use_near_nullspace": true,
    "reorder": null,
    "gamg_threshold": 0.05,
    "gamg_agg_nsmooths": 1,
    "gamg_set_coordinates": true
  },
  "result": {
    "mesh_level": 5,
    "total_dofs": 4225,
    "free_dofs": 4189,
    "setup_time": 0.025687,
    "solve_time_total": 0.173986,
    "total_time": 0.199764,
    "steps": [
      {
        "step": 1,
        "time": 0.173986,
        "nit": 9,
        "linear_iters": 39,
        "energy": 0.3462323651267441,
        "message": "Converged (energy, step, gradient)",
        "attempt": "primary",
        "ksp_rtol_used": 0.001,
        "ksp_max_it_used": 200,
        "linesearch_interval_used": [
          -0.5,
          2.0
        ],
        "history": [
          {
            "it": 1,
            "energy": 0.5131380983241853,
            "dE": 0.1523316559414264,
            "grad_norm": 0.014805984450788215,
            "grad_target": 1.4805984450788215e-05,
            "grad_norm_post": NaN,
            "alpha": -0.3103471538895305,
            "ksp_its": 7,
            "ls_evals": 19,
            "ls_repaired": false,
            "used_gradient_fallback": false,
            "accepted_step": true,
            "step_norm": 18.307416737327852,
            "step_rel": 0.5721067730414954,
            "pred_reduction": NaN,
            "actual_reduction": NaN,
            "trust_rejects": 0,
            "t_grad": 0.00027452304493635893,
            "t_hess": 0.02001243003178388,
            "t_ls": 0.0024204570800065994,
            "t_update": 1.9478960894048214e-05,
            "t_iter": 0.022747529903426766,
            "trust_radius": 1.0,
            "trust_ratio": NaN,
            "trust_qp": NaN
          },
          {
            "it": 2,
            "energy": 0.5099916223553573,
            "dE": 0.0031464759688279997,
            "grad_norm": 0.015245263222659549,
            "grad_target": 1.4805984450788215e-05,
            "grad_norm_post": NaN,
            "alpha": 0.2519996012081537,
            "ksp_its": 6,
            "ls_evals": 19,
            "ls_repaired": false,
            "used_gradient_fallback": false,
            "accepted_step": true,
            "step_norm": 6.513944160000497,
            "step_rel": 0.1472085016737128,
            "pred_reduction": NaN,
            "actual_reduction": NaN,
            "trust_rejects": 0,
            "t_grad": 0.00020855304319411516,
            "t_hess": 0.01899813604541123,
            "t_ls": 0.002352494979277253,
            "t_update": 1.9859056919813156e-05,
            "t_iter": 0.021595680038444698,
            "trust_radius": 1.0,
            "trust_ratio": NaN,
            "trust_qp": NaN
          },
          {
            "it": 3,
            "energy": 0.4634956583976245,
            "dE": 0.04649596395773281,
            "grad_norm": 0.011268795902937091,
            "grad_target": 1.4805984450788215e-05,
            "grad_norm_post": NaN,
            "alpha": -0.49964995802247814,
            "ksp_its": 6,
            "ls_evals": 19,
            "ls_repaired": false,
            "used_gradient_fallback": false,
            "accepted_step": true,
            "step_norm": 11.716089133864285,
            "step_rel": 0.25521457032939643,
            "pred_reduction": NaN,
            "actual_reduction": NaN,
            "trust_rejects": 0,
            "t_grad": 0.00020161294378340244,
            "t_hess": 0.018738085054792464,
            "t_ls": 0.0023560801055282354,
            "t_update": 1.9088969565927982e-05,
            "t_iter": 0.02133075101301074,
            "trust_radius": 1.0,
            "trust_ratio": NaN,
            "trust_qp": NaN
          },
          {
            "it": 4,
            "energy": 0.4472935624365556,
            "dE": 0.01620209596106892,
            "grad_norm": 0.016506374759661335,
            "grad_target": 1.4805984450788215e-05,
            "grad_norm_post": NaN,
            "alpha": -0.0036161069579928595,
            "ksp_its": 7,
            "ls_evals": 19,
            "ls_repaired": false,
            "used_gradient_fallback": false,
            "accepted_step": true,
            "step_norm": 6.152595325718645,
            "step_rel": 0.13261006705363992,
            "pred_reduction": NaN,
            "actual_reduction": NaN,
            "trust_rejects": 0,
            "t_grad": 0.00018851307686418295,
            "t_hess": 0.020494655007496476,
            "t_ls": 0.002588830073364079,
            "t_update": 1.966895069926977e-05,
            "t_iter": 0.02330616000108421,
            "trust_radius": 1.0,
            "trust_ratio": NaN,
            "trust_qp": NaN
          },
          {
            "it": 5,
            "energy": 0.4124822602618259,
            "dE": 0.03481130217472972,
            "grad_norm": 0.016344315172929315,
            "grad_target": 1.4805984450788215e-05,
            "grad_norm_post": NaN,
            "alpha": -0.06869411048506746,
            "ksp_its": 5,
            "ls_evals": 19,
            "ls_repaired": false,
            "used_gradient_fallback": false,
            "accepted_step": true,
            "step_norm": 9.773030254218764,
            "step_rel": 0.20592167812161116,
            "pred_reduction": NaN,
            "actual_reduction": NaN,
            "trust_rejects": 0,
            "t_grad": 0.0001910970313474536,
            "t_hess": 0.017165972967632115,
            "t_ls": 0.0023401459911838174,
            "t_update": 1.9529019482433796e-05,
            "t_iter": 0.01973222999367863,
            "trust_radius": 1.0,
            "trust_ratio": NaN,
            "trust_qp": NaN
          },
          {
            "it": 6,
            "energy": 0.34863942632785616,
            "dE": 0.06384283393396972,
            "grad_norm": 0.01686773703587023,
            "grad_target": 1.4805984450788215e-05,
            "grad_norm_post": NaN,
            "alpha": 0.7247413021590378,
            "ksp_its": 2,
            "ls_evals": 19,
            "ls_repaired": false,
            "used_gradient_fallback": false,
            "accepted_step": true,
            "step_norm": 8.46033392943142,
            "step_rel": 0.17009221041204828,
            "pred_reduction": NaN,
            "actual_reduction": NaN,
            "trust_rejects": 0,
            "t_grad": 0.00018670002464205027,
            "t_hess": 0.013915939955040812,
            "t_ls": 0.002312383963726461,
            "t_update": 1.9598985090851784e-05,
            "t_iter": 0.016449097078293562,
            "trust_radius": 1.0,
            "trust_ratio": NaN,
            "trust_qp": NaN
          },
          {
            "it": 7,
            "energy": 0.34623517091788814,
            "dE": 0.0024042554099680258,
            "grad_norm": 0.003999533799241668,
            "grad_target": 1.4805984450788215e-05,
            "grad_norm_post": NaN,
            "alpha": 1.0668943203762564,
            "ksp_its": 2,
            "ls_evals": 19,
            "ls_repaired": false,
            "used_gradient_fallback": false,
            "accepted_step": true,
            "step_norm": 1.4403291903928324,
            "step_rel": 0.025958575440705074,
            "pred_reduction": NaN,
            "actual_reduction": NaN,
            "trust_rejects": 0,
            "t_grad": 0.0001867399550974369,
            "t_hess": 0.013392634107731283,
            "t_ls": 0.0025042330380529165,
            "t_update": 1.9229017198085785e-05,
            "t_iter": 0.016117768012918532,
            "trust_radius": 1.0,
            "trust_ratio": NaN,
            "trust_qp": NaN
          },
          {
            "it": 8,
            "energy": 0.34623236514115735,
            "dE": 2.8057767307854142e-06,
            "grad_norm": 0.00016298024766833984,
            "grad_target": 1.4805984450788215e-05,
            "grad_norm_post": NaN,
            "alpha": 1.001816316849262,
            "ksp_its": 2,
            "ls_evals": 19,
            "ls_repaired": false,
            "used_gradient_fallback": false,
            "accepted_step": true,
            "step_norm": 0.05018215147773318,
            "step_rel": 0.0009154067288135267,
            "pred_reduction": NaN,
            "actual_reduction": NaN,
            "trust_rejects": 0,
            "t_grad": 0.00019356096163392067,
            "t_hess": 0.013445943943224847,
            "t_ls": 0.0023329859832301736,
            "t_update": 1.9349041394889355e-05,
            "t_iter": 0.01600668195169419,
            "trust_radius": 1.0,
            "trust_ratio": NaN,
            "trust_qp": NaN
          },
          {
            "it": 9,
            "energy": 0.3462323651267441,
            "dE": 1.441324837259117e-11,
            "grad_norm": 3.1315092589553367e-07,
            "grad_target": 1.4805984450788215e-05,
            "grad_norm_post": 7.500695423693339e-10,
            "alpha": 1.0025164008043894,
            "ksp_its": 2,
            "ls_evals": 19,
            "ls_repaired": false,
            "used_gradient_fallback": false,
            "accepted_step": true,
            "step_norm": 0.00011733253024186162,
            "step_rel": 2.1407261896258656e-06,
            "pred_reduction": NaN,
            "actual_reduction": NaN,
            "trust_rejects": 0,
            "t_grad": 0.00019690603949129581,
            "t_hess": 0.013337951037101448,
            "t_ls": 0.0023543270071968436,
            "t_update": 1.9799917936325073e-05,
            "t_iter": 0.015923726023174822,
            "trust_radius": 1.0,
            "trust_ratio": NaN,
            "trust_qp": NaN
          }
        ],
        "linear_timing": [
          {
            "assemble_total_time": 0.0006875530816614628,
            "setop_time": 3.4550903365015984e-06,
            "set_tolerances_time": 1.1320225894451141e-06,
            "pc_setup_time": 0.010090971947647631,
            "solve_time": 0.009132261970080435,
            "linear_total_time": 0.019915374112315476,
            "ksp_its": 7,
            "ksp_reason_code": 2,
            "ksp_reason_name": "CONVERGED_RTOL",
            "ksp_residual_norm": 31.756091500792305,
            "rhs_norm": 0.014805984450788215
          },
          {
            "assemble_total_time": 0.0004225450102239847,
            "setop_time": 1.2320233508944511e-06,
            "set_tolerances_time": 1.443084329366684e-06,
            "pc_setup_time": 0.010014727944508195,
            "solve_time": 0.008471378940157592,
            "linear_total_time": 0.018911327002570033,
            "ksp_its": 6,
            "ksp_reason_code": 2,
            "ksp_reason_name": "CONVERGED_RTOL",
            "ksp_residual_norm": 0.07246091425036068,
            "rhs_norm": 0.015245263222659549
          },
          {
            "assemble_total_time": 0.0004030250711366534,
            "setop_time": 6.809132173657417e-07,
            "set_tolerances_time": 9.509967640042305e-07,
            "pc_setup_time": 0.009693015017546713,
            "solve_time": 0.008559440961107612,
            "linear_total_time": 0.01865711295977235,
            "ksp_its": 6,
            "ksp_reason_code": 2,
            "ksp_reason_name": "CONVERGED_RTOL",
            "ksp_residual_norm": 0.028966008827621674,
            "rhs_norm": 0.011268795902937091
          },
          {
            "assemble_total_time": 0.0004020039923489094,
            "setop_time": 6.610061973333359e-07,
            "set_tolerances_time": 8.420320227742195e-07,
            "pc_setup_time": 0.009901618002913892,
            "solve_time": 0.010108159040100873,
            "linear_total_time": 0.02041328407358378,
            "ksp_its": 7,
            "ksp_reason_code": 2,
            "ksp_reason_name": "CONVERGED_RTOL",
            "ksp_residual_norm": 0.016288167221124084,
            "rhs_norm": 0.016506374759661335
          },
          {
            "assemble_total_time": 0.00040682207327336073,
            "setop_time": 7.109483703970909e-07,
            "set_tolerances_time": 7.910421118140221e-07,
            "pc_setup_time": 0.009470800054259598,
            "solve_time": 0.007203993969596922,
            "linear_total_time": 0.017083118087612092,
            "ksp_its": 5,
            "ksp_reason_code": 2,
            "ksp_reason_name": "CONVERGED_RTOL",
            "ksp_residual_norm": 0.03417751998306515,
            "rhs_norm": 0.016344315172929315
          },
          {
            "assemble_total_time": 0.00040087196975946426,
            "setop_time": 6.509944796562195e-07,
            "set_tolerances_time": 7.910421118140221e-07,
            "pc_setup_time": 0.009733504964970052,
            "solve_time": 0.0036994590191170573,
            "linear_total_time": 0.013835277990438044,
            "ksp_its": 2,
            "ksp_reason_code": 2,
            "ksp_reason_name": "CONVERGED_RTOL",
            "ksp_residual_norm": 0.0009332313727567109,
            "rhs_norm": 0.01686773703587023
          },
          {
            "assemble_total_time": 0.00040636095218360424,
            "setop_time": 6.608897820115089e-07,
            "set_tolerances_time": 7.919734343886375e-07,
            "pc_setup_time": 0.009270279086194932,
            "solve_time": 0.0036340299993753433,
            "linear_total_time": 0.01331212290097028,
            "ksp_its": 2,
            "ksp_reason_code": 2,
            "ksp_reason_name": "CONVERGED_RTOL",
            "ksp_residual_norm": 8.213665371780083e-05,
            "rhs_norm": 0.003999533799241668
          },
          {
            "assemble_total_time": 0.00040449807420372963,
            "setop_time": 6.910413503646851e-07,
            "set_tolerances_time": 8.320203050971031e-07,
            "pc_setup_time": 0.009382527903653681,
            "solve_time": 0.0035759040620177984,
            "linear_total_time": 0.013364453101530671,
            "ksp_its": 2,
            "ksp_reason_code": 2,
            "ksp_reason_name": "CONVERGED_RTOL",
            "ksp_residual_norm": 3.5592163232467684e-06,
            "rhs_norm": 0.00016298024766833984
          },
          {
            "assemble_total_time": 0.0004015939775854349,
            "setop_time": 6.310874596238136e-07,
            "set_tolerances_time": 8.710194379091263e-07,
            "pc_setup_time": 0.009271441958844662,
            "solve_time": 0.0035817119060084224,
            "linear_total_time": 0.013256249949336052,
            "ksp_its": 2,
            "ksp_reason_code": 2,
            "ksp_reason_name": "CONVERGED_RTOL",
            "ksp_residual_norm": 8.593542810446268e-09,
            "rhs_norm": 3.1315092589553367e-07
          }
        ]
      }
    ],
    "metadata": {
      "nprocs": 8,
      "problem": {
        "name": "GinzburgLandau2D",
        "eps": 0.01
      },
      "linear_solver": {
        "ksp_type": "gmres",
        "pc_type": "hypre",
        "ksp_rtol": 0.001,
        "ksp_max_it": 200,
        "pc_setup_on_ksp_cap": false,
        "gamg_threshold": 0.05,
        "gamg_agg_nsmooths": 1,
        "gamg_set_coordinates": true,
        "assembly_mode": "fenics",
        "assembler": "FEniCSFormAssembly",
        "distribution_strategy": "dolfinx_mesh_partition",
        "trust_subproblem_solver": "direct_linear_solve",
        "trust_subproblem_line_search": false
      },
      "newton": {
        "tolf": 1e-06,
        "tolg": 1e-05,
        "tolg_rel": 0.001,
        "tolx_rel": 0.001,
        "tolx_abs": 1e-10,
        "maxit": 100,
        "require_all_convergence": true,
        "fail_on_nonfinite": true,
        "linesearch_interval": [
          -0.5,
          2.0
        ],
        "linesearch_tol": 0.001,
        "trust_region": false,
        "trust_radius_init": 1.0,
        "trust_radius_min": 1e-08,
        "trust_radius_max": 1000000.0,
        "trust_subproblem_line_search": false,
        "step_time_limit_s": null
      }
    }
  }
}
