{
  "case": {
    "problem": "gl",
    "backend": "fenics",
    "level": 8,
    "out": "/home/michal/repos/fenics_nonlinear_energies/artifacts/reproduction/2026-03-15_refactor_stage2b_final/full/gl_final_suite/fenics_custom_l8_np32.json",
    "quiet": true,
    "save_history": true,
    "save_linear_timing": true,
    "steps": 1,
    "start_step": 1,
    "total_steps": 24,
    "ksp_type": "gmres",
    "pc_type": "hypre",
    "ksp_rtol": 0.001,
    "ksp_max_it": 200,
    "profile": "reference",
    "coloring_trials": 10,
    "nproc_threads": 1,
    "hvp_eval_mode": "sequential",
    "element_reorder_mode": null,
    "local_hessian_mode": null,
    "tolf": 1e-06,
    "tolg": 1e-05,
    "tolg_rel": 0.001,
    "tolx_rel": 0.001,
    "tolx_abs": 1e-10,
    "maxit": 100,
    "step_time_limit_s": null,
    "linesearch_a": -0.5,
    "linesearch_b": 2.0,
    "linesearch_tol": 0.001,
    "use_trust_region": false,
    "trust_radius_init": 1.0,
    "trust_radius_min": 1e-08,
    "trust_radius_max": 1000000.0,
    "trust_shrink": 0.5,
    "trust_expand": 1.5,
    "trust_eta_shrink": 0.05,
    "trust_eta_expand": 0.75,
    "trust_max_reject": 6,
    "trust_subproblem_line_search": false,
    "local_coloring": true,
    "retry_on_failure": false,
    "pc_setup_on_ksp_cap": false,
    "use_near_nullspace": true,
    "reorder": null,
    "gamg_threshold": 0.05,
    "gamg_agg_nsmooths": 1,
    "gamg_set_coordinates": true
  },
  "result": {
    "mesh_level": 8,
    "total_dofs": 263169,
    "free_dofs": 263169,
    "setup_time": 0.760639,
    "solve_time_total": 0.704996,
    "total_time": 1.465753,
    "steps": [
      {
        "step": 1,
        "time": 0.704996,
        "nit": 8,
        "linear_iters": 35,
        "energy": 0.34563362849873513,
        "message": "Converged (energy, step, gradient)",
        "attempt": "primary",
        "ksp_rtol_used": 0.001,
        "ksp_max_it_used": 200,
        "linesearch_interval_used": [
          -0.5,
          2.0
        ],
        "history": [
          {
            "it": 1,
            "energy": 0.5583378518781541,
            "dE": 0.10696382699065288,
            "grad_norm": 0.0018523798253277845,
            "grad_target": 1e-05,
            "grad_norm_post": NaN,
            "alpha": -0.2749251826038367,
            "ksp_its": 9,
            "ls_evals": 19,
            "ls_repaired": false,
            "used_gradient_fallback": false,
            "accepted_step": true,
            "step_norm": 131.43318239657188,
            "step_rel": 0.513410868736609,
            "pred_reduction": NaN,
            "actual_reduction": NaN,
            "trust_rejects": 0,
            "t_grad": 0.0019009169191122055,
            "t_hess": 0.08936845592688769,
            "t_ls": 0.019482517964206636,
            "t_update": 3.235798794776201e-05,
            "t_iter": 0.11083109094761312,
            "trust_radius": 1.0,
            "trust_ratio": NaN,
            "trust_qp": NaN
          },
          {
            "it": 2,
            "energy": 0.5092816267743783,
            "dE": 0.04905622510377583,
            "grad_norm": 0.00203279924339125,
            "grad_target": 1e-05,
            "grad_norm_post": NaN,
            "alpha": 0.3403697548488295,
            "ksp_its": 6,
            "ls_evals": 19,
            "ls_repaired": false,
            "used_gradient_fallback": false,
            "accepted_step": true,
            "step_norm": 101.12163412345133,
            "step_rel": 0.31255126130375205,
            "pred_reduction": NaN,
            "actual_reduction": NaN,
            "trust_rejects": 0,
            "t_grad": 0.0013228990137577057,
            "t_hess": 0.07507913501467556,
            "t_ls": 0.01855379098560661,
            "t_update": 3.19780083373189e-05,
            "t_iter": 0.09505410399287939,
            "trust_radius": 1.0,
            "trust_ratio": NaN,
            "trust_qp": NaN
          },
          {
            "it": 3,
            "energy": 0.44502225683422825,
            "dE": 0.06425936994015002,
            "grad_norm": 0.0011138755204445916,
            "grad_target": 1e-05,
            "grad_norm_post": NaN,
            "alpha": -0.28565483586584184,
            "ksp_its": 5,
            "ls_evals": 19,
            "ls_repaired": false,
            "used_gradient_fallback": false,
            "accepted_step": true,
            "step_norm": 131.09296486585168,
            "step_rel": 0.34979772980616103,
            "pred_reduction": NaN,
            "actual_reduction": NaN,
            "trust_rejects": 0,
            "t_grad": 0.0013621581019833684,
            "t_hess": 0.06864087702706456,
            "t_ls": 0.017694840906187892,
            "t_update": 3.0476017855107784e-05,
            "t_iter": 0.08777141594327986,
            "trust_radius": 1.0,
            "trust_ratio": NaN,
            "trust_qp": NaN
          },
          {
            "it": 4,
            "energy": 0.3939471742999573,
            "dE": 0.051075082534270955,
            "grad_norm": 0.0017412551389824479,
            "grad_target": 1e-05,
            "grad_norm_post": NaN,
            "alpha": 0.1316057551854256,
            "ksp_its": 6,
            "ls_evals": 19,
            "ls_repaired": false,
            "used_gradient_fallback": false,
            "accepted_step": true,
            "step_norm": 88.84479645002561,
            "step_rel": 0.22111741295206871,
            "pred_reduction": NaN,
            "actual_reduction": NaN,
            "trust_rejects": 0,
            "t_grad": 0.0013256630627438426,
            "t_hess": 0.07291775604244322,
            "t_ls": 0.018106880015693605,
            "t_update": 2.9855058528482914e-05,
            "t_iter": 0.09244501206558198,
            "trust_radius": 1.0,
            "trust_ratio": NaN,
            "trust_qp": NaN
          },
          {
            "it": 5,
            "energy": 0.3540811070550408,
            "dE": 0.03986606724491648,
            "grad_norm": 0.0016742610632429185,
            "grad_target": 1e-05,
            "grad_norm_post": NaN,
            "alpha": 0.43267300394422736,
            "ksp_its": 3,
            "ls_evals": 19,
            "ls_repaired": false,
            "used_gradient_fallback": false,
            "accepted_step": true,
            "step_norm": 67.69955518200054,
            "step_rel": 0.16104981935876292,
            "pred_reduction": NaN,
            "actual_reduction": NaN,
            "trust_rejects": 0,
            "t_grad": 0.0017968310276046395,
            "t_hess": 0.06062272400595248,
            "t_ls": 0.02046625700313598,
            "t_update": 3.0374969355762005e-05,
            "t_iter": 0.08298328798264265,
            "trust_radius": 1.0,
            "trust_ratio": NaN,
            "trust_qp": NaN
          },
          {
            "it": 6,
            "energy": 0.3457022411321822,
            "dE": 0.008378865922858636,
            "grad_norm": 0.0008583914388951682,
            "grad_target": 1e-05,
            "grad_norm_post": NaN,
            "alpha": 1.034705360590323,
            "ksp_its": 2,
            "ls_evals": 19,
            "ls_repaired": false,
            "used_gradient_fallback": false,
            "accepted_step": true,
            "step_norm": 21.816575533696657,
            "step_rel": 0.04981619056519238,
            "pred_reduction": NaN,
            "actual_reduction": NaN,
            "trust_rejects": 0,
            "t_grad": 0.0018043819582089782,
            "t_hess": 0.0573325069854036,
            "t_ls": 0.01820284395944327,
            "t_update": 3.089697565883398e-05,
            "t_iter": 0.07741324394010007,
            "trust_radius": 1.0,
            "trust_ratio": NaN,
            "trust_qp": NaN
          },
          {
            "it": 7,
            "energy": 0.3456336313095515,
            "dE": 6.860982263068305e-05,
            "grad_norm": 6.8030089016194e-05,
            "grad_target": 1e-05,
            "grad_norm_post": NaN,
            "alpha": 1.0125459701112398,
            "ksp_its": 2,
            "ls_evals": 19,
            "ls_repaired": false,
            "used_gradient_fallback": false,
            "accepted_step": true,
            "step_norm": 2.201129559196307,
            "step_rel": 0.005002885470201311,
            "pred_reduction": NaN,
            "actual_reduction": NaN,
            "trust_rejects": 0,
            "t_grad": 0.0017278679879382253,
            "t_hess": 0.05678967107087374,
            "t_ls": 0.019634225987829268,
            "t_update": 3.0625960789620876e-05,
            "t_iter": 0.07824222091585398,
            "trust_radius": 1.0,
            "trust_ratio": NaN,
            "trust_qp": NaN
          },
          {
            "it": 8,
            "energy": 0.34563362849873513,
            "dE": 2.8108163574458445e-09,
            "grad_norm": 4.82859193137025e-07,
            "grad_target": 1e-05,
            "grad_norm_post": 2.3497694415242666e-09,
            "alpha": 0.9999834732596391,
            "ksp_its": 2,
            "ls_evals": 19,
            "ls_repaired": false,
            "used_gradient_fallback": false,
            "accepted_step": true,
            "step_norm": 0.014542161416878885,
            "step_rel": 3.31769337124286e-05,
            "pred_reduction": NaN,
            "actual_reduction": NaN,
            "trust_rejects": 0,
            "t_grad": 0.0012779609533026814,
            "t_hess": 0.05609336495399475,
            "t_ls": 0.019148644991219044,
            "t_update": 3.990007098764181e-05,
            "t_iter": 0.07660847494844347,
            "trust_radius": 1.0,
            "trust_ratio": NaN,
            "trust_qp": NaN
          }
        ],
        "linear_timing": [
          {
            "assemble_total_time": 0.005957697052508593,
            "setop_time": 2.254033461213112e-06,
            "set_tolerances_time": 1.8230639398097992e-06,
            "pc_setup_time": 0.04202819999773055,
            "solve_time": 0.04117248393595219,
            "linear_total_time": 0.08916245808359236,
            "ksp_its": 9,
            "ksp_reason_code": 2,
            "ksp_reason_name": "CONVERGED_RTOL",
            "ksp_residual_norm": 61.4287178117581,
            "rhs_norm": 0.0018523798253277845
          },
          {
            "assemble_total_time": 0.0060891639441251755,
            "setop_time": 2.1030427888035774e-06,
            "set_tolerances_time": 2.3739412426948547e-06,
            "pc_setup_time": 0.03997357201296836,
            "solve_time": 0.028799804975278676,
            "linear_total_time": 0.07486701791640371,
            "ksp_its": 6,
            "ksp_reason_code": 2,
            "ksp_reason_name": "CONVERGED_RTOL",
            "ksp_residual_norm": 2.6471540946423704,
            "rhs_norm": 0.00203279924339125
          },
          {
            "assemble_total_time": 0.004695900017395616,
            "setop_time": 1.592910848557949e-06,
            "set_tolerances_time": 1.89291313290596e-06,
            "pc_setup_time": 0.03888565592933446,
            "solve_time": 0.024896126007661223,
            "linear_total_time": 0.06848116777837276,
            "ksp_its": 5,
            "ksp_reason_code": 2,
            "ksp_reason_name": "CONVERGED_RTOL",
            "ksp_residual_norm": 4.225861117551284,
            "rhs_norm": 0.0011138755204445916
          },
          {
            "assemble_total_time": 0.005507900030352175,
            "setop_time": 1.6130506992340088e-06,
            "set_tolerances_time": 1.8830178305506706e-06,
            "pc_setup_time": 0.038000444998033345,
            "solve_time": 0.02920487301889807,
            "linear_total_time": 0.07271671411581337,
            "ksp_its": 6,
            "ksp_reason_code": 2,
            "ksp_reason_name": "CONVERGED_RTOL",
            "ksp_residual_norm": 0.01748758402469635,
            "rhs_norm": 0.0017412551389824479
          },
          {
            "assemble_total_time": 0.004956762073561549,
            "setop_time": 1.3620592653751373e-06,
            "set_tolerances_time": 1.6719568520784378e-06,
            "pc_setup_time": 0.03859576105605811,
            "solve_time": 0.016843589954078197,
            "linear_total_time": 0.06039914709981531,
            "ksp_its": 3,
            "ksp_reason_code": 2,
            "ksp_reason_name": "CONVERGED_RTOL",
            "ksp_residual_norm": 0.06522457237906014,
            "rhs_norm": 0.0016742610632429185
          },
          {
            "assemble_total_time": 0.006203045952133834,
            "setop_time": 1.801992766559124e-06,
            "set_tolerances_time": 1.6919802874326706e-06,
            "pc_setup_time": 0.03862903104163706,
            "solve_time": 0.012260560994036496,
            "linear_total_time": 0.057096131960861385,
            "ksp_its": 2,
            "ksp_reason_code": 2,
            "ksp_reason_name": "CONVERGED_RTOL",
            "ksp_residual_norm": 0.008467865605704209,
            "rhs_norm": 0.0008583914388951682
          },
          {
            "assemble_total_time": 0.006483806995674968,
            "setop_time": 1.6220146790146828e-06,
            "set_tolerances_time": 1.7220154404640198e-06,
            "pc_setup_time": 0.037332982989028096,
            "solve_time": 0.012728414963930845,
            "linear_total_time": 0.05654854897875339,
            "ksp_its": 2,
            "ksp_reason_code": 2,
            "ksp_reason_name": "CONVERGED_RTOL",
            "ksp_residual_norm": 0.0006502631826489374,
            "rhs_norm": 6.8030089016194e-05
          },
          {
            "assemble_total_time": 0.004284139955416322,
            "setop_time": 1.9730068743228912e-06,
            "set_tolerances_time": 1.7819693312048912e-06,
            "pc_setup_time": 0.03932898200582713,
            "solve_time": 0.012279569986276329,
            "linear_total_time": 0.05589644692372531,
            "ksp_its": 2,
            "ksp_reason_code": 2,
            "ksp_reason_name": "CONVERGED_RTOL",
            "ksp_residual_norm": 7.951662732761931e-06,
            "rhs_norm": 4.82859193137025e-07
          }
        ]
      }
    ],
    "metadata": {
      "nprocs": 32,
      "problem": {
        "name": "GinzburgLandau2D",
        "eps": 0.01
      },
      "linear_solver": {
        "ksp_type": "gmres",
        "pc_type": "hypre",
        "ksp_rtol": 0.001,
        "ksp_max_it": 200,
        "pc_setup_on_ksp_cap": false,
        "gamg_threshold": 0.05,
        "gamg_agg_nsmooths": 1,
        "gamg_set_coordinates": true,
        "assembly_mode": "fenics",
        "assembler": "FEniCSFormAssembly",
        "distribution_strategy": "dolfinx_mesh_partition",
        "trust_subproblem_solver": "direct_linear_solve",
        "trust_subproblem_line_search": false
      },
      "newton": {
        "tolf": 1e-06,
        "tolg": 1e-05,
        "tolg_rel": 0.001,
        "tolx_rel": 0.001,
        "tolx_abs": 1e-10,
        "maxit": 100,
        "require_all_convergence": true,
        "fail_on_nonfinite": true,
        "linesearch_interval": [
          -0.5,
          2.0
        ],
        "linesearch_tol": 0.001,
        "trust_region": false,
        "trust_radius_init": 1.0,
        "trust_radius_min": 1e-08,
        "trust_radius_max": 1000000.0,
        "trust_subproblem_line_search": false,
        "step_time_limit_s": null
      }
    }
  }
}
