An NVIDIA GPU may be present on this machine, but a CUDA-enabled jaxlib is not installed. Falling back to cpu.
An NVIDIA GPU may be present on this machine, but a CUDA-enabled jaxlib is not installed. Falling back to cpu.
An NVIDIA GPU may be present on this machine, but a CUDA-enabled jaxlib is not installed. Falling back to cpu.
An NVIDIA GPU may be present on this machine, but a CUDA-enabled jaxlib is not installed. Falling back to cpu.
An NVIDIA GPU may be present on this machine, but a CUDA-enabled jaxlib is not installed. Falling back to cpu.
An NVIDIA GPU may be present on this machine, but a CUDA-enabled jaxlib is not installed. Falling back to cpu.
An NVIDIA GPU may be present on this machine, but a CUDA-enabled jaxlib is not installed. Falling back to cpu.
An NVIDIA GPU may be present on this machine, but a CUDA-enabled jaxlib is not installed. Falling back to cpu.
An NVIDIA GPU may be present on this machine, but a CUDA-enabled jaxlib is not installed. Falling back to cpu.
An NVIDIA GPU may be present on this machine, but a CUDA-enabled jaxlib is not installed. Falling back to cpu.
An NVIDIA GPU may be present on this machine, but a CUDA-enabled jaxlib is not installed. Falling back to cpu.
An NVIDIA GPU may be present on this machine, but a CUDA-enabled jaxlib is not installed. Falling back to cpu.
An NVIDIA GPU may be present on this machine, but a CUDA-enabled jaxlib is not installed. Falling back to cpu.
An NVIDIA GPU may be present on this machine, but a CUDA-enabled jaxlib is not installed. Falling back to cpu.
An NVIDIA GPU may be present on this machine, but a CUDA-enabled jaxlib is not installed. Falling back to cpu.
An NVIDIA GPU may be present on this machine, but a CUDA-enabled jaxlib is not installed. Falling back to cpu.
{
  "case": {
    "problem": "gl",
    "backend": "element",
    "level": 9,
    "out": "/home/michal/repos/fenics_nonlinear_energies/artifacts/reproduction/2026-03-15_refactor_stage2b_final/full/gl_final_suite/jax_petsc_element_l9_np16.json",
    "quiet": true,
    "save_history": true,
    "save_linear_timing": true,
    "steps": 1,
    "start_step": 1,
    "total_steps": 24,
    "ksp_type": "gmres",
    "pc_type": "hypre",
    "ksp_rtol": 0.001,
    "ksp_max_it": 200,
    "profile": "reference",
    "coloring_trials": 10,
    "nproc_threads": 1,
    "hvp_eval_mode": "sequential",
    "element_reorder_mode": "block_xyz",
    "local_hessian_mode": "element",
    "tolf": 1e-06,
    "tolg": 1e-05,
    "tolg_rel": 0.001,
    "tolx_rel": 0.001,
    "tolx_abs": 1e-10,
    "maxit": 100,
    "step_time_limit_s": null,
    "linesearch_a": -0.5,
    "linesearch_b": 2.0,
    "linesearch_tol": 0.001,
    "use_trust_region": false,
    "trust_radius_init": 1.0,
    "trust_radius_min": 1e-08,
    "trust_radius_max": 1000000.0,
    "trust_shrink": 0.5,
    "trust_expand": 1.5,
    "trust_eta_shrink": 0.05,
    "trust_eta_expand": 0.75,
    "trust_max_reject": 6,
    "trust_subproblem_line_search": false,
    "local_coloring": true,
    "retry_on_failure": false,
    "pc_setup_on_ksp_cap": false,
    "use_near_nullspace": true,
    "reorder": null,
    "gamg_threshold": 0.05,
    "gamg_agg_nsmooths": 1,
    "gamg_set_coordinates": true
  },
  "result": {
    "mesh_level": 9,
    "total_dofs": 1050625,
    "free_dofs": 1046529,
    "setup_time": 3.936735,
    "solve_time_total": 3.375155,
    "total_time": 7.839402,
    "steps": [
      {
        "step": 1,
        "time": 3.375155,
        "nit": 8,
        "linear_iters": 38,
        "energy": 0.3456264684117145,
        "message": "Converged (energy, step, gradient)",
        "attempt": "primary",
        "ksp_rtol_used": 0.001,
        "ksp_max_it_used": 200,
        "linesearch_interval_used": [
          -0.5,
          2.0
        ],
        "history": [
          {
            "it": 1,
            "energy": 0.56530550056431,
            "dE": 0.09999417740486383,
            "grad_norm": 0.000926199657095612,
            "grad_target": 1e-05,
            "grad_norm_post": NaN,
            "alpha": -0.2653282889763787,
            "ksp_its": 10,
            "ls_evals": 19,
            "ls_repaired": false,
            "used_gradient_fallback": false,
            "accepted_step": true,
            "step_norm": 255.74353150029037,
            "step_rel": 0.49949908496150464,
            "pred_reduction": NaN,
            "actual_reduction": NaN,
            "trust_rejects": 0,
            "t_grad": 0.011411901912651956,
            "t_hess": 0.3301018240163103,
            "t_ls": 0.1795281550148502,
            "t_update": 7.633597124367952e-05,
            "t_iter": 0.5212539009517059,
            "trust_radius": 1.0,
            "trust_ratio": NaN,
            "trust_qp": NaN
          },
          {
            "it": 2,
            "energy": 0.5083071260752051,
            "dE": 0.05699837448910483,
            "grad_norm": 0.0010210374555483317,
            "grad_target": 1e-05,
            "grad_norm_post": NaN,
            "alpha": 0.3207432919144101,
            "ksp_its": 6,
            "ls_evals": 19,
            "ls_repaired": false,
            "used_gradient_fallback": false,
            "accepted_step": true,
            "step_norm": 213.72503016435036,
            "step_rel": 0.33442692085304015,
            "pred_reduction": NaN,
            "actual_reduction": NaN,
            "trust_rejects": 0,
            "t_grad": 0.011532414937391877,
            "t_hess": 0.24833123909775168,
            "t_ls": 0.17940464604180306,
            "t_update": 7.762794848531485e-05,
            "t_iter": 0.4394772460218519,
            "trust_radius": 1.0,
            "trust_ratio": NaN,
            "trust_qp": NaN
          },
          {
            "it": 3,
            "energy": 0.44172774421174643,
            "dE": 0.06657938186345869,
            "grad_norm": 0.0005540761615358908,
            "grad_target": 1e-05,
            "grad_norm_post": NaN,
            "alpha": -0.3037158634862106,
            "ksp_its": 6,
            "ls_evals": 19,
            "ls_repaired": false,
            "used_gradient_fallback": false,
            "accepted_step": true,
            "step_norm": 268.2680270327945,
            "step_rel": 0.3578873323766977,
            "pred_reduction": NaN,
            "actual_reduction": NaN,
            "trust_rejects": 0,
            "t_grad": 0.011323428945615888,
            "t_hess": 0.24644052900839597,
            "t_ls": 0.1787601619726047,
            "t_update": 8.693104609847069e-05,
            "t_iter": 0.43672826793044806,
            "trust_radius": 1.0,
            "trust_ratio": NaN,
            "trust_qp": NaN
          },
          {
            "it": 4,
            "energy": 0.3759892907303074,
            "dE": 0.06573845348143903,
            "grad_norm": 0.000858136941608446,
            "grad_target": 1e-05,
            "grad_norm_post": NaN,
            "alpha": 0.22364159600528322,
            "ksp_its": 5,
            "ls_evals": 19,
            "ls_repaired": false,
            "used_gradient_fallback": false,
            "accepted_step": true,
            "step_norm": 205.08715691638034,
            "step_rel": 0.25436644140400283,
            "pred_reduction": NaN,
            "actual_reduction": NaN,
            "trust_rejects": 0,
            "t_grad": 0.011409317958168685,
            "t_hess": 0.22856164199765772,
            "t_ls": 0.17940843000542372,
            "t_update": 7.50639010220766e-05,
            "t_iter": 0.4195839499589056,
            "trust_radius": 1.0,
            "trust_ratio": NaN,
            "trust_qp": NaN
          },
          {
            "it": 5,
            "energy": 0.3482683825164622,
            "dE": 0.027720908213845208,
            "grad_norm": 0.000741307019564611,
            "grad_target": 1e-05,
            "grad_norm_post": NaN,
            "alpha": 0.7188100957107616,
            "ksp_its": 3,
            "ls_evals": 19,
            "ls_repaired": false,
            "used_gradient_fallback": false,
            "accepted_step": true,
            "step_norm": 95.29333430673437,
            "step_rel": 0.11141483944844875,
            "pred_reduction": NaN,
            "actual_reduction": NaN,
            "trust_rejects": 0,
            "t_grad": 0.011531822965480387,
            "t_hess": 0.2001395489787683,
            "t_ls": 0.17880949401296675,
            "t_update": 7.474399171769619e-05,
            "t_iter": 0.39069224696140736,
            "trust_radius": 1.0,
            "trust_ratio": NaN,
            "trust_qp": NaN
          },
          {
            "it": 6,
            "energy": 0.3456342217740967,
            "dE": 0.002634160742365499,
            "grad_norm": 0.00022717196390245432,
            "grad_target": 1e-05,
            "grad_norm_post": NaN,
            "alpha": 1.0794568172278571,
            "ksp_its": 2,
            "ls_evals": 19,
            "ls_repaired": false,
            "used_gradient_fallback": false,
            "accepted_step": true,
            "step_norm": 26.523752063296723,
            "step_rel": 0.030074915885555747,
            "pred_reduction": NaN,
            "actual_reduction": NaN,
            "trust_rejects": 0,
            "t_grad": 0.011205059010535479,
            "t_hess": 0.18176858103834093,
            "t_ls": 0.1780352119822055,
            "t_update": 7.867894601076841e-05,
            "t_iter": 0.37122277403250337,
            "trust_radius": 1.0,
            "trust_ratio": NaN,
            "trust_qp": NaN
          },
          {
            "it": 7,
            "energy": 0.34562646850678713,
            "dE": 7.753267309562606e-06,
            "grad_norm": 1.1823698427537911e-05,
            "grad_target": 1e-05,
            "grad_norm_post": NaN,
            "alpha": 1.0040818361182529,
            "ksp_its": 3,
            "ls_evals": 19,
            "ls_repaired": false,
            "used_gradient_fallback": false,
            "accepted_step": true,
            "step_norm": 1.485142265541542,
            "step_rel": 0.001692724407151284,
            "pred_reduction": NaN,
            "actual_reduction": NaN,
            "trust_rejects": 0,
            "t_grad": 0.01159569004084915,
            "t_hess": 0.19638823193963617,
            "t_ls": 0.1789662999799475,
            "t_update": 8.204393088817596e-05,
            "t_iter": 0.3871579560218379,
            "trust_radius": 1.0,
            "trust_ratio": NaN,
            "trust_qp": NaN
          },
          {
            "it": 8,
            "energy": 0.3456264684117145,
            "dE": 9.507261644614573e-11,
            "grad_norm": 4.196598640830023e-08,
            "grad_target": 1e-05,
            "grad_norm_post": 2.6948332966019913e-11,
            "alpha": 0.9999834732596391,
            "ksp_its": 3,
            "ls_evals": 19,
            "ls_repaired": false,
            "used_gradient_fallback": false,
            "accepted_step": true,
            "step_norm": 0.005398103457543513,
            "step_rel": 6.157663883075115e-06,
            "pred_reduction": NaN,
            "actual_reduction": NaN,
            "trust_rejects": 0,
            "t_grad": 0.011556020006537437,
            "t_hess": 0.19699799502268434,
            "t_ls": 0.179159592022188,
            "t_update": 7.779709994792938e-05,
            "t_iter": 0.3879262979608029,
            "trust_radius": 1.0,
            "trust_ratio": NaN,
            "trust_qp": NaN
          }
        ],
        "linear_timing": [
          {
            "assemble_total_time": 0.048813497996889055,
            "assemble_p2p_exchange": 0.0036973729729652405,
            "assemble_hvp_compute": 0.012648883042857051,
            "assemble_extraction": 0.026264359010383487,
            "assemble_coo_assembly": 0.006070252042263746,
            "assemble_n_hvps": 0,
            "setop_time": 5.978974513709545e-06,
            "set_tolerances_time": 2.8649810701608658e-06,
            "pc_setup_time": 0.10470640496350825,
            "solve_time": 0.17637362494133413,
            "linear_total_time": 0.3299023718573153,
            "ksp_its": 10,
            "ksp_reason_code": 2,
            "ksp_reason_name": "CONVERGED_RTOL",
            "ksp_residual_norm": 42.44122885898312,
            "rhs_norm": 0.000926199657095612
          },
          {
            "assemble_total_time": 0.04812930291518569,
            "assemble_p2p_exchange": 0.0034333530347794294,
            "assemble_hvp_compute": 0.013211634941399097,
            "assemble_extraction": 0.026978458045050502,
            "assemble_coo_assembly": 0.004376720986329019,
            "assemble_n_hvps": 0,
            "setop_time": 3.564986400306225e-06,
            "set_tolerances_time": 2.9549701139330864e-06,
            "pc_setup_time": 0.09063539002090693,
            "solve_time": 0.10938790591899306,
            "linear_total_time": 0.2481591188115999,
            "ksp_its": 6,
            "ksp_reason_code": 2,
            "ksp_reason_name": "CONVERGED_RTOL",
            "ksp_residual_norm": 7.3991349593074816,
            "rhs_norm": 0.0010210374555483317
          },
          {
            "assemble_total_time": 0.04620412096846849,
            "assemble_p2p_exchange": 0.003401746042072773,
            "assemble_hvp_compute": 0.012964340043254197,
            "assemble_extraction": 0.02649267402011901,
            "assemble_coo_assembly": 0.003221052000299096,
            "assemble_n_hvps": 0,
            "setop_time": 2.604094333946705e-06,
            "set_tolerances_time": 2.7740607038140297e-06,
            "pc_setup_time": 0.09039680799469352,
            "solve_time": 0.10965898598078638,
            "linear_total_time": 0.24626529309898615,
            "ksp_its": 6,
            "ksp_reason_code": 2,
            "ksp_reason_name": "CONVERGED_RTOL",
            "ksp_residual_norm": 1.368889510115645,
            "rhs_norm": 0.0005540761615358908
          },
          {
            "assemble_total_time": 0.04593417199794203,
            "assemble_p2p_exchange": 0.003372781095094979,
            "assemble_hvp_compute": 0.012770498055033386,
            "assemble_extraction": 0.02718532201834023,
            "assemble_coo_assembly": 0.0024832660565152764,
            "assemble_n_hvps": 0,
            "setop_time": 2.5739427655935287e-06,
            "set_tolerances_time": 2.403976395726204e-06,
            "pc_setup_time": 0.08908516401425004,
            "solve_time": 0.093365887994878,
            "linear_total_time": 0.22839020192623138,
            "ksp_its": 5,
            "ksp_reason_code": 2,
            "ksp_reason_name": "CONVERGED_RTOL",
            "ksp_residual_norm": 0.08634233886803326,
            "rhs_norm": 0.000858136941608446
          },
          {
            "assemble_total_time": 0.04629656998440623,
            "assemble_p2p_exchange": 0.003521095961332321,
            "assemble_hvp_compute": 0.013203021953813732,
            "assemble_extraction": 0.02513251593336463,
            "assemble_coo_assembly": 0.00432436098344624,
            "assemble_n_hvps": 0,
            "setop_time": 2.4329638108611107e-06,
            "set_tolerances_time": 2.0529842004179955e-06,
            "pc_setup_time": 0.09168092999607325,
            "solve_time": 0.061990098911337554,
            "linear_total_time": 0.1999720848398283,
            "ksp_its": 3,
            "ksp_reason_code": 2,
            "ksp_reason_name": "CONVERGED_RTOL",
            "ksp_residual_norm": 0.06053289724348703,
            "rhs_norm": 0.000741307019564611
          },
          {
            "assemble_total_time": 0.04638436308596283,
            "assemble_p2p_exchange": 0.0033352160826325417,
            "assemble_hvp_compute": 0.013176211970858276,
            "assemble_extraction": 0.02731180307455361,
            "assemble_coo_assembly": 0.0024451978970319033,
            "assemble_n_hvps": 0,
            "setop_time": 2.212938852608204e-06,
            "set_tolerances_time": 2.434011548757553e-06,
            "pc_setup_time": 0.08945871901232749,
            "solve_time": 0.045777624007314444,
            "linear_total_time": 0.18162535305600613,
            "ksp_its": 2,
            "ksp_reason_code": 2,
            "ksp_reason_name": "CONVERGED_RTOL",
            "ksp_residual_norm": 0.014480064364524732,
            "rhs_norm": 0.00022717196390245432
          },
          {
            "assemble_total_time": 0.04579061397816986,
            "assemble_p2p_exchange": 0.0034345050808042288,
            "assemble_hvp_compute": 0.013101116986945271,
            "assemble_extraction": 0.02521474997047335,
            "assemble_coo_assembly": 0.003921582014299929,
            "assemble_n_hvps": 0,
            "setop_time": 2.4939654394984245e-06,
            "set_tolerances_time": 2.5639310479164124e-06,
            "pc_setup_time": 0.08925801399163902,
            "solve_time": 0.06118111393880099,
            "linear_total_time": 0.19623479980509728,
            "ksp_its": 3,
            "ksp_reason_code": 2,
            "ksp_reason_name": "CONVERGED_RTOL",
            "ksp_residual_norm": 5.4258563862029924e-05,
            "rhs_norm": 1.1823698427537911e-05
          },
          {
            "assemble_total_time": 0.0458233340177685,
            "assemble_p2p_exchange": 0.0034980910131707788,
            "assemble_hvp_compute": 0.012715453980490565,
            "assemble_extraction": 0.026686697034165263,
            "assemble_coo_assembly": 0.002811323036439717,
            "assemble_n_hvps": 0,
            "setop_time": 2.2139865905046463e-06,
            "set_tolerances_time": 2.262997440993786e-06,
            "pc_setup_time": 0.08980523201171309,
            "solve_time": 0.06122338795103133,
            "linear_total_time": 0.19685643096454442,
            "ksp_its": 3,
            "ksp_reason_code": 2,
            "ksp_reason_name": "CONVERGED_RTOL",
            "ksp_residual_norm": 2.0383710074353158e-07,
            "rhs_norm": 4.196598640830023e-08
          }
        ]
      }
    ],
    "metadata": {
      "profile": "reference",
      "nprocs": 16,
      "nproc_threads": 1,
      "problem": {
        "name": "GinzburgLandau2D"
      },
      "linear_solver": {
        "ksp_type": "gmres",
        "pc_type": "hypre",
        "ksp_rtol": 0.001,
        "ksp_max_it": 200,
        "pc_setup_on_ksp_cap": false,
        "gamg_threshold": 0.05,
        "gamg_agg_nsmooths": 1,
        "gamg_set_coordinates": true,
        "reorder": true,
        "hvp_eval_mode": "element_overlap",
        "assembly_mode": "element",
        "element_reorder_mode": "block_xyz",
        "local_hessian_mode": "element",
        "distribution_strategy": "overlap_allgather",
        "assembler": "GLReorderedElementAssembler",
        "trust_subproblem_solver": "direct_linear_solve",
        "trust_subproblem_line_search": false
      },
      "newton": {
        "tolf": 1e-06,
        "tolg": 1e-05,
        "tolg_rel": 0.001,
        "tolx_rel": 0.001,
        "tolx_abs": 1e-10,
        "maxit": 100,
        "require_all_convergence": true,
        "fail_on_nonfinite": true,
        "linesearch_interval": [
          -0.5,
          2.0
        ],
        "linesearch_tol": 0.001,
        "trust_region": false,
        "trust_radius_init": 1.0,
        "trust_radius_min": 1e-08,
        "trust_radius_max": 1000000.0,
        "trust_subproblem_line_search": false,
        "step_time_limit_s": null
      }
    }
  }
}
