An NVIDIA GPU may be present on this machine, but a CUDA-enabled jaxlib is not installed. Falling back to cpu.
An NVIDIA GPU may be present on this machine, but a CUDA-enabled jaxlib is not installed. Falling back to cpu.
{
  "case": {
    "problem": "gl",
    "backend": "element",
    "level": 8,
    "out": "/home/michal/repos/fenics_nonlinear_energies/artifacts/reproduction/2026-03-15_refactor_stage2b_final/full/gl_final_suite/jax_petsc_element_l8_np2.json",
    "quiet": true,
    "save_history": true,
    "save_linear_timing": true,
    "steps": 1,
    "start_step": 1,
    "total_steps": 24,
    "ksp_type": "gmres",
    "pc_type": "hypre",
    "ksp_rtol": 0.001,
    "ksp_max_it": 200,
    "profile": "reference",
    "coloring_trials": 10,
    "nproc_threads": 1,
    "hvp_eval_mode": "sequential",
    "element_reorder_mode": "block_xyz",
    "local_hessian_mode": "element",
    "tolf": 1e-06,
    "tolg": 1e-05,
    "tolg_rel": 0.001,
    "tolx_rel": 0.001,
    "tolx_abs": 1e-10,
    "maxit": 100,
    "step_time_limit_s": null,
    "linesearch_a": -0.5,
    "linesearch_b": 2.0,
    "linesearch_tol": 0.001,
    "use_trust_region": false,
    "trust_radius_init": 1.0,
    "trust_radius_min": 1e-08,
    "trust_radius_max": 1000000.0,
    "trust_shrink": 0.5,
    "trust_expand": 1.5,
    "trust_eta_shrink": 0.05,
    "trust_eta_expand": 0.75,
    "trust_max_reject": 6,
    "trust_subproblem_line_search": false,
    "local_coloring": true,
    "retry_on_failure": false,
    "pc_setup_on_ksp_cap": false,
    "use_near_nullspace": true,
    "reorder": null,
    "gamg_threshold": 0.05,
    "gamg_agg_nsmooths": 1,
    "gamg_set_coordinates": true
  },
  "result": {
    "mesh_level": 8,
    "total_dofs": 263169,
    "free_dofs": 261121,
    "setup_time": 2.18136,
    "solve_time_total": 1.796745,
    "total_time": 4.123708,
    "steps": [
      {
        "step": 1,
        "time": 1.796745,
        "nit": 7,
        "linear_iters": 30,
        "energy": 0.3456336282717965,
        "message": "Converged (energy, step, gradient)",
        "attempt": "primary",
        "ksp_rtol_used": 0.001,
        "ksp_max_it_used": 200,
        "linesearch_interval_used": [
          -0.5,
          2.0
        ],
        "history": [
          {
            "it": 1,
            "energy": 0.5480061423469165,
            "dE": 0.11729553652068114,
            "grad_norm": 0.0018523798253574073,
            "grad_target": 1e-05,
            "grad_norm_post": NaN,
            "alpha": -0.28565483586584184,
            "ksp_its": 9,
            "ls_evals": 19,
            "ls_repaired": false,
            "used_gradient_fallback": false,
            "accepted_step": true,
            "step_norm": 135.391416796697,
            "step_rel": 0.5288727218620977,
            "pred_reduction": NaN,
            "actual_reduction": NaN,
            "trust_rejects": 0,
            "t_grad": 0.005514248972758651,
            "t_hess": 0.23646762606222183,
            "t_ls": 0.08345868100877851,
            "t_update": 4.563899710774422e-05,
            "t_iter": 0.3255816278979182,
            "trust_radius": 1.0,
            "trust_ratio": NaN,
            "trust_qp": NaN
          },
          {
            "it": 2,
            "energy": 0.5097369307783965,
            "dE": 0.03826921156851992,
            "grad_norm": 0.001980849981953171,
            "grad_target": 1e-05,
            "grad_norm_post": NaN,
            "alpha": 0.3492665645212437,
            "ksp_its": 6,
            "ls_evals": 19,
            "ls_repaired": false,
            "used_gradient_fallback": false,
            "accepted_step": true,
            "step_norm": 95.37050660546738,
            "step_rel": 0.28860462637233364,
            "pred_reduction": NaN,
            "actual_reduction": NaN,
            "trust_rejects": 0,
            "t_grad": 0.005523022031411529,
            "t_hess": 0.18474696297198534,
            "t_ls": 0.08112802705727518,
            "t_update": 4.592898767441511e-05,
            "t_iter": 0.27153295604512095,
            "trust_radius": 1.0,
            "trust_ratio": NaN,
            "trust_qp": NaN
          },
          {
            "it": 3,
            "energy": 0.44223534308424306,
            "dE": 0.06750158769415349,
            "grad_norm": 0.0011149253243432058,
            "grad_target": 1e-05,
            "grad_norm_post": NaN,
            "alpha": -0.34436895726513683,
            "ksp_its": 5,
            "ls_evals": 19,
            "ls_repaired": false,
            "used_gradient_fallback": false,
            "accepted_step": true,
            "step_norm": 135.71872543208477,
            "step_rel": 0.36260420210461697,
            "pred_reduction": NaN,
            "actual_reduction": NaN,
            "trust_rejects": 0,
            "t_grad": 0.005489110015332699,
            "t_hess": 0.172023567953147,
            "t_ls": 0.08260096097365022,
            "t_update": 5.39110042154789e-05,
            "t_iter": 0.2602459699846804,
            "trust_radius": 1.0,
            "trust_ratio": NaN,
            "trust_qp": NaN
          },
          {
            "it": 4,
            "energy": 0.3659890135086201,
            "dE": 0.07624632957562294,
            "grad_norm": 0.0017511979096596385,
            "grad_target": 1e-05,
            "grad_norm_post": NaN,
            "alpha": 0.2807902820905276,
            "ksp_its": 4,
            "ls_evals": 19,
            "ls_repaired": false,
            "used_gradient_fallback": false,
            "accepted_step": true,
            "step_norm": 112.88051964517602,
            "step_rel": 0.28025591074515893,
            "pred_reduction": NaN,
            "actual_reduction": NaN,
            "trust_rejects": 0,
            "t_grad": 0.0055041840532794595,
            "t_hess": 0.1614043649751693,
            "t_ls": 0.08305589598603547,
            "t_update": 4.4977059587836266e-05,
            "t_iter": 0.25010981305968016,
            "trust_radius": 1.0,
            "trust_ratio": NaN,
            "trust_qp": NaN
          },
          {
            "it": 5,
            "energy": 0.3460212523450883,
            "dE": 0.019967761163531828,
            "grad_norm": 0.0012934452671513124,
            "grad_target": 1e-05,
            "grad_norm_post": NaN,
            "alpha": 0.9357708210913807,
            "ksp_its": 2,
            "ls_evals": 19,
            "ls_repaired": false,
            "used_gradient_fallback": false,
            "accepted_step": true,
            "step_norm": 34.35260319028034,
            "step_rel": 0.07948487217702677,
            "pred_reduction": NaN,
            "actual_reduction": NaN,
            "trust_rejects": 0,
            "t_grad": 0.005643722950480878,
            "t_hess": 0.13970479799900204,
            "t_ls": 0.08142484398558736,
            "t_update": 4.504795651882887e-05,
            "t_iter": 0.22690638503991067,
            "trust_radius": 1.0,
            "trust_ratio": NaN,
            "trust_qp": NaN
          },
          {
            "it": 6,
            "energy": 0.34563382323375136,
            "dE": 0.00038742911133693436,
            "grad_norm": 0.00016328833985218067,
            "grad_target": 1e-05,
            "grad_norm_post": NaN,
            "alpha": 1.041769326673055,
            "ksp_its": 2,
            "ls_evals": 19,
            "ls_repaired": false,
            "used_gradient_fallback": false,
            "accepted_step": true,
            "step_norm": 5.462653172690823,
            "step_rel": 0.012373372691592763,
            "pred_reduction": NaN,
            "actual_reduction": NaN,
            "trust_rejects": 0,
            "t_grad": 0.005445875925943255,
            "t_hess": 0.13834112894255668,
            "t_ls": 0.0818778850371018,
            "t_update": 4.5057968236505985e-05,
            "t_iter": 0.22581002803053707,
            "trust_radius": 1.0,
            "trust_ratio": NaN,
            "trust_qp": NaN
          },
          {
            "it": 7,
            "energy": 0.3456336282717965,
            "dE": 1.9496195485801948e-07,
            "grad_norm": 3.663275564995669e-06,
            "grad_target": 1e-05,
            "grad_norm_post": 1.0219774201638674e-08,
            "alpha": 1.0011162328941345,
            "ksp_its": 2,
            "ls_evals": 19,
            "ls_repaired": false,
            "used_gradient_fallback": false,
            "accepted_step": true,
            "step_norm": 0.12339858800393491,
            "step_rel": 0.00028154790948042087,
            "pred_reduction": NaN,
            "actual_reduction": NaN,
            "trust_rejects": 0,
            "t_grad": 0.0062892138957977295,
            "t_hess": 0.13912796007934958,
            "t_ls": 0.08123693207744509,
            "t_update": 4.571897443383932e-05,
            "t_iter": 0.226786996005103,
            "trust_radius": 1.0,
            "trust_ratio": NaN,
            "trust_qp": NaN
          }
        ],
        "linear_timing": [
          {
            "assemble_total_time": 0.03046197909861803,
            "assemble_p2p_exchange": 0.0008739640470594168,
            "assemble_hvp_compute": 0.007993175066076219,
            "assemble_extraction": 0.018675511004403234,
            "assemble_coo_assembly": 0.0028065990190953016,
            "assemble_n_hvps": 0,
            "setop_time": 3.3950200304389e-06,
            "set_tolerances_time": 3.72505746781826e-06,
            "pc_setup_time": 0.09403294592630118,
            "solve_time": 0.11183720792178065,
            "linear_total_time": 0.23633925302419811,
            "ksp_its": 9,
            "ksp_reason_code": 2,
            "ksp_reason_name": "CONVERGED_RTOL",
            "ksp_residual_norm": 102.87697610306171,
            "rhs_norm": 0.0018523798253574073
          },
          {
            "assemble_total_time": 0.03135454002767801,
            "assemble_p2p_exchange": 0.0010442789644002914,
            "assemble_hvp_compute": 0.007058979943394661,
            "assemble_extraction": 0.018294720095582306,
            "assemble_coo_assembly": 0.004873925936408341,
            "assemble_n_hvps": 0,
            "setop_time": 3.4150434657931328e-06,
            "set_tolerances_time": 3.4760450944304466e-06,
            "pc_setup_time": 0.07698340795468539,
            "solve_time": 0.07627441198565066,
            "linear_total_time": 0.18461925105657429,
            "ksp_its": 6,
            "ksp_reason_code": 2,
            "ksp_reason_name": "CONVERGED_RTOL",
            "ksp_residual_norm": 0.7684237191156125,
            "rhs_norm": 0.001980849981953171
          },
          {
            "assemble_total_time": 0.029408165020868182,
            "assemble_p2p_exchange": 0.0009969889651983976,
            "assemble_hvp_compute": 0.007061525015160441,
            "assemble_extraction": 0.01789613999426365,
            "assemble_coo_assembly": 0.0033768260618671775,
            "assemble_n_hvps": 0,
            "setop_time": 2.8649810701608658e-06,
            "set_tolerances_time": 2.923887223005295e-06,
            "pc_setup_time": 0.0776577009819448,
            "solve_time": 0.06482633401174098,
            "linear_total_time": 0.17189798888284713,
            "ksp_its": 5,
            "ksp_reason_code": 2,
            "ksp_reason_name": "CONVERGED_RTOL",
            "ksp_residual_norm": 0.16199096994320555,
            "rhs_norm": 0.0011149253243432058
          },
          {
            "assemble_total_time": 0.030555439996533096,
            "assemble_p2p_exchange": 0.0010308199562132359,
            "assemble_hvp_compute": 0.0071011739782989025,
            "assemble_extraction": 0.017844353104010224,
            "assemble_coo_assembly": 0.0045043909922242165,
            "assemble_n_hvps": 0,
            "setop_time": 3.3950200304389e-06,
            "set_tolerances_time": 2.5740591809153557e-06,
            "pc_setup_time": 0.07694283709861338,
            "solve_time": 0.0537824829807505,
            "linear_total_time": 0.16128672915510833,
            "ksp_its": 4,
            "ksp_reason_code": 2,
            "ksp_reason_name": "CONVERGED_RTOL",
            "ksp_residual_norm": 0.02124691142924177,
            "rhs_norm": 0.0017511979096596385
          },
          {
            "assemble_total_time": 0.030066994950175285,
            "assemble_p2p_exchange": 0.0010075649479404092,
            "assemble_hvp_compute": 0.008822050993330777,
            "assemble_extraction": 0.017021987005136907,
            "assemble_coo_assembly": 0.003140821005217731,
            "assemble_n_hvps": 0,
            "setop_time": 2.193031832575798e-06,
            "set_tolerances_time": 2.6229536160826683e-06,
            "pc_setup_time": 0.07767932396382093,
            "solve_time": 0.0318079530261457,
            "linear_total_time": 0.13955908792559057,
            "ksp_its": 2,
            "ksp_reason_code": 2,
            "ksp_reason_name": "CONVERGED_RTOL",
            "ksp_residual_norm": 0.014704385707655322,
            "rhs_norm": 0.0012934452671513124
          },
          {
            "assemble_total_time": 0.03004786605015397,
            "assemble_p2p_exchange": 0.0009673739550635219,
            "assemble_hvp_compute": 0.007092351093888283,
            "assemble_extraction": 0.017971673049032688,
            "assemble_coo_assembly": 0.003941334085538983,
            "assemble_n_hvps": 0,
            "setop_time": 2.634013071656227e-06,
            "set_tolerances_time": 2.6141060516238213e-06,
            "pc_setup_time": 0.07652377698104829,
            "solve_time": 0.03164210298564285,
            "linear_total_time": 0.1382189941359684,
            "ksp_its": 2,
            "ksp_reason_code": 2,
            "ksp_reason_name": "CONVERGED_RTOL",
            "ksp_residual_norm": 0.0006571812090899998,
            "rhs_norm": 0.00016328833985218067
          },
          {
            "assemble_total_time": 0.029932733974419534,
            "assemble_p2p_exchange": 0.0010094981407746673,
            "assemble_hvp_compute": 0.0066052989568561316,
            "assemble_extraction": 0.017812886042520404,
            "assemble_coo_assembly": 0.004424851038493216,
            "assemble_n_hvps": 0,
            "setop_time": 2.783956006169319e-06,
            "set_tolerances_time": 2.834014594554901e-06,
            "pc_setup_time": 0.07726982899475843,
            "solve_time": 0.03180057101417333,
            "linear_total_time": 0.13900875195395201,
            "ksp_its": 2,
            "ksp_reason_code": 2,
            "ksp_reason_name": "CONVERGED_RTOL",
            "ksp_residual_norm": 2.221079411802233e-05,
            "rhs_norm": 3.663275564995669e-06
          }
        ]
      }
    ],
    "metadata": {
      "profile": "reference",
      "nprocs": 2,
      "nproc_threads": 1,
      "problem": {
        "name": "GinzburgLandau2D"
      },
      "linear_solver": {
        "ksp_type": "gmres",
        "pc_type": "hypre",
        "ksp_rtol": 0.001,
        "ksp_max_it": 200,
        "pc_setup_on_ksp_cap": false,
        "gamg_threshold": 0.05,
        "gamg_agg_nsmooths": 1,
        "gamg_set_coordinates": true,
        "reorder": true,
        "hvp_eval_mode": "element_overlap",
        "assembly_mode": "element",
        "element_reorder_mode": "block_xyz",
        "local_hessian_mode": "element",
        "distribution_strategy": "overlap_allgather",
        "assembler": "GLReorderedElementAssembler",
        "trust_subproblem_solver": "direct_linear_solve",
        "trust_subproblem_line_search": false
      },
      "newton": {
        "tolf": 1e-06,
        "tolg": 1e-05,
        "tolg_rel": 0.001,
        "tolx_rel": 0.001,
        "tolx_abs": 1e-10,
        "maxit": 100,
        "require_all_convergence": true,
        "fail_on_nonfinite": true,
        "linesearch_interval": [
          -0.5,
          2.0
        ],
        "linesearch_tol": 0.001,
        "trust_region": false,
        "trust_radius_init": 1.0,
        "trust_radius_min": 1e-08,
        "trust_radius_max": 1000000.0,
        "trust_subproblem_line_search": false,
        "step_time_limit_s": null
      }
    }
  }
}
