An NVIDIA GPU may be present on this machine, but a CUDA-enabled jaxlib is not installed. Falling back to cpu.
An NVIDIA GPU may be present on this machine, but a CUDA-enabled jaxlib is not installed. Falling back to cpu.
An NVIDIA GPU may be present on this machine, but a CUDA-enabled jaxlib is not installed. Falling back to cpu.
An NVIDIA GPU may be present on this machine, but a CUDA-enabled jaxlib is not installed. Falling back to cpu.
An NVIDIA GPU may be present on this machine, but a CUDA-enabled jaxlib is not installed. Falling back to cpu.
An NVIDIA GPU may be present on this machine, but a CUDA-enabled jaxlib is not installed. Falling back to cpu.
An NVIDIA GPU may be present on this machine, but a CUDA-enabled jaxlib is not installed. Falling back to cpu.
An NVIDIA GPU may be present on this machine, but a CUDA-enabled jaxlib is not installed. Falling back to cpu.
{
  "case": {
    "problem": "gl",
    "backend": "element",
    "level": 8,
    "out": "/home/michal/repos/fenics_nonlinear_energies/artifacts/reproduction/2026-03-15_refactor_stage2b_final/full/gl_final_suite/jax_petsc_element_l8_np8.json",
    "quiet": true,
    "save_history": true,
    "save_linear_timing": true,
    "steps": 1,
    "start_step": 1,
    "total_steps": 24,
    "ksp_type": "gmres",
    "pc_type": "hypre",
    "ksp_rtol": 0.001,
    "ksp_max_it": 200,
    "profile": "reference",
    "coloring_trials": 10,
    "nproc_threads": 1,
    "hvp_eval_mode": "sequential",
    "element_reorder_mode": "block_xyz",
    "local_hessian_mode": "element",
    "tolf": 1e-06,
    "tolg": 1e-05,
    "tolg_rel": 0.001,
    "tolx_rel": 0.001,
    "tolx_abs": 1e-10,
    "maxit": 100,
    "step_time_limit_s": null,
    "linesearch_a": -0.5,
    "linesearch_b": 2.0,
    "linesearch_tol": 0.001,
    "use_trust_region": false,
    "trust_radius_init": 1.0,
    "trust_radius_min": 1e-08,
    "trust_radius_max": 1000000.0,
    "trust_shrink": 0.5,
    "trust_expand": 1.5,
    "trust_eta_shrink": 0.05,
    "trust_eta_expand": 0.75,
    "trust_max_reject": 6,
    "trust_subproblem_line_search": false,
    "local_coloring": true,
    "retry_on_failure": false,
    "pc_setup_on_ksp_cap": false,
    "use_near_nullspace": true,
    "reorder": null,
    "gamg_threshold": 0.05,
    "gamg_agg_nsmooths": 1,
    "gamg_set_coordinates": true
  },
  "result": {
    "mesh_level": 8,
    "total_dofs": 263169,
    "free_dofs": 261121,
    "setup_time": 1.434691,
    "solve_time_total": 0.965669,
    "total_time": 2.562644,
    "steps": [
      {
        "step": 1,
        "time": 0.965669,
        "nit": 6,
        "linear_iters": 20,
        "energy": 0.3456336282715499,
        "message": "Converged (energy, step, gradient)",
        "attempt": "primary",
        "ksp_rtol_used": 0.001,
        "ksp_max_it_used": 200,
        "linesearch_interval_used": [
          -0.5,
          2.0
        ],
        "history": [
          {
            "it": 1,
            "energy": 0.4696954007440965,
            "dE": 0.19560627812350112,
            "grad_norm": 0.0018523798253574071,
            "grad_target": 1e-05,
            "grad_norm_post": NaN,
            "alpha": -0.49964995802247814,
            "ksp_its": 5,
            "ls_evals": 19,
            "ls_repaired": false,
            "used_gradient_fallback": false,
            "accepted_step": true,
            "step_norm": 121.34994351234468,
            "step_rel": 0.47402321684509646,
            "pred_reduction": NaN,
            "actual_reduction": NaN,
            "trust_rejects": 0,
            "t_grad": 0.004096648073755205,
            "t_hess": 0.10178429598454386,
            "t_ls": 0.07026182999834418,
            "t_update": 3.704603295773268e-05,
            "t_iter": 0.17627228808123618,
            "trust_radius": 1.0,
            "trust_ratio": NaN,
            "trust_qp": NaN
          },
          {
            "it": 2,
            "energy": 0.4143867437204023,
            "dE": 0.0553086570236942,
            "grad_norm": 0.0019883950599392975,
            "grad_target": 1e-05,
            "grad_norm_post": NaN,
            "alpha": 0.048466724037982245,
            "ksp_its": 7,
            "ls_evals": 19,
            "ls_repaired": false,
            "used_gradient_fallback": false,
            "accepted_step": true,
            "step_norm": 83.17695862655073,
            "step_rel": 0.24629151120766893,
            "pred_reduction": NaN,
            "actual_reduction": NaN,
            "trust_rejects": 0,
            "t_grad": 0.003964229021221399,
            "t_hess": 0.10709917498752475,
            "t_ls": 0.06976175808813423,
            "t_update": 3.910902887582779e-05,
            "t_iter": 0.18094870902132243,
            "trust_radius": 1.0,
            "trust_ratio": NaN,
            "trust_qp": NaN
          },
          {
            "it": 3,
            "energy": 0.34872970213992793,
            "dE": 0.06565704158047436,
            "grad_norm": 0.001877070380917259,
            "grad_target": 1e-05,
            "grad_norm_post": NaN,
            "alpha": 0.609413311225579,
            "ksp_its": 2,
            "ls_evals": 19,
            "ls_repaired": false,
            "used_gradient_fallback": false,
            "accepted_step": true,
            "step_norm": 78.47321872129007,
            "step_rel": 0.2087126621569025,
            "pred_reduction": NaN,
            "actual_reduction": NaN,
            "trust_rejects": 0,
            "t_grad": 0.00407693802844733,
            "t_hess": 0.07735362101811916,
            "t_ls": 0.071070556063205,
            "t_update": 3.300898242741823e-05,
            "t_iter": 0.1526497279992327,
            "trust_radius": 1.0,
            "trust_ratio": NaN,
            "trust_qp": NaN
          },
          {
            "it": 4,
            "energy": 0.34565312476212273,
            "dE": 0.003076577377805201,
            "grad_norm": 0.0005640691643238774,
            "grad_target": 1e-05,
            "grad_norm_post": NaN,
            "alpha": 1.0495333767109145,
            "ksp_its": 2,
            "ls_evals": 19,
            "ls_repaired": false,
            "used_gradient_fallback": false,
            "accepted_step": true,
            "step_norm": 14.636541212936141,
            "step_rel": 0.03345130423224891,
            "pred_reduction": NaN,
            "actual_reduction": NaN,
            "trust_rejects": 0,
            "t_grad": 0.004124149098061025,
            "t_hess": 0.07532666297629476,
            "t_ls": 0.06924096494913101,
            "t_update": 3.872800152748823e-05,
            "t_iter": 0.14881640602834523,
            "trust_radius": 1.0,
            "trust_ratio": NaN,
            "trust_qp": NaN
          },
          {
            "it": 5,
            "energy": 0.3456336293467316,
            "dE": 1.949541539114641e-05,
            "grad_norm": 3.7113233426083315e-05,
            "grad_target": 1e-05,
            "grad_norm_post": NaN,
            "alpha": 1.0118458861561124,
            "ksp_its": 2,
            "ls_evals": 19,
            "ls_repaired": false,
            "used_gradient_fallback": false,
            "accepted_step": true,
            "step_norm": 1.2631936277388587,
            "step_rel": 0.0028770310411587743,
            "pred_reduction": NaN,
            "actual_reduction": NaN,
            "trust_rejects": 0,
            "t_grad": 0.00405652797780931,
            "t_hess": 0.07571258395910263,
            "t_ls": 0.06990627595223486,
            "t_update": 3.6834971979260445e-05,
            "t_iter": 0.1498009249335155,
            "trust_radius": 1.0,
            "trust_ratio": NaN,
            "trust_qp": NaN
          },
          {
            "it": 6,
            "energy": 0.3456336282715499,
            "dE": 1.0751816659215763e-09,
            "grad_norm": 3.364098471245568e-07,
            "grad_target": 1e-05,
            "grad_norm_post": 1.2936613364475252e-09,
            "alpha": 0.9999834732596391,
            "ksp_its": 2,
            "ls_evals": 19,
            "ls_repaired": false,
            "used_gradient_fallback": false,
            "accepted_step": true,
            "step_norm": 0.009143503260235336,
            "step_rel": 2.086024868334189e-05,
            "pred_reduction": NaN,
            "actual_reduction": NaN,
            "trust_rejects": 0,
            "t_grad": 0.004043807974085212,
            "t_hess": 0.07606199907604605,
            "t_ls": 0.06930048495996743,
            "t_update": 3.8017984479665756e-05,
            "t_iter": 0.1495400529820472,
            "trust_radius": 1.0,
            "trust_ratio": NaN,
            "trust_qp": NaN
          }
        ],
        "linear_timing": [
          {
            "assemble_total_time": 0.022464619018137455,
            "assemble_p2p_exchange": 0.0008211740059778094,
            "assemble_hvp_compute": 0.0058616409078240395,
            "assemble_extraction": 0.01242824294604361,
            "assemble_coo_assembly": 0.003250475972890854,
            "assemble_n_hvps": 0,
            "setop_time": 3.3850083127617836e-06,
            "set_tolerances_time": 3.7460122257471085e-06,
            "pc_setup_time": 0.04632671002764255,
            "solve_time": 0.03287047194316983,
            "linear_total_time": 0.10166893200948834,
            "ksp_its": 5,
            "ksp_reason_code": 2,
            "ksp_reason_name": "CONVERGED_RTOL",
            "ksp_residual_norm": 1049.510779214881,
            "rhs_norm": 0.0018523798253574071
          },
          {
            "assemble_total_time": 0.02246973803266883,
            "assemble_p2p_exchange": 0.0010076530743390322,
            "assemble_hvp_compute": 0.0060011319583281875,
            "assemble_extraction": 0.013906263979151845,
            "assemble_coo_assembly": 0.0014663739129900932,
            "assemble_n_hvps": 0,
            "setop_time": 2.9850052669644356e-06,
            "set_tolerances_time": 3.4150434657931328e-06,
            "pc_setup_time": 0.03953238599933684,
            "solve_time": 0.04498844803310931,
            "linear_total_time": 0.10699697211384773,
            "ksp_its": 7,
            "ksp_reason_code": 2,
            "ksp_reason_name": "CONVERGED_RTOL",
            "ksp_residual_norm": 0.04177887627395536,
            "rhs_norm": 0.0019883950599392975
          },
          {
            "assemble_total_time": 0.022145590046420693,
            "assemble_p2p_exchange": 0.0009902379242703319,
            "assemble_hvp_compute": 0.0064034160459414124,
            "assemble_extraction": 0.012557396083138883,
            "assemble_coo_assembly": 0.0021235820604488254,
            "assemble_n_hvps": 0,
            "setop_time": 2.934015356004238e-06,
            "set_tolerances_time": 3.125052899122238e-06,
            "pc_setup_time": 0.0390332160750404,
            "solve_time": 0.016067773918621242,
            "linear_total_time": 0.07725263910833746,
            "ksp_its": 2,
            "ksp_reason_code": 2,
            "ksp_reason_name": "CONVERGED_RTOL",
            "ksp_residual_norm": 0.10340869902491917,
            "rhs_norm": 0.001877070380917259
          },
          {
            "assemble_total_time": 0.021209532977081835,
            "assemble_p2p_exchange": 0.0010691980132833123,
            "assemble_hvp_compute": 0.005993550061248243,
            "assemble_extraction": 0.01249406102579087,
            "assemble_coo_assembly": 0.0015791940968483686,
            "assemble_n_hvps": 0,
            "setop_time": 2.683955244719982e-06,
            "set_tolerances_time": 2.7940841391682625e-06,
            "pc_setup_time": 0.0382360479561612,
            "solve_time": 0.015778048895299435,
            "linear_total_time": 0.07522910786792636,
            "ksp_its": 2,
            "ksp_reason_code": 2,
            "ksp_reason_name": "CONVERGED_RTOL",
            "ksp_residual_norm": 0.003353541822640823,
            "rhs_norm": 0.0005640691643238774
          },
          {
            "assemble_total_time": 0.021296482998877764,
            "assemble_p2p_exchange": 0.0009761670371517539,
            "assemble_hvp_compute": 0.006282113958150148,
            "assemble_extraction": 0.012576415087096393,
            "assemble_coo_assembly": 0.0013908909168094397,
            "assemble_n_hvps": 0,
            "setop_time": 2.162996679544449e-06,
            "set_tolerances_time": 3.2150419428944588e-06,
            "pc_setup_time": 0.03840979898814112,
            "solve_time": 0.015892789931967854,
            "linear_total_time": 0.07560444995760918,
            "ksp_its": 2,
            "ksp_reason_code": 2,
            "ksp_reason_name": "CONVERGED_RTOL",
            "ksp_residual_norm": 0.0004208934737372402,
            "rhs_norm": 3.7113233426083315e-05
          },
          {
            "assemble_total_time": 0.021352968062274158,
            "assemble_p2p_exchange": 0.0009687159908935428,
            "assemble_hvp_compute": 0.006258128094486892,
            "assemble_extraction": 0.01271962106693536,
            "assemble_coo_assembly": 0.0013339250581339002,
            "assemble_n_hvps": 0,
            "setop_time": 2.8439098969101906e-06,
            "set_tolerances_time": 2.8649810701608658e-06,
            "pc_setup_time": 0.038740154937841,
            "solve_time": 0.015867693000473082,
            "linear_total_time": 0.07596652489155531,
            "ksp_its": 2,
            "ksp_reason_code": 2,
            "ksp_reason_name": "CONVERGED_RTOL",
            "ksp_residual_norm": 3.8729071047303696e-06,
            "rhs_norm": 3.364098471245568e-07
          }
        ]
      }
    ],
    "metadata": {
      "profile": "reference",
      "nprocs": 8,
      "nproc_threads": 1,
      "problem": {
        "name": "GinzburgLandau2D"
      },
      "linear_solver": {
        "ksp_type": "gmres",
        "pc_type": "hypre",
        "ksp_rtol": 0.001,
        "ksp_max_it": 200,
        "pc_setup_on_ksp_cap": false,
        "gamg_threshold": 0.05,
        "gamg_agg_nsmooths": 1,
        "gamg_set_coordinates": true,
        "reorder": true,
        "hvp_eval_mode": "element_overlap",
        "assembly_mode": "element",
        "element_reorder_mode": "block_xyz",
        "local_hessian_mode": "element",
        "distribution_strategy": "overlap_allgather",
        "assembler": "GLReorderedElementAssembler",
        "trust_subproblem_solver": "direct_linear_solve",
        "trust_subproblem_line_search": false
      },
      "newton": {
        "tolf": 1e-06,
        "tolg": 1e-05,
        "tolg_rel": 0.001,
        "tolx_rel": 0.001,
        "tolx_abs": 1e-10,
        "maxit": 100,
        "require_all_convergence": true,
        "fail_on_nonfinite": true,
        "linesearch_interval": [
          -0.5,
          2.0
        ],
        "linesearch_tol": 0.001,
        "trust_region": false,
        "trust_radius_init": 1.0,
        "trust_radius_min": 1e-08,
        "trust_radius_max": 1000000.0,
        "trust_subproblem_line_search": false,
        "step_time_limit_s": null
      }
    }
  }
}
