An NVIDIA GPU may be present on this machine, but a CUDA-enabled jaxlib is not installed. Falling back to cpu.
An NVIDIA GPU may be present on this machine, but a CUDA-enabled jaxlib is not installed. Falling back to cpu.
An NVIDIA GPU may be present on this machine, but a CUDA-enabled jaxlib is not installed. Falling back to cpu.
An NVIDIA GPU may be present on this machine, but a CUDA-enabled jaxlib is not installed. Falling back to cpu.
An NVIDIA GPU may be present on this machine, but a CUDA-enabled jaxlib is not installed. Falling back to cpu.
An NVIDIA GPU may be present on this machine, but a CUDA-enabled jaxlib is not installed. Falling back to cpu.
An NVIDIA GPU may be present on this machine, but a CUDA-enabled jaxlib is not installed. Falling back to cpu.
An NVIDIA GPU may be present on this machine, but a CUDA-enabled jaxlib is not installed. Falling back to cpu.
{
  "case": {
    "problem": "gl",
    "backend": "element",
    "level": 7,
    "out": "/home/michal/repos/fenics_nonlinear_energies/artifacts/reproduction/2026-03-15_refactor_stage2b_final/full/gl_final_suite/jax_petsc_local_sfd_l7_np8.json",
    "quiet": true,
    "save_history": true,
    "save_linear_timing": true,
    "steps": 1,
    "start_step": 1,
    "total_steps": 24,
    "ksp_type": "gmres",
    "pc_type": "hypre",
    "ksp_rtol": 0.001,
    "ksp_max_it": 200,
    "profile": "reference",
    "coloring_trials": 10,
    "nproc_threads": 1,
    "hvp_eval_mode": "sequential",
    "element_reorder_mode": "block_xyz",
    "local_hessian_mode": "sfd_local",
    "tolf": 1e-06,
    "tolg": 1e-05,
    "tolg_rel": 0.001,
    "tolx_rel": 0.001,
    "tolx_abs": 1e-10,
    "maxit": 100,
    "step_time_limit_s": null,
    "linesearch_a": -0.5,
    "linesearch_b": 2.0,
    "linesearch_tol": 0.001,
    "use_trust_region": false,
    "trust_radius_init": 1.0,
    "trust_radius_min": 1e-08,
    "trust_radius_max": 1000000.0,
    "trust_shrink": 0.5,
    "trust_expand": 1.5,
    "trust_eta_shrink": 0.05,
    "trust_eta_expand": 0.75,
    "trust_max_reject": 6,
    "trust_subproblem_line_search": false,
    "local_coloring": true,
    "retry_on_failure": false,
    "pc_setup_on_ksp_cap": false,
    "use_near_nullspace": true,
    "reorder": null,
    "gamg_threshold": 0.05,
    "gamg_agg_nsmooths": 1,
    "gamg_set_coordinates": true
  },
  "result": {
    "mesh_level": 7,
    "total_dofs": 66049,
    "free_dofs": 65025,
    "setup_time": 1.046094,
    "solve_time_total": 0.53627,
    "total_time": 1.632705,
    "steps": [
      {
        "step": 1,
        "time": 0.53627,
        "nit": 8,
        "linear_iters": 29,
        "energy": 0.3456622574796962,
        "message": "Converged (energy, step, gradient)",
        "attempt": "primary",
        "ksp_rtol_used": 0.001,
        "ksp_max_it_used": 200,
        "linesearch_interval_used": [
          -0.5,
          2.0
        ],
        "history": [
          {
            "it": 1,
            "energy": 0.47918119953984,
            "dE": 0.18612848290753742,
            "grad_norm": 0.0037046037706002784,
            "grad_target": 1e-05,
            "grad_norm_post": NaN,
            "alpha": -0.45306565779527574,
            "ksp_its": 6,
            "ls_evals": 19,
            "ls_repaired": false,
            "used_gradient_fallback": false,
            "accepted_step": true,
            "step_norm": 80.38803096585842,
            "step_rel": 0.6280314919207689,
            "pred_reduction": NaN,
            "actual_reduction": NaN,
            "trust_rejects": 0,
            "t_grad": 0.0009593419963493943,
            "t_hess": 0.1923699020408094,
            "t_ls": 0.017305169953033328,
            "t_update": 7.451977580785751e-06,
            "t_iter": 0.210704528959468,
            "trust_radius": 1.0,
            "trust_ratio": NaN,
            "trust_qp": NaN
          },
          {
            "it": 2,
            "energy": 0.4565049168656116,
            "dE": 0.022676282674228387,
            "grad_norm": 0.004176207694788399,
            "grad_target": 1e-05,
            "grad_norm_post": NaN,
            "alpha": -0.15593150449119608,
            "ksp_its": 6,
            "ls_evals": 19,
            "ls_repaired": false,
            "used_gradient_fallback": false,
            "accepted_step": true,
            "step_norm": 33.218248738760366,
            "step_rel": 0.1796402272227237,
            "pred_reduction": NaN,
            "actual_reduction": NaN,
            "trust_rejects": 0,
            "t_grad": 0.0007893570000305772,
            "t_hess": 0.033003343967720866,
            "t_ls": 0.016833940986543894,
            "t_update": 8.67305789142847e-06,
            "t_iter": 0.050697137019596994,
            "trust_radius": 1.0,
            "trust_ratio": NaN,
            "trust_qp": NaN
          },
          {
            "it": 3,
            "energy": 0.4384052631797565,
            "dE": 0.018099653685855144,
            "grad_norm": 0.0047141027140430135,
            "grad_target": 1e-05,
            "grad_norm_post": NaN,
            "alpha": -0.03510498278896457,
            "ksp_its": 4,
            "ls_evals": 19,
            "ls_repaired": false,
            "used_gradient_fallback": false,
            "accepted_step": true,
            "step_norm": 25.919515839633153,
            "step_rel": 0.1362732637573088,
            "pred_reduction": NaN,
            "actual_reduction": NaN,
            "trust_rejects": 0,
            "t_grad": 0.0007768080104142427,
            "t_hess": 0.02963870600797236,
            "t_ls": 0.016680239932611585,
            "t_update": 7.430906407535076e-06,
            "t_iter": 0.047159370966255665,
            "trust_radius": 1.0,
            "trust_ratio": NaN,
            "trust_qp": NaN
          },
          {
            "it": 4,
            "energy": 0.4222101514159663,
            "dE": 0.016195111763790182,
            "grad_norm": 0.004789474408069252,
            "grad_target": 1e-05,
            "grad_norm_post": NaN,
            "alpha": -0.010412664765275914,
            "ksp_its": 4,
            "ls_evals": 19,
            "ls_repaired": false,
            "used_gradient_fallback": false,
            "accepted_step": true,
            "step_norm": 24.49568955475599,
            "step_rel": 0.1253479999064594,
            "pred_reduction": NaN,
            "actual_reduction": NaN,
            "trust_rejects": 0,
            "t_grad": 0.0007730720099061728,
            "t_hess": 0.029425607062876225,
            "t_ls": 0.01661511301063001,
            "t_update": 8.172006346285343e-06,
            "t_iter": 0.046876325039193034,
            "trust_radius": 1.0,
            "trust_ratio": NaN,
            "trust_qp": NaN
          },
          {
            "it": 5,
            "energy": 0.36306330258287145,
            "dE": 0.059146848833094845,
            "grad_norm": 0.004762292320360839,
            "grad_target": 1e-05,
            "grad_norm_post": NaN,
            "alpha": 0.4461008521548303,
            "ksp_its": 3,
            "ls_evals": 19,
            "ls_repaired": false,
            "used_gradient_fallback": false,
            "accepted_step": true,
            "step_norm": 35.41815641746548,
            "step_rel": 0.1769218589848455,
            "pred_reduction": NaN,
            "actual_reduction": NaN,
            "trust_rejects": 0,
            "t_grad": 0.0007722110021859407,
            "t_hess": 0.028303119936026633,
            "t_ls": 0.01670663000550121,
            "t_update": 7.0300884544849396e-06,
            "t_iter": 0.04585472901817411,
            "trust_radius": 1.0,
            "trust_ratio": NaN,
            "trust_qp": NaN
          },
          {
            "it": 6,
            "energy": 0.3459396009416041,
            "dE": 0.017123701641267364,
            "grad_norm": 0.0026509971250702506,
            "grad_target": 1e-05,
            "grad_norm_post": NaN,
            "alpha": 1.041769326673055,
            "ksp_its": 2,
            "ls_evals": 19,
            "ls_repaired": false,
            "used_gradient_fallback": false,
            "accepted_step": true,
            "step_norm": 15.909704071493591,
            "step_rel": 0.07291290006655482,
            "pred_reduction": NaN,
            "actual_reduction": NaN,
            "trust_rejects": 0,
            "t_grad": 0.0007790910312905908,
            "t_hess": 0.026359498035162687,
            "t_ls": 0.016678568092174828,
            "t_update": 7.3909759521484375e-06,
            "t_iter": 0.04387999209575355,
            "trust_radius": 1.0,
            "trust_ratio": NaN,
            "trust_qp": NaN
          },
          {
            "it": 7,
            "energy": 0.34566229021974154,
            "dE": 0.0002773107218625448,
            "grad_norm": 0.000273994225309063,
            "grad_target": 1e-05,
            "grad_norm_post": NaN,
            "alpha": 1.0232756233732176,
            "ksp_its": 2,
            "ls_evals": 19,
            "ls_repaired": false,
            "used_gradient_fallback": false,
            "accepted_step": true,
            "step_norm": 2.2096045758622833,
            "step_rel": 0.010002299177450845,
            "pred_reduction": NaN,
            "actual_reduction": NaN,
            "trust_rejects": 0,
            "t_grad": 0.0007679440313950181,
            "t_hess": 0.026923205936327577,
            "t_ls": 0.01707006699871272,
            "t_update": 7.421011105179787e-06,
            "t_iter": 0.044823859934695065,
            "trust_radius": 1.0,
            "trust_ratio": NaN,
            "trust_qp": NaN
          },
          {
            "it": 8,
            "energy": 0.3456622574796962,
            "dE": 3.274004534148389e-08,
            "grad_norm": 3.2689909822176575e-06,
            "grad_target": 1e-05,
            "grad_norm_post": 6.936745565062166e-09,
            "alpha": 1.000416148939007,
            "ksp_its": 2,
            "ls_evals": 19,
            "ls_repaired": false,
            "used_gradient_fallback": false,
            "accepted_step": true,
            "step_norm": 0.023819777801043846,
            "step_rel": 0.00010868766329127806,
            "pred_reduction": NaN,
            "actual_reduction": NaN,
            "trust_rejects": 0,
            "t_grad": 0.0010523119708523154,
            "t_hess": 0.026380710070952773,
            "t_ls": 0.016433469019830227,
            "t_update": 7.180962711572647e-06,
            "t_iter": 0.0439287549816072,
            "trust_radius": 1.0,
            "trust_ratio": NaN,
            "trust_qp": NaN
          }
        ],
        "linear_timing": [
          {
            "assemble_total_time": 0.16388019092846662,
            "assemble_p2p_exchange": 0.00026981509290635586,
            "assemble_hvp_compute": 0.15989535197149962,
            "assemble_extraction": 0.00018983602058142424,
            "assemble_coo_assembly": 0.0034866100177168846,
            "assemble_n_hvps": 8,
            "setop_time": 3.6651035770773888e-06,
            "set_tolerances_time": 2.1940795704722404e-06,
            "pc_setup_time": 0.01782089495100081,
            "solve_time": 0.010586571996100247,
            "linear_total_time": 0.19229351705871522,
            "ksp_its": 6,
            "ksp_reason_code": 2,
            "ksp_reason_name": "CONVERGED_RTOL",
            "ksp_residual_norm": 220.03077883632056,
            "rhs_norm": 0.0037046037706002784
          },
          {
            "assemble_total_time": 0.00712394795846194,
            "assemble_p2p_exchange": 0.00024569802917540073,
            "assemble_hvp_compute": 0.006010963930748403,
            "assemble_extraction": 0.00033223896753042936,
            "assemble_coo_assembly": 0.0004968069260939956,
            "assemble_n_hvps": 8,
            "setop_time": 3.3150427043437958e-06,
            "set_tolerances_time": 3.4049153327941895e-06,
            "pc_setup_time": 0.01578930194955319,
            "solve_time": 0.010015183012001216,
            "linear_total_time": 0.032935152878053486,
            "ksp_its": 6,
            "ksp_reason_code": 2,
            "ksp_reason_name": "CONVERGED_RTOL",
            "ksp_residual_norm": 2.1081643055878154,
            "rhs_norm": 0.004176207694788399
          },
          {
            "assemble_total_time": 0.006845348980277777,
            "assemble_p2p_exchange": 0.00019912899006158113,
            "assemble_hvp_compute": 0.005831934977322817,
            "assemble_extraction": 0.00023769703693687916,
            "assemble_coo_assembly": 0.0005407519638538361,
            "assemble_n_hvps": 8,
            "setop_time": 2.4330802261829376e-06,
            "set_tolerances_time": 2.0229490473866463e-06,
            "pc_setup_time": 0.015517432941123843,
            "solve_time": 0.007207392947748303,
            "linear_total_time": 0.029574630898423493,
            "ksp_its": 4,
            "ksp_reason_code": 2,
            "ksp_reason_name": "CONVERGED_RTOL",
            "ksp_residual_norm": 0.6275104250559048,
            "rhs_norm": 0.0047141027140430135
          },
          {
            "assemble_total_time": 0.0066961339907720685,
            "assemble_p2p_exchange": 0.0002139511052519083,
            "assemble_hvp_compute": 0.006090373964980245,
            "assemble_extraction": 0.00020958506502211094,
            "assemble_coo_assembly": 0.0001487939152866602,
            "assemble_n_hvps": 8,
            "setop_time": 2.5739427655935287e-06,
            "set_tolerances_time": 2.2230669856071472e-06,
            "pc_setup_time": 0.01549535896629095,
            "solve_time": 0.007166772033087909,
            "linear_total_time": 0.02936306199990213,
            "ksp_its": 4,
            "ksp_reason_code": 2,
            "ksp_reason_name": "CONVERGED_RTOL",
            "ksp_residual_norm": 0.061352601389175775,
            "rhs_norm": 0.004789474408069252
          },
          {
            "assemble_total_time": 0.006917407037690282,
            "assemble_p2p_exchange": 0.00020352599676698446,
            "assemble_hvp_compute": 0.0059572739992290735,
            "assemble_extraction": 0.00023302098270505667,
            "assemble_coo_assembly": 0.0004861210472881794,
            "assemble_n_hvps": 8,
            "setop_time": 2.6440247893333435e-06,
            "set_tolerances_time": 2.0730076357722282e-06,
            "pc_setup_time": 0.015542680979706347,
            "solve_time": 0.0057754600420594215,
            "linear_total_time": 0.028240265091881156,
            "ksp_its": 3,
            "ksp_reason_code": 2,
            "ksp_reason_name": "CONVERGED_RTOL",
            "ksp_residual_norm": 0.0025895997586781313,
            "rhs_norm": 0.004762292320360839
          },
          {
            "assemble_total_time": 0.006736253970302641,
            "assemble_p2p_exchange": 0.00020999601110816002,
            "assemble_hvp_compute": 0.006026357994414866,
            "assemble_extraction": 0.0002385490806773305,
            "assemble_coo_assembly": 0.0002310869749635458,
            "assemble_n_hvps": 8,
            "setop_time": 1.842970959842205e-06,
            "set_tolerances_time": 1.7730053514242172e-06,
            "pc_setup_time": 0.015301187988370657,
            "solve_time": 0.004257167922332883,
            "linear_total_time": 0.026298225857317448,
            "ksp_its": 2,
            "ksp_reason_code": 2,
            "ksp_reason_name": "CONVERGED_RTOL",
            "ksp_residual_norm": 0.0028337839040985767,
            "rhs_norm": 0.0026509971250702506
          },
          {
            "assemble_total_time": 0.007314022979699075,
            "assemble_p2p_exchange": 0.00020358595065772533,
            "assemble_hvp_compute": 0.005511875031515956,
            "assemble_extraction": 0.00022536900360137224,
            "assemble_coo_assembly": 0.0013336549745872617,
            "assemble_n_hvps": 8,
            "setop_time": 1.9830185920000076e-06,
            "set_tolerances_time": 1.643085852265358e-06,
            "pc_setup_time": 0.015221428009681404,
            "solve_time": 0.004323817905969918,
            "linear_total_time": 0.026862894999794662,
            "ksp_its": 2,
            "ksp_reason_code": 2,
            "ksp_reason_name": "CONVERGED_RTOL",
            "ksp_residual_norm": 0.00038690471167923863,
            "rhs_norm": 0.000273994225309063
          },
          {
            "assemble_total_time": 0.006730034947395325,
            "assemble_p2p_exchange": 0.00020703987684100866,
            "assemble_hvp_compute": 0.005837272969074547,
            "assemble_extraction": 0.0002169359941035509,
            "assemble_coo_assembly": 0.00043189898133277893,
            "assemble_n_hvps": 8,
            "setop_time": 2.9350630939006805e-06,
            "set_tolerances_time": 2.2730091586709023e-06,
            "pc_setup_time": 0.015310792019590735,
            "solve_time": 0.004274153965525329,
            "linear_total_time": 0.02632018900476396,
            "ksp_its": 2,
            "ksp_reason_code": 2,
            "ksp_reason_name": "CONVERGED_RTOL",
            "ksp_residual_norm": 7.172934442851645e-06,
            "rhs_norm": 3.2689909822176575e-06
          }
        ]
      }
    ],
    "metadata": {
      "profile": "reference",
      "nprocs": 8,
      "nproc_threads": 1,
      "problem": {
        "name": "GinzburgLandau2D"
      },
      "linear_solver": {
        "ksp_type": "gmres",
        "pc_type": "hypre",
        "ksp_rtol": 0.001,
        "ksp_max_it": 200,
        "pc_setup_on_ksp_cap": false,
        "gamg_threshold": 0.05,
        "gamg_agg_nsmooths": 1,
        "gamg_set_coordinates": true,
        "reorder": true,
        "hvp_eval_mode": "sfd_local_batched",
        "assembly_mode": "element",
        "element_reorder_mode": "block_xyz",
        "local_hessian_mode": "sfd_local",
        "distribution_strategy": "overlap_allgather",
        "assembler": "GLReorderedElementAssembler",
        "trust_subproblem_solver": "direct_linear_solve",
        "trust_subproblem_line_search": false
      },
      "newton": {
        "tolf": 1e-06,
        "tolg": 1e-05,
        "tolg_rel": 0.001,
        "tolx_rel": 0.001,
        "tolx_abs": 1e-10,
        "maxit": 100,
        "require_all_convergence": true,
        "fail_on_nonfinite": true,
        "linesearch_interval": [
          -0.5,
          2.0
        ],
        "linesearch_tol": 0.001,
        "trust_region": false,
        "trust_radius_init": 1.0,
        "trust_radius_min": 1e-08,
        "trust_radius_max": 1000000.0,
        "trust_subproblem_line_search": false,
        "step_time_limit_s": null
      }
    }
  }
}
