An NVIDIA GPU may be present on this machine, but a CUDA-enabled jaxlib is not installed. Falling back to cpu.
An NVIDIA GPU may be present on this machine, but a CUDA-enabled jaxlib is not installed. Falling back to cpu.
An NVIDIA GPU may be present on this machine, but a CUDA-enabled jaxlib is not installed. Falling back to cpu.
An NVIDIA GPU may be present on this machine, but a CUDA-enabled jaxlib is not installed. Falling back to cpu.
{
  "case": {
    "problem": "gl",
    "backend": "element",
    "level": 8,
    "out": "/home/michal/repos/fenics_nonlinear_energies/artifacts/reproduction/2026-03-15_refactor_stage2b_final/full/gl_final_suite/jax_petsc_local_sfd_l8_np4.json",
    "quiet": true,
    "save_history": true,
    "save_linear_timing": true,
    "steps": 1,
    "start_step": 1,
    "total_steps": 24,
    "ksp_type": "gmres",
    "pc_type": "hypre",
    "ksp_rtol": 0.001,
    "ksp_max_it": 200,
    "profile": "reference",
    "coloring_trials": 10,
    "nproc_threads": 1,
    "hvp_eval_mode": "sequential",
    "element_reorder_mode": "block_xyz",
    "local_hessian_mode": "sfd_local",
    "tolf": 1e-06,
    "tolg": 1e-05,
    "tolg_rel": 0.001,
    "tolx_rel": 0.001,
    "tolx_abs": 1e-10,
    "maxit": 100,
    "step_time_limit_s": null,
    "linesearch_a": -0.5,
    "linesearch_b": 2.0,
    "linesearch_tol": 0.001,
    "use_trust_region": false,
    "trust_radius_init": 1.0,
    "trust_radius_min": 1e-08,
    "trust_radius_max": 1000000.0,
    "trust_shrink": 0.5,
    "trust_expand": 1.5,
    "trust_eta_shrink": 0.05,
    "trust_eta_expand": 0.75,
    "trust_max_reject": 6,
    "trust_subproblem_line_search": false,
    "local_coloring": true,
    "retry_on_failure": false,
    "pc_setup_on_ksp_cap": false,
    "use_near_nullspace": true,
    "reorder": null,
    "gamg_threshold": 0.05,
    "gamg_agg_nsmooths": 1,
    "gamg_set_coordinates": true
  },
  "result": {
    "mesh_level": 8,
    "total_dofs": 263169,
    "free_dofs": 261121,
    "setup_time": 2.158155,
    "solve_time_total": 1.844367,
    "total_time": 4.153926,
    "steps": [
      {
        "step": 1,
        "time": 1.844367,
        "nit": 7,
        "linear_iters": 24,
        "energy": 0.3456336282715494,
        "message": "Converged (energy, step, gradient)",
        "attempt": "primary",
        "ksp_rtol_used": 0.001,
        "ksp_max_it_used": 200,
        "linesearch_interval_used": [
          -0.5,
          2.0
        ],
        "history": [
          {
            "it": 1,
            "energy": 0.5015164623346353,
            "dE": 0.1637852165329623,
            "grad_norm": 0.0018523798253574071,
            "grad_target": 1e-05,
            "grad_norm_post": NaN,
            "alpha": -0.3277080975548555,
            "ksp_its": 6,
            "ls_evals": 19,
            "ls_repaired": false,
            "used_gradient_fallback": false,
            "accepted_step": true,
            "step_norm": 153.2742542309945,
            "step_rel": 0.5987275555898223,
            "pred_reduction": NaN,
            "actual_reduction": NaN,
            "trust_rejects": 0,
            "t_grad": 0.004252232029102743,
            "t_hess": 0.3894659180659801,
            "t_ls": 0.07112871203571558,
            "t_update": 4.242395516484976e-05,
            "t_iter": 0.46497945091687143,
            "trust_radius": 1.0,
            "trust_ratio": NaN,
            "trust_qp": NaN
          },
          {
            "it": 2,
            "energy": 0.5003570157831574,
            "dE": 0.0011594465514779273,
            "grad_norm": 0.00184653185953025,
            "grad_target": 1e-05,
            "grad_norm_post": NaN,
            "alpha": -0.2648956132968753,
            "ksp_its": 5,
            "ls_evals": 19,
            "ls_repaired": false,
            "used_gradient_fallback": false,
            "accepted_step": true,
            "step_norm": 49.17298595237794,
            "step_rel": 0.1361599288346078,
            "pred_reduction": NaN,
            "actual_reduction": NaN,
            "trust_rejects": 0,
            "t_grad": 0.004365000990219414,
            "t_hess": 0.16489535197615623,
            "t_ls": 0.07017256401013583,
            "t_update": 4.2152940295636654e-05,
            "t_iter": 0.23955994902644306,
            "trust_radius": 1.0,
            "trust_ratio": NaN,
            "trust_qp": NaN
          },
          {
            "it": 3,
            "energy": 0.46649635566628667,
            "dE": 0.03386066011687072,
            "grad_norm": 0.002323702122316639,
            "grad_target": 1e-05,
            "grad_norm_post": NaN,
            "alpha": -0.16002986734988134,
            "ksp_its": 5,
            "ls_evals": 19,
            "ls_repaired": false,
            "used_gradient_fallback": false,
            "accepted_step": true,
            "step_norm": 79.05615648957642,
            "step_rel": 0.22181287449822645,
            "pred_reduction": NaN,
            "actual_reduction": NaN,
            "trust_rejects": 0,
            "t_grad": 0.0044839499751105905,
            "t_hess": 0.1663534240797162,
            "t_ls": 0.07090455410070717,
            "t_update": 4.225305747240782e-05,
            "t_iter": 0.24188867898192257,
            "trust_radius": 1.0,
            "trust_ratio": NaN,
            "trust_qp": NaN
          },
          {
            "it": 4,
            "energy": 0.35844985594565,
            "dE": 0.10804649972063668,
            "grad_norm": 0.002635482494422775,
            "grad_target": 1e-05,
            "grad_norm_post": NaN,
            "alpha": 0.43747145075795635,
            "ksp_its": 2,
            "ls_evals": 19,
            "ls_repaired": false,
            "used_gradient_fallback": false,
            "accepted_step": true,
            "step_norm": 95.37781247653105,
            "step_rel": 0.2534604876571529,
            "pred_reduction": NaN,
            "actual_reduction": NaN,
            "trust_rejects": 0,
            "t_grad": 0.0043012360110878944,
            "t_hess": 0.1420141370035708,
            "t_ls": 0.07092360302340239,
            "t_update": 4.281406290829182e-05,
            "t_iter": 0.2173654360231012,
            "trust_radius": 1.0,
            "trust_ratio": NaN,
            "trust_qp": NaN
          },
          {
            "it": 5,
            "energy": 0.3457449453832797,
            "dE": 0.012704910562370275,
            "grad_norm": 0.0012405345982030192,
            "grad_target": 1e-05,
            "grad_norm_post": NaN,
            "alpha": 1.032439841321332,
            "ksp_its": 2,
            "ls_evals": 19,
            "ls_repaired": false,
            "used_gradient_fallback": false,
            "accepted_step": true,
            "step_norm": 25.924140946905695,
            "step_rel": 0.05891382181629682,
            "pred_reduction": NaN,
            "actual_reduction": NaN,
            "trust_rejects": 0,
            "t_grad": 0.0043404450407251716,
            "t_hess": 0.1439017850207165,
            "t_ls": 0.07167445193044841,
            "t_update": 4.310405347496271e-05,
            "t_iter": 0.22004227002616972,
            "trust_radius": 1.0,
            "trust_ratio": NaN,
            "trust_qp": NaN
          },
          {
            "it": 6,
            "energy": 0.3456336300692024,
            "dE": 0.00011131531407732043,
            "grad_norm": 8.989009056299917e-05,
            "grad_target": 1e-05,
            "grad_norm_post": NaN,
            "alpha": 1.0125459701112398,
            "ksp_its": 2,
            "ls_evals": 19,
            "ls_repaired": false,
            "used_gradient_fallback": false,
            "accepted_step": true,
            "step_norm": 2.76501155217031,
            "step_rel": 0.0062760959036498075,
            "pred_reduction": NaN,
            "actual_reduction": NaN,
            "trust_rejects": 0,
            "t_grad": 0.004723360994830728,
            "t_hess": 0.14879757398739457,
            "t_ls": 0.07211746799293905,
            "t_update": 4.5979046262800694e-05,
            "t_iter": 0.22579342499375343,
            "trust_radius": 1.0,
            "trust_ratio": NaN,
            "trust_qp": NaN
          },
          {
            "it": 7,
            "energy": 0.3456336282715494,
            "dE": 1.7976529709251565e-09,
            "grad_norm": 4.853557605442413e-07,
            "grad_target": 1e-05,
            "grad_norm_post": 8.697336462127742e-10,
            "alpha": 0.9999834732596391,
            "ksp_its": 2,
            "ls_evals": 19,
            "ls_repaired": false,
            "used_gradient_fallback": false,
            "accepted_step": true,
            "step_norm": 0.010704421441592026,
            "step_rel": 2.4421317720448213e-05,
            "pred_reduction": NaN,
            "actual_reduction": NaN,
            "trust_rejects": 0,
            "t_grad": 0.004447065060958266,
            "t_hess": 0.14861119398847222,
            "t_ls": 0.07333717099390924,
            "t_update": 4.4956919737160206e-05,
            "t_iter": 0.22651954705361277,
            "trust_radius": 1.0,
            "trust_ratio": NaN,
            "trust_qp": NaN
          }
        ],
        "linear_timing": [
          {
            "assemble_total_time": 0.2711191480048001,
            "assemble_p2p_exchange": 0.0007509490242227912,
            "assemble_hvp_compute": 0.25252074107993394,
            "assemble_extraction": 0.0022301930002868176,
            "assemble_coo_assembly": 0.015517826075665653,
            "assemble_n_hvps": 7,
            "setop_time": 3.5349512472748756e-06,
            "set_tolerances_time": 2.154032699763775e-06,
            "pc_setup_time": 0.06725289497990161,
            "solve_time": 0.05097961297724396,
            "linear_total_time": 0.3893573449458927,
            "ksp_its": 6,
            "ksp_reason_code": 2,
            "ksp_reason_name": "CONVERGED_RTOL",
            "ksp_residual_norm": 205.43289053801166,
            "rhs_norm": 0.0018523798253574071
          },
          {
            "assemble_total_time": 0.06546631909441203,
            "assemble_p2p_exchange": 0.0008184600155800581,
            "assemble_hvp_compute": 0.058602311997674406,
            "assemble_extraction": 0.002177453017793596,
            "assemble_coo_assembly": 0.00378353800624609,
            "assemble_n_hvps": 7,
            "setop_time": 3.4049153327941895e-06,
            "set_tolerances_time": 2.5739427655935287e-06,
            "pc_setup_time": 0.056700813001953065,
            "solve_time": 0.04261319595389068,
            "linear_total_time": 0.16478630690835416,
            "ksp_its": 5,
            "ksp_reason_code": 2,
            "ksp_reason_name": "CONVERGED_RTOL",
            "ksp_residual_norm": 6.255271902233181,
            "rhs_norm": 0.00184653185953025
          },
          {
            "assemble_total_time": 0.06746034708339721,
            "assemble_p2p_exchange": 0.0008390110451728106,
            "assemble_hvp_compute": 0.059201652999036014,
            "assemble_extraction": 0.0016796450363472104,
            "assemble_coo_assembly": 0.005657974979840219,
            "assemble_n_hvps": 7,
            "setop_time": 2.734013833105564e-06,
            "set_tolerances_time": 2.2640451788902283e-06,
            "pc_setup_time": 0.05593639402650297,
            "solve_time": 0.04285038297530264,
            "linear_total_time": 0.1662521221442148,
            "ksp_its": 5,
            "ksp_reason_code": 2,
            "ksp_reason_name": "CONVERGED_RTOL",
            "ksp_residual_norm": 8.523556551380441,
            "rhs_norm": 0.002323702122316639
          },
          {
            "assemble_total_time": 0.0652043359586969,
            "assemble_p2p_exchange": 0.0008746560197323561,
            "assemble_hvp_compute": 0.05897249805275351,
            "assemble_extraction": 0.0015016980469226837,
            "assemble_coo_assembly": 0.0037785000167787075,
            "assemble_n_hvps": 7,
            "setop_time": 2.803979441523552e-06,
            "set_tolerances_time": 2.0829029381275177e-06,
            "pc_setup_time": 0.05586422490887344,
            "solve_time": 0.020841679070144892,
            "linear_total_time": 0.14191512682009488,
            "ksp_its": 2,
            "ksp_reason_code": 2,
            "ksp_reason_name": "CONVERGED_RTOL",
            "ksp_residual_norm": 0.11584410995596782,
            "rhs_norm": 0.002635482494422775
          },
          {
            "assemble_total_time": 0.06702079600654542,
            "assemble_p2p_exchange": 0.0009226269321516156,
            "assemble_hvp_compute": 0.061105914996005595,
            "assemble_extraction": 0.0013838500017300248,
            "assemble_coo_assembly": 0.0035315289860591292,
            "assemble_n_hvps": 7,
            "setop_time": 2.65403650701046e-06,
            "set_tolerances_time": 2.293032594025135e-06,
            "pc_setup_time": 0.05554229102563113,
            "solve_time": 0.02123244700487703,
            "linear_total_time": 0.14380048110615462,
            "ksp_its": 2,
            "ksp_reason_code": 2,
            "ksp_reason_name": "CONVERGED_RTOL",
            "ksp_residual_norm": 0.005254221265778275,
            "rhs_norm": 0.0012405345982030192
          },
          {
            "assemble_total_time": 0.07032297004479915,
            "assemble_p2p_exchange": 0.0008613039972260594,
            "assemble_hvp_compute": 0.06388043495826423,
            "assemble_extraction": 0.0015096489805728197,
            "assemble_coo_assembly": 0.003996527986600995,
            "assemble_n_hvps": 7,
            "setop_time": 2.112938091158867e-06,
            "set_tolerances_time": 1.79302878677845e-06,
            "pc_setup_time": 0.05666357709560543,
            "solve_time": 0.021705808001570404,
            "linear_total_time": 0.14869626110885292,
            "ksp_its": 2,
            "ksp_reason_code": 2,
            "ksp_reason_name": "CONVERGED_RTOL",
            "ksp_residual_norm": 0.0005376410607227928,
            "rhs_norm": 8.989009056299917e-05
          },
          {
            "assemble_total_time": 0.07140683999750763,
            "assemble_p2p_exchange": 0.0008364978712052107,
            "assemble_hvp_compute": 0.06317540595773607,
            "assemble_extraction": 0.0017146279569715261,
            "assemble_coo_assembly": 0.005603633006103337,
            "assemble_n_hvps": 7,
            "setop_time": 2.3229513317346573e-06,
            "set_tolerances_time": 2.242974005639553e-06,
            "pc_setup_time": 0.05608505802229047,
            "solve_time": 0.021014499943703413,
            "linear_total_time": 0.1485109638888389,
            "ksp_its": 2,
            "ksp_reason_code": 2,
            "ksp_reason_name": "CONVERGED_RTOL",
            "ksp_residual_norm": 2.4897062831349125e-06,
            "rhs_norm": 4.853557605442413e-07
          }
        ]
      }
    ],
    "metadata": {
      "profile": "reference",
      "nprocs": 4,
      "nproc_threads": 1,
      "problem": {
        "name": "GinzburgLandau2D"
      },
      "linear_solver": {
        "ksp_type": "gmres",
        "pc_type": "hypre",
        "ksp_rtol": 0.001,
        "ksp_max_it": 200,
        "pc_setup_on_ksp_cap": false,
        "gamg_threshold": 0.05,
        "gamg_agg_nsmooths": 1,
        "gamg_set_coordinates": true,
        "reorder": true,
        "hvp_eval_mode": "sfd_local_batched",
        "assembly_mode": "element",
        "element_reorder_mode": "block_xyz",
        "local_hessian_mode": "sfd_local",
        "distribution_strategy": "overlap_allgather",
        "assembler": "GLReorderedElementAssembler",
        "trust_subproblem_solver": "direct_linear_solve",
        "trust_subproblem_line_search": false
      },
      "newton": {
        "tolf": 1e-06,
        "tolg": 1e-05,
        "tolg_rel": 0.001,
        "tolx_rel": 0.001,
        "tolx_abs": 1e-10,
        "maxit": 100,
        "require_all_convergence": true,
        "fail_on_nonfinite": true,
        "linesearch_interval": [
          -0.5,
          2.0
        ],
        "linesearch_tol": 0.001,
        "trust_region": false,
        "trust_radius_init": 1.0,
        "trust_radius_min": 1e-08,
        "trust_radius_max": 1000000.0,
        "trust_subproblem_line_search": false,
        "step_time_limit_s": null
      }
    }
  }
}
