An NVIDIA GPU may be present on this machine, but a CUDA-enabled jaxlib is not installed. Falling back to cpu.
{
  "case": {
    "problem": "gl",
    "backend": "element",
    "level": 9,
    "out": "/home/michal/repos/fenics_nonlinear_energies/artifacts/reproduction/2026-03-15_refactor_stage2b_final/full/gl_final_suite/jax_petsc_element_l9_np1.json",
    "quiet": true,
    "save_history": true,
    "save_linear_timing": true,
    "steps": 1,
    "start_step": 1,
    "total_steps": 24,
    "ksp_type": "gmres",
    "pc_type": "hypre",
    "ksp_rtol": 0.001,
    "ksp_max_it": 200,
    "profile": "reference",
    "coloring_trials": 10,
    "nproc_threads": 1,
    "hvp_eval_mode": "sequential",
    "element_reorder_mode": "block_xyz",
    "local_hessian_mode": "element",
    "tolf": 1e-06,
    "tolg": 1e-05,
    "tolg_rel": 0.001,
    "tolx_rel": 0.001,
    "tolx_abs": 1e-10,
    "maxit": 100,
    "step_time_limit_s": null,
    "linesearch_a": -0.5,
    "linesearch_b": 2.0,
    "linesearch_tol": 0.001,
    "use_trust_region": false,
    "trust_radius_init": 1.0,
    "trust_radius_min": 1e-08,
    "trust_radius_max": 1000000.0,
    "trust_shrink": 0.5,
    "trust_expand": 1.5,
    "trust_eta_shrink": 0.05,
    "trust_eta_expand": 0.75,
    "trust_max_reject": 6,
    "trust_subproblem_line_search": false,
    "local_coloring": true,
    "retry_on_failure": false,
    "pc_setup_on_ksp_cap": false,
    "use_near_nullspace": true,
    "reorder": null,
    "gamg_threshold": 0.05,
    "gamg_agg_nsmooths": 1,
    "gamg_set_coordinates": true
  },
  "result": {
    "mesh_level": 9,
    "total_dofs": 1050625,
    "free_dofs": 1046529,
    "setup_time": 13.367482,
    "solve_time_total": 15.610092,
    "total_time": 29.467378,
    "steps": [
      {
        "step": 1,
        "time": 15.610092,
        "nit": 9,
        "linear_iters": 33,
        "energy": 0.3456264684117146,
        "message": "Converged (energy, step, gradient)",
        "attempt": "primary",
        "ksp_rtol_used": 0.001,
        "ksp_max_it_used": 200,
        "linesearch_interval_used": [
          -0.5,
          2.0
        ],
        "history": [
          {
            "it": 1,
            "energy": 0.49593840283821145,
            "dE": 0.16936127513096244,
            "grad_norm": 0.0009261996570956124,
            "grad_target": 1e-05,
            "grad_norm_post": NaN,
            "alpha": -0.34410154898959655,
            "ksp_its": 7,
            "ls_evals": 19,
            "ls_repaired": false,
            "used_gradient_fallback": false,
            "accepted_step": true,
            "step_norm": 311.2760949901277,
            "step_rel": 0.6079611230275932,
            "pred_reduction": NaN,
            "actual_reduction": NaN,
            "trust_rejects": 0,
            "t_grad": 0.045934821013361216,
            "t_hess": 1.4616877989610657,
            "t_ls": 0.5479563809931278,
            "t_update": 0.0002954039955511689,
            "t_iter": 2.0560576890129596,
            "trust_radius": 1.0,
            "trust_ratio": NaN,
            "trust_qp": NaN
          },
          {
            "it": 2,
            "energy": 0.48863721001262084,
            "dE": 0.007301192825590608,
            "grad_norm": 0.0009062824172712296,
            "grad_target": 1e-05,
            "grad_norm_post": NaN,
            "alpha": -0.3968844639406154,
            "ksp_its": 5,
            "ls_evals": 19,
            "ls_repaired": false,
            "used_gradient_fallback": false,
            "accepted_step": true,
            "step_norm": 147.61210778776538,
            "step_rel": 0.20261657166275343,
            "pred_reduction": NaN,
            "actual_reduction": NaN,
            "trust_rejects": 0,
            "t_grad": 0.04228268901351839,
            "t_hess": 1.2375624650157988,
            "t_ls": 0.5485541310627013,
            "t_update": 0.00029790797270834446,
            "t_iter": 1.82888952200301,
            "trust_radius": 1.0,
            "trust_ratio": NaN,
            "trust_qp": NaN
          },
          {
            "it": 3,
            "energy": 0.47114084659504113,
            "dE": 0.017496363417579708,
            "grad_norm": 0.0012468337032691776,
            "grad_target": 1e-05,
            "grad_norm_post": NaN,
            "alpha": -0.014345760219998005,
            "ksp_its": 5,
            "ls_evals": 19,
            "ls_repaired": false,
            "used_gradient_fallback": false,
            "accepted_step": true,
            "step_norm": 100.53435487415113,
            "step_rel": 0.13891001859740518,
            "pred_reduction": NaN,
            "actual_reduction": NaN,
            "trust_rejects": 0,
            "t_grad": 0.04277775401715189,
            "t_hess": 1.2494552590651438,
            "t_ls": 0.5485685740131885,
            "t_update": 0.00030865403823554516,
            "t_iter": 1.8412789539434016,
            "trust_radius": 1.0,
            "trust_ratio": NaN,
            "trust_qp": NaN
          },
          {
            "it": 4,
            "energy": 0.4636298648884912,
            "dE": 0.007510981706549902,
            "grad_norm": 0.0012411642550008018,
            "grad_target": 1e-05,
            "grad_norm_post": NaN,
            "alpha": -0.02777360843060095,
            "ksp_its": 4,
            "ls_evals": 19,
            "ls_repaired": false,
            "used_gradient_fallback": false,
            "accepted_step": true,
            "step_norm": 81.39070984668747,
            "step_rel": 0.1091570897434047,
            "pred_reduction": NaN,
            "actual_reduction": NaN,
            "trust_rejects": 0,
            "t_grad": 0.0432503039482981,
            "t_hess": 1.1480748020112514,
            "t_ls": 0.5476824539946392,
            "t_update": 0.00029635592363774776,
            "t_iter": 1.739486540085636,
            "trust_radius": 1.0,
            "trust_ratio": NaN,
            "trust_qp": NaN
          },
          {
            "it": 5,
            "energy": 0.4228797932013961,
            "dE": 0.0407500716870951,
            "grad_norm": 0.0012503042867363905,
            "grad_target": 1e-05,
            "grad_norm_post": NaN,
            "alpha": -0.022975161616871964,
            "ksp_its": 4,
            "ls_evals": 19,
            "ls_repaired": false,
            "used_gradient_fallback": false,
            "accepted_step": true,
            "step_norm": 146.7324875482689,
            "step_rel": 0.19414968489073123,
            "pred_reduction": NaN,
            "actual_reduction": NaN,
            "trust_rejects": 0,
            "t_grad": 0.04226733697578311,
            "t_hess": 1.1483880260493606,
            "t_ls": 0.5472251280443743,
            "t_update": 0.00027392199262976646,
            "t_iter": 1.738357427995652,
            "trust_radius": 1.0,
            "trust_ratio": NaN,
            "trust_qp": NaN
          },
          {
            "it": 6,
            "energy": 0.349514006418169,
            "dE": 0.07336578678322714,
            "grad_norm": 0.0012389583322889818,
            "grad_target": 1e-05,
            "grad_norm_post": NaN,
            "alpha": 0.7103459617178508,
            "ksp_its": 2,
            "ls_evals": 19,
            "ls_repaired": false,
            "used_gradient_fallback": false,
            "accepted_step": true,
            "step_norm": 141.73631024225924,
            "step_rel": 0.17654712165201503,
            "pred_reduction": NaN,
            "actual_reduction": NaN,
            "trust_rejects": 0,
            "t_grad": 0.04192531306762248,
            "t_hess": 0.9918168619042262,
            "t_ls": 0.5480481460690498,
            "t_update": 0.00029789807740598917,
            "t_iter": 1.5823054659413174,
            "trust_radius": 1.0,
            "trust_ratio": NaN,
            "trust_qp": NaN
          },
          {
            "it": 7,
            "energy": 0.3456327812459902,
            "dE": 0.003881225172178815,
            "grad_norm": 0.00033586969135468187,
            "grad_target": 1e-05,
            "grad_norm_post": NaN,
            "alpha": 1.0860881076312212,
            "ksp_its": 2,
            "ls_evals": 19,
            "ls_repaired": false,
            "used_gradient_fallback": false,
            "accepted_step": true,
            "step_norm": 29.61757033710159,
            "step_rel": 0.03320951659595692,
            "pred_reduction": NaN,
            "actual_reduction": NaN,
            "trust_rejects": 0,
            "t_grad": 0.042842171038500965,
            "t_hess": 0.9842709200456738,
            "t_ls": 0.5464936509961262,
            "t_update": 0.0003045070916414261,
            "t_iter": 1.5740820160135627,
            "trust_radius": 1.0,
            "trust_ratio": NaN,
            "trust_qp": NaN
          },
          {
            "it": 8,
            "energy": 0.34562646850320267,
            "dE": 6.312742787506487e-06,
            "grad_norm": 1.7976814315202822e-05,
            "grad_target": 1e-05,
            "grad_norm_post": NaN,
            "alpha": 1.0033817521631254,
            "ksp_its": 2,
            "ls_evals": 19,
            "ls_repaired": false,
            "used_gradient_fallback": false,
            "accepted_step": true,
            "step_norm": 1.2151833856388592,
            "step_rel": 0.0013859198373002823,
            "pred_reduction": NaN,
            "actual_reduction": NaN,
            "trust_rejects": 0,
            "t_grad": 0.04313604300841689,
            "t_hess": 0.9899664049735293,
            "t_ls": 0.5478571620769799,
            "t_update": 0.00029244006145745516,
            "t_iter": 1.5814613649854437,
            "trust_radius": 1.0,
            "trust_ratio": NaN,
            "trust_qp": NaN
          },
          {
            "it": 9,
            "energy": 0.3456264684117146,
            "dE": 9.148803936653849e-11,
            "grad_norm": 5.7859847759434836e-08,
            "grad_target": 1e-05,
            "grad_norm_post": 1.2967203807183485e-10,
            "alpha": 1.0011162328941345,
            "ksp_its": 2,
            "ls_evals": 19,
            "ls_repaired": false,
            "used_gradient_fallback": false,
            "accepted_step": true,
            "step_norm": 0.004597066652586505,
            "step_rel": 5.243906712107919e-06,
            "pred_reduction": NaN,
            "actual_reduction": NaN,
            "trust_rejects": 0,
            "t_grad": 0.04252484510652721,
            "t_hess": 0.9992733800318092,
            "t_ls": 0.5483561339788139,
            "t_update": 0.00030531897209584713,
            "t_iter": 1.5906618819572031,
            "trust_radius": 1.0,
            "trust_ratio": NaN,
            "trust_qp": NaN
          }
        ],
        "linear_timing": [
          {
            "assemble_total_time": 0.2548343080561608,
            "assemble_p2p_exchange": 0.007252592942677438,
            "assemble_hvp_compute": 0.048668470000848174,
            "assemble_extraction": 0.16889631596859545,
            "assemble_coo_assembly": 0.028447388904169202,
            "assemble_n_hvps": 0,
            "setop_time": 3.5659177228808403e-06,
            "set_tolerances_time": 3.464985638856888e-06,
            "pc_setup_time": 0.5554033850785345,
            "solve_time": 0.6508922269567847,
            "linear_total_time": 1.4611369509948418,
            "ksp_its": 7,
            "ksp_reason_code": 2,
            "ksp_reason_name": "CONVERGED_RTOL",
            "ksp_residual_norm": 496.3291952663508,
            "rhs_norm": 0.0009261996570956124
          },
          {
            "assemble_total_time": 0.25583287002518773,
            "assemble_p2p_exchange": 0.007268007029779255,
            "assemble_hvp_compute": 0.04824978101532906,
            "assemble_extraction": 0.169036716921255,
            "assemble_coo_assembly": 0.029743607970885932,
            "assemble_n_hvps": 0,
            "setop_time": 3.4150434657931328e-06,
            "set_tolerances_time": 3.865920007228851e-06,
            "pc_setup_time": 0.4916454909835011,
            "solve_time": 0.4895514230011031,
            "linear_total_time": 1.237037064973265,
            "ksp_its": 5,
            "ksp_reason_code": 2,
            "ksp_reason_name": "CONVERGED_RTOL",
            "ksp_residual_norm": 11.848021920842246,
            "rhs_norm": 0.0009062824172712296
          },
          {
            "assemble_total_time": 0.25567535299342126,
            "assemble_p2p_exchange": 0.007285403087735176,
            "assemble_hvp_compute": 0.04920758097432554,
            "assemble_extraction": 0.1690627570496872,
            "assemble_coo_assembly": 0.02859849703963846,
            "assemble_n_hvps": 0,
            "setop_time": 2.9139919206500053e-06,
            "set_tolerances_time": 2.84507405012846e-06,
            "pc_setup_time": 0.4956894719507545,
            "solve_time": 0.49754044599831104,
            "linear_total_time": 1.2489110300084576,
            "ksp_its": 5,
            "ksp_reason_code": 2,
            "ksp_reason_name": "CONVERGED_RTOL",
            "ksp_residual_norm": 0.2770321148364872,
            "rhs_norm": 0.0012468337032691776
          },
          {
            "assemble_total_time": 0.2534693480702117,
            "assemble_p2p_exchange": 0.007270490052178502,
            "assemble_hvp_compute": 0.04862055799458176,
            "assemble_extraction": 0.16745809488929808,
            "assemble_coo_assembly": 0.028505707043223083,
            "assemble_n_hvps": 0,
            "setop_time": 2.684071660041809e-06,
            "set_tolerances_time": 3.2850075513124466e-06,
            "pc_setup_time": 0.48591740196570754,
            "solve_time": 0.4081724069546908,
            "linear_total_time": 1.1475651260698214,
            "ksp_its": 4,
            "ksp_reason_code": 2,
            "ksp_reason_name": "CONVERGED_RTOL",
            "ksp_residual_norm": 0.28630910128449977,
            "rhs_norm": 0.0012411642550008018
          },
          {
            "assemble_total_time": 0.2529797119786963,
            "assemble_p2p_exchange": 0.006457679090090096,
            "assemble_hvp_compute": 0.04837533994577825,
            "assemble_extraction": 0.16772921301890165,
            "assemble_coo_assembly": 0.02887958998326212,
            "assemble_n_hvps": 0,
            "setop_time": 2.6640482246875763e-06,
            "set_tolerances_time": 3.2050302252173424e-06,
            "pc_setup_time": 0.4849176410352811,
            "solve_time": 0.40995623997878283,
            "linear_total_time": 1.1478594620712101,
            "ksp_its": 4,
            "ksp_reason_code": 2,
            "ksp_reason_name": "CONVERGED_RTOL",
            "ksp_residual_norm": 0.9705811401915787,
            "rhs_norm": 0.0012503042867363905
          },
          {
            "assemble_total_time": 0.2558799940161407,
            "assemble_p2p_exchange": 0.006294602993875742,
            "assemble_hvp_compute": 0.04831433901563287,
            "assemble_extraction": 0.17005018307827413,
            "assemble_coo_assembly": 0.029670177958905697,
            "assemble_n_hvps": 0,
            "setop_time": 2.8139911592006683e-06,
            "set_tolerances_time": 2.903980202972889e-06,
            "pc_setup_time": 0.49008783500175923,
            "solve_time": 0.2453001879621297,
            "linear_total_time": 0.9912737349513918,
            "ksp_its": 2,
            "ksp_reason_code": 2,
            "ksp_reason_name": "CONVERGED_RTOL",
            "ksp_residual_norm": 0.016849059329142654,
            "rhs_norm": 0.0012389583322889818
          },
          {
            "assemble_total_time": 0.25244905601721257,
            "assemble_p2p_exchange": 0.006499140989035368,
            "assemble_hvp_compute": 0.049103124998509884,
            "assemble_extraction": 0.16666233993601054,
            "assemble_coo_assembly": 0.02857789595145732,
            "assemble_n_hvps": 0,
            "setop_time": 2.803979441523552e-06,
            "set_tolerances_time": 3.4050317481160164e-06,
            "pc_setup_time": 0.4877425410086289,
            "solve_time": 0.24353197996970266,
            "linear_total_time": 0.9837297860067338,
            "ksp_its": 2,
            "ksp_reason_code": 2,
            "ksp_reason_name": "CONVERGED_RTOL",
            "ksp_residual_norm": 0.004198651803638731,
            "rhs_norm": 0.00033586969135468187
          },
          {
            "assemble_total_time": 0.25599225400947034,
            "assemble_p2p_exchange": 0.006472229841165245,
            "assemble_hvp_compute": 0.04855096398387104,
            "assemble_extraction": 0.16978782904334366,
            "assemble_coo_assembly": 0.029595125000923872,
            "assemble_n_hvps": 0,
            "setop_time": 3.345077857375145e-06,
            "set_tolerances_time": 3.495020791888237e-06,
            "pc_setup_time": 0.48829382099211216,
            "solve_time": 0.24512211210094392,
            "linear_total_time": 0.9894150272011757,
            "ksp_its": 2,
            "ksp_reason_code": 2,
            "ksp_reason_name": "CONVERGED_RTOL",
            "ksp_residual_norm": 0.00015093563440155537,
            "rhs_norm": 1.7976814315202822e-05
          },
          {
            "assemble_total_time": 0.2528346369508654,
            "assemble_p2p_exchange": 0.006574865081347525,
            "assemble_hvp_compute": 0.048258885042741895,
            "assemble_extraction": 0.16769943898543715,
            "assemble_coo_assembly": 0.028750855941325426,
            "assemble_n_hvps": 0,
            "setop_time": 2.784072421491146e-06,
            "set_tolerances_time": 2.98407394438982e-06,
            "pc_setup_time": 0.49761563690844923,
            "solve_time": 0.24827791599091142,
            "linear_total_time": 0.9987339579965919,
            "ksp_its": 2,
            "ksp_reason_code": 2,
            "ksp_reason_name": "CONVERGED_RTOL",
            "ksp_residual_norm": 5.731018124739272e-07,
            "rhs_norm": 5.7859847759434836e-08
          }
        ]
      }
    ],
    "metadata": {
      "profile": "reference",
      "nprocs": 1,
      "nproc_threads": 1,
      "problem": {
        "name": "GinzburgLandau2D"
      },
      "linear_solver": {
        "ksp_type": "gmres",
        "pc_type": "hypre",
        "ksp_rtol": 0.001,
        "ksp_max_it": 200,
        "pc_setup_on_ksp_cap": false,
        "gamg_threshold": 0.05,
        "gamg_agg_nsmooths": 1,
        "gamg_set_coordinates": true,
        "reorder": true,
        "hvp_eval_mode": "element_overlap",
        "assembly_mode": "element",
        "element_reorder_mode": "block_xyz",
        "local_hessian_mode": "element",
        "distribution_strategy": "overlap_allgather",
        "assembler": "GLReorderedElementAssembler",
        "trust_subproblem_solver": "direct_linear_solve",
        "trust_subproblem_line_search": false
      },
      "newton": {
        "tolf": 1e-06,
        "tolg": 1e-05,
        "tolg_rel": 0.001,
        "tolx_rel": 0.001,
        "tolx_abs": 1e-10,
        "maxit": 100,
        "require_all_convergence": true,
        "fail_on_nonfinite": true,
        "linesearch_interval": [
          -0.5,
          2.0
        ],
        "linesearch_tol": 0.001,
        "trust_region": false,
        "trust_radius_init": 1.0,
        "trust_radius_min": 1e-08,
        "trust_radius_max": 1000000.0,
        "trust_subproblem_line_search": false,
        "step_time_limit_s": null
      }
    }
  }
}
