An NVIDIA GPU may be present on this machine, but a CUDA-enabled jaxlib is not installed. Falling back to cpu.
An NVIDIA GPU may be present on this machine, but a CUDA-enabled jaxlib is not installed. Falling back to cpu.
An NVIDIA GPU may be present on this machine, but a CUDA-enabled jaxlib is not installed. Falling back to cpu.
An NVIDIA GPU may be present on this machine, but a CUDA-enabled jaxlib is not installed. Falling back to cpu.
{
  "case": {
    "problem": "gl",
    "backend": "element",
    "level": 5,
    "out": "/home/michal/repos/fenics_nonlinear_energies/artifacts/reproduction/2026-03-15_refactor_stage2b_final/full/gl_final_suite/jax_petsc_local_sfd_l5_np4.json",
    "quiet": true,
    "save_history": true,
    "save_linear_timing": true,
    "steps": 1,
    "start_step": 1,
    "total_steps": 24,
    "ksp_type": "gmres",
    "pc_type": "hypre",
    "ksp_rtol": 0.001,
    "ksp_max_it": 200,
    "profile": "reference",
    "coloring_trials": 10,
    "nproc_threads": 1,
    "hvp_eval_mode": "sequential",
    "element_reorder_mode": "block_xyz",
    "local_hessian_mode": "sfd_local",
    "tolf": 1e-06,
    "tolg": 1e-05,
    "tolg_rel": 0.001,
    "tolx_rel": 0.001,
    "tolx_abs": 1e-10,
    "maxit": 100,
    "step_time_limit_s": null,
    "linesearch_a": -0.5,
    "linesearch_b": 2.0,
    "linesearch_tol": 0.001,
    "use_trust_region": false,
    "trust_radius_init": 1.0,
    "trust_radius_min": 1e-08,
    "trust_radius_max": 1000000.0,
    "trust_shrink": 0.5,
    "trust_expand": 1.5,
    "trust_eta_shrink": 0.05,
    "trust_eta_expand": 0.75,
    "trust_max_reject": 6,
    "trust_subproblem_line_search": false,
    "local_coloring": true,
    "retry_on_failure": false,
    "pc_setup_on_ksp_cap": false,
    "use_near_nullspace": true,
    "reorder": null,
    "gamg_threshold": 0.05,
    "gamg_agg_nsmooths": 1,
    "gamg_set_coordinates": true
  },
  "result": {
    "mesh_level": 5,
    "total_dofs": 4225,
    "free_dofs": 3969,
    "setup_time": 0.810074,
    "solve_time_total": 0.320276,
    "total_time": 1.168405,
    "steps": [
      {
        "step": 1,
        "time": 0.320276,
        "nit": 11,
        "linear_iters": 41,
        "energy": 0.3462314437821251,
        "message": "Converged (energy, step, gradient)",
        "attempt": "primary",
        "ksp_rtol_used": 0.001,
        "ksp_max_it_used": 200,
        "linesearch_interval_used": [
          -0.5,
          2.0
        ],
        "history": [
          {
            "it": 1,
            "energy": 0.606747088600431,
            "dE": 0.058722660715658015,
            "grad_norm": 0.014805985418835032,
            "grad_target": 1.4805985418835032e-05,
            "grad_norm_post": NaN,
            "alpha": -0.49964995802247814,
            "ksp_its": 1,
            "ls_evals": 19,
            "ls_repaired": false,
            "used_gradient_fallback": false,
            "accepted_step": true,
            "step_norm": 10.03194329805935,
            "step_rel": 0.3134982280643547,
            "pred_reduction": NaN,
            "actual_reduction": NaN,
            "trust_rejects": 0,
            "t_grad": 0.0003573769936338067,
            "t_hess": 0.15823774505406618,
            "t_ls": 0.007543895044364035,
            "t_update": 2.213055267930031e-06,
            "t_iter": 0.1661821719026193,
            "trust_radius": 1.0,
            "trust_ratio": NaN,
            "trust_qp": NaN
          },
          {
            "it": 2,
            "energy": 0.553273689638702,
            "dE": 0.05347339896172898,
            "grad_norm": 0.01537334844437827,
            "grad_target": 1.4805985418835032e-05,
            "grad_norm_post": NaN,
            "alpha": -0.19998287717376384,
            "ksp_its": 9,
            "ls_evals": 19,
            "ls_repaired": false,
            "used_gradient_fallback": false,
            "accepted_step": true,
            "step_norm": 12.144581414130876,
            "step_rel": 0.33854100802442166,
            "pred_reduction": NaN,
            "actual_reduction": NaN,
            "trust_rejects": 0,
            "t_grad": 0.0002591889351606369,
            "t_hess": 0.011183052905835211,
            "t_ls": 0.00709335901774466,
            "t_update": 1.9030412659049034e-06,
            "t_iter": 0.01856943208258599,
            "trust_radius": 1.0,
            "trust_ratio": NaN,
            "trust_qp": NaN
          },
          {
            "it": 3,
            "energy": 0.493498332842903,
            "dE": 0.05977535679579904,
            "grad_norm": 0.016882543821722055,
            "grad_target": 1.4805985418835032e-05,
            "grad_norm_post": NaN,
            "alpha": 0.18988720090521716,
            "ksp_its": 6,
            "ls_evals": 19,
            "ls_repaired": false,
            "used_gradient_fallback": false,
            "accepted_step": true,
            "step_norm": 13.93385180724138,
            "step_rel": 0.35087938879667596,
            "pred_reduction": NaN,
            "actual_reduction": NaN,
            "trust_rejects": 0,
            "t_grad": 0.000259759952314198,
            "t_hess": 0.0092295779613778,
            "t_ls": 0.007006727973930538,
            "t_update": 1.4220131561160088e-06,
            "t_iter": 0.01652736298274249,
            "trust_radius": 1.0,
            "trust_ratio": NaN,
            "trust_qp": NaN
          },
          {
            "it": 4,
            "energy": 0.4838349155898462,
            "dE": 0.009663417253056805,
            "grad_norm": 0.012013691166978884,
            "grad_target": 1.4805985418835032e-05,
            "grad_norm_post": NaN,
            "alpha": -0.49964995802247814,
            "ksp_its": 5,
            "ls_evals": 19,
            "ls_repaired": false,
            "used_gradient_fallback": false,
            "accepted_step": true,
            "step_norm": 11.103350773886667,
            "step_rel": 0.24055493534392994,
            "pred_reduction": NaN,
            "actual_reduction": NaN,
            "trust_rejects": 0,
            "t_grad": 0.0002468510065227747,
            "t_hess": 0.008581995032727718,
            "t_ls": 0.007014389964751899,
            "t_update": 1.5029218047857285e-06,
            "t_iter": 0.01587493298575282,
            "trust_radius": 1.0,
            "trust_ratio": NaN,
            "trust_qp": NaN
          },
          {
            "it": 5,
            "energy": 0.4626164330210961,
            "dE": 0.021218482568750086,
            "grad_norm": 0.01744500914771482,
            "grad_target": 1.4805985418835032e-05,
            "grad_norm_post": NaN,
            "alpha": -0.026640848796053773,
            "ksp_its": 5,
            "ls_evals": 19,
            "ls_repaired": false,
            "used_gradient_fallback": false,
            "accepted_step": true,
            "step_norm": 7.56633756806876,
            "step_rel": 0.1662299576542547,
            "pred_reduction": NaN,
            "actual_reduction": NaN,
            "trust_rejects": 0,
            "t_grad": 0.00024667091201990843,
            "t_hess": 0.008687693974934518,
            "t_ls": 0.006998765980824828,
            "t_update": 1.401989720761776e-06,
            "t_iter": 0.015964968013577163,
            "trust_radius": 1.0,
            "trust_ratio": NaN,
            "trust_qp": NaN
          },
          {
            "it": 6,
            "energy": 0.44199620211476487,
            "dE": 0.02062023090633125,
            "grad_norm": 0.017772083039251478,
            "grad_target": 1.4805985418835032e-05,
            "grad_norm_post": NaN,
            "alpha": 0.1297729115958347,
            "ksp_its": 4,
            "ls_evals": 19,
            "ls_repaired": false,
            "used_gradient_fallback": false,
            "accepted_step": true,
            "step_norm": 8.82776799493234,
            "step_rel": 0.18861563330013448,
            "pred_reduction": NaN,
            "actual_reduction": NaN,
            "trust_rejects": 0,
            "t_grad": 0.00024721201043576,
            "t_hess": 0.008079319959506392,
            "t_ls": 0.007005878025665879,
            "t_update": 1.4919787645339966e-06,
            "t_iter": 0.015363735961727798,
            "trust_radius": 1.0,
            "trust_ratio": NaN,
            "trust_qp": NaN
          },
          {
            "it": 7,
            "energy": 0.39603034966584816,
            "dE": 0.04596585244891671,
            "grad_norm": 0.015825386659617788,
            "grad_target": 1.4805985418835032e-05,
            "grad_norm_post": NaN,
            "alpha": 0.3791900050381648,
            "ksp_its": 3,
            "ls_evals": 19,
            "ls_repaired": false,
            "used_gradient_fallback": false,
            "accepted_step": true,
            "step_norm": 9.802963927500793,
            "step_rel": 0.1992911886019967,
            "pred_reduction": NaN,
            "actual_reduction": NaN,
            "trust_rejects": 0,
            "t_grad": 0.0002445770660415292,
            "t_hess": 0.00756843201816082,
            "t_ls": 0.007005956955254078,
            "t_update": 1.3719545677304268e-06,
            "t_iter": 0.014850024017505348,
            "trust_radius": 1.0,
            "trust_ratio": NaN,
            "trust_qp": NaN
          },
          {
            "it": 8,
            "energy": 0.3505623492057215,
            "dE": 0.04546800046012667,
            "grad_norm": 0.012705464389063267,
            "grad_target": 1.4805985418835032e-05,
            "grad_norm_post": NaN,
            "alpha": 1.0237082990525856,
            "ksp_its": 2,
            "ls_evals": 19,
            "ls_repaired": false,
            "used_gradient_fallback": false,
            "accepted_step": true,
            "step_norm": 9.164898773247492,
            "step_rel": 0.173104933953708,
            "pred_reduction": NaN,
            "actual_reduction": NaN,
            "trust_rejects": 0,
            "t_grad": 0.0002442970871925354,
            "t_hess": 0.007016181945800781,
            "t_ls": 0.006994018913246691,
            "t_update": 1.493026502430439e-06,
            "t_iter": 0.014285504934377968,
            "trust_radius": 1.0,
            "trust_ratio": NaN,
            "trust_qp": NaN
          },
          {
            "it": 9,
            "energy": 0.34631778383473555,
            "dE": 0.004244565370985942,
            "grad_norm": 0.005261261495887521,
            "grad_target": 1.4805985418835032e-05,
            "grad_norm_post": NaN,
            "alpha": 0.8476680757265671,
            "ksp_its": 2,
            "ls_evals": 19,
            "ls_repaired": false,
            "used_gradient_fallback": false,
            "accepted_step": true,
            "step_norm": 2.111354005600528,
            "step_rel": 0.038168441902907836,
            "pred_reduction": NaN,
            "actual_reduction": NaN,
            "trust_rejects": 0,
            "t_grad": 0.00025092705618590117,
            "t_hess": 0.006285103969275951,
            "t_ls": 0.0070057070115581155,
            "t_update": 1.501990482211113e-06,
            "t_iter": 0.013573045027442276,
            "trust_radius": 1.0,
            "trust_ratio": NaN,
            "trust_qp": NaN
          },
          {
            "it": 10,
            "energy": 0.3462314601680142,
            "dE": 8.632366672134406e-05,
            "grad_norm": 0.0006518170136479844,
            "grad_target": 1.4805985418835032e-05,
            "grad_norm_post": NaN,
            "alpha": 1.034705360590323,
            "ksp_its": 2,
            "ls_evals": 19,
            "ls_repaired": false,
            "used_gradient_fallback": false,
            "accepted_step": true,
            "step_norm": 0.3291051970614449,
            "step_rel": 0.005989151026830812,
            "pred_reduction": NaN,
            "actual_reduction": NaN,
            "trust_rejects": 0,
            "t_grad": 0.0002427649451419711,
            "t_hess": 0.006745835999026895,
            "t_ls": 0.007001931080594659,
            "t_update": 1.551932655274868e-06,
            "t_iter": 0.014021548093296587,
            "trust_radius": 1.0,
            "trust_ratio": NaN,
            "trust_qp": NaN
          },
          {
            "it": 11,
            "energy": 0.3462314437821251,
            "dE": 1.638588909003147e-08,
            "grad_norm": 1.0951567089930332e-05,
            "grad_target": 1.4805985418835032e-05,
            "grad_norm_post": 4.450222398424778e-09,
            "alpha": 0.9999834732596391,
            "ksp_its": 2,
            "ls_evals": 19,
            "ls_repaired": false,
            "used_gradient_fallback": false,
            "accepted_step": true,
            "step_norm": 0.004020223197777607,
            "step_rel": 7.335164684986257e-05,
            "pred_reduction": NaN,
            "actual_reduction": NaN,
            "trust_rejects": 0,
            "t_grad": 0.0002456390066072345,
            "t_hess": 0.006742340978235006,
            "t_ls": 0.006984414998441935,
            "t_update": 1.452048309147358e-06,
            "t_iter": 0.014003732008859515,
            "trust_radius": 1.0,
            "trust_ratio": NaN,
            "trust_qp": NaN
          }
        ],
        "linear_timing": [
          {
            "assemble_total_time": 0.15124679007567465,
            "assemble_p2p_exchange": 6.642995867878199e-05,
            "assemble_hvp_compute": 0.14023534499574453,
            "assemble_extraction": 5.7196011766791344e-05,
            "assemble_coo_assembly": 0.01085907593369484,
            "assemble_n_hvps": 7,
            "setop_time": 3.003980964422226e-06,
            "set_tolerances_time": 1.912936568260193e-06,
            "pc_setup_time": 0.005832475028000772,
            "solve_time": 0.0011039290111511946,
            "linear_total_time": 0.1581881110323593,
            "ksp_its": 1,
            "ksp_reason_code": 2,
            "ksp_reason_name": "CONVERGED_RTOL",
            "ksp_residual_norm": 9161.909822001311,
            "rhs_norm": 0.014805985418835032
          },
          {
            "assemble_total_time": 0.0008311989950016141,
            "assemble_p2p_exchange": 6.223306991159916e-05,
            "assemble_hvp_compute": 0.000590036972425878,
            "assemble_extraction": 6.422598380595446e-05,
            "assemble_coo_assembly": 9.827699977904558e-05,
            "assemble_n_hvps": 7,
            "setop_time": 1.1509982869029045e-06,
            "set_tolerances_time": 1.3419194146990776e-06,
            "pc_setup_time": 0.00489771889988333,
            "solve_time": 0.0054116909159347415,
            "linear_total_time": 0.011143101728521287,
            "ksp_its": 9,
            "ksp_reason_code": 2,
            "ksp_reason_name": "CONVERGED_RTOL",
            "ksp_residual_norm": 5.933480703673586,
            "rhs_norm": 0.01537334844437827
          },
          {
            "assemble_total_time": 0.0005907869199290872,
            "assemble_p2p_exchange": 6.358593236654997e-05,
            "assemble_hvp_compute": 0.00036244397051632404,
            "assemble_extraction": 7.324002217501402e-05,
            "assemble_coo_assembly": 7.857801392674446e-05,
            "assemble_n_hvps": 7,
            "setop_time": 7.509952411055565e-07,
            "set_tolerances_time": 9.309733286499977e-07,
            "pc_setup_time": 0.004917079000733793,
            "solve_time": 0.003688191995024681,
            "linear_total_time": 0.009197739884257317,
            "ksp_its": 6,
            "ksp_reason_code": 2,
            "ksp_reason_name": "CONVERGED_RTOL",
            "ksp_residual_norm": 0.39121254422861274,
            "rhs_norm": 0.016882543821722055
          },
          {
            "assemble_total_time": 0.0005728600081056356,
            "assemble_p2p_exchange": 5.749589763581753e-05,
            "assemble_hvp_compute": 0.00039330008439719677,
            "assemble_extraction": 4.694005474448204e-05,
            "assemble_coo_assembly": 6.222305819392204e-05,
            "assemble_n_hvps": 7,
            "setop_time": 6.710179150104523e-07,
            "set_tolerances_time": 7.710186764597893e-07,
            "pc_setup_time": 0.004846473108045757,
            "solve_time": 0.003129341988824308,
            "linear_total_time": 0.00855011714156717,
            "ksp_its": 5,
            "ksp_reason_code": 2,
            "ksp_reason_name": "CONVERGED_RTOL",
            "ksp_residual_norm": 0.0446248764127026,
            "rhs_norm": 0.012013691166978884
          },
          {
            "assemble_total_time": 0.0005844079423695803,
            "assemble_p2p_exchange": 5.754595622420311e-05,
            "assemble_hvp_compute": 0.0003495950950309634,
            "assemble_extraction": 4.8612942919135094e-05,
            "assemble_coo_assembly": 0.0001100760418921709,
            "assemble_n_hvps": 7,
            "setop_time": 7.909256964921951e-07,
            "set_tolerances_time": 8.309725672006607e-07,
            "pc_setup_time": 0.004961265018209815,
            "solve_time": 0.003107990021817386,
            "linear_total_time": 0.008655284880660474,
            "ksp_its": 5,
            "ksp_reason_code": 2,
            "ksp_reason_name": "CONVERGED_RTOL",
            "ksp_residual_norm": 0.2203721712577432,
            "rhs_norm": 0.01744500914771482
          },
          {
            "assemble_total_time": 0.0005486550508067012,
            "assemble_p2p_exchange": 5.8137113228440285e-05,
            "assemble_hvp_compute": 0.00034891499672085047,
            "assemble_extraction": 5.283905193209648e-05,
            "assemble_coo_assembly": 7.607496809214354e-05,
            "assemble_n_hvps": 7,
            "setop_time": 7.509952411055565e-07,
            "set_tolerances_time": 7.820781320333481e-07,
            "pc_setup_time": 0.004880583030171692,
            "solve_time": 0.0026170320343226194,
            "linear_total_time": 0.008047803188674152,
            "ksp_its": 4,
            "ksp_reason_code": 2,
            "ksp_reason_name": "CONVERGED_RTOL",
            "ksp_residual_norm": 0.0015096814420810594,
            "rhs_norm": 0.017772083039251478
          },
          {
            "assemble_total_time": 0.0005387190030887723,
            "assemble_p2p_exchange": 5.7555967941880226e-05,
            "assemble_hvp_compute": 0.00036732200533151627,
            "assemble_extraction": 4.241394344717264e-05,
            "assemble_coo_assembly": 5.856796633452177e-05,
            "assemble_n_hvps": 7,
            "setop_time": 7.110647857189178e-07,
            "set_tolerances_time": 8.010538294911385e-07,
            "pc_setup_time": 0.004902657005004585,
            "solve_time": 0.002093596034683287,
            "linear_total_time": 0.007536484161391854,
            "ksp_its": 3,
            "ksp_reason_code": 2,
            "ksp_reason_name": "CONVERGED_RTOL",
            "ksp_residual_norm": 0.0010903506319484679,
            "rhs_norm": 0.015825386659617788
          },
          {
            "assemble_total_time": 0.0005378590431064367,
            "assemble_p2p_exchange": 5.809694994240999e-05,
            "assemble_hvp_compute": 0.00035231001675128937,
            "assemble_extraction": 4.6930043026804924e-05,
            "assemble_coo_assembly": 6.789190229028463e-05,
            "assemble_n_hvps": 7,
            "setop_time": 7.109483703970909e-07,
            "set_tolerances_time": 8.009374141693115e-07,
            "pc_setup_time": 0.004859381006099284,
            "solve_time": 0.0015853829681873322,
            "linear_total_time": 0.006984134903177619,
            "ksp_its": 2,
            "ksp_reason_code": 2,
            "ksp_reason_name": "CONVERGED_RTOL",
            "ksp_residual_norm": 0.001633844295812989,
            "rhs_norm": 0.012705464389063267
          },
          {
            "assemble_total_time": 0.0005440979730337858,
            "assemble_p2p_exchange": 6.243400275707245e-05,
            "assemble_hvp_compute": 0.00034975598100572824,
            "assemble_extraction": 4.660990089178085e-05,
            "assemble_coo_assembly": 7.265002932399511e-05,
            "assemble_n_hvps": 7,
            "setop_time": 6.909249350428581e-07,
            "set_tolerances_time": 7.60890543460846e-07,
            "pc_setup_time": 0.004312710021622479,
            "solve_time": 0.0013950270367786288,
            "linear_total_time": 0.006253286846913397,
            "ksp_its": 2,
            "ksp_reason_code": 2,
            "ksp_reason_name": "CONVERGED_RTOL",
            "ksp_residual_norm": 0.00028484068762684795,
            "rhs_norm": 0.005261261495887521
          },
          {
            "assemble_total_time": 0.0005365359829738736,
            "assemble_p2p_exchange": 5.792686715722084e-05,
            "assemble_hvp_compute": 0.0003571959678083658,
            "assemble_extraction": 4.545797128230333e-05,
            "assemble_coo_assembly": 6.376602686941624e-05,
            "assemble_n_hvps": 7,
            "setop_time": 7.010530680418015e-07,
            "set_tolerances_time": 7.119961082935333e-07,
            "pc_setup_time": 0.004633340984582901,
            "solve_time": 0.0015427280450239778,
            "linear_total_time": 0.006714018061757088,
            "ksp_its": 2,
            "ksp_reason_code": 2,
            "ksp_reason_name": "CONVERGED_RTOL",
            "ksp_residual_norm": 1.3222282842687319e-05,
            "rhs_norm": 0.0006518170136479844
          },
          {
            "assemble_total_time": 0.0005374870961531997,
            "assemble_p2p_exchange": 5.777692422270775e-05,
            "assemble_hvp_compute": 0.0003524289932101965,
            "assemble_extraction": 4.69511142000556e-05,
            "assemble_coo_assembly": 6.816303357481956e-05,
            "assemble_n_hvps": 7,
            "setop_time": 6.910413503646851e-07,
            "set_tolerances_time": 8.310889825224876e-07,
            "pc_setup_time": 0.004620503052137792,
            "solve_time": 0.0015509399818256497,
            "linear_total_time": 0.006710452260449529,
            "ksp_its": 2,
            "ksp_reason_code": 2,
            "ksp_reason_name": "CONVERGED_RTOL",
            "ksp_residual_norm": 2.3487149149155047e-07,
            "rhs_norm": 1.0951567089930332e-05
          }
        ]
      }
    ],
    "metadata": {
      "profile": "reference",
      "nprocs": 4,
      "nproc_threads": 1,
      "problem": {
        "name": "GinzburgLandau2D"
      },
      "linear_solver": {
        "ksp_type": "gmres",
        "pc_type": "hypre",
        "ksp_rtol": 0.001,
        "ksp_max_it": 200,
        "pc_setup_on_ksp_cap": false,
        "gamg_threshold": 0.05,
        "gamg_agg_nsmooths": 1,
        "gamg_set_coordinates": true,
        "reorder": true,
        "hvp_eval_mode": "sfd_local_batched",
        "assembly_mode": "element",
        "element_reorder_mode": "block_xyz",
        "local_hessian_mode": "sfd_local",
        "distribution_strategy": "overlap_allgather",
        "assembler": "GLReorderedElementAssembler",
        "trust_subproblem_solver": "direct_linear_solve",
        "trust_subproblem_line_search": false
      },
      "newton": {
        "tolf": 1e-06,
        "tolg": 1e-05,
        "tolg_rel": 0.001,
        "tolx_rel": 0.001,
        "tolx_abs": 1e-10,
        "maxit": 100,
        "require_all_convergence": true,
        "fail_on_nonfinite": true,
        "linesearch_interval": [
          -0.5,
          2.0
        ],
        "linesearch_tol": 0.001,
        "trust_region": false,
        "trust_radius_init": 1.0,
        "trust_radius_min": 1e-08,
        "trust_radius_max": 1000000.0,
        "trust_subproblem_line_search": false,
        "step_time_limit_s": null
      }
    }
  }
}
