An NVIDIA GPU may be present on this machine, but a CUDA-enabled jaxlib is not installed. Falling back to cpu.
{
  "case": {
    "problem": "gl",
    "backend": "element",
    "level": 6,
    "out": "/home/michal/repos/fenics_nonlinear_energies/artifacts/reproduction/2026-03-15_refactor_stage2b_final/full/gl_final_suite/jax_petsc_local_sfd_l6_np1.json",
    "quiet": true,
    "save_history": true,
    "save_linear_timing": true,
    "steps": 1,
    "start_step": 1,
    "total_steps": 24,
    "ksp_type": "gmres",
    "pc_type": "hypre",
    "ksp_rtol": 0.001,
    "ksp_max_it": 200,
    "profile": "reference",
    "coloring_trials": 10,
    "nproc_threads": 1,
    "hvp_eval_mode": "sequential",
    "element_reorder_mode": "block_xyz",
    "local_hessian_mode": "sfd_local",
    "tolf": 1e-06,
    "tolg": 1e-05,
    "tolg_rel": 0.001,
    "tolx_rel": 0.001,
    "tolx_abs": 1e-10,
    "maxit": 100,
    "step_time_limit_s": null,
    "linesearch_a": -0.5,
    "linesearch_b": 2.0,
    "linesearch_tol": 0.001,
    "use_trust_region": false,
    "trust_radius_init": 1.0,
    "trust_radius_min": 1e-08,
    "trust_radius_max": 1000000.0,
    "trust_shrink": 0.5,
    "trust_expand": 1.5,
    "trust_eta_shrink": 0.05,
    "trust_eta_expand": 0.75,
    "trust_max_reject": 6,
    "trust_subproblem_line_search": false,
    "local_coloring": true,
    "retry_on_failure": false,
    "pc_setup_on_ksp_cap": false,
    "use_near_nullspace": true,
    "reorder": null,
    "gamg_threshold": 0.05,
    "gamg_agg_nsmooths": 1,
    "gamg_set_coordinates": true
  },
  "result": {
    "mesh_level": 6,
    "total_dofs": 16641,
    "free_dofs": 16129,
    "setup_time": 0.983158,
    "solve_time_total": 0.472969,
    "total_time": 1.50059,
    "steps": [
      {
        "step": 1,
        "time": 0.472969,
        "nit": 10,
        "linear_iters": 36,
        "energy": 0.34577661109023844,
        "message": "Converged (energy, step, gradient)",
        "attempt": "primary",
        "ksp_rtol_used": 0.001,
        "ksp_max_it_used": 200,
        "linesearch_interval_used": [
          -0.5,
          2.0
        ],
        "history": [
          {
            "it": 1,
            "energy": 0.49795320420153166,
            "dE": 0.16738849234170983,
            "grad_norm": 0.007407961475354023,
            "grad_target": 1e-05,
            "grad_norm_post": NaN,
            "alpha": -0.3306737007789936,
            "ksp_its": 7,
            "ls_evals": 19,
            "ls_repaired": false,
            "used_gradient_fallback": false,
            "accepted_step": true,
            "step_norm": 38.832016054005294,
            "step_rel": 0.6067502508438328,
            "pred_reduction": NaN,
            "actual_reduction": NaN,
            "trust_rejects": 0,
            "t_grad": 0.000896287034265697,
            "t_hess": 0.19166308699641377,
            "t_ls": 0.011882405960932374,
            "t_update": 5.627982318401337e-06,
            "t_iter": 0.20448033697903156,
            "trust_radius": 1.0,
            "trust_ratio": NaN,
            "trust_qp": NaN
          },
          {
            "it": 2,
            "energy": 0.4907639236661718,
            "dE": 0.007189280535359888,
            "grad_norm": 0.007067861738754222,
            "grad_target": 1e-05,
            "grad_norm_post": NaN,
            "alpha": -0.408046792882124,
            "ksp_its": 6,
            "ls_evals": 19,
            "ls_repaired": false,
            "used_gradient_fallback": false,
            "accepted_step": true,
            "step_norm": 18.91512825999756,
            "step_rel": 0.2082687393423495,
            "pred_reduction": NaN,
            "actual_reduction": NaN,
            "trust_rejects": 0,
            "t_grad": 0.0007569880690425634,
            "t_hess": 0.020704783033579588,
            "t_ls": 0.01191142003517598,
            "t_update": 5.437992513179779e-06,
            "t_iter": 0.03340452804695815,
            "trust_radius": 1.0,
            "trust_ratio": NaN,
            "trust_qp": NaN
          },
          {
            "it": 3,
            "energy": 0.4830310840656004,
            "dE": 0.007732839600571362,
            "grad_norm": 0.009652020746544417,
            "grad_target": 1e-05,
            "grad_norm_post": NaN,
            "alpha": 0.020376127110652065,
            "ksp_its": 5,
            "ls_evals": 19,
            "ls_repaired": false,
            "used_gradient_fallback": false,
            "accepted_step": true,
            "step_norm": 25.631428661417274,
            "step_rel": 0.28422967149300243,
            "pred_reduction": NaN,
            "actual_reduction": NaN,
            "trust_rejects": 0,
            "t_grad": 0.0007301670266315341,
            "t_hess": 0.01844907400663942,
            "t_ls": 0.01241010904777795,
            "t_update": 4.807021468877792e-06,
            "t_iter": 0.03161947603803128,
            "trust_radius": 1.0,
            "trust_ratio": NaN,
            "trust_qp": NaN
          },
          {
            "it": 4,
            "energy": 0.4203606251752138,
            "dE": 0.06267045889038664,
            "grad_norm": 0.008958328568352868,
            "grad_target": 1e-05,
            "grad_norm_post": NaN,
            "alpha": 0.3821556082623029,
            "ksp_its": 3,
            "ls_evals": 19,
            "ls_repaired": false,
            "used_gradient_fallback": false,
            "accepted_step": true,
            "step_norm": 20.09907692011542,
            "step_rel": 0.21356621707987017,
            "pred_reduction": NaN,
            "actual_reduction": NaN,
            "trust_rejects": 0,
            "t_grad": 0.001322477008216083,
            "t_hess": 0.017680970020592213,
            "t_ls": 0.011620603036135435,
            "t_update": 5.126930773258209e-06,
            "t_iter": 0.030653733992949128,
            "trust_radius": 1.0,
            "trust_ratio": NaN,
            "trust_qp": NaN
          },
          {
            "it": 5,
            "energy": 0.40955382869218365,
            "dE": 0.010806796483030123,
            "grad_norm": 0.005272686089325954,
            "grad_target": 1e-05,
            "grad_norm_post": NaN,
            "alpha": -0.04286903282683163,
            "ksp_its": 3,
            "ls_evals": 19,
            "ls_repaired": false,
            "used_gradient_fallback": false,
            "accepted_step": true,
            "step_norm": 15.131426587026079,
            "step_rel": 0.14437709286026607,
            "pred_reduction": NaN,
            "actual_reduction": NaN,
            "trust_rejects": 0,
            "t_grad": 0.0007607329171150923,
            "t_hess": 0.0167526250006631,
            "t_ls": 0.011717348010279238,
            "t_update": 5.388050340116024e-06,
            "t_iter": 0.029261432006023824,
            "trust_radius": 1.0,
            "trust_ratio": NaN,
            "trust_qp": NaN
          },
          {
            "it": 6,
            "energy": 0.3774060470680577,
            "dE": 0.03214778162412596,
            "grad_norm": 0.0057696894165865644,
            "grad_target": 1e-05,
            "grad_norm_post": NaN,
            "alpha": 0.5395368608847754,
            "ksp_its": 3,
            "ls_evals": 19,
            "ls_repaired": false,
            "used_gradient_fallback": false,
            "accepted_step": true,
            "step_norm": 20.50594596224393,
            "step_rel": 0.1930090057844784,
            "pred_reduction": NaN,
            "actual_reduction": NaN,
            "trust_rejects": 0,
            "t_grad": 0.0007159060332924128,
            "t_hess": 0.01650475198403001,
            "t_ls": 0.011853663017973304,
            "t_update": 4.9280934035778046e-06,
            "t_iter": 0.02910397492814809,
            "trust_radius": 1.0,
            "trust_ratio": NaN,
            "trust_qp": NaN
          },
          {
            "it": 7,
            "energy": 0.35463730633636,
            "dE": 0.022768740731697712,
            "grad_norm": 0.00462499521169924,
            "grad_target": 1e-05,
            "grad_norm_post": NaN,
            "alpha": 0.12454178910260227,
            "ksp_its": 3,
            "ls_evals": 19,
            "ls_repaired": false,
            "used_gradient_fallback": false,
            "accepted_step": true,
            "step_norm": 16.257141906798612,
            "step_rel": 0.1491771474504684,
            "pred_reduction": NaN,
            "actual_reduction": NaN,
            "trust_rejects": 0,
            "t_grad": 0.0007601229008287191,
            "t_hess": 0.016411121003329754,
            "t_ls": 0.011545120039954782,
            "t_update": 5.557900294661522e-06,
            "t_iter": 0.02874672901816666,
            "trust_radius": 1.0,
            "trust_ratio": NaN,
            "trust_qp": NaN
          },
          {
            "it": 8,
            "energy": 0.34585808322155825,
            "dE": 0.008779223114801726,
            "grad_norm": 0.003725344155535233,
            "grad_target": 1e-05,
            "grad_norm_post": NaN,
            "alpha": 1.0856554319518532,
            "ksp_its": 2,
            "ls_evals": 19,
            "ls_repaired": false,
            "used_gradient_fallback": false,
            "accepted_step": true,
            "step_norm": 5.501201447585364,
            "step_rel": 0.04975315506756092,
            "pred_reduction": NaN,
            "actual_reduction": NaN,
            "trust_rejects": 0,
            "t_grad": 0.0007182590197771788,
            "t_hess": 0.015461724018678069,
            "t_ls": 0.011912742047570646,
            "t_update": 5.4480042308568954e-06,
            "t_iter": 0.028123572003096342,
            "trust_radius": 1.0,
            "trust_ratio": NaN,
            "trust_qp": NaN
          },
          {
            "it": 9,
            "energy": 0.34577662398923487,
            "dE": 8.14592323233887e-05,
            "grad_norm": 0.00030570959221546274,
            "grad_target": 1e-05,
            "grad_norm_post": NaN,
            "alpha": 1.0228429476938496,
            "ksp_its": 2,
            "ls_evals": 19,
            "ls_repaired": false,
            "used_gradient_fallback": false,
            "accepted_step": true,
            "step_norm": 0.6270350349000392,
            "step_rel": 0.0057052185471803,
            "pred_reduction": NaN,
            "actual_reduction": NaN,
            "trust_rejects": 0,
            "t_grad": 0.0007499380735680461,
            "t_hess": 0.015433521941304207,
            "t_ls": 0.011775464983657002,
            "t_update": 5.178037099540234e-06,
            "t_iter": 0.027988868998363614,
            "trust_radius": 1.0,
            "trust_ratio": NaN,
            "trust_qp": NaN
          },
          {
            "it": 10,
            "energy": 0.34577661109023844,
            "dE": 1.2898996426535803e-08,
            "grad_norm": 4.17773413985721e-06,
            "grad_target": 1e-05,
            "grad_norm_post": 7.013952750371282e-09,
            "alpha": 0.9999834732596391,
            "ksp_its": 2,
            "ls_evals": 19,
            "ls_repaired": false,
            "used_gradient_fallback": false,
            "accepted_step": true,
            "step_norm": 0.007651022969094073,
            "step_rel": 6.981623451402771e-05,
            "pred_reduction": NaN,
            "actual_reduction": NaN,
            "trust_rejects": 0,
            "t_grad": 0.0007177389925345778,
            "t_hess": 0.015509475953876972,
            "t_ls": 0.011637026909738779,
            "t_update": 6.9999368861317635e-06,
            "t_iter": 0.027893026010133326,
            "trust_radius": 1.0,
            "trust_ratio": NaN,
            "trust_qp": NaN
          }
        ],
        "linear_timing": [
          {
            "assemble_total_time": 0.1732663909206167,
            "assemble_p2p_exchange": 0.00010081101208925247,
            "assemble_hvp_compute": 0.1725027139764279,
            "assemble_extraction": 0.00039029610343277454,
            "assemble_coo_assembly": 0.00023819797206670046,
            "assemble_n_hvps": 8,
            "setop_time": 3.0139926820993423e-06,
            "set_tolerances_time": 2.5229528546333313e-06,
            "pc_setup_time": 0.009749591001309454,
            "solve_time": 0.008596698055043817,
            "linear_total_time": 0.1916182169225067,
            "ksp_its": 7,
            "ksp_reason_code": 2,
            "ksp_reason_name": "CONVERGED_RTOL",
            "ksp_residual_norm": 44.24179097420524,
            "rhs_norm": 0.007407961475354023
          },
          {
            "assemble_total_time": 0.006244374089874327,
            "assemble_p2p_exchange": 0.00015109707601368427,
            "assemble_hvp_compute": 0.005000334000214934,
            "assemble_extraction": 0.0005700160982087255,
            "assemble_coo_assembly": 0.0004942020168527961,
            "assemble_n_hvps": 8,
            "setop_time": 2.65403650701046e-06,
            "set_tolerances_time": 2.3830216377973557e-06,
            "pc_setup_time": 0.007316575036384165,
            "solve_time": 0.007093870081007481,
            "linear_total_time": 0.02065985626541078,
            "ksp_its": 6,
            "ksp_reason_code": 2,
            "ksp_reason_name": "CONVERGED_RTOL",
            "ksp_residual_norm": 0.10490143840790703,
            "rhs_norm": 0.007067861738754222
          },
          {
            "assemble_total_time": 0.004974365001544356,
            "assemble_p2p_exchange": 9.284110274165869e-05,
            "assemble_hvp_compute": 0.004287213087081909,
            "assemble_extraction": 0.000326610985212028,
            "assemble_coo_assembly": 0.0002450979081913829,
            "assemble_n_hvps": 8,
            "setop_time": 2.184067852795124e-06,
            "set_tolerances_time": 1.7320271581411362e-06,
            "pc_setup_time": 0.007349394029006362,
            "solve_time": 0.006088750087656081,
            "linear_total_time": 0.018416425213217735,
            "ksp_its": 5,
            "ksp_reason_code": 2,
            "ksp_reason_name": "CONVERGED_RTOL",
            "ksp_residual_norm": 0.3127220878986679,
            "rhs_norm": 0.009652020746544417
          },
          {
            "assemble_total_time": 0.006151203066110611,
            "assemble_p2p_exchange": 9.355007205158472e-05,
            "assemble_hvp_compute": 0.005501327104866505,
            "assemble_extraction": 0.00032591994386166334,
            "assemble_coo_assembly": 0.00020603998564183712,
            "assemble_n_hvps": 8,
            "setop_time": 2.2739404812455177e-06,
            "set_tolerances_time": 1.9329600036144257e-06,
            "pc_setup_time": 0.00741829804610461,
            "solve_time": 0.004074662923812866,
            "linear_total_time": 0.017648370936512947,
            "ksp_its": 3,
            "ksp_reason_code": 2,
            "ksp_reason_name": "CONVERGED_RTOL",
            "ksp_residual_norm": 0.6346146863766546,
            "rhs_norm": 0.008958328568352868
          },
          {
            "assemble_total_time": 0.005362779018469155,
            "assemble_p2p_exchange": 9.362015407532454e-05,
            "assemble_hvp_compute": 0.004661936080083251,
            "assemble_extraction": 0.00032529898453503847,
            "assemble_coo_assembly": 0.000256615923717618,
            "assemble_n_hvps": 8,
            "setop_time": 2.0829029381275177e-06,
            "set_tolerances_time": 1.9029248505830765e-06,
            "pc_setup_time": 0.007304526981897652,
            "solve_time": 0.004048113012686372,
            "linear_total_time": 0.01671940484084189,
            "ksp_its": 3,
            "ksp_reason_code": 2,
            "ksp_reason_name": "CONVERGED_RTOL",
            "ksp_residual_norm": 0.01912264424041913,
            "rhs_norm": 0.005272686089325954
          },
          {
            "assemble_total_time": 0.005022466997615993,
            "assemble_p2p_exchange": 0.00011074601206928492,
            "assemble_hvp_compute": 0.0043705879943445325,
            "assemble_extraction": 0.00032284599728882313,
            "assemble_coo_assembly": 0.00019570393487811089,
            "assemble_n_hvps": 8,
            "setop_time": 2.023065462708473e-06,
            "set_tolerances_time": 1.893029548227787e-06,
            "pc_setup_time": 0.0073768149595707655,
            "solve_time": 0.004068703972734511,
            "linear_total_time": 0.016471902024932206,
            "ksp_its": 3,
            "ksp_reason_code": 2,
            "ksp_reason_name": "CONVERGED_RTOL",
            "ksp_residual_norm": 0.0012289581479164654,
            "rhs_norm": 0.0057696894165865644
          },
          {
            "assemble_total_time": 0.005049637984484434,
            "assemble_p2p_exchange": 9.310001041740179e-05,
            "assemble_hvp_compute": 0.004397097043693066,
            "assemble_extraction": 0.00032692099921405315,
            "assemble_coo_assembly": 0.00020951509941369295,
            "assemble_n_hvps": 8,
            "setop_time": 2.1329615265130997e-06,
            "set_tolerances_time": 1.8629943951964378e-06,
            "pc_setup_time": 0.007289464003406465,
            "solve_time": 0.0040352040668949485,
            "linear_total_time": 0.016378302010707557,
            "ksp_its": 3,
            "ksp_reason_code": 2,
            "ksp_reason_name": "CONVERGED_RTOL",
            "ksp_residual_norm": 0.0019965876711852725,
            "rhs_norm": 0.00462499521169924
          },
          {
            "assemble_total_time": 0.005072872969321907,
            "assemble_p2p_exchange": 9.250000584870577e-05,
            "assemble_hvp_compute": 0.004427744075655937,
            "assemble_extraction": 0.0003251789603382349,
            "assemble_coo_assembly": 0.00020505802240222692,
            "assemble_n_hvps": 8,
            "setop_time": 1.9329600036144257e-06,
            "set_tolerances_time": 1.801992766559124e-06,
            "pc_setup_time": 0.007303525926545262,
            "solve_time": 0.003047098987735808,
            "linear_total_time": 0.01542723283637315,
            "ksp_its": 2,
            "ksp_reason_code": 2,
            "ksp_reason_name": "CONVERGED_RTOL",
            "ksp_residual_norm": 0.0006619050657703994,
            "rhs_norm": 0.003725344155535233
          },
          {
            "assemble_total_time": 0.005096117965877056,
            "assemble_p2p_exchange": 9.907898493111134e-05,
            "assemble_hvp_compute": 0.004445409984327853,
            "assemble_extraction": 0.0003257689531892538,
            "assemble_coo_assembly": 0.0002020229585468769,
            "assemble_n_hvps": 8,
            "setop_time": 1.8229475244879723e-06,
            "set_tolerances_time": 2.062995918095112e-06,
            "pc_setup_time": 0.007275152951478958,
            "solve_time": 0.0030264579690992832,
            "linear_total_time": 0.01540161482989788,
            "ksp_its": 2,
            "ksp_reason_code": 2,
            "ksp_reason_name": "CONVERGED_RTOL",
            "ksp_residual_norm": 4.8723104997047035e-05,
            "rhs_norm": 0.00030570959221546274
          },
          {
            "assemble_total_time": 0.005028595915064216,
            "assemble_p2p_exchange": 0.00010947498958557844,
            "assemble_hvp_compute": 0.00437830900773406,
            "assemble_extraction": 0.000322975916787982,
            "assemble_coo_assembly": 0.00019565399270504713,
            "assemble_n_hvps": 8,
            "setop_time": 1.8730061128735542e-06,
            "set_tolerances_time": 1.792912371456623e-06,
            "pc_setup_time": 0.0073991690296679735,
            "solve_time": 0.0030457969987764955,
            "linear_total_time": 0.015477227861993015,
            "ksp_its": 2,
            "ksp_reason_code": 2,
            "ksp_reason_name": "CONVERGED_RTOL",
            "ksp_residual_norm": 7.330490208486717e-07,
            "rhs_norm": 4.17773413985721e-06
          }
        ]
      }
    ],
    "metadata": {
      "profile": "reference",
      "nprocs": 1,
      "nproc_threads": 1,
      "problem": {
        "name": "GinzburgLandau2D"
      },
      "linear_solver": {
        "ksp_type": "gmres",
        "pc_type": "hypre",
        "ksp_rtol": 0.001,
        "ksp_max_it": 200,
        "pc_setup_on_ksp_cap": false,
        "gamg_threshold": 0.05,
        "gamg_agg_nsmooths": 1,
        "gamg_set_coordinates": true,
        "reorder": true,
        "hvp_eval_mode": "sfd_local_batched",
        "assembly_mode": "element",
        "element_reorder_mode": "block_xyz",
        "local_hessian_mode": "sfd_local",
        "distribution_strategy": "overlap_allgather",
        "assembler": "GLReorderedElementAssembler",
        "trust_subproblem_solver": "direct_linear_solve",
        "trust_subproblem_line_search": false
      },
      "newton": {
        "tolf": 1e-06,
        "tolg": 1e-05,
        "tolg_rel": 0.001,
        "tolx_rel": 0.001,
        "tolx_abs": 1e-10,
        "maxit": 100,
        "require_all_convergence": true,
        "fail_on_nonfinite": true,
        "linesearch_interval": [
          -0.5,
          2.0
        ],
        "linesearch_tol": 0.001,
        "trust_region": false,
        "trust_radius_init": 1.0,
        "trust_radius_min": 1e-08,
        "trust_radius_max": 1000000.0,
        "trust_subproblem_line_search": false,
        "step_time_limit_s": null
      }
    }
  }
}
