An NVIDIA GPU may be present on this machine, but a CUDA-enabled jaxlib is not installed. Falling back to cpu.
{
  "case": {
    "problem": "gl",
    "backend": "element",
    "level": 7,
    "out": "/home/michal/repos/fenics_nonlinear_energies/artifacts/reproduction/2026-03-15_refactor_stage2b_final/full/gl_final_suite/jax_petsc_local_sfd_l7_np1.json",
    "quiet": true,
    "save_history": true,
    "save_linear_timing": true,
    "steps": 1,
    "start_step": 1,
    "total_steps": 24,
    "ksp_type": "gmres",
    "pc_type": "hypre",
    "ksp_rtol": 0.001,
    "ksp_max_it": 200,
    "profile": "reference",
    "coloring_trials": 10,
    "nproc_threads": 1,
    "hvp_eval_mode": "sequential",
    "element_reorder_mode": "block_xyz",
    "local_hessian_mode": "sfd_local",
    "tolf": 1e-06,
    "tolg": 1e-05,
    "tolg_rel": 0.001,
    "tolx_rel": 0.001,
    "tolx_abs": 1e-10,
    "maxit": 100,
    "step_time_limit_s": null,
    "linesearch_a": -0.5,
    "linesearch_b": 2.0,
    "linesearch_tol": 0.001,
    "use_trust_region": false,
    "trust_radius_init": 1.0,
    "trust_radius_min": 1e-08,
    "trust_radius_max": 1000000.0,
    "trust_shrink": 0.5,
    "trust_expand": 1.5,
    "trust_eta_shrink": 0.05,
    "trust_eta_expand": 0.75,
    "trust_max_reject": 6,
    "trust_subproblem_line_search": false,
    "local_coloring": true,
    "retry_on_failure": false,
    "pc_setup_on_ksp_cap": false,
    "use_near_nullspace": true,
    "reorder": null,
    "gamg_threshold": 0.05,
    "gamg_agg_nsmooths": 1,
    "gamg_set_coordinates": true
  },
  "result": {
    "mesh_level": 7,
    "total_dofs": 66049,
    "free_dofs": 65025,
    "setup_time": 1.605668,
    "solve_time_total": 0.920028,
    "total_time": 2.575359,
    "steps": [
      {
        "step": 1,
        "time": 0.920028,
        "nit": 7,
        "linear_iters": 28,
        "energy": 0.34566225747975293,
        "message": "Converged (energy, step, gradient)",
        "attempt": "primary",
        "ksp_rtol_used": 0.001,
        "ksp_max_it_used": 200,
        "linesearch_interval_used": [
          -0.5,
          2.0
        ],
        "history": [
          {
            "it": 1,
            "energy": 0.5598961573396207,
            "dE": 0.10541352510775659,
            "grad_norm": 0.0037046037706002775,
            "grad_target": 1e-05,
            "grad_norm_post": NaN,
            "alpha": -0.2712594954246549,
            "ksp_its": 9,
            "ls_evals": 19,
            "ls_repaired": false,
            "used_gradient_fallback": false,
            "accepted_step": true,
            "step_norm": 65.02653277419721,
            "step_rel": 0.5080197872984157,
            "pred_reduction": NaN,
            "actual_reduction": NaN,
            "trust_rejects": 0,
            "t_grad": 0.0023286399664357305,
            "t_hess": 0.3084792250301689,
            "t_ls": 0.028913234011270106,
            "t_update": 1.7966958694159985e-05,
            "t_iter": 0.3397829729365185,
            "trust_radius": 1.0,
            "trust_ratio": NaN,
            "trust_qp": NaN
          },
          {
            "it": 2,
            "energy": 0.508793882542242,
            "dE": 0.05110227479737872,
            "grad_norm": 0.0040454328492062945,
            "grad_target": 1e-05,
            "grad_norm_post": NaN,
            "alpha": 0.33330578876600614,
            "ksp_its": 6,
            "ls_evals": 19,
            "ls_repaired": false,
            "used_gradient_fallback": false,
            "accepted_step": true,
            "step_norm": 51.96786126968244,
            "step_rel": 0.321750685445768,
            "pred_reduction": NaN,
            "actual_reduction": NaN,
            "trust_rejects": 0,
            "t_grad": 0.0020823400700464845,
            "t_hess": 0.07879326795227826,
            "t_ls": 0.029294898035004735,
            "t_update": 1.78369227796793e-05,
            "t_iter": 0.11022829299326986,
            "trust_radius": 1.0,
            "trust_ratio": NaN,
            "trust_qp": NaN
          },
          {
            "it": 3,
            "energy": 0.441804906401241,
            "dE": 0.06698897614100102,
            "grad_norm": 0.00220224875123511,
            "grad_target": 1e-05,
            "grad_norm_post": NaN,
            "alpha": -0.3066814667103487,
            "ksp_its": 4,
            "ls_evals": 19,
            "ls_repaired": false,
            "used_gradient_fallback": false,
            "accepted_step": true,
            "step_norm": 67.38192260130022,
            "step_rel": 0.3593431515262617,
            "pred_reduction": NaN,
            "actual_reduction": NaN,
            "trust_rejects": 0,
            "t_grad": 0.002917535020969808,
            "t_hess": 0.06865140702575445,
            "t_ls": 0.027827721904031932,
            "t_update": 1.730595249682665e-05,
            "t_iter": 0.09945397102274,
            "trust_radius": 1.0,
            "trust_ratio": NaN,
            "trust_qp": NaN
          },
          {
            "it": 4,
            "energy": 0.36522594987210816,
            "dE": 0.07657895652913282,
            "grad_norm": 0.0034232489963048783,
            "grad_target": 1e-05,
            "grad_norm_post": NaN,
            "alpha": 0.2953508899356777,
            "ksp_its": 3,
            "ls_evals": 19,
            "ls_repaired": false,
            "used_gradient_fallback": false,
            "accepted_step": true,
            "step_norm": 56.86360241833956,
            "step_rel": 0.2817012688405405,
            "pred_reduction": NaN,
            "actual_reduction": NaN,
            "trust_rejects": 0,
            "t_grad": 0.0020863660611212254,
            "t_hess": 0.06451125489547849,
            "t_ls": 0.027978559024631977,
            "t_update": 1.7677084542810917e-05,
            "t_iter": 0.09463111206423491,
            "trust_radius": 1.0,
            "trust_ratio": NaN,
            "trust_qp": NaN
          },
          {
            "it": 5,
            "energy": 0.34602115180043236,
            "dE": 0.0192047980716758,
            "grad_norm": 0.0025404742516902117,
            "grad_target": 1e-05,
            "grad_norm_post": NaN,
            "alpha": 0.9401365922257539,
            "ksp_its": 2,
            "ls_evals": 19,
            "ls_repaired": false,
            "used_gradient_fallback": false,
            "accepted_step": true,
            "step_norm": 16.85483262325574,
            "step_rel": 0.07787397072018143,
            "pred_reduction": NaN,
            "actual_reduction": NaN,
            "trust_rejects": 0,
            "t_grad": 0.002080296049825847,
            "t_hess": 0.06069687206763774,
            "t_ls": 0.028175855986773968,
            "t_update": 1.7385929822921753e-05,
            "t_iter": 0.09101475600618869,
            "trust_radius": 1.0,
            "trust_ratio": NaN,
            "trust_qp": NaN
          },
          {
            "it": 6,
            "energy": 0.34566236274956186,
            "dE": 0.0003587890508705005,
            "grad_norm": 0.00031195204529708775,
            "grad_target": 1e-05,
            "grad_norm_post": NaN,
            "alpha": 1.0376709638144412,
            "ksp_its": 2,
            "ls_evals": 19,
            "ls_repaired": false,
            "used_gradient_fallback": false,
            "accepted_step": true,
            "step_norm": 2.6489651520878894,
            "step_rel": 0.012004039963477856,
            "pred_reduction": NaN,
            "actual_reduction": NaN,
            "trust_rejects": 0,
            "t_grad": 0.002084332052618265,
            "t_hess": 0.06037895393092185,
            "t_ls": 0.027834953973069787,
            "t_update": 1.686497125774622e-05,
            "t_iter": 0.09035366296302527,
            "trust_radius": 1.0,
            "trust_ratio": NaN,
            "trust_qp": NaN
          },
          {
            "it": 7,
            "energy": 0.34566225747975293,
            "dE": 1.0526980892544557e-07,
            "grad_norm": 5.583219528464664e-06,
            "grad_target": 1e-05,
            "grad_norm_post": 1.4350945874890066e-08,
            "alpha": 1.0006835572147665,
            "ksp_its": 2,
            "ls_evals": 19,
            "ls_repaired": false,
            "used_gradient_fallback": false,
            "accepted_step": true,
            "step_norm": 0.04444332197130038,
            "step_rel": 0.0002027958206323349,
            "pred_reduction": NaN,
            "actual_reduction": NaN,
            "trust_rejects": 0,
            "t_grad": 0.002074297983199358,
            "t_hess": 0.060391142033040524,
            "t_ls": 0.028090647072531283,
            "t_update": 1.7015961930155754e-05,
            "t_iter": 0.09061141102574766,
            "trust_radius": 1.0,
            "trust_ratio": NaN,
            "trust_qp": NaN
          }
        ],
        "linear_timing": [
          {
            "assemble_total_time": 0.22975583199877292,
            "assemble_p2p_exchange": 0.0002979480195790529,
            "assemble_hvp_compute": 0.2272447069408372,
            "assemble_extraction": 0.001350759994238615,
            "assemble_coo_assembly": 0.0008062319830060005,
            "assemble_n_hvps": 7,
            "setop_time": 3.3550895750522614e-06,
            "set_tolerances_time": 2.3529864847660065e-06,
            "pc_setup_time": 0.03553618700243533,
            "solve_time": 0.0430992339970544,
            "linear_total_time": 0.30839696107432246,
            "ksp_its": 9,
            "ksp_reason_code": 2,
            "ksp_reason_name": "CONVERGED_RTOL",
            "ksp_residual_norm": 32.83949276535346,
            "rhs_norm": 0.0037046037706002775
          },
          {
            "assemble_total_time": 0.021966924075968564,
            "assemble_p2p_exchange": 0.0005025450373068452,
            "assemble_hvp_compute": 0.017569876043125987,
            "assemble_extraction": 0.0018238909542560577,
            "assemble_coo_assembly": 0.002019756007939577,
            "assemble_n_hvps": 7,
            "setop_time": 2.8139911592006683e-06,
            "set_tolerances_time": 3.1850067898631096e-06,
            "pc_setup_time": 0.028066420927643776,
            "solve_time": 0.028681986965239048,
            "linear_total_time": 0.07872133096680045,
            "ksp_its": 6,
            "ksp_reason_code": 2,
            "ksp_reason_name": "CONVERGED_RTOL",
            "ksp_residual_norm": 0.5917900437114968,
            "rhs_norm": 0.0040454328492062945
          },
          {
            "assemble_total_time": 0.020202783052809536,
            "assemble_p2p_exchange": 0.00030992599204182625,
            "assemble_hvp_compute": 0.017473321058787405,
            "assemble_extraction": 0.0013795329723507166,
            "assemble_coo_assembly": 0.0009889970533549786,
            "assemble_n_hvps": 7,
            "setop_time": 2.3640459403395653e-06,
            "set_tolerances_time": 1.9730068743228912e-06,
            "pc_setup_time": 0.02800643106456846,
            "solve_time": 0.02036388497799635,
            "linear_total_time": 0.06857743614818901,
            "ksp_its": 4,
            "ksp_reason_code": 2,
            "ksp_reason_name": "CONVERGED_RTOL",
            "ksp_residual_norm": 1.7748136577621951,
            "rhs_norm": 0.00220224875123511
          },
          {
            "assemble_total_time": 0.020208021043799818,
            "assemble_p2p_exchange": 0.00029769702814519405,
            "assemble_hvp_compute": 0.01763265999034047,
            "assemble_extraction": 0.001394124934449792,
            "assemble_coo_assembly": 0.0008383189560845494,
            "assemble_n_hvps": 7,
            "setop_time": 2.583954483270645e-06,
            "set_tolerances_time": 2.3739412426948547e-06,
            "pc_setup_time": 0.027986781089566648,
            "solve_time": 0.016247239080257714,
            "linear_total_time": 0.06444699910935014,
            "ksp_its": 3,
            "ksp_reason_code": 2,
            "ksp_reason_name": "CONVERGED_RTOL",
            "ksp_residual_norm": 0.02374513900554457,
            "rhs_norm": 0.0034232489963048783
          },
          {
            "assemble_total_time": 0.02050512796267867,
            "assemble_p2p_exchange": 0.00029619585257023573,
            "assemble_hvp_compute": 0.01789202098734677,
            "assemble_extraction": 0.0013949059648439288,
            "assemble_coo_assembly": 0.0008759560296311975,
            "assemble_n_hvps": 7,
            "setop_time": 2.483953721821308e-06,
            "set_tolerances_time": 2.2529857233166695e-06,
            "pc_setup_time": 0.027976486016996205,
            "solve_time": 0.012144061038270593,
            "linear_total_time": 0.060630411957390606,
            "ksp_its": 2,
            "ksp_reason_code": 2,
            "ksp_reason_name": "CONVERGED_RTOL",
            "ksp_residual_norm": 0.004432353341278225,
            "rhs_norm": 0.0025404742516902117
          },
          {
            "assemble_total_time": 0.020198566024191678,
            "assemble_p2p_exchange": 0.00029796792659908533,
            "assemble_hvp_compute": 0.017497136956080794,
            "assemble_extraction": 0.0013849609531462193,
            "assemble_coo_assembly": 0.0009706090204417706,
            "assemble_n_hvps": 7,
            "setop_time": 2.292916178703308e-06,
            "set_tolerances_time": 2.0939623937010765e-06,
            "pc_setup_time": 0.027966841007582843,
            "solve_time": 0.012143950909376144,
            "linear_total_time": 0.06031374481972307,
            "ksp_its": 2,
            "ksp_reason_code": 2,
            "ksp_reason_name": "CONVERGED_RTOL",
            "ksp_residual_norm": 0.0002315941278085934,
            "rhs_norm": 0.00031195204529708775
          },
          {
            "assemble_total_time": 0.02027937804814428,
            "assemble_p2p_exchange": 0.0002981181023642421,
            "assemble_hvp_compute": 0.01771569496486336,
            "assemble_extraction": 0.001395737985149026,
            "assemble_coo_assembly": 0.000822255969978869,
            "assemble_n_hvps": 7,
            "setop_time": 2.5639310479164124e-06,
            "set_tolerances_time": 2.0229490473866463e-06,
            "pc_setup_time": 0.02787153807003051,
            "solve_time": 0.012164311949163675,
            "linear_total_time": 0.06031981494743377,
            "ksp_its": 2,
            "ksp_reason_code": 2,
            "ksp_reason_name": "CONVERGED_RTOL",
            "ksp_residual_norm": 5.344906826273641e-06,
            "rhs_norm": 5.583219528464664e-06
          }
        ]
      }
    ],
    "metadata": {
      "profile": "reference",
      "nprocs": 1,
      "nproc_threads": 1,
      "problem": {
        "name": "GinzburgLandau2D"
      },
      "linear_solver": {
        "ksp_type": "gmres",
        "pc_type": "hypre",
        "ksp_rtol": 0.001,
        "ksp_max_it": 200,
        "pc_setup_on_ksp_cap": false,
        "gamg_threshold": 0.05,
        "gamg_agg_nsmooths": 1,
        "gamg_set_coordinates": true,
        "reorder": true,
        "hvp_eval_mode": "sfd_local_batched",
        "assembly_mode": "element",
        "element_reorder_mode": "block_xyz",
        "local_hessian_mode": "sfd_local",
        "distribution_strategy": "overlap_allgather",
        "assembler": "GLReorderedElementAssembler",
        "trust_subproblem_solver": "direct_linear_solve",
        "trust_subproblem_line_search": false
      },
      "newton": {
        "tolf": 1e-06,
        "tolg": 1e-05,
        "tolg_rel": 0.001,
        "tolx_rel": 0.001,
        "tolx_abs": 1e-10,
        "maxit": 100,
        "require_all_convergence": true,
        "fail_on_nonfinite": true,
        "linesearch_interval": [
          -0.5,
          2.0
        ],
        "linesearch_tol": 0.001,
        "trust_region": false,
        "trust_radius_init": 1.0,
        "trust_radius_min": 1e-08,
        "trust_radius_max": 1000000.0,
        "trust_subproblem_line_search": false,
        "step_time_limit_s": null
      }
    }
  }
}
