An NVIDIA GPU may be present on this machine, but a CUDA-enabled jaxlib is not installed. Falling back to cpu.
An NVIDIA GPU may be present on this machine, but a CUDA-enabled jaxlib is not installed. Falling back to cpu.
An NVIDIA GPU may be present on this machine, but a CUDA-enabled jaxlib is not installed. Falling back to cpu.
An NVIDIA GPU may be present on this machine, but a CUDA-enabled jaxlib is not installed. Falling back to cpu.
An NVIDIA GPU may be present on this machine, but a CUDA-enabled jaxlib is not installed. Falling back to cpu.
An NVIDIA GPU may be present on this machine, but a CUDA-enabled jaxlib is not installed. Falling back to cpu.
An NVIDIA GPU may be present on this machine, but a CUDA-enabled jaxlib is not installed. Falling back to cpu.
An NVIDIA GPU may be present on this machine, but a CUDA-enabled jaxlib is not installed. Falling back to cpu.
An NVIDIA GPU may be present on this machine, but a CUDA-enabled jaxlib is not installed. Falling back to cpu.
An NVIDIA GPU may be present on this machine, but a CUDA-enabled jaxlib is not installed. Falling back to cpu.
An NVIDIA GPU may be present on this machine, but a CUDA-enabled jaxlib is not installed. Falling back to cpu.
An NVIDIA GPU may be present on this machine, but a CUDA-enabled jaxlib is not installed. Falling back to cpu.
An NVIDIA GPU may be present on this machine, but a CUDA-enabled jaxlib is not installed. Falling back to cpu.
An NVIDIA GPU may be present on this machine, but a CUDA-enabled jaxlib is not installed. Falling back to cpu.
An NVIDIA GPU may be present on this machine, but a CUDA-enabled jaxlib is not installed. Falling back to cpu.
An NVIDIA GPU may be present on this machine, but a CUDA-enabled jaxlib is not installed. Falling back to cpu.
{
  "case": {
    "problem": "gl",
    "backend": "element",
    "level": 7,
    "out": "/home/michal/repos/fenics_nonlinear_energies/artifacts/reproduction/2026-03-15_refactor_stage2b_final/full/gl_final_suite/jax_petsc_local_sfd_l7_np16.json",
    "quiet": true,
    "save_history": true,
    "save_linear_timing": true,
    "steps": 1,
    "start_step": 1,
    "total_steps": 24,
    "ksp_type": "gmres",
    "pc_type": "hypre",
    "ksp_rtol": 0.001,
    "ksp_max_it": 200,
    "profile": "reference",
    "coloring_trials": 10,
    "nproc_threads": 1,
    "hvp_eval_mode": "sequential",
    "element_reorder_mode": "block_xyz",
    "local_hessian_mode": "sfd_local",
    "tolf": 1e-06,
    "tolg": 1e-05,
    "tolg_rel": 0.001,
    "tolx_rel": 0.001,
    "tolx_abs": 1e-10,
    "maxit": 100,
    "step_time_limit_s": null,
    "linesearch_a": -0.5,
    "linesearch_b": 2.0,
    "linesearch_tol": 0.001,
    "use_trust_region": false,
    "trust_radius_init": 1.0,
    "trust_radius_min": 1e-08,
    "trust_radius_max": 1000000.0,
    "trust_shrink": 0.5,
    "trust_expand": 1.5,
    "trust_eta_shrink": 0.05,
    "trust_eta_expand": 0.75,
    "trust_max_reject": 6,
    "trust_subproblem_line_search": false,
    "local_coloring": true,
    "retry_on_failure": false,
    "pc_setup_on_ksp_cap": false,
    "use_near_nullspace": true,
    "reorder": null,
    "gamg_threshold": 0.05,
    "gamg_agg_nsmooths": 1,
    "gamg_set_coordinates": true
  },
  "result": {
    "mesh_level": 7,
    "total_dofs": 66049,
    "free_dofs": 65025,
    "setup_time": 0.987686,
    "solve_time_total": 0.453006,
    "total_time": 1.493108,
    "steps": [
      {
        "step": 1,
        "time": 0.453006,
        "nit": 6,
        "linear_iters": 21,
        "energy": 0.3456622574797168,
        "message": "Converged (energy, step, gradient)",
        "attempt": "primary",
        "ksp_rtol_used": 0.001,
        "ksp_max_it_used": 200,
        "linesearch_interval_used": [
          -0.5,
          2.0
        ],
        "history": [
          {
            "it": 1,
            "energy": 0.4871822716330272,
            "dE": 0.17812741081435024,
            "grad_norm": 0.0037046037706002784,
            "grad_target": 1e-05,
            "grad_norm_post": NaN,
            "alpha": -0.3429687893550494,
            "ksp_its": 6,
            "ls_evals": 19,
            "ls_repaired": false,
            "used_gradient_fallback": false,
            "accepted_step": true,
            "step_norm": 79.77250178391283,
            "step_rel": 0.623222670186819,
            "pred_reduction": NaN,
            "actual_reduction": NaN,
            "trust_rejects": 0,
            "t_grad": 0.0009068929357454181,
            "t_hess": 0.19100133993197232,
            "t_ls": 0.018871824955567718,
            "t_update": 4.356959834694862e-06,
            "t_iter": 0.21084436401724815,
            "trust_radius": 1.0,
            "trust_ratio": NaN,
            "trust_qp": NaN
          },
          {
            "it": 2,
            "energy": 0.4625675221273782,
            "dE": 0.024614749505649014,
            "grad_norm": 0.0034964784455784616,
            "grad_target": 1e-05,
            "grad_norm_post": NaN,
            "alpha": -0.49964995802247814,
            "ksp_its": 6,
            "ls_evals": 19,
            "ls_repaired": false,
            "used_gradient_fallback": false,
            "accepted_step": true,
            "step_norm": 44.68846899467823,
            "step_rel": 0.24100385791111104,
            "pred_reduction": NaN,
            "actual_reduction": NaN,
            "trust_rejects": 0,
            "t_grad": 0.0007629070896655321,
            "t_hess": 0.03301394998561591,
            "t_ls": 0.01915036397986114,
            "t_update": 4.347064532339573e-06,
            "t_iter": 0.05298350506927818,
            "trust_radius": 1.0,
            "trust_ratio": NaN,
            "trust_qp": NaN
          },
          {
            "it": 3,
            "energy": 0.3714207898845925,
            "dE": 0.09114673224278569,
            "grad_norm": 0.005069275299920413,
            "grad_target": 1e-05,
            "grad_norm_post": NaN,
            "alpha": 0.2453683108048338,
            "ksp_its": 3,
            "ls_evals": 19,
            "ls_repaired": false,
            "used_gradient_fallback": false,
            "accepted_step": true,
            "step_norm": 49.454403140734485,
            "step_rel": 0.26454312872289365,
            "pred_reduction": NaN,
            "actual_reduction": NaN,
            "trust_rejects": 0,
            "t_grad": 0.0007918899646028876,
            "t_hess": 0.02829294395633042,
            "t_ls": 0.01933114603161812,
            "t_update": 3.965920768678188e-06,
            "t_iter": 0.048470561974681914,
            "trust_radius": 1.0,
            "trust_ratio": NaN,
            "trust_qp": NaN
          },
          {
            "it": 4,
            "energy": 0.34618365709910126,
            "dE": 0.025237132785491223,
            "grad_norm": 0.0034982899999237514,
            "grad_target": 1e-05,
            "grad_norm_post": NaN,
            "alpha": 0.9652615859289553,
            "ksp_its": 2,
            "ls_evals": 19,
            "ls_repaired": false,
            "used_gradient_fallback": false,
            "accepted_step": true,
            "step_norm": 19.096319551830756,
            "step_rel": 0.08885415163240393,
            "pred_reduction": NaN,
            "actual_reduction": NaN,
            "trust_rejects": 0,
            "t_grad": 0.0008578191045671701,
            "t_hess": 0.026885729050263762,
            "t_ls": 0.019292105920612812,
            "t_update": 3.876048140227795e-06,
            "t_iter": 0.047089827014133334,
            "trust_radius": 1.0,
            "trust_ratio": NaN,
            "trust_qp": NaN
          },
          {
            "it": 5,
            "energy": 0.34566232405875486,
            "dE": 0.0005213330403464056,
            "grad_norm": 0.0003886231585223812,
            "grad_target": 1e-05,
            "grad_norm_post": NaN,
            "alpha": 1.0299069137765817,
            "ksp_its": 2,
            "ls_evals": 19,
            "ls_repaired": false,
            "used_gradient_fallback": false,
            "accepted_step": true,
            "step_norm": 2.9948231629584434,
            "step_rel": 0.013520671828576691,
            "pred_reduction": NaN,
            "actual_reduction": NaN,
            "trust_rejects": 0,
            "t_grad": 0.0007953760214149952,
            "t_hess": 0.025424984050914645,
            "t_ls": 0.019371676025912166,
            "t_update": 3.764987923204899e-06,
            "t_iter": 0.04564777004998177,
            "trust_radius": 1.0,
            "trust_ratio": NaN,
            "trust_qp": NaN
          },
          {
            "it": 6,
            "energy": 0.3456622574797168,
            "dE": 6.657903806051024e-08,
            "grad_norm": 4.772192809106135e-06,
            "grad_target": 1e-05,
            "grad_norm_post": 1.2068312960589267e-08,
            "alpha": 0.9999834732596391,
            "ksp_its": 2,
            "ls_evals": 19,
            "ls_repaired": false,
            "used_gradient_fallback": false,
            "accepted_step": true,
            "step_norm": 0.033989610456525945,
            "step_rel": 0.00015509281688436043,
            "pred_reduction": NaN,
            "actual_reduction": NaN,
            "trust_rejects": 0,
            "t_grad": 0.0008046189323067665,
            "t_hess": 0.02527262596413493,
            "t_ls": 0.01943671389017254,
            "t_update": 3.8460129871964455e-06,
            "t_iter": 0.045569502050057054,
            "trust_radius": 1.0,
            "trust_ratio": NaN,
            "trust_qp": NaN
          }
        ],
        "linear_timing": [
          {
            "assemble_total_time": 0.15853738493751734,
            "assemble_p2p_exchange": 0.0003227150300517678,
            "assemble_hvp_compute": 0.15232017100788653,
            "assemble_extraction": 0.00011669506784528494,
            "assemble_coo_assembly": 0.00573148496914655,
            "assemble_n_hvps": 7,
            "setop_time": 3.2850075513124466e-06,
            "set_tolerances_time": 2.5240005925297737e-06,
            "pc_setup_time": 0.02040842396672815,
            "solve_time": 0.011976201087236404,
            "linear_total_time": 0.19092781899962574,
            "ksp_its": 6,
            "ksp_reason_code": 2,
            "ksp_reason_name": "CONVERGED_RTOL",
            "ksp_residual_norm": 128.451495063537,
            "rhs_norm": 0.0037046037706002784
          },
          {
            "assemble_total_time": 0.00255646207369864,
            "assemble_p2p_exchange": 0.0002530110068619251,
            "assemble_hvp_compute": 0.0014743460342288017,
            "assemble_extraction": 0.0001285530161112547,
            "assemble_coo_assembly": 0.0006661709630861878,
            "assemble_n_hvps": 7,
            "setop_time": 2.914923243224621e-06,
            "set_tolerances_time": 2.262997440993786e-06,
            "pc_setup_time": 0.018576952046714723,
            "solve_time": 0.011812494019977748,
            "linear_total_time": 0.03295108606107533,
            "ksp_its": 6,
            "ksp_reason_code": 2,
            "ksp_reason_name": "CONVERGED_RTOL",
            "ksp_residual_norm": 0.42064941232599573,
            "rhs_norm": 0.0034964784455784616
          },
          {
            "assemble_total_time": 0.0024835519725456834,
            "assemble_p2p_exchange": 0.00032269489020109177,
            "assemble_hvp_compute": 0.0016087580006569624,
            "assemble_extraction": 0.00013066595420241356,
            "assemble_coo_assembly": 0.0003870920045301318,
            "assemble_n_hvps": 7,
            "setop_time": 2.234010025858879e-06,
            "set_tolerances_time": 2.1329615265130997e-06,
            "pc_setup_time": 0.019005405949428678,
            "solve_time": 0.006742372992448509,
            "linear_total_time": 0.02823569788597524,
            "ksp_its": 3,
            "ksp_reason_code": 2,
            "ksp_reason_name": "CONVERGED_RTOL",
            "ksp_residual_norm": 0.08114862580473303,
            "rhs_norm": 0.005069275299920413
          },
          {
            "assemble_total_time": 0.003012667060829699,
            "assemble_p2p_exchange": 0.0003102659247815609,
            "assemble_hvp_compute": 0.0015444910386577249,
            "assemble_extraction": 0.000124456943012774,
            "assemble_coo_assembly": 0.0010027979733422399,
            "assemble_n_hvps": 7,
            "setop_time": 3.003980964422226e-06,
            "set_tolerances_time": 1.742970198392868e-06,
            "pc_setup_time": 0.01865215494763106,
            "solve_time": 0.005159395048394799,
            "linear_total_time": 0.026828964008018374,
            "ksp_its": 2,
            "ksp_reason_code": 2,
            "ksp_reason_name": "CONVERGED_RTOL",
            "ksp_residual_norm": 0.00449404842327213,
            "rhs_norm": 0.0034982899999237514
          },
          {
            "assemble_total_time": 0.0024173030396923423,
            "assemble_p2p_exchange": 0.0003158050822094083,
            "assemble_hvp_compute": 0.0015719630755484104,
            "assemble_extraction": 0.00012317602522671223,
            "assemble_coo_assembly": 0.0003757849335670471,
            "assemble_n_hvps": 7,
            "setop_time": 2.4529872462153435e-06,
            "set_tolerances_time": 2.154032699763775e-06,
            "pc_setup_time": 0.017973104026168585,
            "solve_time": 0.004973315051756799,
            "linear_total_time": 0.025368329137563705,
            "ksp_its": 2,
            "ksp_reason_code": 2,
            "ksp_reason_name": "CONVERGED_RTOL",
            "ksp_residual_norm": 0.0007781028960572345,
            "rhs_norm": 0.0003886231585223812
          },
          {
            "assemble_total_time": 0.0024015289964154363,
            "assemble_p2p_exchange": 0.00032018101774156094,
            "assemble_hvp_compute": 0.0015035000396892428,
            "assemble_extraction": 0.00013178808148950338,
            "assemble_coo_assembly": 0.0004114380571991205,
            "assemble_n_hvps": 7,
            "setop_time": 2.404092811048031e-06,
            "set_tolerances_time": 1.993030309677124e-06,
            "pc_setup_time": 0.01797414501197636,
            "solve_time": 0.004836290027014911,
            "linear_total_time": 0.025216361158527434,
            "ksp_its": 2,
            "ksp_reason_code": 2,
            "ksp_reason_name": "CONVERGED_RTOL",
            "ksp_residual_norm": 1.3339108670497884e-05,
            "rhs_norm": 4.772192809106135e-06
          }
        ]
      }
    ],
    "metadata": {
      "profile": "reference",
      "nprocs": 16,
      "nproc_threads": 1,
      "problem": {
        "name": "GinzburgLandau2D"
      },
      "linear_solver": {
        "ksp_type": "gmres",
        "pc_type": "hypre",
        "ksp_rtol": 0.001,
        "ksp_max_it": 200,
        "pc_setup_on_ksp_cap": false,
        "gamg_threshold": 0.05,
        "gamg_agg_nsmooths": 1,
        "gamg_set_coordinates": true,
        "reorder": true,
        "hvp_eval_mode": "sfd_local_batched",
        "assembly_mode": "element",
        "element_reorder_mode": "block_xyz",
        "local_hessian_mode": "sfd_local",
        "distribution_strategy": "overlap_allgather",
        "assembler": "GLReorderedElementAssembler",
        "trust_subproblem_solver": "direct_linear_solve",
        "trust_subproblem_line_search": false
      },
      "newton": {
        "tolf": 1e-06,
        "tolg": 1e-05,
        "tolg_rel": 0.001,
        "tolx_rel": 0.001,
        "tolx_abs": 1e-10,
        "maxit": 100,
        "require_all_convergence": true,
        "fail_on_nonfinite": true,
        "linesearch_interval": [
          -0.5,
          2.0
        ],
        "linesearch_tol": 0.001,
        "trust_region": false,
        "trust_radius_init": 1.0,
        "trust_radius_min": 1e-08,
        "trust_radius_max": 1000000.0,
        "trust_subproblem_line_search": false,
        "step_time_limit_s": null
      }
    }
  }
}
