An NVIDIA GPU may be present on this machine, but a CUDA-enabled jaxlib is not installed. Falling back to cpu.
An NVIDIA GPU may be present on this machine, but a CUDA-enabled jaxlib is not installed. Falling back to cpu.
An NVIDIA GPU may be present on this machine, but a CUDA-enabled jaxlib is not installed. Falling back to cpu.
An NVIDIA GPU may be present on this machine, but a CUDA-enabled jaxlib is not installed. Falling back to cpu.
An NVIDIA GPU may be present on this machine, but a CUDA-enabled jaxlib is not installed. Falling back to cpu.
An NVIDIA GPU may be present on this machine, but a CUDA-enabled jaxlib is not installed. Falling back to cpu.
An NVIDIA GPU may be present on this machine, but a CUDA-enabled jaxlib is not installed. Falling back to cpu.
An NVIDIA GPU may be present on this machine, but a CUDA-enabled jaxlib is not installed. Falling back to cpu.
An NVIDIA GPU may be present on this machine, but a CUDA-enabled jaxlib is not installed. Falling back to cpu.
An NVIDIA GPU may be present on this machine, but a CUDA-enabled jaxlib is not installed. Falling back to cpu.
An NVIDIA GPU may be present on this machine, but a CUDA-enabled jaxlib is not installed. Falling back to cpu.
An NVIDIA GPU may be present on this machine, but a CUDA-enabled jaxlib is not installed. Falling back to cpu.
An NVIDIA GPU may be present on this machine, but a CUDA-enabled jaxlib is not installed. Falling back to cpu.
An NVIDIA GPU may be present on this machine, but a CUDA-enabled jaxlib is not installed. Falling back to cpu.
An NVIDIA GPU may be present on this machine, but a CUDA-enabled jaxlib is not installed. Falling back to cpu.
An NVIDIA GPU may be present on this machine, but a CUDA-enabled jaxlib is not installed. Falling back to cpu.
An NVIDIA GPU may be present on this machine, but a CUDA-enabled jaxlib is not installed. Falling back to cpu.
An NVIDIA GPU may be present on this machine, but a CUDA-enabled jaxlib is not installed. Falling back to cpu.
An NVIDIA GPU may be present on this machine, but a CUDA-enabled jaxlib is not installed. Falling back to cpu.
An NVIDIA GPU may be present on this machine, but a CUDA-enabled jaxlib is not installed. Falling back to cpu.
An NVIDIA GPU may be present on this machine, but a CUDA-enabled jaxlib is not installed. Falling back to cpu.
An NVIDIA GPU may be present on this machine, but a CUDA-enabled jaxlib is not installed. Falling back to cpu.
An NVIDIA GPU may be present on this machine, but a CUDA-enabled jaxlib is not installed. Falling back to cpu.
An NVIDIA GPU may be present on this machine, but a CUDA-enabled jaxlib is not installed. Falling back to cpu.
An NVIDIA GPU may be present on this machine, but a CUDA-enabled jaxlib is not installed. Falling back to cpu.
An NVIDIA GPU may be present on this machine, but a CUDA-enabled jaxlib is not installed. Falling back to cpu.
An NVIDIA GPU may be present on this machine, but a CUDA-enabled jaxlib is not installed. Falling back to cpu.
An NVIDIA GPU may be present on this machine, but a CUDA-enabled jaxlib is not installed. Falling back to cpu.
An NVIDIA GPU may be present on this machine, but a CUDA-enabled jaxlib is not installed. Falling back to cpu.
An NVIDIA GPU may be present on this machine, but a CUDA-enabled jaxlib is not installed. Falling back to cpu.
An NVIDIA GPU may be present on this machine, but a CUDA-enabled jaxlib is not installed. Falling back to cpu.
An NVIDIA GPU may be present on this machine, but a CUDA-enabled jaxlib is not installed. Falling back to cpu.
{
  "case": {
    "problem": "gl",
    "backend": "element",
    "level": 5,
    "out": "/home/michal/repos/fenics_nonlinear_energies/artifacts/reproduction/2026-03-15_refactor_stage2b_final/full/gl_final_suite/jax_petsc_element_l5_np32.json",
    "quiet": true,
    "save_history": true,
    "save_linear_timing": true,
    "steps": 1,
    "start_step": 1,
    "total_steps": 24,
    "ksp_type": "gmres",
    "pc_type": "hypre",
    "ksp_rtol": 0.001,
    "ksp_max_it": 200,
    "profile": "reference",
    "coloring_trials": 10,
    "nproc_threads": 1,
    "hvp_eval_mode": "sequential",
    "element_reorder_mode": "block_xyz",
    "local_hessian_mode": "element",
    "tolf": 1e-06,
    "tolg": 1e-05,
    "tolg_rel": 0.001,
    "tolx_rel": 0.001,
    "tolx_abs": 1e-10,
    "maxit": 100,
    "step_time_limit_s": null,
    "linesearch_a": -0.5,
    "linesearch_b": 2.0,
    "linesearch_tol": 0.001,
    "use_trust_region": false,
    "trust_radius_init": 1.0,
    "trust_radius_min": 1e-08,
    "trust_radius_max": 1000000.0,
    "trust_shrink": 0.5,
    "trust_expand": 1.5,
    "trust_eta_shrink": 0.05,
    "trust_eta_expand": 0.75,
    "trust_max_reject": 6,
    "trust_subproblem_line_search": false,
    "local_coloring": true,
    "retry_on_failure": false,
    "pc_setup_on_ksp_cap": false,
    "use_near_nullspace": true,
    "reorder": null,
    "gamg_threshold": 0.05,
    "gamg_agg_nsmooths": 1,
    "gamg_set_coordinates": true
  },
  "result": {
    "mesh_level": 5,
    "total_dofs": 4225,
    "free_dofs": 3969,
    "setup_time": 0.606372,
    "solve_time_total": 0.430778,
    "total_time": 1.077433,
    "steps": [
      {
        "step": 1,
        "time": 0.430778,
        "nit": 8,
        "linear_iters": 38,
        "energy": 0.3462314437821438,
        "message": "Converged (energy, step, gradient)",
        "attempt": "primary",
        "ksp_rtol_used": 0.001,
        "ksp_max_it_used": 200,
        "linesearch_interval_used": [
          -0.5,
          2.0
        ],
        "history": [
          {
            "it": 1,
            "energy": 0.5669098395089008,
            "dE": 0.0985599098071882,
            "grad_norm": 0.014805985418835032,
            "grad_target": 1.4805985418835032e-05,
            "grad_norm_post": NaN,
            "alpha": -0.2564314793039645,
            "ksp_its": 11,
            "ls_evals": 19,
            "ls_repaired": false,
            "used_gradient_fallback": false,
            "accepted_step": true,
            "step_norm": 15.912440648868747,
            "step_rel": 0.49726377027714835,
            "pred_reduction": NaN,
            "actual_reduction": NaN,
            "trust_rejects": 0,
            "t_grad": 0.0005263809580355883,
            "t_hess": 0.05880056892056018,
            "t_ls": 0.013023159001022577,
            "t_update": 2.3139873519539833e-06,
            "t_iter": 0.07242885697633028,
            "trust_radius": 1.0,
            "trust_ratio": NaN,
            "trust_qp": NaN
          },
          {
            "it": 2,
            "energy": 0.5122180697889713,
            "dE": 0.054691769719929506,
            "grad_norm": 0.016155713766638283,
            "grad_target": 1.4805985418835032e-05,
            "grad_norm_post": NaN,
            "alpha": 0.30974623037686466,
            "ksp_its": 6,
            "ls_evals": 19,
            "ls_repaired": false,
            "used_gradient_fallback": false,
            "accepted_step": true,
            "step_norm": 13.426888751099282,
            "step_rel": 0.336011907922128,
            "pred_reduction": NaN,
            "actual_reduction": NaN,
            "trust_rejects": 0,
            "t_grad": 0.0002926900051534176,
            "t_hess": 0.04185862001031637,
            "t_ls": 0.011274131014943123,
            "t_update": 2.1440209820866585e-06,
            "t_iter": 0.05349918198771775,
            "trust_radius": 1.0,
            "trust_ratio": NaN,
            "trust_qp": NaN
          },
          {
            "it": 3,
            "energy": 0.45071753835356343,
            "dE": 0.0615005314354079,
            "grad_norm": 0.008997306220737002,
            "grad_target": 1.4805985418835032e-05,
            "grad_norm_post": NaN,
            "alpha": -0.2904532826795708,
            "ksp_its": 5,
            "ls_evals": 19,
            "ls_repaired": false,
            "used_gradient_fallback": false,
            "accepted_step": true,
            "step_norm": 16.036398213228733,
            "step_rel": 0.3436433840107772,
            "pred_reduction": NaN,
            "actual_reduction": NaN,
            "trust_rejects": 0,
            "t_grad": 0.0002948030596598983,
            "t_hess": 0.04009040305390954,
            "t_ls": 0.011711077997460961,
            "t_update": 1.9620638340711594e-06,
            "t_iter": 0.05216706998180598,
            "trust_radius": 1.0,
            "trust_ratio": NaN,
            "trust_qp": NaN
          },
          {
            "it": 4,
            "energy": 0.40677548605645203,
            "dE": 0.0439420522971114,
            "grad_norm": 0.01390467013463693,
            "grad_target": 1.4805985418835032e-05,
            "grad_norm_post": NaN,
            "alpha": 0.052132411217164054,
            "ksp_its": 6,
            "ls_evals": 19,
            "ls_repaired": false,
            "used_gradient_fallback": false,
            "accepted_step": true,
            "step_norm": 11.09240024618981,
            "step_rel": 0.2224415199121487,
            "pred_reduction": NaN,
            "actual_reduction": NaN,
            "trust_rejects": 0,
            "t_grad": 0.0002867410657927394,
            "t_hess": 0.038298640050925314,
            "t_ls": 0.011722003924660385,
            "t_update": 1.993030309677124e-06,
            "t_iter": 0.050377220031805336,
            "trust_radius": 1.0,
            "trust_ratio": NaN,
            "trust_qp": NaN
          },
          {
            "it": 5,
            "energy": 0.36400727248622594,
            "dE": 0.04276821357022609,
            "grad_norm": 0.013842330131817349,
            "grad_target": 1.4805985418835032e-05,
            "grad_norm_post": NaN,
            "alpha": 0.3019821803389976,
            "ksp_its": 4,
            "ls_evals": 19,
            "ls_repaired": false,
            "used_gradient_fallback": false,
            "accepted_step": true,
            "step_norm": 9.41297380327091,
            "step_rel": 0.18085547955481504,
            "pred_reduction": NaN,
            "actual_reduction": NaN,
            "trust_rejects": 0,
            "t_grad": 0.00028567900881171227,
            "t_hess": 0.03640555508900434,
            "t_ls": 0.03664042800664902,
            "t_update": 2.8139911592006683e-06,
            "t_iter": 0.0734018690418452,
            "trust_radius": 1.0,
            "trust_ratio": NaN,
            "trust_qp": NaN
          },
          {
            "it": 6,
            "energy": 0.3465509025127379,
            "dE": 0.01745636997348804,
            "grad_norm": 0.009533902387609778,
            "grad_target": 1.4805985418835032e-05,
            "grad_norm_post": NaN,
            "alpha": 0.9597630551600866,
            "ksp_its": 2,
            "ls_evals": 19,
            "ls_repaired": false,
            "used_gradient_fallback": false,
            "accepted_step": true,
            "step_norm": 4.075769096514875,
            "step_rel": 0.07531664529148334,
            "pred_reduction": NaN,
            "actual_reduction": NaN,
            "trust_rejects": 0,
            "t_grad": 0.00043027603533118963,
            "t_hess": 0.030858200043439865,
            "t_ls": 0.011562034022063017,
            "t_update": 2.1229498088359833e-06,
            "t_iter": 0.04291535809170455,
            "trust_radius": 1.0,
            "trust_ratio": NaN,
            "trust_qp": NaN
          },
          {
            "it": 7,
            "energy": 0.3462315072464439,
            "dE": 0.00031939526629398696,
            "grad_norm": 0.0011529819031151566,
            "grad_target": 1.4805985418835032e-05,
            "grad_norm_post": NaN,
            "alpha": 1.0340052766351955,
            "ksp_its": 2,
            "ls_evals": 19,
            "ls_repaired": false,
            "used_gradient_fallback": false,
            "accepted_step": true,
            "step_norm": 0.6292389144812266,
            "step_rel": 0.011401317122624093,
            "pred_reduction": NaN,
            "actual_reduction": NaN,
            "trust_rejects": 0,
            "t_grad": 0.0002917080419138074,
            "t_hess": 0.029989294009283185,
            "t_ls": 0.011562013998627663,
            "t_update": 1.7320271581411362e-06,
            "t_iter": 0.041890488006174564,
            "trust_radius": 1.0,
            "trust_ratio": NaN,
            "trust_qp": NaN
          },
          {
            "it": 8,
            "energy": 0.3462314437821438,
            "dE": 6.346430009296355e-08,
            "grad_norm": 1.7124239538504152e-05,
            "grad_target": 1.4805985418835032e-05,
            "grad_norm_post": 2.0870684885802036e-08,
            "alpha": 1.000416148939007,
            "ksp_its": 2,
            "ls_evals": 19,
            "ls_repaired": false,
            "used_gradient_fallback": false,
            "accepted_step": true,
            "step_norm": 0.008479240451445135,
            "step_rel": 0.00015471190849247445,
            "pred_reduction": NaN,
            "actual_reduction": NaN,
            "trust_rejects": 0,
            "t_grad": 0.0004081639926880598,
            "t_hess": 0.030541162937879562,
            "t_ls": 0.011472709011286497,
            "t_update": 1.7730053514242172e-06,
            "t_iter": 0.04248925799038261,
            "trust_radius": 1.0,
            "trust_ratio": NaN,
            "trust_qp": NaN
          }
        ],
        "linear_timing": [
          {
            "assemble_total_time": 0.0005813129246234894,
            "assemble_p2p_exchange": 0.0001350129023194313,
            "assemble_hvp_compute": 0.00016299495473504066,
            "assemble_extraction": 3.694603219628334e-05,
            "assemble_coo_assembly": 0.00022753095254302025,
            "assemble_n_hvps": 0,
            "setop_time": 2.3229513317346573e-06,
            "set_tolerances_time": 2.062995918095112e-06,
            "pc_setup_time": 0.026423364994116127,
            "solve_time": 0.03169664996676147,
            "linear_total_time": 0.058705713832750916,
            "ksp_its": 11,
            "ksp_reason_code": 2,
            "ksp_reason_name": "CONVERGED_RTOL",
            "ksp_residual_norm": 2.775954325921296,
            "rhs_norm": 0.014805985418835032
          },
          {
            "assemble_total_time": 0.00041209894698113203,
            "assemble_p2p_exchange": 8.481799159199e-05,
            "assemble_hvp_compute": 0.00012929399963468313,
            "assemble_extraction": 3.877899143844843e-05,
            "assemble_coo_assembly": 0.0001436159946024418,
            "assemble_n_hvps": 0,
            "setop_time": 2.8440263122320175e-06,
            "set_tolerances_time": 1.7920974642038345e-06,
            "pc_setup_time": 0.023970389971509576,
            "solve_time": 0.017380096949636936,
            "linear_total_time": 0.04176722199190408,
            "ksp_its": 6,
            "ksp_reason_code": 2,
            "ksp_reason_name": "CONVERGED_RTOL",
            "ksp_residual_norm": 0.4153623591981433,
            "rhs_norm": 0.016155713766638283
          },
          {
            "assemble_total_time": 0.00036873400676995516,
            "assemble_p2p_exchange": 8.293497376143932e-05,
            "assemble_hvp_compute": 0.00012625008821487427,
            "assemble_extraction": 3.6554993130266666e-05,
            "assemble_coo_assembly": 0.00011066603474318981,
            "assemble_n_hvps": 0,
            "setop_time": 1.5229452401399612e-06,
            "set_tolerances_time": 1.4919787645339966e-06,
            "pc_setup_time": 0.024991343962028623,
            "solve_time": 0.014641240006312728,
            "linear_total_time": 0.04000433289911598,
            "ksp_its": 5,
            "ksp_reason_code": 2,
            "ksp_reason_name": "CONVERGED_RTOL",
            "ksp_residual_norm": 0.3702581684303834,
            "rhs_norm": 0.008997306220737002
          },
          {
            "assemble_total_time": 0.0003603820223361254,
            "assemble_p2p_exchange": 8.404592517763376e-05,
            "assemble_hvp_compute": 0.00012623891234397888,
            "assemble_extraction": 3.4741940908133984e-05,
            "assemble_coo_assembly": 0.00010277505498379469,
            "assemble_n_hvps": 0,
            "setop_time": 1.4320248737931252e-06,
            "set_tolerances_time": 1.4230608940124512e-06,
            "pc_setup_time": 0.02283833804540336,
            "solve_time": 0.015015042969025671,
            "linear_total_time": 0.038216618122532964,
            "ksp_its": 6,
            "ksp_reason_code": 2,
            "ksp_reason_name": "CONVERGED_RTOL",
            "ksp_residual_norm": 0.013553463725482912,
            "rhs_norm": 0.01390467013463693
          },
          {
            "assemble_total_time": 0.0004516979679465294,
            "assemble_p2p_exchange": 9.991996921598911e-05,
            "assemble_hvp_compute": 0.00014209398068487644,
            "assemble_extraction": 3.779598046094179e-05,
            "assemble_coo_assembly": 0.00015901902224868536,
            "assemble_n_hvps": 0,
            "setop_time": 1.7330748960375786e-06,
            "set_tolerances_time": 1.842970959842205e-06,
            "pc_setup_time": 0.022577486000955105,
            "solve_time": 0.013287856942042708,
            "linear_total_time": 0.03632061695680022,
            "ksp_its": 4,
            "ksp_reason_code": 2,
            "ksp_reason_name": "CONVERGED_RTOL",
            "ksp_residual_norm": 0.0010016676775022498,
            "rhs_norm": 0.013842330131817349
          },
          {
            "assemble_total_time": 0.0005118490662425756,
            "assemble_p2p_exchange": 0.00011161807924509048,
            "assemble_hvp_compute": 0.00012652995064854622,
            "assemble_extraction": 3.359094262123108e-05,
            "assemble_coo_assembly": 0.00022807298228144646,
            "assemble_n_hvps": 0,
            "setop_time": 2.213055267930031e-06,
            "set_tolerances_time": 1.912936568260193e-06,
            "pc_setup_time": 0.023022565990686417,
            "solve_time": 0.007243393920361996,
            "linear_total_time": 0.030781934969127178,
            "ksp_its": 2,
            "ksp_reason_code": 2,
            "ksp_reason_name": "CONVERGED_RTOL",
            "ksp_residual_norm": 0.001558105894223716,
            "rhs_norm": 0.009533902387609778
          },
          {
            "assemble_total_time": 0.00035898899659514427,
            "assemble_p2p_exchange": 8.30960925668478e-05,
            "assemble_hvp_compute": 0.00012604892253875732,
            "assemble_extraction": 3.453192766755819e-05,
            "assemble_coo_assembly": 0.00010332593228667974,
            "assemble_n_hvps": 0,
            "setop_time": 1.7629936337471008e-06,
            "set_tolerances_time": 1.5820842236280441e-06,
            "pc_setup_time": 0.023108775028958917,
            "solve_time": 0.0064689310966059566,
            "linear_total_time": 0.029940040200017393,
            "ksp_its": 2,
            "ksp_reason_code": 2,
            "ksp_reason_name": "CONVERGED_RTOL",
            "ksp_residual_norm": 0.00011249102555701823,
            "rhs_norm": 0.0011529819031151566
          },
          {
            "assemble_total_time": 0.0004997110227122903,
            "assemble_p2p_exchange": 0.00013104802928864956,
            "assemble_hvp_compute": 0.0001265800092369318,
            "assemble_extraction": 3.2788957469165325e-05,
            "assemble_coo_assembly": 0.00019703595899045467,
            "assemble_n_hvps": 0,
            "setop_time": 1.4720717445015907e-06,
            "set_tolerances_time": 1.442967914044857e-06,
            "pc_setup_time": 0.022321891970932484,
            "solve_time": 0.007630535983480513,
            "linear_total_time": 0.030455054016783834,
            "ksp_its": 2,
            "ksp_reason_code": 2,
            "ksp_reason_name": "CONVERGED_RTOL",
            "ksp_residual_norm": 2.0465075858859466e-06,
            "rhs_norm": 1.7124239538504152e-05
          }
        ]
      }
    ],
    "metadata": {
      "profile": "reference",
      "nprocs": 32,
      "nproc_threads": 1,
      "problem": {
        "name": "GinzburgLandau2D"
      },
      "linear_solver": {
        "ksp_type": "gmres",
        "pc_type": "hypre",
        "ksp_rtol": 0.001,
        "ksp_max_it": 200,
        "pc_setup_on_ksp_cap": false,
        "gamg_threshold": 0.05,
        "gamg_agg_nsmooths": 1,
        "gamg_set_coordinates": true,
        "reorder": true,
        "hvp_eval_mode": "element_overlap",
        "assembly_mode": "element",
        "element_reorder_mode": "block_xyz",
        "local_hessian_mode": "element",
        "distribution_strategy": "overlap_allgather",
        "assembler": "GLReorderedElementAssembler",
        "trust_subproblem_solver": "direct_linear_solve",
        "trust_subproblem_line_search": false
      },
      "newton": {
        "tolf": 1e-06,
        "tolg": 1e-05,
        "tolg_rel": 0.001,
        "tolx_rel": 0.001,
        "tolx_abs": 1e-10,
        "maxit": 100,
        "require_all_convergence": true,
        "fail_on_nonfinite": true,
        "linesearch_interval": [
          -0.5,
          2.0
        ],
        "linesearch_tol": 0.001,
        "trust_region": false,
        "trust_radius_init": 1.0,
        "trust_radius_min": 1e-08,
        "trust_radius_max": 1000000.0,
        "trust_subproblem_line_search": false,
        "step_time_limit_s": null
      }
    }
  }
}
