An NVIDIA GPU may be present on this machine, but a CUDA-enabled jaxlib is not installed. Falling back to cpu.
An NVIDIA GPU may be present on this machine, but a CUDA-enabled jaxlib is not installed. Falling back to cpu.
An NVIDIA GPU may be present on this machine, but a CUDA-enabled jaxlib is not installed. Falling back to cpu.
An NVIDIA GPU may be present on this machine, but a CUDA-enabled jaxlib is not installed. Falling back to cpu.
An NVIDIA GPU may be present on this machine, but a CUDA-enabled jaxlib is not installed. Falling back to cpu.
An NVIDIA GPU may be present on this machine, but a CUDA-enabled jaxlib is not installed. Falling back to cpu.
An NVIDIA GPU may be present on this machine, but a CUDA-enabled jaxlib is not installed. Falling back to cpu.
An NVIDIA GPU may be present on this machine, but a CUDA-enabled jaxlib is not installed. Falling back to cpu.
An NVIDIA GPU may be present on this machine, but a CUDA-enabled jaxlib is not installed. Falling back to cpu.
An NVIDIA GPU may be present on this machine, but a CUDA-enabled jaxlib is not installed. Falling back to cpu.
An NVIDIA GPU may be present on this machine, but a CUDA-enabled jaxlib is not installed. Falling back to cpu.
An NVIDIA GPU may be present on this machine, but a CUDA-enabled jaxlib is not installed. Falling back to cpu.
An NVIDIA GPU may be present on this machine, but a CUDA-enabled jaxlib is not installed. Falling back to cpu.
An NVIDIA GPU may be present on this machine, but a CUDA-enabled jaxlib is not installed. Falling back to cpu.
An NVIDIA GPU may be present on this machine, but a CUDA-enabled jaxlib is not installed. Falling back to cpu.
An NVIDIA GPU may be present on this machine, but a CUDA-enabled jaxlib is not installed. Falling back to cpu.
An NVIDIA GPU may be present on this machine, but a CUDA-enabled jaxlib is not installed. Falling back to cpu.
An NVIDIA GPU may be present on this machine, but a CUDA-enabled jaxlib is not installed. Falling back to cpu.
An NVIDIA GPU may be present on this machine, but a CUDA-enabled jaxlib is not installed. Falling back to cpu.
An NVIDIA GPU may be present on this machine, but a CUDA-enabled jaxlib is not installed. Falling back to cpu.
An NVIDIA GPU may be present on this machine, but a CUDA-enabled jaxlib is not installed. Falling back to cpu.
An NVIDIA GPU may be present on this machine, but a CUDA-enabled jaxlib is not installed. Falling back to cpu.
An NVIDIA GPU may be present on this machine, but a CUDA-enabled jaxlib is not installed. Falling back to cpu.
An NVIDIA GPU may be present on this machine, but a CUDA-enabled jaxlib is not installed. Falling back to cpu.
An NVIDIA GPU may be present on this machine, but a CUDA-enabled jaxlib is not installed. Falling back to cpu.
An NVIDIA GPU may be present on this machine, but a CUDA-enabled jaxlib is not installed. Falling back to cpu.
An NVIDIA GPU may be present on this machine, but a CUDA-enabled jaxlib is not installed. Falling back to cpu.
An NVIDIA GPU may be present on this machine, but a CUDA-enabled jaxlib is not installed. Falling back to cpu.
An NVIDIA GPU may be present on this machine, but a CUDA-enabled jaxlib is not installed. Falling back to cpu.
An NVIDIA GPU may be present on this machine, but a CUDA-enabled jaxlib is not installed. Falling back to cpu.
An NVIDIA GPU may be present on this machine, but a CUDA-enabled jaxlib is not installed. Falling back to cpu.
An NVIDIA GPU may be present on this machine, but a CUDA-enabled jaxlib is not installed. Falling back to cpu.
{
  "case": {
    "problem": "gl",
    "backend": "element",
    "level": 9,
    "out": "/home/michal/repos/fenics_nonlinear_energies/artifacts/reproduction/2026-03-15_refactor_stage2b_final/full/gl_final_suite/jax_petsc_element_l9_np32.json",
    "quiet": true,
    "save_history": true,
    "save_linear_timing": true,
    "steps": 1,
    "start_step": 1,
    "total_steps": 24,
    "ksp_type": "gmres",
    "pc_type": "hypre",
    "ksp_rtol": 0.001,
    "ksp_max_it": 200,
    "profile": "reference",
    "coloring_trials": 10,
    "nproc_threads": 1,
    "hvp_eval_mode": "sequential",
    "element_reorder_mode": "block_xyz",
    "local_hessian_mode": "element",
    "tolf": 1e-06,
    "tolg": 1e-05,
    "tolg_rel": 0.001,
    "tolx_rel": 0.001,
    "tolx_abs": 1e-10,
    "maxit": 100,
    "step_time_limit_s": null,
    "linesearch_a": -0.5,
    "linesearch_b": 2.0,
    "linesearch_tol": 0.001,
    "use_trust_region": false,
    "trust_radius_init": 1.0,
    "trust_radius_min": 1e-08,
    "trust_radius_max": 1000000.0,
    "trust_shrink": 0.5,
    "trust_expand": 1.5,
    "trust_eta_shrink": 0.05,
    "trust_eta_expand": 0.75,
    "trust_max_reject": 6,
    "trust_subproblem_line_search": false,
    "local_coloring": true,
    "retry_on_failure": false,
    "pc_setup_on_ksp_cap": false,
    "use_near_nullspace": true,
    "reorder": null,
    "gamg_threshold": 0.05,
    "gamg_agg_nsmooths": 1,
    "gamg_set_coordinates": true
  },
  "result": {
    "mesh_level": 9,
    "total_dofs": 1050625,
    "free_dofs": 1046529,
    "setup_time": 3.637497,
    "solve_time_total": 2.029041,
    "total_time": 6.228015,
    "steps": [
      {
        "step": 1,
        "time": 2.029041,
        "nit": 7,
        "linear_iters": 39,
        "energy": 0.3456264684118114,
        "message": "Converged (energy, step, gradient)",
        "attempt": "primary",
        "ksp_rtol_used": 0.001,
        "ksp_max_it_used": 200,
        "linesearch_interval_used": [
          -0.5,
          2.0
        ],
        "history": [
          {
            "it": 1,
            "energy": 0.5672944996798374,
            "dE": 0.09800517828933641,
            "grad_norm": 0.0009261996570956121,
            "grad_target": 1e-05,
            "grad_norm_post": NaN,
            "alpha": -0.26052984216264974,
            "ksp_its": 12,
            "ls_evals": 19,
            "ls_repaired": false,
            "used_gradient_fallback": false,
            "accepted_step": true,
            "step_norm": 253.27045858203647,
            "step_rel": 0.49466886441804,
            "pred_reduction": NaN,
            "actual_reduction": NaN,
            "trust_rejects": 0,
            "t_grad": 0.007282824022695422,
            "t_hess": 0.2159916409291327,
            "t_ls": 0.1264952049823478,
            "t_update": 3.556394949555397e-05,
            "t_iter": 0.34994955209549516,
            "trust_radius": 1.0,
            "trust_ratio": NaN,
            "trust_qp": NaN
          },
          {
            "it": 2,
            "energy": 0.5087402004788832,
            "dE": 0.05855429920095412,
            "grad_norm": 0.0010161062127371817,
            "grad_target": 1e-05,
            "grad_norm_post": NaN,
            "alpha": 0.30888087901785777,
            "ksp_its": 6,
            "ls_evals": 19,
            "ls_repaired": false,
            "used_gradient_fallback": false,
            "accepted_step": true,
            "step_norm": 217.91932534211173,
            "step_rel": 0.3418741576059035,
            "pred_reduction": NaN,
            "actual_reduction": NaN,
            "trust_rejects": 0,
            "t_grad": 0.0064052860252559185,
            "t_hess": 0.15842456195969135,
            "t_ls": 0.13128125295042992,
            "t_update": 3.818795084953308e-05,
            "t_iter": 0.29629224503878504,
            "trust_radius": 1.0,
            "trust_ratio": NaN,
            "trust_qp": NaN
          },
          {
            "it": 3,
            "energy": 0.4406448635625503,
            "dE": 0.06809533691633296,
            "grad_norm": 0.0005637203354679297,
            "grad_target": 1e-05,
            "grad_norm_post": NaN,
            "alpha": -0.3249077617346806,
            "ksp_its": 7,
            "ls_evals": 19,
            "ls_repaired": false,
            "used_gradient_fallback": false,
            "accepted_step": true,
            "step_norm": 272.9899768898122,
            "step_rel": 0.36495037604596775,
            "pred_reduction": NaN,
            "actual_reduction": NaN,
            "trust_rejects": 0,
            "t_grad": 0.006733762915246189,
            "t_hess": 0.15868483495432884,
            "t_ls": 0.12488558201584965,
            "t_update": 3.7777004763484e-05,
            "t_iter": 0.2904450329951942,
            "trust_radius": 1.0,
            "trust_ratio": NaN,
            "trust_qp": NaN
          },
          {
            "it": 4,
            "energy": 0.3666170617530324,
            "dE": 0.0740278018095179,
            "grad_norm": 0.0008703360531289138,
            "grad_target": 1e-05,
            "grad_norm_post": NaN,
            "alpha": 0.26909313659793843,
            "ksp_its": 5,
            "ls_evals": 19,
            "ls_repaired": false,
            "used_gradient_fallback": false,
            "accepted_step": true,
            "step_norm": 221.34661353810412,
            "step_rel": 0.27489297878660274,
            "pred_reduction": NaN,
            "actual_reduction": NaN,
            "trust_rejects": 0,
            "t_grad": 0.006377263925969601,
            "t_hess": 0.14684234594460577,
            "t_ls": 0.1268670279532671,
            "t_update": 3.353005740791559e-05,
            "t_iter": 0.2802320070331916,
            "trust_radius": 1.0,
            "trust_ratio": NaN,
            "trust_qp": NaN
          },
          {
            "it": 5,
            "energy": 0.34606541753380343,
            "dE": 0.02055164421922895,
            "grad_norm": 0.0006583786647948039,
            "grad_target": 1e-05,
            "grad_norm_post": NaN,
            "alpha": 0.9271414196947851,
            "ksp_its": 3,
            "ls_evals": 19,
            "ls_repaired": false,
            "used_gradient_fallback": false,
            "accepted_step": true,
            "step_norm": 70.70642912197778,
            "step_rel": 0.08198354949048559,
            "pred_reduction": NaN,
            "actual_reduction": NaN,
            "trust_rejects": 0,
            "t_grad": 0.00768801593221724,
            "t_hess": 0.13594897009897977,
            "t_ls": 0.1267521029803902,
            "t_update": 3.1306990422308445e-05,
            "t_iter": 0.2705393370706588,
            "trust_radius": 1.0,
            "trust_ratio": NaN,
            "trust_qp": NaN
          },
          {
            "it": 6,
            "energy": 0.3456266288006903,
            "dE": 0.00043878873311314903,
            "grad_norm": 8.777045418914938e-05,
            "grad_target": 1e-05,
            "grad_norm_post": NaN,
            "alpha": 1.0436021702626779,
            "ksp_its": 3,
            "ls_evals": 19,
            "ls_repaired": false,
            "used_gradient_fallback": false,
            "accepted_step": true,
            "step_norm": 11.577300009498426,
            "step_rel": 0.013110488303903886,
            "pred_reduction": NaN,
            "actual_reduction": NaN,
            "trust_rejects": 0,
            "t_grad": 0.006567831966094673,
            "t_hess": 0.1327804489992559,
            "t_ls": 0.12634124094620347,
            "t_update": 4.8863934352993965e-05,
            "t_iter": 0.26584006997291,
            "trust_radius": 1.0,
            "trust_ratio": NaN,
            "trust_qp": NaN
          },
          {
            "it": 7,
            "energy": 0.3456264684118114,
            "dE": 1.603888789003527e-07,
            "grad_norm": 1.7622612993267658e-06,
            "grad_target": 1e-05,
            "grad_norm_post": 1.824494528126066e-09,
            "alpha": 1.000416148939007,
            "ksp_its": 3,
            "ls_evals": 19,
            "ls_repaired": false,
            "used_gradient_fallback": false,
            "accepted_step": true,
            "step_norm": 0.21679543905815452,
            "step_rel": 0.0002473203207463801,
            "pred_reduction": NaN,
            "actual_reduction": NaN,
            "trust_rejects": 0,
            "t_grad": 0.0073808321030810475,
            "t_hess": 0.12990964797791094,
            "t_ls": 0.125740563031286,
            "t_update": 3.9089005440473557e-05,
            "t_iter": 0.2631932880030945,
            "trust_radius": 1.0,
            "trust_ratio": NaN,
            "trust_qp": NaN
          }
        ],
        "linear_timing": [
          {
            "assemble_total_time": 0.024592590983957052,
            "assemble_p2p_exchange": 0.003115961910225451,
            "assemble_hvp_compute": 0.006679410929791629,
            "assemble_extraction": 0.013178210007026792,
            "assemble_coo_assembly": 0.0015284109394997358,
            "assemble_n_hvps": 0,
            "setop_time": 3.825989551842213e-06,
            "set_tolerances_time": 3.2651005312800407e-06,
            "pc_setup_time": 0.08360784908290952,
            "solve_time": 0.1075756949139759,
            "linear_total_time": 0.2157832260709256,
            "ksp_its": 12,
            "ksp_reason_code": 2,
            "ksp_reason_name": "CONVERGED_RTOL",
            "ksp_residual_norm": 15.834207657852374,
            "rhs_norm": 0.0009261996570956121
          },
          {
            "assemble_total_time": 0.025527945952489972,
            "assemble_p2p_exchange": 0.0031847370555624366,
            "assemble_hvp_compute": 0.006694093928672373,
            "assemble_extraction": 0.014125361107289791,
            "assemble_coo_assembly": 0.0014473090413957834,
            "assemble_n_hvps": 0,
            "setop_time": 3.92599031329155e-06,
            "set_tolerances_time": 3.495020791888237e-06,
            "pc_setup_time": 0.07499437197111547,
            "solve_time": 0.057775281951762736,
            "linear_total_time": 0.15830502088647336,
            "ksp_its": 6,
            "ksp_reason_code": 2,
            "ksp_reason_name": "CONVERGED_RTOL",
            "ksp_residual_norm": 11.930775838381878,
            "rhs_norm": 0.0010161062127371817
          },
          {
            "assemble_total_time": 0.024716568063013256,
            "assemble_p2p_exchange": 0.003115561092272401,
            "assemble_hvp_compute": 0.006622245069593191,
            "assemble_extraction": 0.012746707070618868,
            "assemble_coo_assembly": 0.002149790059775114,
            "assemble_n_hvps": 0,
            "setop_time": 3.1240051612257957e-06,
            "set_tolerances_time": 3.003980964422226e-06,
            "pc_setup_time": 0.0722926170565188,
            "solve_time": 0.06154321099165827,
            "linear_total_time": 0.15855852409731597,
            "ksp_its": 7,
            "ksp_reason_code": 2,
            "ksp_reason_name": "CONVERGED_RTOL",
            "ksp_residual_norm": 0.31682589458732263,
            "rhs_norm": 0.0005637203354679297
          },
          {
            "assemble_total_time": 0.02482139691710472,
            "assemble_p2p_exchange": 0.0030302020022645593,
            "assemble_hvp_compute": 0.006486368947662413,
            "assemble_extraction": 0.013156757107935846,
            "assemble_coo_assembly": 0.002075637923553586,
            "assemble_n_hvps": 0,
            "setop_time": 3.1549716368317604e-06,
            "set_tolerances_time": 2.754037268459797e-06,
            "pc_setup_time": 0.07362653408199549,
            "solve_time": 0.04825908096972853,
            "linear_total_time": 0.14671292097773403,
            "ksp_its": 5,
            "ksp_reason_code": 2,
            "ksp_reason_name": "CONVERGED_RTOL",
            "ksp_residual_norm": 0.13640095949228492,
            "rhs_norm": 0.0008703360531289138
          },
          {
            "assemble_total_time": 0.024769688956439495,
            "assemble_p2p_exchange": 0.0030564620392397046,
            "assemble_hvp_compute": 0.009501890046522021,
            "assemble_extraction": 0.010812069987878203,
            "assemble_coo_assembly": 0.0013190660392865539,
            "assemble_n_hvps": 0,
            "setop_time": 2.4229520931839943e-06,
            "set_tolerances_time": 2.2029271349310875e-06,
            "pc_setup_time": 0.07765099906828254,
            "solve_time": 0.03338968404568732,
            "linear_total_time": 0.13581499794963747,
            "ksp_its": 3,
            "ksp_reason_code": 2,
            "ksp_reason_name": "CONVERGED_RTOL",
            "ksp_residual_norm": 0.007914936181433055,
            "rhs_norm": 0.0006583786647948039
          },
          {
            "assemble_total_time": 0.024542454979382455,
            "assemble_p2p_exchange": 0.0031174641335383058,
            "assemble_hvp_compute": 0.006670667906291783,
            "assemble_extraction": 0.013262907043099403,
            "assemble_coo_assembly": 0.0014174130046740174,
            "assemble_n_hvps": 0,
            "setop_time": 3.2049138098955154e-06,
            "set_tolerances_time": 2.8240028768777847e-06,
            "pc_setup_time": 0.07753973093349487,
            "solve_time": 0.030567815992981195,
            "linear_total_time": 0.1326560308225453,
            "ksp_its": 3,
            "ksp_reason_code": 2,
            "ksp_reason_name": "CONVERGED_RTOL",
            "ksp_residual_norm": 0.0004284495085113636,
            "rhs_norm": 8.777045418914938e-05
          },
          {
            "assemble_total_time": 0.02534361695870757,
            "assemble_p2p_exchange": 0.0031575249740853906,
            "assemble_hvp_compute": 0.006611088057979941,
            "assemble_extraction": 0.013281464925967157,
            "assemble_coo_assembly": 0.0022288509644567966,
            "assemble_n_hvps": 0,
            "setop_time": 3.1139934435486794e-06,
            "set_tolerances_time": 3.095017746090889e-06,
            "pc_setup_time": 0.07266311603598297,
            "solve_time": 0.031765889027155936,
            "linear_total_time": 0.1297788310330361,
            "ksp_its": 3,
            "ksp_reason_code": 2,
            "ksp_reason_name": "CONVERGED_RTOL",
            "ksp_residual_norm": 8.381906902292784e-06,
            "rhs_norm": 1.7622612993267658e-06
          }
        ]
      }
    ],
    "metadata": {
      "profile": "reference",
      "nprocs": 32,
      "nproc_threads": 1,
      "problem": {
        "name": "GinzburgLandau2D"
      },
      "linear_solver": {
        "ksp_type": "gmres",
        "pc_type": "hypre",
        "ksp_rtol": 0.001,
        "ksp_max_it": 200,
        "pc_setup_on_ksp_cap": false,
        "gamg_threshold": 0.05,
        "gamg_agg_nsmooths": 1,
        "gamg_set_coordinates": true,
        "reorder": true,
        "hvp_eval_mode": "element_overlap",
        "assembly_mode": "element",
        "element_reorder_mode": "block_xyz",
        "local_hessian_mode": "element",
        "distribution_strategy": "overlap_allgather",
        "assembler": "GLReorderedElementAssembler",
        "trust_subproblem_solver": "direct_linear_solve",
        "trust_subproblem_line_search": false
      },
      "newton": {
        "tolf": 1e-06,
        "tolg": 1e-05,
        "tolg_rel": 0.001,
        "tolx_rel": 0.001,
        "tolx_abs": 1e-10,
        "maxit": 100,
        "require_all_convergence": true,
        "fail_on_nonfinite": true,
        "linesearch_interval": [
          -0.5,
          2.0
        ],
        "linesearch_tol": 0.001,
        "trust_region": false,
        "trust_radius_init": 1.0,
        "trust_radius_min": 1e-08,
        "trust_radius_max": 1000000.0,
        "trust_subproblem_line_search": false,
        "step_time_limit_s": null
      }
    }
  }
}
