An NVIDIA GPU may be present on this machine, but a CUDA-enabled jaxlib is not installed. Falling back to cpu.
An NVIDIA GPU may be present on this machine, but a CUDA-enabled jaxlib is not installed. Falling back to cpu.
{
  "case": {
    "problem": "gl",
    "backend": "element",
    "level": 9,
    "out": "/home/michal/repos/fenics_nonlinear_energies/artifacts/reproduction/2026-03-15_refactor_stage2b_final/full/gl_final_suite/jax_petsc_element_l9_np2.json",
    "quiet": true,
    "save_history": true,
    "save_linear_timing": true,
    "steps": 1,
    "start_step": 1,
    "total_steps": 24,
    "ksp_type": "gmres",
    "pc_type": "hypre",
    "ksp_rtol": 0.001,
    "ksp_max_it": 200,
    "profile": "reference",
    "coloring_trials": 10,
    "nproc_threads": 1,
    "hvp_eval_mode": "sequential",
    "element_reorder_mode": "block_xyz",
    "local_hessian_mode": "element",
    "tolf": 1e-06,
    "tolg": 1e-05,
    "tolg_rel": 0.001,
    "tolx_rel": 0.001,
    "tolx_abs": 1e-10,
    "maxit": 100,
    "step_time_limit_s": null,
    "linesearch_a": -0.5,
    "linesearch_b": 2.0,
    "linesearch_tol": 0.001,
    "use_trust_region": false,
    "trust_radius_init": 1.0,
    "trust_radius_min": 1e-08,
    "trust_radius_max": 1000000.0,
    "trust_shrink": 0.5,
    "trust_expand": 1.5,
    "trust_eta_shrink": 0.05,
    "trust_eta_expand": 0.75,
    "trust_max_reject": 6,
    "trust_subproblem_line_search": false,
    "local_coloring": true,
    "retry_on_failure": false,
    "pc_setup_on_ksp_cap": false,
    "use_near_nullspace": true,
    "reorder": null,
    "gamg_threshold": 0.05,
    "gamg_agg_nsmooths": 1,
    "gamg_set_coordinates": true
  },
  "result": {
    "mesh_level": 9,
    "total_dofs": 1050625,
    "free_dofs": 1046529,
    "setup_time": 7.978328,
    "solve_time_total": 8.371549,
    "total_time": 16.865648,
    "steps": [
      {
        "step": 1,
        "time": 8.371549,
        "nit": 7,
        "linear_iters": 29,
        "energy": 0.34562646841171507,
        "message": "Converged (energy, step, gradient)",
        "attempt": "primary",
        "ksp_rtol_used": 0.001,
        "ksp_max_it_used": 200,
        "linesearch_interval_used": [
          -0.5,
          2.0
        ],
        "history": [
          {
            "it": 1,
            "energy": 0.536130177606517,
            "dE": 0.12916950036265673,
            "grad_norm": 0.0009261996570956125,
            "grad_target": 1e-05,
            "grad_norm_post": NaN,
            "alpha": -0.29681716480735043,
            "ksp_its": 8,
            "ls_evals": 19,
            "ls_repaired": false,
            "used_gradient_fallback": false,
            "accepted_step": true,
            "step_norm": 280.37544145091795,
            "step_rel": 0.5476082840838242,
            "pred_reduction": NaN,
            "actual_reduction": NaN,
            "trust_rejects": 0,
            "t_grad": 0.029107667971402407,
            "t_hess": 1.0143055720254779,
            "t_ls": 0.3766463790088892,
            "t_update": 0.00022678205277770758,
            "t_iter": 1.4204771280055866,
            "trust_radius": 1.0,
            "trust_ratio": NaN,
            "trust_qp": NaN
          },
          {
            "it": 2,
            "energy": 0.5098755464594691,
            "dE": 0.026254631147047958,
            "grad_norm": 0.0009695151244096228,
            "grad_target": 1e-05,
            "grad_norm_post": NaN,
            "alpha": 0.35546517924506016,
            "ksp_its": 6,
            "ls_evals": 19,
            "ls_repaired": false,
            "used_gradient_fallback": false,
            "accepted_step": true,
            "step_norm": 171.04256749577485,
            "step_rel": 0.25307710166083913,
            "pred_reduction": NaN,
            "actual_reduction": NaN,
            "trust_rejects": 0,
            "t_grad": 0.028546013054437935,
            "t_hess": 0.8699845629744232,
            "t_ls": 0.37719013704918325,
            "t_update": 0.00018953601829707623,
            "t_iter": 1.2761347059858963,
            "trust_radius": 1.0,
            "trust_ratio": NaN,
            "trust_qp": NaN
          },
          {
            "it": 3,
            "energy": 0.43976383340117137,
            "dE": 0.07011171305829772,
            "grad_norm": 0.000569995173154226,
            "grad_target": 1e-05,
            "grad_norm_post": NaN,
            "alpha": -0.42680790445753647,
            "ksp_its": 5,
            "ls_evals": 19,
            "ls_repaired": false,
            "used_gradient_fallback": false,
            "accepted_step": true,
            "step_norm": 280.07841033360575,
            "step_rel": 0.37516501450514417,
            "pred_reduction": NaN,
            "actual_reduction": NaN,
            "trust_rejects": 0,
            "t_grad": 0.02838048303965479,
            "t_hess": 0.8144070080015808,
            "t_ls": 0.37461185501888394,
            "t_update": 0.00021606497466564178,
            "t_iter": 1.2178235440514982,
            "trust_radius": 1.0,
            "trust_ratio": NaN,
            "trust_qp": NaN
          },
          {
            "it": 4,
            "energy": 0.3652015461438818,
            "dE": 0.07456228725728958,
            "grad_norm": 0.0009208384664661693,
            "grad_target": 1e-05,
            "grad_norm_post": NaN,
            "alpha": 0.268660460918435,
            "ksp_its": 4,
            "ls_evals": 19,
            "ls_repaired": false,
            "used_gradient_fallback": false,
            "accepted_step": true,
            "step_norm": 218.09165806440876,
            "step_rel": 0.27160849556198285,
            "pred_reduction": NaN,
            "actual_reduction": NaN,
            "trust_rejects": 0,
            "t_grad": 0.02776780107524246,
            "t_hess": 0.7679537310032174,
            "t_ls": 0.37427476700395346,
            "t_update": 0.00023194903042167425,
            "t_iter": 1.170394979068078,
            "trust_radius": 1.0,
            "trust_ratio": NaN,
            "trust_qp": NaN
          },
          {
            "it": 5,
            "energy": 0.3458491397352505,
            "dE": 0.019352406408631284,
            "grad_norm": 0.0006375693559832325,
            "grad_target": 1e-05,
            "grad_norm_post": NaN,
            "alpha": 0.9567974519359683,
            "ksp_its": 2,
            "ls_evals": 19,
            "ls_repaired": false,
            "used_gradient_fallback": false,
            "accepted_step": true,
            "step_norm": 65.44732553370605,
            "step_rel": 0.07585505844383321,
            "pred_reduction": NaN,
            "actual_reduction": NaN,
            "trust_rejects": 0,
            "t_grad": 0.0281881729606539,
            "t_hess": 0.6754728499799967,
            "t_ls": 0.3786845460999757,
            "t_update": 0.00020702194888144732,
            "t_iter": 1.0827562680933625,
            "trust_radius": 1.0,
            "trust_ratio": NaN,
            "trust_qp": NaN
          },
          {
            "it": 6,
            "energy": 0.3456264761863691,
            "dE": 0.0002226635488813966,
            "grad_norm": 6.405118108367736e-05,
            "grad_target": 1e-05,
            "grad_norm_post": NaN,
            "alpha": 1.0166443329698536,
            "ksp_its": 2,
            "ls_evals": 19,
            "ls_repaired": false,
            "used_gradient_fallback": false,
            "accepted_step": true,
            "step_norm": 7.758663541307011,
            "step_rel": 0.008784878718354459,
            "pred_reduction": NaN,
            "actual_reduction": NaN,
            "trust_rejects": 0,
            "t_grad": 0.027822592994198203,
            "t_hess": 0.6689855809090659,
            "t_ls": 0.3754995010094717,
            "t_update": 0.00018213398288935423,
            "t_iter": 1.0727178320521489,
            "trust_radius": 1.0,
            "trust_ratio": NaN,
            "trust_qp": NaN
          },
          {
            "it": 7,
            "energy": 0.34562646841171507,
            "dE": 7.774654031678097e-09,
            "grad_norm": 4.087464945752924e-07,
            "grad_target": 1e-05,
            "grad_norm_post": 8.891300422506511e-10,
            "alpha": 0.9999834732596391,
            "ksp_its": 2,
            "ls_evals": 19,
            "ls_repaired": false,
            "used_gradient_fallback": false,
            "accepted_step": true,
            "step_norm": 0.04628215186570544,
            "step_rel": 5.2794853074489897e-05,
            "pred_reduction": NaN,
            "actual_reduction": NaN,
            "trust_rejects": 0,
            "t_grad": 0.028365030069835484,
            "t_hess": 0.674599674064666,
            "t_ls": 0.3767422520322725,
            "t_update": 0.00021042698062956333,
            "t_iter": 1.080127838999033,
            "trust_radius": 1.0,
            "trust_ratio": NaN,
            "trust_qp": NaN
          }
        ],
        "linear_timing": [
          {
            "assemble_total_time": 0.15143573202658445,
            "assemble_p2p_exchange": 0.005868194974027574,
            "assemble_hvp_compute": 0.03267132397741079,
            "assemble_extraction": 0.09475338400807232,
            "assemble_coo_assembly": 0.016749309957958758,
            "assemble_n_hvps": 0,
            "setop_time": 4.305969923734665e-06,
            "set_tolerances_time": 3.27499583363533e-06,
            "pc_setup_time": 0.42599714803509414,
            "solve_time": 0.4364990909816697,
            "linear_total_time": 1.0139395520091057,
            "ksp_its": 8,
            "ksp_reason_code": 2,
            "ksp_reason_name": "CONVERGED_RTOL",
            "ksp_residual_norm": 221.46562992078256,
            "rhs_norm": 0.0009261996570956125
          },
          {
            "assemble_total_time": 0.15424215700477362,
            "assemble_p2p_exchange": 0.004488617996685207,
            "assemble_hvp_compute": 0.03300321300048381,
            "assemble_extraction": 0.09923335898201913,
            "assemble_coo_assembly": 0.01587659597862512,
            "assemble_n_hvps": 0,
            "setop_time": 3.644963726401329e-06,
            "set_tolerances_time": 2.9650982469320297e-06,
            "pc_setup_time": 0.37273289600852877,
            "solve_time": 0.3426385819911957,
            "linear_total_time": 0.8696202450664714,
            "ksp_its": 6,
            "ksp_reason_code": 2,
            "ksp_reason_name": "CONVERGED_RTOL",
            "ksp_residual_norm": 1.416072523709833,
            "rhs_norm": 0.0009695151244096228
          },
          {
            "assemble_total_time": 0.15217450389172882,
            "assemble_p2p_exchange": 0.004323630011640489,
            "assemble_hvp_compute": 0.0324735960457474,
            "assemble_extraction": 0.09636281593702734,
            "assemble_coo_assembly": 0.017433600034564734,
            "assemble_n_hvps": 0,
            "setop_time": 3.2549723982810974e-06,
            "set_tolerances_time": 2.383952960371971e-06,
            "pc_setup_time": 0.3702238469850272,
            "solve_time": 0.29165947099681944,
            "linear_total_time": 0.8140634607989341,
            "ksp_its": 5,
            "ksp_reason_code": 2,
            "ksp_reason_name": "CONVERGED_RTOL",
            "ksp_residual_norm": 2.5549562369551375,
            "rhs_norm": 0.000569995173154226
          },
          {
            "assemble_total_time": 0.15298911998979747,
            "assemble_p2p_exchange": 0.00441059994045645,
            "assemble_hvp_compute": 0.032576842000707984,
            "assemble_extraction": 0.09601709595881402,
            "assemble_coo_assembly": 0.018521569087170064,
            "assemble_n_hvps": 0,
            "setop_time": 3.374996595084667e-06,
            "set_tolerances_time": 3.414927050471306e-06,
            "pc_setup_time": 0.3717042360221967,
            "solve_time": 0.24284558999352157,
            "linear_total_time": 0.7675457359291613,
            "ksp_its": 4,
            "ksp_reason_code": 2,
            "ksp_reason_name": "CONVERGED_RTOL",
            "ksp_residual_norm": 0.12740591794666942,
            "rhs_norm": 0.0009208384664661693
          },
          {
            "assemble_total_time": 0.15304950205609202,
            "assemble_p2p_exchange": 0.004311511991545558,
            "assemble_hvp_compute": 0.03273706405889243,
            "assemble_extraction": 0.09761889697983861,
            "assemble_coo_assembly": 0.016978085041046143,
            "assemble_n_hvps": 0,
            "setop_time": 3.5660341382026672e-06,
            "set_tolerances_time": 3.144959919154644e-06,
            "pc_setup_time": 0.3776161769637838,
            "solve_time": 0.14441523107234389,
            "linear_total_time": 0.6750876210862771,
            "ksp_its": 2,
            "ksp_reason_code": 2,
            "ksp_reason_name": "CONVERGED_RTOL",
            "ksp_residual_norm": 0.025550131341328594,
            "rhs_norm": 0.0006375693559832325
          },
          {
            "assemble_total_time": 0.15181989001575857,
            "assemble_p2p_exchange": 0.004338172962889075,
            "assemble_hvp_compute": 0.03322278393898159,
            "assemble_extraction": 0.0963076229672879,
            "assemble_coo_assembly": 0.016310559934936464,
            "assemble_n_hvps": 0,
            "setop_time": 2.804095856845379e-06,
            "set_tolerances_time": 3.054039552807808e-06,
            "pc_setup_time": 0.3726193639449775,
            "solve_time": 0.1441690999781713,
            "linear_total_time": 0.668614212074317,
            "ksp_its": 2,
            "ksp_reason_code": 2,
            "ksp_reason_name": "CONVERGED_RTOL",
            "ksp_residual_norm": 0.0014718523144466602,
            "rhs_norm": 6.405118108367736e-05
          },
          {
            "assemble_total_time": 0.1531933470396325,
            "assemble_p2p_exchange": 0.00443723110947758,
            "assemble_hvp_compute": 0.0326813489664346,
            "assemble_extraction": 0.09873425704427063,
            "assemble_coo_assembly": 0.015894412994384766,
            "assemble_n_hvps": 0,
            "setop_time": 3.3150427043437958e-06,
            "set_tolerances_time": 2.2830208763480186e-06,
            "pc_setup_time": 0.3766622409457341,
            "solve_time": 0.14440748805645853,
            "linear_total_time": 0.6742686741054058,
            "ksp_its": 2,
            "ksp_reason_code": 2,
            "ksp_reason_name": "CONVERGED_RTOL",
            "ksp_residual_norm": 8.525657528076455e-06,
            "rhs_norm": 4.087464945752924e-07
          }
        ]
      }
    ],
    "metadata": {
      "profile": "reference",
      "nprocs": 2,
      "nproc_threads": 1,
      "problem": {
        "name": "GinzburgLandau2D"
      },
      "linear_solver": {
        "ksp_type": "gmres",
        "pc_type": "hypre",
        "ksp_rtol": 0.001,
        "ksp_max_it": 200,
        "pc_setup_on_ksp_cap": false,
        "gamg_threshold": 0.05,
        "gamg_agg_nsmooths": 1,
        "gamg_set_coordinates": true,
        "reorder": true,
        "hvp_eval_mode": "element_overlap",
        "assembly_mode": "element",
        "element_reorder_mode": "block_xyz",
        "local_hessian_mode": "element",
        "distribution_strategy": "overlap_allgather",
        "assembler": "GLReorderedElementAssembler",
        "trust_subproblem_solver": "direct_linear_solve",
        "trust_subproblem_line_search": false
      },
      "newton": {
        "tolf": 1e-06,
        "tolg": 1e-05,
        "tolg_rel": 0.001,
        "tolx_rel": 0.001,
        "tolx_abs": 1e-10,
        "maxit": 100,
        "require_all_convergence": true,
        "fail_on_nonfinite": true,
        "linesearch_interval": [
          -0.5,
          2.0
        ],
        "linesearch_tol": 0.001,
        "trust_region": false,
        "trust_radius_init": 1.0,
        "trust_radius_min": 1e-08,
        "trust_radius_max": 1000000.0,
        "trust_subproblem_line_search": false,
        "step_time_limit_s": null
      }
    }
  }
}
