An NVIDIA GPU may be present on this machine, but a CUDA-enabled jaxlib is not installed. Falling back to cpu.
An NVIDIA GPU may be present on this machine, but a CUDA-enabled jaxlib is not installed. Falling back to cpu.
An NVIDIA GPU may be present on this machine, but a CUDA-enabled jaxlib is not installed. Falling back to cpu.
An NVIDIA GPU may be present on this machine, but a CUDA-enabled jaxlib is not installed. Falling back to cpu.
An NVIDIA GPU may be present on this machine, but a CUDA-enabled jaxlib is not installed. Falling back to cpu.
An NVIDIA GPU may be present on this machine, but a CUDA-enabled jaxlib is not installed. Falling back to cpu.
An NVIDIA GPU may be present on this machine, but a CUDA-enabled jaxlib is not installed. Falling back to cpu.
An NVIDIA GPU may be present on this machine, but a CUDA-enabled jaxlib is not installed. Falling back to cpu.
{
  "case": {
    "problem": "gl",
    "backend": "element",
    "level": 9,
    "out": "/home/michal/repos/fenics_nonlinear_energies/artifacts/reproduction/2026-03-15_refactor_stage2b_final/full/gl_final_suite/jax_petsc_element_l9_np8.json",
    "quiet": true,
    "save_history": true,
    "save_linear_timing": true,
    "steps": 1,
    "start_step": 1,
    "total_steps": 24,
    "ksp_type": "gmres",
    "pc_type": "hypre",
    "ksp_rtol": 0.001,
    "ksp_max_it": 200,
    "profile": "reference",
    "coloring_trials": 10,
    "nproc_threads": 1,
    "hvp_eval_mode": "sequential",
    "element_reorder_mode": "block_xyz",
    "local_hessian_mode": "element",
    "tolf": 1e-06,
    "tolg": 1e-05,
    "tolg_rel": 0.001,
    "tolx_rel": 0.001,
    "tolx_abs": 1e-10,
    "maxit": 100,
    "step_time_limit_s": null,
    "linesearch_a": -0.5,
    "linesearch_b": 2.0,
    "linesearch_tol": 0.001,
    "use_trust_region": false,
    "trust_radius_init": 1.0,
    "trust_radius_min": 1e-08,
    "trust_radius_max": 1000000.0,
    "trust_shrink": 0.5,
    "trust_expand": 1.5,
    "trust_eta_shrink": 0.05,
    "trust_eta_expand": 0.75,
    "trust_max_reject": 6,
    "trust_subproblem_line_search": false,
    "local_coloring": true,
    "retry_on_failure": false,
    "pc_setup_on_ksp_cap": false,
    "use_near_nullspace": true,
    "reorder": null,
    "gamg_threshold": 0.05,
    "gamg_agg_nsmooths": 1,
    "gamg_set_coordinates": true
  },
  "result": {
    "mesh_level": 9,
    "total_dofs": 1050625,
    "free_dofs": 1046529,
    "setup_time": 4.612604,
    "solve_time_total": 6.299973,
    "total_time": 11.442631,
    "steps": [
      {
        "step": 1,
        "time": 6.299973,
        "nit": 8,
        "linear_iters": 35,
        "energy": 0.34562646841171807,
        "message": "Converged (energy, step, gradient)",
        "attempt": "primary",
        "ksp_rtol_used": 0.001,
        "ksp_max_it_used": 200,
        "linesearch_interval_used": [
          -0.5,
          2.0
        ],
        "history": [
          {
            "it": 1,
            "energy": 0.5619889135450001,
            "dE": 0.10331076442417353,
            "grad_norm": 0.0009261996570956121,
            "grad_target": 1e-05,
            "grad_norm_post": NaN,
            "alpha": -0.26969406011060426,
            "ksp_its": 9,
            "ls_evals": 19,
            "ls_repaired": false,
            "used_gradient_fallback": false,
            "accepted_step": true,
            "step_norm": 260.4908064032198,
            "step_rel": 0.5087711062562886,
            "pred_reduction": NaN,
            "actual_reduction": NaN,
            "trust_rejects": 0,
            "t_grad": 0.02230167598463595,
            "t_hess": 0.6380175300873816,
            "t_ls": 0.32735498098190874,
            "t_update": 0.00017604604363441467,
            "t_iter": 0.9880967669887468,
            "trust_radius": 1.0,
            "trust_ratio": NaN,
            "trust_qp": NaN
          },
          {
            "it": 2,
            "energy": 0.5100365460359044,
            "dE": 0.05195236750909571,
            "grad_norm": 0.0010307731051411202,
            "grad_target": 1e-05,
            "grad_norm_post": NaN,
            "alpha": 0.33670406766964767,
            "ksp_its": 6,
            "ls_evals": 19,
            "ls_repaired": false,
            "used_gradient_fallback": false,
            "accepted_step": true,
            "step_norm": 203.82573494268624,
            "step_rel": 0.31718321523708665,
            "pred_reduction": NaN,
            "actual_reduction": NaN,
            "trust_rejects": 0,
            "t_grad": 0.021290255011990666,
            "t_hess": 0.4958324519684538,
            "t_ls": 0.3239591909805313,
            "t_update": 0.00018181605264544487,
            "t_iter": 0.8414734620600939,
            "trust_radius": 1.0,
            "trust_ratio": NaN,
            "trust_qp": NaN
          },
          {
            "it": 3,
            "energy": 0.4478719778743504,
            "dE": 0.062164568161554024,
            "grad_norm": 0.0005641931751075337,
            "grad_target": 1e-05,
            "grad_norm_post": NaN,
            "alpha": -0.24063597095269007,
            "ksp_its": 6,
            "ls_evals": 19,
            "ls_repaired": false,
            "used_gradient_fallback": false,
            "accepted_step": true,
            "step_norm": 256.25156278196323,
            "step_rel": 0.34163622203926836,
            "pred_reduction": NaN,
            "actual_reduction": NaN,
            "trust_rejects": 0,
            "t_grad": 0.021515096072107553,
            "t_hess": 0.4942586550023407,
            "t_ls": 0.3260834909742698,
            "t_update": 0.00017646700143814087,
            "t_iter": 0.8422645389800891,
            "trust_radius": 1.0,
            "trust_ratio": NaN,
            "trust_qp": NaN
          },
          {
            "it": 4,
            "energy": 0.38871368053005706,
            "dE": 0.05915829734429334,
            "grad_norm": 0.0008570509126754562,
            "grad_target": 1e-05,
            "grad_norm_post": NaN,
            "alpha": 0.17339160859889902,
            "ksp_its": 5,
            "ls_evals": 19,
            "ls_repaired": false,
            "used_gradient_fallback": false,
            "accepted_step": true,
            "step_norm": 197.113199546135,
            "step_rel": 0.24493049357572333,
            "pred_reduction": NaN,
            "actual_reduction": NaN,
            "trust_rejects": 0,
            "t_grad": 0.02161677903495729,
            "t_hess": 0.45397069794125855,
            "t_ls": 0.3254885469796136,
            "t_update": 0.00017144903540611267,
            "t_iter": 0.8014712929725647,
            "trust_radius": 1.0,
            "trust_ratio": NaN,
            "trust_qp": NaN
          },
          {
            "it": 5,
            "energy": 0.3536401038735689,
            "dE": 0.03507357665648814,
            "grad_norm": 0.0008185545816401302,
            "grad_target": 1e-05,
            "grad_norm_post": NaN,
            "alpha": 0.4600635169165138,
            "ksp_its": 3,
            "ls_evals": 19,
            "ls_repaired": false,
            "used_gradient_fallback": false,
            "accepted_step": true,
            "step_norm": 123.36877936497989,
            "step_rel": 0.14551773216991543,
            "pred_reduction": NaN,
            "actual_reduction": NaN,
            "trust_rejects": 0,
            "t_grad": 0.021278986940160394,
            "t_hess": 0.38062395399902016,
            "t_ls": 0.32319145603105426,
            "t_update": 0.00016657193191349506,
            "t_iter": 0.7254842680413276,
            "trust_radius": 1.0,
            "trust_ratio": NaN,
            "trust_qp": NaN
          },
          {
            "it": 6,
            "energy": 0.3456898629209186,
            "dE": 0.007950240952650345,
            "grad_norm": 0.00041463712949252367,
            "grad_target": 1e-05,
            "grad_norm_post": NaN,
            "alpha": 1.0383710477695687,
            "ksp_its": 2,
            "ls_evals": 19,
            "ls_repaired": false,
            "used_gradient_fallback": false,
            "accepted_step": true,
            "step_norm": 43.12201968671841,
            "step_rel": 0.04916748581199813,
            "pred_reduction": NaN,
            "actual_reduction": NaN,
            "trust_rejects": 0,
            "t_grad": 0.021815569954924285,
            "t_hess": 0.3447695169597864,
            "t_ls": 0.32162490498740226,
            "t_update": 0.00019185105338692665,
            "t_iter": 0.6886371789732948,
            "trust_radius": 1.0,
            "trust_ratio": NaN,
            "trust_qp": NaN
          },
          {
            "it": 7,
            "energy": 0.3456264710178767,
            "dE": 6.339190304188724e-05,
            "grad_norm": 3.2122288877341734e-05,
            "grad_target": 1e-05,
            "grad_norm_post": NaN,
            "alpha": 1.0132460540663673,
            "ksp_its": 2,
            "ls_evals": 19,
            "ls_repaired": false,
            "used_gradient_fallback": false,
            "accepted_step": true,
            "step_norm": 4.396219671525957,
            "step_rel": 0.004997332867229364,
            "pred_reduction": NaN,
            "actual_reduction": NaN,
            "trust_rejects": 0,
            "t_grad": 0.02133193693589419,
            "t_hess": 0.34523684007581323,
            "t_ls": 0.3212450980208814,
            "t_update": 0.00018080300651490688,
            "t_iter": 0.6881979259196669,
            "trust_radius": 1.0,
            "trust_ratio": NaN,
            "trust_qp": NaN
          },
          {
            "it": 8,
            "energy": 0.34562646841171807,
            "dE": 2.6061586222425603e-09,
            "grad_norm": 2.877752063256643e-07,
            "grad_target": 1e-05,
            "grad_norm_post": 1.4538775420908884e-09,
            "alpha": 1.000416148939007,
            "ksp_its": 2,
            "ls_evals": 19,
            "ls_repaired": false,
            "used_gradient_fallback": false,
            "accepted_step": true,
            "step_norm": 0.02754512964930816,
            "step_rel": 3.142130605641579e-05,
            "pred_reduction": NaN,
            "actual_reduction": NaN,
            "trust_rejects": 0,
            "t_grad": 0.02157406392507255,
            "t_hess": 0.3437787509756163,
            "t_ls": 0.3216278830077499,
            "t_update": 0.00016887497622519732,
            "t_iter": 0.687385950004682,
            "trust_radius": 1.0,
            "trust_ratio": NaN,
            "trust_qp": NaN
          }
        ],
        "linear_timing": [
          {
            "assemble_total_time": 0.0953223790274933,
            "assemble_p2p_exchange": 0.004927816917188466,
            "assemble_hvp_compute": 0.02913176198489964,
            "assemble_extraction": 0.05709426396060735,
            "assemble_coo_assembly": 0.003830005065537989,
            "assemble_n_hvps": 0,
            "setop_time": 3.7159770727157593e-06,
            "set_tolerances_time": 3.1249364838004112e-06,
            "pc_setup_time": 0.1753275910159573,
            "solve_time": 0.36703612899873406,
            "linear_total_time": 0.6376929399557412,
            "ksp_its": 9,
            "ksp_reason_code": 2,
            "ksp_reason_name": "CONVERGED_RTOL",
            "ksp_residual_norm": 76.03142367192875,
            "rhs_norm": 0.0009261996570956121
          },
          {
            "assemble_total_time": 0.09307797101791948,
            "assemble_p2p_exchange": 0.004665609099902213,
            "assemble_hvp_compute": 0.022768914001062512,
            "assemble_extraction": 0.05851758597418666,
            "assemble_coo_assembly": 0.006793230073526502,
            "assemble_n_hvps": 0,
            "setop_time": 4.116096533834934e-06,
            "set_tolerances_time": 2.8240028768777847e-06,
            "pc_setup_time": 0.1501038499409333,
            "solve_time": 0.2523110759211704,
            "linear_total_time": 0.4954998369794339,
            "ksp_its": 6,
            "ksp_reason_code": 2,
            "ksp_reason_name": "CONVERGED_RTOL",
            "ksp_residual_norm": 5.248347801815634,
            "rhs_norm": 0.0010307731051411202
          },
          {
            "assemble_total_time": 0.09144471900071949,
            "assemble_p2p_exchange": 0.004656075034290552,
            "assemble_hvp_compute": 0.0291351251071319,
            "assemble_extraction": 0.053004754008725286,
            "assemble_coo_assembly": 0.004362551029771566,
            "assemble_n_hvps": 0,
            "setop_time": 2.603977918624878e-06,
            "set_tolerances_time": 3.0150404199957848e-06,
            "pc_setup_time": 0.14965063298586756,
            "solve_time": 0.25281056901440024,
            "linear_total_time": 0.4939115400193259,
            "ksp_its": 6,
            "ksp_reason_code": 2,
            "ksp_reason_name": "CONVERGED_RTOL",
            "ksp_residual_norm": 1.2047636651709075,
            "rhs_norm": 0.0005641931751075337
          },
          {
            "assemble_total_time": 0.09082734398543835,
            "assemble_p2p_exchange": 0.00422988086938858,
            "assemble_hvp_compute": 0.02198374504223466,
            "assemble_extraction": 0.056080857990309596,
            "assemble_coo_assembly": 0.008217894937843084,
            "assemble_n_hvps": 0,
            "setop_time": 2.7439091354608536e-06,
            "set_tolerances_time": 2.4640467017889023e-06,
            "pc_setup_time": 0.1489400160498917,
            "solve_time": 0.21383233706001192,
            "linear_total_time": 0.45360490505117923,
            "ksp_its": 5,
            "ksp_reason_code": 2,
            "ksp_reason_name": "CONVERGED_RTOL",
            "ksp_residual_norm": 0.05244256637463,
            "rhs_norm": 0.0008570509126754562
          },
          {
            "assemble_total_time": 0.08990523894317448,
            "assemble_p2p_exchange": 0.0046050880337134,
            "assemble_hvp_compute": 0.02424544596578926,
            "assemble_extraction": 0.05305098299868405,
            "assemble_coo_assembly": 0.00767518300563097,
            "assemble_n_hvps": 0,
            "setop_time": 2.293032594025135e-06,
            "set_tolerances_time": 2.3730099201202393e-06,
            "pc_setup_time": 0.14896216010674834,
            "solve_time": 0.14133494708221406,
            "linear_total_time": 0.380207012174651,
            "ksp_its": 3,
            "ksp_reason_code": 2,
            "ksp_reason_name": "CONVERGED_RTOL",
            "ksp_residual_norm": 0.10235837519177701,
            "rhs_norm": 0.0008185545816401302
          },
          {
            "assemble_total_time": 0.09038883890025318,
            "assemble_p2p_exchange": 0.004665749962441623,
            "assemble_hvp_compute": 0.02465720905456692,
            "assemble_extraction": 0.054982515051960945,
            "assemble_coo_assembly": 0.0057927550515159965,
            "assemble_n_hvps": 0,
            "setop_time": 2.803979441523552e-06,
            "set_tolerances_time": 3.044959157705307e-06,
            "pc_setup_time": 0.14849129493813962,
            "solve_time": 0.10550504096318036,
            "linear_total_time": 0.3443910237401724,
            "ksp_its": 2,
            "ksp_reason_code": 2,
            "ksp_reason_name": "CONVERGED_RTOL",
            "ksp_residual_norm": 0.02183772098462294,
            "rhs_norm": 0.00041463712949252367
          },
          {
            "assemble_total_time": 0.09028764499817044,
            "assemble_p2p_exchange": 0.00455130694899708,
            "assemble_hvp_compute": 0.024785612942650914,
            "assemble_extraction": 0.05238678690511733,
            "assemble_coo_assembly": 0.008255300926975906,
            "assemble_n_hvps": 0,
            "setop_time": 2.9050279408693314e-06,
            "set_tolerances_time": 2.834014594554901e-06,
            "pc_setup_time": 0.1491528550395742,
            "solve_time": 0.10542816400993615,
            "linear_total_time": 0.3448744030902162,
            "ksp_its": 2,
            "ksp_reason_code": 2,
            "ksp_reason_name": "CONVERGED_RTOL",
            "ksp_residual_norm": 0.0024172103305022583,
            "rhs_norm": 3.2122288877341734e-05
          },
          {
            "assemble_total_time": 0.08984526491258293,
            "assemble_p2p_exchange": 0.004796217079274356,
            "assemble_hvp_compute": 0.026761792949400842,
            "assemble_extraction": 0.05315962596796453,
            "assemble_coo_assembly": 0.004794855020008981,
            "assemble_n_hvps": 0,
            "setop_time": 2.653920091688633e-06,
            "set_tolerances_time": 2.5139888748526573e-06,
            "pc_setup_time": 0.1482957350090146,
            "solve_time": 0.10530363500583917,
            "linear_total_time": 0.34344980283640325,
            "ksp_its": 2,
            "ksp_reason_code": 2,
            "ksp_reason_name": "CONVERGED_RTOL",
            "ksp_residual_norm": 2.0104463674193444e-05,
            "rhs_norm": 2.877752063256643e-07
          }
        ]
      }
    ],
    "metadata": {
      "profile": "reference",
      "nprocs": 8,
      "nproc_threads": 1,
      "problem": {
        "name": "GinzburgLandau2D"
      },
      "linear_solver": {
        "ksp_type": "gmres",
        "pc_type": "hypre",
        "ksp_rtol": 0.001,
        "ksp_max_it": 200,
        "pc_setup_on_ksp_cap": false,
        "gamg_threshold": 0.05,
        "gamg_agg_nsmooths": 1,
        "gamg_set_coordinates": true,
        "reorder": true,
        "hvp_eval_mode": "element_overlap",
        "assembly_mode": "element",
        "element_reorder_mode": "block_xyz",
        "local_hessian_mode": "element",
        "distribution_strategy": "overlap_allgather",
        "assembler": "GLReorderedElementAssembler",
        "trust_subproblem_solver": "direct_linear_solve",
        "trust_subproblem_line_search": false
      },
      "newton": {
        "tolf": 1e-06,
        "tolg": 1e-05,
        "tolg_rel": 0.001,
        "tolx_rel": 0.001,
        "tolx_abs": 1e-10,
        "maxit": 100,
        "require_all_convergence": true,
        "fail_on_nonfinite": true,
        "linesearch_interval": [
          -0.5,
          2.0
        ],
        "linesearch_tol": 0.001,
        "trust_region": false,
        "trust_radius_init": 1.0,
        "trust_radius_min": 1e-08,
        "trust_radius_max": 1000000.0,
        "trust_subproblem_line_search": false,
        "step_time_limit_s": null
      }
    }
  }
}
