An NVIDIA GPU may be present on this machine, but a CUDA-enabled jaxlib is not installed. Falling back to cpu.
{
  "case": {
    "problem": "gl",
    "backend": "element",
    "level": 5,
    "out": "/home/michal/repos/fenics_nonlinear_energies/artifacts/reproduction/2026-03-15_refactor_stage2b_final/full/gl_final_suite/jax_petsc_local_sfd_l5_np1.json",
    "quiet": true,
    "save_history": true,
    "save_linear_timing": true,
    "steps": 1,
    "start_step": 1,
    "total_steps": 24,
    "ksp_type": "gmres",
    "pc_type": "hypre",
    "ksp_rtol": 0.001,
    "ksp_max_it": 200,
    "profile": "reference",
    "coloring_trials": 10,
    "nproc_threads": 1,
    "hvp_eval_mode": "sequential",
    "element_reorder_mode": "block_xyz",
    "local_hessian_mode": "sfd_local",
    "tolf": 1e-06,
    "tolg": 1e-05,
    "tolg_rel": 0.001,
    "tolx_rel": 0.001,
    "tolx_abs": 1e-10,
    "maxit": 100,
    "step_time_limit_s": null,
    "linesearch_a": -0.5,
    "linesearch_b": 2.0,
    "linesearch_tol": 0.001,
    "use_trust_region": false,
    "trust_radius_init": 1.0,
    "trust_radius_min": 1e-08,
    "trust_radius_max": 1000000.0,
    "trust_shrink": 0.5,
    "trust_expand": 1.5,
    "trust_eta_shrink": 0.05,
    "trust_eta_expand": 0.75,
    "trust_max_reject": 6,
    "trust_subproblem_line_search": false,
    "local_coloring": true,
    "retry_on_failure": false,
    "pc_setup_on_ksp_cap": false,
    "use_near_nullspace": true,
    "reorder": null,
    "gamg_threshold": 0.05,
    "gamg_agg_nsmooths": 1,
    "gamg_set_coordinates": true
  },
  "result": {
    "mesh_level": 5,
    "total_dofs": 4225,
    "free_dofs": 3969,
    "setup_time": 0.838942,
    "solve_time_total": 0.245828,
    "total_time": 1.121502,
    "steps": [
      {
        "step": 1,
        "time": 0.245828,
        "nit": 8,
        "linear_iters": 33,
        "energy": 0.34623144378212395,
        "message": "Converged (energy, step, gradient)",
        "attempt": "primary",
        "ksp_rtol_used": 0.001,
        "ksp_max_it_used": 200,
        "linesearch_interval_used": [
          -0.5,
          2.0
        ],
        "history": [
          {
            "it": 1,
            "energy": 0.5637010002188847,
            "dE": 0.10176874909720435,
            "grad_norm": 0.014805985418835032,
            "grad_target": 1.4805985418835032e-05,
            "grad_norm_post": NaN,
            "alpha": -0.26052984216264974,
            "ksp_its": 9,
            "ls_evals": 19,
            "ls_repaired": false,
            "used_gradient_fallback": false,
            "accepted_step": true,
            "step_norm": 16.041276062940085,
            "step_rel": 0.5012898769668777,
            "pred_reduction": NaN,
            "actual_reduction": NaN,
            "trust_rejects": 0,
            "t_grad": 0.00040760193951427937,
            "t_hess": 0.1584633650491014,
            "t_ls": 0.006839956971816719,
            "t_update": 3.3549731597304344e-06,
            "t_iter": 0.1657406889135018,
            "trust_radius": 1.0,
            "trust_ratio": NaN,
            "trust_qp": NaN
          },
          {
            "it": 2,
            "energy": 0.5122262691048866,
            "dE": 0.05147473111399814,
            "grad_norm": 0.016163761900350817,
            "grad_target": 1.4805985418835032e-05,
            "grad_norm_post": NaN,
            "alpha": 0.3252743304525988,
            "ksp_its": 6,
            "ls_evals": 19,
            "ls_repaired": false,
            "used_gradient_fallback": false,
            "accepted_step": true,
            "step_norm": 13.267891808914628,
            "step_rel": 0.33037478950676286,
            "pred_reduction": NaN,
            "actual_reduction": NaN,
            "trust_rejects": 0,
            "t_grad": 0.0003382778959348798,
            "t_hess": 0.005582357989624143,
            "t_ls": 0.006440917961299419,
            "t_update": 2.254033461213112e-06,
            "t_iter": 0.012380542000755668,
            "trust_radius": 1.0,
            "trust_ratio": NaN,
            "trust_qp": NaN
          },
          {
            "it": 3,
            "energy": 0.44664305375063595,
            "dE": 0.0655832153542506,
            "grad_norm": 0.00888524026437125,
            "grad_target": 1.4805985418835032e-05,
            "grad_norm_post": NaN,
            "alpha": -0.31147991352407767,
            "ksp_its": 5,
            "ls_evals": 19,
            "ls_repaired": false,
            "used_gradient_fallback": false,
            "accepted_step": true,
            "step_norm": 16.71590871739735,
            "step_rel": 0.35774902170317785,
            "pred_reduction": NaN,
            "actual_reduction": NaN,
            "trust_rejects": 0,
            "t_grad": 0.00033357099164277315,
            "t_hess": 0.0049357759999111295,
            "t_ls": 0.006375909899361432,
            "t_update": 1.9730068743228912e-06,
            "t_iter": 0.01166187203489244,
            "trust_radius": 1.0,
            "trust_ratio": NaN,
            "trust_qp": NaN
          },
          {
            "it": 4,
            "energy": 0.4021831550645405,
            "dE": 0.044459898686095456,
            "grad_norm": 0.013807718966515328,
            "grad_target": 1.4805985418835032e-05,
            "grad_norm_post": NaN,
            "alpha": 0.10831360507182441,
            "ksp_its": 4,
            "ls_evals": 19,
            "ls_repaired": false,
            "used_gradient_fallback": false,
            "accepted_step": true,
            "step_norm": 10.23967684288108,
            "step_rel": 0.20397160244034268,
            "pred_reduction": NaN,
            "actual_reduction": NaN,
            "trust_rejects": 0,
            "t_grad": 0.0003162750508636236,
            "t_hess": 0.004664289066568017,
            "t_ls": 0.006363210966810584,
            "t_update": 2.1139858290553093e-06,
            "t_iter": 0.011359978932887316,
            "trust_radius": 1.0,
            "trust_ratio": NaN,
            "trust_qp": NaN
          },
          {
            "it": 5,
            "energy": 0.3570607053939828,
            "dE": 0.045122449670557674,
            "grad_norm": 0.013271352607010524,
            "grad_target": 1.4805985418835032e-05,
            "grad_norm_post": NaN,
            "alpha": 0.35999621778324886,
            "ksp_its": 3,
            "ls_evals": 19,
            "ls_repaired": false,
            "used_gradient_fallback": false,
            "accepted_step": true,
            "step_norm": 9.551985584864005,
            "step_rel": 0.1829594108659131,
            "pred_reduction": NaN,
            "actual_reduction": NaN,
            "trust_rejects": 0,
            "t_grad": 0.00032720190938562155,
            "t_hess": 0.004383136052638292,
            "t_ls": 0.00653888494707644,
            "t_update": 2.0029256120324135e-06,
            "t_iter": 0.011265966924838722,
            "trust_radius": 1.0,
            "trust_ratio": NaN,
            "trust_qp": NaN
          },
          {
            "it": 6,
            "energy": 0.346330027774865,
            "dE": 0.010730677619117834,
            "grad_norm": 0.007554629240025635,
            "grad_target": 1.4805985418835032e-05,
            "grad_norm_post": NaN,
            "alpha": 1.0129786457906078,
            "ksp_its": 2,
            "ls_evals": 19,
            "ls_repaired": false,
            "used_gradient_fallback": false,
            "accepted_step": true,
            "step_norm": 3.067524971724724,
            "step_rel": 0.05619642894660166,
            "pred_reduction": NaN,
            "actual_reduction": NaN,
            "trust_rejects": 0,
            "t_grad": 0.0003201609943062067,
            "t_hess": 0.004125259001739323,
            "t_ls": 0.0064078980358317494,
            "t_update": 2.0029256120324135e-06,
            "t_iter": 0.01086972199846059,
            "trust_radius": 1.0,
            "trust_ratio": NaN,
            "trust_qp": NaN
          },
          {
            "it": 7,
            "energy": 0.3462314478406304,
            "dE": 9.857993423456612e-05,
            "grad_norm": 0.0006549585121495208,
            "grad_target": 1.4805985418835032e-05,
            "grad_norm_post": NaN,
            "alpha": 1.0132460540663673,
            "ksp_its": 2,
            "ls_evals": 19,
            "ls_repaired": false,
            "used_gradient_fallback": false,
            "accepted_step": true,
            "step_norm": 0.326540392430934,
            "step_rel": 0.005929481110222346,
            "pred_reduction": NaN,
            "actual_reduction": NaN,
            "trust_rejects": 0,
            "t_grad": 0.0003196799661964178,
            "t_hess": 0.003988312091678381,
            "t_ls": 0.006522650946862996,
            "t_update": 2.0939623937010765e-06,
            "t_iter": 0.010846997960470617,
            "trust_radius": 1.0,
            "trust_ratio": NaN,
            "trust_qp": NaN
          },
          {
            "it": 8,
            "energy": 0.34623144378212395,
            "dE": 4.058506475335122e-09,
            "grad_norm": 4.038124258646475e-06,
            "grad_target": 1.4805985418835032e-05,
            "grad_norm_post": 3.5015620185625983e-09,
            "alpha": 0.9999834732596391,
            "ksp_its": 2,
            "ls_evals": 19,
            "ls_repaired": false,
            "used_gradient_fallback": false,
            "accepted_step": true,
            "step_norm": 0.002207549245633846,
            "step_rel": 4.027702188077835e-05,
            "pred_reduction": NaN,
            "actual_reduction": NaN,
            "trust_rejects": 0,
            "t_grad": 0.0003299160161986947,
            "t_hess": 0.0039835559437051415,
            "t_ls": 0.006415348965674639,
            "t_update": 1.952052116394043e-06,
            "t_iter": 0.010745074949227273,
            "trust_radius": 1.0,
            "trust_ratio": NaN,
            "trust_qp": NaN
          }
        ],
        "linear_timing": [
          {
            "assemble_total_time": 0.1527825890807435,
            "assemble_p2p_exchange": 6.620900239795446e-05,
            "assemble_hvp_compute": 0.15244087600149214,
            "assemble_extraction": 0.000118858995847404,
            "assemble_coo_assembly": 0.00012859294656664133,
            "assemble_n_hvps": 7,
            "setop_time": 3.3050309866666794e-06,
            "set_tolerances_time": 2.34297476708889e-06,
            "pc_setup_time": 0.002885304973460734,
            "solve_time": 0.0027528060600161552,
            "linear_total_time": 0.15842634811997414,
            "ksp_its": 9,
            "ksp_reason_code": 2,
            "ksp_reason_name": "CONVERGED_RTOL",
            "ksp_residual_norm": 7.493337978633587,
            "rhs_norm": 0.014805985418835032
          },
          {
            "assemble_total_time": 0.0016802949830889702,
            "assemble_p2p_exchange": 5.690497346222401e-05,
            "assemble_hvp_compute": 0.0013221170520409942,
            "assemble_extraction": 0.0001533710164949298,
            "assemble_coo_assembly": 0.00013070600107312202,
            "assemble_n_hvps": 7,
            "setop_time": 1.1420343071222305e-06,
            "set_tolerances_time": 1.942971721291542e-06,
            "pc_setup_time": 0.0020930550526827574,
            "solve_time": 0.0017791329883038998,
            "linear_total_time": 0.005555568030104041,
            "ksp_its": 6,
            "ksp_reason_code": 2,
            "ksp_reason_name": "CONVERGED_RTOL",
            "ksp_residual_norm": 0.16832177419953043,
            "rhs_norm": 0.016163761900350817
          },
          {
            "assemble_total_time": 0.0013080360367894173,
            "assemble_p2p_exchange": 4.294503014534712e-05,
            "assemble_hvp_compute": 0.0010958960046991706,
            "assemble_extraction": 8.424604311585426e-05,
            "assemble_coo_assembly": 7.127702701836824e-05,
            "assemble_n_hvps": 7,
            "setop_time": 6.809132173657417e-07,
            "set_tolerances_time": 7.509952411055565e-07,
            "pc_setup_time": 0.0020844510290771723,
            "solve_time": 0.0015233790036290884,
            "linear_total_time": 0.004917297977954149,
            "ksp_its": 5,
            "ksp_reason_code": 2,
            "ksp_reason_name": "CONVERGED_RTOL",
            "ksp_residual_norm": 0.19952387245670125,
            "rhs_norm": 0.00888524026437125
          },
          {
            "assemble_total_time": 0.0013010550756007433,
            "assemble_p2p_exchange": 4.272500518709421e-05,
            "assemble_hvp_compute": 0.0010953460587188601,
            "assemble_extraction": 8.583895396441221e-05,
            "assemble_coo_assembly": 6.408593617379665e-05,
            "assemble_n_hvps": 7,
            "setop_time": 7.010530680418015e-07,
            "set_tolerances_time": 8.910428732633591e-07,
            "pc_setup_time": 0.00208121701143682,
            "solve_time": 0.0012625460512936115,
            "linear_total_time": 0.00464641023427248,
            "ksp_its": 4,
            "ksp_reason_code": 2,
            "ksp_reason_name": "CONVERGED_RTOL",
            "ksp_residual_norm": 0.04058511353209194,
            "rhs_norm": 0.013807718966515328
          },
          {
            "assemble_total_time": 0.0012712100287899375,
            "assemble_p2p_exchange": 4.307611379772425e-05,
            "assemble_hvp_compute": 0.0010808240622282028,
            "assemble_extraction": 8.250400424003601e-05,
            "assemble_coo_assembly": 5.1017035730183125e-05,
            "assemble_n_hvps": 7,
            "setop_time": 7.010530680418015e-07,
            "set_tolerances_time": 8.209608495235443e-07,
            "pc_setup_time": 0.002078101970255375,
            "solve_time": 0.0010136730270460248,
            "linear_total_time": 0.0043645070400089025,
            "ksp_its": 3,
            "ksp_reason_code": 2,
            "ksp_reason_name": "CONVERGED_RTOL",
            "ksp_residual_norm": 0.0011951545531619222,
            "rhs_norm": 0.013271352607010524
          },
          {
            "assemble_total_time": 0.0012449410278350115,
            "assemble_p2p_exchange": 4.3054926209151745e-05,
            "assemble_hvp_compute": 0.0010365479392930865,
            "assemble_extraction": 8.221401367336512e-05,
            "assemble_coo_assembly": 6.936502177268267e-05,
            "assemble_n_hvps": 7,
            "setop_time": 7.110647857189178e-07,
            "set_tolerances_time": 8.520437404513359e-07,
            "pc_setup_time": 0.0020954179344698787,
            "solve_time": 0.000765250064432621,
            "linear_total_time": 0.004107172135263681,
            "ksp_its": 2,
            "ksp_reason_code": 2,
            "ksp_reason_name": "CONVERGED_RTOL",
            "ksp_residual_norm": 0.00019819339455650405,
            "rhs_norm": 0.007554629240025635
          },
          {
            "assemble_total_time": 0.0012199030024930835,
            "assemble_p2p_exchange": 4.311499651521444e-05,
            "assemble_hvp_compute": 0.0010308190248906612,
            "assemble_extraction": 8.136301767081022e-05,
            "assemble_coo_assembly": 5.15870051458478e-05,
            "assemble_n_hvps": 7,
            "setop_time": 7.009366527199745e-07,
            "set_tolerances_time": 8.409842848777771e-07,
            "pc_setup_time": 0.002001316985115409,
            "solve_time": 0.0007474831072613597,
            "linear_total_time": 0.00397024501580745,
            "ksp_its": 2,
            "ksp_reason_code": 2,
            "ksp_reason_name": "CONVERGED_RTOL",
            "ksp_residual_norm": 1.0542930028741541e-05,
            "rhs_norm": 0.0006549585121495208
          },
          {
            "assemble_total_time": 0.0012455610558390617,
            "assemble_p2p_exchange": 4.2943982407450676e-05,
            "assemble_hvp_compute": 0.0010356759885326028,
            "assemble_extraction": 8.319492917507887e-05,
            "assemble_coo_assembly": 7.015501614660025e-05,
            "assemble_n_hvps": 7,
            "setop_time": 7.109483703970909e-07,
            "set_tolerances_time": 8.309725672006607e-07,
            "pc_setup_time": 0.0019823890179395676,
            "solve_time": 0.0007365470519289374,
            "linear_total_time": 0.0039660390466451645,
            "ksp_its": 2,
            "ksp_reason_code": 2,
            "ksp_reason_name": "CONVERGED_RTOL",
            "ksp_residual_norm": 1.166442722403415e-07,
            "rhs_norm": 4.038124258646475e-06
          }
        ]
      }
    ],
    "metadata": {
      "profile": "reference",
      "nprocs": 1,
      "nproc_threads": 1,
      "problem": {
        "name": "GinzburgLandau2D"
      },
      "linear_solver": {
        "ksp_type": "gmres",
        "pc_type": "hypre",
        "ksp_rtol": 0.001,
        "ksp_max_it": 200,
        "pc_setup_on_ksp_cap": false,
        "gamg_threshold": 0.05,
        "gamg_agg_nsmooths": 1,
        "gamg_set_coordinates": true,
        "reorder": true,
        "hvp_eval_mode": "sfd_local_batched",
        "assembly_mode": "element",
        "element_reorder_mode": "block_xyz",
        "local_hessian_mode": "sfd_local",
        "distribution_strategy": "overlap_allgather",
        "assembler": "GLReorderedElementAssembler",
        "trust_subproblem_solver": "direct_linear_solve",
        "trust_subproblem_line_search": false
      },
      "newton": {
        "tolf": 1e-06,
        "tolg": 1e-05,
        "tolg_rel": 0.001,
        "tolx_rel": 0.001,
        "tolx_abs": 1e-10,
        "maxit": 100,
        "require_all_convergence": true,
        "fail_on_nonfinite": true,
        "linesearch_interval": [
          -0.5,
          2.0
        ],
        "linesearch_tol": 0.001,
        "trust_region": false,
        "trust_radius_init": 1.0,
        "trust_radius_min": 1e-08,
        "trust_radius_max": 1000000.0,
        "trust_subproblem_line_search": false,
        "step_time_limit_s": null
      }
    }
  }
}
