An NVIDIA GPU may be present on this machine, but a CUDA-enabled jaxlib is not installed. Falling back to cpu.
An NVIDIA GPU may be present on this machine, but a CUDA-enabled jaxlib is not installed. Falling back to cpu.
An NVIDIA GPU may be present on this machine, but a CUDA-enabled jaxlib is not installed. Falling back to cpu.
An NVIDIA GPU may be present on this machine, but a CUDA-enabled jaxlib is not installed. Falling back to cpu.
{
  "case": {
    "problem": "gl",
    "backend": "element",
    "level": 8,
    "out": "/home/michal/repos/fenics_nonlinear_energies/artifacts/reproduction/2026-03-15_refactor_stage2b_final/full/gl_final_suite/jax_petsc_element_l8_np4.json",
    "quiet": true,
    "save_history": true,
    "save_linear_timing": true,
    "steps": 1,
    "start_step": 1,
    "total_steps": 24,
    "ksp_type": "gmres",
    "pc_type": "hypre",
    "ksp_rtol": 0.001,
    "ksp_max_it": 200,
    "profile": "reference",
    "coloring_trials": 10,
    "nproc_threads": 1,
    "hvp_eval_mode": "sequential",
    "element_reorder_mode": "block_xyz",
    "local_hessian_mode": "element",
    "tolf": 1e-06,
    "tolg": 1e-05,
    "tolg_rel": 0.001,
    "tolx_rel": 0.001,
    "tolx_abs": 1e-10,
    "maxit": 100,
    "step_time_limit_s": null,
    "linesearch_a": -0.5,
    "linesearch_b": 2.0,
    "linesearch_tol": 0.001,
    "use_trust_region": false,
    "trust_radius_init": 1.0,
    "trust_radius_min": 1e-08,
    "trust_radius_max": 1000000.0,
    "trust_shrink": 0.5,
    "trust_expand": 1.5,
    "trust_eta_shrink": 0.05,
    "trust_eta_expand": 0.75,
    "trust_max_reject": 6,
    "trust_subproblem_line_search": false,
    "local_coloring": true,
    "retry_on_failure": false,
    "pc_setup_on_ksp_cap": false,
    "use_near_nullspace": true,
    "reorder": null,
    "gamg_threshold": 0.05,
    "gamg_agg_nsmooths": 1,
    "gamg_set_coordinates": true
  },
  "result": {
    "mesh_level": 8,
    "total_dofs": 263169,
    "free_dofs": 261121,
    "setup_time": 1.623976,
    "solve_time_total": 1.308327,
    "total_time": 3.086421,
    "steps": [
      {
        "step": 1,
        "time": 1.308327,
        "nit": 7,
        "linear_iters": 24,
        "energy": 0.3456336282715494,
        "message": "Converged (energy, step, gradient)",
        "attempt": "primary",
        "ksp_rtol_used": 0.001,
        "ksp_max_it_used": 200,
        "linesearch_interval_used": [
          -0.5,
          2.0
        ],
        "history": [
          {
            "it": 1,
            "energy": 0.501516462334632,
            "dE": 0.16378521653296563,
            "grad_norm": 0.0018523798253574071,
            "grad_target": 1e-05,
            "grad_norm_post": NaN,
            "alpha": -0.3277080975548555,
            "ksp_its": 6,
            "ls_evals": 19,
            "ls_repaired": false,
            "used_gradient_fallback": false,
            "accepted_step": true,
            "step_norm": 153.2742542309859,
            "step_rel": 0.5987275555897886,
            "pred_reduction": NaN,
            "actual_reduction": NaN,
            "trust_rejects": 0,
            "t_grad": 0.004261496011167765,
            "t_hess": 0.14159047801513225,
            "t_ls": 0.06925387203227729,
            "t_update": 4.1591934859752655e-05,
            "t_iter": 0.21523922705091536,
            "trust_radius": 1.0,
            "trust_ratio": NaN,
            "trust_qp": NaN
          },
          {
            "it": 2,
            "energy": 0.5003570157831538,
            "dE": 0.0011594465514781493,
            "grad_norm": 0.0018465318595304921,
            "grad_target": 1e-05,
            "grad_norm_post": NaN,
            "alpha": -0.2648956132968753,
            "ksp_its": 5,
            "ls_evals": 19,
            "ls_repaired": false,
            "used_gradient_fallback": false,
            "accepted_step": true,
            "step_norm": 49.17298595237957,
            "step_rel": 0.13615992883461484,
            "pred_reduction": NaN,
            "actual_reduction": NaN,
            "trust_rejects": 0,
            "t_grad": 0.004249627934768796,
            "t_hess": 0.1236676259431988,
            "t_ls": 0.07113564002793282,
            "t_update": 3.565393853932619e-05,
            "t_iter": 0.1991896809777245,
            "trust_radius": 1.0,
            "trust_ratio": NaN,
            "trust_qp": NaN
          },
          {
            "it": 3,
            "energy": 0.46649635566627234,
            "dE": 0.03386066011688149,
            "grad_norm": 0.0023237021223169335,
            "grad_target": 1e-05,
            "grad_norm_post": NaN,
            "alpha": -0.16002986734988134,
            "ksp_its": 5,
            "ls_evals": 19,
            "ls_repaired": false,
            "used_gradient_fallback": false,
            "accepted_step": true,
            "step_norm": 79.05615648959538,
            "step_rel": 0.2218128744982848,
            "pred_reduction": NaN,
            "actual_reduction": NaN,
            "trust_rejects": 0,
            "t_grad": 0.004749538959003985,
            "t_hess": 0.12109544000122696,
            "t_ls": 0.07077483902685344,
            "t_update": 4.7130975872278214e-05,
            "t_iter": 0.19676458497997373,
            "trust_radius": 1.0,
            "trust_ratio": NaN,
            "trust_qp": NaN
          },
          {
            "it": 4,
            "energy": 0.3584498559456386,
            "dE": 0.10804649972063374,
            "grad_norm": 0.0026354824944231432,
            "grad_target": 1e-05,
            "grad_norm_post": NaN,
            "alpha": 0.43747145075795635,
            "ksp_its": 2,
            "ls_evals": 19,
            "ls_repaired": false,
            "used_gradient_fallback": false,
            "accepted_step": true,
            "step_norm": 95.37781247649953,
            "step_rel": 0.2534604876570678,
            "pred_reduction": NaN,
            "actual_reduction": NaN,
            "trust_rejects": 0,
            "t_grad": 0.004319161991588771,
            "t_hess": 0.09921739296987653,
            "t_ls": 0.07048466289415956,
            "t_update": 4.7792098484933376e-05,
            "t_iter": 0.17414647608529776,
            "trust_radius": 1.0,
            "trust_ratio": NaN,
            "trust_qp": NaN
          },
          {
            "it": 5,
            "energy": 0.3457449453832796,
            "dE": 0.012704910562359006,
            "grad_norm": 0.0012405345982029329,
            "grad_target": 1e-05,
            "grad_norm_post": NaN,
            "alpha": 1.032439841321332,
            "ksp_its": 2,
            "ls_evals": 19,
            "ls_repaired": false,
            "used_gradient_fallback": false,
            "accepted_step": true,
            "step_norm": 25.924140946896106,
            "step_rel": 0.05891382181627711,
            "pred_reduction": NaN,
            "actual_reduction": NaN,
            "trust_rejects": 0,
            "t_grad": 0.004320092964917421,
            "t_hess": 0.09899385808967054,
            "t_ls": 0.0691635770490393,
            "t_update": 4.022102802991867e-05,
            "t_iter": 0.17260396690107882,
            "trust_radius": 1.0,
            "trust_ratio": NaN,
            "trust_qp": NaN
          },
          {
            "it": 6,
            "energy": 0.3456336300692024,
            "dE": 0.0001113153140772094,
            "grad_norm": 8.989009056295355e-05,
            "grad_target": 1e-05,
            "grad_norm_post": NaN,
            "alpha": 1.0125459701112398,
            "ksp_its": 2,
            "ls_evals": 19,
            "ls_repaired": false,
            "used_gradient_fallback": false,
            "accepted_step": true,
            "step_norm": 2.7650115521686276,
            "step_rel": 0.0062760959036460085,
            "pred_reduction": NaN,
            "actual_reduction": NaN,
            "trust_rejects": 0,
            "t_grad": 0.004234055057168007,
            "t_hess": 0.09871459810528904,
            "t_ls": 0.06860373495146632,
            "t_update": 4.099204670637846e-05,
            "t_iter": 0.17167823598720133,
            "trust_radius": 1.0,
            "trust_ratio": NaN,
            "trust_qp": NaN
          },
          {
            "it": 7,
            "energy": 0.3456336282715494,
            "dE": 1.7976529709251565e-09,
            "grad_norm": 4.853557605439932e-07,
            "grad_target": 1e-05,
            "grad_norm_post": 8.697336456397597e-10,
            "alpha": 0.9999834732596391,
            "ksp_its": 2,
            "ls_evals": 19,
            "ls_repaired": false,
            "used_gradient_fallback": false,
            "accepted_step": true,
            "step_norm": 0.010704421441572779,
            "step_rel": 2.4421317720404303e-05,
            "pred_reduction": NaN,
            "actual_reduction": NaN,
            "trust_rejects": 0,
            "t_grad": 0.004241846967488527,
            "t_hess": 0.09778724296484143,
            "t_ls": 0.06882554898038507,
            "t_update": 4.148203879594803e-05,
            "t_iter": 0.1709780239034444,
            "trust_radius": 1.0,
            "trust_ratio": NaN,
            "trust_qp": NaN
          }
        ],
        "linear_timing": [
          {
            "assemble_total_time": 0.023429779103025794,
            "assemble_p2p_exchange": 0.0008104670559987426,
            "assemble_hvp_compute": 0.0063114670338109136,
            "assemble_extraction": 0.012705618981271982,
            "assemble_coo_assembly": 0.0035010729916393757,
            "assemble_n_hvps": 0,
            "setop_time": 3.5749981179833412e-06,
            "set_tolerances_time": 3.06498259305954e-06,
            "pc_setup_time": 0.06706244789529592,
            "solve_time": 0.05097780004143715,
            "linear_total_time": 0.1414766670204699,
            "ksp_its": 6,
            "ksp_reason_code": 2,
            "ksp_reason_name": "CONVERGED_RTOL",
            "ksp_residual_norm": 205.4328905379891,
            "rhs_norm": 0.0018523798253574071
          },
          {
            "assemble_total_time": 0.025261814007535577,
            "assemble_p2p_exchange": 0.0007961869705468416,
            "assemble_hvp_compute": 0.006538107991218567,
            "assemble_extraction": 0.014467708067968488,
            "assemble_coo_assembly": 0.003383946022950113,
            "assemble_n_hvps": 0,
            "setop_time": 2.8640497475862503e-06,
            "set_tolerances_time": 3.616092726588249e-06,
            "pc_setup_time": 0.05568628793116659,
            "solve_time": 0.04260256001725793,
            "linear_total_time": 0.12355714209843427,
            "ksp_its": 5,
            "ksp_reason_code": 2,
            "ksp_reason_name": "CONVERGED_RTOL",
            "ksp_residual_norm": 6.255271902233423,
            "rhs_norm": 0.0018465318595304921
          },
          {
            "assemble_total_time": 0.022880204021930695,
            "assemble_p2p_exchange": 0.0008394020842388272,
            "assemble_hvp_compute": 0.005972227081656456,
            "assemble_extraction": 0.012965700007043779,
            "assemble_coo_assembly": 0.0030263689113780856,
            "assemble_n_hvps": 0,
            "setop_time": 2.5440240278840065e-06,
            "set_tolerances_time": 2.5440240278840065e-06,
            "pc_setup_time": 0.05559012305457145,
            "solve_time": 0.04250880901236087,
            "linear_total_time": 0.12098422413691878,
            "ksp_its": 5,
            "ksp_reason_code": 2,
            "ksp_reason_name": "CONVERGED_RTOL",
            "ksp_residual_norm": 8.523556551382452,
            "rhs_norm": 0.0023237021223169335
          },
          {
            "assemble_total_time": 0.022728826035745442,
            "assemble_p2p_exchange": 0.0009013650706037879,
            "assemble_hvp_compute": 0.006464798003435135,
            "assemble_extraction": 0.013496277970261872,
            "assemble_coo_assembly": 0.0017955300863832235,
            "assemble_n_hvps": 0,
            "setop_time": 1.8829014152288437e-06,
            "set_tolerances_time": 1.993030309677124e-06,
            "pc_setup_time": 0.055595059995539486,
            "solve_time": 0.020789110101759434,
            "linear_total_time": 0.09911687206476927,
            "ksp_its": 2,
            "ksp_reason_code": 2,
            "ksp_reason_name": "CONVERGED_RTOL",
            "ksp_residual_norm": 0.11584410995582192,
            "rhs_norm": 0.0026354824944231432
          },
          {
            "assemble_total_time": 0.02276396902743727,
            "assemble_p2p_exchange": 0.0008977990364655852,
            "assemble_hvp_compute": 0.0064156739972531796,
            "assemble_extraction": 0.012719508958980441,
            "assemble_coo_assembly": 0.0026657070266082883,
            "assemble_n_hvps": 0,
            "setop_time": 1.962995156645775e-06,
            "set_tolerances_time": 2.1030427888035774e-06,
            "pc_setup_time": 0.05521812301594764,
            "solve_time": 0.020901388954371214,
            "linear_total_time": 0.09888754703570157,
            "ksp_its": 2,
            "ksp_reason_code": 2,
            "ksp_reason_name": "CONVERGED_RTOL",
            "ksp_residual_norm": 0.0052542212657779724,
            "rhs_norm": 0.0012405345982029329
          },
          {
            "assemble_total_time": 0.02278482005931437,
            "assemble_p2p_exchange": 0.0008063820423558354,
            "assemble_hvp_compute": 0.006640941952355206,
            "assemble_extraction": 0.012986842077225447,
            "assemble_coo_assembly": 0.0022821109741926193,
            "assemble_n_hvps": 0,
            "setop_time": 2.4640467017889023e-06,
            "set_tolerances_time": 2.7139903977513313e-06,
            "pc_setup_time": 0.05505738197825849,
            "solve_time": 0.020764893968589604,
            "linear_total_time": 0.098612274043262,
            "ksp_its": 2,
            "ksp_reason_code": 2,
            "ksp_reason_name": "CONVERGED_RTOL",
            "ksp_residual_norm": 0.000537641060722863,
            "rhs_norm": 8.989009056295355e-05
          },
          {
            "assemble_total_time": 0.02206238405779004,
            "assemble_p2p_exchange": 0.0007978979265317321,
            "assemble_hvp_compute": 0.006414011004380882,
            "assemble_extraction": 0.0131895070662722,
            "assemble_coo_assembly": 0.0015927639324218035,
            "assemble_n_hvps": 0,
            "setop_time": 2.4330802261829376e-06,
            "set_tolerances_time": 2.844957634806633e-06,
            "pc_setup_time": 0.05509109306149185,
            "solve_time": 0.02052613499108702,
            "linear_total_time": 0.0976848901482299,
            "ksp_its": 2,
            "ksp_reason_code": 2,
            "ksp_reason_name": "CONVERGED_RTOL",
            "ksp_residual_norm": 2.4897062831376374e-06,
            "rhs_norm": 4.853557605439932e-07
          }
        ]
      }
    ],
    "metadata": {
      "profile": "reference",
      "nprocs": 4,
      "nproc_threads": 1,
      "problem": {
        "name": "GinzburgLandau2D"
      },
      "linear_solver": {
        "ksp_type": "gmres",
        "pc_type": "hypre",
        "ksp_rtol": 0.001,
        "ksp_max_it": 200,
        "pc_setup_on_ksp_cap": false,
        "gamg_threshold": 0.05,
        "gamg_agg_nsmooths": 1,
        "gamg_set_coordinates": true,
        "reorder": true,
        "hvp_eval_mode": "element_overlap",
        "assembly_mode": "element",
        "element_reorder_mode": "block_xyz",
        "local_hessian_mode": "element",
        "distribution_strategy": "overlap_allgather",
        "assembler": "GLReorderedElementAssembler",
        "trust_subproblem_solver": "direct_linear_solve",
        "trust_subproblem_line_search": false
      },
      "newton": {
        "tolf": 1e-06,
        "tolg": 1e-05,
        "tolg_rel": 0.001,
        "tolx_rel": 0.001,
        "tolx_abs": 1e-10,
        "maxit": 100,
        "require_all_convergence": true,
        "fail_on_nonfinite": true,
        "linesearch_interval": [
          -0.5,
          2.0
        ],
        "linesearch_tol": 0.001,
        "trust_region": false,
        "trust_radius_init": 1.0,
        "trust_radius_min": 1e-08,
        "trust_radius_max": 1000000.0,
        "trust_subproblem_line_search": false,
        "step_time_limit_s": null
      }
    }
  }
}
