An NVIDIA GPU may be present on this machine, but a CUDA-enabled jaxlib is not installed. Falling back to cpu.
An NVIDIA GPU may be present on this machine, but a CUDA-enabled jaxlib is not installed. Falling back to cpu.
{
  "case": {
    "problem": "gl",
    "backend": "element",
    "level": 6,
    "out": "/home/michal/repos/fenics_nonlinear_energies/artifacts/reproduction/2026-03-15_refactor_stage2b_final/full/gl_final_suite/jax_petsc_local_sfd_l6_np2.json",
    "quiet": true,
    "save_history": true,
    "save_linear_timing": true,
    "steps": 1,
    "start_step": 1,
    "total_steps": 24,
    "ksp_type": "gmres",
    "pc_type": "hypre",
    "ksp_rtol": 0.001,
    "ksp_max_it": 200,
    "profile": "reference",
    "coloring_trials": 10,
    "nproc_threads": 1,
    "hvp_eval_mode": "sequential",
    "element_reorder_mode": "block_xyz",
    "local_hessian_mode": "sfd_local",
    "tolf": 1e-06,
    "tolg": 1e-05,
    "tolg_rel": 0.001,
    "tolx_rel": 0.001,
    "tolx_abs": 1e-10,
    "maxit": 100,
    "step_time_limit_s": null,
    "linesearch_a": -0.5,
    "linesearch_b": 2.0,
    "linesearch_tol": 0.001,
    "use_trust_region": false,
    "trust_radius_init": 1.0,
    "trust_radius_min": 1e-08,
    "trust_radius_max": 1000000.0,
    "trust_shrink": 0.5,
    "trust_expand": 1.5,
    "trust_eta_shrink": 0.05,
    "trust_eta_expand": 0.75,
    "trust_max_reject": 6,
    "trust_subproblem_line_search": false,
    "local_coloring": true,
    "retry_on_failure": false,
    "pc_setup_on_ksp_cap": false,
    "use_near_nullspace": true,
    "reorder": null,
    "gamg_threshold": 0.05,
    "gamg_agg_nsmooths": 1,
    "gamg_set_coordinates": true
  },
  "result": {
    "mesh_level": 6,
    "total_dofs": 16641,
    "free_dofs": 16129,
    "setup_time": 0.91623,
    "solve_time_total": 0.333679,
    "total_time": 1.294227,
    "steps": [
      {
        "step": 1,
        "time": 0.333679,
        "nit": 7,
        "linear_iters": 28,
        "energy": 0.3457766110961945,
        "message": "Converged (energy, step, gradient)",
        "attempt": "primary",
        "ksp_rtol_used": 0.001,
        "ksp_max_it_used": 200,
        "linesearch_interval_used": [
          -0.5,
          2.0
        ],
        "history": [
          {
            "it": 1,
            "energy": 0.5456685497517938,
            "dE": 0.1196731467914477,
            "grad_norm": 0.007407961475354023,
            "grad_target": 1e-05,
            "grad_norm_post": NaN,
            "alpha": -0.2842546679557544,
            "ksp_its": 8,
            "ls_evals": 19,
            "ls_repaired": false,
            "used_gradient_fallback": false,
            "accepted_step": true,
            "step_norm": 34.04177683228154,
            "step_rel": 0.5319027630043991,
            "pred_reduction": NaN,
            "actual_reduction": NaN,
            "trust_rejects": 0,
            "t_grad": 0.0007135120686143637,
            "t_hess": 0.1766867060214281,
            "t_ls": 0.010331194964237511,
            "t_update": 3.924942575395107e-06,
            "t_iter": 0.1877727749524638,
            "trust_radius": 1.0,
            "trust_ratio": NaN,
            "trust_qp": NaN
          },
          {
            "it": 2,
            "energy": 0.5121786635287111,
            "dE": 0.03348988622308269,
            "grad_norm": 0.00791054197806505,
            "grad_target": 1e-05,
            "grad_norm_post": NaN,
            "alpha": 0.3474337209316528,
            "ksp_its": 6,
            "ls_evals": 19,
            "ls_repaired": false,
            "used_gradient_fallback": false,
            "accepted_step": true,
            "step_norm": 23.33687110472785,
            "step_rel": 0.2808726741621821,
            "pred_reduction": NaN,
            "actual_reduction": NaN,
            "trust_rejects": 0,
            "t_grad": 0.0005439670057967305,
            "t_hess": 0.016715799923986197,
            "t_ls": 0.010185346938669682,
            "t_update": 3.9458973333239555e-06,
            "t_iter": 0.02748248993884772,
            "trust_radius": 1.0,
            "trust_ratio": NaN,
            "trust_qp": NaN
          },
          {
            "it": 3,
            "energy": 0.44441265893782106,
            "dE": 0.06776600459089005,
            "grad_norm": 0.004562013182983029,
            "grad_target": 1e-05,
            "grad_norm_post": NaN,
            "alpha": -0.37952352027529035,
            "ksp_its": 5,
            "ls_evals": 19,
            "ls_repaired": false,
            "used_gradient_fallback": false,
            "accepted_step": true,
            "step_norm": 34.343863360292914,
            "step_rel": 0.3682488115808159,
            "pred_reduction": NaN,
            "actual_reduction": NaN,
            "trust_rejects": 0,
            "t_grad": 0.0005033459747210145,
            "t_hess": 0.014876305009238422,
            "t_ls": 0.010252297041006386,
            "t_update": 3.4259865060448647e-06,
            "t_iter": 0.025667301029898226,
            "trust_radius": 1.0,
            "trust_ratio": NaN,
            "trust_qp": NaN
          },
          {
            "it": 4,
            "energy": 0.37013614852632876,
            "dE": 0.0742765104114923,
            "grad_norm": 0.0072349384081150945,
            "grad_target": 1e-05,
            "grad_norm_post": NaN,
            "alpha": 0.24493563512533034,
            "ksp_its": 3,
            "ls_evals": 19,
            "ls_repaired": false,
            "used_gradient_fallback": false,
            "accepted_step": true,
            "step_norm": 27.602306079274378,
            "step_rel": 0.2753428156389345,
            "pred_reduction": NaN,
            "actual_reduction": NaN,
            "trust_rejects": 0,
            "t_grad": 0.0005468720337375998,
            "t_hess": 0.012805964099243283,
            "t_ls": 0.010156893054954708,
            "t_update": 3.2050302252173424e-06,
            "t_iter": 0.02354582294356078,
            "trust_radius": 1.0,
            "trust_ratio": NaN,
            "trust_qp": NaN
          },
          {
            "it": 5,
            "energy": 0.3465840774072829,
            "dE": 0.023552071119045837,
            "grad_norm": 0.00550087193078998,
            "grad_target": 1e-05,
            "grad_norm_post": NaN,
            "alpha": 0.8850881580056098,
            "ksp_its": 2,
            "ls_evals": 19,
            "ls_repaired": false,
            "used_gradient_fallback": false,
            "accepted_step": true,
            "step_norm": 9.754238642656702,
            "step_rel": 0.09073754537156938,
            "pred_reduction": NaN,
            "actual_reduction": NaN,
            "trust_rejects": 0,
            "t_grad": 0.0005339620402082801,
            "t_hess": 0.012114424956962466,
            "t_ls": 0.009949762024916708,
            "t_update": 3.295019268989563e-06,
            "t_iter": 0.02263452496845275,
            "trust_radius": 1.0,
            "trust_ratio": NaN,
            "trust_qp": NaN
          },
          {
            "it": 6,
            "energy": 0.3457775784892364,
            "dE": 0.0008064989180465165,
            "grad_norm": 0.0009444922534069157,
            "grad_target": 1e-05,
            "grad_norm_post": NaN,
            "alpha": 1.065761560741761,
            "ksp_its": 2,
            "ls_evals": 19,
            "ls_repaired": false,
            "used_gradient_fallback": false,
            "accepted_step": true,
            "step_norm": 1.9600591935616491,
            "step_rel": 0.017743912538601504,
            "pred_reduction": NaN,
            "actual_reduction": NaN,
            "trust_rejects": 0,
            "t_grad": 0.0005356750916689634,
            "t_hess": 0.011947122984565794,
            "t_ls": 0.009978284942917526,
            "t_update": 3.27499583363533e-06,
            "t_iter": 0.022496956982649863,
            "trust_radius": 1.0,
            "trust_ratio": NaN,
            "trust_qp": NaN
          },
          {
            "it": 7,
            "energy": 0.3457766110961945,
            "dE": 9.673930418951926e-07,
            "grad_norm": 3.3293295798166934e-05,
            "grad_target": 1e-05,
            "grad_norm_post": 1.0368874194501995e-07,
            "alpha": 1.001816316849262,
            "ksp_its": 2,
            "ls_evals": 19,
            "ls_repaired": false,
            "used_gradient_fallback": false,
            "accepted_step": true,
            "step_norm": 0.0676547989794687,
            "step_rel": 0.0006173993456805161,
            "pred_reduction": NaN,
            "actual_reduction": NaN,
            "trust_rejects": 0,
            "t_grad": 0.0005432559410110116,
            "t_hess": 0.011957649025134742,
            "t_ls": 0.010021589929237962,
            "t_update": 3.5349512472748756e-06,
            "t_iter": 0.02255877002608031,
            "trust_radius": 1.0,
            "trust_ratio": NaN,
            "trust_qp": NaN
          }
        ],
        "linear_timing": [
          {
            "assemble_total_time": 0.16002576902974397,
            "assemble_p2p_exchange": 0.00010207307059317827,
            "assemble_hvp_compute": 0.15599994896911085,
            "assemble_extraction": 0.0002739810151979327,
            "assemble_coo_assembly": 0.0036161949392408133,
            "assemble_n_hvps": 8,
            "setop_time": 3.0850060284137726e-06,
            "set_tolerances_time": 2.2939639165997505e-06,
            "pc_setup_time": 0.00887919298838824,
            "solve_time": 0.007726120995357633,
            "linear_total_time": 0.17663646198343486,
            "ksp_its": 8,
            "ksp_reason_code": 2,
            "ksp_reason_name": "CONVERGED_RTOL",
            "ksp_residual_norm": 25.4725248812452,
            "rhs_norm": 0.007407961475354023
          },
          {
            "assemble_total_time": 0.003813700983300805,
            "assemble_p2p_exchange": 8.236302528530359e-05,
            "assemble_hvp_compute": 0.003112496924586594,
            "assemble_extraction": 0.00030908396001905203,
            "assemble_coo_assembly": 0.00028565898537635803,
            "assemble_n_hvps": 8,
            "setop_time": 3.004097379744053e-06,
            "set_tolerances_time": 2.483953721821308e-06,
            "pc_setup_time": 0.007132017984986305,
            "solve_time": 0.005719313980080187,
            "linear_total_time": 0.016670520999468863,
            "ksp_its": 6,
            "ksp_reason_code": 2,
            "ksp_reason_name": "CONVERGED_RTOL",
            "ksp_residual_norm": 0.1670926798193909,
            "rhs_norm": 0.00791054197806505
          },
          {
            "assemble_total_time": 0.002741629956290126,
            "assemble_p2p_exchange": 8.037104271352291e-05,
            "assemble_hvp_compute": 0.002265534014441073,
            "assemble_extraction": 0.00018365599680691957,
            "assemble_coo_assembly": 0.00019268901087343693,
            "assemble_n_hvps": 8,
            "setop_time": 2.254033461213112e-06,
            "set_tolerances_time": 1.9330764189362526e-06,
            "pc_setup_time": 0.007185677997767925,
            "solve_time": 0.004905572044663131,
            "linear_total_time": 0.014837067108601332,
            "ksp_its": 5,
            "ksp_reason_code": 2,
            "ksp_reason_name": "CONVERGED_RTOL",
            "ksp_residual_norm": 0.5640618054604746,
            "rhs_norm": 0.004562013182983029
          },
          {
            "assemble_total_time": 0.002682280959561467,
            "assemble_p2p_exchange": 8.23029549792409e-05,
            "assemble_hvp_compute": 0.00224139797501266,
            "assemble_extraction": 0.0001735510304570198,
            "assemble_coo_assembly": 0.00016582896932959557,
            "assemble_n_hvps": 8,
            "setop_time": 2.0730076357722282e-06,
            "set_tolerances_time": 1.993030309677124e-06,
            "pc_setup_time": 0.0068760240683332086,
            "solve_time": 0.0032054069451987743,
            "linear_total_time": 0.0127677780110389,
            "ksp_its": 3,
            "ksp_reason_code": 2,
            "ksp_reason_name": "CONVERGED_RTOL",
            "ksp_residual_norm": 0.02757568299083423,
            "rhs_norm": 0.0072349384081150945
          },
          {
            "assemble_total_time": 0.0027157809818163514,
            "assemble_p2p_exchange": 8.677097503095865e-05,
            "assemble_hvp_compute": 0.0022554700262844563,
            "assemble_extraction": 0.00018358591478317976,
            "assemble_coo_assembly": 0.00017003610264509916,
            "assemble_n_hvps": 8,
            "setop_time": 2.2229505702853203e-06,
            "set_tolerances_time": 2.162996679544449e-06,
            "pc_setup_time": 0.006960769998840988,
            "solve_time": 0.0023936970392242074,
            "linear_total_time": 0.012074633967131376,
            "ksp_its": 2,
            "ksp_reason_code": 2,
            "ksp_reason_name": "CONVERGED_RTOL",
            "ksp_residual_norm": 0.003882567694820051,
            "rhs_norm": 0.00550087193078998
          },
          {
            "assemble_total_time": 0.002665987005457282,
            "assemble_p2p_exchange": 8.115102536976337e-05,
            "assemble_hvp_compute": 0.0022515830351039767,
            "assemble_extraction": 0.00018709106370806694,
            "assemble_coo_assembly": 0.00012711097951978445,
            "assemble_n_hvps": 8,
            "setop_time": 1.89291313290596e-06,
            "set_tolerances_time": 1.8529826775193214e-06,
            "pc_setup_time": 0.006849412922747433,
            "solve_time": 0.002389541012234986,
            "linear_total_time": 0.011908686836250126,
            "ksp_its": 2,
            "ksp_reason_code": 2,
            "ksp_reason_name": "CONVERGED_RTOL",
            "ksp_residual_norm": 0.00015262671469578693,
            "rhs_norm": 0.0009444922534069157
          },
          {
            "assemble_total_time": 0.002675550989806652,
            "assemble_p2p_exchange": 8.453801274299622e-05,
            "assemble_hvp_compute": 0.002272214973345399,
            "assemble_extraction": 0.00017187907360494137,
            "assemble_coo_assembly": 0.00012641004286706448,
            "assemble_n_hvps": 8,
            "setop_time": 2.0229490473866463e-06,
            "set_tolerances_time": 1.7230631783604622e-06,
            "pc_setup_time": 0.006826297962106764,
            "solve_time": 0.002410643035545945,
            "linear_total_time": 0.011916237999685109,
            "ksp_its": 2,
            "ksp_reason_code": 2,
            "ksp_reason_name": "CONVERGED_RTOL",
            "ksp_residual_norm": 8.178335190260271e-06,
            "rhs_norm": 3.3293295798166934e-05
          }
        ]
      }
    ],
    "metadata": {
      "profile": "reference",
      "nprocs": 2,
      "nproc_threads": 1,
      "problem": {
        "name": "GinzburgLandau2D"
      },
      "linear_solver": {
        "ksp_type": "gmres",
        "pc_type": "hypre",
        "ksp_rtol": 0.001,
        "ksp_max_it": 200,
        "pc_setup_on_ksp_cap": false,
        "gamg_threshold": 0.05,
        "gamg_agg_nsmooths": 1,
        "gamg_set_coordinates": true,
        "reorder": true,
        "hvp_eval_mode": "sfd_local_batched",
        "assembly_mode": "element",
        "element_reorder_mode": "block_xyz",
        "local_hessian_mode": "sfd_local",
        "distribution_strategy": "overlap_allgather",
        "assembler": "GLReorderedElementAssembler",
        "trust_subproblem_solver": "direct_linear_solve",
        "trust_subproblem_line_search": false
      },
      "newton": {
        "tolf": 1e-06,
        "tolg": 1e-05,
        "tolg_rel": 0.001,
        "tolx_rel": 0.001,
        "tolx_abs": 1e-10,
        "maxit": 100,
        "require_all_convergence": true,
        "fail_on_nonfinite": true,
        "linesearch_interval": [
          -0.5,
          2.0
        ],
        "linesearch_tol": 0.001,
        "trust_region": false,
        "trust_radius_init": 1.0,
        "trust_radius_min": 1e-08,
        "trust_radius_max": 1000000.0,
        "trust_subproblem_line_search": false,
        "step_time_limit_s": null
      }
    }
  }
}
