An NVIDIA GPU may be present on this machine, but a CUDA-enabled jaxlib is not installed. Falling back to cpu.
An NVIDIA GPU may be present on this machine, but a CUDA-enabled jaxlib is not installed. Falling back to cpu.
{
  "case": {
    "problem": "gl",
    "backend": "element",
    "level": 5,
    "out": "/home/michal/repos/fenics_nonlinear_energies/artifacts/reproduction/2026-03-15_refactor_stage2b_final/full/gl_final_suite/jax_petsc_local_sfd_l5_np2.json",
    "quiet": true,
    "save_history": true,
    "save_linear_timing": true,
    "steps": 1,
    "start_step": 1,
    "total_steps": 24,
    "ksp_type": "gmres",
    "pc_type": "hypre",
    "ksp_rtol": 0.001,
    "ksp_max_it": 200,
    "profile": "reference",
    "coloring_trials": 10,
    "nproc_threads": 1,
    "hvp_eval_mode": "sequential",
    "element_reorder_mode": "block_xyz",
    "local_hessian_mode": "sfd_local",
    "tolf": 1e-06,
    "tolg": 1e-05,
    "tolg_rel": 0.001,
    "tolx_rel": 0.001,
    "tolx_abs": 1e-10,
    "maxit": 100,
    "step_time_limit_s": null,
    "linesearch_a": -0.5,
    "linesearch_b": 2.0,
    "linesearch_tol": 0.001,
    "use_trust_region": false,
    "trust_radius_init": 1.0,
    "trust_radius_min": 1e-08,
    "trust_radius_max": 1000000.0,
    "trust_shrink": 0.5,
    "trust_expand": 1.5,
    "trust_eta_shrink": 0.05,
    "trust_eta_expand": 0.75,
    "trust_max_reject": 6,
    "trust_subproblem_line_search": false,
    "local_coloring": true,
    "retry_on_failure": false,
    "pc_setup_on_ksp_cap": false,
    "use_near_nullspace": true,
    "reorder": null,
    "gamg_threshold": 0.05,
    "gamg_agg_nsmooths": 1,
    "gamg_set_coordinates": true
  },
  "result": {
    "mesh_level": 5,
    "total_dofs": 4225,
    "free_dofs": 3969,
    "setup_time": 0.811115,
    "solve_time_total": 0.254432,
    "total_time": 1.103007,
    "steps": [
      {
        "step": 1,
        "time": 0.254432,
        "nit": 8,
        "linear_iters": 33,
        "energy": 0.3462314437821238,
        "message": "Converged (energy, step, gradient)",
        "attempt": "primary",
        "ksp_rtol_used": 0.001,
        "ksp_max_it_used": 200,
        "linesearch_interval_used": [
          -0.5,
          2.0
        ],
        "history": [
          {
            "it": 1,
            "energy": 0.5669387202970384,
            "dE": 0.09853102901905064,
            "grad_norm": 0.014805985418835032,
            "grad_target": 1.4805985418835032e-05,
            "grad_norm_post": NaN,
            "alpha": -0.25686415498346793,
            "ksp_its": 9,
            "ls_evals": 19,
            "ls_repaired": false,
            "used_gradient_fallback": false,
            "accepted_step": true,
            "step_norm": 15.898237493828477,
            "step_rel": 0.4968199216821399,
            "pred_reduction": NaN,
            "actual_reduction": NaN,
            "trust_rejects": 0,
            "t_grad": 0.0003313979832455516,
            "t_hess": 0.16028573794756085,
            "t_ls": 0.006695440970361233,
            "t_update": 1.901993528008461e-06,
            "t_iter": 0.16735034307930619,
            "trust_radius": 1.0,
            "trust_ratio": NaN,
            "trust_qp": NaN
          },
          {
            "it": 2,
            "energy": 0.5111314496538502,
            "dE": 0.055807270643188245,
            "grad_norm": 0.016193049237677063,
            "grad_target": 1.4805985418835032e-05,
            "grad_norm_post": NaN,
            "alpha": 0.31847777264531574,
            "ksp_its": 6,
            "ls_evals": 19,
            "ls_repaired": false,
            "used_gradient_fallback": false,
            "accepted_step": true,
            "step_norm": 13.474898079857857,
            "step_rel": 0.337677609769115,
            "pred_reduction": NaN,
            "actual_reduction": NaN,
            "trust_rejects": 0,
            "t_grad": 0.0002585180336609483,
            "t_hess": 0.007422743015922606,
            "t_ls": 0.006362609914503992,
            "t_update": 2.483953721821308e-06,
            "t_iter": 0.014072285033762455,
            "trust_radius": 1.0,
            "trust_ratio": NaN,
            "trust_qp": NaN
          },
          {
            "it": 3,
            "energy": 0.4292104968511543,
            "dE": 0.08192095280269585,
            "grad_norm": 0.008793195279625186,
            "grad_target": 1.4805985418835032e-05,
            "grad_norm_post": NaN,
            "alpha": -0.3201093149209516,
            "ksp_its": 4,
            "ls_evals": 19,
            "ls_repaired": false,
            "used_gradient_fallback": false,
            "accepted_step": true,
            "step_norm": 17.94292902564347,
            "step_rel": 0.38365292796154643,
            "pred_reduction": NaN,
            "actual_reduction": NaN,
            "trust_rejects": 0,
            "t_grad": 0.00024710199795663357,
            "t_hess": 0.006063160020858049,
            "t_ls": 0.006357703008688986,
            "t_update": 2.142973244190216e-06,
            "t_iter": 0.012697348953224719,
            "trust_radius": 1.0,
            "trust_ratio": NaN,
            "trust_qp": NaN
          },
          {
            "it": 4,
            "energy": 0.3865879494879422,
            "dE": 0.04262254736321214,
            "grad_norm": 0.012843735435190037,
            "grad_target": 1.4805985418835032e-05,
            "grad_norm_post": NaN,
            "alpha": 0.08868714213740503,
            "ksp_its": 5,
            "ls_evals": 19,
            "ls_repaired": false,
            "used_gradient_fallback": false,
            "accepted_step": true,
            "step_norm": 10.199975174212065,
            "step_rel": 0.19697951298165806,
            "pred_reduction": NaN,
            "actual_reduction": NaN,
            "trust_rejects": 0,
            "t_grad": 0.00024474808014929295,
            "t_hess": 0.005874697002582252,
            "t_ls": 0.006339755957014859,
            "t_update": 2.2139865905046463e-06,
            "t_iter": 0.012486150953918695,
            "trust_radius": 1.0,
            "trust_ratio": NaN,
            "trust_qp": NaN
          },
          {
            "it": 5,
            "energy": 0.35352177398725904,
            "dE": 0.03306617550068314,
            "grad_norm": 0.011966366034171583,
            "grad_target": 1.4805985418835032e-05,
            "grad_norm_post": NaN,
            "alpha": 0.39541818906894266,
            "ksp_its": 3,
            "ls_evals": 19,
            "ls_repaired": false,
            "used_gradient_fallback": false,
            "accepted_step": true,
            "step_norm": 7.92081576009548,
            "step_rel": 0.14775951539950685,
            "pred_reduction": NaN,
            "actual_reduction": NaN,
            "trust_rejects": 0,
            "t_grad": 0.00025385094340890646,
            "t_hess": 0.005310409935191274,
            "t_ls": 0.006352204014547169,
            "t_update": 2.142973244190216e-06,
            "t_iter": 0.01194401690736413,
            "trust_radius": 1.0,
            "trust_ratio": NaN,
            "trust_qp": NaN
          },
          {
            "it": 6,
            "energy": 0.3462862898139264,
            "dE": 0.00723548417333264,
            "grad_norm": 0.006394622357078998,
            "grad_target": 1.4805985418835032e-05,
            "grad_norm_post": NaN,
            "alpha": 1.0491007010315465,
            "ksp_its": 2,
            "ls_evals": 19,
            "ls_repaired": false,
            "used_gradient_fallback": false,
            "accepted_step": true,
            "step_norm": 2.6127803735966273,
            "step_rel": 0.0474271258980967,
            "pred_reduction": NaN,
            "actual_reduction": NaN,
            "trust_rejects": 0,
            "t_grad": 0.00024957500863820314,
            "t_hess": 0.005045452038757503,
            "t_ls": 0.006352294003590941,
            "t_update": 2.1329615265130997e-06,
            "t_iter": 0.011674742097966373,
            "trust_radius": 1.0,
            "trust_ratio": NaN,
            "trust_qp": NaN
          },
          {
            "it": 7,
            "energy": 0.3462314470122918,
            "dE": 5.484280163459143e-05,
            "grad_norm": 0.00047439841614027443,
            "grad_target": 1.4805985418835032e-05,
            "grad_norm_post": NaN,
            "alpha": 1.0132460540663673,
            "ksp_its": 2,
            "ls_evals": 19,
            "ls_repaired": false,
            "used_gradient_fallback": false,
            "accepted_step": true,
            "step_norm": 0.2559014016009662,
            "step_rel": 0.004654677751672299,
            "pred_reduction": NaN,
            "actual_reduction": NaN,
            "trust_rejects": 0,
            "t_grad": 0.00024166307412087917,
            "t_hess": 0.004981053993105888,
            "t_ls": 0.006348759983666241,
            "t_update": 2.193031832575798e-06,
            "t_iter": 0.011598446988500655,
            "trust_radius": 1.0,
            "trust_ratio": NaN,
            "trust_qp": NaN
          },
          {
            "it": 8,
            "energy": 0.3462314437821238,
            "dE": 3.230168021950419e-09,
            "grad_norm": 3.660966177959901e-06,
            "grad_target": 1.4805985418835032e-05,
            "grad_norm_post": 2.030409091859843e-09,
            "alpha": 0.9999834732596391,
            "ksp_its": 2,
            "ls_evals": 19,
            "ls_repaired": false,
            "used_gradient_fallback": false,
            "accepted_step": true,
            "step_norm": 0.002022913920321172,
            "step_rel": 3.690834508420574e-05,
            "pred_reduction": NaN,
            "actual_reduction": NaN,
            "trust_rejects": 0,
            "t_grad": 0.00024264503736048937,
            "t_hess": 0.005019742995500565,
            "t_ls": 0.00634499394800514,
            "t_update": 2.2940803319215775e-06,
            "t_iter": 0.011634220951236784,
            "trust_radius": 1.0,
            "trust_ratio": NaN,
            "trust_qp": NaN
          }
        ],
        "linear_timing": [
          {
            "assemble_total_time": 0.1521578950341791,
            "assemble_p2p_exchange": 5.958997644484043e-05,
            "assemble_hvp_compute": 0.14660815696697682,
            "assemble_extraction": 7.901899516582489e-05,
            "assemble_coo_assembly": 0.005382718052715063,
            "assemble_n_hvps": 7,
            "setop_time": 5.257898010313511e-06,
            "set_tolerances_time": 2.193031832575798e-06,
            "pc_setup_time": 0.004123656079173088,
            "solve_time": 0.003951827995479107,
            "linear_total_time": 0.16024083003867418,
            "ksp_its": 9,
            "ksp_reason_code": 2,
            "ksp_reason_name": "CONVERGED_RTOL",
            "ksp_residual_norm": 3.3819805058984524,
            "rhs_norm": 0.014805985418835032
          },
          {
            "assemble_total_time": 0.0013686459278687835,
            "assemble_p2p_exchange": 5.757715553045273e-05,
            "assemble_hvp_compute": 0.0009761760011315346,
            "assemble_extraction": 0.0001061588991433382,
            "assemble_coo_assembly": 0.0002119180280715227,
            "assemble_n_hvps": 7,
            "setop_time": 1.2719538062810898e-06,
            "set_tolerances_time": 1.5830155462026596e-06,
            "pc_setup_time": 0.0034075400326400995,
            "solve_time": 0.002610712079331279,
            "linear_total_time": 0.0073897530091926455,
            "ksp_its": 6,
            "ksp_reason_code": 2,
            "ksp_reason_name": "CONVERGED_RTOL",
            "ksp_residual_norm": 0.12145981736638183,
            "rhs_norm": 0.016193049237677063
          },
          {
            "assemble_total_time": 0.0008437080541625619,
            "assemble_p2p_exchange": 5.0765927881002426e-05,
            "assemble_hvp_compute": 0.0006038069259375334,
            "assemble_extraction": 5.5563985370099545e-05,
            "assemble_coo_assembly": 0.00012131209950894117,
            "assemble_n_hvps": 7,
            "setop_time": 7.010530680418015e-07,
            "set_tolerances_time": 8.420320227742195e-07,
            "pc_setup_time": 0.0033680900232866406,
            "solve_time": 0.0018213860457763076,
            "linear_total_time": 0.006034727208316326,
            "ksp_its": 4,
            "ksp_reason_code": 2,
            "ksp_reason_name": "CONVERGED_RTOL",
            "ksp_residual_norm": 6.230265771171623,
            "rhs_norm": 0.008793195279625186
          },
          {
            "assemble_total_time": 0.0007934330496937037,
            "assemble_p2p_exchange": 5.02951443195343e-05,
            "assemble_hvp_compute": 0.0005969370249658823,
            "assemble_extraction": 5.242903716862202e-05,
            "assemble_coo_assembly": 8.17229738458991e-05,
            "assemble_n_hvps": 7,
            "setop_time": 6.810296326875687e-07,
            "set_tolerances_time": 8.109491318464279e-07,
            "pc_setup_time": 0.0030360310338437557,
            "solve_time": 0.002016020007431507,
            "linear_total_time": 0.0058469760697335005,
            "ksp_its": 5,
            "ksp_reason_code": 2,
            "ksp_reason_name": "CONVERGED_RTOL",
            "ksp_residual_norm": 0.007388438649679366,
            "rhs_norm": 0.012843735435190037
          },
          {
            "assemble_total_time": 0.000774253043346107,
            "assemble_p2p_exchange": 5.01550966873765e-05,
            "assemble_hvp_compute": 0.0005935919471085072,
            "assemble_extraction": 5.220796447247267e-05,
            "assemble_coo_assembly": 6.508803926408291e-05,
            "assemble_n_hvps": 7,
            "setop_time": 7.509952411055565e-07,
            "set_tolerances_time": 6.720074452459812e-06,
            "pc_setup_time": 0.0031116059981286526,
            "solve_time": 0.0013885069638490677,
            "linear_total_time": 0.005281837075017393,
            "ksp_its": 3,
            "ksp_reason_code": 2,
            "ksp_reason_name": "CONVERGED_RTOL",
            "ksp_residual_norm": 0.00495000150611548,
            "rhs_norm": 0.011966366034171583
          },
          {
            "assemble_total_time": 0.000822625937871635,
            "assemble_p2p_exchange": 5.214894190430641e-05,
            "assemble_hvp_compute": 0.0005847889697179198,
            "assemble_extraction": 5.235802382230759e-05,
            "assemble_coo_assembly": 0.00012128206435590982,
            "assemble_n_hvps": 7,
            "setop_time": 6.910413503646851e-07,
            "set_tolerances_time": 8.010538294911385e-07,
            "pc_setup_time": 0.0031439739977940917,
            "solve_time": 0.001049187034368515,
            "linear_total_time": 0.0050172790652140975,
            "ksp_its": 2,
            "ksp_reason_code": 2,
            "ksp_reason_name": "CONVERGED_RTOL",
            "ksp_residual_norm": 0.00016764491943846067,
            "rhs_norm": 0.006394622357078998
          },
          {
            "assemble_total_time": 0.0008295770967379212,
            "assemble_p2p_exchange": 5.076697561889887e-05,
            "assemble_hvp_compute": 0.0005925199948251247,
            "assemble_extraction": 5.1407027058303356e-05,
            "assemble_coo_assembly": 0.00012231396976858377,
            "assemble_n_hvps": 7,
            "setop_time": 6.610061973333359e-07,
            "set_tolerances_time": 7.310882210731506e-07,
            "pc_setup_time": 0.0030890910420566797,
            "solve_time": 0.0010331019293516874,
            "linear_total_time": 0.004953162162564695,
            "ksp_its": 2,
            "ksp_reason_code": 2,
            "ksp_reason_name": "CONVERGED_RTOL",
            "ksp_residual_norm": 1.297342844942347e-05,
            "rhs_norm": 0.00047439841614027443
          },
          {
            "assemble_total_time": 0.000832080957479775,
            "assemble_p2p_exchange": 5.205790512263775e-05,
            "assemble_hvp_compute": 0.0005907380254939198,
            "assemble_extraction": 5.0807022489607334e-05,
            "assemble_coo_assembly": 0.00012612005230039358,
            "assemble_n_hvps": 7,
            "setop_time": 6.809132173657417e-07,
            "set_tolerances_time": 7.409835234284401e-07,
            "pc_setup_time": 0.003109012031927705,
            "solve_time": 0.0010492060100659728,
            "linear_total_time": 0.004991720896214247,
            "ksp_its": 2,
            "ksp_reason_code": 2,
            "ksp_reason_name": "CONVERGED_RTOL",
            "ksp_residual_norm": 9.341986164024572e-08,
            "rhs_norm": 3.660966177959901e-06
          }
        ]
      }
    ],
    "metadata": {
      "profile": "reference",
      "nprocs": 2,
      "nproc_threads": 1,
      "problem": {
        "name": "GinzburgLandau2D"
      },
      "linear_solver": {
        "ksp_type": "gmres",
        "pc_type": "hypre",
        "ksp_rtol": 0.001,
        "ksp_max_it": 200,
        "pc_setup_on_ksp_cap": false,
        "gamg_threshold": 0.05,
        "gamg_agg_nsmooths": 1,
        "gamg_set_coordinates": true,
        "reorder": true,
        "hvp_eval_mode": "sfd_local_batched",
        "assembly_mode": "element",
        "element_reorder_mode": "block_xyz",
        "local_hessian_mode": "sfd_local",
        "distribution_strategy": "overlap_allgather",
        "assembler": "GLReorderedElementAssembler",
        "trust_subproblem_solver": "direct_linear_solve",
        "trust_subproblem_line_search": false
      },
      "newton": {
        "tolf": 1e-06,
        "tolg": 1e-05,
        "tolg_rel": 0.001,
        "tolx_rel": 0.001,
        "tolx_abs": 1e-10,
        "maxit": 100,
        "require_all_convergence": true,
        "fail_on_nonfinite": true,
        "linesearch_interval": [
          -0.5,
          2.0
        ],
        "linesearch_tol": 0.001,
        "trust_region": false,
        "trust_radius_init": 1.0,
        "trust_radius_min": 1e-08,
        "trust_radius_max": 1000000.0,
        "trust_subproblem_line_search": false,
        "step_time_limit_s": null
      }
    }
  }
}
