An NVIDIA GPU may be present on this machine, but a CUDA-enabled jaxlib is not installed. Falling back to cpu.
{
  "case": {
    "problem": "gl",
    "backend": "element",
    "level": 8,
    "out": "/home/michal/repos/fenics_nonlinear_energies/artifacts/reproduction/2026-03-15_refactor_stage2b_final/full/gl_final_suite/jax_petsc_element_l8_np1.json",
    "quiet": true,
    "save_history": true,
    "save_linear_timing": true,
    "steps": 1,
    "start_step": 1,
    "total_steps": 24,
    "ksp_type": "gmres",
    "pc_type": "hypre",
    "ksp_rtol": 0.001,
    "ksp_max_it": 200,
    "profile": "reference",
    "coloring_trials": 10,
    "nproc_threads": 1,
    "hvp_eval_mode": "sequential",
    "element_reorder_mode": "block_xyz",
    "local_hessian_mode": "element",
    "tolf": 1e-06,
    "tolg": 1e-05,
    "tolg_rel": 0.001,
    "tolx_rel": 0.001,
    "tolx_abs": 1e-10,
    "maxit": 100,
    "step_time_limit_s": null,
    "linesearch_a": -0.5,
    "linesearch_b": 2.0,
    "linesearch_tol": 0.001,
    "use_trust_region": false,
    "trust_radius_init": 1.0,
    "trust_radius_min": 1e-08,
    "trust_radius_max": 1000000.0,
    "trust_shrink": 0.5,
    "trust_expand": 1.5,
    "trust_eta_shrink": 0.05,
    "trust_eta_expand": 0.75,
    "trust_max_reject": 6,
    "trust_subproblem_line_search": false,
    "local_coloring": true,
    "retry_on_failure": false,
    "pc_setup_on_ksp_cap": false,
    "use_near_nullspace": true,
    "reorder": null,
    "gamg_threshold": 0.05,
    "gamg_agg_nsmooths": 1,
    "gamg_set_coordinates": true
  },
  "result": {
    "mesh_level": 8,
    "total_dofs": 263169,
    "free_dofs": 261121,
    "setup_time": 3.383882,
    "solve_time_total": 2.67057,
    "total_time": 6.202338,
    "steps": [
      {
        "step": 1,
        "time": 2.67057,
        "nit": 7,
        "linear_iters": 25,
        "energy": 0.345633628272013,
        "message": "Converged (energy, step, gradient)",
        "attempt": "primary",
        "ksp_rtol_used": 0.001,
        "ksp_max_it_used": 200,
        "linesearch_interval_used": [
          -0.5,
          2.0
        ],
        "history": [
          {
            "it": 1,
            "energy": 0.5000782849300613,
            "dE": 0.16522339393753616,
            "grad_norm": 0.0018523798253574071,
            "grad_target": 1e-05,
            "grad_norm_post": NaN,
            "alpha": -0.33407197968263513,
            "ksp_its": 7,
            "ls_evals": 19,
            "ls_repaired": false,
            "used_gradient_fallback": false,
            "accepted_step": true,
            "step_norm": 152.81814989161484,
            "step_rel": 0.5969458980141206,
            "pred_reduction": NaN,
            "actual_reduction": NaN,
            "trust_rejects": 0,
            "t_grad": 0.011521147913299501,
            "t_hess": 0.33341093896888196,
            "t_ls": 0.11861037206836045,
            "t_update": 6.657990161329508e-05,
            "t_iter": 0.4636958600021899,
            "trust_radius": 1.0,
            "trust_ratio": NaN,
            "trust_qp": NaN
          },
          {
            "it": 2,
            "energy": 0.49864472410629845,
            "dE": 0.0014335608237628916,
            "grad_norm": 0.0018238851556567663,
            "grad_target": 1e-05,
            "grad_norm_post": NaN,
            "alpha": -0.25206570816973894,
            "ksp_its": 5,
            "ls_evals": 19,
            "ls_repaired": false,
            "used_gradient_fallback": false,
            "accepted_step": true,
            "step_norm": 48.13203659380347,
            "step_rel": 0.13328505598266333,
            "pred_reduction": NaN,
            "actual_reduction": NaN,
            "trust_rejects": 0,
            "t_grad": 0.010507985018193722,
            "t_hess": 0.27336156903766096,
            "t_ls": 0.11547965696081519,
            "t_update": 7.635494694113731e-05,
            "t_iter": 0.39949907490517944,
            "trust_radius": 1.0,
            "trust_ratio": NaN,
            "trust_qp": NaN
          },
          {
            "it": 3,
            "energy": 0.45782415991599007,
            "dE": 0.040820564190308384,
            "grad_norm": 0.00227208346914594,
            "grad_target": 1e-05,
            "grad_norm_post": NaN,
            "alpha": -0.13533754932619269,
            "ksp_its": 5,
            "ls_evals": 19,
            "ls_repaired": false,
            "used_gradient_fallback": false,
            "accepted_step": true,
            "step_norm": 82.71986730462218,
            "step_rel": 0.23171999531064275,
            "pred_reduction": NaN,
            "actual_reduction": NaN,
            "trust_rejects": 0,
            "t_grad": 0.010440433048643172,
            "t_hess": 0.2782954949652776,
            "t_ls": 0.11694701400119811,
            "t_update": 6.36859331279993e-05,
            "t_iter": 0.405825535999611,
            "trust_radius": 1.0,
            "trust_ratio": NaN,
            "trust_qp": NaN
          },
          {
            "it": 4,
            "energy": 0.3760555496223985,
            "dE": 0.08176861029359156,
            "grad_norm": 0.002510507296581637,
            "grad_target": 1e-05,
            "grad_norm_post": NaN,
            "alpha": 0.32667449836268625,
            "ksp_its": 2,
            "ls_evals": 19,
            "ls_repaired": false,
            "used_gradient_fallback": false,
            "accepted_step": true,
            "step_norm": 82.57277676216972,
            "step_rel": 0.21655029144182722,
            "pred_reduction": NaN,
            "actual_reduction": NaN,
            "trust_rejects": 0,
            "t_grad": 0.010513584013096988,
            "t_hess": 0.22103554906789213,
            "t_ls": 0.11681134905666113,
            "t_update": 6.541807670146227e-05,
            "t_iter": 0.3485051980242133,
            "trust_radius": 1.0,
            "trust_ratio": NaN,
            "trust_qp": NaN
          },
          {
            "it": 5,
            "energy": 0.34640213014617177,
            "dE": 0.02965341947622674,
            "grad_norm": 0.0016543483245887388,
            "grad_target": 1e-05,
            "grad_norm_post": NaN,
            "alpha": 0.9570648602117278,
            "ksp_its": 2,
            "ls_evals": 19,
            "ls_repaired": false,
            "used_gradient_fallback": false,
            "accepted_step": true,
            "step_norm": 42.30376079626117,
            "step_rel": 0.09870388672185106,
            "pred_reduction": NaN,
            "actual_reduction": NaN,
            "trust_rejects": 0,
            "t_grad": 0.01025741791818291,
            "t_hess": 0.22039841092191637,
            "t_ls": 0.11621452204417437,
            "t_update": 6.573903374373913e-05,
            "t_iter": 0.34701846400275826,
            "trust_radius": 1.0,
            "trust_ratio": NaN,
            "trust_qp": NaN
          },
          {
            "it": 6,
            "energy": 0.3456339544743924,
            "dE": 0.0007681756717793919,
            "grad_norm": 0.00022993144638960953,
            "grad_target": 1e-05,
            "grad_norm_post": NaN,
            "alpha": 1.041336650993687,
            "ksp_its": 2,
            "ls_evals": 19,
            "ls_repaired": false,
            "used_gradient_fallback": false,
            "accepted_step": true,
            "step_norm": 7.368375689949316,
            "step_rel": 0.01659530936787973,
            "pred_reduction": NaN,
            "actual_reduction": NaN,
            "trust_rejects": 0,
            "t_grad": 0.010230776970274746,
            "t_hess": 0.21828120900318027,
            "t_ls": 0.11601103597786278,
            "t_update": 6.493797991424799e-05,
            "t_iter": 0.34467684500850737,
            "trust_radius": 1.0,
            "trust_ratio": NaN,
            "trust_qp": NaN
          },
          {
            "it": 7,
            "energy": 0.345633628272013,
            "dE": 3.2620237938596475e-07,
            "grad_norm": 4.697018045722241e-06,
            "grad_target": 1e-05,
            "grad_norm_post": 1.0080283272669396e-08,
            "alpha": 1.0011162328941345,
            "ksp_its": 2,
            "ls_evals": 19,
            "ls_repaired": false,
            "used_gradient_fallback": false,
            "accepted_step": true,
            "step_norm": 0.15692158312366467,
            "step_rel": 0.0003580457519575961,
            "pred_reduction": NaN,
            "actual_reduction": NaN,
            "trust_rejects": 0,
            "t_grad": 0.010435956064611673,
            "t_hess": 0.2167537729255855,
            "t_ls": 0.1159813420381397,
            "t_update": 6.65000407025218e-05,
            "t_iter": 0.34331614791881293,
            "trust_radius": 1.0,
            "trust_ratio": NaN,
            "trust_qp": NaN
          }
        ],
        "linear_timing": [
          {
            "assemble_total_time": 0.05041490797884762,
            "assemble_p2p_exchange": 0.001176278106868267,
            "assemble_hvp_compute": 0.011768648982979357,
            "assemble_extraction": 0.031006295001134276,
            "assemble_coo_assembly": 0.006011044955812395,
            "assemble_n_hvps": 0,
            "setop_time": 4.297005943953991e-06,
            "set_tolerances_time": 3.594905138015747e-06,
            "pc_setup_time": 0.13373538805171847,
            "solve_time": 0.14908902498427778,
            "linear_total_time": 0.33324721292592585,
            "ksp_its": 7,
            "ksp_reason_code": 2,
            "ksp_reason_name": "CONVERGED_RTOL",
            "ksp_residual_norm": 346.987111729452,
            "rhs_norm": 0.0018523798253574071
          },
          {
            "assemble_total_time": 0.05016408197116107,
            "assemble_p2p_exchange": 0.0020582530414685607,
            "assemble_hvp_compute": 0.011890402063727379,
            "assemble_extraction": 0.02985524502582848,
            "assemble_coo_assembly": 0.005898956907913089,
            "assemble_n_hvps": 0,
            "setop_time": 3.3659161999821663e-06,
            "set_tolerances_time": 3.2249372452497482e-06,
            "pc_setup_time": 0.11170154809951782,
            "solve_time": 0.1113203460117802,
            "linear_total_time": 0.2731925669359043,
            "ksp_its": 5,
            "ksp_reason_code": 2,
            "ksp_reason_name": "CONVERGED_RTOL",
            "ksp_residual_norm": 6.7308050032669,
            "rhs_norm": 0.0018238851556567663
          },
          {
            "assemble_total_time": 0.05165620392654091,
            "assemble_p2p_exchange": 0.0011663329787552357,
            "assemble_hvp_compute": 0.011839354992844164,
            "assemble_extraction": 0.031807099003344774,
            "assemble_coo_assembly": 0.006369363982230425,
            "assemble_n_hvps": 0,
            "setop_time": 3.1550880521535873e-06,
            "set_tolerances_time": 2.8850045055150986e-06,
            "pc_setup_time": 0.1143944759387523,
            "solve_time": 0.11207988695241511,
            "linear_total_time": 0.278136606910266,
            "ksp_its": 5,
            "ksp_reason_code": 2,
            "ksp_reason_name": "CONVERGED_RTOL",
            "ksp_residual_norm": 7.735174227555202,
            "rhs_norm": 0.00227208346914594
          },
          {
            "assemble_total_time": 0.051428771927021444,
            "assemble_p2p_exchange": 0.0011820269282907248,
            "assemble_hvp_compute": 0.011898293974809349,
            "assemble_extraction": 0.032213910948485136,
            "assemble_coo_assembly": 0.005685234908014536,
            "assemble_n_hvps": 0,
            "setop_time": 3.303983248770237e-06,
            "set_tolerances_time": 2.803979441523552e-06,
            "pc_setup_time": 0.1139931530924514,
            "solve_time": 0.055448184022679925,
            "linear_total_time": 0.22087621700484306,
            "ksp_its": 2,
            "ksp_reason_code": 2,
            "ksp_reason_name": "CONVERGED_RTOL",
            "ksp_residual_norm": 0.1667440407877091,
            "rhs_norm": 0.002510507296581637
          },
          {
            "assemble_total_time": 0.05110618798062205,
            "assemble_p2p_exchange": 0.0011905779829248786,
            "assemble_hvp_compute": 0.01172949094325304,
            "assemble_extraction": 0.03207160602323711,
            "assemble_coo_assembly": 0.0056672790087759495,
            "assemble_n_hvps": 0,
            "setop_time": 2.974993549287319e-06,
            "set_tolerances_time": 3.0139926820993423e-06,
            "pc_setup_time": 0.11435158096719533,
            "solve_time": 0.05475881800521165,
            "linear_total_time": 0.22022257593926042,
            "ksp_its": 2,
            "ksp_reason_code": 2,
            "ksp_reason_name": "CONVERGED_RTOL",
            "ksp_residual_norm": 0.0029947681120370165,
            "rhs_norm": 0.0016543483245887388
          },
          {
            "assemble_total_time": 0.05049269599840045,
            "assemble_p2p_exchange": 0.0011777599574998021,
            "assemble_hvp_compute": 0.0117784240283072,
            "assemble_extraction": 0.031446477049030364,
            "assemble_coo_assembly": 0.0056282400619238615,
            "assemble_n_hvps": 0,
            "setop_time": 2.8549693524837494e-06,
            "set_tolerances_time": 3.044959157705307e-06,
            "pc_setup_time": 0.1131416930584237,
            "solve_time": 0.05448120005894452,
            "linear_total_time": 0.21812148904427886,
            "ksp_its": 2,
            "ksp_reason_code": 2,
            "ksp_reason_name": "CONVERGED_RTOL",
            "ksp_residual_norm": 0.00036788152602631953,
            "rhs_norm": 0.00022993144638960953
          },
          {
            "assemble_total_time": 0.05012597399763763,
            "assemble_p2p_exchange": 0.0011696679284796119,
            "assemble_hvp_compute": 0.011842250009067357,
            "assemble_extraction": 0.031037022010423243,
            "assemble_coo_assembly": 0.0056240130215883255,
            "assemble_n_hvps": 0,
            "setop_time": 3.264984115958214e-06,
            "set_tolerances_time": 3.144959919154644e-06,
            "pc_setup_time": 0.11201269691810012,
            "solve_time": 0.054446137975901365,
            "linear_total_time": 0.21659121883567423,
            "ksp_its": 2,
            "ksp_reason_code": 2,
            "ksp_reason_name": "CONVERGED_RTOL",
            "ksp_residual_norm": 9.086423177292723e-06,
            "rhs_norm": 4.697018045722241e-06
          }
        ]
      }
    ],
    "metadata": {
      "profile": "reference",
      "nprocs": 1,
      "nproc_threads": 1,
      "problem": {
        "name": "GinzburgLandau2D"
      },
      "linear_solver": {
        "ksp_type": "gmres",
        "pc_type": "hypre",
        "ksp_rtol": 0.001,
        "ksp_max_it": 200,
        "pc_setup_on_ksp_cap": false,
        "gamg_threshold": 0.05,
        "gamg_agg_nsmooths": 1,
        "gamg_set_coordinates": true,
        "reorder": true,
        "hvp_eval_mode": "element_overlap",
        "assembly_mode": "element",
        "element_reorder_mode": "block_xyz",
        "local_hessian_mode": "element",
        "distribution_strategy": "overlap_allgather",
        "assembler": "GLReorderedElementAssembler",
        "trust_subproblem_solver": "direct_linear_solve",
        "trust_subproblem_line_search": false
      },
      "newton": {
        "tolf": 1e-06,
        "tolg": 1e-05,
        "tolg_rel": 0.001,
        "tolx_rel": 0.001,
        "tolx_abs": 1e-10,
        "maxit": 100,
        "require_all_convergence": true,
        "fail_on_nonfinite": true,
        "linesearch_interval": [
          -0.5,
          2.0
        ],
        "linesearch_tol": 0.001,
        "trust_region": false,
        "trust_radius_init": 1.0,
        "trust_radius_min": 1e-08,
        "trust_radius_max": 1000000.0,
        "trust_subproblem_line_search": false,
        "step_time_limit_s": null
      }
    }
  }
}
