An NVIDIA GPU may be present on this machine, but a CUDA-enabled jaxlib is not installed. Falling back to cpu.
An NVIDIA GPU may be present on this machine, but a CUDA-enabled jaxlib is not installed. Falling back to cpu.
An NVIDIA GPU may be present on this machine, but a CUDA-enabled jaxlib is not installed. Falling back to cpu.
An NVIDIA GPU may be present on this machine, but a CUDA-enabled jaxlib is not installed. Falling back to cpu.
An NVIDIA GPU may be present on this machine, but a CUDA-enabled jaxlib is not installed. Falling back to cpu.
An NVIDIA GPU may be present on this machine, but a CUDA-enabled jaxlib is not installed. Falling back to cpu.
An NVIDIA GPU may be present on this machine, but a CUDA-enabled jaxlib is not installed. Falling back to cpu.
An NVIDIA GPU may be present on this machine, but a CUDA-enabled jaxlib is not installed. Falling back to cpu.
An NVIDIA GPU may be present on this machine, but a CUDA-enabled jaxlib is not installed. Falling back to cpu.
An NVIDIA GPU may be present on this machine, but a CUDA-enabled jaxlib is not installed. Falling back to cpu.
An NVIDIA GPU may be present on this machine, but a CUDA-enabled jaxlib is not installed. Falling back to cpu.
An NVIDIA GPU may be present on this machine, but a CUDA-enabled jaxlib is not installed. Falling back to cpu.
An NVIDIA GPU may be present on this machine, but a CUDA-enabled jaxlib is not installed. Falling back to cpu.
An NVIDIA GPU may be present on this machine, but a CUDA-enabled jaxlib is not installed. Falling back to cpu.
An NVIDIA GPU may be present on this machine, but a CUDA-enabled jaxlib is not installed. Falling back to cpu.
An NVIDIA GPU may be present on this machine, but a CUDA-enabled jaxlib is not installed. Falling back to cpu.
{
  "case": {
    "problem": "gl",
    "backend": "element",
    "level": 6,
    "out": "/home/michal/repos/fenics_nonlinear_energies/artifacts/reproduction/2026-03-15_refactor_stage2b_final/full/gl_final_suite/jax_petsc_local_sfd_l6_np16.json",
    "quiet": true,
    "save_history": true,
    "save_linear_timing": true,
    "steps": 1,
    "start_step": 1,
    "total_steps": 24,
    "ksp_type": "gmres",
    "pc_type": "hypre",
    "ksp_rtol": 0.001,
    "ksp_max_it": 200,
    "profile": "reference",
    "coloring_trials": 10,
    "nproc_threads": 1,
    "hvp_eval_mode": "sequential",
    "element_reorder_mode": "block_xyz",
    "local_hessian_mode": "sfd_local",
    "tolf": 1e-06,
    "tolg": 1e-05,
    "tolg_rel": 0.001,
    "tolx_rel": 0.001,
    "tolx_abs": 1e-10,
    "maxit": 100,
    "step_time_limit_s": null,
    "linesearch_a": -0.5,
    "linesearch_b": 2.0,
    "linesearch_tol": 0.001,
    "use_trust_region": false,
    "trust_radius_init": 1.0,
    "trust_radius_min": 1e-08,
    "trust_radius_max": 1000000.0,
    "trust_shrink": 0.5,
    "trust_expand": 1.5,
    "trust_eta_shrink": 0.05,
    "trust_eta_expand": 0.75,
    "trust_max_reject": 6,
    "trust_subproblem_line_search": false,
    "local_coloring": true,
    "retry_on_failure": false,
    "pc_setup_on_ksp_cap": false,
    "use_near_nullspace": true,
    "reorder": null,
    "gamg_threshold": 0.05,
    "gamg_agg_nsmooths": 1,
    "gamg_set_coordinates": true
  },
  "result": {
    "mesh_level": 6,
    "total_dofs": 16641,
    "free_dofs": 16129,
    "setup_time": 0.863541,
    "solve_time_total": 0.411827,
    "total_time": 1.321291,
    "steps": [
      {
        "step": 1,
        "time": 0.411827,
        "nit": 8,
        "linear_iters": 33,
        "energy": 0.3457766110902367,
        "message": "Converged (energy, step, gradient)",
        "attempt": "primary",
        "ksp_rtol_used": 0.001,
        "ksp_max_it_used": 200,
        "linesearch_interval_used": [
          -0.5,
          2.0
        ],
        "history": [
          {
            "it": 1,
            "energy": 0.5643460778155595,
            "dE": 0.10099561872768203,
            "grad_norm": 0.007407961475354023,
            "grad_target": 1e-05,
            "grad_norm_post": NaN,
            "alpha": -0.2682938922005168,
            "ksp_its": 10,
            "ls_evals": 19,
            "ls_repaired": false,
            "used_gradient_fallback": false,
            "accepted_step": true,
            "step_norm": 32.26863673628475,
            "step_rel": 0.5041974490044492,
            "pred_reduction": NaN,
            "actual_reduction": NaN,
            "trust_rejects": 0,
            "t_grad": 0.0005010230233892798,
            "t_hess": 0.18360516801476479,
            "t_ls": 0.011207864037714899,
            "t_update": 2.583954483270645e-06,
            "t_iter": 0.19536882697138935,
            "trust_radius": 1.0,
            "trust_ratio": NaN,
            "trust_qp": NaN
          },
          {
            "it": 2,
            "energy": 0.5091424975747862,
            "dE": 0.05520358024077321,
            "grad_norm": 0.008273386560991277,
            "grad_target": 1e-05,
            "grad_norm_post": NaN,
            "alpha": 0.3355713080351005,
            "ksp_its": 6,
            "ls_evals": 19,
            "ls_repaired": false,
            "used_gradient_fallback": false,
            "accepted_step": true,
            "step_norm": 26.23950874948069,
            "step_rel": 0.32835410145730315,
            "pred_reduction": NaN,
            "actual_reduction": NaN,
            "trust_rejects": 0,
            "t_grad": 0.0003913880791515112,
            "t_hess": 0.025249765953049064,
            "t_ls": 0.01071205793414265,
            "t_update": 2.092914655804634e-06,
            "t_iter": 0.03639765898697078,
            "trust_radius": 1.0,
            "trust_ratio": NaN,
            "trust_qp": NaN
          },
          {
            "it": 3,
            "energy": 0.442989890448836,
            "dE": 0.06615260712595022,
            "grad_norm": 0.004418370969026035,
            "grad_target": 1e-05,
            "grad_norm_post": NaN,
            "alpha": -0.2764906179178873,
            "ksp_its": 5,
            "ls_evals": 19,
            "ls_repaired": false,
            "used_gradient_fallback": false,
            "accepted_step": true,
            "step_norm": 33.39186115677162,
            "step_rel": 0.3558232263910659,
            "pred_reduction": NaN,
            "actual_reduction": NaN,
            "trust_rejects": 0,
            "t_grad": 0.0003491441020742059,
            "t_hess": 0.023148348089307547,
            "t_ls": 0.010622213943861425,
            "t_update": 1.6620615497231483e-06,
            "t_iter": 0.034162170020863414,
            "trust_radius": 1.0,
            "trust_ratio": NaN,
            "trust_qp": NaN
          },
          {
            "it": 4,
            "energy": 0.3701147921335636,
            "dE": 0.07287509831527245,
            "grad_norm": 0.00681397815218535,
            "grad_target": 1e-05,
            "grad_norm_post": NaN,
            "alpha": 0.2752917513217549,
            "ksp_its": 4,
            "ls_evals": 19,
            "ls_repaired": false,
            "used_gradient_fallback": false,
            "accepted_step": true,
            "step_norm": 27.577904525998413,
            "step_rel": 0.27296556484132306,
            "pred_reduction": NaN,
            "actual_reduction": NaN,
            "trust_rejects": 0,
            "t_grad": 0.00035040697548538446,
            "t_hess": 0.020924134994857013,
            "t_ls": 0.010574953048489988,
            "t_update": 1.692911610007286e-06,
            "t_iter": 0.031891066930256784,
            "trust_radius": 1.0,
            "trust_ratio": NaN,
            "trust_qp": NaN
          },
          {
            "it": 5,
            "energy": 0.3469391803698383,
            "dE": 0.02317561176372529,
            "grad_norm": 0.005533101790891418,
            "grad_target": 1e-05,
            "grad_norm_post": NaN,
            "alpha": 0.8455678238611848,
            "ksp_its": 2,
            "ls_evals": 19,
            "ls_repaired": false,
            "used_gradient_fallback": false,
            "accepted_step": true,
            "step_norm": 10.14781063824696,
            "step_rel": 0.09415662809023875,
            "pred_reduction": NaN,
            "actual_reduction": NaN,
            "trust_rejects": 0,
            "t_grad": 0.0003541620681062341,
            "t_hess": 0.016923703951761127,
            "t_ls": 0.010594310937449336,
            "t_update": 1.842970959842205e-06,
            "t_iter": 0.027914470992982388,
            "trust_radius": 1.0,
            "trust_ratio": NaN,
            "trust_qp": NaN
          },
          {
            "it": 6,
            "energy": 0.34577773510147336,
            "dE": 0.0011614452683649246,
            "grad_norm": 0.0011597714071308243,
            "grad_target": 1e-05,
            "grad_norm_post": NaN,
            "alpha": 1.0716927671899976,
            "ksp_its": 2,
            "ls_evals": 19,
            "ls_repaired": false,
            "used_gradient_fallback": false,
            "accepted_step": true,
            "step_norm": 2.318376963637906,
            "step_rel": 0.021004181273266403,
            "pred_reduction": NaN,
            "actual_reduction": NaN,
            "trust_rejects": 0,
            "t_grad": 0.0003529799869284034,
            "t_hess": 0.017676785006187856,
            "t_ls": 0.010588814038783312,
            "t_update": 1.9030412659049034e-06,
            "t_iter": 0.028660651994869113,
            "trust_radius": 1.0,
            "trust_ratio": NaN,
            "trust_qp": NaN
          },
          {
            "it": 7,
            "energy": 0.34577661109461677,
            "dE": 1.1240068565898653e-06,
            "grad_norm": 3.7691214490461046e-05,
            "grad_target": 1e-05,
            "grad_norm_post": NaN,
            "alpha": 1.0011162328941345,
            "ksp_its": 2,
            "ls_evals": 19,
            "ls_repaired": false,
            "used_gradient_fallback": false,
            "accepted_step": true,
            "step_norm": 0.0708205624995938,
            "step_rel": 0.000646164349625624,
            "pred_reduction": NaN,
            "actual_reduction": NaN,
            "trust_rejects": 0,
            "t_grad": 0.0003559550968930125,
            "t_hess": 0.01698093896266073,
            "t_ls": 0.010588241973891854,
            "t_update": 1.742970198392868e-06,
            "t_iter": 0.02796690003015101,
            "trust_radius": 1.0,
            "trust_ratio": NaN,
            "trust_qp": NaN
          },
          {
            "it": 8,
            "energy": 0.3457766110902367,
            "dE": 4.3800518767511676e-12,
            "grad_norm": 8.320592333408194e-08,
            "grad_target": 1e-05,
            "grad_norm_post": 2.003828133795783e-10,
            "alpha": 1.00224899252863,
            "ksp_its": 2,
            "ls_evals": 19,
            "ls_repaired": false,
            "used_gradient_fallback": false,
            "accepted_step": true,
            "step_norm": 0.00015006828572375683,
            "step_rel": 1.3693554721763612e-06,
            "pred_reduction": NaN,
            "actual_reduction": NaN,
            "trust_rejects": 0,
            "t_grad": 0.0003558950265869498,
            "t_hess": 0.01701425004284829,
            "t_ls": 0.01057069597300142,
            "t_update": 2.0030420273542404e-06,
            "t_iter": 0.02798263297881931,
            "trust_radius": 1.0,
            "trust_ratio": NaN,
            "trust_qp": NaN
          }
        ],
        "linear_timing": [
          {
            "assemble_total_time": 0.15343006991315633,
            "assemble_p2p_exchange": 0.00011734489817172289,
            "assemble_hvp_compute": 0.15108146995771676,
            "assemble_extraction": 5.8959005400538445e-05,
            "assemble_coo_assembly": 0.0021443719742819667,
            "assemble_n_hvps": 8,
            "setop_time": 2.903980202972889e-06,
            "set_tolerances_time": 2.0030420273542404e-06,
            "pc_setup_time": 0.014885470969602466,
            "solve_time": 0.015219521941617131,
            "linear_total_time": 0.18353996984660625,
            "ksp_its": 10,
            "ksp_reason_code": 2,
            "ksp_reason_name": "CONVERGED_RTOL",
            "ksp_residual_norm": 9.46206553718232,
            "rhs_norm": 0.007407961475354023
          },
          {
            "assemble_total_time": 0.0008722710190340877,
            "assemble_p2p_exchange": 0.00013528403360396624,
            "assemble_hvp_compute": 0.0005593909882009029,
            "assemble_extraction": 5.303998477756977e-05,
            "assemble_coo_assembly": 9.298999793827534e-05,
            "assemble_n_hvps": 8,
            "setop_time": 2.12306622415781e-06,
            "set_tolerances_time": 2.733897417783737e-06,
            "pc_setup_time": 0.014403677079826593,
            "solve_time": 0.009915231028571725,
            "linear_total_time": 0.025196036091074347,
            "ksp_its": 6,
            "ksp_reason_code": 2,
            "ksp_reason_name": "CONVERGED_RTOL",
            "ksp_residual_norm": 0.5126242072913877,
            "rhs_norm": 0.008273386560991277
          },
          {
            "assemble_total_time": 0.0008133030496537685,
            "assemble_p2p_exchange": 0.00012410711497068405,
            "assemble_hvp_compute": 0.00046043202746659517,
            "assemble_extraction": 5.398201756179333e-05,
            "assemble_coo_assembly": 0.00016003998462110758,
            "assemble_n_hvps": 8,
            "setop_time": 1.593027263879776e-06,
            "set_tolerances_time": 1.3420358300209045e-06,
            "pc_setup_time": 0.013704184908419847,
            "solve_time": 0.008580885943956673,
            "linear_total_time": 0.02310130896512419,
            "ksp_its": 5,
            "ksp_reason_code": 2,
            "ksp_reason_name": "CONVERGED_RTOL",
            "ksp_residual_norm": 0.5392305272893431,
            "rhs_norm": 0.004418370969026035
          },
          {
            "assemble_total_time": 0.000798308989033103,
            "assemble_p2p_exchange": 0.00012973498087376356,
            "assemble_hvp_compute": 0.0004208519821986556,
            "assemble_extraction": 5.7586003094911575e-05,
            "assemble_coo_assembly": 0.00017546303570270538,
            "assemble_n_hvps": 8,
            "setop_time": 1.3319076970219612e-06,
            "set_tolerances_time": 1.3919780030846596e-06,
            "pc_setup_time": 0.013293608091771603,
            "solve_time": 0.006782953045330942,
            "linear_total_time": 0.020877594011835754,
            "ksp_its": 4,
            "ksp_reason_code": 2,
            "ksp_reason_name": "CONVERGED_RTOL",
            "ksp_residual_norm": 0.015407810435068512,
            "rhs_norm": 0.00681397815218535
          },
          {
            "assemble_total_time": 0.000791469938121736,
            "assemble_p2p_exchange": 0.00012265390250831842,
            "assemble_hvp_compute": 0.0005114589584991336,
            "assemble_extraction": 4.512793384492397e-05,
            "assemble_coo_assembly": 9.757699444890022e-05,
            "assemble_n_hvps": 8,
            "setop_time": 1.401989720761776e-06,
            "set_tolerances_time": 1.4730030670762062e-06,
            "pc_setup_time": 0.012454036041162908,
            "solve_time": 0.003627481055445969,
            "linear_total_time": 0.01687586202751845,
            "ksp_its": 2,
            "ksp_reason_code": 2,
            "ksp_reason_name": "CONVERGED_RTOL",
            "ksp_residual_norm": 0.007163989532274949,
            "rhs_norm": 0.005533101790891418
          },
          {
            "assemble_total_time": 0.000762406038120389,
            "assemble_p2p_exchange": 0.0001232740469276905,
            "assemble_hvp_compute": 0.000512019032612443,
            "assemble_extraction": 4.645006265491247e-05,
            "assemble_coo_assembly": 6.70009758323431e-05,
            "assemble_n_hvps": 8,
            "setop_time": 1.4819670468568802e-06,
            "set_tolerances_time": 1.5120021998882294e-06,
            "pc_setup_time": 0.012883102055639029,
            "solve_time": 0.00398189399857074,
            "linear_total_time": 0.017630396061576903,
            "ksp_its": 2,
            "ksp_reason_code": 2,
            "ksp_reason_name": "CONVERGED_RTOL",
            "ksp_residual_norm": 0.0003634763667005469,
            "rhs_norm": 0.0011597714071308243
          },
          {
            "assemble_total_time": 0.0007536530029028654,
            "assemble_p2p_exchange": 0.00012596894521266222,
            "assemble_hvp_compute": 0.000494232983328402,
            "assemble_extraction": 4.468706902116537e-05,
            "assemble_coo_assembly": 7.46420118957758e-05,
            "assemble_n_hvps": 8,
            "setop_time": 1.3320241123437881e-06,
            "set_tolerances_time": 1.4529796317219734e-06,
            "pc_setup_time": 0.012315256986767054,
            "solve_time": 0.0038616929668933153,
            "linear_total_time": 0.0169333879603073,
            "ksp_its": 2,
            "ksp_reason_code": 2,
            "ksp_reason_name": "CONVERGED_RTOL",
            "ksp_residual_norm": 1.2180151737142586e-05,
            "rhs_norm": 3.7691214490461046e-05
          },
          {
            "assemble_total_time": 0.0007575280033051968,
            "assemble_p2p_exchange": 0.00012737105134874582,
            "assemble_hvp_compute": 0.0004907880211248994,
            "assemble_extraction": 4.490697756409645e-05,
            "assemble_coo_assembly": 8.097197860479355e-05,
            "assemble_n_hvps": 8,
            "setop_time": 1.201988197863102e-06,
            "set_tolerances_time": 1.4218967407941818e-06,
            "pc_setup_time": 0.012356308987364173,
            "solve_time": 0.0038516479544341564,
            "linear_total_time": 0.016968108830042183,
            "ksp_its": 2,
            "ksp_reason_code": 2,
            "ksp_reason_name": "CONVERGED_RTOL",
            "ksp_residual_norm": 2.041908552259321e-08,
            "rhs_norm": 8.320592333408194e-08
          }
        ]
      }
    ],
    "metadata": {
      "profile": "reference",
      "nprocs": 16,
      "nproc_threads": 1,
      "problem": {
        "name": "GinzburgLandau2D"
      },
      "linear_solver": {
        "ksp_type": "gmres",
        "pc_type": "hypre",
        "ksp_rtol": 0.001,
        "ksp_max_it": 200,
        "pc_setup_on_ksp_cap": false,
        "gamg_threshold": 0.05,
        "gamg_agg_nsmooths": 1,
        "gamg_set_coordinates": true,
        "reorder": true,
        "hvp_eval_mode": "sfd_local_batched",
        "assembly_mode": "element",
        "element_reorder_mode": "block_xyz",
        "local_hessian_mode": "sfd_local",
        "distribution_strategy": "overlap_allgather",
        "assembler": "GLReorderedElementAssembler",
        "trust_subproblem_solver": "direct_linear_solve",
        "trust_subproblem_line_search": false
      },
      "newton": {
        "tolf": 1e-06,
        "tolg": 1e-05,
        "tolg_rel": 0.001,
        "tolx_rel": 0.001,
        "tolx_abs": 1e-10,
        "maxit": 100,
        "require_all_convergence": true,
        "fail_on_nonfinite": true,
        "linesearch_interval": [
          -0.5,
          2.0
        ],
        "linesearch_tol": 0.001,
        "trust_region": false,
        "trust_radius_init": 1.0,
        "trust_radius_min": 1e-08,
        "trust_radius_max": 1000000.0,
        "trust_subproblem_line_search": false,
        "step_time_limit_s": null
      }
    }
  }
}
