An NVIDIA GPU may be present on this machine, but a CUDA-enabled jaxlib is not installed. Falling back to cpu.
An NVIDIA GPU may be present on this machine, but a CUDA-enabled jaxlib is not installed. Falling back to cpu.
An NVIDIA GPU may be present on this machine, but a CUDA-enabled jaxlib is not installed. Falling back to cpu.
An NVIDIA GPU may be present on this machine, but a CUDA-enabled jaxlib is not installed. Falling back to cpu.
An NVIDIA GPU may be present on this machine, but a CUDA-enabled jaxlib is not installed. Falling back to cpu.
An NVIDIA GPU may be present on this machine, but a CUDA-enabled jaxlib is not installed. Falling back to cpu.
An NVIDIA GPU may be present on this machine, but a CUDA-enabled jaxlib is not installed. Falling back to cpu.
An NVIDIA GPU may be present on this machine, but a CUDA-enabled jaxlib is not installed. Falling back to cpu.
An NVIDIA GPU may be present on this machine, but a CUDA-enabled jaxlib is not installed. Falling back to cpu.
An NVIDIA GPU may be present on this machine, but a CUDA-enabled jaxlib is not installed. Falling back to cpu.
An NVIDIA GPU may be present on this machine, but a CUDA-enabled jaxlib is not installed. Falling back to cpu.
An NVIDIA GPU may be present on this machine, but a CUDA-enabled jaxlib is not installed. Falling back to cpu.
An NVIDIA GPU may be present on this machine, but a CUDA-enabled jaxlib is not installed. Falling back to cpu.
An NVIDIA GPU may be present on this machine, but a CUDA-enabled jaxlib is not installed. Falling back to cpu.
An NVIDIA GPU may be present on this machine, but a CUDA-enabled jaxlib is not installed. Falling back to cpu.
An NVIDIA GPU may be present on this machine, but a CUDA-enabled jaxlib is not installed. Falling back to cpu.
{
  "case": {
    "problem": "gl",
    "backend": "element",
    "level": 8,
    "out": "/home/michal/repos/fenics_nonlinear_energies/artifacts/reproduction/2026-03-15_refactor_stage2b_final/full/gl_final_suite/jax_petsc_local_sfd_l8_np16.json",
    "quiet": true,
    "save_history": true,
    "save_linear_timing": true,
    "steps": 1,
    "start_step": 1,
    "total_steps": 24,
    "ksp_type": "gmres",
    "pc_type": "hypre",
    "ksp_rtol": 0.001,
    "ksp_max_it": 200,
    "profile": "reference",
    "coloring_trials": 10,
    "nproc_threads": 1,
    "hvp_eval_mode": "sequential",
    "element_reorder_mode": "block_xyz",
    "local_hessian_mode": "sfd_local",
    "tolf": 1e-06,
    "tolg": 1e-05,
    "tolg_rel": 0.001,
    "tolx_rel": 0.001,
    "tolx_abs": 1e-10,
    "maxit": 100,
    "step_time_limit_s": null,
    "linesearch_a": -0.5,
    "linesearch_b": 2.0,
    "linesearch_tol": 0.001,
    "use_trust_region": false,
    "trust_radius_init": 1.0,
    "trust_radius_min": 1e-08,
    "trust_radius_max": 1000000.0,
    "trust_shrink": 0.5,
    "trust_expand": 1.5,
    "trust_eta_shrink": 0.05,
    "trust_eta_expand": 0.75,
    "trust_max_reject": 6,
    "trust_subproblem_line_search": false,
    "local_coloring": true,
    "retry_on_failure": false,
    "pc_setup_on_ksp_cap": false,
    "use_near_nullspace": true,
    "reorder": null,
    "gamg_threshold": 0.05,
    "gamg_agg_nsmooths": 1,
    "gamg_set_coordinates": true
  },
  "result": {
    "mesh_level": 8,
    "total_dofs": 263169,
    "free_dofs": 261121,
    "setup_time": 1.628045,
    "solve_time_total": 1.133688,
    "total_time": 2.92151,
    "steps": [
      {
        "step": 1,
        "time": 1.133688,
        "nit": 7,
        "linear_iters": 30,
        "energy": 0.3456336282715634,
        "message": "Converged (energy, step, gradient)",
        "attempt": "primary",
        "ksp_rtol_used": 0.001,
        "ksp_max_it_used": 200,
        "linesearch_interval_used": [
          -0.5,
          2.0
        ],
        "history": [
          {
            "it": 1,
            "energy": 0.5483472899611234,
            "dE": 0.11695438890647425,
            "grad_norm": 0.0018523798253574071,
            "grad_target": 1e-05,
            "grad_norm_post": NaN,
            "alpha": -0.28382199227625093,
            "ksp_its": 8,
            "ls_evals": 19,
            "ls_repaired": false,
            "used_gradient_fallback": false,
            "accepted_step": true,
            "step_norm": 134.85181418998621,
            "step_rel": 0.5267648991796336,
            "pred_reduction": NaN,
            "actual_reduction": NaN,
            "trust_rejects": 0,
            "t_grad": 0.003062122967094183,
            "t_hess": 0.2490462060086429,
            "t_ls": 0.06094037997536361,
            "t_update": 1.4221062883734703e-05,
            "t_iter": 0.3131532570114359,
            "trust_radius": 1.0,
            "trust_ratio": NaN,
            "trust_qp": NaN
          },
          {
            "it": 2,
            "energy": 0.5098755423127848,
            "dE": 0.038471747648338606,
            "grad_norm": 0.002002540194814559,
            "grad_target": 1e-05,
            "grad_norm_post": NaN,
            "alpha": 0.3577306985141545,
            "ksp_its": 6,
            "ls_evals": 19,
            "ls_repaired": false,
            "used_gradient_fallback": false,
            "accepted_step": true,
            "step_norm": 95.22565191507941,
            "step_rel": 0.28888333212200346,
            "pred_reduction": NaN,
            "actual_reduction": NaN,
            "trust_rejects": 0,
            "t_grad": 0.003222784958779812,
            "t_hess": 0.08234256296418607,
            "t_ls": 0.0606501039583236,
            "t_update": 1.698499545454979e-05,
            "t_iter": 0.14631291897967458,
            "trust_radius": 1.0,
            "trust_ratio": NaN,
            "trust_qp": NaN
          },
          {
            "it": 3,
            "energy": 0.4413986779614026,
            "dE": 0.06847686435138217,
            "grad_norm": 0.001114916289129704,
            "grad_target": 1e-05,
            "grad_norm_post": NaN,
            "alpha": -0.35256568298250734,
            "ksp_its": 5,
            "ls_evals": 19,
            "ls_repaired": false,
            "used_gradient_fallback": false,
            "accepted_step": true,
            "step_norm": 137.2911774221236,
            "step_rel": 0.3669245309429465,
            "pred_reduction": NaN,
            "actual_reduction": NaN,
            "trust_rejects": 0,
            "t_grad": 0.0028562129009515047,
            "t_hess": 0.07856808998622,
            "t_ls": 0.06208795600105077,
            "t_update": 1.4452030882239342e-05,
            "t_iter": 0.1436037359526381,
            "trust_radius": 1.0,
            "trust_ratio": NaN,
            "trust_qp": NaN
          },
          {
            "it": 4,
            "energy": 0.36475099707107034,
            "dE": 0.07664768089033225,
            "grad_norm": 0.0017739082262964402,
            "grad_target": 1e-05,
            "grad_norm_post": NaN,
            "alpha": 0.27459166736671115,
            "ksp_its": 4,
            "ls_evals": 19,
            "ls_repaired": false,
            "used_gradient_fallback": false,
            "accepted_step": true,
            "step_norm": 113.31956778728612,
            "step_rel": 0.2814052394974915,
            "pred_reduction": NaN,
            "actual_reduction": NaN,
            "trust_rejects": 0,
            "t_grad": 0.0033583890181034803,
            "t_hess": 0.0723102519987151,
            "t_ls": 0.060521299950778484,
            "t_update": 1.577299553900957e-05,
            "t_iter": 0.1362821600632742,
            "trust_radius": 1.0,
            "trust_ratio": NaN,
            "trust_qp": NaN
          },
          {
            "it": 5,
            "energy": 0.3458604076741192,
            "dE": 0.018890589396951152,
            "grad_norm": 0.0012708108341671525,
            "grad_target": 1e-05,
            "grad_norm_post": NaN,
            "alpha": 0.9656942616083233,
            "ksp_its": 3,
            "ls_evals": 19,
            "ls_repaired": false,
            "used_gradient_fallback": false,
            "accepted_step": true,
            "step_norm": 32.39362995683983,
            "step_rel": 0.0749138881875553,
            "pred_reduction": NaN,
            "actual_reduction": NaN,
            "trust_rejects": 0,
            "t_grad": 0.0029233749955892563,
            "t_hess": 0.07019358093384653,
            "t_ls": 0.0604995769681409,
            "t_update": 1.7556012608110905e-05,
            "t_iter": 0.13370830100029707,
            "trust_radius": 1.0,
            "trust_ratio": NaN,
            "trust_qp": NaN
          },
          {
            "it": 6,
            "energy": 0.34563364042479716,
            "dE": 0.00022676724932202408,
            "grad_norm": 0.0001263811283580374,
            "grad_target": 1e-05,
            "grad_norm_post": NaN,
            "alpha": 1.0191772605146039,
            "ksp_its": 2,
            "ls_evals": 19,
            "ls_repaired": false,
            "used_gradient_fallback": false,
            "accepted_step": true,
            "step_norm": 4.045607177754865,
            "step_rel": 0.009163762696936579,
            "pred_reduction": NaN,
            "actual_reduction": NaN,
            "trust_rejects": 0,
            "t_grad": 0.0029102449771016836,
            "t_hess": 0.06409375101793557,
            "t_ls": 0.06029564095661044,
            "t_update": 1.4743069186806679e-05,
            "t_iter": 0.12739042309112847,
            "trust_radius": 1.0,
            "trust_ratio": NaN,
            "trust_qp": NaN
          },
          {
            "it": 7,
            "energy": 0.3456336282715634,
            "dE": 1.2153233752698611e-08,
            "grad_norm": 1.1137885261659635e-06,
            "grad_target": 1e-05,
            "grad_norm_post": 5.350441611840321e-09,
            "alpha": 0.9999834732596391,
            "ksp_its": 2,
            "ls_evals": 19,
            "ls_repaired": false,
            "used_gradient_fallback": false,
            "accepted_step": true,
            "step_norm": 0.028960788416904717,
            "step_rel": 6.607231606459474e-05,
            "pred_reduction": NaN,
            "actual_reduction": NaN,
            "trust_rejects": 0,
            "t_grad": 0.002898136037401855,
            "t_hess": 0.06312111904844642,
            "t_ls": 0.060923896031454206,
            "t_update": 1.5672994777560234e-05,
            "t_iter": 0.12703399697784334,
            "trust_radius": 1.0,
            "trust_ratio": NaN,
            "trust_qp": NaN
          }
        ],
        "linear_timing": [
          {
            "assemble_total_time": 0.18301275896374136,
            "assemble_p2p_exchange": 0.0008520608535036445,
            "assemble_hvp_compute": 0.18033874896354973,
            "assemble_extraction": 0.0003636570181697607,
            "assemble_coo_assembly": 0.0014056330546736717,
            "assemble_n_hvps": 8,
            "setop_time": 3.0240043997764587e-06,
            "set_tolerances_time": 2.334010787308216e-06,
            "pc_setup_time": 0.035203150007873774,
            "solve_time": 0.030700881965458393,
            "linear_total_time": 0.2489221489522606,
            "ksp_its": 8,
            "ksp_reason_code": 2,
            "ksp_reason_name": "CONVERGED_RTOL",
            "ksp_residual_norm": 81.81662783542322,
            "rhs_norm": 0.0018523798253574071
          },
          {
            "assemble_total_time": 0.0253267630469054,
            "assemble_p2p_exchange": 0.0007774389814585447,
            "assemble_hvp_compute": 0.016291219973936677,
            "assemble_extraction": 0.0011900090612471104,
            "assemble_coo_assembly": 0.006999452016316354,
            "assemble_n_hvps": 8,
            "setop_time": 3.0141090974211693e-06,
            "set_tolerances_time": 2.0329607650637627e-06,
            "pc_setup_time": 0.03302329301368445,
            "solve_time": 0.023899958934634924,
            "linear_total_time": 0.08225506206508726,
            "ksp_its": 6,
            "ksp_reason_code": 2,
            "ksp_reason_name": "CONVERGED_RTOL",
            "ksp_residual_norm": 2.68665291476632,
            "rhs_norm": 0.002002540194814559
          },
          {
            "assemble_total_time": 0.025127953966148198,
            "assemble_p2p_exchange": 0.0009074240224435925,
            "assemble_hvp_compute": 0.016073163016699255,
            "assemble_extraction": 0.001287535997107625,
            "assemble_coo_assembly": 0.006796817993745208,
            "assemble_n_hvps": 8,
            "setop_time": 2.162996679544449e-06,
            "set_tolerances_time": 1.9229482859373093e-06,
            "pc_setup_time": 0.03267225599847734,
            "solve_time": 0.02068118005990982,
            "linear_total_time": 0.07848547596950084,
            "ksp_its": 5,
            "ksp_reason_code": 2,
            "ksp_reason_name": "CONVERGED_RTOL",
            "ksp_residual_norm": 2.438580673470984,
            "rhs_norm": 0.001114916289129704
          },
          {
            "assemble_total_time": 0.0247919789981097,
            "assemble_p2p_exchange": 0.000805672025308013,
            "assemble_hvp_compute": 0.015841123997233808,
            "assemble_extraction": 0.0010722109582275152,
            "assemble_coo_assembly": 0.007009417051449418,
            "assemble_n_hvps": 8,
            "setop_time": 2.4439068511128426e-06,
            "set_tolerances_time": 2.093031071126461e-06,
            "pc_setup_time": 0.03160099498927593,
            "solve_time": 0.015829046024009585,
            "linear_total_time": 0.07222655694931746,
            "ksp_its": 4,
            "ksp_reason_code": 2,
            "ksp_reason_name": "CONVERGED_RTOL",
            "ksp_residual_norm": 0.19048296612159565,
            "rhs_norm": 0.0017739082262964402
          },
          {
            "assemble_total_time": 0.024683666066266596,
            "assemble_p2p_exchange": 0.0007782089523971081,
            "assemble_hvp_compute": 0.021718417992815375,
            "assemble_extraction": 0.0003992309793829918,
            "assemble_coo_assembly": 0.0017308320384472609,
            "assemble_n_hvps": 8,
            "setop_time": 2.8139911592006683e-06,
            "set_tolerances_time": 2.0330771803855896e-06,
            "pc_setup_time": 0.032065432984381914,
            "solve_time": 0.013358772033825517,
            "linear_total_time": 0.07011271815281361,
            "ksp_its": 3,
            "ksp_reason_code": 2,
            "ksp_reason_name": "CONVERGED_RTOL",
            "ksp_residual_norm": 0.0011960585847077122,
            "rhs_norm": 0.0012708108341671525
          },
          {
            "assemble_total_time": 0.022676229011267424,
            "assemble_p2p_exchange": 0.000852741883136332,
            "assemble_hvp_compute": 0.020815912983380258,
            "assemble_extraction": 0.0004277030238881707,
            "assemble_coo_assembly": 0.000526671065017581,
            "assemble_n_hvps": 8,
            "setop_time": 2.703978680074215e-06,
            "set_tolerances_time": 1.6619451344013214e-06,
            "pc_setup_time": 0.031426383065991104,
            "solve_time": 0.009898299002088606,
            "linear_total_time": 0.06400527700316161,
            "ksp_its": 2,
            "ksp_reason_code": 2,
            "ksp_reason_name": "CONVERGED_RTOL",
            "ksp_residual_norm": 0.0023331775941558726,
            "rhs_norm": 0.0001263811283580374
          },
          {
            "assemble_total_time": 0.022474514902569354,
            "assemble_p2p_exchange": 0.0008781900396570563,
            "assemble_hvp_compute": 0.020210813032463193,
            "assemble_extraction": 0.0004075920442119241,
            "assemble_coo_assembly": 0.000926242908462882,
            "assemble_n_hvps": 8,
            "setop_time": 2.1330779418349266e-06,
            "set_tolerances_time": 1.6830163076519966e-06,
            "pc_setup_time": 0.03105479304213077,
            "solve_time": 0.009509315015748143,
            "linear_total_time": 0.06304243905469775,
            "ksp_its": 2,
            "ksp_reason_code": 2,
            "ksp_reason_name": "CONVERGED_RTOL",
            "ksp_residual_norm": 1.7815835541895165e-05,
            "rhs_norm": 1.1137885261659635e-06
          }
        ]
      }
    ],
    "metadata": {
      "profile": "reference",
      "nprocs": 16,
      "nproc_threads": 1,
      "problem": {
        "name": "GinzburgLandau2D"
      },
      "linear_solver": {
        "ksp_type": "gmres",
        "pc_type": "hypre",
        "ksp_rtol": 0.001,
        "ksp_max_it": 200,
        "pc_setup_on_ksp_cap": false,
        "gamg_threshold": 0.05,
        "gamg_agg_nsmooths": 1,
        "gamg_set_coordinates": true,
        "reorder": true,
        "hvp_eval_mode": "sfd_local_batched",
        "assembly_mode": "element",
        "element_reorder_mode": "block_xyz",
        "local_hessian_mode": "sfd_local",
        "distribution_strategy": "overlap_allgather",
        "assembler": "GLReorderedElementAssembler",
        "trust_subproblem_solver": "direct_linear_solve",
        "trust_subproblem_line_search": false
      },
      "newton": {
        "tolf": 1e-06,
        "tolg": 1e-05,
        "tolg_rel": 0.001,
        "tolx_rel": 0.001,
        "tolx_abs": 1e-10,
        "maxit": 100,
        "require_all_convergence": true,
        "fail_on_nonfinite": true,
        "linesearch_interval": [
          -0.5,
          2.0
        ],
        "linesearch_tol": 0.001,
        "trust_region": false,
        "trust_radius_init": 1.0,
        "trust_radius_min": 1e-08,
        "trust_radius_max": 1000000.0,
        "trust_subproblem_line_search": false,
        "step_time_limit_s": null
      }
    }
  }
}
