An NVIDIA GPU may be present on this machine, but a CUDA-enabled jaxlib is not installed. Falling back to cpu.
An NVIDIA GPU may be present on this machine, but a CUDA-enabled jaxlib is not installed. Falling back to cpu.
An NVIDIA GPU may be present on this machine, but a CUDA-enabled jaxlib is not installed. Falling back to cpu.
An NVIDIA GPU may be present on this machine, but a CUDA-enabled jaxlib is not installed. Falling back to cpu.
An NVIDIA GPU may be present on this machine, but a CUDA-enabled jaxlib is not installed. Falling back to cpu.
An NVIDIA GPU may be present on this machine, but a CUDA-enabled jaxlib is not installed. Falling back to cpu.
An NVIDIA GPU may be present on this machine, but a CUDA-enabled jaxlib is not installed. Falling back to cpu.
An NVIDIA GPU may be present on this machine, but a CUDA-enabled jaxlib is not installed. Falling back to cpu.
An NVIDIA GPU may be present on this machine, but a CUDA-enabled jaxlib is not installed. Falling back to cpu.
An NVIDIA GPU may be present on this machine, but a CUDA-enabled jaxlib is not installed. Falling back to cpu.
An NVIDIA GPU may be present on this machine, but a CUDA-enabled jaxlib is not installed. Falling back to cpu.
An NVIDIA GPU may be present on this machine, but a CUDA-enabled jaxlib is not installed. Falling back to cpu.
An NVIDIA GPU may be present on this machine, but a CUDA-enabled jaxlib is not installed. Falling back to cpu.
An NVIDIA GPU may be present on this machine, but a CUDA-enabled jaxlib is not installed. Falling back to cpu.
An NVIDIA GPU may be present on this machine, but a CUDA-enabled jaxlib is not installed. Falling back to cpu.
An NVIDIA GPU may be present on this machine, but a CUDA-enabled jaxlib is not installed. Falling back to cpu.
{
  "case": {
    "problem": "gl",
    "backend": "element",
    "level": 7,
    "out": "/home/michal/repos/fenics_nonlinear_energies/artifacts/reproduction/2026-03-15_refactor_stage2b_final/full/gl_final_suite/jax_petsc_element_l7_np16.json",
    "quiet": true,
    "save_history": true,
    "save_linear_timing": true,
    "steps": 1,
    "start_step": 1,
    "total_steps": 24,
    "ksp_type": "gmres",
    "pc_type": "hypre",
    "ksp_rtol": 0.001,
    "ksp_max_it": 200,
    "profile": "reference",
    "coloring_trials": 10,
    "nproc_threads": 1,
    "hvp_eval_mode": "sequential",
    "element_reorder_mode": "block_xyz",
    "local_hessian_mode": "element",
    "tolf": 1e-06,
    "tolg": 1e-05,
    "tolg_rel": 0.001,
    "tolx_rel": 0.001,
    "tolx_abs": 1e-10,
    "maxit": 100,
    "step_time_limit_s": null,
    "linesearch_a": -0.5,
    "linesearch_b": 2.0,
    "linesearch_tol": 0.001,
    "use_trust_region": false,
    "trust_radius_init": 1.0,
    "trust_radius_min": 1e-08,
    "trust_radius_max": 1000000.0,
    "trust_shrink": 0.5,
    "trust_expand": 1.5,
    "trust_eta_shrink": 0.05,
    "trust_eta_expand": 0.75,
    "trust_max_reject": 6,
    "trust_subproblem_line_search": false,
    "local_coloring": true,
    "retry_on_failure": false,
    "pc_setup_on_ksp_cap": false,
    "use_near_nullspace": true,
    "reorder": null,
    "gamg_threshold": 0.05,
    "gamg_agg_nsmooths": 1,
    "gamg_set_coordinates": true
  },
  "result": {
    "mesh_level": 7,
    "total_dofs": 66049,
    "free_dofs": 65025,
    "setup_time": 0.666469,
    "solve_time_total": 0.286914,
    "total_time": 1.006631,
    "steps": [
      {
        "step": 1,
        "time": 0.286914,
        "nit": 6,
        "linear_iters": 21,
        "energy": 0.3456622574797168,
        "message": "Converged (energy, step, gradient)",
        "attempt": "primary",
        "ksp_rtol_used": 0.001,
        "ksp_max_it_used": 200,
        "linesearch_interval_used": [
          -0.5,
          2.0
        ],
        "history": [
          {
            "it": 1,
            "energy": 0.48718227163309935,
            "dE": 0.17812741081427808,
            "grad_norm": 0.0037046037706002784,
            "grad_target": 1e-05,
            "grad_norm_post": NaN,
            "alpha": -0.3429687893550494,
            "ksp_its": 6,
            "ls_evals": 19,
            "ls_repaired": false,
            "used_gradient_fallback": false,
            "accepted_step": true,
            "step_norm": 79.7725017840069,
            "step_rel": 0.623222670187554,
            "pred_reduction": NaN,
            "actual_reduction": NaN,
            "trust_rejects": 0,
            "t_grad": 0.000879582017660141,
            "t_hess": 0.03365410305559635,
            "t_ls": 0.01861686201300472,
            "t_update": 3.906083293259144e-06,
            "t_iter": 0.05321222799830139,
            "trust_radius": 1.0,
            "trust_ratio": NaN,
            "trust_qp": NaN
          },
          {
            "it": 2,
            "energy": 0.4625675221274339,
            "dE": 0.024614749505665445,
            "grad_norm": 0.0034964784455831298,
            "grad_target": 1e-05,
            "grad_norm_post": NaN,
            "alpha": -0.49964995802247814,
            "ksp_its": 6,
            "ls_evals": 19,
            "ls_repaired": false,
            "used_gradient_fallback": false,
            "accepted_step": true,
            "step_norm": 44.6884689946412,
            "step_rel": 0.2410038579108156,
            "pred_reduction": NaN,
            "actual_reduction": NaN,
            "trust_rejects": 0,
            "t_grad": 0.000755375949665904,
            "t_hess": 0.03235615196172148,
            "t_ls": 0.01841197395697236,
            "t_update": 4.517030902206898e-06,
            "t_iter": 0.05157888401299715,
            "trust_radius": 1.0,
            "trust_ratio": NaN,
            "trust_qp": NaN
          },
          {
            "it": 3,
            "energy": 0.37142078988484256,
            "dE": 0.09114673224259134,
            "grad_norm": 0.005069275299928703,
            "grad_target": 1e-05,
            "grad_norm_post": NaN,
            "alpha": 0.2453683108048338,
            "ksp_its": 3,
            "ls_evals": 19,
            "ls_repaired": false,
            "used_gradient_fallback": false,
            "accepted_step": true,
            "step_norm": 49.45440314098384,
            "step_rel": 0.2645431287240932,
            "pred_reduction": NaN,
            "actual_reduction": NaN,
            "trust_rejects": 0,
            "t_grad": 0.0007441090419888496,
            "t_hess": 0.02761589700821787,
            "t_ls": 0.01847964501939714,
            "t_update": 4.417030140757561e-06,
            "t_iter": 0.04689210990909487,
            "trust_radius": 1.0,
            "trust_ratio": NaN,
            "trust_qp": NaN
          },
          {
            "it": 4,
            "energy": 0.3461836570991138,
            "dE": 0.025237132785728755,
            "grad_norm": 0.003498289999941311,
            "grad_target": 1e-05,
            "grad_norm_post": NaN,
            "alpha": 0.9652615859289553,
            "ksp_its": 2,
            "ls_evals": 19,
            "ls_repaired": false,
            "used_gradient_fallback": false,
            "accepted_step": true,
            "step_norm": 19.09631955185196,
            "step_rel": 0.0888541516324292,
            "pred_reduction": NaN,
            "actual_reduction": NaN,
            "trust_rejects": 0,
            "t_grad": 0.0007601530523970723,
            "t_hess": 0.02553409803658724,
            "t_ls": 0.018459293991327286,
            "t_update": 4.106084816157818e-06,
            "t_iter": 0.044806865975260735,
            "trust_radius": 1.0,
            "trust_ratio": NaN,
            "trust_qp": NaN
          },
          {
            "it": 5,
            "energy": 0.34566232405875486,
            "dE": 0.0005213330403589511,
            "grad_norm": 0.00038862315852659403,
            "grad_target": 1e-05,
            "grad_norm_post": NaN,
            "alpha": 1.0299069137765817,
            "ksp_its": 2,
            "ls_evals": 19,
            "ls_repaired": false,
            "used_gradient_fallback": false,
            "accepted_step": true,
            "step_norm": 2.994823162997775,
            "step_rel": 0.01352067182875328,
            "pred_reduction": NaN,
            "actual_reduction": NaN,
            "trust_rejects": 0,
            "t_grad": 0.0007502679945901036,
            "t_hess": 0.024757560924626887,
            "t_ls": 0.019010443007573485,
            "t_update": 4.0460145100951195e-06,
            "t_iter": 0.044571162085048854,
            "trust_radius": 1.0,
            "trust_ratio": NaN,
            "trust_qp": NaN
          },
          {
            "it": 6,
            "energy": 0.3456622574797168,
            "dE": 6.657903806051024e-08,
            "grad_norm": 4.772192809258457e-06,
            "grad_target": 1e-05,
            "grad_norm_post": 1.2068312960462093e-08,
            "alpha": 0.9999834732596391,
            "ksp_its": 2,
            "ls_evals": 19,
            "ls_repaired": false,
            "used_gradient_fallback": false,
            "accepted_step": true,
            "step_norm": 0.033989610458679875,
            "step_rel": 0.0001550928168941879,
            "pred_reduction": NaN,
            "actual_reduction": NaN,
            "trust_rejects": 0,
            "t_grad": 0.000755456043407321,
            "t_hess": 0.02458148600999266,
            "t_ls": 0.0183189440285787,
            "t_update": 4.115980118513107e-06,
            "t_iter": 0.04370759299490601,
            "trust_radius": 1.0,
            "trust_ratio": NaN,
            "trust_qp": NaN
          }
        ],
        "linear_timing": [
          {
            "assemble_total_time": 0.0018913029925897717,
            "assemble_p2p_exchange": 0.0003356439992785454,
            "assemble_hvp_compute": 0.0006550750695168972,
            "assemble_extraction": 0.0006340830586850643,
            "assemble_coo_assembly": 0.00022722093854099512,
            "assemble_n_hvps": 0,
            "setop_time": 3.1050294637680054e-06,
            "set_tolerances_time": 2.3740576580166817e-06,
            "pc_setup_time": 0.019783724914304912,
            "solve_time": 0.01190283999312669,
            "linear_total_time": 0.03358334698714316,
            "ksp_its": 6,
            "ksp_reason_code": 2,
            "ksp_reason_name": "CONVERGED_RTOL",
            "ksp_residual_norm": 128.45149506393483,
            "rhs_norm": 0.0037046037706002784
          },
          {
            "assemble_total_time": 0.0017216680571436882,
            "assemble_p2p_exchange": 0.0002991399960592389,
            "assemble_hvp_compute": 0.00038592005148530006,
            "assemble_extraction": 0.0005397109780460596,
            "assemble_coo_assembly": 0.00046065193600952625,
            "assemble_n_hvps": 0,
            "setop_time": 3.1549716368317604e-06,
            "set_tolerances_time": 2.704095095396042e-06,
            "pc_setup_time": 0.018687417963519692,
            "solve_time": 0.011878803023137152,
            "linear_total_time": 0.03229374811053276,
            "ksp_its": 6,
            "ksp_reason_code": 2,
            "ksp_reason_name": "CONVERGED_RTOL",
            "ksp_residual_norm": 0.42064941232579883,
            "rhs_norm": 0.0034964784455831298
          },
          {
            "assemble_total_time": 0.0016997450729832053,
            "assemble_p2p_exchange": 0.00026457803323864937,
            "assemble_hvp_compute": 0.0003912169486284256,
            "assemble_extraction": 0.0006435869727283716,
            "assemble_coo_assembly": 0.0003776779631152749,
            "assemble_n_hvps": 0,
            "setop_time": 2.023065462708473e-06,
            "set_tolerances_time": 2.042972482740879e-06,
            "pc_setup_time": 0.01906225096900016,
            "solve_time": 0.006793281063437462,
            "linear_total_time": 0.027559343143366277,
            "ksp_its": 3,
            "ksp_reason_code": 2,
            "ksp_reason_name": "CONVERGED_RTOL",
            "ksp_residual_norm": 0.08114862580768165,
            "rhs_norm": 0.005069275299928703
          },
          {
            "assemble_total_time": 0.0016905409283936024,
            "assemble_p2p_exchange": 0.0002956839744001627,
            "assemble_hvp_compute": 0.00041874905582517385,
            "assemble_extraction": 0.0006577880121767521,
            "assemble_coo_assembly": 0.0002933309879153967,
            "assemble_n_hvps": 0,
            "setop_time": 1.9830185920000076e-06,
            "set_tolerances_time": 2.5939662009477615e-06,
            "pc_setup_time": 0.018616309971548617,
            "solve_time": 0.005165494047105312,
            "linear_total_time": 0.02547692193184048,
            "ksp_its": 2,
            "ksp_reason_code": 2,
            "ksp_reason_name": "CONVERGED_RTOL",
            "ksp_residual_norm": 0.004494048423257549,
            "rhs_norm": 0.003498289999941311
          },
          {
            "assemble_total_time": 0.0017358089098706841,
            "assemble_p2p_exchange": 0.000232068938203156,
            "assemble_hvp_compute": 0.0003579679178074002,
            "assemble_extraction": 0.0006234470056369901,
            "assemble_coo_assembly": 0.0004999019438400865,
            "assemble_n_hvps": 0,
            "setop_time": 2.142973244190216e-06,
            "set_tolerances_time": 2.0529842004179955e-06,
            "pc_setup_time": 0.017940394929610193,
            "solve_time": 0.005013925954699516,
            "linear_total_time": 0.024694325751625,
            "ksp_its": 2,
            "ksp_reason_code": 2,
            "ksp_reason_name": "CONVERGED_RTOL",
            "ksp_residual_norm": 0.0007781028960687278,
            "rhs_norm": 0.00038862315852659403
          },
          {
            "assemble_total_time": 0.0017356490716338158,
            "assemble_p2p_exchange": 0.00024396704975515604,
            "assemble_hvp_compute": 0.00036390707828104496,
            "assemble_extraction": 0.0006246389821171761,
            "assemble_coo_assembly": 0.00048038200475275517,
            "assemble_n_hvps": 0,
            "setop_time": 2.1631130948662758e-06,
            "set_tolerances_time": 2.0730076357722282e-06,
            "pc_setup_time": 0.017965942970477045,
            "solve_time": 0.004819973953999579,
            "linear_total_time": 0.024525802116841078,
            "ksp_its": 2,
            "ksp_reason_code": 2,
            "ksp_reason_name": "CONVERGED_RTOL",
            "ksp_residual_norm": 1.3339108671469425e-05,
            "rhs_norm": 4.772192809258457e-06
          }
        ]
      }
    ],
    "metadata": {
      "profile": "reference",
      "nprocs": 16,
      "nproc_threads": 1,
      "problem": {
        "name": "GinzburgLandau2D"
      },
      "linear_solver": {
        "ksp_type": "gmres",
        "pc_type": "hypre",
        "ksp_rtol": 0.001,
        "ksp_max_it": 200,
        "pc_setup_on_ksp_cap": false,
        "gamg_threshold": 0.05,
        "gamg_agg_nsmooths": 1,
        "gamg_set_coordinates": true,
        "reorder": true,
        "hvp_eval_mode": "element_overlap",
        "assembly_mode": "element",
        "element_reorder_mode": "block_xyz",
        "local_hessian_mode": "element",
        "distribution_strategy": "overlap_allgather",
        "assembler": "GLReorderedElementAssembler",
        "trust_subproblem_solver": "direct_linear_solve",
        "trust_subproblem_line_search": false
      },
      "newton": {
        "tolf": 1e-06,
        "tolg": 1e-05,
        "tolg_rel": 0.001,
        "tolx_rel": 0.001,
        "tolx_abs": 1e-10,
        "maxit": 100,
        "require_all_convergence": true,
        "fail_on_nonfinite": true,
        "linesearch_interval": [
          -0.5,
          2.0
        ],
        "linesearch_tol": 0.001,
        "trust_region": false,
        "trust_radius_init": 1.0,
        "trust_radius_min": 1e-08,
        "trust_radius_max": 1000000.0,
        "trust_subproblem_line_search": false,
        "step_time_limit_s": null
      }
    }
  }
}
