An NVIDIA GPU may be present on this machine, but a CUDA-enabled jaxlib is not installed. Falling back to cpu.
An NVIDIA GPU may be present on this machine, but a CUDA-enabled jaxlib is not installed. Falling back to cpu.
An NVIDIA GPU may be present on this machine, but a CUDA-enabled jaxlib is not installed. Falling back to cpu.
An NVIDIA GPU may be present on this machine, but a CUDA-enabled jaxlib is not installed. Falling back to cpu.
An NVIDIA GPU may be present on this machine, but a CUDA-enabled jaxlib is not installed. Falling back to cpu.
An NVIDIA GPU may be present on this machine, but a CUDA-enabled jaxlib is not installed. Falling back to cpu.
An NVIDIA GPU may be present on this machine, but a CUDA-enabled jaxlib is not installed. Falling back to cpu.
An NVIDIA GPU may be present on this machine, but a CUDA-enabled jaxlib is not installed. Falling back to cpu.
An NVIDIA GPU may be present on this machine, but a CUDA-enabled jaxlib is not installed. Falling back to cpu.
An NVIDIA GPU may be present on this machine, but a CUDA-enabled jaxlib is not installed. Falling back to cpu.
An NVIDIA GPU may be present on this machine, but a CUDA-enabled jaxlib is not installed. Falling back to cpu.
An NVIDIA GPU may be present on this machine, but a CUDA-enabled jaxlib is not installed. Falling back to cpu.
An NVIDIA GPU may be present on this machine, but a CUDA-enabled jaxlib is not installed. Falling back to cpu.
An NVIDIA GPU may be present on this machine, but a CUDA-enabled jaxlib is not installed. Falling back to cpu.
An NVIDIA GPU may be present on this machine, but a CUDA-enabled jaxlib is not installed. Falling back to cpu.
An NVIDIA GPU may be present on this machine, but a CUDA-enabled jaxlib is not installed. Falling back to cpu.
An NVIDIA GPU may be present on this machine, but a CUDA-enabled jaxlib is not installed. Falling back to cpu.
An NVIDIA GPU may be present on this machine, but a CUDA-enabled jaxlib is not installed. Falling back to cpu.
An NVIDIA GPU may be present on this machine, but a CUDA-enabled jaxlib is not installed. Falling back to cpu.
An NVIDIA GPU may be present on this machine, but a CUDA-enabled jaxlib is not installed. Falling back to cpu.
An NVIDIA GPU may be present on this machine, but a CUDA-enabled jaxlib is not installed. Falling back to cpu.
An NVIDIA GPU may be present on this machine, but a CUDA-enabled jaxlib is not installed. Falling back to cpu.
An NVIDIA GPU may be present on this machine, but a CUDA-enabled jaxlib is not installed. Falling back to cpu.
An NVIDIA GPU may be present on this machine, but a CUDA-enabled jaxlib is not installed. Falling back to cpu.
An NVIDIA GPU may be present on this machine, but a CUDA-enabled jaxlib is not installed. Falling back to cpu.
An NVIDIA GPU may be present on this machine, but a CUDA-enabled jaxlib is not installed. Falling back to cpu.
An NVIDIA GPU may be present on this machine, but a CUDA-enabled jaxlib is not installed. Falling back to cpu.
An NVIDIA GPU may be present on this machine, but a CUDA-enabled jaxlib is not installed. Falling back to cpu.
An NVIDIA GPU may be present on this machine, but a CUDA-enabled jaxlib is not installed. Falling back to cpu.
An NVIDIA GPU may be present on this machine, but a CUDA-enabled jaxlib is not installed. Falling back to cpu.
An NVIDIA GPU may be present on this machine, but a CUDA-enabled jaxlib is not installed. Falling back to cpu.
An NVIDIA GPU may be present on this machine, but a CUDA-enabled jaxlib is not installed. Falling back to cpu.
{
  "case": {
    "problem": "gl",
    "backend": "element",
    "level": 6,
    "out": "/home/michal/repos/fenics_nonlinear_energies/artifacts/reproduction/2026-03-15_refactor_stage2b_final/full/gl_final_suite/jax_petsc_local_sfd_l6_np32.json",
    "quiet": true,
    "save_history": true,
    "save_linear_timing": true,
    "steps": 1,
    "start_step": 1,
    "total_steps": 24,
    "ksp_type": "gmres",
    "pc_type": "hypre",
    "ksp_rtol": 0.001,
    "ksp_max_it": 200,
    "profile": "reference",
    "coloring_trials": 10,
    "nproc_threads": 1,
    "hvp_eval_mode": "sequential",
    "element_reorder_mode": "block_xyz",
    "local_hessian_mode": "sfd_local",
    "tolf": 1e-06,
    "tolg": 1e-05,
    "tolg_rel": 0.001,
    "tolx_rel": 0.001,
    "tolx_abs": 1e-10,
    "maxit": 100,
    "step_time_limit_s": null,
    "linesearch_a": -0.5,
    "linesearch_b": 2.0,
    "linesearch_tol": 0.001,
    "use_trust_region": false,
    "trust_radius_init": 1.0,
    "trust_radius_min": 1e-08,
    "trust_radius_max": 1000000.0,
    "trust_shrink": 0.5,
    "trust_expand": 1.5,
    "trust_eta_shrink": 0.05,
    "trust_eta_expand": 0.75,
    "trust_max_reject": 6,
    "trust_subproblem_line_search": false,
    "local_coloring": true,
    "retry_on_failure": false,
    "pc_setup_on_ksp_cap": false,
    "use_near_nullspace": true,
    "reorder": null,
    "gamg_threshold": 0.05,
    "gamg_agg_nsmooths": 1,
    "gamg_set_coordinates": true
  },
  "result": {
    "mesh_level": 6,
    "total_dofs": 16641,
    "free_dofs": 16129,
    "setup_time": 0.90696,
    "solve_time_total": 0.589924,
    "total_time": 1.547716,
    "steps": [
      {
        "step": 1,
        "time": 0.589924,
        "nit": 8,
        "linear_iters": 35,
        "energy": 0.34577661109023916,
        "message": "Converged (energy, step, gradient)",
        "attempt": "primary",
        "ksp_rtol_used": 0.001,
        "ksp_max_it_used": 200,
        "linesearch_interval_used": [
          -0.5,
          2.0
        ],
        "history": [
          {
            "it": 1,
            "energy": 0.5649603073355791,
            "dE": 0.10038138920766237,
            "grad_norm": 0.007407961475354023,
            "grad_target": 1e-05,
            "grad_norm_post": NaN,
            "alpha": -0.26602837293142245,
            "ksp_its": 10,
            "ls_evals": 19,
            "ls_repaired": false,
            "used_gradient_fallback": false,
            "accepted_step": true,
            "step_norm": 32.35642022987069,
            "step_rel": 0.5055690660917296,
            "pred_reduction": NaN,
            "actual_reduction": NaN,
            "trust_rejects": 0,
            "t_grad": 0.0005361461080610752,
            "t_hess": 0.22137893398758024,
            "t_ls": 0.014582084026187658,
            "t_update": 2.4939654394984245e-06,
            "t_iter": 0.23655596398748457,
            "trust_radius": 1.0,
            "trust_ratio": NaN,
            "trust_qp": NaN
          },
          {
            "it": 2,
            "energy": 0.5100949442187792,
            "dE": 0.0548653631167999,
            "grad_norm": 0.008265700991808232,
            "grad_target": 1e-05,
            "grad_norm_post": NaN,
            "alpha": 0.3292074259073209,
            "ksp_its": 6,
            "ls_evals": 19,
            "ls_repaired": false,
            "used_gradient_fallback": false,
            "accepted_step": true,
            "step_norm": 26.07671319690802,
            "step_rel": 0.3264734898404624,
            "pred_reduction": NaN,
            "actual_reduction": NaN,
            "trust_rejects": 0,
            "t_grad": 0.00043223996181041,
            "t_hess": 0.040362179977819324,
            "t_ls": 0.013116291956976056,
            "t_update": 2.3239990696310997e-06,
            "t_iter": 0.053984271944500506,
            "trust_radius": 1.0,
            "trust_ratio": NaN,
            "trust_qp": NaN
          },
          {
            "it": 3,
            "energy": 0.44814188156028895,
            "dE": 0.061953062658490266,
            "grad_norm": 0.00449159653664846,
            "grad_target": 1e-05,
            "grad_norm_post": NaN,
            "alpha": -0.2579969146180151,
            "ksp_its": 5,
            "ls_evals": 19,
            "ls_repaired": false,
            "used_gradient_fallback": false,
            "accepted_step": true,
            "step_norm": 31.937935316559674,
            "step_rel": 0.34093504934243096,
            "pred_reduction": NaN,
            "actual_reduction": NaN,
            "trust_rejects": 0,
            "t_grad": 0.0004327200585976243,
            "t_hess": 0.04423269594553858,
            "t_ls": 0.01481914205942303,
            "t_update": 1.5320256352424622e-06,
            "t_iter": 0.059559440007433295,
            "trust_radius": 1.0,
            "trust_ratio": NaN,
            "trust_qp": NaN
          },
          {
            "it": 4,
            "energy": 0.37952429773898416,
            "dE": 0.06861758382130478,
            "grad_norm": 0.0069525545817329375,
            "grad_target": 1e-05,
            "grad_norm_post": NaN,
            "alpha": 0.17662462009857738,
            "ksp_its": 5,
            "ls_evals": 19,
            "ls_repaired": false,
            "used_gradient_fallback": false,
            "accepted_step": true,
            "step_norm": 27.75513731822069,
            "step_rel": 0.2768086105844998,
            "pred_reduction": NaN,
            "actual_reduction": NaN,
            "trust_rejects": 0,
            "t_grad": 0.0005633569089695811,
            "t_hess": 0.05400776700116694,
            "t_ls": 0.013988213031552732,
            "t_update": 1.6029225662350655e-06,
            "t_iter": 0.06863690295722336,
            "trust_radius": 1.0,
            "trust_ratio": NaN,
            "trust_qp": NaN
          },
          {
            "it": 5,
            "energy": 0.35204218501001694,
            "dE": 0.027482112728967223,
            "grad_norm": 0.006305002395847297,
            "grad_target": 1e-05,
            "grad_norm_post": NaN,
            "alpha": 0.5432025480639572,
            "ksp_its": 3,
            "ls_evals": 19,
            "ls_repaired": false,
            "used_gradient_fallback": false,
            "accepted_step": true,
            "step_norm": 12.292178420242477,
            "step_rel": 0.11497885968187774,
            "pred_reduction": NaN,
            "actual_reduction": NaN,
            "trust_rejects": 0,
            "t_grad": 0.00038309593219310045,
            "t_hess": 0.03159496304579079,
            "t_ls": 0.013163652969524264,
            "t_update": 1.552049070596695e-06,
            "t_iter": 0.04519184702076018,
            "trust_radius": 1.0,
            "trust_ratio": NaN,
            "trust_qp": NaN
          },
          {
            "it": 6,
            "energy": 0.34582430479447857,
            "dE": 0.006217880215538374,
            "grad_norm": 0.0029030234077230704,
            "grad_target": 1e-05,
            "grad_norm_post": NaN,
            "alpha": 1.0472678574419236,
            "ksp_its": 2,
            "ls_evals": 19,
            "ls_repaired": false,
            "used_gradient_fallback": false,
            "accepted_step": true,
            "step_norm": 4.795424451602264,
            "step_rel": 0.04371710587414647,
            "pred_reduction": NaN,
            "actual_reduction": NaN,
            "trust_rejects": 0,
            "t_grad": 0.0004971470916643739,
            "t_hess": 0.028263545944355428,
            "t_ls": 0.013217965024523437,
            "t_update": 1.5220139175653458e-06,
            "t_iter": 0.042056394973769784,
            "trust_radius": 1.0,
            "trust_ratio": NaN,
            "trust_qp": NaN
          },
          {
            "it": 7,
            "energy": 0.34577661589146225,
            "dE": 4.768890301631856e-05,
            "grad_norm": 0.00021187873988630376,
            "grad_target": 1e-05,
            "grad_norm_post": NaN,
            "alpha": 1.0162116572904856,
            "ksp_its": 2,
            "ls_evals": 19,
            "ls_repaired": false,
            "used_gradient_fallback": false,
            "accepted_step": true,
            "step_norm": 0.496855521724513,
            "step_rel": 0.00452167597077847,
            "pred_reduction": NaN,
            "actual_reduction": NaN,
            "trust_rejects": 0,
            "t_grad": 0.00038062199018895626,
            "t_hess": 0.027291656006127596,
            "t_ls": 0.012940498068928719,
            "t_update": 1.4619436115026474e-06,
            "t_iter": 0.04066170996520668,
            "trust_radius": 1.0,
            "trust_ratio": NaN,
            "trust_qp": NaN
          },
          {
            "it": 8,
            "energy": 0.34577661109023916,
            "dE": 4.8012230857708005e-09,
            "grad_norm": 2.27832107686515e-06,
            "grad_target": 1e-05,
            "grad_norm_post": 7.140257796246504e-09,
            "alpha": 0.9999834732596391,
            "ksp_its": 2,
            "ls_evals": 19,
            "ls_repaired": false,
            "used_gradient_fallback": false,
            "accepted_step": true,
            "step_norm": 0.004842970762876018,
            "step_rel": 4.4192249877440747e-05,
            "pred_reduction": NaN,
            "actual_reduction": NaN,
            "trust_rejects": 0,
            "t_grad": 0.0005022539990022779,
            "t_hess": 0.02721676300279796,
            "t_ls": 0.013804596965201199,
            "t_update": 1.5330733731389046e-06,
            "t_iter": 0.041573038906790316,
            "trust_radius": 1.0,
            "trust_ratio": NaN,
            "trust_qp": NaN
          }
        ],
        "linear_timing": [
          {
            "assemble_total_time": 0.1691266359994188,
            "assemble_p2p_exchange": 0.00019129796419292688,
            "assemble_hvp_compute": 0.14642712101340294,
            "assemble_extraction": 4.6039000153541565e-05,
            "assemble_coo_assembly": 0.022432773956097662,
            "assemble_n_hvps": 8,
            "setop_time": 3.195018507540226e-06,
            "set_tolerances_time": 2.013053745031357e-06,
            "pc_setup_time": 0.027028460055589676,
            "solve_time": 0.025139892008155584,
            "linear_total_time": 0.22130019613541663,
            "ksp_its": 10,
            "ksp_reason_code": 2,
            "ksp_reason_name": "CONVERGED_RTOL",
            "ksp_residual_norm": 8.906403684964403,
            "rhs_norm": 0.007407961475354023
          },
          {
            "assemble_total_time": 0.0009246600093320012,
            "assemble_p2p_exchange": 0.0001519080251455307,
            "assemble_hvp_compute": 0.0003379880217835307,
            "assemble_extraction": 5.5183074437081814e-05,
            "assemble_coo_assembly": 0.0003605220699682832,
            "assemble_n_hvps": 8,
            "setop_time": 1.962995156645775e-06,
            "set_tolerances_time": 1.7830170691013336e-06,
            "pc_setup_time": 0.0234469179995358,
            "solve_time": 0.015895939082838595,
            "linear_total_time": 0.04027126310393214,
            "ksp_its": 6,
            "ksp_reason_code": 2,
            "ksp_reason_name": "CONVERGED_RTOL",
            "ksp_residual_norm": 0.6420129745311505,
            "rhs_norm": 0.008265700991808232
          },
          {
            "assemble_total_time": 0.0008888060692697763,
            "assemble_p2p_exchange": 0.000123156001791358,
            "assemble_hvp_compute": 0.0003447589697316289,
            "assemble_extraction": 3.6866054870188236e-05,
            "assemble_coo_assembly": 0.00037006603088229895,
            "assemble_n_hvps": 8,
            "setop_time": 1.4220131561160088e-06,
            "set_tolerances_time": 1.3209646567702293e-06,
            "pc_setup_time": 0.022893736022524536,
            "solve_time": 0.020361911971122026,
            "linear_total_time": 0.044147197040729225,
            "ksp_its": 5,
            "ksp_reason_code": 2,
            "ksp_reason_name": "CONVERGED_RTOL",
            "ksp_residual_norm": 0.5850737162827807,
            "rhs_norm": 0.00449159653664846
          },
          {
            "assemble_total_time": 0.0010642290581017733,
            "assemble_p2p_exchange": 0.00016682001296430826,
            "assemble_hvp_compute": 0.000318978913128376,
            "assemble_extraction": 3.648409619927406e-05,
            "assemble_coo_assembly": 0.000528152915649116,
            "assemble_n_hvps": 8,
            "setop_time": 1.501990482211113e-06,
            "set_tolerances_time": 1.2919772416353226e-06,
            "pc_setup_time": 0.0316765260649845,
            "solve_time": 0.02118078200146556,
            "linear_total_time": 0.05392433109227568,
            "ksp_its": 5,
            "ksp_reason_code": 2,
            "ksp_reason_name": "CONVERGED_RTOL",
            "ksp_residual_norm": 0.02366118042382272,
            "rhs_norm": 0.0069525545817329375
          },
          {
            "assemble_total_time": 0.0007172680925577879,
            "assemble_p2p_exchange": 0.0001446870155632496,
            "assemble_hvp_compute": 0.00032725196797400713,
            "assemble_extraction": 3.742694389075041e-05,
            "assemble_coo_assembly": 0.000194291933439672,
            "assemble_n_hvps": 8,
            "setop_time": 1.1320225894451141e-06,
            "set_tolerances_time": 1.2620585039258003e-06,
            "pc_setup_time": 0.02052190201357007,
            "solve_time": 0.010283044073730707,
            "linear_total_time": 0.031524608260951936,
            "ksp_its": 3,
            "ksp_reason_code": 2,
            "ksp_reason_name": "CONVERGED_RTOL",
            "ksp_residual_norm": 0.002928787913101623,
            "rhs_norm": 0.006305002395847297
          },
          {
            "assemble_total_time": 0.0008944440633058548,
            "assemble_p2p_exchange": 0.00015567394439131021,
            "assemble_hvp_compute": 0.00031700602266937494,
            "assemble_extraction": 3.583391662687063e-05,
            "assemble_coo_assembly": 0.00037290004547685385,
            "assemble_n_hvps": 8,
            "setop_time": 1.0220101103186607e-06,
            "set_tolerances_time": 1.3419194146990776e-06,
            "pc_setup_time": 0.02116006100550294,
            "solve_time": 0.0061217909678816795,
            "linear_total_time": 0.02817865996621549,
            "ksp_its": 2,
            "ksp_reason_code": 2,
            "ksp_reason_name": "CONVERGED_RTOL",
            "ksp_residual_norm": 0.002062185312415743,
            "rhs_norm": 0.0029030234077230704
          },
          {
            "assemble_total_time": 0.0007117899367585778,
            "assemble_p2p_exchange": 0.00013074791058897972,
            "assemble_hvp_compute": 0.000330716953612864,
            "assemble_extraction": 3.513297997415066e-05,
            "assemble_coo_assembly": 0.00020212295930832624,
            "assemble_n_hvps": 8,
            "setop_time": 1.101987436413765e-06,
            "set_tolerances_time": 1.201988197863102e-06,
            "pc_setup_time": 0.019880027044564486,
            "solve_time": 0.006645787041634321,
            "linear_total_time": 0.02723990799859166,
            "ksp_its": 2,
            "ksp_reason_code": 2,
            "ksp_reason_name": "CONVERGED_RTOL",
            "ksp_residual_norm": 0.00017077010978291428,
            "rhs_norm": 0.00021187873988630376
          },
          {
            "assemble_total_time": 0.0007954260800033808,
            "assemble_p2p_exchange": 0.00014424696564674377,
            "assemble_hvp_compute": 0.0003234859323129058,
            "assemble_extraction": 3.4491997212171555e-05,
            "assemble_coo_assembly": 0.00028027105145156384,
            "assemble_n_hvps": 8,
            "setop_time": 8.520437404513359e-07,
            "set_tolerances_time": 1.1310912668704987e-06,
            "pc_setup_time": 0.02079875802155584,
            "solve_time": 0.005562179954722524,
            "linear_total_time": 0.027158347191289067,
            "ksp_its": 2,
            "ksp_reason_code": 2,
            "ksp_reason_name": "CONVERGED_RTOL",
            "ksp_residual_norm": 1.980973133761107e-06,
            "rhs_norm": 2.27832107686515e-06
          }
        ]
      }
    ],
    "metadata": {
      "profile": "reference",
      "nprocs": 32,
      "nproc_threads": 1,
      "problem": {
        "name": "GinzburgLandau2D"
      },
      "linear_solver": {
        "ksp_type": "gmres",
        "pc_type": "hypre",
        "ksp_rtol": 0.001,
        "ksp_max_it": 200,
        "pc_setup_on_ksp_cap": false,
        "gamg_threshold": 0.05,
        "gamg_agg_nsmooths": 1,
        "gamg_set_coordinates": true,
        "reorder": true,
        "hvp_eval_mode": "sfd_local_batched",
        "assembly_mode": "element",
        "element_reorder_mode": "block_xyz",
        "local_hessian_mode": "sfd_local",
        "distribution_strategy": "overlap_allgather",
        "assembler": "GLReorderedElementAssembler",
        "trust_subproblem_solver": "direct_linear_solve",
        "trust_subproblem_line_search": false
      },
      "newton": {
        "tolf": 1e-06,
        "tolg": 1e-05,
        "tolg_rel": 0.001,
        "tolx_rel": 0.001,
        "tolx_abs": 1e-10,
        "maxit": 100,
        "require_all_convergence": true,
        "fail_on_nonfinite": true,
        "linesearch_interval": [
          -0.5,
          2.0
        ],
        "linesearch_tol": 0.001,
        "trust_region": false,
        "trust_radius_init": 1.0,
        "trust_radius_min": 1e-08,
        "trust_radius_max": 1000000.0,
        "trust_subproblem_line_search": false,
        "step_time_limit_s": null
      }
    }
  }
}
