An NVIDIA GPU may be present on this machine, but a CUDA-enabled jaxlib is not installed. Falling back to cpu.
An NVIDIA GPU may be present on this machine, but a CUDA-enabled jaxlib is not installed. Falling back to cpu.
An NVIDIA GPU may be present on this machine, but a CUDA-enabled jaxlib is not installed. Falling back to cpu.
An NVIDIA GPU may be present on this machine, but a CUDA-enabled jaxlib is not installed. Falling back to cpu.
An NVIDIA GPU may be present on this machine, but a CUDA-enabled jaxlib is not installed. Falling back to cpu.
An NVIDIA GPU may be present on this machine, but a CUDA-enabled jaxlib is not installed. Falling back to cpu.
An NVIDIA GPU may be present on this machine, but a CUDA-enabled jaxlib is not installed. Falling back to cpu.
An NVIDIA GPU may be present on this machine, but a CUDA-enabled jaxlib is not installed. Falling back to cpu.
{
  "case": {
    "problem": "gl",
    "backend": "element",
    "level": 6,
    "out": "/home/michal/repos/fenics_nonlinear_energies/artifacts/reproduction/2026-03-15_refactor_stage2b_final/full/gl_final_suite/jax_petsc_local_sfd_l6_np8.json",
    "quiet": true,
    "save_history": true,
    "save_linear_timing": true,
    "steps": 1,
    "start_step": 1,
    "total_steps": 24,
    "ksp_type": "gmres",
    "pc_type": "hypre",
    "ksp_rtol": 0.001,
    "ksp_max_it": 200,
    "profile": "reference",
    "coloring_trials": 10,
    "nproc_threads": 1,
    "hvp_eval_mode": "sequential",
    "element_reorder_mode": "block_xyz",
    "local_hessian_mode": "sfd_local",
    "tolf": 1e-06,
    "tolg": 1e-05,
    "tolg_rel": 0.001,
    "tolx_rel": 0.001,
    "tolx_abs": 1e-10,
    "maxit": 100,
    "step_time_limit_s": null,
    "linesearch_a": -0.5,
    "linesearch_b": 2.0,
    "linesearch_tol": 0.001,
    "use_trust_region": false,
    "trust_radius_init": 1.0,
    "trust_radius_min": 1e-08,
    "trust_radius_max": 1000000.0,
    "trust_shrink": 0.5,
    "trust_expand": 1.5,
    "trust_eta_shrink": 0.05,
    "trust_eta_expand": 0.75,
    "trust_max_reject": 6,
    "trust_subproblem_line_search": false,
    "local_coloring": true,
    "retry_on_failure": false,
    "pc_setup_on_ksp_cap": false,
    "use_near_nullspace": true,
    "reorder": null,
    "gamg_threshold": 0.05,
    "gamg_agg_nsmooths": 1,
    "gamg_set_coordinates": true
  },
  "result": {
    "mesh_level": 6,
    "total_dofs": 16641,
    "free_dofs": 16129,
    "setup_time": 0.868813,
    "solve_time_total": 0.383628,
    "total_time": 1.301508,
    "steps": [
      {
        "step": 1,
        "time": 0.383628,
        "nit": 9,
        "linear_iters": 42,
        "energy": 0.3457766110903111,
        "message": "Converged (energy, step, gradient)",
        "attempt": "primary",
        "ksp_rtol_used": 0.001,
        "ksp_max_it_used": 200,
        "linesearch_interval_used": [
          -0.5,
          2.0
        ],
        "history": [
          {
            "it": 1,
            "energy": 0.5666657295199413,
            "dE": 0.09867596702330017,
            "grad_norm": 0.007407961475354023,
            "grad_target": 1e-05,
            "grad_norm_post": NaN,
            "alpha": -0.23060640164572865,
            "ksp_its": 11,
            "ls_evals": 19,
            "ls_repaired": false,
            "used_gradient_fallback": false,
            "accepted_step": true,
            "step_norm": 30.930296641576234,
            "step_rel": 0.48328588502462866,
            "pred_reduction": NaN,
            "actual_reduction": NaN,
            "trust_rejects": 0,
            "t_grad": 0.00048464792780578136,
            "t_hess": 0.17742916103452444,
            "t_ls": 0.009373896988108754,
            "t_update": 3.0439114198088646e-06,
            "t_iter": 0.18733987491577864,
            "trust_radius": 1.0,
            "trust_ratio": NaN,
            "trust_qp": NaN
          },
          {
            "it": 2,
            "energy": 0.5281592338439638,
            "dE": 0.038506495675977526,
            "grad_norm": 0.008048528236521841,
            "grad_target": 1e-05,
            "grad_norm_post": NaN,
            "alpha": 0.24580098648433724,
            "ksp_its": 6,
            "ls_evals": 19,
            "ls_repaired": false,
            "used_gradient_fallback": false,
            "accepted_step": true,
            "step_norm": 26.03995498087944,
            "step_rel": 0.32406428496114564,
            "pred_reduction": NaN,
            "actual_reduction": NaN,
            "trust_rejects": 0,
            "t_grad": 0.00033666600938886404,
            "t_hess": 0.018389025004580617,
            "t_ls": 0.008900164975784719,
            "t_update": 3.5259872674942017e-06,
            "t_iter": 0.02767027309164405,
            "trust_radius": 1.0,
            "trust_ratio": NaN,
            "trust_qp": NaN
          },
          {
            "it": 3,
            "energy": 0.47048566259193747,
            "dE": 0.05767357125202632,
            "grad_norm": 0.005433519666412507,
            "grad_target": 1e-05,
            "grad_norm_post": NaN,
            "alpha": -0.49964995802247814,
            "ksp_its": 6,
            "ls_evals": 19,
            "ls_repaired": false,
            "used_gradient_fallback": false,
            "accepted_step": true,
            "step_norm": 32.4696186159648,
            "step_rel": 0.3578473642981473,
            "pred_reduction": NaN,
            "actual_reduction": NaN,
            "trust_rejects": 0,
            "t_grad": 0.0003083529882133007,
            "t_hess": 0.017224094015546143,
            "t_ls": 0.008817810914479196,
            "t_update": 2.65403650701046e-06,
            "t_iter": 0.026393093052320182,
            "trust_radius": 1.0,
            "trust_ratio": NaN,
            "trust_qp": NaN
          },
          {
            "it": 4,
            "energy": 0.4538272261711462,
            "dE": 0.01665843642079129,
            "grad_norm": 0.00830647186693421,
            "grad_target": 1e-05,
            "grad_norm_post": NaN,
            "alpha": 0.06356214843421293,
            "ksp_its": 6,
            "ls_evals": 19,
            "ls_repaired": false,
            "used_gradient_fallback": false,
            "accepted_step": true,
            "step_norm": 17.90104344192295,
            "step_rel": 0.18822610616890198,
            "pred_reduction": NaN,
            "actual_reduction": NaN,
            "trust_rejects": 0,
            "t_grad": 0.0003128709504380822,
            "t_hess": 0.017362521961331367,
            "t_ls": 0.00890127697493881,
            "t_update": 2.4440232664346695e-06,
            "t_iter": 0.026620044955052435,
            "trust_radius": 1.0,
            "trust_ratio": NaN,
            "trust_qp": NaN
          },
          {
            "it": 5,
            "energy": 0.39787865026640734,
            "dE": 0.05594857590473884,
            "grad_norm": 0.007965604078226898,
            "grad_target": 1e-05,
            "grad_norm_post": NaN,
            "alpha": 0.28305580135962194,
            "ksp_its": 4,
            "ls_evals": 19,
            "ls_repaired": false,
            "used_gradient_fallback": false,
            "accepted_step": true,
            "step_norm": 21.46100078534211,
            "step_rel": 0.21904192061119113,
            "pred_reduction": NaN,
            "actual_reduction": NaN,
            "trust_rejects": 0,
            "t_grad": 0.0003087640507146716,
            "t_hess": 0.015204789000563323,
            "t_ls": 0.008819994982331991,
            "t_update": 2.783956006169319e-06,
            "t_iter": 0.024377743946388364,
            "trust_radius": 1.0,
            "trust_ratio": NaN,
            "trust_qp": NaN
          },
          {
            "it": 6,
            "energy": 0.3530167506949901,
            "dE": 0.04486189957141723,
            "grad_norm": 0.006223552067620324,
            "grad_target": 1e-05,
            "grad_norm_post": NaN,
            "alpha": 0.8003836915442826,
            "ksp_its": 3,
            "ls_evals": 19,
            "ls_repaired": false,
            "used_gradient_fallback": false,
            "accepted_step": true,
            "step_norm": 19.185869883493595,
            "step_rel": 0.1827273424114439,
            "pred_reduction": NaN,
            "actual_reduction": NaN,
            "trust_rejects": 0,
            "t_grad": 0.0003168459516018629,
            "t_hess": 0.013663023011758924,
            "t_ls": 0.008804852026514709,
            "t_update": 2.6240013539791107e-06,
            "t_iter": 0.022827464970760047,
            "trust_radius": 1.0,
            "trust_ratio": NaN,
            "trust_qp": NaN
          },
          {
            "it": 7,
            "energy": 0.3460217966680017,
            "dE": 0.006994954026988409,
            "grad_norm": 0.0033797518690261924,
            "grad_target": 1e-05,
            "grad_norm_post": NaN,
            "alpha": 0.8887538451848556,
            "ksp_its": 2,
            "ls_evals": 19,
            "ls_repaired": false,
            "used_gradient_fallback": false,
            "accepted_step": true,
            "step_norm": 5.14524852465773,
            "step_rel": 0.04664274857837235,
            "pred_reduction": NaN,
            "actual_reduction": NaN,
            "trust_rejects": 0,
            "t_grad": 0.00031113799195736647,
            "t_hess": 0.013038794975727797,
            "t_ls": 0.008870900957845151,
            "t_update": 2.8139911592006683e-06,
            "t_iter": 0.02226370805874467,
            "trust_radius": 1.0,
            "trust_ratio": NaN,
            "trust_qp": NaN
          },
          {
            "it": 8,
            "energy": 0.345776718135099,
            "dE": 0.0002450785329026761,
            "grad_norm": 0.0005022680790642972,
            "grad_target": 1e-05,
            "grad_norm_post": NaN,
            "alpha": 1.0579975107039015,
            "ksp_its": 2,
            "ls_evals": 19,
            "ls_repaired": false,
            "used_gradient_fallback": false,
            "accepted_step": true,
            "step_norm": 1.1426517408189067,
            "step_rel": 0.010397423619659093,
            "pred_reduction": NaN,
            "actual_reduction": NaN,
            "trust_rejects": 0,
            "t_grad": 0.0003075520507991314,
            "t_hess": 0.013141980045475066,
            "t_ls": 0.009050650987774134,
            "t_update": 2.7939677238464355e-06,
            "t_iter": 0.022543518105521798,
            "trust_radius": 1.0,
            "trust_ratio": NaN,
            "trust_qp": NaN
          },
          {
            "it": 9,
            "energy": 0.3457766110903111,
            "dE": 1.0704478792256111e-07,
            "grad_norm": 1.300187885030491e-05,
            "grad_target": 1e-05,
            "grad_norm_post": 1.955571349115088e-08,
            "alpha": 0.9999834732596391,
            "ksp_its": 2,
            "ls_evals": 19,
            "ls_repaired": false,
            "used_gradient_fallback": false,
            "accepted_step": true,
            "step_norm": 0.021054431986298607,
            "step_rel": 0.0001921226313419978,
            "pred_reduction": NaN,
            "actual_reduction": NaN,
            "trust_rejects": 0,
            "t_grad": 0.0003088240046054125,
            "t_hess": 0.012901679030619562,
            "t_ls": 0.009003510000184178,
            "t_update": 2.8139911592006683e-06,
            "t_iter": 0.022256155963987112,
            "trust_radius": 1.0,
            "trust_ratio": NaN,
            "trust_qp": NaN
          }
        ],
        "linear_timing": [
          {
            "assemble_total_time": 0.15452565101440996,
            "assemble_p2p_exchange": 0.00012579886242747307,
            "assemble_hvp_compute": 0.14947909698821604,
            "assemble_extraction": 7.467204704880714e-05,
            "assemble_coo_assembly": 0.004814965999685228,
            "assemble_n_hvps": 8,
            "setop_time": 3.0939700081944466e-06,
            "set_tolerances_time": 1.9830185920000076e-06,
            "pc_setup_time": 0.010908263036981225,
            "solve_time": 0.011926544015295804,
            "linear_total_time": 0.17736553505528718,
            "ksp_its": 11,
            "ksp_reason_code": 2,
            "ksp_reason_name": "CONVERGED_RTOL",
            "ksp_residual_norm": 28.285978928858963,
            "rhs_norm": 0.007407961475354023
          },
          {
            "assemble_total_time": 0.0012024870375171304,
            "assemble_p2p_exchange": 8.370599243789911e-05,
            "assemble_hvp_compute": 0.000834294012747705,
            "assemble_extraction": 0.00011134694796055555,
            "assemble_coo_assembly": 0.00014975504018366337,
            "assemble_n_hvps": 8,
            "setop_time": 2.383952960371971e-06,
            "set_tolerances_time": 2.0030420273542404e-06,
            "pc_setup_time": 0.010293678962625563,
            "solve_time": 0.006835461943410337,
            "linear_total_time": 0.018336014938540757,
            "ksp_its": 6,
            "ksp_reason_code": 2,
            "ksp_reason_name": "CONVERGED_RTOL",
            "ksp_residual_norm": 2.5672775417179663,
            "rhs_norm": 0.008048528236521841
          },
          {
            "assemble_total_time": 0.00117498601321131,
            "assemble_p2p_exchange": 7.834809366613626e-05,
            "assemble_hvp_compute": 0.0008472839836031199,
            "assemble_extraction": 7.116701453924179e-05,
            "assemble_coo_assembly": 0.00015915895346552134,
            "assemble_n_hvps": 8,
            "setop_time": 1.701992005109787e-06,
            "set_tolerances_time": 1.6529811546206474e-06,
            "pc_setup_time": 0.009674638975411654,
            "solve_time": 0.006324685062281787,
            "linear_total_time": 0.01717766502406448,
            "ksp_its": 6,
            "ksp_reason_code": 2,
            "ksp_reason_name": "CONVERGED_RTOL",
            "ksp_residual_norm": 0.09819366584085942,
            "rhs_norm": 0.005433519666412507
          },
          {
            "assemble_total_time": 0.0011513709323480725,
            "assemble_p2p_exchange": 7.915799506008625e-05,
            "assemble_hvp_compute": 0.0008979990379884839,
            "assemble_extraction": 7.099600043147802e-05,
            "assemble_coo_assembly": 8.527794852852821e-05,
            "assemble_n_hvps": 8,
            "setop_time": 1.7919810488820076e-06,
            "set_tolerances_time": 1.8229475244879723e-06,
            "pc_setup_time": 0.009790764073841274,
            "solve_time": 0.006369863054715097,
            "linear_total_time": 0.017315612989477813,
            "ksp_its": 6,
            "ksp_reason_code": 2,
            "ksp_reason_name": "CONVERGED_RTOL",
            "ksp_residual_norm": 0.028614212518674173,
            "rhs_norm": 0.00830647186693421
          },
          {
            "assemble_total_time": 0.0011663730256259441,
            "assemble_p2p_exchange": 8.018000517040491e-05,
            "assemble_hvp_compute": 0.0008365670219063759,
            "assemble_extraction": 7.656507659703493e-05,
            "assemble_coo_assembly": 0.0001532599562779069,
            "assemble_n_hvps": 8,
            "setop_time": 1.9220169633626938e-06,
            "set_tolerances_time": 2.0330771803855896e-06,
            "pc_setup_time": 0.009528940077871084,
            "solve_time": 0.004457517992705107,
            "linear_total_time": 0.015156786190345883,
            "ksp_its": 4,
            "ksp_reason_code": 2,
            "ksp_reason_name": "CONVERGED_RTOL",
            "ksp_residual_norm": 0.01482642707847355,
            "rhs_norm": 0.007965604078226898
          },
          {
            "assemble_total_time": 0.0011374099412932992,
            "assemble_p2p_exchange": 7.937895134091377e-05,
            "assemble_hvp_compute": 0.0008180089062079787,
            "assemble_extraction": 7.798697333782911e-05,
            "assemble_coo_assembly": 0.000143775949254632,
            "assemble_n_hvps": 8,
            "setop_time": 1.8829014152288437e-06,
            "set_tolerances_time": 1.751934178173542e-06,
            "pc_setup_time": 0.008928557974286377,
            "solve_time": 0.0035474009346216917,
            "linear_total_time": 0.01361700368579477,
            "ksp_its": 3,
            "ksp_reason_code": 2,
            "ksp_reason_name": "CONVERGED_RTOL",
            "ksp_residual_norm": 0.0008598015869748152,
            "rhs_norm": 0.006223552067620324
          },
          {
            "assemble_total_time": 0.0011113800574094057,
            "assemble_p2p_exchange": 7.8907934948802e-05,
            "assemble_hvp_compute": 0.0008548250189051032,
            "assemble_extraction": 7.48330494388938e-05,
            "assemble_coo_assembly": 8.367595728486776e-05,
            "assemble_n_hvps": 8,
            "setop_time": 1.7529819160699844e-06,
            "set_tolerances_time": 1.8730061128735542e-06,
            "pc_setup_time": 0.009191393037326634,
            "solve_time": 0.002685295999981463,
            "linear_total_time": 0.012991695082746446,
            "ksp_its": 2,
            "ksp_reason_code": 2,
            "ksp_reason_name": "CONVERGED_RTOL",
            "ksp_residual_norm": 0.0022389945722857073,
            "rhs_norm": 0.0033797518690261924
          },
          {
            "assemble_total_time": 0.0011455309577286243,
            "assemble_p2p_exchange": 8.0520985648036e-05,
            "assemble_hvp_compute": 0.000829205964691937,
            "assemble_extraction": 7.474294397979975e-05,
            "assemble_coo_assembly": 0.00014245405327528715,
            "assemble_n_hvps": 8,
            "setop_time": 2.183951437473297e-06,
            "set_tolerances_time": 1.8229475244879723e-06,
            "pc_setup_time": 0.009280446101911366,
            "solve_time": 0.0026645439211279154,
            "linear_total_time": 0.013094527879729867,
            "ksp_its": 2,
            "ksp_reason_code": 2,
            "ksp_reason_name": "CONVERGED_RTOL",
            "ksp_residual_norm": 0.00014003501781846008,
            "rhs_norm": 0.0005022680790642972
          },
          {
            "assemble_total_time": 0.0011349159758538008,
            "assemble_p2p_exchange": 8.758099284023046e-05,
            "assemble_hvp_compute": 0.000745649915188551,
            "assemble_extraction": 8.563895244151354e-05,
            "assemble_coo_assembly": 0.0001964059192687273,
            "assemble_n_hvps": 8,
            "setop_time": 1.8130522221326828e-06,
            "set_tolerances_time": 1.4919787645339966e-06,
            "pc_setup_time": 0.009065925027243793,
            "solve_time": 0.002651143935509026,
            "linear_total_time": 0.012855289969593287,
            "ksp_its": 2,
            "ksp_reason_code": 2,
            "ksp_reason_name": "CONVERGED_RTOL",
            "ksp_residual_norm": 2.9929127005413897e-06,
            "rhs_norm": 1.300187885030491e-05
          }
        ]
      }
    ],
    "metadata": {
      "profile": "reference",
      "nprocs": 8,
      "nproc_threads": 1,
      "problem": {
        "name": "GinzburgLandau2D"
      },
      "linear_solver": {
        "ksp_type": "gmres",
        "pc_type": "hypre",
        "ksp_rtol": 0.001,
        "ksp_max_it": 200,
        "pc_setup_on_ksp_cap": false,
        "gamg_threshold": 0.05,
        "gamg_agg_nsmooths": 1,
        "gamg_set_coordinates": true,
        "reorder": true,
        "hvp_eval_mode": "sfd_local_batched",
        "assembly_mode": "element",
        "element_reorder_mode": "block_xyz",
        "local_hessian_mode": "sfd_local",
        "distribution_strategy": "overlap_allgather",
        "assembler": "GLReorderedElementAssembler",
        "trust_subproblem_solver": "direct_linear_solve",
        "trust_subproblem_line_search": false
      },
      "newton": {
        "tolf": 1e-06,
        "tolg": 1e-05,
        "tolg_rel": 0.001,
        "tolx_rel": 0.001,
        "tolx_abs": 1e-10,
        "maxit": 100,
        "require_all_convergence": true,
        "fail_on_nonfinite": true,
        "linesearch_interval": [
          -0.5,
          2.0
        ],
        "linesearch_tol": 0.001,
        "trust_region": false,
        "trust_radius_init": 1.0,
        "trust_radius_min": 1e-08,
        "trust_radius_max": 1000000.0,
        "trust_subproblem_line_search": false,
        "step_time_limit_s": null
      }
    }
  }
}
