Creating matrix...
Building nullspace...
Setting near nullspace...
Creating KSP...
--- Step 1/1, Angle: 1.0472 ---
Assembling Hessian...
Setting operators...
Solving KSP...
KSP solved.
it=1, J=34.39873, dJ=2.15756e+01, ||g||=3.09048e+03, alpha=3.28940e-01, ksp_its=11, ls_evals=17
Assembling Hessian...
Setting operators...
Solving KSP...
KSP solved.
it=2, J=5.70912, dJ=2.86896e+01, ||g||=2.47208e+03, alpha=9.66662e-01, ksp_its=8, ls_evals=17
Assembling Hessian...
Setting operators...
Solving KSP...
KSP solved.
it=3, J=2.13269, dJ=3.57644e+00, ||g||=9.13449e+02, alpha=1.02484e+00, ksp_its=17, ls_evals=17
Assembling Hessian...
Setting operators...
Solving KSP...
KSP solved.
it=4, J=0.99465, dJ=1.13804e+00, ||g||=4.44486e+02, alpha=1.20185e+00, ksp_its=37, ls_evals=17
Assembling Hessian...
Setting operators...
Solving KSP...
KSP solved.
it=5, J=0.73042, dJ=2.64229e-01, ||g||=1.79218e+02, alpha=2.67528e-01, ksp_its=25, ls_evals=17
Assembling Hessian...
Setting operators...
Solving KSP...
KSP solved.
it=6, J=0.46079, dJ=2.69625e-01, ||g||=1.88148e+02, alpha=1.45746e+00, ksp_its=21, ls_evals=17
Assembling Hessian...
Setting operators...
Solving KSP...
KSP solved.
it=7, J=0.45774, dJ=3.05935e-03, ||g||=9.78032e+01, alpha=7.38591e-02, ksp_its=275, ls_evals=17
Assembling Hessian...
Setting operators...
Solving KSP...
KSP solved.
it=8, J=0.41620, dJ=4.15314e-02, ||g||=8.89147e+01, alpha=2.36204e-01, ksp_its=86, ls_evals=17
Assembling Hessian...
Setting operators...
Solving KSP...
KSP solved.
it=9, J=0.37665, dJ=3.95518e-02, ||g||=8.67865e+01, alpha=3.12279e-01, ksp_its=46, ls_evals=17
Assembling Hessian...
Setting operators...
Solving KSP...
KSP solved.
it=10, J=0.32034, dJ=5.63090e-02, ||g||=9.01952e+01, alpha=9.70060e-01, ksp_its=28, ls_evals=17
Assembling Hessian...
Setting operators...
Solving KSP...
KSP solved.
it=11, J=0.30654, dJ=1.38038e-02, ||g||=9.74545e+01, alpha=4.68528e-01, ksp_its=40, ls_evals=17
Assembling Hessian...
Setting operators...
Solving KSP...
KSP solved.
it=12, J=0.30640, dJ=1.37724e-04, ||g||=1.19589e+02, alpha=5.46653e-02, ksp_its=35, ls_evals=17
Assembling Hessian...
Setting operators...
Solving KSP...
KSP solved.
it=13, J=0.30640, dJ=5.79578e-06, ||g||=1.24140e+02, alpha=-1.06801e-02, ksp_its=36, ls_evals=17
Assembling Hessian...
Setting operators...
Solving KSP...
KSP solved.
it=14, J=0.30640, dJ=2.10593e-07, ||g||=1.23177e+02, alpha=2.14983e-03, ksp_its=36, ls_evals=17
Assembling Hessian...
Setting operators...
Solving KSP...
KSP solved.
it=15, J=0.30640, dJ=1.22400e-08, ||g||=1.23368e+02, alpha=-3.83095e-04, ksp_its=36, ls_evals=17
Assembling Hessian...
Setting operators...
Solving KSP...
KSP solved.
it=16, J=0.30640, dJ=-3.88395e-10, ||g||=1.23334e+02, alpha=4.95802e-05, ksp_its=36, ls_evals=17
Assembling Hessian...
Setting operators...
Solving KSP...
KSP solved.
it=17, J=0.30640, dJ=-6.79019e-10, ||g||=1.23338e+02, alpha=4.95802e-05, ksp_its=36, ls_evals=17
Assembling Hessian...
Setting operators...
Solving KSP...
KSP solved.
it=18, J=0.30640, dJ=-6.25036e-10, ||g||=1.23342e+02, alpha=-3.83095e-04, ksp_its=36, ls_evals=17
Assembling Hessian...
Setting operators...
Solving KSP...
KSP solved.
it=19, J=0.30640, dJ=4.00942e-09, ||g||=1.23308e+02, alpha=3.16988e-04, ksp_its=36, ls_evals=17
Assembling Hessian...
Setting operators...
Solving KSP...
KSP solved.
it=20, J=0.30640, dJ=-5.81530e-10, ||g||=1.23337e+02, alpha=4.95802e-05, ksp_its=36, ls_evals=17
Assembling Hessian...
Setting operators...
Solving KSP...
KSP solved.
it=21, J=0.30640, dJ=-8.72170e-10, ||g||=1.23341e+02, alpha=4.95802e-05, ksp_its=36, ls_evals=17
Assembling Hessian...
Setting operators...
Solving KSP...
KSP solved.
it=22, J=0.30640, dJ=8.67283e-10, ||g||=1.23345e+02, alpha=-3.83095e-04, ksp_its=36, ls_evals=17
Assembling Hessian...
Setting operators...
Solving KSP...
KSP solved.
it=23, J=0.30640, dJ=2.77489e-09, ||g||=1.23311e+02, alpha=3.16988e-04, ksp_its=36, ls_evals=17
Assembling Hessian...
Setting operators...
Solving KSP...
KSP solved.
it=24, J=0.30640, dJ=-7.74673e-10, ||g||=1.23339e+02, alpha=4.95802e-05, ksp_its=36, ls_evals=17
Assembling Hessian...
Setting operators...
Solving KSP...
KSP solved.
it=25, J=0.30640, dJ=1.13997e-10, ||g||=1.23344e+02, alpha=-3.83095e-04, ksp_its=36, ls_evals=17
Assembling Hessian...
Setting operators...
Solving KSP...
KSP solved.
it=26, J=0.30640, dJ=3.39805e-09, ||g||=1.23310e+02, alpha=3.16988e-04, ksp_its=36, ls_evals=17
Assembling Hessian...
Setting operators...
Solving KSP...
KSP solved.
it=27, J=0.30640, dJ=-6.77179e-10, ||g||=1.23338e+02, alpha=4.95802e-05, ksp_its=36, ls_evals=17
Assembling Hessian...
Setting operators...
Solving KSP...
KSP solved.
it=28, J=0.30640, dJ=-6.39269e-10, ||g||=1.23342e+02, alpha=-3.83095e-04, ksp_its=36, ls_evals=17
Assembling Hessian...
Setting operators...
Solving KSP...
KSP solved.
it=29, J=0.30640, dJ=4.02119e-09, ||g||=1.23308e+02, alpha=3.16988e-04, ksp_its=36, ls_evals=17
Assembling Hessian...
Setting operators...
Solving KSP...
KSP solved.
it=30, J=0.30640, dJ=-5.79682e-10, ||g||=1.23336e+02, alpha=4.95802e-05, ksp_its=36, ls_evals=17
Assembling Hessian...
Setting operators...
Solving KSP...
KSP solved.
it=31, J=0.30640, dJ=-8.70330e-10, ||g||=1.23341e+02, alpha=4.95802e-05, ksp_its=36, ls_evals=17
Assembling Hessian...
Setting operators...
Solving KSP...
KSP solved.
it=32, J=0.30640, dJ=8.53045e-10, ||g||=1.23345e+02, alpha=-3.83095e-04, ksp_its=36, ls_evals=17
Assembling Hessian...
Setting operators...
Solving KSP...
KSP solved.
it=33, J=0.30640, dJ=2.78668e-09, ||g||=1.23311e+02, alpha=3.16988e-04, ksp_its=36, ls_evals=17
Assembling Hessian...
Setting operators...
Solving KSP...
KSP solved.
it=34, J=0.30640, dJ=-7.72832e-10, ||g||=1.23339e+02, alpha=4.95802e-05, ksp_its=36, ls_evals=17
Assembling Hessian...
Setting operators...
Solving KSP...
KSP solved.
it=35, J=0.30640, dJ=9.97512e-11, ||g||=1.23344e+02, alpha=-3.83095e-04, ksp_its=36, ls_evals=17
Assembling Hessian...
Setting operators...
Solving KSP...
KSP solved.
it=36, J=0.30640, dJ=3.40983e-09, ||g||=1.23310e+02, alpha=3.16988e-04, ksp_its=36, ls_evals=17
Assembling Hessian...
Setting operators...
Solving KSP...
KSP solved.
it=37, J=0.30640, dJ=-6.75332e-10, ||g||=1.23338e+02, alpha=4.95802e-05, ksp_its=36, ls_evals=17
Assembling Hessian...
Setting operators...
Solving KSP...
KSP solved.
it=38, J=0.30640, dJ=-6.53522e-10, ||g||=1.23342e+02, alpha=-3.83095e-04, ksp_its=36, ls_evals=17
Assembling Hessian...
Setting operators...
Solving KSP...
KSP solved.
it=39, J=0.30640, dJ=4.03298e-09, ||g||=1.23308e+02, alpha=3.16988e-04, ksp_its=36, ls_evals=17
Assembling Hessian...
Setting operators...
Solving KSP...
KSP solved.
it=40, J=0.30640, dJ=-5.77839e-10, ||g||=1.23336e+02, alpha=4.95802e-05, ksp_its=36, ls_evals=17
Assembling Hessian...
Setting operators...
Solving KSP...
KSP solved.
it=41, J=0.30640, dJ=-8.68489e-10, ||g||=1.23341e+02, alpha=4.95802e-05, ksp_its=36, ls_evals=17
Assembling Hessian...
Setting operators...
Solving KSP...
KSP solved.
it=42, J=0.30640, dJ=8.38799e-10, ||g||=1.23345e+02, alpha=-3.83095e-04, ksp_its=36, ls_evals=17
Assembling Hessian...
Setting operators...
Solving KSP...
KSP solved.
it=43, J=0.30640, dJ=2.79846e-09, ||g||=1.23311e+02, alpha=3.16988e-04, ksp_its=36, ls_evals=17
Assembling Hessian...
Setting operators...
Solving KSP...
KSP solved.
it=44, J=0.30640, dJ=-7.70988e-10, ||g||=1.23339e+02, alpha=4.95802e-05, ksp_its=36, ls_evals=17
Assembling Hessian...
Setting operators...
Solving KSP...
KSP solved.
it=45, J=0.30640, dJ=8.55125e-11, ||g||=1.23344e+02, alpha=-3.83095e-04, ksp_its=36, ls_evals=17
Assembling Hessian...
Setting operators...
Solving KSP...
KSP solved.
it=46, J=0.30640, dJ=3.42162e-09, ||g||=1.23310e+02, alpha=3.16988e-04, ksp_its=36, ls_evals=17
Assembling Hessian...
Setting operators...
Solving KSP...
KSP solved.
it=47, J=0.30640, dJ=-6.73493e-10, ||g||=1.23338e+02, alpha=4.95802e-05, ksp_its=36, ls_evals=17
Assembling Hessian...
Setting operators...
Solving KSP...
KSP solved.
it=48, J=0.30640, dJ=-6.67763e-10, ||g||=1.23342e+02, alpha=-3.83095e-04, ksp_its=36, ls_evals=17
Assembling Hessian...
Setting operators...
Solving KSP...
KSP solved.
it=49, J=0.30640, dJ=4.04476e-09, ||g||=1.23308e+02, alpha=3.16988e-04, ksp_its=36, ls_evals=17
Assembling Hessian...
Setting operators...
Solving KSP...
KSP solved.
it=50, J=0.30640, dJ=-5.75998e-10, ||g||=1.23336e+02, alpha=4.95802e-05, ksp_its=36, ls_evals=17
Assembling Hessian...
Setting operators...
Solving KSP...
KSP solved.
it=51, J=0.30640, dJ=-8.66641e-10, ||g||=1.23341e+02, alpha=4.95802e-05, ksp_its=36, ls_evals=17
Assembling Hessian...
Setting operators...
Solving KSP...
KSP solved.
it=52, J=0.30640, dJ=8.24551e-10, ||g||=1.23345e+02, alpha=-3.83095e-04, ksp_its=36, ls_evals=17
Assembling Hessian...
Setting operators...
Solving KSP...
KSP solved.
it=53, J=0.30640, dJ=2.81025e-09, ||g||=1.23311e+02, alpha=3.16988e-04, ksp_its=36, ls_evals=17
Assembling Hessian...
Setting operators...
Solving KSP...
KSP solved.
it=54, J=0.30640, dJ=-7.69142e-10, ||g||=1.23339e+02, alpha=4.95802e-05, ksp_its=36, ls_evals=17
Assembling Hessian...
Setting operators...
Solving KSP...
KSP solved.
it=55, J=0.30640, dJ=7.12637e-11, ||g||=1.23344e+02, alpha=-3.83095e-04, ksp_its=36, ls_evals=17
Assembling Hessian...
Setting operators...
Solving KSP...
KSP solved.
it=56, J=0.30640, dJ=3.43340e-09, ||g||=1.23310e+02, alpha=3.16988e-04, ksp_its=36, ls_evals=17
Assembling Hessian...
Setting operators...
Solving KSP...
KSP solved.
it=57, J=0.30640, dJ=-6.71645e-10, ||g||=1.23338e+02, alpha=4.95802e-05, ksp_its=36, ls_evals=17
Assembling Hessian...
Setting operators...
Solving KSP...
KSP solved.
it=58, J=0.30640, dJ=-6.82003e-10, ||g||=1.23342e+02, alpha=-3.83095e-04, ksp_its=36, ls_evals=17
Assembling Hessian...
Setting operators...
Solving KSP...
KSP solved.
it=59, J=0.30640, dJ=4.05654e-09, ||g||=1.23308e+02, alpha=3.16988e-04, ksp_its=36, ls_evals=17
Assembling Hessian...
Setting operators...
Solving KSP...
KSP solved.
it=60, J=0.30640, dJ=-5.74155e-10, ||g||=1.23336e+02, alpha=4.95802e-05, ksp_its=36, ls_evals=17
Assembling Hessian...
Setting operators...
Solving KSP...
KSP solved.
it=61, J=0.30640, dJ=-8.64795e-10, ||g||=1.23341e+02, alpha=4.95802e-05, ksp_its=36, ls_evals=17
Assembling Hessian...
Setting operators...
Solving KSP...
KSP solved.
it=62, J=0.30640, dJ=8.10311e-10, ||g||=1.23345e+02, alpha=-3.83095e-04, ksp_its=36, ls_evals=17
Assembling Hessian...
Setting operators...
Solving KSP...
KSP solved.
it=63, J=0.30640, dJ=2.82203e-09, ||g||=1.23311e+02, alpha=3.16988e-04, ksp_its=36, ls_evals=17
Assembling Hessian...
Setting operators...
Solving KSP...
KSP solved.
it=64, J=0.30640, dJ=-7.67304e-10, ||g||=1.23339e+02, alpha=4.95802e-05, ksp_its=36, ls_evals=17
Assembling Hessian...
Setting operators...
Solving KSP...
KSP solved.
it=65, J=0.30640, dJ=5.70278e-11, ||g||=1.23344e+02, alpha=-3.83095e-04, ksp_its=36, ls_evals=17
Assembling Hessian...
Setting operators...
Solving KSP...
KSP solved.
it=66, J=0.30640, dJ=3.44518e-09, ||g||=1.23310e+02, alpha=3.16988e-04, ksp_its=36, ls_evals=17
Assembling Hessian...
Setting operators...
Solving KSP...
KSP solved.
it=67, J=0.30640, dJ=-6.69804e-10, ||g||=1.23338e+02, alpha=4.95802e-05, ksp_its=36, ls_evals=17
Assembling Hessian...
Setting operators...
Solving KSP...
KSP solved.
it=68, J=0.30640, dJ=-6.96246e-10, ||g||=1.23342e+02, alpha=-3.83095e-04, ksp_its=36, ls_evals=17
Assembling Hessian...
Setting operators...
Solving KSP...
KSP solved.
it=69, J=0.30640, dJ=4.06832e-09, ||g||=1.23308e+02, alpha=3.16988e-04, ksp_its=36, ls_evals=17
Assembling Hessian...
Setting operators...
Solving KSP...
KSP solved.
it=70, J=0.30640, dJ=-5.72309e-10, ||g||=1.23336e+02, alpha=4.95802e-05, ksp_its=36, ls_evals=17
Assembling Hessian...
Setting operators...
Solving KSP...
KSP solved.
it=71, J=0.30640, dJ=-8.62951e-10, ||g||=1.23341e+02, alpha=4.95802e-05, ksp_its=36, ls_evals=17
Assembling Hessian...
Setting operators...
Solving KSP...
KSP solved.
it=72, J=0.30640, dJ=7.96068e-10, ||g||=1.23345e+02, alpha=-3.83095e-04, ksp_its=36, ls_evals=17
Assembling Hessian...
Setting operators...
Solving KSP...
KSP solved.
it=73, J=0.30640, dJ=2.83381e-09, ||g||=1.23311e+02, alpha=3.16988e-04, ksp_its=36, ls_evals=17
Assembling Hessian...
Setting operators...
Solving KSP...
KSP solved.
it=74, J=0.30640, dJ=-7.65458e-10, ||g||=1.23339e+02, alpha=4.95802e-05, ksp_its=36, ls_evals=17
Assembling Hessian...
Setting operators...
Solving KSP...
KSP solved.
it=75, J=0.30640, dJ=4.27849e-11, ||g||=1.23344e+02, alpha=-3.83095e-04, ksp_its=36, ls_evals=17
Assembling Hessian...
Setting operators...
Solving KSP...
KSP solved.
it=76, J=0.30640, dJ=3.45696e-09, ||g||=1.23310e+02, alpha=3.16988e-04, ksp_its=36, ls_evals=17
Assembling Hessian...
Setting operators...
Solving KSP...
KSP solved.
it=77, J=0.30640, dJ=-6.67957e-10, ||g||=1.23338e+02, alpha=4.95802e-05, ksp_its=36, ls_evals=17
Assembling Hessian...
Setting operators...
Solving KSP...
KSP solved.
it=78, J=0.30640, dJ=-7.10485e-10, ||g||=1.23342e+02, alpha=-3.83095e-04, ksp_its=36, ls_evals=17
Assembling Hessian...
Setting operators...
Solving KSP...
KSP solved.
it=79, J=0.30640, dJ=4.08010e-09, ||g||=1.23308e+02, alpha=3.16988e-04, ksp_its=36, ls_evals=17
Assembling Hessian...
Setting operators...
Solving KSP...
KSP solved.
it=80, J=0.30640, dJ=-5.70470e-10, ||g||=1.23336e+02, alpha=4.95802e-05, ksp_its=36, ls_evals=17
Assembling Hessian...
Setting operators...
Solving KSP...
KSP solved.
it=81, J=0.30640, dJ=-8.61103e-10, ||g||=1.23341e+02, alpha=4.95802e-05, ksp_its=36, ls_evals=17
Assembling Hessian...
Setting operators...
Solving KSP...
KSP solved.
it=82, J=0.30640, dJ=7.81827e-10, ||g||=1.23345e+02, alpha=-3.83095e-04, ksp_its=36, ls_evals=17
Assembling Hessian...
Setting operators...
Solving KSP...
KSP solved.
it=83, J=0.30640, dJ=2.84559e-09, ||g||=1.23311e+02, alpha=3.16988e-04, ksp_its=36, ls_evals=17
Assembling Hessian...
Setting operators...
Solving KSP...
KSP solved.
it=84, J=0.30640, dJ=-7.63614e-10, ||g||=1.23339e+02, alpha=4.95802e-05, ksp_its=36, ls_evals=17
Assembling Hessian...
Setting operators...
Solving KSP...
KSP solved.
it=85, J=0.30640, dJ=2.85368e-11, ||g||=1.23344e+02, alpha=-3.83095e-04, ksp_its=36, ls_evals=17
Assembling Hessian...
Setting operators...
Solving KSP...
KSP solved.
it=86, J=0.30640, dJ=3.46874e-09, ||g||=1.23310e+02, alpha=3.16988e-04, ksp_its=36, ls_evals=17
Assembling Hessian...
Setting operators...
Solving KSP...
KSP solved.
it=87, J=0.30640, dJ=-6.66118e-10, ||g||=1.23338e+02, alpha=4.95802e-05, ksp_its=36, ls_evals=17
Assembling Hessian...
Setting operators...
Solving KSP...
KSP solved.
it=88, J=0.30640, dJ=-7.24727e-10, ||g||=1.23342e+02, alpha=-3.83095e-04, ksp_its=36, ls_evals=17
Assembling Hessian...
Setting operators...
Solving KSP...
KSP solved.
it=89, J=0.30640, dJ=4.09188e-09, ||g||=1.23308e+02, alpha=3.16988e-04, ksp_its=36, ls_evals=17
Assembling Hessian...
Setting operators...
Solving KSP...
KSP solved.
it=90, J=0.30640, dJ=-5.68627e-10, ||g||=1.23336e+02, alpha=4.95802e-05, ksp_its=36, ls_evals=17
Assembling Hessian...
Setting operators...
Solving KSP...
KSP solved.
it=91, J=0.30640, dJ=-8.59268e-10, ||g||=1.23341e+02, alpha=4.95802e-05, ksp_its=36, ls_evals=17
Assembling Hessian...
Setting operators...
Solving KSP...
KSP solved.
it=92, J=0.30640, dJ=7.67587e-10, ||g||=1.23345e+02, alpha=-3.83095e-04, ksp_its=36, ls_evals=17
Assembling Hessian...
Setting operators...
Solving KSP...
KSP solved.
it=93, J=0.30640, dJ=2.85737e-09, ||g||=1.23311e+02, alpha=3.16988e-04, ksp_its=36, ls_evals=17
Assembling Hessian...
Setting operators...
Solving KSP...
KSP solved.
it=94, J=0.30640, dJ=-7.61770e-10, ||g||=1.23339e+02, alpha=4.95802e-05, ksp_its=36, ls_evals=17
Assembling Hessian...
Setting operators...
Solving KSP...
KSP solved.
it=95, J=0.30640, dJ=1.42976e-11, ||g||=1.23344e+02, alpha=-3.83095e-04, ksp_its=36, ls_evals=17
Assembling Hessian...
Setting operators...
Solving KSP...
KSP solved.
it=96, J=0.30640, dJ=3.48053e-09, ||g||=1.23310e+02, alpha=3.16988e-04, ksp_its=36, ls_evals=17
Assembling Hessian...
Setting operators...
Solving KSP...
KSP solved.
it=97, J=0.30640, dJ=-6.64276e-10, ||g||=1.23338e+02, alpha=4.95802e-05, ksp_its=36, ls_evals=17
Assembling Hessian...
Setting operators...
Solving KSP...
KSP solved.
it=98, J=0.30640, dJ=-7.38971e-10, ||g||=1.23342e+02, alpha=-3.83095e-04, ksp_its=36, ls_evals=17
Assembling Hessian...
Setting operators...
Solving KSP...
KSP solved.
it=99, J=0.30640, dJ=4.10366e-09, ||g||=1.23308e+02, alpha=3.16988e-04, ksp_its=36, ls_evals=17
Assembling Hessian...
Setting operators...
Solving KSP...
KSP solved.
it=100, J=0.30640, dJ=-5.66782e-10, ||g||=1.23336e+02, alpha=4.95802e-05, ksp_its=36, ls_evals=17
Step 1: primary failed with max Newton iterations, retrying with tighter linear solve / safer line-search.
Assembling Hessian...
Setting operators...
Solving KSP...
KSP solved.
it=1, J=34.43797, dJ=2.15363e+01, ||g||=3.09048e+03, alpha=3.28464e-01, ksp_its=21, ls_evals=16
Assembling Hessian...
Setting operators...
Solving KSP...
KSP solved.
it=2, J=5.71404, dJ=2.87239e+01, ||g||=2.47381e+03, alpha=9.66631e-01, ksp_its=11, ls_evals=16
Assembling Hessian...
Setting operators...
Solving KSP...
KSP solved.
it=3, J=2.13293, dJ=3.58111e+00, ||g||=9.14911e+02, alpha=9.99660e-01, ksp_its=28, ls_evals=16
Assembling Hessian...
Setting operators...
Solving KSP...
KSP solved.
it=4, J=1.02339, dJ=1.10953e+00, ||g||=4.31856e+02, alpha=9.99660e-01, ksp_its=47, ls_evals=16
Assembling Hessian...
Setting operators...
Solving KSP...
KSP solved.
it=5, J=0.74662, dJ=2.76772e-01, ||g||=1.32986e+02, alpha=5.59087e-01, ksp_its=35, ls_evals=16
Assembling Hessian...
Setting operators...
Solving KSP...
KSP solved.
it=6, J=0.50669, dJ=2.39936e-01, ||g||=1.74589e+02, alpha=9.99660e-01, ksp_its=35, ls_evals=16
Assembling Hessian...
Setting operators...
Solving KSP...
KSP solved.
it=7, J=0.42337, dJ=8.33186e-02, ||g||=5.59948e+01, alpha=5.92796e-01, ksp_its=71, ls_evals=16
Assembling Hessian...
Setting operators...
Solving KSP...
KSP solved.
it=8, J=0.33405, dJ=8.93177e-02, ||g||=1.00187e+02, alpha=9.99660e-01, ksp_its=37, ls_evals=16
Assembling Hessian...
Setting operators...
Solving KSP...
KSP solved.
it=9, J=0.30263, dJ=3.14214e-02, ||g||=4.18763e+01, alpha=4.80153e-01, ksp_its=95, ls_evals=16
Assembling Hessian...
Setting operators...
Solving KSP...
KSP solved.
it=10, J=0.26057, dJ=4.20593e-02, ||g||=6.73724e+01, alpha=9.99660e-01, ksp_its=42, ls_evals=16
Assembling Hessian...
Setting operators...
Solving KSP...
KSP solved.
it=11, J=0.24684, dJ=1.37289e-02, ||g||=5.88468e+01, alpha=5.19200e-01, ksp_its=107, ls_evals=16
Assembling Hessian...
Setting operators...
Solving KSP...
KSP solved.
it=12, J=0.24138, dJ=5.45492e-03, ||g||=7.68469e+01, alpha=5.13442e-01, ksp_its=63, ls_evals=16
Assembling Hessian...
Setting operators...
Solving KSP...
KSP solved.
it=13, J=0.24116, dJ=2.26400e-04, ||g||=1.00044e+02, alpha=-8.16995e-02, ksp_its=77, ls_evals=16
Assembling Hessian...
Setting operators...
Solving KSP...
KSP solved.
it=14, J=0.24115, dJ=3.68681e-06, ||g||=9.34993e+01, alpha=1.12095e-02, ksp_its=74, ls_evals=16
Assembling Hessian...
Setting operators...
Solving KSP...
KSP solved.
it=15, J=0.24115, dJ=8.91935e-08, ||g||=9.43032e+01, alpha=-1.66609e-03, ksp_its=75, ls_evals=16
Assembling Hessian...
Setting operators...
Solving KSP...
KSP solved.
it=16, J=0.24115, dJ=9.30551e-10, ||g||=9.41819e+01, alpha=1.13276e-04, ksp_its=75, ls_evals=16
Assembling Hessian...
Setting operators...
Solving KSP...
KSP solved.
it=17, J=0.24115, dJ=4.17370e-11, ||g||=9.41902e+01, alpha=1.13276e-04, ksp_its=75, ls_evals=16
Assembling Hessian...
Setting operators...
Solving KSP...
KSP solved.
it=18, J=0.24115, dJ=-8.47214e-10, ||g||=9.41984e+01, alpha=1.13276e-04, ksp_its=75, ls_evals=16
Assembling Hessian...
Setting operators...
Solving KSP...
KSP solved.
it=19, J=0.24115, dJ=8.07163e-10, ||g||=9.42066e+01, alpha=-3.06774e-04, ksp_its=75, ls_evals=16
Assembling Hessian...
Setting operators...
Solving KSP...
KSP solved.
it=20, J=0.24115, dJ=6.71629e-10, ||g||=9.41843e+01, alpha=1.13276e-04, ksp_its=75, ls_evals=16
Assembling Hessian...
Setting operators...
Solving KSP...
KSP solved.
it=21, J=0.24115, dJ=-2.17229e-10, ||g||=9.41926e+01, alpha=1.13276e-04, ksp_its=75, ls_evals=16
Assembling Hessian...
Setting operators...
Solving KSP...
KSP solved.
it=22, J=0.24115, dJ=-8.98970e-10, ||g||=9.42008e+01, alpha=-3.06774e-04, ksp_its=75, ls_evals=16
Assembling Hessian...
Setting operators...
Solving KSP...
KSP solved.
it=23, J=0.24115, dJ=1.30144e-09, ||g||=9.41785e+01, alpha=1.13276e-04, ksp_its=75, ls_evals=16
Assembling Hessian...
Setting operators...
Solving KSP...
KSP solved.
it=24, J=0.24115, dJ=4.12688e-10, ||g||=9.41867e+01, alpha=1.13276e-04, ksp_its=75, ls_evals=16
Assembling Hessian...
Setting operators...
Solving KSP...
KSP solved.
it=25, J=0.24115, dJ=-4.76197e-10, ||g||=9.41950e+01, alpha=1.13276e-04, ksp_its=75, ls_evals=16
Assembling Hessian...
Setting operators...
Solving KSP...
KSP solved.
it=26, J=0.24115, dJ=-1.97614e-10, ||g||=9.42032e+01, alpha=-3.06774e-04, ksp_its=75, ls_evals=16
Assembling Hessian...
Setting operators...
Solving KSP...
KSP solved.
it=27, J=0.24115, dJ=1.04254e-09, ||g||=9.41809e+01, alpha=1.13276e-04, ksp_its=75, ls_evals=16
Assembling Hessian...
Setting operators...
Solving KSP...
KSP solved.
it=28, J=0.24115, dJ=1.53743e-10, ||g||=9.41891e+01, alpha=1.13276e-04, ksp_its=75, ls_evals=16
Assembling Hessian...
Setting operators...
Solving KSP...
KSP solved.
it=29, J=0.24115, dJ=-7.35192e-10, ||g||=9.41973e+01, alpha=1.13276e-04, ksp_its=75, ls_evals=16
Assembling Hessian...
Setting operators...
Solving KSP...
KSP solved.
it=30, J=0.24115, dJ=5.03785e-10, ||g||=9.42056e+01, alpha=-3.06774e-04, ksp_its=75, ls_evals=16
Assembling Hessian...
Setting operators...
Solving KSP...
KSP solved.
it=31, J=0.24115, dJ=7.83615e-10, ||g||=9.41833e+01, alpha=1.13276e-04, ksp_its=75, ls_evals=16
Assembling Hessian...
Setting operators...
Solving KSP...
KSP solved.
it=32, J=0.24115, dJ=-1.05211e-10, ||g||=9.41915e+01, alpha=1.13276e-04, ksp_its=75, ls_evals=16
Assembling Hessian...
Setting operators...
Solving KSP...
KSP solved.
it=33, J=0.24115, dJ=-9.94191e-10, ||g||=9.41997e+01, alpha=1.13276e-04, ksp_its=75, ls_evals=16
Assembling Hessian...
Setting operators...
Solving KSP...
KSP solved.
it=34, J=0.24115, dJ=1.20521e-09, ||g||=9.42080e+01, alpha=-3.06774e-04, ksp_its=75, ls_evals=16
Assembling Hessian...
Setting operators...
Solving KSP...
KSP solved.
it=35, J=0.24115, dJ=5.24684e-10, ||g||=9.41857e+01, alpha=1.13276e-04, ksp_its=75, ls_evals=16
Assembling Hessian...
Setting operators...
Solving KSP...
KSP solved.
it=36, J=0.24115, dJ=-3.64190e-10, ||g||=9.41939e+01, alpha=1.13276e-04, ksp_its=75, ls_evals=16
Assembling Hessian...
Setting operators...
Solving KSP...
KSP solved.
it=37, J=0.24115, dJ=-5.00963e-10, ||g||=9.42021e+01, alpha=-3.06774e-04, ksp_its=75, ls_evals=16
Assembling Hessian...
Setting operators...
Solving KSP...
KSP solved.
it=38, J=0.24115, dJ=1.15452e-09, ||g||=9.41799e+01, alpha=1.13276e-04, ksp_its=75, ls_evals=16
Assembling Hessian...
Setting operators...
Solving KSP...
KSP solved.
it=39, J=0.24115, dJ=2.65742e-10, ||g||=9.41881e+01, alpha=1.13276e-04, ksp_its=75, ls_evals=16
Assembling Hessian...
Setting operators...
Solving KSP...
KSP solved.
it=40, J=0.24115, dJ=-6.23168e-10, ||g||=9.41963e+01, alpha=1.13276e-04, ksp_its=75, ls_evals=16
Assembling Hessian...
Setting operators...
Solving KSP...
KSP solved.
it=41, J=0.24115, dJ=2.00407e-10, ||g||=9.42045e+01, alpha=-3.06774e-04, ksp_its=75, ls_evals=16
Assembling Hessian...
Setting operators...
Solving KSP...
KSP solved.
it=42, J=0.24115, dJ=8.95609e-10, ||g||=9.41823e+01, alpha=1.13276e-04, ksp_its=75, ls_evals=16
Assembling Hessian...
Setting operators...
Solving KSP...
KSP solved.
it=43, J=0.24115, dJ=6.78854e-12, ||g||=9.41905e+01, alpha=1.13276e-04, ksp_its=75, ls_evals=16
Assembling Hessian...
Setting operators...
Solving KSP...
KSP solved.
it=44, J=0.24115, dJ=-8.82162e-10, ||g||=9.41987e+01, alpha=1.13276e-04, ksp_its=75, ls_evals=16
Assembling Hessian...
Setting operators...
Solving KSP...
KSP solved.
it=45, J=0.24115, dJ=9.01822e-10, ||g||=9.42069e+01, alpha=-3.06774e-04, ksp_its=75, ls_evals=16
Assembling Hessian...
Setting operators...
Solving KSP...
KSP solved.
it=46, J=0.24115, dJ=6.36685e-10, ||g||=9.41847e+01, alpha=1.13276e-04, ksp_its=75, ls_evals=16
Assembling Hessian...
Setting operators...
Solving KSP...
KSP solved.
it=47, J=0.24115, dJ=-2.52178e-10, ||g||=9.41929e+01, alpha=1.13276e-04, ksp_its=75, ls_evals=16
Assembling Hessian...
Setting operators...
Solving KSP...
KSP solved.
it=48, J=0.24115, dJ=-8.04318e-10, ||g||=9.42011e+01, alpha=-3.06774e-04, ksp_its=75, ls_evals=16
Assembling Hessian...
Setting operators...
Solving KSP...
KSP solved.
it=49, J=0.24115, dJ=1.26649e-09, ||g||=9.41788e+01, alpha=1.13276e-04, ksp_its=75, ls_evals=16
Assembling Hessian...
Setting operators...
Solving KSP...
KSP solved.
it=50, J=0.24115, dJ=3.77742e-10, ||g||=9.41870e+01, alpha=1.13276e-04, ksp_its=75, ls_evals=16
Assembling Hessian...
Setting operators...
Solving KSP...
KSP solved.
it=51, J=0.24115, dJ=-5.11150e-10, ||g||=9.41953e+01, alpha=1.13276e-04, ksp_its=75, ls_evals=16
Assembling Hessian...
Setting operators...
Solving KSP...
KSP solved.
it=52, J=0.24115, dJ=-1.02956e-10, ||g||=9.42035e+01, alpha=-3.06774e-04, ksp_its=75, ls_evals=16
Assembling Hessian...
Setting operators...
Solving KSP...
KSP solved.
it=53, J=0.24115, dJ=1.00759e-09, ||g||=9.41812e+01, alpha=1.13276e-04, ksp_its=75, ls_evals=16
Assembling Hessian...
Setting operators...
Solving KSP...
KSP solved.
it=54, J=0.24115, dJ=1.18793e-10, ||g||=9.41894e+01, alpha=1.13276e-04, ksp_its=75, ls_evals=16
Assembling Hessian...
Setting operators...
Solving KSP...
KSP solved.
it=55, J=0.24115, dJ=-7.70135e-10, ||g||=9.41977e+01, alpha=1.13276e-04, ksp_its=75, ls_evals=16
Assembling Hessian...
Setting operators...
Solving KSP...
KSP solved.
it=56, J=0.24115, dJ=5.98439e-10, ||g||=9.42059e+01, alpha=-3.06774e-04, ksp_its=75, ls_evals=16
Assembling Hessian...
Setting operators...
Solving KSP...
KSP solved.
it=57, J=0.24115, dJ=7.48673e-10, ||g||=9.41836e+01, alpha=1.13276e-04, ksp_its=75, ls_evals=16
Assembling Hessian...
Setting operators...
Solving KSP...
KSP solved.
it=58, J=0.24115, dJ=-1.40169e-10, ||g||=9.41918e+01, alpha=1.13276e-04, ksp_its=75, ls_evals=16
Assembling Hessian...
Setting operators...
Solving KSP...
KSP solved.
it=59, J=0.24115, dJ=-1.02913e-09, ||g||=9.42001e+01, alpha=1.13276e-04, ksp_its=75, ls_evals=16
Assembling Hessian...
Setting operators...
Solving KSP...
KSP solved.
it=60, J=0.24115, dJ=1.29987e-09, ||g||=9.42083e+01, alpha=-3.06774e-04, ksp_its=75, ls_evals=16
Assembling Hessian...
Setting operators...
Solving KSP...
KSP solved.
it=61, J=0.24115, dJ=4.89738e-10, ||g||=9.41860e+01, alpha=1.13276e-04, ksp_its=75, ls_evals=16
Assembling Hessian...
Setting operators...
Solving KSP...
KSP solved.
it=62, J=0.24115, dJ=-3.99137e-10, ||g||=9.41942e+01, alpha=1.13276e-04, ksp_its=75, ls_evals=16
Assembling Hessian...
Setting operators...
Solving KSP...
KSP solved.
it=63, J=0.24115, dJ=-4.06316e-10, ||g||=9.42025e+01, alpha=-3.06774e-04, ksp_its=75, ls_evals=16
Assembling Hessian...
Setting operators...
Solving KSP...
KSP solved.
it=64, J=0.24115, dJ=1.11958e-09, ||g||=9.41802e+01, alpha=1.13276e-04, ksp_its=75, ls_evals=16
Assembling Hessian...
Setting operators...
Solving KSP...
KSP solved.
it=65, J=0.24115, dJ=2.30793e-10, ||g||=9.41884e+01, alpha=1.13276e-04, ksp_its=75, ls_evals=16
Assembling Hessian...
Setting operators...
Solving KSP...
KSP solved.
it=66, J=0.24115, dJ=-6.58124e-10, ||g||=9.41966e+01, alpha=1.13276e-04, ksp_its=75, ls_evals=16
Assembling Hessian...
Setting operators...
Solving KSP...
KSP solved.
it=67, J=0.24115, dJ=2.95074e-10, ||g||=9.42049e+01, alpha=-3.06774e-04, ksp_its=75, ls_evals=16
Assembling Hessian...
Setting operators...
Solving KSP...
KSP solved.
it=68, J=0.24115, dJ=8.60663e-10, ||g||=9.41826e+01, alpha=1.13276e-04, ksp_its=75, ls_evals=16
Assembling Hessian...
Setting operators...
Solving KSP...
KSP solved.
it=69, J=0.24115, dJ=-2.81636e-11, ||g||=9.41908e+01, alpha=1.13276e-04, ksp_its=75, ls_evals=16
Assembling Hessian...
Setting operators...
Solving KSP...
KSP solved.
it=70, J=0.24115, dJ=-9.17113e-10, ||g||=9.41990e+01, alpha=1.13276e-04, ksp_its=75, ls_evals=16
Assembling Hessian...
Setting operators...
Solving KSP...
KSP solved.
it=71, J=0.24115, dJ=9.96485e-10, ||g||=9.42073e+01, alpha=-3.06774e-04, ksp_its=75, ls_evals=16
Assembling Hessian...
Setting operators...
Solving KSP...
KSP solved.
it=72, J=0.24115, dJ=6.01738e-10, ||g||=9.41850e+01, alpha=1.13276e-04, ksp_its=75, ls_evals=16
Assembling Hessian...
Setting operators...
Solving KSP...
KSP solved.
it=73, J=0.24115, dJ=-2.87129e-10, ||g||=9.41932e+01, alpha=1.13276e-04, ksp_its=75, ls_evals=16
Assembling Hessian...
Setting operators...
Solving KSP...
KSP solved.
it=74, J=0.24115, dJ=-7.09668e-10, ||g||=9.42014e+01, alpha=-3.06774e-04, ksp_its=75, ls_evals=16
Assembling Hessian...
Setting operators...
Solving KSP...
KSP solved.
it=75, J=0.24115, dJ=1.23156e-09, ||g||=9.41791e+01, alpha=1.13276e-04, ksp_its=75, ls_evals=16
Assembling Hessian...
Setting operators...
Solving KSP...
KSP solved.
it=76, J=0.24115, dJ=3.42796e-10, ||g||=9.41874e+01, alpha=1.13276e-04, ksp_its=75, ls_evals=16
Assembling Hessian...
Setting operators...
Solving KSP...
KSP solved.
it=77, J=0.24115, dJ=-5.46105e-10, ||g||=9.41956e+01, alpha=1.13276e-04, ksp_its=75, ls_evals=16
Assembling Hessian...
Setting operators...
Solving KSP...
KSP solved.
it=78, J=0.24115, dJ=-8.29764e-12, ||g||=9.42038e+01, alpha=-3.06774e-04, ksp_its=75, ls_evals=16
Assembling Hessian...
Setting operators...
Solving KSP...
KSP solved.
it=79, J=0.24115, dJ=9.72647e-10, ||g||=9.41815e+01, alpha=1.13276e-04, ksp_its=75, ls_evals=16
Assembling Hessian...
Setting operators...
Solving KSP...
KSP solved.
it=80, J=0.24115, dJ=8.38488e-11, ||g||=9.41898e+01, alpha=1.13276e-04, ksp_its=75, ls_evals=16
Assembling Hessian...
Setting operators...
Solving KSP...
KSP solved.
it=81, J=0.24115, dJ=-8.05091e-10, ||g||=9.41980e+01, alpha=1.13276e-04, ksp_its=75, ls_evals=16
Assembling Hessian...
Setting operators...
Solving KSP...
KSP solved.
it=82, J=0.24115, dJ=6.93105e-10, ||g||=9.42062e+01, alpha=-3.06774e-04, ksp_its=75, ls_evals=16
Assembling Hessian...
Setting operators...
Solving KSP...
KSP solved.
it=83, J=0.24115, dJ=7.13727e-10, ||g||=9.41839e+01, alpha=1.13276e-04, ksp_its=75, ls_evals=16
Assembling Hessian...
Setting operators...
Solving KSP...
KSP solved.
it=84, J=0.24115, dJ=-1.75119e-10, ||g||=9.41922e+01, alpha=1.13276e-04, ksp_its=75, ls_evals=16
Assembling Hessian...
Setting operators...
Solving KSP...
KSP solved.
it=85, J=0.24115, dJ=-1.01301e-09, ||g||=9.42004e+01, alpha=-3.06774e-04, ksp_its=75, ls_evals=16
Assembling Hessian...
Setting operators...
Solving KSP...
KSP solved.
it=86, J=0.24115, dJ=1.34353e-09, ||g||=9.41781e+01, alpha=1.13276e-04, ksp_its=75, ls_evals=16
Assembling Hessian...
Setting operators...
Solving KSP...
KSP solved.
it=87, J=0.24115, dJ=4.54795e-10, ||g||=9.41863e+01, alpha=1.13276e-04, ksp_its=75, ls_evals=16
Assembling Hessian...
Setting operators...
Solving KSP...
KSP solved.
it=88, J=0.24115, dJ=-4.34086e-10, ||g||=9.41946e+01, alpha=1.13276e-04, ksp_its=75, ls_evals=16
Assembling Hessian...
Setting operators...
Solving KSP...
KSP solved.
it=89, J=0.24115, dJ=-3.11665e-10, ||g||=9.42028e+01, alpha=-3.06774e-04, ksp_its=75, ls_evals=16
Assembling Hessian...
Setting operators...
Solving KSP...
KSP solved.
it=90, J=0.24115, dJ=1.08464e-09, ||g||=9.41805e+01, alpha=1.13276e-04, ksp_its=75, ls_evals=16
Assembling Hessian...
Setting operators...
Solving KSP...
KSP solved.
it=91, J=0.24115, dJ=1.95846e-10, ||g||=9.41887e+01, alpha=1.13276e-04, ksp_its=75, ls_evals=16
Assembling Hessian...
Setting operators...
Solving KSP...
KSP solved.
it=92, J=0.24115, dJ=-6.93065e-10, ||g||=9.41970e+01, alpha=1.13276e-04, ksp_its=75, ls_evals=16
Assembling Hessian...
Setting operators...
Solving KSP...
KSP solved.
it=93, J=0.24115, dJ=3.89722e-10, ||g||=9.42052e+01, alpha=-3.06774e-04, ksp_its=75, ls_evals=16
Assembling Hessian...
Setting operators...
Solving KSP...
KSP solved.
it=94, J=0.24115, dJ=8.25717e-10, ||g||=9.41829e+01, alpha=1.13276e-04, ksp_its=75, ls_evals=16
Assembling Hessian...
Setting operators...
Solving KSP...
KSP solved.
it=95, J=0.24115, dJ=-6.31025e-11, ||g||=9.41911e+01, alpha=1.13276e-04, ksp_its=75, ls_evals=16
Assembling Hessian...
Setting operators...
Solving KSP...
KSP solved.
it=96, J=0.24115, dJ=-9.52067e-10, ||g||=9.41993e+01, alpha=1.13276e-04, ksp_its=75, ls_evals=16
Assembling Hessian...
Setting operators...
Solving KSP...
KSP solved.
it=97, J=0.24115, dJ=1.09115e-09, ||g||=9.42076e+01, alpha=-3.06774e-04, ksp_its=75, ls_evals=16
Assembling Hessian...
Setting operators...
Solving KSP...
KSP solved.
it=98, J=0.24115, dJ=5.66789e-10, ||g||=9.41853e+01, alpha=1.13276e-04, ksp_its=75, ls_evals=16
Assembling Hessian...
Setting operators...
Solving KSP...
KSP solved.
it=99, J=0.24115, dJ=-3.22077e-10, ||g||=9.41935e+01, alpha=1.13276e-04, ksp_its=75, ls_evals=16
Assembling Hessian...
Setting operators...
Solving KSP...
KSP solved.
it=100, J=0.24115, dJ=-6.15014e-10, ||g||=9.42017e+01, alpha=-3.06774e-04, ksp_its=75, ls_evals=16
Step 1 finished: Energy = 0.241154, Iters = 100
Stopping early at step 1 due to solver message: Maximum number of iterations reached
{
  "mesh_level": 3,
  "total_dofs": 78003,
  "steps": [
    {
      "step": 1,
      "angle": 1.0471975511965976,
      "time": 8.1329,
      "iters": 100,
      "energy": 0.241154,
      "message": "Maximum number of iterations reached",
      "attempt": "repair",
      "ksp_rtol_used": 0.0001,
      "ksp_max_it_used": 20000,
      "linesearch_interval_used": [
        -0.5,
        1.0
      ],
      "linear_timing": [
        {
          "assemble_time": 0.008437,
          "setop_time": 1.9e-05,
          "pc_setup_time": 0.011132,
          "solve_time": 0.015107,
          "linear_total_time": 0.034696
        },
        {
          "assemble_time": 0.008445,
          "setop_time": 1e-05,
          "pc_setup_time": 0.010348,
          "solve_time": 0.008355,
          "linear_total_time": 0.027158
        },
        {
          "assemble_time": 0.008798,
          "setop_time": 1.3e-05,
          "pc_setup_time": 0.010353,
          "solve_time": 0.020749,
          "linear_total_time": 0.039914
        },
        {
          "assemble_time": 0.008386,
          "setop_time": 1.1e-05,
          "pc_setup_time": 0.010485,
          "solve_time": 0.034143,
          "linear_total_time": 0.053025
        },
        {
          "assemble_time": 0.008194,
          "setop_time": 1.3e-05,
          "pc_setup_time": 0.010714,
          "solve_time": 0.025695,
          "linear_total_time": 0.044616
        },
        {
          "assemble_time": 0.008244,
          "setop_time": 1.6e-05,
          "pc_setup_time": 0.010451,
          "solve_time": 0.025665,
          "linear_total_time": 0.044375
        },
        {
          "assemble_time": 0.008227,
          "setop_time": 1.2e-05,
          "pc_setup_time": 0.01098,
          "solve_time": 0.051927,
          "linear_total_time": 0.071146
        },
        {
          "assemble_time": 0.008322,
          "setop_time": 1.4e-05,
          "pc_setup_time": 0.01078,
          "solve_time": 0.026945,
          "linear_total_time": 0.04606
        },
        {
          "assemble_time": 0.008192,
          "setop_time": 1.1e-05,
          "pc_setup_time": 0.010861,
          "solve_time": 0.069266,
          "linear_total_time": 0.088331
        },
        {
          "assemble_time": 0.008216,
          "setop_time": 1.3e-05,
          "pc_setup_time": 0.010673,
          "solve_time": 0.031063,
          "linear_total_time": 0.049964
        },
        {
          "assemble_time": 0.008711,
          "setop_time": 1.5e-05,
          "pc_setup_time": 0.010501,
          "solve_time": 0.078214,
          "linear_total_time": 0.097441
        },
        {
          "assemble_time": 0.008671,
          "setop_time": 1.5e-05,
          "pc_setup_time": 0.011084,
          "solve_time": 0.046579,
          "linear_total_time": 0.066349
        },
        {
          "assemble_time": 0.008239,
          "setop_time": 1.1e-05,
          "pc_setup_time": 0.01086,
          "solve_time": 0.055774,
          "linear_total_time": 0.074885
        },
        {
          "assemble_time": 0.008245,
          "setop_time": 1.2e-05,
          "pc_setup_time": 0.010603,
          "solve_time": 0.054149,
          "linear_total_time": 0.073009
        },
        {
          "assemble_time": 0.008241,
          "setop_time": 1.2e-05,
          "pc_setup_time": 0.010986,
          "solve_time": 0.054419,
          "linear_total_time": 0.073658
        },
        {
          "assemble_time": 0.008193,
          "setop_time": 1.1e-05,
          "pc_setup_time": 0.010606,
          "solve_time": 0.054485,
          "linear_total_time": 0.073295
        },
        {
          "assemble_time": 0.008258,
          "setop_time": 1.5e-05,
          "pc_setup_time": 0.011021,
          "solve_time": 0.054721,
          "linear_total_time": 0.074014
        },
        {
          "assemble_time": 0.008476,
          "setop_time": 1.5e-05,
          "pc_setup_time": 0.01129,
          "solve_time": 0.054877,
          "linear_total_time": 0.074658
        },
        {
          "assemble_time": 0.008495,
          "setop_time": 1.8e-05,
          "pc_setup_time": 0.011177,
          "solve_time": 0.054518,
          "linear_total_time": 0.074207
        },
        {
          "assemble_time": 0.008736,
          "setop_time": 1.4e-05,
          "pc_setup_time": 0.011088,
          "solve_time": 0.054952,
          "linear_total_time": 0.07479
        },
        {
          "assemble_time": 0.008697,
          "setop_time": 1.4e-05,
          "pc_setup_time": 0.01106,
          "solve_time": 0.054465,
          "linear_total_time": 0.074236
        },
        {
          "assemble_time": 0.008691,
          "setop_time": 1.7e-05,
          "pc_setup_time": 0.010618,
          "solve_time": 0.054904,
          "linear_total_time": 0.07423
        },
        {
          "assemble_time": 0.008776,
          "setop_time": 1.5e-05,
          "pc_setup_time": 0.010314,
          "solve_time": 0.054663,
          "linear_total_time": 0.073767
        },
        {
          "assemble_time": 0.008753,
          "setop_time": 1.3e-05,
          "pc_setup_time": 0.01034,
          "solve_time": 0.055095,
          "linear_total_time": 0.0742
        },
        {
          "assemble_time": 0.008661,
          "setop_time": 1.3e-05,
          "pc_setup_time": 0.010381,
          "solve_time": 0.054987,
          "linear_total_time": 0.074042
        },
        {
          "assemble_time": 0.008416,
          "setop_time": 1.4e-05,
          "pc_setup_time": 0.010514,
          "solve_time": 0.055259,
          "linear_total_time": 0.074202
        },
        {
          "assemble_time": 0.008323,
          "setop_time": 1.1e-05,
          "pc_setup_time": 0.010556,
          "solve_time": 0.055015,
          "linear_total_time": 0.073905
        },
        {
          "assemble_time": 0.008243,
          "setop_time": 1.2e-05,
          "pc_setup_time": 0.010651,
          "solve_time": 0.05477,
          "linear_total_time": 0.073677
        },
        {
          "assemble_time": 0.008196,
          "setop_time": 1.2e-05,
          "pc_setup_time": 0.010746,
          "solve_time": 0.054513,
          "linear_total_time": 0.073467
        },
        {
          "assemble_time": 0.008298,
          "setop_time": 1.4e-05,
          "pc_setup_time": 0.013007,
          "solve_time": 0.067375,
          "linear_total_time": 0.088694
        },
        {
          "assemble_time": 0.008663,
          "setop_time": 1.2e-05,
          "pc_setup_time": 0.010756,
          "solve_time": 0.054909,
          "linear_total_time": 0.07434
        },
        {
          "assemble_time": 0.008256,
          "setop_time": 1.4e-05,
          "pc_setup_time": 0.010618,
          "solve_time": 0.054924,
          "linear_total_time": 0.073813
        },
        {
          "assemble_time": 0.008208,
          "setop_time": 1.3e-05,
          "pc_setup_time": 0.010667,
          "solve_time": 0.054386,
          "linear_total_time": 0.073275
        },
        {
          "assemble_time": 0.008256,
          "setop_time": 1.5e-05,
          "pc_setup_time": 0.011038,
          "solve_time": 0.054708,
          "linear_total_time": 0.074018
        },
        {
          "assemble_time": 0.008336,
          "setop_time": 1.5e-05,
          "pc_setup_time": 0.011035,
          "solve_time": 0.054561,
          "linear_total_time": 0.073947
        },
        {
          "assemble_time": 0.008338,
          "setop_time": 1.4e-05,
          "pc_setup_time": 0.011015,
          "solve_time": 0.054788,
          "linear_total_time": 0.074155
        },
        {
          "assemble_time": 0.008564,
          "setop_time": 1.4e-05,
          "pc_setup_time": 0.011048,
          "solve_time": 0.054877,
          "linear_total_time": 0.074503
        },
        {
          "assemble_time": 0.008631,
          "setop_time": 1.4e-05,
          "pc_setup_time": 0.010789,
          "solve_time": 0.055116,
          "linear_total_time": 0.074551
        },
        {
          "assemble_time": 0.008673,
          "setop_time": 1.7e-05,
          "pc_setup_time": 0.010732,
          "solve_time": 0.055607,
          "linear_total_time": 0.075029
        },
        {
          "assemble_time": 0.008609,
          "setop_time": 1.4e-05,
          "pc_setup_time": 0.010389,
          "solve_time": 0.054928,
          "linear_total_time": 0.073941
        },
        {
          "assemble_time": 0.008697,
          "setop_time": 1.6e-05,
          "pc_setup_time": 0.010366,
          "solve_time": 0.054983,
          "linear_total_time": 0.074061
        },
        {
          "assemble_time": 0.008589,
          "setop_time": 9e-06,
          "pc_setup_time": 0.010448,
          "solve_time": 0.055256,
          "linear_total_time": 0.074302
        },
        {
          "assemble_time": 0.008511,
          "setop_time": 1.2e-05,
          "pc_setup_time": 0.010363,
          "solve_time": 0.054591,
          "linear_total_time": 0.073477
        },
        {
          "assemble_time": 0.008374,
          "setop_time": 1.2e-05,
          "pc_setup_time": 0.010668,
          "solve_time": 0.056025,
          "linear_total_time": 0.075079
        },
        {
          "assemble_time": 0.00829,
          "setop_time": 1.2e-05,
          "pc_setup_time": 0.010877,
          "solve_time": 0.061507,
          "linear_total_time": 0.080686
        },
        {
          "assemble_time": 0.01232,
          "setop_time": 1.3e-05,
          "pc_setup_time": 0.01342,
          "solve_time": 0.055245,
          "linear_total_time": 0.080998
        },
        {
          "assemble_time": 0.008321,
          "setop_time": 1.1e-05,
          "pc_setup_time": 0.010762,
          "solve_time": 0.054437,
          "linear_total_time": 0.073531
        },
        {
          "assemble_time": 0.008282,
          "setop_time": 1.1e-05,
          "pc_setup_time": 0.010771,
          "solve_time": 0.054725,
          "linear_total_time": 0.073787
        },
        {
          "assemble_time": 0.00821,
          "setop_time": 1.2e-05,
          "pc_setup_time": 0.010713,
          "solve_time": 0.054917,
          "linear_total_time": 0.073852
        },
        {
          "assemble_time": 0.008215,
          "setop_time": 1.1e-05,
          "pc_setup_time": 0.010527,
          "solve_time": 0.055154,
          "linear_total_time": 0.073907
        },
        {
          "assemble_time": 0.008258,
          "setop_time": 1.8e-05,
          "pc_setup_time": 0.011343,
          "solve_time": 0.055043,
          "linear_total_time": 0.074662
        },
        {
          "assemble_time": 0.011659,
          "setop_time": 1.6e-05,
          "pc_setup_time": 0.013513,
          "solve_time": 0.068733,
          "linear_total_time": 0.09392
        },
        {
          "assemble_time": 0.011683,
          "setop_time": 2e-05,
          "pc_setup_time": 0.012343,
          "solve_time": 0.066935,
          "linear_total_time": 0.09098
        },
        {
          "assemble_time": 0.009917,
          "setop_time": 1.3e-05,
          "pc_setup_time": 0.012787,
          "solve_time": 0.062445,
          "linear_total_time": 0.085162
        },
        {
          "assemble_time": 0.009147,
          "setop_time": 1.4e-05,
          "pc_setup_time": 0.011162,
          "solve_time": 0.055424,
          "linear_total_time": 0.075747
        },
        {
          "assemble_time": 0.008255,
          "setop_time": 1.6e-05,
          "pc_setup_time": 0.011083,
          "solve_time": 0.05427,
          "linear_total_time": 0.073624
        },
        {
          "assemble_time": 0.008587,
          "setop_time": 1.4e-05,
          "pc_setup_time": 0.011128,
          "solve_time": 0.05447,
          "linear_total_time": 0.074198
        },
        {
          "assemble_time": 0.008579,
          "setop_time": 1.4e-05,
          "pc_setup_time": 0.011134,
          "solve_time": 0.055314,
          "linear_total_time": 0.075042
        },
        {
          "assemble_time": 0.00855,
          "setop_time": 1.6e-05,
          "pc_setup_time": 0.010854,
          "solve_time": 0.054896,
          "linear_total_time": 0.074316
        },
        {
          "assemble_time": 0.011867,
          "setop_time": 2.2e-05,
          "pc_setup_time": 0.014406,
          "solve_time": 0.070598,
          "linear_total_time": 0.096893
        },
        {
          "assemble_time": 0.011099,
          "setop_time": 3.7e-05,
          "pc_setup_time": 0.01084,
          "solve_time": 0.05531,
          "linear_total_time": 0.077286
        },
        {
          "assemble_time": 0.00821,
          "setop_time": 1.5e-05,
          "pc_setup_time": 0.010741,
          "solve_time": 0.054719,
          "linear_total_time": 0.073685
        },
        {
          "assemble_time": 0.008236,
          "setop_time": 1.4e-05,
          "pc_setup_time": 0.010773,
          "solve_time": 0.055073,
          "linear_total_time": 0.074096
        },
        {
          "assemble_time": 0.008326,
          "setop_time": 1.4e-05,
          "pc_setup_time": 0.010915,
          "solve_time": 0.055802,
          "linear_total_time": 0.075058
        },
        {
          "assemble_time": 0.008228,
          "setop_time": 1.5e-05,
          "pc_setup_time": 0.010795,
          "solve_time": 0.054963,
          "linear_total_time": 0.074
        },
        {
          "assemble_time": 0.00821,
          "setop_time": 1.3e-05,
          "pc_setup_time": 0.010758,
          "solve_time": 0.054868,
          "linear_total_time": 0.07385
        },
        {
          "assemble_time": 0.008238,
          "setop_time": 1.5e-05,
          "pc_setup_time": 0.010792,
          "solve_time": 0.055648,
          "linear_total_time": 0.074693
        },
        {
          "assemble_time": 0.008228,
          "setop_time": 1.3e-05,
          "pc_setup_time": 0.011023,
          "solve_time": 0.055981,
          "linear_total_time": 0.075245
        },
        {
          "assemble_time": 0.008242,
          "setop_time": 1.3e-05,
          "pc_setup_time": 0.010806,
          "solve_time": 0.054512,
          "linear_total_time": 0.073574
        },
        {
          "assemble_time": 0.008219,
          "setop_time": 1.4e-05,
          "pc_setup_time": 0.010777,
          "solve_time": 0.054509,
          "linear_total_time": 0.073519
        },
        {
          "assemble_time": 0.008195,
          "setop_time": 1.4e-05,
          "pc_setup_time": 0.010915,
          "solve_time": 0.054527,
          "linear_total_time": 0.073651
        },
        {
          "assemble_time": 0.008268,
          "setop_time": 1e-05,
          "pc_setup_time": 0.010603,
          "solve_time": 0.054746,
          "linear_total_time": 0.073627
        },
        {
          "assemble_time": 0.008292,
          "setop_time": 1.8e-05,
          "pc_setup_time": 0.011155,
          "solve_time": 0.055262,
          "linear_total_time": 0.074726
        },
        {
          "assemble_time": 0.008244,
          "setop_time": 1.4e-05,
          "pc_setup_time": 0.011131,
          "solve_time": 0.054886,
          "linear_total_time": 0.074275
        },
        {
          "assemble_time": 0.008633,
          "setop_time": 1.5e-05,
          "pc_setup_time": 0.011058,
          "solve_time": 0.054587,
          "linear_total_time": 0.074294
        },
        {
          "assemble_time": 0.008692,
          "setop_time": 1.5e-05,
          "pc_setup_time": 0.011201,
          "solve_time": 0.054414,
          "linear_total_time": 0.074323
        },
        {
          "assemble_time": 0.008531,
          "setop_time": 1.4e-05,
          "pc_setup_time": 0.010582,
          "solve_time": 0.055021,
          "linear_total_time": 0.074147
        },
        {
          "assemble_time": 0.008696,
          "setop_time": 1.3e-05,
          "pc_setup_time": 0.010336,
          "solve_time": 0.055754,
          "linear_total_time": 0.0748
        },
        {
          "assemble_time": 0.008719,
          "setop_time": 1.5e-05,
          "pc_setup_time": 0.010304,
          "solve_time": 0.056228,
          "linear_total_time": 0.075265
        },
        {
          "assemble_time": 0.008607,
          "setop_time": 1.6e-05,
          "pc_setup_time": 0.010331,
          "solve_time": 0.055151,
          "linear_total_time": 0.074105
        },
        {
          "assemble_time": 0.008652,
          "setop_time": 1.6e-05,
          "pc_setup_time": 0.010473,
          "solve_time": 0.05488,
          "linear_total_time": 0.074021
        },
        {
          "assemble_time": 0.008656,
          "setop_time": 1.5e-05,
          "pc_setup_time": 0.010453,
          "solve_time": 0.054798,
          "linear_total_time": 0.073922
        },
        {
          "assemble_time": 0.008422,
          "setop_time": 1.4e-05,
          "pc_setup_time": 0.010371,
          "solve_time": 0.055357,
          "linear_total_time": 0.074165
        },
        {
          "assemble_time": 0.008396,
          "setop_time": 1.2e-05,
          "pc_setup_time": 0.010694,
          "solve_time": 0.054706,
          "linear_total_time": 0.073808
        },
        {
          "assemble_time": 0.00826,
          "setop_time": 1.5e-05,
          "pc_setup_time": 0.01088,
          "solve_time": 0.055289,
          "linear_total_time": 0.074444
        },
        {
          "assemble_time": 0.008255,
          "setop_time": 1.4e-05,
          "pc_setup_time": 0.010694,
          "solve_time": 0.054843,
          "linear_total_time": 0.073805
        },
        {
          "assemble_time": 0.008251,
          "setop_time": 1.3e-05,
          "pc_setup_time": 0.010809,
          "solve_time": 0.054864,
          "linear_total_time": 0.073937
        },
        {
          "assemble_time": 0.008289,
          "setop_time": 1.6e-05,
          "pc_setup_time": 0.01096,
          "solve_time": 0.055871,
          "linear_total_time": 0.075137
        },
        {
          "assemble_time": 0.008233,
          "setop_time": 2.4e-05,
          "pc_setup_time": 0.010708,
          "solve_time": 0.054586,
          "linear_total_time": 0.073551
        },
        {
          "assemble_time": 0.008289,
          "setop_time": 1.5e-05,
          "pc_setup_time": 0.010782,
          "solve_time": 0.054596,
          "linear_total_time": 0.073683
        },
        {
          "assemble_time": 0.008287,
          "setop_time": 1.2e-05,
          "pc_setup_time": 0.010702,
          "solve_time": 0.055219,
          "linear_total_time": 0.07422
        },
        {
          "assemble_time": 0.008243,
          "setop_time": 1.1e-05,
          "pc_setup_time": 0.010483,
          "solve_time": 0.054738,
          "linear_total_time": 0.073475
        },
        {
          "assemble_time": 0.008342,
          "setop_time": 1.4e-05,
          "pc_setup_time": 0.011095,
          "solve_time": 0.054462,
          "linear_total_time": 0.073913
        },
        {
          "assemble_time": 0.008263,
          "setop_time": 1.4e-05,
          "pc_setup_time": 0.01119,
          "solve_time": 0.054584,
          "linear_total_time": 0.074051
        },
        {
          "assemble_time": 0.008674,
          "setop_time": 1.7e-05,
          "pc_setup_time": 0.01106,
          "solve_time": 0.054677,
          "linear_total_time": 0.074427
        },
        {
          "assemble_time": 0.008655,
          "setop_time": 1.6e-05,
          "pc_setup_time": 0.010973,
          "solve_time": 0.054749,
          "linear_total_time": 0.074393
        },
        {
          "assemble_time": 0.00856,
          "setop_time": 1.6e-05,
          "pc_setup_time": 0.010592,
          "solve_time": 0.055677,
          "linear_total_time": 0.074843
        },
        {
          "assemble_time": 0.008753,
          "setop_time": 1.6e-05,
          "pc_setup_time": 0.010491,
          "solve_time": 0.055128,
          "linear_total_time": 0.074388
        },
        {
          "assemble_time": 0.00864,
          "setop_time": 1.3e-05,
          "pc_setup_time": 0.010495,
          "solve_time": 0.055264,
          "linear_total_time": 0.074412
        },
        {
          "assemble_time": 0.008655,
          "setop_time": 1.4e-05,
          "pc_setup_time": 0.010514,
          "solve_time": 0.055239,
          "linear_total_time": 0.074423
        }
      ]
    }
  ]
}
