Need expensive search line 932 MASK 1023 k 1056
Creating matrix...
Building nullspace...
Setting near nullspace...
Creating KSP...
--- Step 1/1, Angle: 1.0472 ---
Assembling Hessian...
Setting operators...
Solving KSP...
KSP solved.
it=1, J=34.43414, dJ=2.15402e+01, ||g||=3.09048e+03, alpha=3.28507e-01, ksp_its=15, ls_evals=17
Assembling Hessian...
Setting operators...
Solving KSP...
KSP solved.
it=2, J=5.71252, dJ=2.87216e+01, ||g||=2.47356e+03, alpha=9.66662e-01, ksp_its=8, ls_evals=17
Assembling Hessian...
Setting operators...
Solving KSP...
KSP solved.
it=3, J=2.12703, dJ=3.58549e+00, ||g||=9.15070e+02, alpha=1.02737e+00, ksp_its=19, ls_evals=17
Assembling Hessian...
Setting operators...
Solving KSP...
KSP solved.
it=4, J=0.97366, dJ=1.15337e+00, ||g||=4.43875e+02, alpha=1.24530e+00, ksp_its=37, ls_evals=17
Assembling Hessian...
Setting operators...
Solving KSP...
KSP solved.
it=5, J=0.72107, dJ=2.52584e-01, ||g||=1.73727e+02, alpha=2.00349e-01, ksp_its=27, ls_evals=17
Assembling Hessian...
Setting operators...
Solving KSP...
KSP solved.
it=6, J=0.46498, dJ=2.56094e-01, ||g||=1.85974e+02, alpha=1.34214e+00, ksp_its=20, ls_evals=17
Assembling Hessian...
Setting operators...
Solving KSP...
KSP solved.
it=7, J=0.43775, dJ=2.72247e-02, ||g||=1.02410e+02, alpha=1.14512e-01, ksp_its=138, ls_evals=17
Assembling Hessian...
Setting operators...
Solving KSP...
KSP solved.
it=8, J=0.42407, dJ=1.36831e-02, ||g||=9.86490e+01, alpha=4.87341e-02, ksp_its=115, ls_evals=17
Assembling Hessian...
Setting operators...
Solving KSP...
KSP solved.
it=9, J=0.35031, dJ=7.37656e-02, ||g||=9.84562e+01, alpha=7.18810e-01, ksp_its=41, ls_evals=17
Assembling Hessian...
Setting operators...
Solving KSP...
KSP solved.
it=10, J=0.30339, dJ=4.69179e-02, ||g||=1.00545e+02, alpha=1.21171e+00, ksp_its=43, ls_evals=17
Assembling Hessian...
Setting operators...
Solving KSP...
KSP solved.
it=11, J=0.30173, dJ=1.65541e-03, ||g||=1.22122e+02, alpha=1.71826e-01, ksp_its=39, ls_evals=17
Assembling Hessian...
Setting operators...
Solving KSP...
KSP solved.
it=12, J=0.30148, dJ=2.57074e-04, ||g||=1.39622e+02, alpha=-6.27629e-02, ksp_its=40, ls_evals=17
Assembling Hessian...
Setting operators...
Solving KSP...
KSP solved.
it=13, J=0.30147, dJ=9.91684e-06, ||g||=1.32056e+02, alpha=1.28795e-02, ksp_its=39, ls_evals=17
Assembling Hessian...
Setting operators...
Solving KSP...
KSP solved.
it=14, J=0.30146, dJ=6.22796e-07, ||g||=1.33495e+02, alpha=-3.34870e-03, ksp_its=39, ls_evals=17
Assembling Hessian...
Setting operators...
Solving KSP...
KSP solved.
it=15, J=0.30146, dJ=5.23477e-08, ||g||=1.33115e+02, alpha=7.49664e-04, ksp_its=39, ls_evals=17
Assembling Hessian...
Setting operators...
Solving KSP...
KSP solved.
it=16, J=0.30146, dJ=-2.23830e-11, ||g||=1.33200e+02, alpha=4.95802e-05, ksp_its=39, ls_evals=17
Assembling Hessian...
Setting operators...
Solving KSP...
KSP solved.
it=17, J=0.30146, dJ=-3.90481e-10, ||g||=1.33205e+02, alpha=4.95802e-05, ksp_its=39, ls_evals=17
Assembling Hessian...
Setting operators...
Solving KSP...
KSP solved.
it=18, J=0.30146, dJ=-7.58599e-10, ||g||=1.33211e+02, alpha=4.95802e-05, ksp_its=39, ls_evals=17
Assembling Hessian...
Setting operators...
Solving KSP...
KSP solved.
it=19, J=0.30146, dJ=-1.12675e-09, ||g||=1.33217e+02, alpha=4.95802e-05, ksp_its=39, ls_evals=17
Assembling Hessian...
Setting operators...
Solving KSP...
KSP solved.
it=20, J=0.30146, dJ=1.61569e-09, ||g||=1.33222e+02, alpha=-3.83095e-04, ksp_its=39, ls_evals=17
Assembling Hessian...
Setting operators...
Solving KSP...
KSP solved.
it=21, J=0.30146, dJ=3.54697e-09, ||g||=1.33179e+02, alpha=3.16988e-04, ksp_its=39, ls_evals=17
Assembling Hessian...
Setting operators...
Solving KSP...
KSP solved.
it=22, J=0.30146, dJ=-1.00420e-09, ||g||=1.33215e+02, alpha=4.95802e-05, ksp_its=39, ls_evals=17
Assembling Hessian...
Setting operators...
Solving KSP...
KSP solved.
it=23, J=0.30146, dJ=6.68843e-10, ||g||=1.33220e+02, alpha=-3.83095e-04, ksp_its=39, ls_evals=17
Assembling Hessian...
Setting operators...
Solving KSP...
KSP solved.
it=24, J=0.30146, dJ=4.33016e-09, ||g||=1.33177e+02, alpha=3.16988e-04, ksp_its=39, ls_evals=17
Assembling Hessian...
Setting operators...
Solving KSP...
KSP solved.
it=25, J=0.30146, dJ=-8.81652e-10, ||g||=1.33213e+02, alpha=4.95802e-05, ksp_its=39, ls_evals=17
Assembling Hessian...
Setting operators...
Solving KSP...
KSP solved.
it=26, J=0.30146, dJ=-2.77993e-10, ||g||=1.33218e+02, alpha=-3.83095e-04, ksp_its=39, ls_evals=17
Assembling Hessian...
Setting operators...
Solving KSP...
KSP solved.
it=27, J=0.30146, dJ=5.11335e-09, ||g||=1.33175e+02, alpha=3.16988e-04, ksp_its=39, ls_evals=17
Assembling Hessian...
Setting operators...
Solving KSP...
KSP solved.
it=28, J=0.30146, dJ=-7.59115e-10, ||g||=1.33211e+02, alpha=4.95802e-05, ksp_its=39, ls_evals=17
Assembling Hessian...
Setting operators...
Solving KSP...
KSP solved.
it=29, J=0.30146, dJ=-1.12727e-09, ||g||=1.33217e+02, alpha=4.95802e-05, ksp_its=39, ls_evals=17
Assembling Hessian...
Setting operators...
Solving KSP...
KSP solved.
it=30, J=0.30146, dJ=1.61965e-09, ||g||=1.33222e+02, alpha=-3.83095e-04, ksp_its=39, ls_evals=17
Assembling Hessian...
Setting operators...
Solving KSP...
KSP solved.
it=31, J=0.30146, dJ=3.54369e-09, ||g||=1.33179e+02, alpha=3.16988e-04, ksp_its=39, ls_evals=17
Assembling Hessian...
Setting operators...
Solving KSP...
KSP solved.
it=32, J=0.30146, dJ=-1.00471e-09, ||g||=1.33215e+02, alpha=4.95802e-05, ksp_its=39, ls_evals=17
Assembling Hessian...
Setting operators...
Solving KSP...
KSP solved.
it=33, J=0.30146, dJ=6.72791e-10, ||g||=1.33220e+02, alpha=-3.83095e-04, ksp_its=39, ls_evals=17
Assembling Hessian...
Setting operators...
Solving KSP...
KSP solved.
it=34, J=0.30146, dJ=4.32689e-09, ||g||=1.33177e+02, alpha=3.16988e-04, ksp_its=39, ls_evals=17
Assembling Hessian...
Setting operators...
Solving KSP...
KSP solved.
it=35, J=0.30146, dJ=-8.82170e-10, ||g||=1.33213e+02, alpha=4.95802e-05, ksp_its=39, ls_evals=17
Assembling Hessian...
Setting operators...
Solving KSP...
KSP solved.
it=36, J=0.30146, dJ=-2.74045e-10, ||g||=1.33218e+02, alpha=-3.83095e-04, ksp_its=39, ls_evals=17
Assembling Hessian...
Setting operators...
Solving KSP...
KSP solved.
it=37, J=0.30146, dJ=5.11007e-09, ||g||=1.33175e+02, alpha=3.16988e-04, ksp_its=39, ls_evals=17
Assembling Hessian...
Setting operators...
Solving KSP...
KSP solved.
it=38, J=0.30146, dJ=-7.59624e-10, ||g||=1.33211e+02, alpha=4.95802e-05, ksp_its=39, ls_evals=17
Assembling Hessian...
Setting operators...
Solving KSP...
KSP solved.
it=39, J=0.30146, dJ=-1.12778e-09, ||g||=1.33217e+02, alpha=4.95802e-05, ksp_its=39, ls_evals=17
Assembling Hessian...
Setting operators...
Solving KSP...
KSP solved.
it=40, J=0.30146, dJ=1.62360e-09, ||g||=1.33222e+02, alpha=-3.83095e-04, ksp_its=39, ls_evals=17
Assembling Hessian...
Setting operators...
Solving KSP...
KSP solved.
it=41, J=0.30146, dJ=3.54041e-09, ||g||=1.33179e+02, alpha=3.16988e-04, ksp_its=39, ls_evals=17
Assembling Hessian...
Setting operators...
Solving KSP...
KSP solved.
it=42, J=0.30146, dJ=-1.00523e-09, ||g||=1.33215e+02, alpha=4.95802e-05, ksp_its=39, ls_evals=17
Assembling Hessian...
Setting operators...
Solving KSP...
KSP solved.
it=43, J=0.30146, dJ=6.76750e-10, ||g||=1.33220e+02, alpha=-3.83095e-04, ksp_its=39, ls_evals=17
Assembling Hessian...
Setting operators...
Solving KSP...
KSP solved.
it=44, J=0.30146, dJ=4.32360e-09, ||g||=1.33177e+02, alpha=3.16988e-04, ksp_its=39, ls_evals=17
Assembling Hessian...
Setting operators...
Solving KSP...
KSP solved.
it=45, J=0.30146, dJ=-8.82674e-10, ||g||=1.33213e+02, alpha=4.95802e-05, ksp_its=39, ls_evals=17
Assembling Hessian...
Setting operators...
Solving KSP...
KSP solved.
it=46, J=0.30146, dJ=-2.70091e-10, ||g||=1.33218e+02, alpha=-3.83095e-04, ksp_its=39, ls_evals=17
Assembling Hessian...
Setting operators...
Solving KSP...
KSP solved.
it=47, J=0.30146, dJ=5.10678e-09, ||g||=1.33175e+02, alpha=3.16988e-04, ksp_its=39, ls_evals=17
Assembling Hessian...
Setting operators...
Solving KSP...
KSP solved.
it=48, J=0.30146, dJ=-7.60138e-10, ||g||=1.33211e+02, alpha=4.95802e-05, ksp_its=39, ls_evals=17
Assembling Hessian...
Setting operators...
Solving KSP...
KSP solved.
it=49, J=0.30146, dJ=-1.12828e-09, ||g||=1.33217e+02, alpha=4.95802e-05, ksp_its=39, ls_evals=17
Assembling Hessian...
Setting operators...
Solving KSP...
KSP solved.
it=50, J=0.30146, dJ=1.62755e-09, ||g||=1.33222e+02, alpha=-3.83095e-04, ksp_its=39, ls_evals=17
Assembling Hessian...
Setting operators...
Solving KSP...
KSP solved.
it=51, J=0.30146, dJ=3.53713e-09, ||g||=1.33179e+02, alpha=3.16988e-04, ksp_its=39, ls_evals=17
Assembling Hessian...
Setting operators...
Solving KSP...
KSP solved.
it=52, J=0.30146, dJ=-1.00574e-09, ||g||=1.33215e+02, alpha=4.95802e-05, ksp_its=39, ls_evals=17
Assembling Hessian...
Setting operators...
Solving KSP...
KSP solved.
it=53, J=0.30146, dJ=6.80696e-10, ||g||=1.33220e+02, alpha=-3.83095e-04, ksp_its=39, ls_evals=17
Assembling Hessian...
Setting operators...
Solving KSP...
KSP solved.
it=54, J=0.30146, dJ=4.32033e-09, ||g||=1.33177e+02, alpha=3.16988e-04, ksp_its=39, ls_evals=17
Assembling Hessian...
Setting operators...
Solving KSP...
KSP solved.
it=55, J=0.30146, dJ=-8.83192e-10, ||g||=1.33213e+02, alpha=4.95802e-05, ksp_its=39, ls_evals=17
Assembling Hessian...
Setting operators...
Solving KSP...
KSP solved.
it=56, J=0.30146, dJ=-2.66135e-10, ||g||=1.33218e+02, alpha=-3.83095e-04, ksp_its=39, ls_evals=17
Assembling Hessian...
Setting operators...
Solving KSP...
KSP solved.
it=57, J=0.30146, dJ=5.10350e-09, ||g||=1.33175e+02, alpha=3.16988e-04, ksp_its=39, ls_evals=17
Assembling Hessian...
Setting operators...
Solving KSP...
KSP solved.
it=58, J=0.30146, dJ=-7.60654e-10, ||g||=1.33211e+02, alpha=4.95802e-05, ksp_its=39, ls_evals=17
Assembling Hessian...
Setting operators...
Solving KSP...
KSP solved.
it=59, J=0.30146, dJ=-1.12879e-09, ||g||=1.33216e+02, alpha=4.95802e-05, ksp_its=39, ls_evals=17
Assembling Hessian...
Setting operators...
Solving KSP...
KSP solved.
it=60, J=0.30146, dJ=1.63150e-09, ||g||=1.33222e+02, alpha=-3.83095e-04, ksp_its=39, ls_evals=17
Assembling Hessian...
Setting operators...
Solving KSP...
KSP solved.
it=61, J=0.30146, dJ=3.53385e-09, ||g||=1.33179e+02, alpha=3.16988e-04, ksp_its=39, ls_evals=17
Assembling Hessian...
Setting operators...
Solving KSP...
KSP solved.
it=62, J=0.30146, dJ=-1.00625e-09, ||g||=1.33215e+02, alpha=4.95802e-05, ksp_its=39, ls_evals=17
Assembling Hessian...
Setting operators...
Solving KSP...
KSP solved.
it=63, J=0.30146, dJ=6.84651e-10, ||g||=1.33220e+02, alpha=-3.83095e-04, ksp_its=39, ls_evals=17
Assembling Hessian...
Setting operators...
Solving KSP...
KSP solved.
it=64, J=0.30146, dJ=4.31704e-09, ||g||=1.33177e+02, alpha=3.16988e-04, ksp_its=39, ls_evals=17
Assembling Hessian...
Setting operators...
Solving KSP...
KSP solved.
it=65, J=0.30146, dJ=-8.83699e-10, ||g||=1.33213e+02, alpha=4.95802e-05, ksp_its=39, ls_evals=17
Assembling Hessian...
Setting operators...
Solving KSP...
KSP solved.
it=66, J=0.30146, dJ=-2.62182e-10, ||g||=1.33218e+02, alpha=-3.83095e-04, ksp_its=39, ls_evals=17
Assembling Hessian...
Setting operators...
Solving KSP...
KSP solved.
it=67, J=0.30146, dJ=5.10022e-09, ||g||=1.33175e+02, alpha=3.16988e-04, ksp_its=39, ls_evals=17
Assembling Hessian...
Setting operators...
Solving KSP...
KSP solved.
it=68, J=0.30146, dJ=-7.61161e-10, ||g||=1.33211e+02, alpha=4.95802e-05, ksp_its=39, ls_evals=17
Assembling Hessian...
Setting operators...
Solving KSP...
KSP solved.
it=69, J=0.30146, dJ=-1.12931e-09, ||g||=1.33216e+02, alpha=4.95802e-05, ksp_its=39, ls_evals=17
Assembling Hessian...
Setting operators...
Solving KSP...
KSP solved.
it=70, J=0.30146, dJ=1.63545e-09, ||g||=1.33222e+02, alpha=-3.83095e-04, ksp_its=39, ls_evals=17
Assembling Hessian...
Setting operators...
Solving KSP...
KSP solved.
it=71, J=0.30146, dJ=3.53057e-09, ||g||=1.33179e+02, alpha=3.16988e-04, ksp_its=39, ls_evals=17
Assembling Hessian...
Setting operators...
Solving KSP...
KSP solved.
it=72, J=0.30146, dJ=-1.00676e-09, ||g||=1.33215e+02, alpha=4.95802e-05, ksp_its=39, ls_evals=17
Assembling Hessian...
Setting operators...
Solving KSP...
KSP solved.
it=73, J=0.30146, dJ=6.88597e-10, ||g||=1.33220e+02, alpha=-3.83095e-04, ksp_its=39, ls_evals=17
Assembling Hessian...
Setting operators...
Solving KSP...
KSP solved.
it=74, J=0.30146, dJ=4.31377e-09, ||g||=1.33177e+02, alpha=3.16988e-04, ksp_its=39, ls_evals=17
Assembling Hessian...
Setting operators...
Solving KSP...
KSP solved.
it=75, J=0.30146, dJ=-8.84210e-10, ||g||=1.33213e+02, alpha=4.95802e-05, ksp_its=39, ls_evals=17
Assembling Hessian...
Setting operators...
Solving KSP...
KSP solved.
it=76, J=0.30146, dJ=-2.58229e-10, ||g||=1.33218e+02, alpha=-3.83095e-04, ksp_its=39, ls_evals=17
Assembling Hessian...
Setting operators...
Solving KSP...
KSP solved.
it=77, J=0.30146, dJ=5.09694e-09, ||g||=1.33175e+02, alpha=3.16988e-04, ksp_its=39, ls_evals=17
Assembling Hessian...
Setting operators...
Solving KSP...
KSP solved.
it=78, J=0.30146, dJ=-7.61671e-10, ||g||=1.33211e+02, alpha=4.95802e-05, ksp_its=39, ls_evals=17
Assembling Hessian...
Setting operators...
Solving KSP...
KSP solved.
it=79, J=0.30146, dJ=-1.12982e-09, ||g||=1.33216e+02, alpha=4.95802e-05, ksp_its=39, ls_evals=17
Assembling Hessian...
Setting operators...
Solving KSP...
KSP solved.
it=80, J=0.30146, dJ=1.63940e-09, ||g||=1.33222e+02, alpha=-3.83095e-04, ksp_its=39, ls_evals=17
Assembling Hessian...
Setting operators...
Solving KSP...
KSP solved.
it=81, J=0.30146, dJ=3.52729e-09, ||g||=1.33179e+02, alpha=3.16988e-04, ksp_its=39, ls_evals=17
Assembling Hessian...
Setting operators...
Solving KSP...
KSP solved.
it=82, J=0.30146, dJ=-1.00726e-09, ||g||=1.33215e+02, alpha=4.95802e-05, ksp_its=39, ls_evals=17
Assembling Hessian...
Setting operators...
Solving KSP...
KSP solved.
it=83, J=0.30146, dJ=6.92550e-10, ||g||=1.33220e+02, alpha=-3.83095e-04, ksp_its=39, ls_evals=17
Assembling Hessian...
Setting operators...
Solving KSP...
KSP solved.
it=84, J=0.30146, dJ=4.31048e-09, ||g||=1.33177e+02, alpha=3.16988e-04, ksp_its=39, ls_evals=17
Assembling Hessian...
Setting operators...
Solving KSP...
KSP solved.
it=85, J=0.30146, dJ=-8.84724e-10, ||g||=1.33213e+02, alpha=4.95802e-05, ksp_its=39, ls_evals=17
Assembling Hessian...
Setting operators...
Solving KSP...
KSP solved.
it=86, J=0.30146, dJ=-2.54273e-10, ||g||=1.33218e+02, alpha=-3.83095e-04, ksp_its=39, ls_evals=17
Assembling Hessian...
Setting operators...
Solving KSP...
KSP solved.
it=87, J=0.30146, dJ=5.09367e-09, ||g||=1.33175e+02, alpha=3.16988e-04, ksp_its=39, ls_evals=17
Assembling Hessian...
Setting operators...
Solving KSP...
KSP solved.
it=88, J=0.30146, dJ=-7.62183e-10, ||g||=1.33211e+02, alpha=4.95802e-05, ksp_its=39, ls_evals=17
Assembling Hessian...
Setting operators...
Solving KSP...
KSP solved.
it=89, J=0.30146, dJ=-1.13033e-09, ||g||=1.33216e+02, alpha=4.95802e-05, ksp_its=39, ls_evals=17
Assembling Hessian...
Setting operators...
Solving KSP...
KSP solved.
it=90, J=0.30146, dJ=1.64335e-09, ||g||=1.33222e+02, alpha=-3.83095e-04, ksp_its=39, ls_evals=17
Assembling Hessian...
Setting operators...
Solving KSP...
KSP solved.
it=91, J=0.30146, dJ=3.52402e-09, ||g||=1.33179e+02, alpha=3.16988e-04, ksp_its=39, ls_evals=17
Assembling Hessian...
Setting operators...
Solving KSP...
KSP solved.
it=92, J=0.30146, dJ=-1.00778e-09, ||g||=1.33214e+02, alpha=4.95802e-05, ksp_its=39, ls_evals=17
Assembling Hessian...
Setting operators...
Solving KSP...
KSP solved.
it=93, J=0.30146, dJ=6.96501e-10, ||g||=1.33220e+02, alpha=-3.83095e-04, ksp_its=39, ls_evals=17
Assembling Hessian...
Setting operators...
Solving KSP...
KSP solved.
it=94, J=0.30146, dJ=4.30721e-09, ||g||=1.33177e+02, alpha=3.16988e-04, ksp_its=39, ls_evals=17
Assembling Hessian...
Setting operators...
Solving KSP...
KSP solved.
it=95, J=0.30146, dJ=-8.85238e-10, ||g||=1.33213e+02, alpha=4.95802e-05, ksp_its=39, ls_evals=17
Assembling Hessian...
Setting operators...
Solving KSP...
KSP solved.
it=96, J=0.30146, dJ=-2.50320e-10, ||g||=1.33218e+02, alpha=-3.83095e-04, ksp_its=39, ls_evals=17
Assembling Hessian...
Setting operators...
Solving KSP...
KSP solved.
it=97, J=0.30146, dJ=5.09038e-09, ||g||=1.33175e+02, alpha=3.16988e-04, ksp_its=39, ls_evals=17
Assembling Hessian...
Setting operators...
Solving KSP...
KSP solved.
it=98, J=0.30146, dJ=-7.62696e-10, ||g||=1.33211e+02, alpha=4.95802e-05, ksp_its=39, ls_evals=17
Assembling Hessian...
Setting operators...
Solving KSP...
KSP solved.
it=99, J=0.30146, dJ=-1.13083e-09, ||g||=1.33216e+02, alpha=4.95802e-05, ksp_its=39, ls_evals=17
Assembling Hessian...
Setting operators...
Solving KSP...
KSP solved.
it=100, J=0.30146, dJ=1.64730e-09, ||g||=1.33222e+02, alpha=-3.83095e-04, ksp_its=39, ls_evals=17
Step 1: primary failed with max Newton iterations, retrying with tighter linear solve / safer line-search.
Assembling Hessian...
Setting operators...
Solving KSP...
KSP solved.
it=1, J=34.43862, dJ=2.15357e+01, ||g||=3.09048e+03, alpha=3.28464e-01, ksp_its=22, ls_evals=16
Assembling Hessian...
Setting operators...
Solving KSP...
KSP solved.
it=2, J=5.71416, dJ=2.87245e+01, ||g||=2.47379e+03, alpha=9.66631e-01, ksp_its=13, ls_evals=16
Assembling Hessian...
Setting operators...
Solving KSP...
KSP solved.
it=3, J=2.13183, dJ=3.58234e+00, ||g||=9.15026e+02, alpha=9.99660e-01, ksp_its=27, ls_evals=16
Assembling Hessian...
Setting operators...
Solving KSP...
KSP solved.
it=4, J=1.02383, dJ=1.10800e+00, ||g||=4.31349e+02, alpha=9.99660e-01, ksp_its=55, ls_evals=16
Assembling Hessian...
Setting operators...
Solving KSP...
KSP solved.
it=5, J=0.74655, dJ=2.77284e-01, ||g||=1.33541e+02, alpha=5.60446e-01, ksp_its=30, ls_evals=16
Assembling Hessian...
Setting operators...
Solving KSP...
KSP solved.
it=6, J=0.50659, dJ=2.39954e-01, ||g||=1.74789e+02, alpha=9.99660e-01, ksp_its=39, ls_evals=16
Assembling Hessian...
Setting operators...
Solving KSP...
KSP solved.
it=7, J=0.42349, dJ=8.31008e-02, ||g||=5.57463e+01, alpha=5.89917e-01, ksp_its=71, ls_evals=16
Assembling Hessian...
Setting operators...
Solving KSP...
KSP solved.
it=8, J=0.33404, dJ=8.94558e-02, ||g||=9.99044e+01, alpha=9.99660e-01, ksp_its=39, ls_evals=16
Assembling Hessian...
Setting operators...
Solving KSP...
KSP solved.
it=9, J=0.30260, dJ=3.14372e-02, ||g||=4.08348e+01, alpha=4.79733e-01, ksp_its=105, ls_evals=16
Assembling Hessian...
Setting operators...
Solving KSP...
KSP solved.
it=10, J=0.25984, dJ=4.27637e-02, ||g||=6.56177e+01, alpha=9.99660e-01, ksp_its=38, ls_evals=16
Assembling Hessian...
Setting operators...
Solving KSP...
KSP solved.
it=11, J=0.24502, dJ=1.48131e-02, ||g||=5.00715e+01, alpha=5.30296e-01, ksp_its=97, ls_evals=16
Assembling Hessian...
Setting operators...
Solving KSP...
KSP solved.
it=12, J=0.23649, dJ=8.52876e-03, ||g||=6.14349e+01, alpha=6.78167e-01, ksp_its=51, ls_evals=16
Assembling Hessian...
Setting operators...
Solving KSP...
KSP solved.
it=13, J=0.23630, dJ=1.89653e-04, ||g||=7.53589e+01, alpha=-7.73007e-02, ksp_its=66, ls_evals=16
Assembling Hessian...
Setting operators...
Solving KSP...
KSP solved.
it=14, J=0.23630, dJ=1.77128e-06, ||g||=7.15300e+01, alpha=8.07082e-03, ksp_its=60, ls_evals=16
Assembling Hessian...
Setting operators...
Solving KSP...
KSP solved.
it=15, J=0.23630, dJ=3.17445e-08, ||g||=7.18820e+01, alpha=-9.86430e-04, ksp_its=61, ls_evals=16
Assembling Hessian...
Setting operators...
Solving KSP...
KSP solved.
it=16, J=0.23630, dJ=-1.26367e-10, ||g||=7.18384e+01, alpha=1.13276e-04, ksp_its=60, ls_evals=16
Assembling Hessian...
Setting operators...
Solving KSP...
KSP solved.
it=17, J=0.23630, dJ=-9.38331e-10, ||g||=7.18434e+01, alpha=1.13276e-04, ksp_its=60, ls_evals=16
Assembling Hessian...
Setting operators...
Solving KSP...
KSP solved.
it=18, J=0.23630, dJ=1.08579e-09, ||g||=7.18484e+01, alpha=-3.06774e-04, ksp_its=60, ls_evals=16
Assembling Hessian...
Setting operators...
Solving KSP...
KSP solved.
it=19, J=0.23630, dJ=4.48986e-10, ||g||=7.18349e+01, alpha=1.13276e-04, ksp_its=60, ls_evals=16
Assembling Hessian...
Setting operators...
Solving KSP...
KSP solved.
it=20, J=0.23630, dJ=-3.62891e-10, ||g||=7.18399e+01, alpha=1.13276e-04, ksp_its=60, ls_evals=16
Assembling Hessian...
Setting operators...
Solving KSP...
KSP solved.
it=21, J=0.23630, dJ=-4.72621e-10, ||g||=7.18449e+01, alpha=-3.06774e-04, ksp_its=60, ls_evals=16
Assembling Hessian...
Setting operators...
Solving KSP...
KSP solved.
it=22, J=0.23630, dJ=1.02427e-09, ||g||=7.18313e+01, alpha=1.13276e-04, ksp_its=60, ls_evals=16
Assembling Hessian...
Setting operators...
Solving KSP...
KSP solved.
it=23, J=0.23630, dJ=2.12485e-10, ||g||=7.18363e+01, alpha=1.13276e-04, ksp_its=60, ls_evals=16
Assembling Hessian...
Setting operators...
Solving KSP...
KSP solved.
it=24, J=0.23630, dJ=-5.99427e-10, ||g||=7.18413e+01, alpha=1.13276e-04, ksp_its=60, ls_evals=16
Assembling Hessian...
Setting operators...
Solving KSP...
KSP solved.
it=25, J=0.23630, dJ=1.67974e-10, ||g||=7.18463e+01, alpha=-3.06774e-04, ksp_its=60, ls_evals=16
Assembling Hessian...
Setting operators...
Solving KSP...
KSP solved.
it=26, J=0.23630, dJ=7.87790e-10, ||g||=7.18328e+01, alpha=1.13276e-04, ksp_its=60, ls_evals=16
Assembling Hessian...
Setting operators...
Solving KSP...
KSP solved.
it=27, J=0.23630, dJ=-2.40225e-11, ||g||=7.18378e+01, alpha=1.13276e-04, ksp_its=60, ls_evals=16
Assembling Hessian...
Setting operators...
Solving KSP...
KSP solved.
it=28, J=0.23630, dJ=-8.35973e-10, ||g||=7.18428e+01, alpha=1.13276e-04, ksp_its=60, ls_evals=16
Assembling Hessian...
Setting operators...
Solving KSP...
KSP solved.
it=29, J=0.23630, dJ=8.08594e-10, ||g||=7.18478e+01, alpha=-3.06774e-04, ksp_its=60, ls_evals=16
Assembling Hessian...
Setting operators...
Solving KSP...
KSP solved.
it=30, J=0.23630, dJ=5.51313e-10, ||g||=7.18343e+01, alpha=1.13276e-04, ksp_its=60, ls_evals=16
Assembling Hessian...
Setting operators...
Solving KSP...
KSP solved.
it=31, J=0.23630, dJ=-2.60543e-10, ||g||=7.18393e+01, alpha=1.13276e-04, ksp_its=60, ls_evals=16
Assembling Hessian...
Setting operators...
Solving KSP...
KSP solved.
it=32, J=0.23630, dJ=-7.49792e-10, ||g||=7.18443e+01, alpha=-3.06774e-04, ksp_its=60, ls_evals=16
Assembling Hessian...
Setting operators...
Solving KSP...
KSP solved.
it=33, J=0.23630, dJ=1.12659e-09, ||g||=7.18307e+01, alpha=1.13276e-04, ksp_its=60, ls_evals=16
Assembling Hessian...
Setting operators...
Solving KSP...
KSP solved.
it=34, J=0.23630, dJ=3.14816e-10, ||g||=7.18357e+01, alpha=1.13276e-04, ksp_its=60, ls_evals=16
Assembling Hessian...
Setting operators...
Solving KSP...
KSP solved.
it=35, J=0.23630, dJ=-4.97079e-10, ||g||=7.18407e+01, alpha=1.13276e-04, ksp_its=60, ls_evals=16
Assembling Hessian...
Setting operators...
Solving KSP...
KSP solved.
it=36, J=0.23630, dJ=-1.09209e-10, ||g||=7.18457e+01, alpha=-3.06774e-04, ksp_its=60, ls_evals=16
Assembling Hessian...
Setting operators...
Solving KSP...
KSP solved.
it=37, J=0.23630, dJ=8.90118e-10, ||g||=7.18322e+01, alpha=1.13276e-04, ksp_its=60, ls_evals=16
Assembling Hessian...
Setting operators...
Solving KSP...
KSP solved.
it=38, J=0.23630, dJ=7.83121e-11, ||g||=7.18372e+01, alpha=1.13276e-04, ksp_its=60, ls_evals=16
Assembling Hessian...
Setting operators...
Solving KSP...
KSP solved.
it=39, J=0.23630, dJ=-7.33624e-10, ||g||=7.18422e+01, alpha=1.13276e-04, ksp_its=60, ls_evals=16
Assembling Hessian...
Setting operators...
Solving KSP...
KSP solved.
it=40, J=0.23630, dJ=5.31407e-10, ||g||=7.18472e+01, alpha=-3.06774e-04, ksp_its=60, ls_evals=16
Assembling Hessian...
Setting operators...
Solving KSP...
KSP solved.
it=41, J=0.23630, dJ=6.53635e-10, ||g||=7.18336e+01, alpha=1.13276e-04, ksp_its=60, ls_evals=16
Assembling Hessian...
Setting operators...
Solving KSP...
KSP solved.
it=42, J=0.23630, dJ=-1.58208e-10, ||g||=7.18386e+01, alpha=1.13276e-04, ksp_its=60, ls_evals=16
Assembling Hessian...
Setting operators...
Solving KSP...
KSP solved.
it=43, J=0.23630, dJ=-9.70178e-10, ||g||=7.18436e+01, alpha=1.13276e-04, ksp_its=60, ls_evals=16
Assembling Hessian...
Setting operators...
Solving KSP...
KSP solved.
it=44, J=0.23630, dJ=1.17205e-09, ||g||=7.18486e+01, alpha=-3.06774e-04, ksp_its=60, ls_evals=16
Assembling Hessian...
Setting operators...
Solving KSP...
KSP solved.
it=45, J=0.23630, dJ=4.17144e-10, ||g||=7.18351e+01, alpha=1.13276e-04, ksp_its=60, ls_evals=16
Assembling Hessian...
Setting operators...
Solving KSP...
KSP solved.
it=46, J=0.23630, dJ=-3.94733e-10, ||g||=7.18401e+01, alpha=1.13276e-04, ksp_its=60, ls_evals=16
Assembling Hessian...
Setting operators...
Solving KSP...
KSP solved.
it=47, J=0.23630, dJ=-3.86378e-10, ||g||=7.18451e+01, alpha=-3.06774e-04, ksp_its=60, ls_evals=16
Assembling Hessian...
Setting operators...
Solving KSP...
KSP solved.
it=48, J=0.23630, dJ=9.92431e-10, ||g||=7.18315e+01, alpha=1.13276e-04, ksp_its=60, ls_evals=16
Assembling Hessian...
Setting operators...
Solving KSP...
KSP solved.
it=49, J=0.23630, dJ=1.80650e-10, ||g||=7.18365e+01, alpha=1.13276e-04, ksp_its=60, ls_evals=16
Assembling Hessian...
Setting operators...
Solving KSP...
KSP solved.
it=50, J=0.23630, dJ=-6.31276e-10, ||g||=7.18415e+01, alpha=1.13276e-04, ksp_its=60, ls_evals=16
Assembling Hessian...
Setting operators...
Solving KSP...
KSP solved.
it=51, J=0.23630, dJ=2.54218e-10, ||g||=7.18465e+01, alpha=-3.06774e-04, ksp_its=60, ls_evals=16
Assembling Hessian...
Setting operators...
Solving KSP...
KSP solved.
it=52, J=0.23630, dJ=7.55962e-10, ||g||=7.18330e+01, alpha=1.13276e-04, ksp_its=60, ls_evals=16
Assembling Hessian...
Setting operators...
Solving KSP...
KSP solved.
it=53, J=0.23630, dJ=-5.58716e-11, ||g||=7.18380e+01, alpha=1.13276e-04, ksp_its=60, ls_evals=16
Assembling Hessian...
Setting operators...
Solving KSP...
KSP solved.
it=54, J=0.23630, dJ=-8.67822e-10, ||g||=7.18430e+01, alpha=1.13276e-04, ksp_its=60, ls_evals=16
Assembling Hessian...
Setting operators...
Solving KSP...
KSP solved.
it=55, J=0.23630, dJ=8.94847e-10, ||g||=7.18480e+01, alpha=-3.06774e-04, ksp_its=60, ls_evals=16
Assembling Hessian...
Setting operators...
Solving KSP...
KSP solved.
it=56, J=0.23630, dJ=5.19474e-10, ||g||=7.18345e+01, alpha=1.13276e-04, ksp_its=60, ls_evals=16
Assembling Hessian...
Setting operators...
Solving KSP...
KSP solved.
it=57, J=0.23630, dJ=-2.92392e-10, ||g||=7.18395e+01, alpha=1.13276e-04, ksp_its=60, ls_evals=16
Assembling Hessian...
Setting operators...
Solving KSP...
KSP solved.
it=58, J=0.23630, dJ=-6.63546e-10, ||g||=7.18444e+01, alpha=-3.06774e-04, ksp_its=60, ls_evals=16
Assembling Hessian...
Setting operators...
Solving KSP...
KSP solved.
it=59, J=0.23630, dJ=1.09475e-09, ||g||=7.18309e+01, alpha=1.13276e-04, ksp_its=60, ls_evals=16
Assembling Hessian...
Setting operators...
Solving KSP...
KSP solved.
it=60, J=0.23630, dJ=2.82976e-10, ||g||=7.18359e+01, alpha=1.13276e-04, ksp_its=60, ls_evals=16
Assembling Hessian...
Setting operators...
Solving KSP...
KSP solved.
it=61, J=0.23630, dJ=-5.28928e-10, ||g||=7.18409e+01, alpha=1.13276e-04, ksp_its=60, ls_evals=16
Assembling Hessian...
Setting operators...
Solving KSP...
KSP solved.
it=62, J=0.23630, dJ=-2.29625e-11, ||g||=7.18459e+01, alpha=-3.06774e-04, ksp_its=60, ls_evals=16
Assembling Hessian...
Setting operators...
Solving KSP...
KSP solved.
it=63, J=0.23630, dJ=8.58283e-10, ||g||=7.18324e+01, alpha=1.13276e-04, ksp_its=60, ls_evals=16
Assembling Hessian...
Setting operators...
Solving KSP...
KSP solved.
it=64, J=0.23630, dJ=4.64705e-11, ||g||=7.18374e+01, alpha=1.13276e-04, ksp_its=60, ls_evals=16
Assembling Hessian...
Setting operators...
Solving KSP...
KSP solved.
it=65, J=0.23630, dJ=-7.65478e-10, ||g||=7.18424e+01, alpha=1.13276e-04, ksp_its=60, ls_evals=16
Assembling Hessian...
Setting operators...
Solving KSP...
KSP solved.
it=66, J=0.23630, dJ=6.17659e-10, ||g||=7.18474e+01, alpha=-3.06774e-04, ksp_its=60, ls_evals=16
Assembling Hessian...
Setting operators...
Solving KSP...
KSP solved.
it=67, J=0.23630, dJ=6.21795e-10, ||g||=7.18338e+01, alpha=1.13276e-04, ksp_its=60, ls_evals=16
Assembling Hessian...
Setting operators...
Solving KSP...
KSP solved.
it=68, J=0.23630, dJ=-1.90049e-10, ||g||=7.18388e+01, alpha=1.13276e-04, ksp_its=60, ls_evals=16
Assembling Hessian...
Setting operators...
Solving KSP...
KSP solved.
it=69, J=0.23630, dJ=-9.40704e-10, ||g||=7.18438e+01, alpha=-3.06774e-04, ksp_its=60, ls_evals=16
Assembling Hessian...
Setting operators...
Solving KSP...
KSP solved.
it=70, J=0.23630, dJ=1.19706e-09, ||g||=7.18303e+01, alpha=1.13276e-04, ksp_its=60, ls_evals=16
Assembling Hessian...
Setting operators...
Solving KSP...
KSP solved.
it=71, J=0.23630, dJ=3.85306e-10, ||g||=7.18353e+01, alpha=1.13276e-04, ksp_its=60, ls_evals=16
Assembling Hessian...
Setting operators...
Solving KSP...
KSP solved.
it=72, J=0.23630, dJ=-4.26577e-10, ||g||=7.18403e+01, alpha=1.13276e-04, ksp_its=60, ls_evals=16
Assembling Hessian...
Setting operators...
Solving KSP...
KSP solved.
it=73, J=0.23630, dJ=-3.00139e-10, ||g||=7.18453e+01, alpha=-3.06774e-04, ksp_its=60, ls_evals=16
Assembling Hessian...
Setting operators...
Solving KSP...
KSP solved.
it=74, J=0.23630, dJ=9.60597e-10, ||g||=7.18317e+01, alpha=1.13276e-04, ksp_its=60, ls_evals=16
Assembling Hessian...
Setting operators...
Solving KSP...
KSP solved.
it=75, J=0.23630, dJ=1.48802e-10, ||g||=7.18367e+01, alpha=1.13276e-04, ksp_its=60, ls_evals=16
Assembling Hessian...
Setting operators...
Solving KSP...
KSP solved.
it=76, J=0.23630, dJ=-6.63122e-10, ||g||=7.18417e+01, alpha=1.13276e-04, ksp_its=60, ls_evals=16
Assembling Hessian...
Setting operators...
Solving KSP...
KSP solved.
it=77, J=0.23630, dJ=3.40468e-10, ||g||=7.18467e+01, alpha=-3.06774e-04, ksp_its=60, ls_evals=16
Assembling Hessian...
Setting operators...
Solving KSP...
KSP solved.
it=78, J=0.23630, dJ=7.24118e-10, ||g||=7.18332e+01, alpha=1.13276e-04, ksp_its=60, ls_evals=16
Assembling Hessian...
Setting operators...
Solving KSP...
KSP solved.
it=79, J=0.23630, dJ=-8.77035e-11, ||g||=7.18382e+01, alpha=1.13276e-04, ksp_its=60, ls_evals=16
Assembling Hessian...
Setting operators...
Solving KSP...
KSP solved.
it=80, J=0.23630, dJ=-8.99672e-10, ||g||=7.18432e+01, alpha=1.13276e-04, ksp_its=60, ls_evals=16
Assembling Hessian...
Setting operators...
Solving KSP...
KSP solved.
it=81, J=0.23630, dJ=9.81094e-10, ||g||=7.18482e+01, alpha=-3.06774e-04, ksp_its=60, ls_evals=16
Assembling Hessian...
Setting operators...
Solving KSP...
KSP solved.
it=82, J=0.23630, dJ=4.87636e-10, ||g||=7.18346e+01, alpha=1.13276e-04, ksp_its=60, ls_evals=16
Assembling Hessian...
Setting operators...
Solving KSP...
KSP solved.
it=83, J=0.23630, dJ=-3.24235e-10, ||g||=7.18396e+01, alpha=1.13276e-04, ksp_its=60, ls_evals=16
Assembling Hessian...
Setting operators...
Solving KSP...
KSP solved.
it=84, J=0.23630, dJ=-5.77302e-10, ||g||=7.18446e+01, alpha=-3.06774e-04, ksp_its=60, ls_evals=16
Assembling Hessian...
Setting operators...
Solving KSP...
KSP solved.
it=85, J=0.23630, dJ=1.06291e-09, ||g||=7.18311e+01, alpha=1.13276e-04, ksp_its=60, ls_evals=16
Assembling Hessian...
Setting operators...
Solving KSP...
KSP solved.
it=86, J=0.23630, dJ=2.51133e-10, ||g||=7.18361e+01, alpha=1.13276e-04, ksp_its=60, ls_evals=16
Assembling Hessian...
Setting operators...
Solving KSP...
KSP solved.
it=87, J=0.23630, dJ=-5.60766e-10, ||g||=7.18411e+01, alpha=1.13276e-04, ksp_its=60, ls_evals=16
Assembling Hessian...
Setting operators...
Solving KSP...
KSP solved.
it=88, J=0.23630, dJ=6.32794e-11, ||g||=7.18461e+01, alpha=-3.06774e-04, ksp_its=60, ls_evals=16
Assembling Hessian...
Setting operators...
Solving KSP...
KSP solved.
it=89, J=0.23630, dJ=8.26447e-10, ||g||=7.18326e+01, alpha=1.13276e-04, ksp_its=60, ls_evals=16
Assembling Hessian...
Setting operators...
Solving KSP...
KSP solved.
it=90, J=0.23630, dJ=1.46251e-11, ||g||=7.18376e+01, alpha=1.13276e-04, ksp_its=60, ls_evals=16
Assembling Hessian...
Setting operators...
Solving KSP...
KSP solved.
it=91, J=0.23630, dJ=-7.97320e-10, ||g||=7.18426e+01, alpha=1.13276e-04, ksp_its=60, ls_evals=16
Assembling Hessian...
Setting operators...
Solving KSP...
KSP solved.
it=92, J=0.23630, dJ=7.03902e-10, ||g||=7.18476e+01, alpha=-3.06774e-04, ksp_its=60, ls_evals=16
Assembling Hessian...
Setting operators...
Solving KSP...
KSP solved.
it=93, J=0.23630, dJ=5.89961e-10, ||g||=7.18340e+01, alpha=1.13276e-04, ksp_its=60, ls_evals=16
Assembling Hessian...
Setting operators...
Solving KSP...
KSP solved.
it=94, J=0.23630, dJ=-2.21894e-10, ||g||=7.18390e+01, alpha=1.13276e-04, ksp_its=60, ls_evals=16
Assembling Hessian...
Setting operators...
Solving KSP...
KSP solved.
it=95, J=0.23630, dJ=-8.54463e-10, ||g||=7.18440e+01, alpha=-3.06774e-04, ksp_its=60, ls_evals=16
Assembling Hessian...
Setting operators...
Solving KSP...
KSP solved.
it=96, J=0.23630, dJ=1.16523e-09, ||g||=7.18305e+01, alpha=1.13276e-04, ksp_its=60, ls_evals=16
Assembling Hessian...
Setting operators...
Solving KSP...
KSP solved.
it=97, J=0.23630, dJ=3.53467e-10, ||g||=7.18355e+01, alpha=1.13276e-04, ksp_its=60, ls_evals=16
Assembling Hessian...
Setting operators...
Solving KSP...
KSP solved.
it=98, J=0.23630, dJ=-4.58423e-10, ||g||=7.18405e+01, alpha=1.13276e-04, ksp_its=60, ls_evals=16
Assembling Hessian...
Setting operators...
Solving KSP...
KSP solved.
it=99, J=0.23630, dJ=-2.13890e-10, ||g||=7.18455e+01, alpha=-3.06774e-04, ksp_its=60, ls_evals=16
Assembling Hessian...
Setting operators...
Solving KSP...
KSP solved.
it=100, J=0.23630, dJ=9.28759e-10, ||g||=7.18319e+01, alpha=1.13276e-04, ksp_its=60, ls_evals=16
Step 1 finished: Energy = 0.236303, Iters = 100
Stopping early at step 1 due to solver message: Maximum number of iterations reached
{
  "mesh_level": 3,
  "total_dofs": 78003,
  "steps": [
    {
      "step": 1,
      "angle": 1.0471975511965976,
      "time": 10.6633,
      "iters": 100,
      "energy": 0.236303,
      "message": "Maximum number of iterations reached",
      "attempt": "repair",
      "ksp_rtol_used": 0.0001,
      "ksp_max_it_used": 20000,
      "linesearch_interval_used": [
        -0.5,
        1.0
      ],
      "linear_timing": [
        {
          "assemble_time": 0.013054,
          "setop_time": 3.1e-05,
          "pc_setup_time": 0.012982,
          "solve_time": 0.024829,
          "linear_total_time": 0.050896
        },
        {
          "assemble_time": 0.013019,
          "setop_time": 2.9e-05,
          "pc_setup_time": 0.01298,
          "solve_time": 0.014687,
          "linear_total_time": 0.040715
        },
        {
          "assemble_time": 0.013015,
          "setop_time": 3.6e-05,
          "pc_setup_time": 0.013121,
          "solve_time": 0.030558,
          "linear_total_time": 0.05673
        },
        {
          "assemble_time": 0.013036,
          "setop_time": 3.1e-05,
          "pc_setup_time": 0.01314,
          "solve_time": 0.061899,
          "linear_total_time": 0.088106
        },
        {
          "assemble_time": 0.013065,
          "setop_time": 2.9e-05,
          "pc_setup_time": 0.013183,
          "solve_time": 0.034646,
          "linear_total_time": 0.060922
        },
        {
          "assemble_time": 0.013117,
          "setop_time": 3.2e-05,
          "pc_setup_time": 0.013039,
          "solve_time": 0.044127,
          "linear_total_time": 0.070314
        },
        {
          "assemble_time": 0.013094,
          "setop_time": 3.1e-05,
          "pc_setup_time": 0.013028,
          "solve_time": 0.080153,
          "linear_total_time": 0.106305
        },
        {
          "assemble_time": 0.012958,
          "setop_time": 3.2e-05,
          "pc_setup_time": 0.013113,
          "solve_time": 0.044709,
          "linear_total_time": 0.070812
        },
        {
          "assemble_time": 0.013095,
          "setop_time": 3e-05,
          "pc_setup_time": 0.013018,
          "solve_time": 0.119928,
          "linear_total_time": 0.146071
        },
        {
          "assemble_time": 0.012955,
          "setop_time": 3e-05,
          "pc_setup_time": 0.013008,
          "solve_time": 0.044129,
          "linear_total_time": 0.070122
        },
        {
          "assemble_time": 0.013056,
          "setop_time": 3e-05,
          "pc_setup_time": 0.013006,
          "solve_time": 0.109456,
          "linear_total_time": 0.135549
        },
        {
          "assemble_time": 0.012913,
          "setop_time": 2.9e-05,
          "pc_setup_time": 0.013085,
          "solve_time": 0.057916,
          "linear_total_time": 0.083944
        },
        {
          "assemble_time": 0.013055,
          "setop_time": 3.2e-05,
          "pc_setup_time": 0.013279,
          "solve_time": 0.075129,
          "linear_total_time": 0.101495
        },
        {
          "assemble_time": 0.013046,
          "setop_time": 3.1e-05,
          "pc_setup_time": 0.013193,
          "solve_time": 0.067887,
          "linear_total_time": 0.094158
        },
        {
          "assemble_time": 0.013145,
          "setop_time": 3.4e-05,
          "pc_setup_time": 0.012883,
          "solve_time": 0.071283,
          "linear_total_time": 0.097345
        },
        {
          "assemble_time": 0.012982,
          "setop_time": 3e-05,
          "pc_setup_time": 0.012991,
          "solve_time": 0.06838,
          "linear_total_time": 0.094382
        },
        {
          "assemble_time": 0.013069,
          "setop_time": 3e-05,
          "pc_setup_time": 0.013091,
          "solve_time": 0.068338,
          "linear_total_time": 0.094528
        },
        {
          "assemble_time": 0.013174,
          "setop_time": 3e-05,
          "pc_setup_time": 0.013354,
          "solve_time": 0.068028,
          "linear_total_time": 0.094587
        },
        {
          "assemble_time": 0.013072,
          "setop_time": 3.2e-05,
          "pc_setup_time": 0.013156,
          "solve_time": 0.068242,
          "linear_total_time": 0.094501
        },
        {
          "assemble_time": 0.013096,
          "setop_time": 3.1e-05,
          "pc_setup_time": 0.013024,
          "solve_time": 0.068494,
          "linear_total_time": 0.094646
        },
        {
          "assemble_time": 0.013001,
          "setop_time": 2.9e-05,
          "pc_setup_time": 0.013006,
          "solve_time": 0.068229,
          "linear_total_time": 0.094265
        },
        {
          "assemble_time": 0.013157,
          "setop_time": 2.7e-05,
          "pc_setup_time": 0.0135,
          "solve_time": 0.068081,
          "linear_total_time": 0.094765
        },
        {
          "assemble_time": 0.013043,
          "setop_time": 2.7e-05,
          "pc_setup_time": 0.013195,
          "solve_time": 0.068874,
          "linear_total_time": 0.09514
        },
        {
          "assemble_time": 0.013136,
          "setop_time": 3.5e-05,
          "pc_setup_time": 0.013294,
          "solve_time": 0.068357,
          "linear_total_time": 0.094822
        },
        {
          "assemble_time": 0.013113,
          "setop_time": 4.1e-05,
          "pc_setup_time": 0.013158,
          "solve_time": 0.068099,
          "linear_total_time": 0.094411
        },
        {
          "assemble_time": 0.013229,
          "setop_time": 2.9e-05,
          "pc_setup_time": 0.01314,
          "solve_time": 0.06861,
          "linear_total_time": 0.095007
        },
        {
          "assemble_time": 0.013012,
          "setop_time": 3.1e-05,
          "pc_setup_time": 0.013121,
          "solve_time": 0.068354,
          "linear_total_time": 0.094519
        },
        {
          "assemble_time": 0.013111,
          "setop_time": 3e-05,
          "pc_setup_time": 0.013393,
          "solve_time": 0.068841,
          "linear_total_time": 0.095375
        },
        {
          "assemble_time": 0.013037,
          "setop_time": 2.7e-05,
          "pc_setup_time": 0.013372,
          "solve_time": 0.068547,
          "linear_total_time": 0.094984
        },
        {
          "assemble_time": 0.013074,
          "setop_time": 3.3e-05,
          "pc_setup_time": 0.013363,
          "solve_time": 0.068503,
          "linear_total_time": 0.094971
        },
        {
          "assemble_time": 0.013011,
          "setop_time": 3.6e-05,
          "pc_setup_time": 0.013445,
          "solve_time": 0.068558,
          "linear_total_time": 0.095051
        },
        {
          "assemble_time": 0.013222,
          "setop_time": 2.8e-05,
          "pc_setup_time": 0.013122,
          "solve_time": 0.068722,
          "linear_total_time": 0.095094
        },
        {
          "assemble_time": 0.013073,
          "setop_time": 3e-05,
          "pc_setup_time": 0.013091,
          "solve_time": 0.068381,
          "linear_total_time": 0.094575
        },
        {
          "assemble_time": 0.013061,
          "setop_time": 3e-05,
          "pc_setup_time": 0.013372,
          "solve_time": 0.068253,
          "linear_total_time": 0.094716
        },
        {
          "assemble_time": 0.012978,
          "setop_time": 2.9e-05,
          "pc_setup_time": 0.013341,
          "solve_time": 0.06851,
          "linear_total_time": 0.094858
        },
        {
          "assemble_time": 0.013213,
          "setop_time": 3.7e-05,
          "pc_setup_time": 0.013578,
          "solve_time": 0.067852,
          "linear_total_time": 0.09468
        },
        {
          "assemble_time": 0.013025,
          "setop_time": 3.2e-05,
          "pc_setup_time": 0.013286,
          "solve_time": 0.068958,
          "linear_total_time": 0.095301
        },
        {
          "assemble_time": 0.013134,
          "setop_time": 3.1e-05,
          "pc_setup_time": 0.013139,
          "solve_time": 0.06861,
          "linear_total_time": 0.094914
        },
        {
          "assemble_time": 0.013048,
          "setop_time": 3.1e-05,
          "pc_setup_time": 0.013018,
          "solve_time": 0.068455,
          "linear_total_time": 0.094553
        },
        {
          "assemble_time": 0.01308,
          "setop_time": 2.7e-05,
          "pc_setup_time": 0.013658,
          "solve_time": 0.068663,
          "linear_total_time": 0.095429
        },
        {
          "assemble_time": 0.013059,
          "setop_time": 3.2e-05,
          "pc_setup_time": 0.013143,
          "solve_time": 0.068715,
          "linear_total_time": 0.09495
        },
        {
          "assemble_time": 0.013145,
          "setop_time": 2.7e-05,
          "pc_setup_time": 0.013513,
          "solve_time": 0.069083,
          "linear_total_time": 0.095768
        },
        {
          "assemble_time": 0.013166,
          "setop_time": 2.3e-05,
          "pc_setup_time": 0.013061,
          "solve_time": 0.068597,
          "linear_total_time": 0.094847
        },
        {
          "assemble_time": 0.013131,
          "setop_time": 3e-05,
          "pc_setup_time": 0.013021,
          "solve_time": 0.068423,
          "linear_total_time": 0.094604
        },
        {
          "assemble_time": 0.013103,
          "setop_time": 3.2e-05,
          "pc_setup_time": 0.013201,
          "solve_time": 0.068287,
          "linear_total_time": 0.094624
        },
        {
          "assemble_time": 0.013107,
          "setop_time": 3.2e-05,
          "pc_setup_time": 0.013218,
          "solve_time": 0.068392,
          "linear_total_time": 0.094749
        },
        {
          "assemble_time": 0.013082,
          "setop_time": 2.7e-05,
          "pc_setup_time": 0.013131,
          "solve_time": 0.068518,
          "linear_total_time": 0.094758
        },
        {
          "assemble_time": 0.013081,
          "setop_time": 2.6e-05,
          "pc_setup_time": 0.013391,
          "solve_time": 0.06785,
          "linear_total_time": 0.094347
        },
        {
          "assemble_time": 0.013103,
          "setop_time": 2.9e-05,
          "pc_setup_time": 0.013352,
          "solve_time": 0.068864,
          "linear_total_time": 0.095348
        },
        {
          "assemble_time": 0.013206,
          "setop_time": 2.7e-05,
          "pc_setup_time": 0.013175,
          "solve_time": 0.068783,
          "linear_total_time": 0.09519
        },
        {
          "assemble_time": 0.013117,
          "setop_time": 3.2e-05,
          "pc_setup_time": 0.012962,
          "solve_time": 0.068136,
          "linear_total_time": 0.094247
        },
        {
          "assemble_time": 0.013058,
          "setop_time": 3.2e-05,
          "pc_setup_time": 0.013443,
          "solve_time": 0.068943,
          "linear_total_time": 0.095475
        },
        {
          "assemble_time": 0.013215,
          "setop_time": 4e-05,
          "pc_setup_time": 0.012963,
          "solve_time": 0.068096,
          "linear_total_time": 0.094314
        },
        {
          "assemble_time": 0.013225,
          "setop_time": 3.3e-05,
          "pc_setup_time": 0.013537,
          "solve_time": 0.067577,
          "linear_total_time": 0.094372
        },
        {
          "assemble_time": 0.013013,
          "setop_time": 2.7e-05,
          "pc_setup_time": 0.013274,
          "solve_time": 0.067794,
          "linear_total_time": 0.094109
        },
        {
          "assemble_time": 0.013216,
          "setop_time": 2.8e-05,
          "pc_setup_time": 0.013344,
          "solve_time": 0.068066,
          "linear_total_time": 0.094654
        },
        {
          "assemble_time": 0.012962,
          "setop_time": 3e-05,
          "pc_setup_time": 0.01333,
          "solve_time": 0.069047,
          "linear_total_time": 0.09537
        },
        {
          "assemble_time": 0.013011,
          "setop_time": 3.1e-05,
          "pc_setup_time": 0.013502,
          "solve_time": 0.068518,
          "linear_total_time": 0.095062
        },
        {
          "assemble_time": 0.013017,
          "setop_time": 3e-05,
          "pc_setup_time": 0.013312,
          "solve_time": 0.069045,
          "linear_total_time": 0.095404
        },
        {
          "assemble_time": 0.013178,
          "setop_time": 2.8e-05,
          "pc_setup_time": 0.013438,
          "solve_time": 0.068071,
          "linear_total_time": 0.094715
        },
        {
          "assemble_time": 0.013044,
          "setop_time": 2.9e-05,
          "pc_setup_time": 0.013332,
          "solve_time": 0.067596,
          "linear_total_time": 0.094
        },
        {
          "assemble_time": 0.013191,
          "setop_time": 2.5e-05,
          "pc_setup_time": 0.013475,
          "solve_time": 0.068429,
          "linear_total_time": 0.09512
        },
        {
          "assemble_time": 0.012989,
          "setop_time": 2.8e-05,
          "pc_setup_time": 0.013031,
          "solve_time": 0.068889,
          "linear_total_time": 0.094937
        },
        {
          "assemble_time": 0.013052,
          "setop_time": 3.6e-05,
          "pc_setup_time": 0.013421,
          "solve_time": 0.068269,
          "linear_total_time": 0.094778
        },
        {
          "assemble_time": 0.012991,
          "setop_time": 2.9e-05,
          "pc_setup_time": 0.013377,
          "solve_time": 0.067976,
          "linear_total_time": 0.094373
        },
        {
          "assemble_time": 0.013145,
          "setop_time": 2.8e-05,
          "pc_setup_time": 0.013485,
          "solve_time": 0.068198,
          "linear_total_time": 0.094856
        },
        {
          "assemble_time": 0.013086,
          "setop_time": 2.9e-05,
          "pc_setup_time": 0.01338,
          "solve_time": 0.068783,
          "linear_total_time": 0.095278
        },
        {
          "assemble_time": 0.013164,
          "setop_time": 2.7e-05,
          "pc_setup_time": 0.013301,
          "solve_time": 0.068377,
          "linear_total_time": 0.094869
        },
        {
          "assemble_time": 0.013033,
          "setop_time": 2.8e-05,
          "pc_setup_time": 0.013172,
          "solve_time": 0.06783,
          "linear_total_time": 0.094064
        },
        {
          "assemble_time": 0.013041,
          "setop_time": 2.7e-05,
          "pc_setup_time": 0.013531,
          "solve_time": 0.067687,
          "linear_total_time": 0.094285
        },
        {
          "assemble_time": 0.013062,
          "setop_time": 3.3e-05,
          "pc_setup_time": 0.013602,
          "solve_time": 0.068962,
          "linear_total_time": 0.095659
        },
        {
          "assemble_time": 0.013184,
          "setop_time": 2.7e-05,
          "pc_setup_time": 0.013213,
          "solve_time": 0.068005,
          "linear_total_time": 0.09443
        },
        {
          "assemble_time": 0.013133,
          "setop_time": 2.8e-05,
          "pc_setup_time": 0.013374,
          "solve_time": 0.068224,
          "linear_total_time": 0.09476
        },
        {
          "assemble_time": 0.013212,
          "setop_time": 3e-05,
          "pc_setup_time": 0.013334,
          "solve_time": 0.068612,
          "linear_total_time": 0.095188
        },
        {
          "assemble_time": 0.013117,
          "setop_time": 3.3e-05,
          "pc_setup_time": 0.013031,
          "solve_time": 0.068531,
          "linear_total_time": 0.094711
        },
        {
          "assemble_time": 0.013057,
          "setop_time": 2.8e-05,
          "pc_setup_time": 0.01304,
          "solve_time": 0.068225,
          "linear_total_time": 0.094351
        },
        {
          "assemble_time": 0.013078,
          "setop_time": 3.2e-05,
          "pc_setup_time": 0.013023,
          "solve_time": 0.068535,
          "linear_total_time": 0.094669
        },
        {
          "assemble_time": 0.013192,
          "setop_time": 3.5e-05,
          "pc_setup_time": 0.013131,
          "solve_time": 0.067966,
          "linear_total_time": 0.094325
        },
        {
          "assemble_time": 0.013169,
          "setop_time": 3.7e-05,
          "pc_setup_time": 0.013054,
          "solve_time": 0.068521,
          "linear_total_time": 0.094781
        },
        {
          "assemble_time": 0.013138,
          "setop_time": 2.9e-05,
          "pc_setup_time": 0.013007,
          "solve_time": 0.068246,
          "linear_total_time": 0.09442
        },
        {
          "assemble_time": 0.013138,
          "setop_time": 2.9e-05,
          "pc_setup_time": 0.012961,
          "solve_time": 0.06871,
          "linear_total_time": 0.094839
        },
        {
          "assemble_time": 0.013031,
          "setop_time": 3.1e-05,
          "pc_setup_time": 0.013066,
          "solve_time": 0.068339,
          "linear_total_time": 0.094467
        },
        {
          "assemble_time": 0.013104,
          "setop_time": 3.2e-05,
          "pc_setup_time": 0.01317,
          "solve_time": 0.068324,
          "linear_total_time": 0.094631
        },
        {
          "assemble_time": 0.013122,
          "setop_time": 3.7e-05,
          "pc_setup_time": 0.013254,
          "solve_time": 0.068645,
          "linear_total_time": 0.095058
        },
        {
          "assemble_time": 0.01321,
          "setop_time": 3e-05,
          "pc_setup_time": 0.01317,
          "solve_time": 0.068057,
          "linear_total_time": 0.094467
        },
        {
          "assemble_time": 0.013217,
          "setop_time": 4.1e-05,
          "pc_setup_time": 0.012884,
          "solve_time": 0.067776,
          "linear_total_time": 0.093919
        },
        {
          "assemble_time": 0.013177,
          "setop_time": 3.4e-05,
          "pc_setup_time": 0.01348,
          "solve_time": 0.068473,
          "linear_total_time": 0.095163
        },
        {
          "assemble_time": 0.013033,
          "setop_time": 2.9e-05,
          "pc_setup_time": 0.012969,
          "solve_time": 0.068437,
          "linear_total_time": 0.094469
        },
        {
          "assemble_time": 0.013043,
          "setop_time": 3.2e-05,
          "pc_setup_time": 0.013457,
          "solve_time": 0.068138,
          "linear_total_time": 0.094671
        },
        {
          "assemble_time": 0.013002,
          "setop_time": 3e-05,
          "pc_setup_time": 0.013227,
          "solve_time": 0.068317,
          "linear_total_time": 0.094576
        },
        {
          "assemble_time": 0.013152,
          "setop_time": 3.2e-05,
          "pc_setup_time": 0.013413,
          "solve_time": 0.067644,
          "linear_total_time": 0.094241
        },
        {
          "assemble_time": 0.012939,
          "setop_time": 2.9e-05,
          "pc_setup_time": 0.013409,
          "solve_time": 0.068322,
          "linear_total_time": 0.0947
        },
        {
          "assemble_time": 0.013182,
          "setop_time": 3.5e-05,
          "pc_setup_time": 0.013326,
          "solve_time": 0.068049,
          "linear_total_time": 0.094592
        },
        {
          "assemble_time": 0.013031,
          "setop_time": 2.9e-05,
          "pc_setup_time": 0.013231,
          "solve_time": 0.068772,
          "linear_total_time": 0.095062
        },
        {
          "assemble_time": 0.01308,
          "setop_time": 3e-05,
          "pc_setup_time": 0.013349,
          "solve_time": 0.068014,
          "linear_total_time": 0.094473
        },
        {
          "assemble_time": 0.01303,
          "setop_time": 2.9e-05,
          "pc_setup_time": 0.013383,
          "solve_time": 0.073802,
          "linear_total_time": 0.100244
        },
        {
          "assemble_time": 0.013206,
          "setop_time": 3e-05,
          "pc_setup_time": 0.013111,
          "solve_time": 0.068201,
          "linear_total_time": 0.094547
        },
        {
          "assemble_time": 0.01309,
          "setop_time": 3.3e-05,
          "pc_setup_time": 0.012935,
          "solve_time": 0.067665,
          "linear_total_time": 0.093723
        },
        {
          "assemble_time": 0.013199,
          "setop_time": 3e-05,
          "pc_setup_time": 0.013084,
          "solve_time": 0.068005,
          "linear_total_time": 0.094318
        },
        {
          "assemble_time": 0.013106,
          "setop_time": 3.7e-05,
          "pc_setup_time": 0.013284,
          "solve_time": 0.068162,
          "linear_total_time": 0.094589
        }
      ]
    }
  ]
}
