An NVIDIA GPU may be present on this machine, but a CUDA-enabled jaxlib is not installed. Falling back to cpu.
An NVIDIA GPU may be present on this machine, but a CUDA-enabled jaxlib is not installed. Falling back to cpu.
An NVIDIA GPU may be present on this machine, but a CUDA-enabled jaxlib is not installed. Falling back to cpu.
An NVIDIA GPU may be present on this machine, but a CUDA-enabled jaxlib is not installed. Falling back to cpu.
An NVIDIA GPU may be present on this machine, but a CUDA-enabled jaxlib is not installed. Falling back to cpu.
An NVIDIA GPU may be present on this machine, but a CUDA-enabled jaxlib is not installed. Falling back to cpu.
An NVIDIA GPU may be present on this machine, but a CUDA-enabled jaxlib is not installed. Falling back to cpu.
An NVIDIA GPU may be present on this machine, but a CUDA-enabled jaxlib is not installed. Falling back to cpu.
An NVIDIA GPU may be present on this machine, but a CUDA-enabled jaxlib is not installed. Falling back to cpu.
An NVIDIA GPU may be present on this machine, but a CUDA-enabled jaxlib is not installed. Falling back to cpu.
An NVIDIA GPU may be present on this machine, but a CUDA-enabled jaxlib is not installed. Falling back to cpu.
An NVIDIA GPU may be present on this machine, but a CUDA-enabled jaxlib is not installed. Falling back to cpu.
An NVIDIA GPU may be present on this machine, but a CUDA-enabled jaxlib is not installed. Falling back to cpu.
An NVIDIA GPU may be present on this machine, but a CUDA-enabled jaxlib is not installed. Falling back to cpu.
An NVIDIA GPU may be present on this machine, but a CUDA-enabled jaxlib is not installed. Falling back to cpu.
An NVIDIA GPU may be present on this machine, but a CUDA-enabled jaxlib is not installed. Falling back to cpu.
  Element Hessian: 604989 contributions → 148131 unique SFD COO entries
  Element Hessian setup: 0.996s (JIT warmup: 0.364s)
HE 3D DOF solver | level=3 np=16 profile=performance ksp=gmres pc=gamg setup=2.330s
Rank 1: Evaluating 10904 elements
Rank 14: Evaluating 10898 elements
Rank 4: Evaluating 21326 elements
Rank 9: Evaluating 20072 elements
Rank 7: Evaluating 17914 elements
Rank 0: Evaluating 8748 elements
Rank 11: Evaluating 21326 elements
Rank 5: Evaluating 17492 elements
Rank 3: Evaluating 17492 elements
Rank 6: Evaluating 20063 elements
Rank 2: Evaluating 21326 elements
Rank 13: Evaluating 21326 elements
Rank 8: Evaluating 17911 elements
Rank 15: Evaluating 8742 elements
Rank 12: Evaluating 17492 elements
Rank 10: Evaluating 17492 elements
it=1, J=34.05620, dJ=2.19181e+01, ||g||=3.09048e+03, alpha=3.46301e-01, ksp_its=2, ls_evals=17
it=2, J=5.87158, dJ=2.81846e+01, ||g||=2.46266e+03, alpha=1.07353e+00, ksp_its=2, ls_evals=17
it=3, J=2.18718, dJ=3.68441e+00, ||g||=9.49946e+02, alpha=1.62078e+00, ksp_its=2, ls_evals=17
it=4, J=1.42198, dJ=7.65200e-01, ||g||=6.02772e+02, alpha=1.76306e+00, ksp_its=2, ls_evals=17
it=5, J=1.26990, dJ=1.52078e-01, ||g||=2.98737e+02, alpha=1.03584e+00, ksp_its=1, ls_evals=17
it=6, J=1.05126, dJ=2.18641e-01, ||g||=1.62629e+02, alpha=1.75224e-01, ksp_its=23, ls_evals=17
it=7, J=0.76555, dJ=2.85709e-01, ||g||=1.84894e+02, alpha=1.52734e+00, ksp_its=4, ls_evals=17
it=8, J=0.67579, dJ=8.97560e-02, ||g||=2.65306e+02, alpha=4.88154e-01, ksp_its=27, ls_evals=17
it=9, J=0.58768, dJ=8.81121e-02, ||g||=1.46887e+02, alpha=1.91651e+00, ksp_its=3, ls_evals=17
it=10, J=0.48648, dJ=1.01204e-01, ||g||=1.33141e+02, alpha=4.67127e-01, ksp_its=16, ls_evals=17
it=11, J=0.44858, dJ=3.78952e-02, ||g||=1.18950e+02, alpha=1.20325e+00, ksp_its=2, ls_evals=17
it=12, J=0.40593, dJ=4.26548e-02, ||g||=3.34155e+01, alpha=9.64512e-02, ksp_its=27, ls_evals=17
it=13, J=0.38942, dJ=1.65113e-02, ||g||=6.47173e+01, alpha=1.52001e+00, ksp_its=2, ls_evals=17
it=14, J=0.33776, dJ=5.16562e-02, ||g||=2.18303e+01, alpha=5.36571e-01, ksp_its=11, ls_evals=17
it=15, J=0.32265, dJ=1.51137e-02, ||g||=6.46424e+01, alpha=1.27679e+00, ksp_its=2, ls_evals=17
it=16, J=0.28738, dJ=3.52621e-02, ||g||=1.98130e+01, alpha=4.68960e-01, ksp_its=17, ls_evals=17
it=17, J=0.27776, dJ=9.62063e-03, ||g||=5.35568e+01, alpha=1.05913e+00, ksp_its=1, ls_evals=17
it=18, J=0.25502, dJ=2.27430e-02, ||g||=1.93158e+01, alpha=2.04715e-01, ksp_its=30, ls_evals=17
it=19, J=0.24746, dJ=7.55974e-03, ||g||=4.75896e+01, alpha=1.33411e+00, ksp_its=2, ls_evals=17
it=20, J=0.22724, dJ=2.02231e-02, ||g||=1.31956e+01, alpha=1.02667e+00, ksp_its=11, ls_evals=17
it=21, J=0.22165, dJ=5.59141e-03, ||g||=4.84690e+01, alpha=9.58898e-01, ksp_its=1, ls_evals=17
it=22, J=0.20800, dJ=1.36492e-02, ||g||=1.47445e+01, alpha=2.33238e-01, ksp_its=25, ls_evals=17
it=23, J=0.20379, dJ=4.20838e-03, ||g||=3.63191e+01, alpha=1.13494e+00, ksp_its=2, ls_evals=17
it=24, J=0.19362, dJ=1.01691e-02, ||g||=7.08822e+00, alpha=2.32373e-01, ksp_its=27, ls_evals=17
it=25, J=0.19063, dJ=2.99118e-03, ||g||=2.86171e+01, alpha=1.16696e+00, ksp_its=2, ls_evals=17
it=26, J=0.18294, dJ=7.68930e-03, ||g||=4.05844e+00, alpha=3.27107e-01, ksp_its=24, ls_evals=17
it=27, J=0.18075, dJ=2.18971e-03, ||g||=2.47823e+01, alpha=1.16696e+00, ksp_its=2, ls_evals=17
it=28, J=0.17532, dJ=5.42976e-03, ||g||=3.64476e+00, alpha=4.83788e-01, ksp_its=19, ls_evals=17
it=29, J=0.17379, dJ=1.52660e-03, ||g||=2.08493e+01, alpha=1.11898e+00, ksp_its=2, ls_evals=17
it=30, J=0.17012, dJ=3.66948e-03, ||g||=2.67775e+00, alpha=2.91953e-01, ksp_its=21, ls_evals=17
it=31, J=0.16911, dJ=1.00952e-03, ||g||=1.67881e+01, alpha=1.14523e+00, ksp_its=2, ls_evals=17
it=32, J=0.16669, dJ=2.42786e-03, ||g||=1.94755e+00, alpha=3.94285e-01, ksp_its=21, ls_evals=17
it=33, J=0.16604, dJ=6.46423e-04, ||g||=1.35228e+01, alpha=1.13607e+00, ksp_its=2, ls_evals=17
it=34, J=0.16454, dJ=1.49852e-03, ||g||=1.49693e+00, alpha=5.68760e-01, ksp_its=21, ls_evals=17
it=35, J=0.16416, dJ=3.81411e-04, ||g||=1.04925e+01, alpha=1.10528e+00, ksp_its=2, ls_evals=17
it=36, J=0.16332, dJ=8.34448e-04, ||g||=1.14556e+00, alpha=5.48434e-01, ksp_its=19, ls_evals=17
it=37, J=0.16313, dJ=1.91430e-04, ||g||=7.33944e+00, alpha=1.08835e+00, ksp_its=2, ls_evals=17
it=38, J=0.16277, dJ=3.66410e-04, ||g||=8.03475e-01, alpha=8.16344e-01, ksp_its=19, ls_evals=17
it=39, J=0.16269, dJ=7.28734e-05, ||g||=4.60363e+00, alpha=1.10895e+00, ksp_its=2, ls_evals=17
step=  1 angle=1.047198 time=7.713s nit= 39 ksp=  402 energy=1.626937e-01 [Converged (energy, step, gradient)]
{
  "mesh_level": 3,
  "total_dofs": 78003,
  "free_dofs": 77517,
  "steps": [
    {
      "step": 1,
      "angle": 1.0471975511965976,
      "time": 7.713421,
      "nit": 39,
      "linear_iters": 402,
      "energy": 0.16269366873050012,
      "message": "Converged (energy, step, gradient)",
      "attempt": "primary",
      "ksp_rtol_used": 0.1,
      "ksp_max_it_used": 30,
      "linesearch_interval_used": [
        -0.5,
        2.0
      ]
    }
  ],
  "metadata": {
    "profile": "performance",
    "nprocs": 16,
    "nproc_threads": 1,
    "linear_solver": {
      "ksp_type": "gmres",
      "pc_type": "gamg",
      "ksp_rtol": 0.1,
      "ksp_max_it": 30,
      "pc_setup_on_ksp_cap": true,
      "gamg_threshold": 0.05,
      "gamg_agg_nsmooths": 1,
      "gamg_set_coordinates": true,
      "use_near_nullspace": true,
      "matrix_block_size": 3,
      "reorder": false,
      "hvp_eval_mode": "sequential",
      "assembly_mode": "element"
    },
    "newton": {
      "tolf": 0.0001,
      "tolg": 0.001,
      "tolg_rel": 0.001,
      "tolx_rel": 0.001,
      "tolx_abs": 1e-10,
      "maxit": 100,
      "require_all_convergence": true,
      "fail_on_nonfinite": true,
      "linesearch_interval": [
        -0.5,
        2.0
      ],
      "linesearch_tol": 0.001
    },
    "load_stepping": {
      "start_step": 1,
      "steps": 1,
      "total_steps": 24,
      "rotation_per_iter": 1.0471975511965976,
      "retry_on_failure": true
    }
  }
}
