FEniCSx local environment activated.
  Python:  Python 3.12.10
  PETSc:   (3, 24, 2)
  DOLFINx: 0.10.0.post5
Creating matrix...
Building nullspace...
Setting near nullspace...
Creating KSP...
--- Step 1/24, Angle: 1.0472 ---
Assembling Hessian...
Setting operators...
Solving KSP...
KSP solved.
it=1, J=48.03340, dJ=5.68768e+01, ||g||=3.08303e+03, alpha=4.38337e-01, ksp_its=1, ls_evals=17
Assembling Hessian...
Setting operators...
Solving KSP...
KSP solved.
it=2, J=5.05035, dJ=4.29830e+01, ||g||=1.94701e+03, alpha=1.23754e+00, ksp_its=2, ls_evals=17
Assembling Hessian...
Setting operators...
Solving KSP...
KSP solved.
it=3, J=2.55781, dJ=2.49254e+00, ||g||=5.73270e+02, alpha=1.33847e+00, ksp_its=2, ls_evals=17
Assembling Hessian...
Setting operators...
Solving KSP...
KSP solved.
it=4, J=1.56816, dJ=9.89647e-01, ||g||=5.20368e+02, alpha=1.55586e+00, ksp_its=2, ls_evals=17
Assembling Hessian...
Setting operators...
Solving KSP...
KSP solved.
it=5, J=1.07780, dJ=4.90366e-01, ||g||=1.69680e+02, alpha=1.29189e+00, ksp_its=3, ls_evals=17
Assembling Hessian...
Setting operators...
Solving KSP...
KSP solved.
it=6, J=0.77569, dJ=3.02102e-01, ||g||=1.21304e+02, alpha=8.52632e-01, ksp_its=8, ls_evals=17
Assembling Hessian...
Setting operators...
Solving KSP...
KSP solved.
it=7, J=0.67673, dJ=9.89609e-02, ||g||=1.48062e+02, alpha=1.16303e+00, ksp_its=2, ls_evals=17
Assembling Hessian...
Setting operators...
Solving KSP...
KSP solved.
it=8, J=0.58616, dJ=9.05718e-02, ||g||=2.32597e+01, alpha=1.32306e-01, ksp_its=30, ls_evals=17
Assembling Hessian...
Setting operators...
Solving KSP...
KSP solved.
it=9, J=0.54985, dJ=3.63149e-02, ||g||=4.69031e+01, alpha=1.42824e+00, ksp_its=2, ls_evals=17
Assembling Hessian...
Setting operators...
Solving KSP...
KSP solved.
it=10, J=0.44268, dJ=1.07164e-01, ||g||=1.93561e+01, alpha=7.94452e-01, ksp_its=10, ls_evals=17
Assembling Hessian...
Setting operators...
Solving KSP...
KSP solved.
it=11, J=0.41305, dJ=2.96355e-02, ||g||=6.08286e+01, alpha=1.33227e+00, ksp_its=2, ls_evals=17
Assembling Hessian...
Setting operators...
Solving KSP...
KSP solved.
it=12, J=0.40924, dJ=3.80813e-03, ||g||=1.43492e+01, alpha=1.28202e+00, ksp_its=1, ls_evals=17
Assembling Hessian...
Setting operators...
Solving KSP...
KSP solved.
it=13, J=0.34801, dJ=6.12234e-02, ||g||=3.89314e+01, alpha=5.50699e-01, ksp_its=16, ls_evals=17
Assembling Hessian...
Setting operators...
Solving KSP...
KSP solved.
it=14, J=0.32813, dJ=1.98877e-02, ||g||=4.84407e+01, alpha=8.73226e-01, ksp_its=1, ls_evals=17
Assembling Hessian...
Setting operators...
Solving KSP...
KSP solved.
it=15, J=0.32768, dJ=4.47586e-04, ||g||=1.94861e+01, alpha=1.04657e+00, ksp_its=4, ls_evals=17
Assembling Hessian...
Setting operators...
Solving KSP...
KSP solved.
it=16, J=0.29397, dJ=3.37089e-02, ||g||=1.52333e+01, alpha=2.36904e-01, ksp_its=30, ls_evals=17
Assembling Hessian...
Setting operators...
Solving KSP...
KSP solved.
it=17, J=0.28346, dJ=1.05110e-02, ||g||=3.09939e+01, alpha=8.87354e-01, ksp_its=1, ls_evals=17
Assembling Hessian...
Setting operators...
Solving KSP...
KSP solved.
it=18, J=0.27125, dJ=1.22054e-02, ||g||=1.50211e+01, alpha=1.99965e+00, ksp_its=6, ls_evals=17
Assembling Hessian...
Setting operators...
Solving KSP...
KSP solved.
it=19, J=0.24402, dJ=2.72314e-02, ||g||=1.49711e+01, alpha=6.55998e-01, ksp_its=9, ls_evals=17
Assembling Hessian...
Setting operators...
Solving KSP...
KSP solved.
it=20, J=0.23516, dJ=8.86699e-03, ||g||=2.75104e+01, alpha=1.08679e+00, ksp_its=2, ls_evals=17
Assembling Hessian...
Setting operators...
Solving KSP...
KSP solved.
it=21, J=0.21859, dJ=1.65700e-02, ||g||=5.19375e+00, alpha=2.20676e-01, ksp_its=30, ls_evals=17
Assembling Hessian...
Setting operators...
Solving KSP...
KSP solved.
it=22, J=0.21359, dJ=4.99775e-03, ||g||=1.91124e+01, alpha=1.13704e+00, ksp_its=2, ls_evals=17
Assembling Hessian...
Setting operators...
Solving KSP...
KSP solved.
it=23, J=0.19948, dJ=1.41099e-02, ||g||=5.21998e+00, alpha=5.37271e-01, ksp_its=19, ls_evals=17
Assembling Hessian...
Setting operators...
Solving KSP...
KSP solved.
it=24, J=0.19536, dJ=4.11653e-03, ||g||=1.93998e+01, alpha=1.12448e+00, ksp_its=2, ls_evals=17
Assembling Hessian...
Setting operators...
Solving KSP...
KSP solved.
it=25, J=0.18513, dJ=1.02260e-02, ||g||=4.13266e+00, alpha=7.22043e-01, ksp_its=17, ls_evals=17
Assembling Hessian...
Setting operators...
Solving KSP...
KSP solved.
it=26, J=0.18207, dJ=3.06111e-03, ||g||=1.86572e+01, alpha=1.09062e+00, ksp_its=2, ls_evals=17
Assembling Hessian...
Setting operators...
Solving KSP...
KSP solved.
it=27, J=0.17446, dJ=7.61572e-03, ||g||=3.61548e+00, alpha=3.27107e-01, ksp_its=19, ls_evals=17
Assembling Hessian...
Setting operators...
Solving KSP...
KSP solved.
it=28, J=0.17225, dJ=2.20755e-03, ||g||=1.27382e+01, alpha=1.10345e+00, ksp_its=2, ls_evals=17
Assembling Hessian...
Setting operators...
Solving KSP...
KSP solved.
it=29, J=0.16670, dJ=5.54677e-03, ||g||=2.98418e+00, alpha=5.93185e-01, ksp_its=18, ls_evals=17
Assembling Hessian...
Setting operators...
Solving KSP...
KSP solved.
it=30, J=0.16512, dJ=1.58145e-03, ||g||=1.10553e+01, alpha=1.07466e+00, ksp_its=2, ls_evals=17
Assembling Hessian...
Setting operators...
Solving KSP...
KSP solved.
it=31, J=0.16115, dJ=3.97567e-03, ||g||=2.49709e+00, alpha=3.78057e-01, ksp_its=20, ls_evals=17
Assembling Hessian...
Setting operators...
Solving KSP...
KSP solved.
it=32, J=0.16003, dJ=1.11203e-03, ||g||=9.04637e+00, alpha=1.08469e+00, ksp_its=2, ls_evals=17
Assembling Hessian...
Setting operators...
Solving KSP...
KSP solved.
it=33, J=0.15730, dJ=2.73704e-03, ||g||=1.99164e+00, alpha=7.03549e-01, ksp_its=19, ls_evals=17
Assembling Hessian...
Setting operators...
Solving KSP...
KSP solved.
it=34, J=0.15655, dJ=7.48099e-04, ||g||=7.92765e+00, alpha=1.04883e+00, ksp_its=2, ls_evals=17
Assembling Hessian...
Setting operators...
Solving KSP...
KSP solved.
it=35, J=0.15476, dJ=1.79045e-03, ||g||=1.75541e+00, alpha=4.80390e-01, ksp_its=24, ls_evals=17
Assembling Hessian...
Setting operators...
Solving KSP...
KSP solved.
it=36, J=0.15429, dJ=4.70212e-04, ||g||=5.86512e+00, alpha=1.06803e+00, ksp_its=2, ls_evals=17
Assembling Hessian...
Setting operators...
Solving KSP...
KSP solved.
it=37, J=0.15322, dJ=1.06824e-03, ||g||=1.29385e+00, alpha=8.15912e-01, ksp_its=24, ls_evals=17
Assembling Hessian...
Setting operators...
Solving KSP...
KSP solved.
it=38, J=0.15296, dJ=2.62747e-04, ||g||=4.63532e+00, alpha=1.04290e+00, ksp_its=2, ls_evals=17
Assembling Hessian...
Setting operators...
Solving KSP...
KSP solved.
it=39, J=0.15241, dJ=5.52670e-04, ||g||=1.05447e+00, alpha=7.72726e-01, ksp_its=27, ls_evals=17
Assembling Hessian...
Setting operators...
Solving KSP...
KSP solved.
it=40, J=0.15228, dJ=1.21963e-04, ||g||=3.03726e+00, alpha=1.05180e+00, ksp_its=2, ls_evals=17
Assembling Hessian...
Setting operators...
Solving KSP...
KSP solved.
it=41, J=0.15207, dJ=2.08795e-04, ||g||=7.01028e-01, alpha=1.99965e+00, ksp_its=28, ls_evals=17
Assembling Hessian...
Setting operators...
Solving KSP...
KSP solved.
it=42, J=0.15205, dJ=2.79679e-05, ||g||=2.40202e+00, alpha=9.62996e-01, ksp_its=2, ls_evals=17
Step 1 finished: Energy = 0.152046, Iters = 42
--- Step 2/24, Angle: 2.0944 ---
Assembling Hessian...
Setting operators...
Solving KSP...
KSP solved.
it=1, J=19.28324, dJ=8.60404e+01, ||g||=3.06622e+03, alpha=8.63196e-01, ksp_its=4, ls_evals=17
Assembling Hessian...
Setting operators...
Solving KSP...
KSP solved.
it=2, J=6.70937, dJ=1.25739e+01, ||g||=1.80661e+03, alpha=1.01028e+00, ksp_its=4, ls_evals=17
Assembling Hessian...
Setting operators...
Solving KSP...
KSP solved.
it=3, J=4.90233, dJ=1.80704e+00, ||g||=1.40805e+03, alpha=7.85988e-01, ksp_its=10, ls_evals=17
Assembling Hessian...
Setting operators...
Solving KSP...
KSP solved.
it=4, J=4.90233, dJ=0.00000e+00, ||g||=7.65814e+02, alpha=0.00000e+00, ksp_its=18, ls_evals=17
Assembling Hessian...
Setting operators...
Solving KSP...
KSP solved.
it=5, J=4.90233, dJ=0.00000e+00, ||g||=7.65814e+02, alpha=0.00000e+00, ksp_its=18, ls_evals=17
Assembling Hessian...
Setting operators...
Solving KSP...
KSP solved.
it=6, J=4.90233, dJ=0.00000e+00, ||g||=7.65814e+02, alpha=0.00000e+00, ksp_its=18, ls_evals=17
Assembling Hessian...
Setting operators...
Solving KSP...
KSP solved.
it=7, J=4.90233, dJ=0.00000e+00, ||g||=7.65814e+02, alpha=0.00000e+00, ksp_its=18, ls_evals=17
Assembling Hessian...
Setting operators...
Solving KSP...
KSP solved.
it=8, J=4.90233, dJ=0.00000e+00, ||g||=7.65814e+02, alpha=0.00000e+00, ksp_its=18, ls_evals=17
Assembling Hessian...
Setting operators...
Solving KSP...
KSP solved.
it=9, J=4.90233, dJ=0.00000e+00, ||g||=7.65814e+02, alpha=0.00000e+00, ksp_its=18, ls_evals=17
Assembling Hessian...
Setting operators...
Solving KSP...
KSP solved.
it=10, J=4.90233, dJ=0.00000e+00, ||g||=7.65814e+02, alpha=0.00000e+00, ksp_its=18, ls_evals=17
Assembling Hessian...
Setting operators...
Solving KSP...
KSP solved.
it=11, J=4.90233, dJ=0.00000e+00, ||g||=7.65814e+02, alpha=0.00000e+00, ksp_its=18, ls_evals=17
Assembling Hessian...
Setting operators...
Solving KSP...
KSP solved.
it=12, J=4.90233, dJ=0.00000e+00, ||g||=7.65814e+02, alpha=0.00000e+00, ksp_its=18, ls_evals=17
Assembling Hessian...
Setting operators...
Solving KSP...
KSP solved.
it=13, J=4.90233, dJ=0.00000e+00, ||g||=7.65814e+02, alpha=0.00000e+00, ksp_its=18, ls_evals=17
Assembling Hessian...
Setting operators...
Solving KSP...
KSP solved.
it=14, J=4.90233, dJ=0.00000e+00, ||g||=7.65814e+02, alpha=0.00000e+00, ksp_its=18, ls_evals=17
Assembling Hessian...
Setting operators...
Solving KSP...
KSP solved.
it=15, J=4.90233, dJ=0.00000e+00, ||g||=7.65814e+02, alpha=0.00000e+00, ksp_its=18, ls_evals=17
Assembling Hessian...
Setting operators...
Solving KSP...
KSP solved.
it=16, J=4.90233, dJ=0.00000e+00, ||g||=7.65814e+02, alpha=0.00000e+00, ksp_its=18, ls_evals=17
Assembling Hessian...
Setting operators...
Solving KSP...
KSP solved.
it=17, J=4.90233, dJ=0.00000e+00, ||g||=7.65814e+02, alpha=0.00000e+00, ksp_its=18, ls_evals=17
Assembling Hessian...
Setting operators...
Solving KSP...
KSP solved.
it=18, J=4.90233, dJ=0.00000e+00, ||g||=7.65814e+02, alpha=0.00000e+00, ksp_its=18, ls_evals=17
Assembling Hessian...
Setting operators...
Solving KSP...
KSP solved.
it=19, J=4.90233, dJ=0.00000e+00, ||g||=7.65814e+02, alpha=0.00000e+00, ksp_its=18, ls_evals=17
Assembling Hessian...
Setting operators...
Solving KSP...
KSP solved.
it=20, J=4.90233, dJ=0.00000e+00, ||g||=7.65814e+02, alpha=0.00000e+00, ksp_its=18, ls_evals=17
Assembling Hessian...
Setting operators...
Solving KSP...
KSP solved.
it=21, J=4.90233, dJ=0.00000e+00, ||g||=7.65814e+02, alpha=0.00000e+00, ksp_its=18, ls_evals=17
Assembling Hessian...
Setting operators...
Solving KSP...
KSP solved.
it=22, J=4.90233, dJ=0.00000e+00, ||g||=7.65814e+02, alpha=0.00000e+00, ksp_its=18, ls_evals=17
Assembling Hessian...
Setting operators...
Solving KSP...
KSP solved.
it=23, J=4.90233, dJ=0.00000e+00, ||g||=7.65814e+02, alpha=0.00000e+00, ksp_its=18, ls_evals=17
Assembling Hessian...
Setting operators...
Solving KSP...
KSP solved.
it=24, J=4.90233, dJ=0.00000e+00, ||g||=7.65814e+02, alpha=0.00000e+00, ksp_its=18, ls_evals=17
Assembling Hessian...
Setting operators...
Solving KSP...
KSP solved.
it=25, J=4.90233, dJ=0.00000e+00, ||g||=7.65814e+02, alpha=0.00000e+00, ksp_its=18, ls_evals=17
Assembling Hessian...
Setting operators...
Solving KSP...
KSP solved.
it=26, J=4.90233, dJ=0.00000e+00, ||g||=7.65814e+02, alpha=0.00000e+00, ksp_its=18, ls_evals=17
Assembling Hessian...
Setting operators...
Solving KSP...
KSP solved.
it=27, J=4.90233, dJ=0.00000e+00, ||g||=7.65814e+02, alpha=0.00000e+00, ksp_its=18, ls_evals=17
Assembling Hessian...
Setting operators...
Solving KSP...
KSP solved.
it=28, J=4.90233, dJ=0.00000e+00, ||g||=7.65814e+02, alpha=0.00000e+00, ksp_its=18, ls_evals=17
Assembling Hessian...
Setting operators...
Solving KSP...
KSP solved.
it=29, J=4.90233, dJ=0.00000e+00, ||g||=7.65814e+02, alpha=0.00000e+00, ksp_its=18, ls_evals=17
Assembling Hessian...
Setting operators...
Solving KSP...
KSP solved.
it=30, J=4.90233, dJ=0.00000e+00, ||g||=7.65814e+02, alpha=0.00000e+00, ksp_its=18, ls_evals=17
Assembling Hessian...
Setting operators...
Solving KSP...
KSP solved.
it=31, J=4.90233, dJ=0.00000e+00, ||g||=7.65814e+02, alpha=0.00000e+00, ksp_its=18, ls_evals=17
Assembling Hessian...
Setting operators...
Solving KSP...
KSP solved.
it=32, J=4.90233, dJ=0.00000e+00, ||g||=7.65814e+02, alpha=0.00000e+00, ksp_its=18, ls_evals=17
Assembling Hessian...
Setting operators...
Solving KSP...
KSP solved.
it=33, J=4.90233, dJ=0.00000e+00, ||g||=7.65814e+02, alpha=0.00000e+00, ksp_its=18, ls_evals=17
Assembling Hessian...
Setting operators...
Solving KSP...
KSP solved.
it=34, J=4.90233, dJ=0.00000e+00, ||g||=7.65814e+02, alpha=0.00000e+00, ksp_its=18, ls_evals=17
Assembling Hessian...
Setting operators...
Solving KSP...
KSP solved.
it=35, J=4.90233, dJ=0.00000e+00, ||g||=7.65814e+02, alpha=0.00000e+00, ksp_its=18, ls_evals=17
Assembling Hessian...
Setting operators...
Solving KSP...
KSP solved.
it=36, J=4.90233, dJ=0.00000e+00, ||g||=7.65814e+02, alpha=0.00000e+00, ksp_its=18, ls_evals=17
Assembling Hessian...
Setting operators...
Solving KSP...
KSP solved.
it=37, J=4.90233, dJ=0.00000e+00, ||g||=7.65814e+02, alpha=0.00000e+00, ksp_its=18, ls_evals=17
Assembling Hessian...
Setting operators...
Solving KSP...
KSP solved.
it=38, J=4.90233, dJ=0.00000e+00, ||g||=7.65814e+02, alpha=0.00000e+00, ksp_its=18, ls_evals=17
Assembling Hessian...
Setting operators...
Solving KSP...
KSP solved.
it=39, J=4.90233, dJ=0.00000e+00, ||g||=7.65814e+02, alpha=0.00000e+00, ksp_its=18, ls_evals=17
Assembling Hessian...
Setting operators...
Solving KSP...
KSP solved.
it=40, J=4.90233, dJ=0.00000e+00, ||g||=7.65814e+02, alpha=0.00000e+00, ksp_its=18, ls_evals=17
Assembling Hessian...
Setting operators...
Solving KSP...
KSP solved.
it=41, J=4.90233, dJ=0.00000e+00, ||g||=7.65814e+02, alpha=0.00000e+00, ksp_its=18, ls_evals=17
Assembling Hessian...
Setting operators...
Solving KSP...
KSP solved.
it=42, J=4.90233, dJ=0.00000e+00, ||g||=7.65814e+02, alpha=0.00000e+00, ksp_its=18, ls_evals=17
Assembling Hessian...
Setting operators...
Solving KSP...
KSP solved.
it=43, J=4.90233, dJ=0.00000e+00, ||g||=7.65814e+02, alpha=0.00000e+00, ksp_its=18, ls_evals=17
Assembling Hessian...
Setting operators...
Solving KSP...
KSP solved.
it=44, J=4.90233, dJ=0.00000e+00, ||g||=7.65814e+02, alpha=0.00000e+00, ksp_its=18, ls_evals=17
Assembling Hessian...
Setting operators...
Solving KSP...
KSP solved.
it=45, J=4.90233, dJ=0.00000e+00, ||g||=7.65814e+02, alpha=0.00000e+00, ksp_its=18, ls_evals=17
Assembling Hessian...
Setting operators...
Solving KSP...
KSP solved.
it=46, J=4.90233, dJ=0.00000e+00, ||g||=7.65814e+02, alpha=0.00000e+00, ksp_its=18, ls_evals=17
Assembling Hessian...
Setting operators...
Solving KSP...
KSP solved.
it=47, J=4.90233, dJ=0.00000e+00, ||g||=7.65814e+02, alpha=0.00000e+00, ksp_its=18, ls_evals=17
Assembling Hessian...
Setting operators...
Solving KSP...
KSP solved.
it=48, J=4.90233, dJ=0.00000e+00, ||g||=7.65814e+02, alpha=0.00000e+00, ksp_its=18, ls_evals=17
Assembling Hessian...
Setting operators...
Solving KSP...
KSP solved.
it=49, J=4.90233, dJ=0.00000e+00, ||g||=7.65814e+02, alpha=0.00000e+00, ksp_its=18, ls_evals=17
Assembling Hessian...
Setting operators...
Solving KSP...
KSP solved.
it=50, J=4.90233, dJ=0.00000e+00, ||g||=7.65814e+02, alpha=0.00000e+00, ksp_its=18, ls_evals=17
Assembling Hessian...
Setting operators...
Solving KSP...
KSP solved.
it=51, J=4.90233, dJ=0.00000e+00, ||g||=7.65814e+02, alpha=0.00000e+00, ksp_its=18, ls_evals=17
Assembling Hessian...
Setting operators...
Solving KSP...
KSP solved.
it=52, J=4.90233, dJ=0.00000e+00, ||g||=7.65814e+02, alpha=0.00000e+00, ksp_its=18, ls_evals=17
Assembling Hessian...
Setting operators...
Solving KSP...
KSP solved.
it=53, J=4.90233, dJ=0.00000e+00, ||g||=7.65814e+02, alpha=0.00000e+00, ksp_its=18, ls_evals=17
Assembling Hessian...
Setting operators...
Solving KSP...
KSP solved.
it=54, J=4.90233, dJ=0.00000e+00, ||g||=7.65814e+02, alpha=0.00000e+00, ksp_its=18, ls_evals=17
Assembling Hessian...
Setting operators...
Solving KSP...
KSP solved.
it=55, J=4.90233, dJ=0.00000e+00, ||g||=7.65814e+02, alpha=0.00000e+00, ksp_its=18, ls_evals=17
Assembling Hessian...
Setting operators...
Solving KSP...
KSP solved.
it=56, J=4.90233, dJ=0.00000e+00, ||g||=7.65814e+02, alpha=0.00000e+00, ksp_its=18, ls_evals=17
Assembling Hessian...
Setting operators...
Solving KSP...
KSP solved.
it=57, J=4.90233, dJ=0.00000e+00, ||g||=7.65814e+02, alpha=0.00000e+00, ksp_its=18, ls_evals=17
Assembling Hessian...
Setting operators...
Solving KSP...
KSP solved.
it=58, J=4.90233, dJ=0.00000e+00, ||g||=7.65814e+02, alpha=0.00000e+00, ksp_its=18, ls_evals=17
Assembling Hessian...
Setting operators...
Solving KSP...
KSP solved.
it=59, J=4.90233, dJ=0.00000e+00, ||g||=7.65814e+02, alpha=0.00000e+00, ksp_its=18, ls_evals=17
Assembling Hessian...
Setting operators...
Solving KSP...
KSP solved.
it=60, J=4.90233, dJ=0.00000e+00, ||g||=7.65814e+02, alpha=0.00000e+00, ksp_its=18, ls_evals=17
Assembling Hessian...
Setting operators...
Solving KSP...
KSP solved.
it=61, J=4.90233, dJ=0.00000e+00, ||g||=7.65814e+02, alpha=0.00000e+00, ksp_its=18, ls_evals=17
Assembling Hessian...
Setting operators...
Solving KSP...
KSP solved.
it=62, J=4.90233, dJ=0.00000e+00, ||g||=7.65814e+02, alpha=0.00000e+00, ksp_its=18, ls_evals=17
Assembling Hessian...
Setting operators...
Solving KSP...
KSP solved.
it=63, J=4.90233, dJ=0.00000e+00, ||g||=7.65814e+02, alpha=0.00000e+00, ksp_its=18, ls_evals=17
Assembling Hessian...
Setting operators...
Solving KSP...
KSP solved.
it=64, J=4.90233, dJ=0.00000e+00, ||g||=7.65814e+02, alpha=0.00000e+00, ksp_its=18, ls_evals=17
Assembling Hessian...
Setting operators...
Solving KSP...
KSP solved.
it=65, J=4.90233, dJ=0.00000e+00, ||g||=7.65814e+02, alpha=0.00000e+00, ksp_its=18, ls_evals=17
Assembling Hessian...
Setting operators...
Solving KSP...
KSP solved.
it=66, J=4.90233, dJ=0.00000e+00, ||g||=7.65814e+02, alpha=0.00000e+00, ksp_its=18, ls_evals=17
Assembling Hessian...
Setting operators...
Solving KSP...
KSP solved.
it=67, J=4.90233, dJ=0.00000e+00, ||g||=7.65814e+02, alpha=0.00000e+00, ksp_its=18, ls_evals=17
Assembling Hessian...
Setting operators...
Solving KSP...
KSP solved.
it=68, J=4.90233, dJ=0.00000e+00, ||g||=7.65814e+02, alpha=0.00000e+00, ksp_its=18, ls_evals=17
Assembling Hessian...
Setting operators...
Solving KSP...
KSP solved.
it=69, J=4.90233, dJ=0.00000e+00, ||g||=7.65814e+02, alpha=0.00000e+00, ksp_its=18, ls_evals=17
Assembling Hessian...
Setting operators...
Solving KSP...
KSP solved.
it=70, J=4.90233, dJ=0.00000e+00, ||g||=7.65814e+02, alpha=0.00000e+00, ksp_its=18, ls_evals=17
Assembling Hessian...
Setting operators...
Solving KSP...
KSP solved.
it=71, J=4.90233, dJ=0.00000e+00, ||g||=7.65814e+02, alpha=0.00000e+00, ksp_its=18, ls_evals=17
Assembling Hessian...
Setting operators...
Solving KSP...
KSP solved.
it=72, J=4.90233, dJ=0.00000e+00, ||g||=7.65814e+02, alpha=0.00000e+00, ksp_its=18, ls_evals=17
Assembling Hessian...
Setting operators...
Solving KSP...
KSP solved.
it=73, J=4.90233, dJ=0.00000e+00, ||g||=7.65814e+02, alpha=0.00000e+00, ksp_its=18, ls_evals=17
Assembling Hessian...
Setting operators...
Solving KSP...
KSP solved.
it=74, J=4.90233, dJ=0.00000e+00, ||g||=7.65814e+02, alpha=0.00000e+00, ksp_its=18, ls_evals=17
Assembling Hessian...
Setting operators...
Solving KSP...
KSP solved.
it=75, J=4.90233, dJ=0.00000e+00, ||g||=7.65814e+02, alpha=0.00000e+00, ksp_its=18, ls_evals=17
Assembling Hessian...
Setting operators...
Solving KSP...
KSP solved.
it=76, J=4.90233, dJ=0.00000e+00, ||g||=7.65814e+02, alpha=0.00000e+00, ksp_its=18, ls_evals=17
Assembling Hessian...
Setting operators...
Solving KSP...
KSP solved.
it=77, J=4.90233, dJ=0.00000e+00, ||g||=7.65814e+02, alpha=0.00000e+00, ksp_its=18, ls_evals=17
Assembling Hessian...
Setting operators...
Solving KSP...
KSP solved.
it=78, J=4.90233, dJ=0.00000e+00, ||g||=7.65814e+02, alpha=0.00000e+00, ksp_its=18, ls_evals=17
Assembling Hessian...
Setting operators...
Solving KSP...
KSP solved.
it=79, J=4.90233, dJ=0.00000e+00, ||g||=7.65814e+02, alpha=0.00000e+00, ksp_its=18, ls_evals=17
Assembling Hessian...
Setting operators...
Solving KSP...
KSP solved.
it=80, J=4.90233, dJ=0.00000e+00, ||g||=7.65814e+02, alpha=0.00000e+00, ksp_its=18, ls_evals=17
Assembling Hessian...
Setting operators...
Solving KSP...
KSP solved.
it=81, J=4.90233, dJ=0.00000e+00, ||g||=7.65814e+02, alpha=0.00000e+00, ksp_its=18, ls_evals=17
Assembling Hessian...
Setting operators...
Solving KSP...
KSP solved.
it=82, J=4.90233, dJ=0.00000e+00, ||g||=7.65814e+02, alpha=0.00000e+00, ksp_its=18, ls_evals=17
Assembling Hessian...
Setting operators...
Solving KSP...
KSP solved.
it=83, J=4.90233, dJ=0.00000e+00, ||g||=7.65814e+02, alpha=0.00000e+00, ksp_its=18, ls_evals=17
Assembling Hessian...
Setting operators...
Solving KSP...
KSP solved.
it=84, J=4.90233, dJ=0.00000e+00, ||g||=7.65814e+02, alpha=0.00000e+00, ksp_its=18, ls_evals=17
Assembling Hessian...
Setting operators...
Solving KSP...
KSP solved.
it=85, J=4.90233, dJ=0.00000e+00, ||g||=7.65814e+02, alpha=0.00000e+00, ksp_its=18, ls_evals=17
Assembling Hessian...
Setting operators...
Solving KSP...
KSP solved.
it=86, J=4.90233, dJ=0.00000e+00, ||g||=7.65814e+02, alpha=0.00000e+00, ksp_its=18, ls_evals=17
Assembling Hessian...
Setting operators...
Solving KSP...
KSP solved.
it=87, J=4.90233, dJ=0.00000e+00, ||g||=7.65814e+02, alpha=0.00000e+00, ksp_its=18, ls_evals=17
Assembling Hessian...
Setting operators...
Solving KSP...
KSP solved.
it=88, J=4.90233, dJ=0.00000e+00, ||g||=7.65814e+02, alpha=0.00000e+00, ksp_its=18, ls_evals=17
Assembling Hessian...
Setting operators...
Solving KSP...
KSP solved.
it=89, J=4.90233, dJ=0.00000e+00, ||g||=7.65814e+02, alpha=0.00000e+00, ksp_its=18, ls_evals=17
Assembling Hessian...
Setting operators...
Solving KSP...
KSP solved.
it=90, J=4.90233, dJ=0.00000e+00, ||g||=7.65814e+02, alpha=0.00000e+00, ksp_its=18, ls_evals=17
Assembling Hessian...
Setting operators...
Solving KSP...
KSP solved.
it=91, J=4.90233, dJ=0.00000e+00, ||g||=7.65814e+02, alpha=0.00000e+00, ksp_its=18, ls_evals=17
Assembling Hessian...
Setting operators...
Solving KSP...
KSP solved.
it=92, J=4.90233, dJ=0.00000e+00, ||g||=7.65814e+02, alpha=0.00000e+00, ksp_its=18, ls_evals=17
Assembling Hessian...
Setting operators...
Solving KSP...
KSP solved.
it=93, J=4.90233, dJ=0.00000e+00, ||g||=7.65814e+02, alpha=0.00000e+00, ksp_its=18, ls_evals=17
Assembling Hessian...
Setting operators...
Solving KSP...
KSP solved.
it=94, J=4.90233, dJ=0.00000e+00, ||g||=7.65814e+02, alpha=0.00000e+00, ksp_its=18, ls_evals=17
Assembling Hessian...
Setting operators...
Solving KSP...
KSP solved.
it=95, J=4.90233, dJ=0.00000e+00, ||g||=7.65814e+02, alpha=0.00000e+00, ksp_its=18, ls_evals=17
Assembling Hessian...
Setting operators...
Solving KSP...
KSP solved.
it=96, J=4.90233, dJ=0.00000e+00, ||g||=7.65814e+02, alpha=0.00000e+00, ksp_its=18, ls_evals=17
Assembling Hessian...
Setting operators...
Solving KSP...
KSP solved.
it=97, J=4.90233, dJ=0.00000e+00, ||g||=7.65814e+02, alpha=0.00000e+00, ksp_its=18, ls_evals=17
Assembling Hessian...
Setting operators...
Solving KSP...
KSP solved.
it=98, J=4.90233, dJ=0.00000e+00, ||g||=7.65814e+02, alpha=0.00000e+00, ksp_its=18, ls_evals=17
Assembling Hessian...
Setting operators...
Solving KSP...
KSP solved.
it=99, J=4.90233, dJ=0.00000e+00, ||g||=7.65814e+02, alpha=0.00000e+00, ksp_its=18, ls_evals=17
Assembling Hessian...
Setting operators...
Solving KSP...
KSP solved.
it=100, J=4.90233, dJ=0.00000e+00, ||g||=7.65814e+02, alpha=0.00000e+00, ksp_its=18, ls_evals=17
Step 2: primary failed with max Newton iterations, retrying with tighter linear solve / safer line-search.
Assembling Hessian...
Setting operators...
Solving KSP...
KSP solved.
it=1, J=26.43086, dJ=7.88928e+01, ||g||=3.06622e+03, alpha=7.06538e-01, ksp_its=20, ls_evals=16
Assembling Hessian...
Setting operators...
Solving KSP...
KSP solved.
it=2, J=4.38959, dJ=2.20413e+01, ||g||=1.47958e+03, alpha=9.99660e-01, ksp_its=12, ls_evals=16
Assembling Hessian...
Setting operators...
Solving KSP...
KSP solved.
it=3, J=2.32235, dJ=2.06724e+00, ||g||=3.05081e+02, alpha=8.71523e-01, ksp_its=18, ls_evals=16
Assembling Hessian...
Setting operators...
Solving KSP...
KSP solved.
it=4, J=1.68753, dJ=6.34825e-01, ||g||=2.71005e+02, alpha=8.59747e-01, ksp_its=58, ls_evals=16
Assembling Hessian...
Setting operators...
Solving KSP...
KSP solved.
it=5, J=1.34765, dJ=3.39880e-01, ||g||=1.18554e+02, alpha=9.99660e-01, ksp_its=15, ls_evals=16
Assembling Hessian...
Setting operators...
Solving KSP...
KSP solved.
it=6, J=1.21535, dJ=1.32302e-01, ||g||=3.80158e+01, alpha=3.68611e-01, ksp_its=60, ls_evals=16
Assembling Hessian...
Setting operators...
Solving KSP...
KSP solved.
it=7, J=1.05855, dJ=1.56799e-01, ||g||=6.37308e+01, alpha=9.99660e-01, ksp_its=24, ls_evals=16
Assembling Hessian...
Setting operators...
Solving KSP...
KSP solved.
it=8, J=0.98670, dJ=7.18491e-02, ||g||=3.36569e+01, alpha=4.93709e-01, ksp_its=60, ls_evals=16
Assembling Hessian...
Setting operators...
Solving KSP...
KSP solved.
it=9, J=0.91326, dJ=7.34321e-02, ||g||=4.96480e+01, alpha=9.99660e-01, ksp_its=20, ls_evals=16
Assembling Hessian...
Setting operators...
Solving KSP...
KSP solved.
it=10, J=0.86526, dJ=4.80093e-02, ||g||=1.40064e+01, alpha=3.29144e-01, ksp_its=60, ls_evals=16
Assembling Hessian...
Setting operators...
Solving KSP...
KSP solved.
it=11, J=0.81528, dJ=4.99747e-02, ||g||=3.71211e+01, alpha=9.99660e-01, ksp_its=23, ls_evals=16
Assembling Hessian...
Setting operators...
Solving KSP...
KSP solved.
it=12, J=0.78378, dJ=3.14956e-02, ||g||=1.32126e+01, alpha=3.68870e-01, ksp_its=60, ls_evals=16
Assembling Hessian...
Setting operators...
Solving KSP...
KSP solved.
it=13, J=0.75555, dJ=2.82394e-02, ||g||=3.15249e+01, alpha=9.99660e-01, ksp_its=22, ls_evals=16
Assembling Hessian...
Setting operators...
Solving KSP...
KSP solved.
it=14, J=0.73188, dJ=2.36673e-02, ||g||=9.33797e+00, alpha=3.35161e-01, ksp_its=60, ls_evals=16
Assembling Hessian...
Setting operators...
Solving KSP...
KSP solved.
it=15, J=0.70965, dJ=2.22290e-02, ||g||=2.62279e+01, alpha=9.99660e-01, ksp_its=27, ls_evals=16
Assembling Hessian...
Setting operators...
Solving KSP...
KSP solved.
it=16, J=0.69271, dJ=1.69375e-02, ||g||=8.63058e+00, alpha=3.69970e-01, ksp_its=60, ls_evals=16
Assembling Hessian...
Setting operators...
Solving KSP...
KSP solved.
it=17, J=0.67859, dJ=1.41192e-02, ||g||=2.26636e+01, alpha=9.99660e-01, ksp_its=24, ls_evals=16
Assembling Hessian...
Setting operators...
Solving KSP...
KSP solved.
it=18, J=0.66578, dJ=1.28133e-02, ||g||=6.82881e+00, alpha=2.95435e-01, ksp_its=60, ls_evals=16
Assembling Hessian...
Setting operators...
Solving KSP...
KSP solved.
it=19, J=0.65549, dJ=1.02931e-02, ||g||=1.91924e+01, alpha=9.99660e-01, ksp_its=25, ls_evals=16
Assembling Hessian...
Setting operators...
Solving KSP...
KSP solved.
it=20, J=0.64609, dJ=9.39621e-03, ||g||=5.58335e+00, alpha=3.07631e-01, ksp_its=60, ls_evals=16
Assembling Hessian...
Setting operators...
Solving KSP...
KSP solved.
it=21, J=0.63896, dJ=7.13130e-03, ||g||=1.63111e+01, alpha=9.99660e-01, ksp_its=25, ls_evals=16
Assembling Hessian...
Setting operators...
Solving KSP...
KSP solved.
it=22, J=0.63206, dJ=6.89476e-03, ||g||=4.48688e+00, alpha=4.08757e-01, ksp_its=60, ls_evals=16
Assembling Hessian...
Setting operators...
Solving KSP...
KSP solved.
it=23, J=0.62695, dJ=5.11413e-03, ||g||=1.35601e+01, alpha=9.99660e-01, ksp_its=26, ls_evals=16
Assembling Hessian...
Setting operators...
Solving KSP...
KSP solved.
it=24, J=0.62212, dJ=4.82483e-03, ||g||=3.93645e+00, alpha=5.16321e-01, ksp_its=60, ls_evals=16
Assembling Hessian...
Setting operators...
Solving KSP...
KSP solved.
it=25, J=0.61868, dJ=3.44547e-03, ||g||=1.12385e+01, alpha=9.99660e-01, ksp_its=28, ls_evals=16
Assembling Hessian...
Setting operators...
Solving KSP...
KSP solved.
it=26, J=0.61548, dJ=3.20079e-03, ||g||=3.21433e+00, alpha=6.44038e-01, ksp_its=60, ls_evals=16
Assembling Hessian...
Setting operators...
Solving KSP...
KSP solved.
it=27, J=0.61326, dJ=2.21504e-03, ||g||=8.95042e+00, alpha=9.99660e-01, ksp_its=30, ls_evals=16
Assembling Hessian...
Setting operators...
Solving KSP...
KSP solved.
it=28, J=0.61130, dJ=1.96419e-03, ||g||=2.34171e+00, alpha=9.99660e-01, ksp_its=60, ls_evals=16
Assembling Hessian...
Setting operators...
Solving KSP...
KSP solved.
it=29, J=0.61008, dJ=1.21458e-03, ||g||=6.29224e+00, alpha=9.99660e-01, ksp_its=41, ls_evals=16
Assembling Hessian...
Setting operators...
Solving KSP...
KSP solved.
it=30, J=0.60915, dJ=9.31201e-04, ||g||=1.61186e+00, alpha=9.99660e-01, ksp_its=60, ls_evals=16
Assembling Hessian...
Setting operators...
Solving KSP...
KSP solved.
it=31, J=0.60857, dJ=5.81962e-04, ||g||=2.69991e+00, alpha=9.99660e-01, ksp_its=60, ls_evals=16
Assembling Hessian...
Setting operators...
Solving KSP...
KSP solved.
it=32, J=0.60829, dJ=2.84742e-04, ||g||=1.21988e+00, alpha=9.99660e-01, ksp_its=60, ls_evals=16
Assembling Hessian...
Setting operators...
Solving KSP...
KSP solved.
it=33, J=0.60809, dJ=1.92678e-04, ||g||=7.29066e-01, alpha=9.99660e-01, ksp_its=60, ls_evals=16
Assembling Hessian...
Setting operators...
Solving KSP...
KSP solved.
it=34, J=0.60800, dJ=9.68256e-05, ||g||=5.92112e-01, alpha=9.99660e-01, ksp_its=60, ls_evals=16
Assembling Hessian...
Setting operators...
Solving KSP...
KSP solved.
it=35, J=0.60795, dJ=4.76148e-05, ||g||=3.23048e-01, alpha=9.99660e-01, ksp_its=60, ls_evals=16
Assembling Hessian...
Setting operators...
Solving KSP...
KSP solved.
it=36, J=0.60790, dJ=5.20958e-05, ||g||=1.83883e-01, alpha=9.77727e-01, ksp_its=60, ls_evals=16
Assembling Hessian...
Setting operators...
Solving KSP...
KSP solved.
it=37, J=0.60789, dJ=5.36023e-06, ||g||=6.31425e-01, alpha=9.99660e-01, ksp_its=5, ls_evals=16
Step 2 finished: Energy = 0.607892, Iters = 37
--- Step 3/24, Angle: 3.1416 ---
Assembling Hessian...
Setting operators...
Solving KSP...
KSP solved.
it=1, J=22.53530, dJ=8.34852e+01, ||g||=3.05312e+03, alpha=8.03782e-01, ksp_its=2, ls_evals=17
Assembling Hessian...
Setting operators...
Solving KSP...
KSP solved.
it=2, J=10.01007, dJ=1.25252e+01, ||g||=2.97271e+03, alpha=1.16216e+00, ksp_its=2, ls_evals=17
Assembling Hessian...
Setting operators...
Solving KSP...
KSP solved.
it=3, J=6.24671, dJ=3.76336e+00, ||g||=7.37453e+02, alpha=3.49967e-01, ksp_its=18, ls_evals=17
Assembling Hessian...
Setting operators...
Solving KSP...
KSP solved.
it=4, J=4.38179, dJ=1.86492e+00, ||g||=5.99174e+02, alpha=7.09213e-01, ksp_its=4, ls_evals=17
Assembling Hessian...
Setting operators...
Solving KSP...
KSP solved.
it=5, J=3.44616, dJ=9.35630e-01, ||g||=1.70408e+03, alpha=1.20438e+00, ksp_its=9, ls_evals=17
Assembling Hessian...
Setting operators...
Solving KSP...
KSP solved.
it=6, J=2.96418, dJ=4.81980e-01, ||g||=2.52514e+02, alpha=6.29040e-01, ksp_its=20, ls_evals=17
Assembling Hessian...
Setting operators...
Solving KSP...
KSP solved.
it=7, J=2.67702, dJ=2.87158e-01, ||g||=1.84511e+02, alpha=1.12927e+00, ksp_its=4, ls_evals=17
Assembling Hessian...
Setting operators...
Solving KSP...
KSP solved.
it=8, J=2.39999, dJ=2.77026e-01, ||g||=1.53592e+02, alpha=2.78257e-01, ksp_its=30, ls_evals=17
Assembling Hessian...
Setting operators...
Solving KSP...
KSP solved.
it=9, J=2.26653, dJ=1.33467e-01, ||g||=1.34705e+02, alpha=1.30628e+00, ksp_its=4, ls_evals=17
Assembling Hessian...
Setting operators...
Solving KSP...
KSP solved.
it=10, J=2.14607, dJ=1.20452e-01, ||g||=4.27645e+01, alpha=7.25441e-01, ksp_its=30, ls_evals=17
Assembling Hessian...
Setting operators...
Solving KSP...
KSP solved.
it=11, J=2.00956, dJ=1.36509e-01, ||g||=1.19185e+02, alpha=1.10798e+00, ksp_its=11, ls_evals=17
Assembling Hessian...
Setting operators...
Solving KSP...
KSP solved.
it=12, J=1.95959, dJ=4.99774e-02, ||g||=6.16664e+01, alpha=1.15047e+00, ksp_its=5, ls_evals=17
Assembling Hessian...
Setting operators...
Solving KSP...
KSP solved.
it=13, J=1.86872, dJ=9.08664e-02, ||g||=3.28233e+01, alpha=2.24609e-01, ksp_its=30, ls_evals=17
Assembling Hessian...
Setting operators...
Solving KSP...
KSP solved.
it=14, J=1.84519, dJ=2.35333e-02, ||g||=4.66487e+01, alpha=1.07423e+00, ksp_its=3, ls_evals=17
Assembling Hessian...
Setting operators...
Solving KSP...
KSP solved.
it=15, J=1.77716, dJ=6.80230e-02, ||g||=7.60365e+00, alpha=3.83556e-01, ksp_its=30, ls_evals=17
Assembling Hessian...
Setting operators...
Solving KSP...
KSP solved.
it=16, J=1.75749, dJ=1.96736e-02, ||g||=3.81220e+01, alpha=1.03994e+00, ksp_its=3, ls_evals=17
Assembling Hessian...
Setting operators...
Solving KSP...
KSP solved.
it=17, J=1.70457, dJ=5.29176e-02, ||g||=5.82512e+00, alpha=4.33106e-01, ksp_its=30, ls_evals=17
Assembling Hessian...
Setting operators...
Solving KSP...
KSP solved.
it=18, J=1.68958, dJ=1.49902e-02, ||g||=3.40259e+01, alpha=1.04797e+00, ksp_its=2, ls_evals=17
Assembling Hessian...
Setting operators...
Solving KSP...
KSP solved.
it=19, J=1.64724, dJ=4.23467e-02, ||g||=1.38484e+01, alpha=4.99316e-01, ksp_its=30, ls_evals=17
Assembling Hessian...
Setting operators...
Solving KSP...
KSP solved.
it=20, J=1.63474, dJ=1.24962e-02, ||g||=3.07817e+01, alpha=1.06533e+00, ksp_its=2, ls_evals=17
Assembling Hessian...
Setting operators...
Solving KSP...
KSP solved.
it=21, J=1.59929, dJ=3.54486e-02, ||g||=1.57018e+01, alpha=4.34238e-01, ksp_its=30, ls_evals=17
Assembling Hessian...
Setting operators...
Solving KSP...
KSP solved.
it=22, J=1.58865, dJ=1.06379e-02, ||g||=2.86037e+01, alpha=1.07762e+00, ksp_its=2, ls_evals=17
Assembling Hessian...
Setting operators...
Solving KSP...
KSP solved.
it=23, J=1.55899, dJ=2.96617e-02, ||g||=1.52106e+01, alpha=3.01117e-01, ksp_its=30, ls_evals=17
Assembling Hessian...
Setting operators...
Solving KSP...
KSP solved.
it=24, J=1.55001, dJ=8.97813e-03, ||g||=2.63191e+01, alpha=1.08539e+00, ksp_its=2, ls_evals=17
Assembling Hessian...
Setting operators...
Solving KSP...
KSP solved.
it=25, J=1.52483, dJ=2.51799e-02, ||g||=1.32561e+01, alpha=2.77825e-01, ksp_its=30, ls_evals=17
Assembling Hessian...
Setting operators...
Solving KSP...
KSP solved.
it=26, J=1.51716, dJ=7.67295e-03, ||g||=2.42897e+01, alpha=1.08679e+00, ksp_its=2, ls_evals=17
Assembling Hessian...
Setting operators...
Solving KSP...
KSP solved.
it=27, J=1.49567, dJ=2.14947e-02, ||g||=1.14594e+01, alpha=2.67960e-01, ksp_its=30, ls_evals=17
Assembling Hessian...
Setting operators...
Solving KSP...
KSP solved.
it=28, J=1.48910, dJ=6.56553e-03, ||g||=2.23404e+01, alpha=1.08242e+00, ksp_its=2, ls_evals=17
Assembling Hessian...
Setting operators...
Solving KSP...
KSP solved.
it=29, J=1.47080, dJ=1.83036e-02, ||g||=9.78917e+00, alpha=2.38037e-01, ksp_its=30, ls_evals=17
Assembling Hessian...
Setting operators...
Solving KSP...
KSP solved.
it=30, J=1.46520, dJ=5.60203e-03, ||g||=2.05397e+01, alpha=1.07536e+00, ksp_its=2, ls_evals=17
Assembling Hessian...
Setting operators...
Solving KSP...
KSP solved.
it=31, J=1.44970, dJ=1.54982e-02, ||g||=8.35264e+00, alpha=2.05848e-01, ksp_its=30, ls_evals=17
Assembling Hessian...
Setting operators...
Solving KSP...
KSP solved.
it=32, J=1.44495, dJ=4.74686e-03, ||g||=1.88457e+01, alpha=1.07056e+00, ksp_its=2, ls_evals=17
Assembling Hessian...
Setting operators...
Solving KSP...
KSP solved.
it=33, J=1.43192, dJ=1.30347e-02, ||g||=7.15090e+00, alpha=1.84389e-01, ksp_its=30, ls_evals=17
Assembling Hessian...
Setting operators...
Solving KSP...
KSP solved.
it=34, J=1.42795, dJ=3.96980e-03, ||g||=1.71872e+01, alpha=1.06873e+00, ksp_its=2, ls_evals=17
Assembling Hessian...
Setting operators...
Solving KSP...
KSP solved.
it=35, J=1.41708, dJ=1.08678e-02, ||g||=6.10244e+00, alpha=1.77757e-01, ksp_its=30, ls_evals=17
Assembling Hessian...
Setting operators...
Solving KSP...
KSP solved.
it=36, J=1.41373, dJ=3.35106e-03, ||g||=1.56449e+01, alpha=1.03810e+00, ksp_its=3, ls_evals=17
Assembling Hessian...
Setting operators...
Solving KSP...
KSP solved.
it=37, J=1.40479, dJ=8.94186e-03, ||g||=2.31774e+00, alpha=1.78890e-01, ksp_its=30, ls_evals=17
Assembling Hessian...
Setting operators...
Solving KSP...
KSP solved.
it=38, J=1.40209, dJ=2.69686e-03, ||g||=1.44103e+01, alpha=1.05546e+00, ksp_its=2, ls_evals=17
Assembling Hessian...
Setting operators...
Solving KSP...
KSP solved.
it=39, J=1.39485, dJ=7.23669e-03, ||g||=3.66712e+00, alpha=1.95118e-01, ksp_its=30, ls_evals=17
Assembling Hessian...
Setting operators...
Solving KSP...
KSP solved.
it=40, J=1.39265, dJ=2.20593e-03, ||g||=1.25655e+01, alpha=1.04177e+00, ksp_its=3, ls_evals=17
Assembling Hessian...
Setting operators...
Solving KSP...
KSP solved.
it=41, J=1.38689, dJ=5.75784e-03, ||g||=1.85746e+00, alpha=2.49467e-01, ksp_its=30, ls_evals=17
Assembling Hessian...
Setting operators...
Solving KSP...
KSP solved.
it=42, J=1.38519, dJ=1.69645e-03, ||g||=1.14386e+01, alpha=1.05913e+00, ksp_its=2, ls_evals=17
Assembling Hessian...
Setting operators...
Solving KSP...
KSP solved.
it=43, J=1.38073, dJ=4.46495e-03, ||g||=2.64163e+00, alpha=3.23709e-01, ksp_its=30, ls_evals=17
Assembling Hessian...
Setting operators...
Solving KSP...
KSP solved.
it=44, J=1.37941, dJ=1.31285e-03, ||g||=9.69544e+00, alpha=1.03697e+00, ksp_its=3, ls_evals=17
Assembling Hessian...
Setting operators...
Solving KSP...
KSP solved.
it=45, J=1.37608, dJ=3.32934e-03, ||g||=1.43569e+00, alpha=7.04682e-01, ksp_its=30, ls_evals=17
Assembling Hessian...
Setting operators...
Solving KSP...
KSP solved.
it=46, J=1.37514, dJ=9.45197e-04, ||g||=8.58332e+00, alpha=1.04473e+00, ksp_its=2, ls_evals=17
Assembling Hessian...
Setting operators...
Solving KSP...
KSP solved.
it=47, J=1.37273, dJ=2.40434e-03, ||g||=2.02921e+00, alpha=1.44010e+00, ksp_its=30, ls_evals=17
Assembling Hessian...
Setting operators...
Solving KSP...
KSP solved.
it=48, J=1.37207, dJ=6.65483e-04, ||g||=7.35168e+00, alpha=1.00548e+00, ksp_its=3, ls_evals=17
Assembling Hessian...
Setting operators...
Solving KSP...
KSP solved.
it=49, J=1.37049, dJ=1.58397e-03, ||g||=1.51260e+00, alpha=1.99965e+00, ksp_its=30, ls_evals=17
Assembling Hessian...
Setting operators...
Solving KSP...
KSP solved.
it=50, J=1.37011, dJ=3.80335e-04, ||g||=5.44434e+00, alpha=1.03287e+00, ksp_its=2, ls_evals=17
Assembling Hessian...
Setting operators...
Solving KSP...
KSP solved.
it=51, J=1.36940, dJ=7.08804e-04, ||g||=1.45114e+00, alpha=1.99965e+00, ksp_its=30, ls_evals=17
Assembling Hessian...
Setting operators...
Solving KSP...
KSP solved.
it=52, J=1.36930, dJ=9.16085e-05, ||g||=2.24024e+00, alpha=1.87909e+00, ksp_its=8, ls_evals=17
Assembling Hessian...
Setting operators...
Solving KSP...
KSP solved.
it=53, J=1.36927, dJ=3.59559e-05, ||g||=3.38675e+00, alpha=1.15666e+00, ksp_its=5, ls_evals=17
Step 3 finished: Energy = 1.369269, Iters = 53
--- Step 4/24, Angle: 4.1888 ---
Assembling Hessian...
Setting operators...
Solving KSP...
KSP solved.
it=1, J=22.29172, dJ=8.47707e+01, ||g||=3.04036e+03, alpha=8.46968e-01, ksp_its=1, ls_evals=17
Assembling Hessian...
Setting operators...
Solving KSP...
KSP solved.
it=2, J=6.20509, dJ=1.60866e+01, ||g||=1.43979e+03, alpha=1.10825e+00, ksp_its=4, ls_evals=17
Assembling Hessian...
Setting operators...
Solving KSP...
KSP solved.
it=3, J=4.31723, dJ=1.88786e+00, ||g||=5.35985e+02, alpha=8.06047e-01, ksp_its=4, ls_evals=17
Assembling Hessian...
Setting operators...
Solving KSP...
KSP solved.
it=4, J=3.52359, dJ=7.93642e-01, ||g||=2.87579e+02, alpha=1.26083e+00, ksp_its=7, ls_evals=17
Assembling Hessian...
Setting operators...
Solving KSP...
KSP solved.
it=5, J=3.26455, dJ=2.59035e-01, ||g||=1.62181e+02, alpha=1.09315e+00, ksp_its=5, ls_evals=17
Assembling Hessian...
Setting operators...
Solving KSP...
KSP solved.
it=6, J=3.11907, dJ=1.45478e-01, ||g||=1.16977e+02, alpha=6.08281e-01, ksp_its=13, ls_evals=17
Assembling Hessian...
Setting operators...
Solving KSP...
KSP solved.
it=7, J=2.99310, dJ=1.25971e-01, ||g||=7.56108e+01, alpha=1.92977e+00, ksp_its=5, ls_evals=17
Assembling Hessian...
Setting operators...
Solving KSP...
KSP solved.
it=8, J=2.93752, dJ=5.55830e-02, ||g||=9.59169e+01, alpha=-4.45302e-01, ksp_its=14, ls_evals=17
Assembling Hessian...
Setting operators...
Solving KSP...
KSP solved.
it=9, J=2.83704, dJ=1.00475e-01, ||g||=1.34501e+02, alpha=8.73226e-01, ksp_its=15, ls_evals=17
Assembling Hessian...
Setting operators...
Solving KSP...
KSP solved.
it=10, J=2.81314, dJ=2.39050e-02, ||g||=4.90963e+01, alpha=1.16373e+00, ksp_its=2, ls_evals=17
Assembling Hessian...
Setting operators...
Solving KSP...
KSP solved.
it=11, J=2.76928, dJ=4.38617e-02, ||g||=1.75446e+01, alpha=2.45368e-01, ksp_its=30, ls_evals=17
Assembling Hessian...
Setting operators...
Solving KSP...
KSP solved.
it=12, J=2.75478, dJ=1.44948e-02, ||g||=3.37674e+01, alpha=1.05137e+00, ksp_its=3, ls_evals=17
Assembling Hessian...
Setting operators...
Solving KSP...
KSP solved.
