FEniCSx local environment activated.
  Python:  Python 3.12.10
  PETSc:   (3, 24, 2)
  DOLFINx: 0.10.0.post5
Creating matrix...
Building nullspace...
Setting near nullspace...
Creating KSP...
--- Step 1/24, Angle: 1.0472 ---
Assembling Hessian...
Setting operators...
Solving KSP...
KSP solved.
it=1, J=48.09675, dJ=5.68135e+01, ||g||=3.08303e+03, alpha=4.68528e-01, ksp_its=1, ls_evals=17
Assembling Hessian...
Setting operators...
Solving KSP...
KSP solved.
it=2, J=5.05516, dJ=4.30416e+01, ||g||=1.95437e+03, alpha=1.03034e+00, ksp_its=2, ls_evals=17
Assembling Hessian...
Setting operators...
Solving KSP...
KSP solved.
it=3, J=2.49988, dJ=2.55528e+00, ||g||=5.76991e+02, alpha=9.93984e-01, ksp_its=2, ls_evals=16
Assembling Hessian...
Setting operators...
Solving KSP...
KSP solved.
it=4, J=1.55321, dJ=9.46671e-01, ||g||=4.81178e+02, alpha=1.10571e+00, ksp_its=2, ls_evals=17
Assembling Hessian...
Setting operators...
Solving KSP...
KSP solved.
it=5, J=1.37325, dJ=1.79957e-01, ||g||=1.83797e+02, alpha=9.51999e-01, ksp_its=2, ls_evals=17
Assembling Hessian...
Setting operators...
Solving KSP...
KSP solved.
it=6, J=0.95239, dJ=4.20861e-01, ||g||=1.19288e+02, alpha=9.61596e-01, ksp_its=4, ls_evals=17
Assembling Hessian...
Setting operators...
Solving KSP...
KSP solved.
it=7, J=0.81198, dJ=1.40411e-01, ||g||=2.42975e+02, alpha=1.00731e+00, ksp_its=2, ls_evals=17
Assembling Hessian...
Setting operators...
Solving KSP...
KSP solved.
it=8, J=0.65230, dJ=1.59679e-01, ||g||=3.84331e+01, alpha=2.06281e-01, ksp_its=14, ls_evals=17
Assembling Hessian...
Setting operators...
Solving KSP...
KSP solved.
it=9, J=0.60124, dJ=5.10657e-02, ||g||=6.66145e+01, alpha=1.00478e+00, ksp_its=2, ls_evals=17
Assembling Hessian...
Setting operators...
Solving KSP...
KSP solved.
it=10, J=0.50260, dJ=9.86397e-02, ||g||=2.00213e+01, alpha=4.77424e-01, ksp_its=12, ls_evals=17
Assembling Hessian...
Setting operators...
Solving KSP...
KSP solved.
it=11, J=0.46925, dJ=3.33492e-02, ||g||=1.25943e+02, alpha=1.00295e+00, ksp_its=2, ls_evals=17
Assembling Hessian...
Setting operators...
Solving KSP...
KSP solved.
it=12, J=0.46060, dJ=8.64290e-03, ||g||=3.01718e+01, alpha=9.61863e-01, ksp_its=2, ls_evals=17
Assembling Hessian...
Setting operators...
Solving KSP...
KSP solved.
it=13, J=0.45437, dJ=6.23022e-03, ||g||=5.28030e+01, alpha=1.00042e+00, ksp_its=1, ls_evals=17
Assembling Hessian...
Setting operators...
Solving KSP...
KSP solved.
it=14, J=0.40494, dJ=4.94362e-02, ||g||=1.57776e+01, alpha=1.46269e-01, ksp_its=26, ls_evals=17
Assembling Hessian...
Setting operators...
Solving KSP...
KSP solved.
it=15, J=0.38787, dJ=1.70708e-02, ||g||=3.70921e+01, alpha=1.00295e+00, ksp_its=2, ls_evals=17
Assembling Hessian...
Setting operators...
Solving KSP...
KSP solved.
it=16, J=0.33399, dJ=5.38752e-02, ||g||=1.04666e+01, alpha=2.63162e-01, ksp_its=13, ls_evals=17
Assembling Hessian...
Setting operators...
Solving KSP...
KSP solved.
it=17, J=0.31868, dJ=1.53069e-02, ||g||=3.92325e+01, alpha=1.00225e+00, ksp_its=2, ls_evals=17
Assembling Hessian...
Setting operators...
Solving KSP...
KSP solved.
it=18, J=0.30833, dJ=1.03528e-02, ||g||=8.02309e+00, alpha=7.77092e-01, ksp_its=4, ls_evals=17
Assembling Hessian...
Setting operators...
Solving KSP...
KSP solved.
it=19, J=0.30054, dJ=7.79199e-03, ||g||=5.27320e+01, alpha=1.00112e+00, ksp_its=2, ls_evals=17
Assembling Hessian...
Setting operators...
Solving KSP...
KSP solved.
it=20, J=0.27440, dJ=2.61421e-02, ||g||=7.40683e+00, alpha=1.26807e-01, ksp_its=28, ls_evals=17
Assembling Hessian...
Setting operators...
Solving KSP...
KSP solved.
it=21, J=0.26625, dJ=8.14956e-03, ||g||=2.43603e+01, alpha=1.00182e+00, ksp_its=2, ls_evals=17
Assembling Hessian...
Setting operators...
Solving KSP...
KSP solved.
it=22, J=0.24172, dJ=2.45316e-02, ||g||=7.58912e+00, alpha=1.71126e-01, ksp_its=30, ls_evals=17
Assembling Hessian...
Setting operators...
Solving KSP...
KSP solved.
it=23, J=0.23447, dJ=7.25144e-03, ||g||=2.31669e+01, alpha=1.00155e+00, ksp_its=2, ls_evals=17
Assembling Hessian...
Setting operators...
Solving KSP...
KSP solved.
it=24, J=0.21467, dJ=1.97929e-02, ||g||=5.31109e+00, alpha=3.01117e-01, ksp_its=14, ls_evals=17
Assembling Hessian...
Setting operators...
Solving KSP...
KSP solved.
it=25, J=0.20928, dJ=5.39396e-03, ||g||=2.35355e+01, alpha=1.00112e+00, ksp_its=1, ls_evals=17
Assembling Hessian...
Setting operators...
Solving KSP...
KSP solved.
it=26, J=0.20769, dJ=1.59327e-03, ||g||=9.05495e+00, alpha=1.00225e+00, ksp_its=3, ls_evals=17
Assembling Hessian...
Setting operators...
Solving KSP...
KSP solved.
it=27, J=0.20690, dJ=7.82522e-04, ||g||=1.02831e+01, alpha=1.00042e+00, ksp_its=1, ls_evals=17
Assembling Hessian...
Setting operators...
Solving KSP...
KSP solved.
it=28, J=0.19462, dJ=1.22849e-02, ||g||=8.82431e+00, alpha=1.31173e-01, ksp_its=28, ls_evals=17
Assembling Hessian...
Setting operators...
Solving KSP...
KSP solved.
it=29, J=0.19122, dJ=3.39586e-03, ||g||=1.63664e+01, alpha=1.00068e+00, ksp_its=1, ls_evals=17
Assembling Hessian...
Setting operators...
Solving KSP...
KSP solved.
it=30, J=0.18218, dJ=9.03840e-03, ||g||=7.47067e+00, alpha=4.15745e-01, ksp_its=10, ls_evals=17
Assembling Hessian...
Setting operators...
Solving KSP...
KSP solved.
it=31, J=0.17897, dJ=3.21453e-03, ||g||=2.69222e+01, alpha=1.00068e+00, ksp_its=2, ls_evals=17
Assembling Hessian...
Setting operators...
Solving KSP...
KSP solved.
it=32, J=0.17527, dJ=3.70345e-03, ||g||=9.20375e+00, alpha=6.89154e-01, ksp_its=9, ls_evals=17
Assembling Hessian...
Setting operators...
Solving KSP...
KSP solved.
it=33, J=0.17344, dJ=1.82958e-03, ||g||=2.82283e+01, alpha=1.00068e+00, ksp_its=3, ls_evals=17
Assembling Hessian...
Setting operators...
Solving KSP...
KSP solved.
it=34, J=0.17292, dJ=5.14527e-04, ||g||=1.24320e+01, alpha=1.00888e+00, ksp_its=4, ls_evals=17
Assembling Hessian...
Setting operators...
Solving KSP...
KSP solved.
it=35, J=0.17225, dJ=6.72643e-04, ||g||=1.18969e+01, alpha=9.75991e-01, ksp_its=6, ls_evals=17
Assembling Hessian...
Setting operators...
Solving KSP...
KSP solved.
it=36, J=0.17088, dJ=1.36614e-03, ||g||=1.83765e+01, alpha=1.04290e+00, ksp_its=4, ls_evals=17
Assembling Hessian...
Setting operators...
Solving KSP...
KSP solved.
it=37, J=0.17037, dJ=5.11055e-04, ||g||=1.72838e+01, alpha=9.99983e-01, ksp_its=1, ls_evals=17
Assembling Hessian...
Setting operators...
Solving KSP...
KSP solved.
it=38, J=0.16520, dJ=5.17421e-03, ||g||=2.11109e+00, alpha=2.30973e-01, ksp_its=22, ls_evals=17
Assembling Hessian...
Setting operators...
Solving KSP...
KSP solved.
it=39, J=0.16372, dJ=1.47776e-03, ||g||=1.05888e+01, alpha=1.00068e+00, ksp_its=2, ls_evals=17
Assembling Hessian...
Setting operators...
Solving KSP...
KSP solved.
it=40, J=0.16005, dJ=3.67176e-03, ||g||=2.25753e+00, alpha=2.46068e-01, ksp_its=19, ls_evals=17
Assembling Hessian...
Setting operators...
Solving KSP...
KSP solved.
it=41, J=0.15903, dJ=1.01936e-03, ||g||=8.75882e+00, alpha=1.00042e+00, ksp_its=2, ls_evals=17
Assembling Hessian...
Setting operators...
Solving KSP...
KSP solved.
it=42, J=0.15654, dJ=2.49022e-03, ||g||=1.94325e+00, alpha=2.76425e-01, ksp_its=19, ls_evals=17
Assembling Hessian...
Setting operators...
Solving KSP...
KSP solved.
it=43, J=0.15587, dJ=6.70039e-04, ||g||=6.85359e+00, alpha=1.00042e+00, ksp_its=2, ls_evals=17
Assembling Hessian...
Setting operators...
Solving KSP...
KSP solved.
it=44, J=0.15427, dJ=1.59599e-03, ||g||=1.55511e+00, alpha=3.20043e-01, ksp_its=21, ls_evals=17
Assembling Hessian...
Setting operators...
Solving KSP...
KSP solved.
it=45, J=0.15386, dJ=4.08276e-04, ||g||=5.27362e+00, alpha=1.00042e+00, ksp_its=2, ls_evals=17
Assembling Hessian...
Setting operators...
Solving KSP...
KSP solved.
it=46, J=0.15295, dJ=9.17137e-04, ||g||=1.16842e+00, alpha=3.91320e-01, ksp_its=22, ls_evals=17
Assembling Hessian...
Setting operators...
Solving KSP...
KSP solved.
it=47, J=0.15273, dJ=2.20419e-04, ||g||=4.29443e+00, alpha=1.00042e+00, ksp_its=2, ls_evals=17
Assembling Hessian...
Setting operators...
Solving KSP...
KSP solved.
it=48, J=0.15228, dJ=4.47655e-04, ||g||=1.19803e+00, alpha=4.86321e-01, ksp_its=30, ls_evals=17
Assembling Hessian...
Setting operators...
Solving KSP...
KSP solved.
it=49, J=0.15218, dJ=9.50958e-05, ||g||=2.76004e+00, alpha=9.99983e-01, ksp_its=2, ls_evals=17
Assembling Hessian...
Setting operators...
Solving KSP...
KSP solved.
it=50, J=0.15202, dJ=1.59494e-04, ||g||=6.46675e-01, alpha=6.45968e-01, ksp_its=30, ls_evals=17
Assembling Hessian...
Setting operators...
Solving KSP...
KSP solved.
it=51, J=0.15200, dJ=2.52589e-05, ||g||=1.46907e+00, alpha=9.99983e-01, ksp_its=2, ls_evals=17
Step 1 finished: Energy = 0.151999, Iters = 51
--- Step 2/24, Angle: 2.0944 ---
Assembling Hessian...
Setting operators...
Solving KSP...
KSP solved.
it=1, J=19.16589, dJ=8.61535e+01, ||g||=3.06647e+03, alpha=8.58830e-01, ksp_its=4, ls_evals=17
Assembling Hessian...
Setting operators...
Solving KSP...
KSP solved.
it=2, J=6.70705, dJ=1.24588e+01, ||g||=1.79409e+03, alpha=9.87854e-01, ksp_its=4, ls_evals=17
Assembling Hessian...
Setting operators...
Solving KSP...
KSP solved.
it=3, J=5.43932, dJ=1.26773e+00, ||g||=1.70672e+03, alpha=1.02144e+00, ksp_its=5, ls_evals=17
Assembling Hessian...
Setting operators...
Solving KSP...
KSP solved.
it=4, J=3.71005, dJ=1.72927e+00, ||g||=7.56758e+02, alpha=4.07281e-01, ksp_its=20, ls_evals=17
Assembling Hessian...
Setting operators...
Solving KSP...
KSP solved.
it=5, J=2.61876, dJ=1.09129e+00, ||g||=5.99254e+02, alpha=1.19435e+00, ksp_its=10, ls_evals=17
Assembling Hessian...
Setting operators...
Solving KSP...
KSP solved.
it=6, J=2.14078, dJ=4.77984e-01, ||g||=3.36148e+02, alpha=1.76614e-01, ksp_its=30, ls_evals=16
Assembling Hessian...
Setting operators...
Solving KSP...
KSP solved.
it=7, J=2.09710, dJ=4.36779e-02, ||g||=2.44811e+02, alpha=1.42486e-01, ksp_its=11, ls_evals=100
Assembling Hessian...
Setting operators...
Solving KSP...
KSP solved.
it=8, J=1.87466, dJ=2.22438e-01, ||g||=2.66175e+02, alpha=7.83952e-01, ksp_its=16, ls_evals=16
Assembling Hessian...
Setting operators...
Solving KSP...
KSP solved.
it=9, J=1.83410, dJ=4.05576e-02, ||g||=2.31547e+02, alpha=1.99965e+00, ksp_its=30, ls_evals=17
Assembling Hessian...
Setting operators...
Solving KSP...
KSP solved.
it=10, J=1.64726, dJ=1.86842e-01, ||g||=1.43658e+02, alpha=9.99660e-01, ksp_its=30, ls_evals=16
Assembling Hessian...
Setting operators...
Solving KSP...
KSP solved.
it=11, J=1.47408, dJ=1.73180e-01, ||g||=1.57512e+02, alpha=9.99660e-01, ksp_its=25, ls_evals=16
Assembling Hessian...
Setting operators...
Solving KSP...
KSP solved.
it=12, J=1.35403, dJ=1.20047e-01, ||g||=9.84438e+01, alpha=1.33001e+00, ksp_its=6, ls_evals=17
Assembling Hessian...
Setting operators...
Solving KSP...
KSP solved.
it=13, J=1.31121, dJ=4.28202e-02, ||g||=1.11336e+02, alpha=9.62996e-01, ksp_its=4, ls_evals=17
Assembling Hessian...
Setting operators...
Solving KSP...
KSP solved.
it=14, J=1.19675, dJ=1.14460e-01, ||g||=3.22983e+01, alpha=9.99660e-01, ksp_its=28, ls_evals=16
Assembling Hessian...
Setting operators...
Solving KSP...
KSP solved.
it=15, J=1.17501, dJ=2.17393e-02, ||g||=4.21169e+01, alpha=1.00225e+00, ksp_its=2, ls_evals=17
Assembling Hessian...
Setting operators...
Solving KSP...
KSP solved.
it=16, J=1.07706, dJ=9.79530e-02, ||g||=9.12419e+00, alpha=4.60420e-01, ksp_its=30, ls_evals=16
Assembling Hessian...
Setting operators...
Solving KSP...
KSP solved.
it=17, J=1.04922, dJ=2.78398e-02, ||g||=4.59844e+01, alpha=1.00252e+00, ksp_its=2, ls_evals=17
Assembling Hessian...
Setting operators...
Solving KSP...
KSP solved.
it=18, J=0.97556, dJ=7.36644e-02, ||g||=6.97592e+00, alpha=5.33595e-01, ksp_its=30, ls_evals=16
Assembling Hessian...
Setting operators...
Solving KSP...
KSP solved.
it=19, J=0.95431, dJ=2.12455e-02, ||g||=4.07514e+01, alpha=1.00182e+00, ksp_its=2, ls_evals=17
Assembling Hessian...
Setting operators...
Solving KSP...
KSP solved.
it=20, J=0.89862, dJ=5.56906e-02, ||g||=5.38201e+00, alpha=6.08550e-01, ksp_its=30, ls_evals=16
Assembling Hessian...
Setting operators...
Solving KSP...
KSP solved.
it=21, J=0.88237, dJ=1.62522e-02, ||g||=3.55506e+01, alpha=1.00155e+00, ksp_its=2, ls_evals=17
Assembling Hessian...
Setting operators...
Solving KSP...
KSP solved.
it=22, J=0.83934, dJ=4.30319e-02, ||g||=4.49496e+00, alpha=6.57334e-01, ksp_its=30, ls_evals=16
Assembling Hessian...
Setting operators...
Solving KSP...
KSP solved.
it=23, J=0.82652, dJ=1.28191e-02, ||g||=3.13101e+01, alpha=1.00112e+00, ksp_its=2, ls_evals=17
Assembling Hessian...
Setting operators...
Solving KSP...
KSP solved.
it=24, J=0.79239, dJ=3.41283e-02, ||g||=4.13377e+00, alpha=6.38441e-01, ksp_its=30, ls_evals=16
Assembling Hessian...
Setting operators...
Solving KSP...
KSP solved.
it=25, J=0.78212, dJ=1.02703e-02, ||g||=2.75811e+01, alpha=1.00112e+00, ksp_its=2, ls_evals=17
Assembling Hessian...
Setting operators...
Solving KSP...
KSP solved.
it=26, J=0.75454, dJ=2.75755e-02, ||g||=4.07517e+00, alpha=5.82799e-01, ksp_its=30, ls_evals=16
Assembling Hessian...
Setting operators...
Solving KSP...
KSP solved.
it=27, J=0.74619, dJ=8.34978e-03, ||g||=2.47392e+01, alpha=1.00112e+00, ksp_its=2, ls_evals=17
Assembling Hessian...
Setting operators...
Solving KSP...
KSP solved.
it=28, J=0.72367, dJ=2.25231e-02, ||g||=3.97881e+00, alpha=5.18940e-01, ksp_its=30, ls_evals=16
Assembling Hessian...
Setting operators...
Solving KSP...
KSP solved.
it=29, J=0.71685, dJ=6.82391e-03, ||g||=2.22726e+01, alpha=1.00068e+00, ksp_its=2, ls_evals=17
Assembling Hessian...
Setting operators...
Solving KSP...
KSP solved.
it=30, J=0.69840, dJ=1.84511e-02, ||g||=3.72287e+00, alpha=4.56181e-01, ksp_its=30, ls_evals=16
Assembling Hessian...
Setting operators...
Solving KSP...
KSP solved.
it=31, J=0.69281, dJ=5.58658e-03, ||g||=2.01263e+01, alpha=1.00068e+00, ksp_its=2, ls_evals=17
Assembling Hessian...
Setting operators...
Solving KSP...
KSP solved.
it=32, J=0.67769, dJ=1.51216e-02, ||g||=3.36282e+00, alpha=4.05878e-01, ksp_its=30, ls_evals=16
Assembling Hessian...
Setting operators...
Solving KSP...
KSP solved.
it=33, J=0.67312, dJ=4.56884e-03, ||g||=1.81887e+01, alpha=1.00068e+00, ksp_its=2, ls_evals=17
Assembling Hessian...
Setting operators...
Solving KSP...
KSP solved.
it=34, J=0.66078, dJ=1.23377e-02, ||g||=2.98729e+00, alpha=3.65732e-01, ksp_its=30, ls_evals=16
Assembling Hessian...
Setting operators...
Solving KSP...
KSP solved.
it=35, J=0.65707, dJ=3.71202e-03, ||g||=1.63877e+01, alpha=1.00068e+00, ksp_its=2, ls_evals=17
Assembling Hessian...
Setting operators...
Solving KSP...
KSP solved.
it=36, J=0.64710, dJ=9.97353e-03, ||g||=2.64312e+00, alpha=3.31603e-01, ksp_its=30, ls_evals=16
Assembling Hessian...
Setting operators...
Solving KSP...
KSP solved.
it=37, J=0.64412, dJ=2.97449e-03, ||g||=1.46625e+01, alpha=1.00042e+00, ksp_its=2, ls_evals=17
Assembling Hessian...
Setting operators...
Solving KSP...
KSP solved.
it=38, J=0.63617, dJ=7.95099e-03, ||g||=2.33745e+00, alpha=3.01873e-01, ksp_its=30, ls_evals=16
Assembling Hessian...
Setting operators...
Solving KSP...
KSP solved.
it=39, J=0.63382, dJ=2.34887e-03, ||g||=1.30234e+01, alpha=1.00042e+00, ksp_its=2, ls_evals=17
Assembling Hessian...
Setting operators...
Solving KSP...
KSP solved.
it=40, J=0.62760, dJ=6.21991e-03, ||g||=2.08723e+00, alpha=2.74861e-01, ksp_its=30, ls_evals=16
Assembling Hessian...
Setting operators...
Solving KSP...
KSP solved.
it=41, J=0.62579, dJ=1.81389e-03, ||g||=1.14436e+01, alpha=1.00042e+00, ksp_its=2, ls_evals=17
Assembling Hessian...
Setting operators...
Solving KSP...
KSP solved.
it=42, J=0.62104, dJ=4.74480e-03, ||g||=1.89651e+00, alpha=2.49530e-01, ksp_its=30, ls_evals=16
Assembling Hessian...
Setting operators...
Solving KSP...
KSP solved.
it=43, J=0.61968, dJ=1.36316e-03, ||g||=9.92375e+00, alpha=1.00042e+00, ksp_its=2, ls_evals=17
Assembling Hessian...
Setting operators...
Solving KSP...
KSP solved.
it=44, J=0.61618, dJ=3.49889e-03, ||g||=1.74965e+00, alpha=2.24039e-01, ksp_its=30, ls_evals=16
Assembling Hessian...
Setting operators...
Solving KSP...
KSP solved.
it=45, J=0.61520, dJ=9.85364e-04, ||g||=8.44969e+00, alpha=1.00042e+00, ksp_its=2, ls_evals=17
Assembling Hessian...
Setting operators...
Solving KSP...
KSP solved.
it=46, J=0.61273, dJ=2.46347e-03, ||g||=1.56249e+00, alpha=2.50137e-01, ksp_its=30, ls_evals=16
Assembling Hessian...
Setting operators...
Solving KSP...
KSP solved.
it=47, J=0.61206, dJ=6.72428e-04, ||g||=6.98530e+00, alpha=1.00042e+00, ksp_its=2, ls_evals=17
Assembling Hessian...
Setting operators...
Solving KSP...
KSP solved.
it=48, J=0.61043, dJ=1.62775e-03, ||g||=1.28651e+00, alpha=2.92547e-01, ksp_its=30, ls_evals=16
Assembling Hessian...
Setting operators...
Solving KSP...
KSP solved.
it=49, J=0.61001, dJ=4.26445e-04, ||g||=5.54445e+00, alpha=1.00042e+00, ksp_its=2, ls_evals=17
Assembling Hessian...
Setting operators...
Solving KSP...
KSP solved.
it=50, J=0.60903, dJ=9.78604e-04, ||g||=1.05271e+00, alpha=3.53365e-01, ksp_its=30, ls_evals=17
Assembling Hessian...
Setting operators...
Solving KSP...
KSP solved.
it=51, J=0.60879, dJ=2.39396e-04, ||g||=4.15740e+00, alpha=9.99983e-01, ksp_its=2, ls_evals=17
Assembling Hessian...
Setting operators...
Solving KSP...
KSP solved.
it=52, J=0.60828, dJ=5.04648e-04, ||g||=8.53250e-01, alpha=4.44968e-01, ksp_its=30, ls_evals=17
Assembling Hessian...
Setting operators...
Solving KSP...
KSP solved.
it=53, J=0.60817, dJ=1.10377e-04, ||g||=2.85852e+00, alpha=9.99983e-01, ksp_its=2, ls_evals=17
Assembling Hessian...
Setting operators...
Solving KSP...
KSP solved.
it=54, J=0.60798, dJ=1.88190e-04, ||g||=6.37460e-01, alpha=6.42570e-01, ksp_its=30, ls_evals=17
Assembling Hessian...
Setting operators...
Solving KSP...
KSP solved.
it=55, J=0.60795, dJ=3.75492e-05, ||g||=2.56474e+00, alpha=9.99983e-01, ksp_its=5, ls_evals=17
Step 2 finished: Energy = 0.607946, Iters = 55
--- Step 3/24, Angle: 3.1416 ---
Assembling Hessian...
Setting operators...
Solving KSP...
KSP solved.
it=1, J=22.43087, dJ=8.35949e+01, ||g||=3.05285e+03, alpha=9.06547e-01, ksp_its=2, ls_evals=17
Assembling Hessian...
Setting operators...
Solving KSP...
KSP solved.
it=2, J=9.96970, dJ=1.24612e+01, ||g||=2.82455e+03, alpha=1.11348e+00, ksp_its=2, ls_evals=17
Assembling Hessian...
Setting operators...
Solving KSP...
KSP solved.
it=3, J=6.16684, dJ=3.80287e+00, ||g||=7.63503e+02, alpha=3.64795e-01, ksp_its=17, ls_evals=17
Assembling Hessian...
Setting operators...
Solving KSP...
KSP solved.
it=4, J=4.42889, dJ=1.73794e+00, ||g||=5.59752e+02, alpha=7.54232e-01, ksp_its=4, ls_evals=17
Assembling Hessian...
Setting operators...
Solving KSP...
KSP solved.
it=5, J=4.13111, dJ=2.97786e-01, ||g||=7.48663e+02, alpha=1.76194e-01, ksp_its=18, ls_evals=66
Assembling Hessian...
Setting operators...
Solving KSP...
KSP solved.
it=6, J=3.29898, dJ=8.32132e-01, ||g||=1.57269e+03, alpha=1.00515e+00, ksp_its=11, ls_evals=16
Assembling Hessian...
Setting operators...
Solving KSP...
KSP solved.
it=7, J=3.14637, dJ=1.52603e-01, ||g||=2.55064e+02, alpha=2.29350e-01, ksp_its=8, ls_evals=16
Assembling Hessian...
Setting operators...
Solving KSP...
KSP solved.
it=8, J=2.98904, dJ=1.57328e-01, ||g||=2.93281e+02, alpha=2.85278e-01, ksp_its=13, ls_evals=16
Assembling Hessian...
Setting operators...
Solving KSP...
KSP solved.
it=9, J=2.97864, dJ=1.04055e-02, ||g||=3.24313e+02, alpha=3.13630e-02, ksp_its=19, ls_evals=16
Assembling Hessian...
Setting operators...
Solving KSP...
KSP solved.
it=10, J=2.56424, dJ=4.14399e-01, ||g||=2.73332e+02, alpha=8.35355e-01, ksp_its=15, ls_evals=16
Assembling Hessian...
Setting operators...
Solving KSP...
KSP solved.
it=11, J=2.40061, dJ=1.63633e-01, ||g||=1.71154e+02, alpha=9.81922e-01, ksp_its=3, ls_evals=17
Assembling Hessian...
Setting operators...
Solving KSP...
KSP solved.
it=12, J=2.20333, dJ=1.97278e-01, ||g||=7.51070e+01, alpha=9.83065e-01, ksp_its=30, ls_evals=16
Assembling Hessian...
Setting operators...
Solving KSP...
KSP solved.
it=13, J=2.12209, dJ=8.12356e-02, ||g||=8.67960e+01, alpha=1.05616e+00, ksp_its=4, ls_evals=17
Assembling Hessian...
Setting operators...
Solving KSP...
KSP solved.
it=14, J=1.98966, dJ=1.32436e-01, ||g||=3.92684e+01, alpha=5.96095e-01, ksp_its=30, ls_evals=16
Assembling Hessian...
Setting operators...
Solving KSP...
KSP solved.
it=15, J=1.95710, dJ=3.25544e-02, ||g||=6.25533e+01, alpha=1.00731e+00, ksp_its=2, ls_evals=17
Assembling Hessian...
Setting operators...
Solving KSP...
KSP solved.
it=16, J=1.86656, dJ=9.05405e-02, ||g||=1.08853e+01, alpha=3.11869e-01, ksp_its=30, ls_evals=16
Assembling Hessian...
Setting operators...
Solving KSP...
KSP solved.
it=17, J=1.83931, dJ=2.72491e-02, ||g||=4.39616e+01, alpha=1.00958e+00, ksp_its=3, ls_evals=17
Assembling Hessian...
Setting operators...
Solving KSP...
KSP solved.
it=18, J=1.77269, dJ=6.66191e-02, ||g||=9.64195e+00, alpha=2.59107e-01, ksp_its=30, ls_evals=16
Assembling Hessian...
Setting operators...
Solving KSP...
KSP solved.
it=19, J=1.75349, dJ=1.92081e-02, ||g||=3.87267e+01, alpha=1.00635e+00, ksp_its=3, ls_evals=17
Assembling Hessian...
Setting operators...
Solving KSP...
KSP solved.
it=20, J=1.70185, dJ=5.16329e-02, ||g||=6.19487e+00, alpha=3.21606e-01, ksp_its=30, ls_evals=16
Assembling Hessian...
Setting operators...
Solving KSP...
KSP solved.
it=21, J=1.68739, dJ=1.44669e-02, ||g||=3.33690e+01, alpha=1.00295e+00, ksp_its=2, ls_evals=17
Assembling Hessian...
Setting operators...
Solving KSP...
KSP solved.
it=22, J=1.64580, dJ=4.15839e-02, ||g||=1.32481e+01, alpha=4.26291e-01, ksp_its=30, ls_evals=16
Assembling Hessian...
Setting operators...
Solving KSP...
KSP solved.
it=23, J=1.63350, dJ=1.23021e-02, ||g||=3.14598e+01, alpha=1.00225e+00, ksp_its=2, ls_evals=17
Assembling Hessian...
Setting operators...
Solving KSP...
KSP solved.
it=24, J=1.59864, dJ=3.48578e-02, ||g||=1.54246e+01, alpha=4.78374e-01, ksp_its=30, ls_evals=16
Assembling Hessian...
Setting operators...
Solving KSP...
KSP solved.
it=25, J=1.58813, dJ=1.05112e-02, ||g||=2.78558e+01, alpha=1.00182e+00, ksp_its=2, ls_evals=17
Assembling Hessian...
Setting operators...
Solving KSP...
KSP solved.
it=26, J=1.55861, dJ=2.95252e-02, ||g||=1.40422e+01, alpha=4.81933e-01, ksp_its=30, ls_evals=16
Assembling Hessian...
Setting operators...
Solving KSP...
KSP solved.
it=27, J=1.54963, dJ=8.97511e-03, ||g||=2.49106e+01, alpha=1.00155e+00, ksp_its=2, ls_evals=17
Assembling Hessian...
Setting operators...
Solving KSP...
KSP solved.
it=28, J=1.52453, dJ=2.51048e-02, ||g||=1.18609e+01, alpha=4.55341e-01, ksp_its=30, ls_evals=16
Assembling Hessian...
Setting operators...
Solving KSP...
KSP solved.
it=29, J=1.51689, dJ=7.63647e-03, ||g||=2.26278e+01, alpha=1.00112e+00, ksp_its=2, ls_evals=17
Assembling Hessian...
Setting operators...
Solving KSP...
KSP solved.
it=30, J=1.49546, dJ=2.14313e-02, ||g||=1.03917e+01, alpha=4.13416e-01, ksp_its=30, ls_evals=16
Assembling Hessian...
Setting operators...
Solving KSP...
KSP solved.
it=31, J=1.48889, dJ=6.57214e-03, ||g||=2.09681e+01, alpha=1.00112e+00, ksp_its=2, ls_evals=17
Assembling Hessian...
Setting operators...
Solving KSP...
KSP solved.
it=32, J=1.47063, dJ=1.82555e-02, ||g||=8.98203e+00, alpha=3.57094e-01, ksp_its=30, ls_evals=16
Assembling Hessian...
Setting operators...
Solving KSP...
KSP solved.
it=33, J=1.46503, dJ=5.59563e-03, ||g||=1.92996e+01, alpha=1.00068e+00, ksp_its=2, ls_evals=17
Assembling Hessian...
Setting operators...
Solving KSP...
KSP solved.
it=34, J=1.44957, dJ=1.54636e-02, ||g||=7.71764e+00, alpha=2.99673e-01, ksp_its=30, ls_evals=16
Assembling Hessian...
Setting operators...
Solving KSP...
KSP solved.
it=35, J=1.44483, dJ=4.74396e-03, ||g||=1.77382e+01, alpha=1.00068e+00, ksp_its=2, ls_evals=17
Assembling Hessian...
Setting operators...
Solving KSP...
KSP solved.
it=36, J=1.43182, dJ=1.30080e-02, ||g||=6.68220e+00, alpha=2.51310e-01, ksp_its=30, ls_evals=16
Assembling Hessian...
Setting operators...
Solving KSP...
KSP solved.
it=37, J=1.42784, dJ=3.98244e-03, ||g||=1.62961e+01, alpha=1.00068e+00, ksp_its=2, ls_evals=17
Assembling Hessian...
Setting operators...
Solving KSP...
KSP solved.
it=38, J=1.41699, dJ=1.08465e-02, ||g||=5.78225e+00, alpha=2.13882e-01, ksp_its=30, ls_evals=16
Assembling Hessian...
Setting operators...
Solving KSP...
KSP solved.
it=39, J=1.41366, dJ=3.32764e-03, ||g||=1.48778e+01, alpha=1.00068e+00, ksp_its=3, ls_evals=17
Assembling Hessian...
Setting operators...
Solving KSP...
KSP solved.
it=40, J=1.40473, dJ=8.93458e-03, ||g||=2.14124e+00, alpha=1.85672e-01, ksp_its=30, ls_evals=16
Assembling Hessian...
Setting operators...
Solving KSP...
KSP solved.
it=41, J=1.40203, dJ=2.69299e-03, ||g||=1.46345e+01, alpha=1.00042e+00, ksp_its=2, ls_evals=17
Assembling Hessian...
Setting operators...
Solving KSP...
KSP solved.
it=42, J=1.39480, dJ=7.23172e-03, ||g||=3.22811e+00, alpha=1.65518e-01, ksp_its=30, ls_evals=16
Assembling Hessian...
Setting operators...
Solving KSP...
KSP solved.
it=43, J=1.39261, dJ=2.19289e-03, ||g||=1.30517e+01, alpha=1.00042e+00, ksp_its=3, ls_evals=17
Assembling Hessian...
Setting operators...
Solving KSP...
KSP solved.
it=44, J=1.38686, dJ=5.75316e-03, ||g||=1.83089e+00, alpha=1.61376e-01, ksp_its=30, ls_evals=16
Assembling Hessian...
Setting operators...
Solving KSP...
KSP solved.
it=45, J=1.38517, dJ=1.68952e-03, ||g||=1.14817e+01, alpha=1.00042e+00, ksp_its=2, ls_evals=17
Assembling Hessian...
Setting operators...
Solving KSP...
KSP solved.
it=46, J=1.38071, dJ=4.45982e-03, ||g||=2.29329e+00, alpha=1.85569e-01, ksp_its=30, ls_evals=16
Assembling Hessian...
Setting operators...
Solving KSP...
KSP solved.
it=47, J=1.37939, dJ=1.31527e-03, ||g||=1.00806e+01, alpha=1.00042e+00, ksp_its=3, ls_evals=17
Assembling Hessian...
Setting operators...
Solving KSP...
KSP solved.
it=48, J=1.37607, dJ=3.32326e-03, ||g||=1.42160e+00, alpha=2.05010e-01, ksp_its=30, ls_evals=17
Assembling Hessian...
Setting operators...
Solving KSP...
KSP solved.
it=49, J=1.37513, dJ=9.43940e-04, ||g||=8.68506e+00, alpha=1.00042e+00, ksp_its=2, ls_evals=17
Assembling Hessian...
Setting operators...
Solving KSP...
KSP solved.
it=50, J=1.37273, dJ=2.39840e-03, ||g||=1.79597e+00, alpha=2.46068e-01, ksp_its=30, ls_evals=17
Assembling Hessian...
Setting operators...
Solving KSP...
KSP solved.
it=51, J=1.37206, dJ=6.65116e-04, ||g||=7.19355e+00, alpha=1.00042e+00, ksp_its=3, ls_evals=17
Assembling Hessian...
Setting operators...
Solving KSP...
KSP solved.
it=52, J=1.37048, dJ=1.58662e-03, ||g||=1.46337e+00, alpha=2.86721e-01, ksp_its=30, ls_evals=17
Assembling Hessian...
Setting operators...
Solving KSP...
KSP solved.
it=53, J=1.37005, dJ=4.20347e-04, ||g||=6.03895e+00, alpha=1.00042e+00, ksp_its=2, ls_evals=17
Assembling Hessian...
Setting operators...
Solving KSP...
KSP solved.
it=54, J=1.36910, dJ=9.57293e-04, ||g||=1.30093e+00, alpha=4.31706e-01, ksp_its=30, ls_evals=17
Assembling Hessian...
Setting operators...
Solving KSP...
KSP solved.
it=55, J=1.36885, dJ=2.45633e-04, ||g||=4.65801e+00, alpha=1.00338e+00, ksp_its=6, ls_evals=17
Assembling Hessian...
Setting operators...
Solving KSP...
KSP solved.
it=56, J=1.36861, dJ=2.45865e-04, ||g||=3.46098e+00, alpha=9.86721e-01, ksp_its=29, ls_evals=17
Assembling Hessian...
Setting operators...
Solving KSP...
KSP solved.
it=57, J=1.36848, dJ=1.22516e-04, ||g||=3.31260e+00, alpha=1.00705e+00, ksp_its=14, ls_evals=17
Assembling Hessian...
Setting operators...
Solving KSP...
KSP solved.
it=58, J=1.36846, dJ=1.95644e-05, ||g||=2.97177e+00, alpha=9.99983e-01, ksp_its=6, ls_evals=17
Step 3 finished: Energy = 1.368464, Iters = 58
--- Step 4/24, Angle: 4.1888 ---
Assembling Hessian...
Setting operators...
Solving KSP...
KSP solved.
it=1, J=22.51427, dJ=8.45368e+01, ||g||=3.04079e+03, alpha=8.34838e-01, ksp_its=1, ls_evals=17
Assembling Hessian...
Setting operators...
Solving KSP...
KSP solved.
it=2, J=6.26844, dJ=1.62458e+01, ||g||=1.45961e+03, alpha=1.12674e+00, ksp_its=3, ls_evals=17
Assembling Hessian...
Setting operators...
Solving KSP...
KSP solved.
it=3, J=4.73237, dJ=1.53607e+00, ||g||=5.57051e+02, alpha=3.91320e-01, ksp_its=8, ls_evals=17
Assembling Hessian...
Setting operators...
Solving KSP...
KSP solved.
it=4, J=3.53275, dJ=1.19962e+00, ||g||=3.93481e+02, alpha=1.18066e+00, ksp_its=7, ls_evals=17
Assembling Hessian...
Setting operators...
Solving KSP...
KSP solved.
it=5, J=3.28501, dJ=2.47748e-01, ||g||=1.62444e+02, alpha=4.94085e-01, ksp_its=11, ls_evals=17
Assembling Hessian...
Setting operators...
Solving KSP...
KSP solved.
it=6, J=3.06399, dJ=2.21014e-01, ||g||=1.14459e+02, alpha=1.99442e+00, ksp_its=5, ls_evals=17
Assembling Hessian...
Setting operators...
Solving KSP...
KSP solved.
it=7, J=2.95972, dJ=1.04273e-01, ||g||=9.97071e+01, alpha=4.41570e-01, ksp_its=11, ls_evals=17
Assembling Hessian...
Setting operators...
Solving KSP...
KSP solved.
it=8, J=2.87246, dJ=8.72591e-02, ||g||=8.27306e+01, alpha=1.69179e+00, ksp_its=7, ls_evals=17
Assembling Hessian...
Setting operators...
Solving KSP...
KSP solved.
it=9, J=2.81688, dJ=5.55831e-02, ||g||=6.92729e+01, alpha=3.97251e-01, ksp_its=14, ls_evals=17
Assembling Hessian...
Setting operators...
Solving KSP...
KSP solved.
it=10, J=2.79338, dJ=2.34956e-02, ||g||=5.85117e+01, alpha=1.07169e+00, ksp_its=4, ls_evals=17
Assembling Hessian...
Setting operators...
Solving KSP...
KSP solved.
it=11, J=2.75061, dJ=4.27687e-02, ||g||=2.35906e+01, alpha=7.94670e-02, ksp_its=30, ls_evals=16
Assembling Hessian...
Setting operators...
Solving KSP...
KSP solved.
it=12, J=2.73904, dJ=1.15691e-02, ||g||=3.40318e+01, alpha=1.00818e+00, ksp_its=2, ls_evals=17
Assembling Hessian...
Setting operators...
Solving KSP...
KSP solved.
it=13, J=2.70504, dJ=3.40080e-02, ||g||=5.96014e+00, alpha=1.35271e-01, ksp_its=30, ls_evals=17
Assembling Hessian...
Setting operators...
Solving KSP...
KSP solved.
it=14, J=2.69505, dJ=9.98894e-03, ||g||=2.78997e+01, alpha=1.00635e+00, ksp_its=2, ls_evals=17
Assembling Hessian...
Setting operators...
Solving KSP...
KSP solved.
it=15, J=2.66739, dJ=2.76538e-02, ||g||=8.72280e+00, alpha=1.43035e-01, ksp_its=30, ls_evals=17
Assembling Hessian...
Setting operators...
Solving KSP...
KSP solved.
it=16, J=2.65889, dJ=8.50472e-03, ||g||=2.54618e+01, alpha=1.00591e+00, ksp_its=3, ls_evals=17
Assembling Hessian...
Setting operators...
Solving KSP...
KSP solved.
it=17, J=2.63517, dJ=2.37207e-02, ||g||=4.15999e+00, alpha=1.22009e-01, ksp_its=30, ls_evals=17
Assembling Hessian...
Setting operators...
Solving KSP...
KSP solved.
it=18, J=2.62830, dJ=6.86988e-03, ||g||=2.36867e+01, alpha=1.00338e+00, ksp_its=2, ls_evals=17
Assembling Hessian...
Setting operators...
Solving KSP...
KSP solved.
it=19, J=2.60732, dJ=2.09813e-02, ||g||=8.12160e+00, alpha=1.41470e-01, ksp_its=30, ls_evals=17
Assembling Hessian...
Setting operators...
Solving KSP...
KSP solved.
it=20, J=2.60095, dJ=6.36631e-03, ||g||=2.29802e+01, alpha=1.00252e+00, ksp_its=2, ls_evals=17
Assembling Hessian...
Setting operators...
Solving KSP...
KSP solved.
it=21, J=2.58176, dJ=1.91948e-02, ||g||=7.70303e+00, alpha=1.27940e-01, ksp_its=30, ls_evals=17
Assembling Hessian...
Setting operators...
Solving KSP...
KSP solved.
it=22, J=2.57592, dJ=5.83456e-03, ||g||=2.07628e+01, alpha=1.00225e+00, ksp_its=2, ls_evals=17
Assembling Hessian...
Setting operators...
Solving KSP...
KSP solved.
it=23, J=2.55812, dJ=1.78001e-02, ||g||=6.93688e+00, alpha=1.17460e-01, ksp_its=30, ls_evals=17
Assembling Hessian...
Setting operators...
Solving KSP...
KSP solved.
it=24, J=2.55264, dJ=5.47860e-03, ||g||=1.96239e+01, alpha=1.00155e+00, ksp_its=2, ls_evals=17
Assembling Hessian...
Setting operators...
Solving KSP...
KSP solved.
it=25, J=2.53641, dJ=1.62318e-02, ||g||=6.96456e+00, alpha=1.12529e-01, ksp_its=30, ls_evals=16
Assembling Hessian...
Setting operators...
Solving KSP...
KSP solved.
it=26, J=2.53138, dJ=5.03389e-03, ||g||=1.88186e+01, alpha=1.00155e+00, ksp_its=2, ls_evals=17
Assembling Hessian...
Setting operators...
Solving KSP...
KSP solved.
it=27, J=2.51684, dJ=1.45361e-02, ||g||=6.44310e+00, alpha=1.09322e-01, ksp_its=30, ls_evals=17
Assembling Hessian...
Setting operators...
Solving KSP...
KSP solved.
it=28, J=2.51235, dJ=4.49053e-03, ||g||=1.76529e+01, alpha=1.00112e+00, ksp_its=2, ls_evals=17
Assembling Hessian...
Setting operators...
Solving KSP...
KSP solved.
it=29, J=2.49960, dJ=1.27462e-02, ||g||=5.92913e+00, alpha=1.10414e-01, ksp_its=30, ls_evals=17
Assembling Hessian...
Setting operators...
Solving KSP...
KSP solved.
it=30, J=2.49561, dJ=3.99664e-03, ||g||=1.63470e+01, alpha=1.00112e+00, ksp_its=3, ls_evals=17
Assembling Hessian...
Setting operators...
Solving KSP...
KSP solved.
it=31, J=2.48463, dJ=1.09800e-02, ||g||=1.92359e+00, alpha=1.10847e-01, ksp_its=30, ls_evals=17
Assembling Hessian...
Setting operators...
Solving KSP...
KSP solved.
it=32, J=2.48123, dJ=3.39294e-03, ||g||=1.61230e+01, alpha=1.00068e+00, ksp_its=3, ls_evals=17
Assembling Hessian...
Setting operators...
Solving KSP...
KSP solved.
it=33, J=2.47200, dJ=9.23464e-03, ||g||=1.70317e+00, alpha=1.19743e-01, ksp_its=30, ls_evals=17
Assembling Hessian...
Setting operators...
Solving KSP...
KSP solved.
it=34, J=2.46920, dJ=2.80340e-03, ||g||=1.43736e+01, alpha=1.00068e+00, ksp_its=3, ls_evals=17
Assembling Hessian...
Setting operators...
Solving KSP...
KSP solved.
it=35, J=2.46157, dJ=7.62959e-03, ||g||=1.56469e+00, alpha=1.32306e-01, ksp_its=30, ls_evals=17
Assembling Hessian...
Setting operators...
Solving KSP...
KSP solved.
it=36, J=2.45928, dJ=2.28898e-03, ||g||=1.29717e+01, alpha=1.00068e+00, ksp_its=3, ls_evals=17
Assembling Hessian...
Setting operators...
Solving KSP...
KSP solved.
it=37, J=2.45312, dJ=6.16261e-03, ||g||=1.36774e+00, alpha=1.47834e-01, ksp_its=30, ls_evals=17
Assembling Hessian...
Setting operators...
Solving KSP...
KSP solved.
it=38, J=2.45128, dJ=1.83239e-03, ||g||=1.15957e+01, alpha=1.00068e+00, ksp_its=3, ls_evals=17
Assembling Hessian...
Setting operators...
Solving KSP...
KSP solved.
it=39, J=2.44644, dJ=4.84780e-03, ||g||=1.20390e+00, alpha=1.67028e-01, ksp_its=30, ls_evals=17
Assembling Hessian...
Setting operators...
Solving KSP...
KSP solved.
it=40, J=2.44501, dJ=1.42301e-03, ||g||=1.02188e+01, alpha=1.00042e+00, ksp_its=3, ls_evals=17
Assembling Hessian...
Setting operators...
Solving KSP...
KSP solved.
it=41, J=2.44133, dJ=3.68662e-03, ||g||=9.93866e-01, alpha=1.91020e-01, ksp_its=30, ls_evals=17
Assembling Hessian...
Setting operators...
Solving KSP...
KSP solved.
it=42, J=2.44027, dJ=1.05991e-03, ||g||=8.82503e+00, alpha=1.00042e+00, ksp_its=3, ls_evals=17
Assembling Hessian...
Setting operators...
Solving KSP...
KSP solved.
it=43, J=2.43758, dJ=2.68500e-03, ||g||=8.46021e-01, alpha=2.21376e-01, ksp_its=30, ls_evals=17
Assembling Hessian...
Setting operators...
Solving KSP...
KSP solved.
it=44, J=2.43683, dJ=7.47875e-04, ||g||=7.42471e+00, alpha=1.00042e+00, ksp_its=3, ls_evals=17
Assembling Hessian...
Setting operators...
Solving KSP...
KSP solved.
it=45, J=2.43499, dJ=1.84299e-03, ||g||=6.42298e-01, alpha=2.62462e-01, ksp_its=30, ls_evals=17
Assembling Hessian...
Setting operators...
Solving KSP...
KSP solved.
it=46, J=2.43449, dJ=4.95768e-04, ||g||=6.09043e+00, alpha=1.00042e+00, ksp_its=3, ls_evals=17
Assembling Hessian...
Setting operators...
Solving KSP...
KSP solved.
it=47, J=2.43334, dJ=1.15844e-03, ||g||=6.28438e-01, alpha=3.26674e-01, ksp_its=30, ls_evals=17
Assembling Hessian...
Setting operators...
Solving KSP...
KSP solved.
it=48, J=2.43304, dJ=2.92970e-04, ||g||=5.11888e+00, alpha=1.00042e+00, ksp_its=3, ls_evals=17
Assembling Hessian...
Setting operators...
Solving KSP...
KSP solved.
it=49, J=2.43242, dJ=6.27067e-04, ||g||=5.41586e-01, alpha=4.41302e-01, ksp_its=30, ls_evals=17
Assembling Hessian...
Setting operators...
Solving KSP...
KSP solved.
it=50, J=2.43227, dJ=1.41388e-04, ||g||=3.82176e+00, alpha=9.99983e-01, ksp_its=3, ls_evals=17
Assembling Hessian...
Setting operators...
Solving KSP...
KSP solved.
it=51, J=2.43216, dJ=1.15884e-04, ||g||=4.97912e-01, alpha=9.73026e-01, ksp_its=30, ls_evals=17
Assembling Hessian...
Setting operators...
Solving KSP...
KSP solved.
it=52, J=2.43209, dJ=6.81325e-05, ||g||=1.41556e+00, alpha=9.97451e-01, ksp_its=15, ls_evals=17
Assembling Hessian...
Setting operators...
Solving KSP...
KSP solved.
it=53, J=2.43206, dJ=3.01384e-05, ||g||=1.13401e+00, alpha=9.87854e-01, ksp_its=17, ls_evals=17
Assembling Hessian...
Setting operators...
Solving KSP...
KSP solved.
it=54, J=2.43204, dJ=1.50111e-05, ||g||=1.48689e+00, alpha=9.99551e-01, ksp_its=8, ls_evals=17
Assembling Hessian...
Setting operators...
Solving KSP...
KSP solved.
it=55, J=2.43190, dJ=1.46635e-04, ||g||=2.87064e-01, alpha=6.99616e-01, ksp_its=30, ls_evals=17
Assembling Hessian...
Setting operators...
Solving KSP...
KSP solved.
it=56, J=2.43186, dJ=3.66889e-05, ||g||=1.88700e+00, alpha=1.00155e+00, ksp_its=8, ls_evals=17
Assembling Hessian...
Setting operators...
Solving KSP...
KSP solved.
it=57, J=2.43185, dJ=1.58038e-05, ||g||=7.42688e-01, alpha=1.00705e+00, ksp_its=30, ls_evals=17
Assembling Hessian...
Setting operators...
Solving KSP...
KSP solved.
it=58, J=2.43184, dJ=7.65909e-06, ||g||=5.83444e-01, alpha=9.94752e-01, ksp_its=18, ls_evals=17
Assembling Hessian...
Setting operators...
Solving KSP...
KSP solved.
it=59, J=2.43183, dJ=1.18948e-05, ||g||=2.77760e-01, alpha=1.00295e+00, ksp_its=30, ls_evals=17
Assembling Hessian...
Setting operators...
Solving KSP...
KSP solved.
it=60, J=2.43182, dJ=6.49815e-06, ||g||=6.24596e-01, alpha=9.96318e-01, ksp_its=17, ls_evals=17
Assembling Hessian...
Setting operators...
Solving KSP...
KSP solved.
it=61, J=2.43181, dJ=7.50602e-06, ||g||=2.51522e-01, alpha=9.97451e-01, ksp_its=30, ls_evals=17
Assembling Hessian...
Setting operators...
Solving KSP...
KSP solved.
it=62, J=2.43181, dJ=3.92560e-06, ||g||=7.45963e-01, alpha=9.98851e-01, ksp_its=17, ls_evals=17
Step 4 finished: Energy = 2.431808, Iters = 62
--- Step 5/24, Angle: 5.2360 ---
Assembling Hessian...
Setting operators...
Solving KSP...
KSP solved.
it=1, J=18.79376, dJ=8.95522e+01, ||g||=3.03203e+03, alpha=9.56797e-01, ksp_its=3, ls_evals=17
Assembling Hessian...
Setting operators...
Solving KSP...
KSP solved.
it=2, J=13.80616, dJ=4.98760e+00, ||g||=1.30212e+03, alpha=3.31726e-01, ksp_its=9, ls_evals=67
Assembling Hessian...
Setting operators...
Solving KSP...
KSP solved.
it=3, J=9.45429, dJ=4.35187e+00, ||g||=4.67523e+03, alpha=8.08205e-01, ksp_its=5, ls_evals=16
Assembling Hessian...
Setting operators...
Solving KSP...
KSP solved.
it=4, J=8.34729, dJ=1.10700e+00, ||g||=1.28287e+03, alpha=3.29144e-01, ksp_its=27, ls_evals=16
Assembling Hessian...
Setting operators...
Solving KSP...
KSP solved.
it=5, J=7.89352, dJ=4.53769e-01, ||g||=8.52351e+04, alpha=9.26441e-01, ksp_its=4, ls_evals=17
Assembling Hessian...
Setting operators...
Solving KSP...
KSP solved.
it=6, J=6.41148, dJ=1.48203e+00, ||g||=4.26193e+03, alpha=7.43126e-01, ksp_its=19, ls_evals=16
Assembling Hessian...
Setting operators...
Solving KSP...
KSP solved.
it=7, J=5.55722, dJ=8.54263e-01, ||g||=1.55209e+03, alpha=1.55403e+00, ksp_its=11, ls_evals=17
Assembling Hessian...
Setting operators...
Solving KSP...
KSP solved.
it=8, J=5.08317, dJ=4.74051e-01, ||g||=4.29455e+02, alpha=5.90337e-01, ksp_its=17, ls_evals=16
Assembling Hessian...
Setting operators...
Solving KSP...
KSP solved.
it=9, J=4.88678, dJ=1.96386e-01, ||g||=2.82862e+02, alpha=9.74858e-01, ksp_its=6, ls_evals=17
Assembling Hessian...
Setting operators...
Solving KSP...
KSP solved.
it=10, J=4.68025, dJ=2.06538e-01, ||g||=1.58574e+02, alpha=4.09437e-01, ksp_its=30, ls_evals=16
Assembling Hessian...
Setting operators...
Solving KSP...
KSP solved.
it=11, J=4.58502, dJ=9.52276e-02, ||g||=1.38755e+02, alpha=9.33073e-01, ksp_its=2, ls_evals=17
Assembling Hessian...
Setting operators...
Solving KSP...
KSP solved.
it=12, J=4.43134, dJ=1.53680e-01, ||g||=7.31439e+01, alpha=3.95882e-01, ksp_its=30, ls_evals=16
Assembling Hessian...
Setting operators...
Solving KSP...
KSP solved.
it=13, J=4.37808, dJ=5.32568e-02, ||g||=7.78027e+01, alpha=1.00635e+00, ksp_its=2, ls_evals=17
Assembling Hessian...
Setting operators...
Solving KSP...
KSP solved.
it=14, J=4.27666, dJ=1.01426e-01, ||g||=2.84337e+01, alpha=3.40660e-01, ksp_its=30, ls_evals=16
Assembling Hessian...
Setting operators...
Solving KSP...
KSP solved.
it=15, J=4.24578, dJ=3.08750e-02, ||g||=4.84018e+01, alpha=1.00408e+00, ksp_its=2, ls_evals=17
Assembling Hessian...
Setting operators...
Solving KSP...
KSP solved.
it=16, J=4.16203, dJ=8.37500e-02, ||g||=1.73240e+01, alpha=3.21186e-01, ksp_its=30, ls_evals=16
Assembling Hessian...
Setting operators...
Solving KSP...
KSP solved.
it=17, J=4.13753, dJ=2.44964e-02, ||g||=4.04841e+01, alpha=1.00338e+00, ksp_its=2, ls_evals=17
Assembling Hessian...
Setting operators...
Solving KSP...
KSP solved.
it=18, J=4.07102, dJ=6.65131e-02, ||g||=1.67601e+01, alpha=3.42439e-01, ksp_its=30, ls_evals=16
Assembling Hessian...
Setting operators...
Solving KSP...
KSP solved.
it=19, J=4.05215, dJ=1.88695e-02, ||g||=3.67339e+01, alpha=1.00252e+00, ksp_its=2, ls_evals=17
Assembling Hessian...
Setting operators...
Solving KSP...
KSP solved.
it=20, J=4.00483, dJ=4.73264e-02, ||g||=1.41031e+01, alpha=3.99440e-01, ksp_its=30, ls_evals=16
Assembling Hessian...
Setting operators...
Solving KSP...
KSP solved.
it=21, J=3.99149, dJ=1.33360e-02, ||g||=3.10919e+01, alpha=1.00225e+00, ksp_its=2, ls_evals=17
Assembling Hessian...
Setting operators...
Solving KSP...
KSP solved.
it=22, J=3.95796, dJ=3.35254e-02, ||g||=1.22089e+01, alpha=4.54662e-01, ksp_its=30, ls_evals=16
Assembling Hessian...
Setting operators...
Solving KSP...
KSP solved.
it=23, J=3.94846, dJ=9.50671e-03, ||g||=2.64534e+01, alpha=1.00182e+00, ksp_its=2, ls_evals=17
Assembling Hessian...
Setting operators...
Solving KSP...
KSP solved.
it=24, J=3.92381, dJ=2.46436e-02, ||g||=1.06496e+01, alpha=4.88370e-01, ksp_its=30, ls_evals=16
Assembling Hessian...
Setting operators...
Solving KSP...
KSP solved.
it=25, J=3.91676, dJ=7.05009e-03, ||g||=2.28435e+01, alpha=1.00155e+00, ksp_its=2, ls_evals=17
Assembling Hessian...
Setting operators...
Solving KSP...
KSP solved.
it=26, J=3.89797, dJ=1.87961e-02, ||g||=9.24337e+00, alpha=4.91929e-01, ksp_its=30, ls_evals=16
Assembling Hessian...
Setting operators...
Solving KSP...
KSP solved.
it=27, J=3.89249, dJ=5.47224e-03, ||g||=2.00378e+01, alpha=1.00155e+00, ksp_its=2, ls_evals=17
Assembling Hessian...
Setting operators...
Solving KSP...
KSP solved.
it=28, J=3.87754, dJ=1.49515e-02, ||g||=7.97898e+00, alpha=4.66438e-01, ksp_its=30, ls_evals=16
Assembling Hessian...
Setting operators...
Solving KSP...
KSP solved.
it=29, J=3.87312, dJ=4.42506e-03, ||g||=1.78384e+01, alpha=1.00112e+00, ksp_its=2, ls_evals=17
Assembling Hessian...
Setting operators...
Solving KSP...
KSP solved.
it=30, J=3.86075, dJ=1.23710e-02, ||g||=6.96164e+00, alpha=4.22732e-01, ksp_its=30, ls_evals=16
Assembling Hessian...
Setting operators...
Solving KSP...
KSP solved.
it=31, J=3.85703, dJ=3.71925e-03, ||g||=1.62840e+01, alpha=1.00112e+00, ksp_its=2, ls_evals=17
Assembling Hessian...
Setting operators...
Solving KSP...
KSP solved.
it=32, J=3.84664, dJ=1.03832e-02, ||g||=6.12210e+00, alpha=3.71749e-01, ksp_its=30, ls_evals=16
Assembling Hessian...
Setting operators...
Solving KSP...
KSP solved.
it=33, J=3.84345, dJ=3.19566e-03, ||g||=1.50203e+01, alpha=1.00112e+00, ksp_its=3, ls_evals=17
Assembling Hessian...
Setting operators...
Solving KSP...
KSP solved.
it=34, J=3.83476, dJ=8.68870e-03, ||g||=1.96589e+00, alpha=3.25585e-01, ksp_its=30, ls_evals=16
Assembling Hessian...
Setting operators...
Solving KSP...
KSP solved.
it=35, J=3.83213, dJ=2.62684e-03, ||g||=1.41089e+01, alpha=1.00068e+00, ksp_its=3, ls_evals=17
Assembling Hessian...
Setting operators...
Solving KSP...
KSP solved.
it=36, J=3.82507, dJ=7.06193e-03, ||g||=1.50240e+00, alpha=2.91456e-01, ksp_its=30, ls_evals=16
Assembling Hessian...
Setting operators...
Solving KSP...
KSP solved.
it=37, J=3.82296, dJ=2.11293e-03, ||g||=1.25210e+01, alpha=1.00068e+00, ksp_its=3, ls_evals=17
Assembling Hessian...
Setting operators...
Solving KSP...
KSP solved.
it=38, J=3.81735, dJ=5.60475e-03, ||g||=1.24913e+00, alpha=2.67744e-01, ksp_its=30, ls_evals=16
Assembling Hessian...
Setting operators...
Solving KSP...
KSP solved.
it=39, J=3.81571, dJ=1.64509e-03, ||g||=1.10006e+01, alpha=1.00068e+00, ksp_its=3, ls_evals=17
Assembling Hessian...
Setting operators...
Solving KSP...
KSP solved.
it=40, J=3.81141, dJ=4.30025e-03, ||g||=1.07456e+00, alpha=2.51569e-01, ksp_its=30, ls_evals=16
Assembling Hessian...
Setting operators...
Solving KSP...
KSP solved.
it=41, J=3.81017, dJ=1.23854e-03, ||g||=9.54670e+00, alpha=1.00068e+00, ksp_its=3, ls_evals=17
Assembling Hessian...
Setting operators...
Solving KSP...
