{
  "case": {
    "problem": "plaplace",
    "backend": "fenics",
    "level": 6,
    "out": "/home/michal/repos/fenics_nonlinear_energies/artifacts/reproduction/2026-03-15_refactor_stage2b_final/full/plaplace_final_suite/fenics_custom_l6_np16.json",
    "quiet": true,
    "save_history": true,
    "save_linear_timing": true,
    "steps": 1,
    "start_step": 1,
    "total_steps": 24,
    "ksp_type": "cg",
    "pc_type": "hypre",
    "ksp_rtol": 0.1,
    "ksp_max_it": 30,
    "profile": "reference",
    "coloring_trials": 10,
    "nproc_threads": 1,
    "hvp_eval_mode": "sequential",
    "element_reorder_mode": null,
    "local_hessian_mode": null,
    "tolf": 0.0001,
    "tolg": 0.001,
    "tolg_rel": 0.001,
    "tolx_rel": 0.001,
    "tolx_abs": 1e-10,
    "maxit": 100,
    "step_time_limit_s": null,
    "linesearch_a": -0.5,
    "linesearch_b": 2.0,
    "linesearch_tol": 0.1,
    "use_trust_region": false,
    "trust_radius_init": 1.0,
    "trust_radius_min": 1e-08,
    "trust_radius_max": 1000000.0,
    "trust_shrink": 0.5,
    "trust_expand": 1.5,
    "trust_eta_shrink": 0.05,
    "trust_eta_expand": 0.75,
    "trust_max_reject": 6,
    "trust_subproblem_line_search": false,
    "local_coloring": true,
    "retry_on_failure": false,
    "pc_setup_on_ksp_cap": false,
    "use_near_nullspace": true,
    "reorder": null,
    "gamg_threshold": 0.05,
    "gamg_agg_nsmooths": 1,
    "gamg_set_coordinates": true
  },
  "result": {
    "mesh_level": 6,
    "total_dofs": 12545,
    "free_dofs": 12527,
    "setup_time": 0.050939,
    "solve_time_total": 0.1533,
    "total_time": 0.204299,
    "steps": [
      {
        "step": 1,
        "time": 0.1533,
        "nit": 6,
        "linear_iters": 11,
        "energy": -7.954563582751723,
        "message": "Converged (energy, step, gradient)",
        "attempt": "primary",
        "ksp_rtol_used": 0.1,
        "ksp_max_it_used": 30,
        "linesearch_interval_used": [
          -0.5,
          2.0
        ],
        "history": [
          {
            "it": 1,
            "energy": -5.667517480345367,
            "dE": 5.881044187119454,
            "grad_norm": 0.7687286902939805,
            "grad_target": 0.001,
            "grad_norm_post": NaN,
            "alpha": 0.18643785156578707,
            "ksp_its": 1,
            "ls_evals": 9,
            "ls_repaired": false,
            "used_gradient_fallback": false,
            "accepted_step": true,
            "step_norm": 40.46123812405462,
            "step_rel": 40.46123812405462,
            "pred_reduction": NaN,
            "actual_reduction": NaN,
            "trust_rejects": 0,
            "t_grad": 0.00034054997377097607,
            "t_hess": 0.020973590086214244,
            "t_ls": 0.0021535289706662297,
            "t_update": 1.259904820472002e-05,
            "t_iter": 0.02351162605918944,
            "trust_radius": 1.0,
            "trust_ratio": NaN,
            "trust_qp": NaN
          },
          {
            "it": 2,
            "energy": -7.6274577685996245,
            "dE": 1.9599402882542574,
            "grad_norm": 6.264691702639721,
            "grad_target": 0.001,
            "grad_norm_post": NaN,
            "alpha": 0.5840719796826351,
            "ksp_its": 2,
            "ls_evals": 9,
            "ls_repaired": false,
            "used_gradient_fallback": false,
            "accepted_step": true,
            "step_norm": 13.9622467279576,
            "step_rel": 0.3491378646092908,
            "pred_reduction": NaN,
            "actual_reduction": NaN,
            "trust_rejects": 0,
            "t_grad": 0.0002752719447016716,
            "t_hess": 0.02404307306278497,
            "t_ls": 0.00220180198084563,
            "t_update": 1.205899752676487e-05,
            "t_iter": 0.026560668018646538,
            "trust_radius": 1.0,
            "trust_ratio": NaN,
            "trust_qp": NaN
          },
          {
            "it": 3,
            "energy": -7.9491154217516735,
            "dE": 0.321657653152049,
            "grad_norm": 2.8730917775392983,
            "grad_target": 0.001,
            "grad_norm_post": NaN,
            "alpha": 1.088137289060528,
            "ksp_its": 2,
            "ls_evals": 9,
            "ls_repaired": false,
            "used_gradient_fallback": false,
            "accepted_step": true,
            "step_norm": 1.267059414178686,
            "step_rel": 0.023719239229657543,
            "pred_reduction": NaN,
            "actual_reduction": NaN,
            "trust_rejects": 0,
            "t_grad": 0.00034329493064433336,
            "t_hess": 0.02191268897149712,
            "t_ls": 0.0021331789903342724,
            "t_update": 1.2199045158922672e-05,
            "t_iter": 0.024433908984065056,
            "trust_radius": 1.0,
            "trust_ratio": NaN,
            "trust_qp": NaN
          },
          {
            "it": 4,
            "energy": -7.95451888181636,
            "dE": 0.005403460064686172,
            "grad_norm": 0.2957343273874542,
            "grad_target": 0.001,
            "grad_norm_post": NaN,
            "alpha": 1.088137289060528,
            "ksp_its": 2,
            "ls_evals": 9,
            "ls_repaired": false,
            "used_gradient_fallback": false,
            "accepted_step": true,
            "step_norm": 0.42370525554861066,
            "step_rel": 0.00809815357525245,
            "pred_reduction": NaN,
            "actual_reduction": NaN,
            "trust_rejects": 0,
            "t_grad": 0.00026407698169350624,
            "t_hess": 0.0229229130782187,
            "t_ls": 0.002376553020440042,
            "t_update": 1.7166021279990673e-05,
            "t_iter": 0.025603163056075573,
            "trust_radius": 1.0,
            "trust_ratio": NaN,
            "trust_qp": NaN
          },
          {
            "it": 5,
            "energy": -7.954563330796271,
            "dE": 4.444897991096042e-05,
            "grad_norm": 0.02176602028993551,
            "grad_target": 0.001,
            "grad_norm_post": 0.0012083573612860468,
            "alpha": 1.0552482453194671,
            "ksp_its": 2,
            "ls_evals": 9,
            "ls_repaired": false,
            "used_gradient_fallback": false,
            "accepted_step": true,
            "step_norm": 0.026324750471944408,
            "step_rel": 0.0005071561665314291,
            "pred_reduction": NaN,
            "actual_reduction": NaN,
            "trust_rejects": 0,
            "t_grad": 0.0003635450266301632,
            "t_hess": 0.024141531088389456,
            "t_ls": 0.0021079210564494133,
            "t_update": 1.210800837725401e-05,
            "t_iter": 0.026652946951799095,
            "trust_radius": 1.0,
            "trust_ratio": NaN,
            "trust_qp": NaN
          },
          {
            "it": 6,
            "energy": -7.954563582751723,
            "dE": 2.5195545205747294e-07,
            "grad_norm": 0.0012083573612860468,
            "grad_target": 0.001,
            "grad_norm_post": 4.881906531198515e-05,
            "alpha": 1.0552482453194671,
            "ksp_its": 2,
            "ls_evals": 9,
            "ls_repaired": false,
            "used_gradient_fallback": false,
            "accepted_step": true,
            "step_norm": 0.0015845283700624533,
            "step_rel": 3.0511949916593098e-05,
            "pred_reduction": NaN,
            "actual_reduction": NaN,
            "trust_rejects": 0,
            "t_grad": 0.00023969891481101513,
            "t_hess": 0.022905166959390044,
            "t_ls": 0.0021227329270914197,
            "t_update": 1.1767959222197533e-05,
            "t_iter": 0.025306707015261054,
            "trust_radius": 1.0,
            "trust_ratio": NaN,
            "trust_qp": NaN
          }
        ],
        "linear_timing": [
          {
            "assemble_total_time": 0.0008327190298587084,
            "setop_time": 1.0320218279957771e-06,
            "set_tolerances_time": 1.1619413271546364e-06,
            "pc_setup_time": 0.01652045303490013,
            "solve_time": 0.0035073700128123164,
            "linear_total_time": 0.020862736040726304,
            "ksp_its": 1
          },
          {
            "assemble_total_time": 0.0005528689362108707,
            "setop_time": 8.010538294911385e-07,
            "set_tolerances_time": 1.4120014384388924e-06,
            "pc_setup_time": 0.01735804893542081,
            "solve_time": 0.006035709986463189,
            "linear_total_time": 0.0239488409133628,
            "ksp_its": 2
          },
          {
            "assemble_total_time": 0.0005205710185691714,
            "setop_time": 6.509944796562195e-07,
            "set_tolerances_time": 9.91043634712696e-07,
            "pc_setup_time": 0.015987542923539877,
            "solve_time": 0.00531243602745235,
            "linear_total_time": 0.021822192007675767,
            "ksp_its": 2
          },
          {
            "assemble_total_time": 0.000520290108397603,
            "setop_time": 6.209593266248703e-07,
            "set_tolerances_time": 9.319046512246132e-07,
            "pc_setup_time": 0.01648735289927572,
            "solve_time": 0.0058232019655406475,
            "linear_total_time": 0.02283239783719182,
            "ksp_its": 2
          },
          {
            "assemble_total_time": 0.0005516769597306848,
            "setop_time": 7.409835234284401e-07,
            "set_tolerances_time": 9.409850463271141e-07,
            "pc_setup_time": 0.017697256989777088,
            "solve_time": 0.005768369999714196,
            "linear_total_time": 0.024018985917791724,
            "ksp_its": 2
          },
          {
            "assemble_total_time": 0.0005279510514810681,
            "setop_time": 6.910413503646851e-07,
            "set_tolerances_time": 9.109498932957649e-07,
            "pc_setup_time": 0.01665023702662438,
            "solve_time": 0.005636232090182602,
            "linear_total_time": 0.022816022159531713,
            "ksp_its": 2
          }
        ]
      }
    ],
    "metadata": {
      "nprocs": 16,
      "problem": {
        "name": "pLaplace2D",
        "p": 3.0,
        "rhs_f": -10.0
      },
      "linear_solver": {
        "ksp_type": "cg",
        "pc_type": "hypre",
        "ksp_rtol": 0.1,
        "ksp_max_it": 30,
        "pc_setup_on_ksp_cap": false,
        "gamg_threshold": 0.05,
        "gamg_agg_nsmooths": 1,
        "gamg_set_coordinates": true,
        "assembly_mode": "fenics",
        "assembler": "FEniCSFormAssembly",
        "distribution_strategy": "dolfinx_mesh_partition",
        "trust_subproblem_solver": "direct_linear_solve",
        "trust_subproblem_line_search": false
      },
      "newton": {
        "tolf": 0.0001,
        "tolg": 0.001,
        "tolg_rel": 0.001,
        "tolx_rel": 0.001,
        "tolx_abs": 1e-10,
        "maxit": 100,
        "require_all_convergence": true,
        "fail_on_nonfinite": true,
        "linesearch_interval": [
          -0.5,
          2.0
        ],
        "linesearch_tol": 0.1,
        "trust_region": false,
        "trust_radius_init": 1.0,
        "trust_radius_min": 1e-08,
        "trust_radius_max": 1000000.0,
        "trust_subproblem_line_search": false,
        "step_time_limit_s": null
      }
    }
  }
}
