{
  "case": {
    "problem": "plaplace",
    "backend": "fenics",
    "level": 7,
    "out": "/home/michal/repos/fenics_nonlinear_energies/artifacts/reproduction/2026-03-15_refactor_stage2b_final/full/plaplace_final_suite/fenics_custom_l7_np2.json",
    "quiet": true,
    "save_history": true,
    "save_linear_timing": true,
    "steps": 1,
    "start_step": 1,
    "total_steps": 24,
    "ksp_type": "cg",
    "pc_type": "hypre",
    "ksp_rtol": 0.1,
    "ksp_max_it": 30,
    "profile": "reference",
    "coloring_trials": 10,
    "nproc_threads": 1,
    "hvp_eval_mode": "sequential",
    "element_reorder_mode": null,
    "local_hessian_mode": null,
    "tolf": 0.0001,
    "tolg": 0.001,
    "tolg_rel": 0.001,
    "tolx_rel": 0.001,
    "tolx_abs": 1e-10,
    "maxit": 100,
    "step_time_limit_s": null,
    "linesearch_a": -0.5,
    "linesearch_b": 2.0,
    "linesearch_tol": 0.1,
    "use_trust_region": false,
    "trust_radius_init": 1.0,
    "trust_radius_min": 1e-08,
    "trust_radius_max": 1000000.0,
    "trust_shrink": 0.5,
    "trust_expand": 1.5,
    "trust_eta_shrink": 0.05,
    "trust_eta_expand": 0.75,
    "trust_max_reject": 6,
    "trust_subproblem_line_search": false,
    "local_coloring": true,
    "retry_on_failure": false,
    "pc_setup_on_ksp_cap": false,
    "use_near_nullspace": true,
    "reorder": null,
    "gamg_threshold": 0.05,
    "gamg_agg_nsmooths": 1,
    "gamg_set_coordinates": true
  },
  "result": {
    "mesh_level": 7,
    "total_dofs": 49665,
    "free_dofs": 49172,
    "setup_time": 0.193146,
    "solve_time_total": 0.573556,
    "total_time": 0.766789,
    "steps": [
      {
        "step": 1,
        "time": 0.573556,
        "nit": 6,
        "linear_iters": 11,
        "energy": -7.958292417312826,
        "message": "Converged (energy, step, gradient)",
        "attempt": "primary",
        "ksp_rtol_used": 0.1,
        "ksp_max_it_used": 30,
        "linesearch_interval_used": [
          -0.5,
          2.0
        ],
        "history": [
          {
            "it": 1,
            "energy": -5.395809574448918,
            "dE": 6.058701402482267,
            "grad_norm": 2.7852712233358954,
            "grad_target": 0.0027852712233358955,
            "grad_norm_post": NaN,
            "alpha": 0.35864712030894996,
            "ksp_its": 1,
            "ls_evals": 9,
            "ls_repaired": false,
            "used_gradient_fallback": false,
            "accepted_step": true,
            "step_norm": 77.35203707253814,
            "step_rel": 60.653380633371306,
            "pred_reduction": NaN,
            "actual_reduction": NaN,
            "trust_rejects": 0,
            "t_grad": 0.0040700630052015185,
            "t_hess": 0.06079463695641607,
            "t_ls": 0.03396625502500683,
            "t_update": 1.594400964677334e-05,
            "t_iter": 0.09889864700380713,
            "trust_radius": 1.0,
            "trust_ratio": NaN,
            "trust_qp": NaN
          },
          {
            "it": 2,
            "energy": -7.6368899055972035,
            "dE": 2.241080331148286,
            "grad_norm": 6.072492202025211,
            "grad_target": 0.0027852712233358955,
            "grad_norm_post": NaN,
            "alpha": 0.5840719796826351,
            "ksp_its": 2,
            "ls_evals": 9,
            "ls_repaired": false,
            "used_gradient_fallback": false,
            "accepted_step": true,
            "step_norm": 30.19307142513401,
            "step_rel": 0.39524868556643156,
            "pred_reduction": NaN,
            "actual_reduction": NaN,
            "trust_rejects": 0,
            "t_grad": 0.003936892957426608,
            "t_hess": 0.06023719208315015,
            "t_ls": 0.03339730191510171,
            "t_update": 1.578405499458313e-05,
            "t_iter": 0.09762719203718007,
            "trust_radius": 1.0,
            "trust_ratio": NaN,
            "trust_qp": NaN
          },
          {
            "it": 3,
            "energy": -7.941983475122242,
            "dE": 0.3050935695250381,
            "grad_norm": 2.6470678278952215,
            "grad_target": 0.0027852712233358955,
            "grad_norm_post": NaN,
            "alpha": 0.9488170640584248,
            "ksp_its": 2,
            "ls_evals": 9,
            "ls_repaired": false,
            "used_gradient_fallback": false,
            "accepted_step": true,
            "step_norm": 1.8645358828916656,
            "step_rel": 0.017596955887082894,
            "pred_reduction": NaN,
            "actual_reduction": NaN,
            "trust_rejects": 0,
            "t_grad": 0.003933608997613192,
            "t_hess": 0.055614479002542794,
            "t_ls": 0.03326077701058239,
            "t_update": 1.8398044630885124e-05,
            "t_iter": 0.09286212595179677,
            "trust_radius": 1.0,
            "trust_ratio": NaN,
            "trust_qp": NaN
          },
          {
            "it": 4,
            "energy": -7.958120588043759,
            "dE": 0.016137112921517094,
            "grad_norm": 0.5204519349965613,
            "grad_target": 0.0027852712233358955,
            "grad_norm_post": NaN,
            "alpha": 1.088137289060528,
            "ksp_its": 2,
            "ls_evals": 9,
            "ls_repaired": false,
            "used_gradient_fallback": false,
            "accepted_step": true,
            "step_norm": 1.3514286739110217,
            "step_rel": 0.01285087660167304,
            "pred_reduction": NaN,
            "actual_reduction": NaN,
            "trust_rejects": 0,
            "t_grad": 0.0038501539966091514,
            "t_hess": 0.05577699304558337,
            "t_ls": 0.03344172902870923,
            "t_update": 1.4711986295878887e-05,
            "t_iter": 0.09312217496335506,
            "trust_radius": 1.0,
            "trust_ratio": NaN,
            "trust_qp": NaN
          },
          {
            "it": 5,
            "energy": -7.958290883404966,
            "dE": 0.0001702953612072733,
            "grad_norm": 0.04235786041541611,
            "grad_target": 0.0027852712233358955,
            "grad_norm_post": NaN,
            "alpha": 1.088137289060528,
            "ksp_its": 2,
            "ls_evals": 9,
            "ls_repaired": false,
            "used_gradient_fallback": false,
            "accepted_step": true,
            "step_norm": 0.055098807576286574,
            "step_rel": 0.0005305788530170389,
            "pred_reduction": NaN,
            "actual_reduction": NaN,
            "trust_rejects": 0,
            "t_grad": 0.003925736993551254,
            "t_hess": 0.05417697399388999,
            "t_ls": 0.03345686092507094,
            "t_update": 1.5854020603001118e-05,
            "t_iter": 0.09161389293149114,
            "trust_radius": 1.0,
            "trust_ratio": NaN,
            "trust_qp": NaN
          },
          {
            "it": 6,
            "energy": -7.958292417312826,
            "dE": 1.5339078602849554e-06,
            "grad_norm": 0.0032133923308894246,
            "grad_target": 0.0027852712233358955,
            "grad_norm_post": 0.00012460493771180586,
            "alpha": 1.0552482453194671,
            "ksp_its": 2,
            "ls_evals": 9,
            "ls_repaired": false,
            "used_gradient_fallback": false,
            "accepted_step": true,
            "step_norm": 0.005103823677371672,
            "step_rel": 4.912504886253572e-05,
            "pred_reduction": NaN,
            "actual_reduction": NaN,
            "trust_rejects": 0,
            "t_grad": 0.003835852025076747,
            "t_hess": 0.054503993946127594,
            "t_ls": 0.033460656995885074,
            "t_update": 1.4371005818247795e-05,
            "t_iter": 0.09185445494949818,
            "trust_radius": 1.0,
            "trust_ratio": NaN,
            "trust_qp": NaN
          }
        ],
        "linear_timing": [
          {
            "assemble_total_time": 0.012119783903472126,
            "setop_time": 1.9529834389686584e-06,
            "set_tolerances_time": 1.7130514606833458e-06,
            "pc_setup_time": 0.04037221195176244,
            "solve_time": 0.008201078046113253,
            "linear_total_time": 0.06069673993624747,
            "ksp_its": 1
          },
          {
            "assemble_total_time": 0.011059434968046844,
            "setop_time": 2.0229490473866463e-06,
            "set_tolerances_time": 2.683955244719982e-06,
            "pc_setup_time": 0.0361522730672732,
            "solve_time": 0.012931901961565018,
            "linear_total_time": 0.06014831690117717,
            "ksp_its": 2
          },
          {
            "assemble_total_time": 0.01108263898640871,
            "setop_time": 1.5919795259833336e-06,
            "set_tolerances_time": 1.9529834389686584e-06,
            "pc_setup_time": 0.032123152050189674,
            "solve_time": 0.012319734902121127,
            "linear_total_time": 0.05552907090168446,
            "ksp_its": 2
          },
          {
            "assemble_total_time": 0.011052764020860195,
            "setop_time": 1.4320248737931252e-06,
            "set_tolerances_time": 1.801992766559124e-06,
            "pc_setup_time": 0.032126877922564745,
            "solve_time": 0.012510059983469546,
            "linear_total_time": 0.05569293594453484,
            "ksp_its": 2
          },
          {
            "assemble_total_time": 0.011032815091311932,
            "setop_time": 1.4029210433363914e-06,
            "set_tolerances_time": 1.912936568260193e-06,
            "pc_setup_time": 0.030653186957351863,
            "solve_time": 0.012399874976836145,
            "linear_total_time": 0.054089192883111537,
            "ksp_its": 2
          },
          {
            "assemble_total_time": 0.011070771026425064,
            "setop_time": 1.7529819160699844e-06,
            "set_tolerances_time": 2.013053745031357e-06,
            "pc_setup_time": 0.030832777032628655,
            "solve_time": 0.012511011911556125,
            "linear_total_time": 0.054418326006270945,
            "ksp_its": 2
          }
        ]
      }
    ],
    "metadata": {
      "nprocs": 2,
      "problem": {
        "name": "pLaplace2D",
        "p": 3.0,
        "rhs_f": -10.0
      },
      "linear_solver": {
        "ksp_type": "cg",
        "pc_type": "hypre",
        "ksp_rtol": 0.1,
        "ksp_max_it": 30,
        "pc_setup_on_ksp_cap": false,
        "gamg_threshold": 0.05,
        "gamg_agg_nsmooths": 1,
        "gamg_set_coordinates": true,
        "assembly_mode": "fenics",
        "assembler": "FEniCSFormAssembly",
        "distribution_strategy": "dolfinx_mesh_partition",
        "trust_subproblem_solver": "direct_linear_solve",
        "trust_subproblem_line_search": false
      },
      "newton": {
        "tolf": 0.0001,
        "tolg": 0.001,
        "tolg_rel": 0.001,
        "tolx_rel": 0.001,
        "tolx_abs": 1e-10,
        "maxit": 100,
        "require_all_convergence": true,
        "fail_on_nonfinite": true,
        "linesearch_interval": [
          -0.5,
          2.0
        ],
        "linesearch_tol": 0.1,
        "trust_region": false,
        "trust_radius_init": 1.0,
        "trust_radius_min": 1e-08,
        "trust_radius_max": 1000000.0,
        "trust_subproblem_line_search": false,
        "step_time_limit_s": null
      }
    }
  }
}
