{
  "case": {
    "problem": "plaplace",
    "backend": "fenics",
    "level": 5,
    "out": "/home/michal/repos/fenics_nonlinear_energies/artifacts/reproduction/2026-03-15_refactor_stage2b_final/full/plaplace_final_suite/fenics_custom_l5_np1.json",
    "quiet": true,
    "save_history": true,
    "save_linear_timing": true,
    "steps": 1,
    "start_step": 1,
    "total_steps": 24,
    "ksp_type": "cg",
    "pc_type": "hypre",
    "ksp_rtol": 0.1,
    "ksp_max_it": 30,
    "profile": "reference",
    "coloring_trials": 10,
    "nproc_threads": 1,
    "hvp_eval_mode": "sequential",
    "element_reorder_mode": null,
    "local_hessian_mode": null,
    "tolf": 0.0001,
    "tolg": 0.001,
    "tolg_rel": 0.001,
    "tolx_rel": 0.001,
    "tolx_abs": 1e-10,
    "maxit": 100,
    "step_time_limit_s": null,
    "linesearch_a": -0.5,
    "linesearch_b": 2.0,
    "linesearch_tol": 0.1,
    "use_trust_region": false,
    "trust_radius_init": 1.0,
    "trust_radius_min": 1e-08,
    "trust_radius_max": 1000000.0,
    "trust_shrink": 0.5,
    "trust_expand": 1.5,
    "trust_eta_shrink": 0.05,
    "trust_eta_expand": 0.75,
    "trust_max_reject": 6,
    "trust_subproblem_line_search": false,
    "local_coloring": true,
    "retry_on_failure": false,
    "pc_setup_on_ksp_cap": false,
    "use_near_nullspace": true,
    "reorder": null,
    "gamg_threshold": 0.05,
    "gamg_agg_nsmooths": 1,
    "gamg_set_coordinates": true
  },
  "result": {
    "mesh_level": 5,
    "total_dofs": 3201,
    "free_dofs": 2945,
    "setup_time": 0.014145,
    "solve_time_total": 0.055969,
    "total_time": 0.070164,
    "steps": [
      {
        "step": 1,
        "time": 0.055969,
        "nit": 5,
        "linear_iters": 5,
        "energy": -7.942968702633121,
        "message": "Converged (energy, step, gradient)",
        "attempt": "primary",
        "ksp_rtol_used": 0.1,
        "ksp_max_it_used": 30,
        "linesearch_interval_used": [
          -0.5,
          2.0
        ],
        "history": [
          {
            "it": 1,
            "energy": -5.932077006652514,
            "dE": 6.083631784117739,
            "grad_norm": 0.5634932104045345,
            "grad_target": 0.001,
            "grad_norm_post": NaN,
            "alpha": 0.10033321719420563,
            "ksp_its": 1,
            "ls_evals": 9,
            "ls_repaired": false,
            "used_gradient_fallback": false,
            "accepted_step": true,
            "step_norm": 21.192752934273802,
            "step_rel": 21.192752934273802,
            "pred_reduction": NaN,
            "actual_reduction": NaN,
            "trust_rejects": 0,
            "t_grad": 0.0006081719184294343,
            "t_hess": 0.006438934011384845,
            "t_ls": 0.004380477941595018,
            "t_update": 3.6749988794326782e-06,
            "t_iter": 0.011447463068179786,
            "trust_radius": 1.0,
            "trust_ratio": NaN,
            "trust_qp": NaN
          },
          {
            "it": 2,
            "energy": -7.705583481044931,
            "dE": 1.7735064743924172,
            "grad_norm": 5.969521952932857,
            "grad_target": 0.001,
            "grad_norm_post": NaN,
            "alpha": 0.6372875703131574,
            "ksp_its": 1,
            "ls_evals": 9,
            "ls_repaired": false,
            "used_gradient_fallback": false,
            "accepted_step": true,
            "step_norm": 5.685965360024274,
            "step_rel": 0.27128856687442326,
            "pred_reduction": NaN,
            "actual_reduction": NaN,
            "trust_rejects": 0,
            "t_grad": 0.0005579569842666388,
            "t_hess": 0.006046936032362282,
            "t_ls": 0.004265494993887842,
            "t_update": 3.8460129871964455e-06,
            "t_iter": 0.01088630105368793,
            "trust_radius": 1.0,
            "trust_ratio": NaN,
            "trust_qp": NaN
          },
          {
            "it": 3,
            "energy": -7.9405245637846456,
            "dE": 0.2349410827397147,
            "grad_norm": 2.304563700399098,
            "grad_target": 0.001,
            "grad_norm_post": NaN,
            "alpha": 1.1413528796910493,
            "ksp_its": 1,
            "ls_evals": 9,
            "ls_repaired": false,
            "used_gradient_fallback": false,
            "accepted_step": true,
            "step_norm": 0.45875719343203275,
            "step_rel": 0.017447645646117203,
            "pred_reduction": NaN,
            "actual_reduction": NaN,
            "trust_rejects": 0,
            "t_grad": 0.0005541609134525061,
            "t_hess": 0.005909729981794953,
            "t_ls": 0.004278233973309398,
            "t_update": 3.27499583363533e-06,
            "t_iter": 0.010756567004136741,
            "trust_radius": 1.0,
            "trust_ratio": NaN,
            "trust_qp": NaN
          },
          {
            "it": 4,
            "energy": -7.942959630869369,
            "dE": 0.002435067084723741,
            "grad_norm": 0.17759207085625717,
            "grad_target": 0.001,
            "grad_norm_post": NaN,
            "alpha": 1.002032654688946,
            "ksp_its": 1,
            "ls_evals": 9,
            "ls_repaired": false,
            "used_gradient_fallback": false,
            "accepted_step": true,
            "step_norm": 0.16433846556343296,
            "step_rel": 0.006292382242496079,
            "pred_reduction": NaN,
            "actual_reduction": NaN,
            "trust_rejects": 0,
            "t_grad": 0.0005624429322779179,
            "t_hess": 0.006079333950765431,
            "t_ls": 0.004276921972632408,
            "t_update": 3.3249380066990852e-06,
            "t_iter": 0.010933100944384933,
            "trust_radius": 1.0,
            "trust_ratio": NaN,
            "trust_qp": NaN
          },
          {
            "it": 5,
            "energy": -7.942968702633121,
            "dE": 9.071763751755668e-06,
            "grad_norm": 0.005880494538780749,
            "grad_target": 0.001,
            "grad_norm_post": 0.0001658160530349955,
            "alpha": 1.002032654688946,
            "ksp_its": 1,
            "ls_evals": 9,
            "ls_repaired": false,
            "used_gradient_fallback": false,
            "accepted_step": true,
            "step_norm": 0.01368000556711392,
            "step_rel": 0.0005269611743036643,
            "pred_reduction": NaN,
            "actual_reduction": NaN,
            "trust_rejects": 0,
            "t_grad": 0.0005676510045304894,
            "t_hess": 0.005887746927328408,
            "t_ls": 0.004235620959661901,
            "t_update": 3.314926289021969e-06,
            "t_iter": 0.010705730994231999,
            "trust_radius": 1.0,
            "trust_ratio": NaN,
            "trust_qp": NaN
          }
        ],
        "linear_timing": [
          {
            "assemble_total_time": 0.0012998990714550018,
            "setop_time": 1.1509982869029045e-06,
            "set_tolerances_time": 1.0710209608078003e-06,
            "pc_setup_time": 0.004346827045083046,
            "solve_time": 0.0007630640175193548,
            "linear_total_time": 0.006412012153305113,
            "ksp_its": 1
          },
          {
            "assemble_total_time": 0.0011565540917217731,
            "setop_time": 7.409835234284401e-07,
            "set_tolerances_time": 1.1710217222571373e-06,
            "pc_setup_time": 0.004036301048472524,
            "solve_time": 0.0008292930433526635,
            "linear_total_time": 0.006024060188792646,
            "ksp_its": 1
          },
          {
            "assemble_total_time": 0.0011469790479168296,
            "setop_time": 5.809124559164047e-07,
            "set_tolerances_time": 1.0021030902862549e-06,
            "pc_setup_time": 0.003887427970767021,
            "solve_time": 0.0008525480516254902,
            "linear_total_time": 0.005888538085855544,
            "ksp_its": 1
          },
          {
            "assemble_total_time": 0.0011481710243970156,
            "setop_time": 5.909241735935211e-07,
            "set_tolerances_time": 8.41100700199604e-07,
            "pc_setup_time": 0.004002491012215614,
            "solve_time": 0.0009060479933395982,
            "linear_total_time": 0.006058142054826021,
            "ksp_its": 1
          },
          {
            "assemble_total_time": 0.001138337072916329,
            "setop_time": 5.909241735935211e-07,
            "set_tolerances_time": 8.709030225872993e-07,
            "pc_setup_time": 0.0038702719612047076,
            "solve_time": 0.0008558429544791579,
            "linear_total_time": 0.005865913815796375,
            "ksp_its": 1
          }
        ]
      }
    ],
    "metadata": {
      "nprocs": 1,
      "problem": {
        "name": "pLaplace2D",
        "p": 3.0,
        "rhs_f": -10.0
      },
      "linear_solver": {
        "ksp_type": "cg",
        "pc_type": "hypre",
        "ksp_rtol": 0.1,
        "ksp_max_it": 30,
        "pc_setup_on_ksp_cap": false,
        "gamg_threshold": 0.05,
        "gamg_agg_nsmooths": 1,
        "gamg_set_coordinates": true,
        "assembly_mode": "fenics",
        "assembler": "FEniCSFormAssembly",
        "distribution_strategy": "dolfinx_mesh_partition",
        "trust_subproblem_solver": "direct_linear_solve",
        "trust_subproblem_line_search": false
      },
      "newton": {
        "tolf": 0.0001,
        "tolg": 0.001,
        "tolg_rel": 0.001,
        "tolx_rel": 0.001,
        "tolx_abs": 1e-10,
        "maxit": 100,
        "require_all_convergence": true,
        "fail_on_nonfinite": true,
        "linesearch_interval": [
          -0.5,
          2.0
        ],
        "linesearch_tol": 0.1,
        "trust_region": false,
        "trust_radius_init": 1.0,
        "trust_radius_min": 1e-08,
        "trust_radius_max": 1000000.0,
        "trust_subproblem_line_search": false,
        "step_time_limit_s": null
      }
    }
  }
}
