{
  "case": {
    "problem": "plaplace",
    "backend": "fenics",
    "level": 9,
    "out": "/home/michal/repos/fenics_nonlinear_energies/artifacts/reproduction/2026-03-15_refactor_stage2b_final/full/plaplace_final_suite/fenics_custom_l9_np32.json",
    "quiet": true,
    "save_history": true,
    "save_linear_timing": true,
    "steps": 1,
    "start_step": 1,
    "total_steps": 24,
    "ksp_type": "cg",
    "pc_type": "hypre",
    "ksp_rtol": 0.1,
    "ksp_max_it": 30,
    "profile": "reference",
    "coloring_trials": 10,
    "nproc_threads": 1,
    "hvp_eval_mode": "sequential",
    "element_reorder_mode": null,
    "local_hessian_mode": null,
    "tolf": 0.0001,
    "tolg": 0.001,
    "tolg_rel": 0.001,
    "tolx_rel": 0.001,
    "tolx_abs": 1e-10,
    "maxit": 100,
    "step_time_limit_s": null,
    "linesearch_a": -0.5,
    "linesearch_b": 2.0,
    "linesearch_tol": 0.1,
    "use_trust_region": false,
    "trust_radius_init": 1.0,
    "trust_radius_min": 1e-08,
    "trust_radius_max": 1000000.0,
    "trust_shrink": 0.5,
    "trust_expand": 1.5,
    "trust_eta_shrink": 0.05,
    "trust_eta_expand": 0.75,
    "trust_max_reject": 6,
    "trust_subproblem_line_search": false,
    "local_coloring": true,
    "retry_on_failure": false,
    "pc_setup_on_ksp_cap": false,
    "use_near_nullspace": true,
    "reorder": null,
    "gamg_threshold": 0.05,
    "gamg_agg_nsmooths": 1,
    "gamg_set_coordinates": true
  },
  "result": {
    "mesh_level": 9,
    "total_dofs": 788481,
    "free_dofs": 788421,
    "setup_time": 2.470592,
    "solve_time_total": 1.127909,
    "total_time": 3.598652,
    "steps": [
      {
        "step": 1,
        "time": 1.127909,
        "nit": 6,
        "linear_iters": 12,
        "energy": -7.9600056907534915,
        "message": "Converged (energy, step, gradient)",
        "attempt": "primary",
        "ksp_rtol_used": 0.1,
        "ksp_max_it_used": 30,
        "linesearch_interval_used": [
          -0.5,
          2.0
        ],
        "history": [
          {
            "it": 1,
            "energy": -5.1410614394851315,
            "dE": 38.28836718558087,
            "grad_norm": 44.82823108268431,
            "grad_target": 0.044828231082684314,
            "grad_norm_post": NaN,
            "alpha": 1.6783072328100033,
            "ksp_its": 2,
            "ls_evals": 9,
            "ls_repaired": false,
            "used_gradient_fallback": false,
            "accepted_step": true,
            "step_norm": 378.7345686080097,
            "step_rel": 73.92334181852249,
            "pred_reduction": NaN,
            "actual_reduction": NaN,
            "trust_rejects": 0,
            "t_grad": 0.005106251919642091,
            "t_hess": 0.1418540730373934,
            "t_ls": 0.03899988706689328,
            "t_update": 5.689600948244333e-05,
            "t_iter": 0.18635112699121237,
            "trust_radius": 1.0,
            "trust_ratio": NaN,
            "trust_qp": NaN
          },
          {
            "it": 2,
            "energy": -7.543733164060005,
            "dE": 2.4026717245748737,
            "grad_norm": 8.63581315402142,
            "grad_target": 0.044828231082684314,
            "grad_norm_post": NaN,
            "alpha": 0.7233922046847389,
            "ksp_its": 2,
            "ls_evals": 9,
            "ls_repaired": false,
            "used_gradient_fallback": false,
            "accepted_step": true,
            "step_norm": 79.14690240733725,
            "step_rel": 0.21111664387761608,
            "pred_reduction": NaN,
            "actual_reduction": NaN,
            "trust_rejects": 0,
            "t_grad": 0.004212951986119151,
            "t_hess": 0.14412692293990403,
            "t_ls": 0.03895939595531672,
            "t_update": 6.483693141490221e-05,
            "t_iter": 0.1874392400495708,
            "trust_radius": 1.0,
            "trust_ratio": NaN,
            "trust_qp": NaN
          },
          {
            "it": 3,
            "energy": -7.952884360733702,
            "dE": 0.4091511966736965,
            "grad_norm": 3.1566045046691924,
            "grad_target": 0.044828231082684314,
            "grad_norm_post": NaN,
            "alpha": 1.1413528796910493,
            "ksp_its": 2,
            "ls_evals": 9,
            "ls_repaired": false,
            "used_gradient_fallback": false,
            "accepted_step": true,
            "step_norm": 32.08246034046882,
            "step_rel": 0.07157693462393906,
            "pred_reduction": NaN,
            "actual_reduction": NaN,
            "trust_rejects": 0,
            "t_grad": 0.008892963989637792,
            "t_hess": 0.13411880598869175,
            "t_ls": 0.03871899505611509,
            "t_update": 5.989999044686556e-05,
            "t_iter": 0.18186636897735298,
            "trust_radius": 1.0,
            "trust_ratio": NaN,
            "trust_qp": NaN
          },
          {
            "it": 4,
            "energy": -7.95990175998761,
            "dE": 0.0070173992539084296,
            "grad_norm": 0.35863719974545916,
            "grad_target": 0.044828231082684314,
            "grad_norm_post": NaN,
            "alpha": 1.1413528796910493,
            "ksp_its": 2,
            "ls_evals": 9,
            "ls_repaired": false,
            "used_gradient_fallback": false,
            "accepted_step": true,
            "step_norm": 1.1849709703944957,
            "step_rel": 0.0028455667379273736,
            "pred_reduction": NaN,
            "actual_reduction": NaN,
            "trust_rejects": 0,
            "t_grad": 0.008030168944969773,
            "t_hess": 0.1612946930108592,
            "t_ls": 0.04205286700744182,
            "t_update": 7.273908704519272e-05,
            "t_iter": 0.21151305094826967,
            "trust_radius": 1.0,
            "trust_ratio": NaN,
            "trust_qp": NaN
          },
          {
            "it": 5,
            "energy": -7.960004725013992,
            "dE": 0.0001029650263815185,
            "grad_norm": 0.03686144468992565,
            "grad_target": 0.044828231082684314,
            "grad_norm_post": NaN,
            "alpha": 1.088137289060528,
            "ksp_its": 2,
            "ls_evals": 9,
            "ls_repaired": false,
            "used_gradient_fallback": false,
            "accepted_step": true,
            "step_norm": 0.0638443087253925,
            "step_rel": 0.00015359826866226078,
            "pred_reduction": NaN,
            "actual_reduction": NaN,
            "trust_rejects": 0,
            "t_grad": 0.004271670011803508,
            "t_hess": 0.1262142260093242,
            "t_ls": 0.040625205961987376,
            "t_update": 5.4802047088742256e-05,
            "t_iter": 0.17124662408605218,
            "trust_radius": 1.0,
            "trust_ratio": NaN,
            "trust_qp": NaN
          },
          {
            "it": 6,
            "energy": -7.9600056907534915,
            "dE": 9.657394999251778e-07,
            "grad_norm": 0.0031186562786814174,
            "grad_target": 0.044828231082684314,
            "grad_norm_post": 0.00016223625693012278,
            "alpha": 1.0552482453194671,
            "ksp_its": 2,
            "ls_evals": 9,
            "ls_repaired": false,
            "used_gradient_fallback": false,
            "accepted_step": true,
            "step_norm": 0.005220588320177961,
            "step_rel": 1.2560697250218906e-05,
            "pred_reduction": NaN,
            "actual_reduction": NaN,
            "trust_rejects": 0,
            "t_grad": 0.008246894925832748,
            "t_hess": 0.12693991605192423,
            "t_ls": 0.04100731899961829,
            "t_update": 8.598901331424713e-05,
            "t_iter": 0.17633150494657457,
            "trust_radius": 1.0,
            "trust_ratio": NaN,
            "trust_qp": NaN
          }
        ],
        "linear_timing": [
          {
            "assemble_total_time": 0.01641682197805494,
            "setop_time": 9.243958629667759e-06,
            "set_tolerances_time": 3.045075573027134e-06,
            "pc_setup_time": 0.08699940703809261,
            "solve_time": 0.03236998897045851,
            "linear_total_time": 0.13579850702080876,
            "ksp_its": 2
          },
          {
            "assemble_total_time": 0.01616765803191811,
            "setop_time": 3.1050294637680054e-06,
            "set_tolerances_time": 3.545079380273819e-06,
            "pc_setup_time": 0.08554000698495656,
            "solve_time": 0.03627957496792078,
            "linear_total_time": 0.1379938900936395,
            "ksp_its": 2
          },
          {
            "assemble_total_time": 0.013281969004310668,
            "setop_time": 2.7640489861369133e-06,
            "set_tolerances_time": 2.8739450499415398e-06,
            "pc_setup_time": 0.0753712800797075,
            "solve_time": 0.04518515709787607,
            "linear_total_time": 0.13384404417593032,
            "ksp_its": 2
          },
          {
            "assemble_total_time": 0.016207398031838238,
            "setop_time": 1.893029548227787e-06,
            "set_tolerances_time": 2.733897417783737e-06,
            "pc_setup_time": 0.08296298095956445,
            "solve_time": 0.06184419302735478,
            "linear_total_time": 0.16101919894572347,
            "ksp_its": 2
          },
          {
            "assemble_total_time": 0.01591604109853506,
            "setop_time": 1.9728904590010643e-06,
            "set_tolerances_time": 2.3940810933709145e-06,
            "pc_setup_time": 0.07740362896583974,
            "solve_time": 0.031765180989168584,
            "linear_total_time": 0.12508921802509576,
            "ksp_its": 2
          },
          {
            "assemble_total_time": 0.017116321017965674,
            "setop_time": 2.062995918095112e-06,
            "set_tolerances_time": 2.01293732970953e-06,
            "pc_setup_time": 0.07775052997749299,
            "solve_time": 0.03177077998407185,
            "linear_total_time": 0.12664170691277832,
            "ksp_its": 2
          }
        ]
      }
    ],
    "metadata": {
      "nprocs": 32,
      "problem": {
        "name": "pLaplace2D",
        "p": 3.0,
        "rhs_f": -10.0
      },
      "linear_solver": {
        "ksp_type": "cg",
        "pc_type": "hypre",
        "ksp_rtol": 0.1,
        "ksp_max_it": 30,
        "pc_setup_on_ksp_cap": false,
        "gamg_threshold": 0.05,
        "gamg_agg_nsmooths": 1,
        "gamg_set_coordinates": true,
        "assembly_mode": "fenics",
        "assembler": "FEniCSFormAssembly",
        "distribution_strategy": "dolfinx_mesh_partition",
        "trust_subproblem_solver": "direct_linear_solve",
        "trust_subproblem_line_search": false
      },
      "newton": {
        "tolf": 0.0001,
        "tolg": 0.001,
        "tolg_rel": 0.001,
        "tolx_rel": 0.001,
        "tolx_abs": 1e-10,
        "maxit": 100,
        "require_all_convergence": true,
        "fail_on_nonfinite": true,
        "linesearch_interval": [
          -0.5,
          2.0
        ],
        "linesearch_tol": 0.1,
        "trust_region": false,
        "trust_radius_init": 1.0,
        "trust_radius_min": 1e-08,
        "trust_radius_max": 1000000.0,
        "trust_subproblem_line_search": false,
        "step_time_limit_s": null
      }
    }
  }
}
