{
  "case": {
    "problem": "plaplace",
    "backend": "fenics",
    "level": 9,
    "out": "/home/michal/repos/fenics_nonlinear_energies/artifacts/reproduction/2026-03-15_refactor_stage2b_final/full/plaplace_final_suite/fenics_custom_l9_np4.json",
    "quiet": true,
    "save_history": true,
    "save_linear_timing": true,
    "steps": 1,
    "start_step": 1,
    "total_steps": 24,
    "ksp_type": "cg",
    "pc_type": "hypre",
    "ksp_rtol": 0.1,
    "ksp_max_it": 30,
    "profile": "reference",
    "coloring_trials": 10,
    "nproc_threads": 1,
    "hvp_eval_mode": "sequential",
    "element_reorder_mode": null,
    "local_hessian_mode": null,
    "tolf": 0.0001,
    "tolg": 0.001,
    "tolg_rel": 0.001,
    "tolx_rel": 0.001,
    "tolx_abs": 1e-10,
    "maxit": 100,
    "step_time_limit_s": null,
    "linesearch_a": -0.5,
    "linesearch_b": 2.0,
    "linesearch_tol": 0.1,
    "use_trust_region": false,
    "trust_radius_init": 1.0,
    "trust_radius_min": 1e-08,
    "trust_radius_max": 1000000.0,
    "trust_shrink": 0.5,
    "trust_expand": 1.5,
    "trust_eta_shrink": 0.05,
    "trust_eta_expand": 0.75,
    "trust_max_reject": 6,
    "trust_subproblem_line_search": false,
    "local_coloring": true,
    "retry_on_failure": false,
    "pc_setup_on_ksp_cap": false,
    "use_near_nullspace": true,
    "reorder": null,
    "gamg_threshold": 0.05,
    "gamg_agg_nsmooths": 1,
    "gamg_set_coordinates": true
  },
  "result": {
    "mesh_level": 9,
    "total_dofs": 788481,
    "free_dofs": 787184,
    "setup_time": 2.998152,
    "solve_time_total": 4.842585,
    "total_time": 7.841055,
    "steps": [
      {
        "step": 1,
        "time": 4.842585,
        "nit": 6,
        "linear_iters": 12,
        "energy": -7.960005688598329,
        "message": "Converged (energy, step, gradient)",
        "attempt": "primary",
        "ksp_rtol_used": 0.1,
        "ksp_max_it_used": 30,
        "linesearch_interval_used": [
          -0.5,
          2.0
        ],
        "history": [
          {
            "it": 1,
            "energy": -5.151387339240468,
            "dE": 38.318921956624095,
            "grad_norm": 44.82688803593708,
            "grad_target": 0.04482688803593708,
            "grad_norm_post": NaN,
            "alpha": 1.6783072328100033,
            "ksp_its": 2,
            "ls_evals": 9,
            "ls_repaired": false,
            "used_gradient_fallback": false,
            "accepted_step": true,
            "step_norm": 379.288828613726,
            "step_rel": 74.12546462249696,
            "pred_reduction": NaN,
            "actual_reduction": NaN,
            "trust_rejects": 0,
            "t_grad": 0.031200187979266047,
            "t_hess": 0.5575792629970238,
            "t_ls": 0.27339191595092416,
            "t_update": 0.00024399603717029095,
            "t_iter": 0.8625212709885091,
            "trust_radius": 1.0,
            "trust_ratio": NaN,
            "trust_qp": NaN
          },
          {
            "it": 2,
            "energy": -7.549155025778035,
            "dE": 2.3977676865375663,
            "grad_norm": 8.595539706987935,
            "grad_target": 0.04482688803593708,
            "grad_norm_post": NaN,
            "alpha": 0.7233922046847389,
            "ksp_its": 2,
            "ls_evals": 9,
            "ls_repaired": false,
            "used_gradient_fallback": false,
            "accepted_step": true,
            "step_norm": 78.1438397314768,
            "step_rel": 0.20812481440291863,
            "pred_reduction": NaN,
            "actual_reduction": NaN,
            "trust_rejects": 0,
            "t_grad": 0.03079485008493066,
            "t_hess": 0.5298398219747469,
            "t_ls": 0.2725664279423654,
            "t_update": 0.00024043000303208828,
            "t_iter": 0.8335187659831718,
            "trust_radius": 1.0,
            "trust_ratio": NaN,
            "trust_qp": NaN
          },
          {
            "it": 3,
            "energy": -7.953220633350786,
            "dE": 0.40406560757275134,
            "grad_norm": 3.1313495241681406,
            "grad_target": 0.04482688803593708,
            "grad_norm_post": NaN,
            "alpha": 1.1413528796910493,
            "ksp_its": 2,
            "ls_evals": 9,
            "ls_repaired": false,
            "used_gradient_fallback": false,
            "accepted_step": true,
            "step_norm": 31.810856469578372,
            "step_rel": 0.07102770125083786,
            "pred_reduction": NaN,
            "actual_reduction": NaN,
            "trust_rejects": 0,
            "t_grad": 0.030539437080733478,
            "t_hess": 0.46134890092071146,
            "t_ls": 0.2729227039963007,
            "t_update": 0.00024213292635977268,
            "t_iter": 0.7651466650422662,
            "trust_radius": 1.0,
            "trust_ratio": NaN,
            "trust_qp": NaN
          },
          {
            "it": 4,
            "energy": -7.959901493101234,
            "dE": 0.006680859750447965,
            "grad_norm": 0.34901820304572756,
            "grad_target": 0.04482688803593708,
            "grad_norm_post": NaN,
            "alpha": 1.088137289060528,
            "ksp_its": 2,
            "ls_evals": 9,
            "ls_repaired": false,
            "used_gradient_fallback": false,
            "accepted_step": true,
            "step_norm": 1.051694156117665,
            "step_rel": 0.0025259575394628087,
            "pred_reduction": NaN,
            "actual_reduction": NaN,
            "trust_rejects": 0,
            "t_grad": 0.0302939290413633,
            "t_hess": 0.45477628509979695,
            "t_ls": 0.2728195210220292,
            "t_update": 0.00023633392993360758,
            "t_iter": 0.7582293640589342,
            "trust_radius": 1.0,
            "trust_ratio": NaN,
            "trust_qp": NaN
          },
          {
            "it": 5,
            "energy": -7.960004602485954,
            "dE": 0.00010310938472013476,
            "grad_norm": 0.03438126937360831,
            "grad_target": 0.04482688803593708,
            "grad_norm_post": NaN,
            "alpha": 1.1413528796910493,
            "ksp_its": 2,
            "ls_evals": 9,
            "ls_repaired": false,
            "used_gradient_fallback": false,
            "accepted_step": true,
            "step_norm": 0.0972374217128252,
            "step_rel": 0.00023391885097163884,
            "pred_reduction": NaN,
            "actual_reduction": NaN,
            "trust_rejects": 0,
            "t_grad": 0.03077307704370469,
            "t_hess": 0.4803562930319458,
            "t_ls": 0.2728911710437387,
            "t_update": 0.0002454679924994707,
            "t_iter": 0.7843606520909816,
            "trust_radius": 1.0,
            "trust_ratio": NaN,
            "trust_qp": NaN
          },
          {
            "it": 6,
            "energy": -7.960005688598329,
            "dE": 1.0861123751482182e-06,
            "grad_norm": 0.003211140125162245,
            "grad_target": 0.04482688803593708,
            "grad_norm_post": 0.00019107494811570694,
            "alpha": 1.0552482453194671,
            "ksp_its": 2,
            "ls_evals": 9,
            "ls_repaired": false,
            "used_gradient_fallback": false,
            "accepted_step": true,
            "step_norm": 0.005988327545129443,
            "step_rel": 1.4408020441698462e-05,
            "pred_reduction": NaN,
            "actual_reduction": NaN,
            "trust_rejects": 0,
            "t_grad": 0.03070942300837487,
            "t_hess": 0.48121878900565207,
            "t_ls": 0.2715105910319835,
            "t_update": 0.0002382179955020547,
            "t_iter": 0.7837825390743092,
            "trust_radius": 1.0,
            "trust_ratio": NaN,
            "trust_qp": NaN
          }
        ],
        "linear_timing": [
          {
            "assemble_total_time": 0.09065926098264754,
            "setop_time": 7.891911081969738e-06,
            "set_tolerances_time": 3.195018507540226e-06,
            "pc_setup_time": 0.34521757904440165,
            "solve_time": 0.12119994999375194,
            "linear_total_time": 0.5570878769503906,
            "ksp_its": 2
          },
          {
            "assemble_total_time": 0.08369117800612003,
            "setop_time": 2.542976289987564e-06,
            "set_tolerances_time": 3.5659177228808403e-06,
            "pc_setup_time": 0.32516262494027615,
            "solve_time": 0.12044606904964894,
            "linear_total_time": 0.529305980890058,
            "ksp_its": 2
          },
          {
            "assemble_total_time": 0.0836870219791308,
            "setop_time": 2.3739412426948547e-06,
            "set_tolerances_time": 2.533895894885063e-06,
            "pc_setup_time": 0.264260808005929,
            "solve_time": 0.11286764999385923,
            "linear_total_time": 0.4608203878160566,
            "ksp_its": 2
          },
          {
            "assemble_total_time": 0.08369441400282085,
            "setop_time": 2.6240013539791107e-06,
            "set_tolerances_time": 2.8740614652633667e-06,
            "pc_setup_time": 0.2559043540386483,
            "solve_time": 0.11465167801361531,
            "linear_total_time": 0.4542559441179037,
            "ksp_its": 2
          },
          {
            "assemble_total_time": 0.08456665195990354,
            "setop_time": 2.2640451788902283e-06,
            "set_tolerances_time": 2.3739412426948547e-06,
            "pc_setup_time": 0.2733287859009579,
            "solve_time": 0.12193726899567991,
            "linear_total_time": 0.4798373448429629,
            "ksp_its": 2
          },
          {
            "assemble_total_time": 0.08424883603584021,
            "setop_time": 2.234010025858879e-06,
            "set_tolerances_time": 2.2830208763480186e-06,
            "pc_setup_time": 0.2736756979720667,
            "solve_time": 0.12275905208662152,
            "linear_total_time": 0.48068810312543064,
            "ksp_its": 2
          }
        ]
      }
    ],
    "metadata": {
      "nprocs": 4,
      "problem": {
        "name": "pLaplace2D",
        "p": 3.0,
        "rhs_f": -10.0
      },
      "linear_solver": {
        "ksp_type": "cg",
        "pc_type": "hypre",
        "ksp_rtol": 0.1,
        "ksp_max_it": 30,
        "pc_setup_on_ksp_cap": false,
        "gamg_threshold": 0.05,
        "gamg_agg_nsmooths": 1,
        "gamg_set_coordinates": true,
        "assembly_mode": "fenics",
        "assembler": "FEniCSFormAssembly",
        "distribution_strategy": "dolfinx_mesh_partition",
        "trust_subproblem_solver": "direct_linear_solve",
        "trust_subproblem_line_search": false
      },
      "newton": {
        "tolf": 0.0001,
        "tolg": 0.001,
        "tolg_rel": 0.001,
        "tolx_rel": 0.001,
        "tolx_abs": 1e-10,
        "maxit": 100,
        "require_all_convergence": true,
        "fail_on_nonfinite": true,
        "linesearch_interval": [
          -0.5,
          2.0
        ],
        "linesearch_tol": 0.1,
        "trust_region": false,
        "trust_radius_init": 1.0,
        "trust_radius_min": 1e-08,
        "trust_radius_max": 1000000.0,
        "trust_subproblem_line_search": false,
        "step_time_limit_s": null
      }
    }
  }
}
