{
  "case": {
    "problem": "plaplace",
    "backend": "fenics",
    "level": 8,
    "out": "/home/michal/repos/fenics_nonlinear_energies/artifacts/reproduction/2026-03-15_refactor_stage2b_final/full/plaplace_final_suite/fenics_custom_l8_np8.json",
    "quiet": true,
    "save_history": true,
    "save_linear_timing": true,
    "steps": 1,
    "start_step": 1,
    "total_steps": 24,
    "ksp_type": "cg",
    "pc_type": "hypre",
    "ksp_rtol": 0.1,
    "ksp_max_it": 30,
    "profile": "reference",
    "coloring_trials": 10,
    "nproc_threads": 1,
    "hvp_eval_mode": "sequential",
    "element_reorder_mode": null,
    "local_hessian_mode": null,
    "tolf": 0.0001,
    "tolg": 0.001,
    "tolg_rel": 0.001,
    "tolx_rel": 0.001,
    "tolx_abs": 1e-10,
    "maxit": 100,
    "step_time_limit_s": null,
    "linesearch_a": -0.5,
    "linesearch_b": 2.0,
    "linesearch_tol": 0.1,
    "use_trust_region": false,
    "trust_radius_init": 1.0,
    "trust_radius_min": 1e-08,
    "trust_radius_max": 1000000.0,
    "trust_shrink": 0.5,
    "trust_expand": 1.5,
    "trust_eta_shrink": 0.05,
    "trust_eta_expand": 0.75,
    "trust_max_reject": 6,
    "trust_subproblem_line_search": false,
    "local_coloring": true,
    "retry_on_failure": false,
    "pc_setup_on_ksp_cap": false,
    "use_near_nullspace": true,
    "reorder": null,
    "gamg_threshold": 0.05,
    "gamg_agg_nsmooths": 1,
    "gamg_set_coordinates": true
  },
  "result": {
    "mesh_level": 8,
    "total_dofs": 197633,
    "free_dofs": 197413,
    "setup_time": 0.627434,
    "solve_time_total": 0.766136,
    "total_time": 1.393703,
    "steps": [
      {
        "step": 1,
        "time": 0.766136,
        "nit": 6,
        "linear_iters": 12,
        "energy": -7.95955609643365,
        "message": "Converged (energy, step, gradient)",
        "attempt": "primary",
        "ksp_rtol_used": 0.1,
        "ksp_max_it_used": 30,
        "linesearch_interval_used": [
          -0.5,
          2.0
        ],
        "history": [
          {
            "it": 1,
            "energy": -3.939269026604798,
            "dE": 8.232049335208522,
            "grad_norm": 11.226822240475864,
            "grad_target": 0.011226822240475864,
            "grad_norm_post": NaN,
            "alpha": 0.7233922046847389,
            "ksp_its": 2,
            "ls_evals": 9,
            "ls_repaired": false,
            "used_gradient_fallback": false,
            "accepted_step": true,
            "step_norm": 162.48810533362382,
            "step_rel": 63.52468623592822,
            "pred_reduction": NaN,
            "actual_reduction": NaN,
            "trust_rejects": 0,
            "t_grad": 0.0041821630438789725,
            "t_hess": 0.09246469498611987,
            "t_ls": 0.03500136698130518,
            "t_update": 4.963506944477558e-05,
            "t_iter": 0.13178234593942761,
            "trust_radius": 1.0,
            "trust_ratio": NaN,
            "trust_qp": NaN
          },
          {
            "it": 2,
            "energy": -7.314100809627273,
            "dE": 3.3748317830224748,
            "grad_norm": 8.827655166029839,
            "grad_target": 0.011226822240475864,
            "grad_norm_post": NaN,
            "alpha": 0.7766077953152606,
            "ksp_its": 2,
            "ls_evals": 9,
            "ls_repaired": false,
            "used_gradient_fallback": false,
            "accepted_step": true,
            "step_norm": 60.09250893299815,
            "step_rel": 0.3742281000779558,
            "pred_reduction": NaN,
            "actual_reduction": NaN,
            "trust_rejects": 0,
            "t_grad": 0.004036635044030845,
            "t_hess": 0.0889718149555847,
            "t_ls": 0.034607376088388264,
            "t_update": 4.976498894393444e-05,
            "t_iter": 0.12773418403230608,
            "trust_radius": 1.0,
            "trust_ratio": NaN,
            "trust_qp": NaN
          },
          {
            "it": 3,
            "energy": -7.920638074986381,
            "dE": 0.6065372653591083,
            "grad_norm": 3.337279572730402,
            "grad_target": 0.011226822240475864,
            "grad_norm_post": NaN,
            "alpha": 0.9488170640584248,
            "ksp_its": 2,
            "ls_evals": 9,
            "ls_repaired": false,
            "used_gradient_fallback": false,
            "accepted_step": true,
            "step_norm": 8.999854244752136,
            "step_rel": 0.04095446903533072,
            "pred_reduction": NaN,
            "actual_reduction": NaN,
            "trust_rejects": 0,
            "t_grad": 0.0040274199564009905,
            "t_hess": 0.08396979398094118,
            "t_ls": 0.034534267033450305,
            "t_update": 4.986405838280916e-05,
            "t_iter": 0.12264849699568003,
            "trust_radius": 1.0,
            "trust_ratio": NaN,
            "trust_qp": NaN
          },
          {
            "it": 4,
            "energy": -7.958476745184749,
            "dE": 0.03783867019836773,
            "grad_norm": 0.7167094484043627,
            "grad_target": 0.011226822240475864,
            "grad_norm_post": NaN,
            "alpha": 1.002032654688946,
            "ksp_its": 2,
            "ls_evals": 9,
            "ls_repaired": false,
            "used_gradient_fallback": false,
            "accepted_step": true,
            "step_norm": 4.935446886455591,
            "step_rel": 0.023173755329890536,
            "pred_reduction": NaN,
            "actual_reduction": NaN,
            "trust_rejects": 0,
            "t_grad": 0.003954541054554284,
            "t_hess": 0.08230753010138869,
            "t_ls": 0.034548708936199546,
            "t_update": 4.8362999223172665e-05,
            "t_iter": 0.12092763592954725,
            "trust_radius": 1.0,
            "trust_ratio": NaN,
            "trust_qp": NaN
          },
          {
            "it": 5,
            "energy": -7.959526184426814,
            "dE": 0.00104943924206502,
            "grad_norm": 0.10714920934275085,
            "grad_target": 0.011226822240475864,
            "grad_norm_post": NaN,
            "alpha": 1.0552482453194671,
            "ksp_its": 2,
            "ls_evals": 9,
            "ls_repaired": false,
            "used_gradient_fallback": false,
            "accepted_step": true,
            "step_norm": 0.36406719827964146,
            "step_rel": 0.001749380151744142,
            "pred_reduction": NaN,
            "actual_reduction": NaN,
            "trust_rejects": 0,
            "t_grad": 0.0043597990879788995,
            "t_hess": 0.08722914301324636,
            "t_ls": 0.03476923902053386,
            "t_update": 5.0146016292274e-05,
            "t_iter": 0.12647673790343106,
            "trust_radius": 1.0,
            "trust_ratio": NaN,
            "trust_qp": NaN
          },
          {
            "it": 6,
            "energy": -7.95955609643365,
            "dE": 2.9912006835886018e-05,
            "grad_norm": 0.014990658837454231,
            "grad_target": 0.011226822240475864,
            "grad_norm_post": 0.0011321023783886414,
            "alpha": 1.1413528796910493,
            "ksp_its": 2,
            "ls_evals": 9,
            "ls_repaired": false,
            "used_gradient_fallback": false,
            "accepted_step": true,
            "step_norm": 0.018596841348558085,
            "step_rel": 8.949313053246948e-05,
            "pred_reduction": NaN,
            "actual_reduction": NaN,
            "trust_rejects": 0,
            "t_grad": 0.003991245990619063,
            "t_hess": 0.08966238296125084,
            "t_ls": 0.034844752051867545,
            "t_update": 4.932400770485401e-05,
            "t_iter": 0.12861590704414994,
            "trust_radius": 1.0,
            "trust_ratio": NaN,
            "trust_qp": NaN
          }
        ],
        "linear_timing": [
          {
            "assemble_total_time": 0.012965706060640514,
            "setop_time": 2.6640482246875763e-06,
            "set_tolerances_time": 3.2150419428944588e-06,
            "pc_setup_time": 0.05889664695132524,
            "solve_time": 0.020399517030455172,
            "linear_total_time": 0.0922677491325885,
            "ksp_its": 2
          },
          {
            "assemble_total_time": 0.011629502987489104,
            "setop_time": 2.94495839625597e-06,
            "set_tolerances_time": 3.2651005312800407e-06,
            "pc_setup_time": 0.05569134897086769,
            "solve_time": 0.021458465023897588,
            "linear_total_time": 0.08878552704118192,
            "ksp_its": 2
          },
          {
            "assemble_total_time": 0.011686908081173897,
            "setop_time": 2.4440232664346695e-06,
            "set_tolerances_time": 2.6939669623970985e-06,
            "pc_setup_time": 0.05160087498370558,
            "solve_time": 0.020497482968494296,
            "linear_total_time": 0.0837904040236026,
            "ksp_its": 2
          },
          {
            "assemble_total_time": 0.011646468075923622,
            "setop_time": 1.7719576135277748e-06,
            "set_tolerances_time": 2.3030443117022514e-06,
            "pc_setup_time": 0.050111169926822186,
            "solve_time": 0.020366456941701472,
            "linear_total_time": 0.08212816994637251,
            "ksp_its": 2
          },
          {
            "assemble_total_time": 0.01166974299121648,
            "setop_time": 2.3239990696310997e-06,
            "set_tolerances_time": 3.003980964422226e-06,
            "pc_setup_time": 0.05380701401736587,
            "solve_time": 0.02156331203877926,
            "linear_total_time": 0.08704539702739567,
            "ksp_its": 2
          },
          {
            "assemble_total_time": 0.01164201193023473,
            "setop_time": 2.53401231020689e-06,
            "set_tolerances_time": 2.334010787308216e-06,
            "pc_setup_time": 0.05608710297383368,
            "solve_time": 0.02174294099677354,
            "linear_total_time": 0.08947692392393947,
            "ksp_its": 2
          }
        ]
      }
    ],
    "metadata": {
      "nprocs": 8,
      "problem": {
        "name": "pLaplace2D",
        "p": 3.0,
        "rhs_f": -10.0
      },
      "linear_solver": {
        "ksp_type": "cg",
        "pc_type": "hypre",
        "ksp_rtol": 0.1,
        "ksp_max_it": 30,
        "pc_setup_on_ksp_cap": false,
        "gamg_threshold": 0.05,
        "gamg_agg_nsmooths": 1,
        "gamg_set_coordinates": true,
        "assembly_mode": "fenics",
        "assembler": "FEniCSFormAssembly",
        "distribution_strategy": "dolfinx_mesh_partition",
        "trust_subproblem_solver": "direct_linear_solve",
        "trust_subproblem_line_search": false
      },
      "newton": {
        "tolf": 0.0001,
        "tolg": 0.001,
        "tolg_rel": 0.001,
        "tolx_rel": 0.001,
        "tolx_abs": 1e-10,
        "maxit": 100,
        "require_all_convergence": true,
        "fail_on_nonfinite": true,
        "linesearch_interval": [
          -0.5,
          2.0
        ],
        "linesearch_tol": 0.1,
        "trust_region": false,
        "trust_radius_init": 1.0,
        "trust_radius_min": 1e-08,
        "trust_radius_max": 1000000.0,
        "trust_subproblem_line_search": false,
        "step_time_limit_s": null
      }
    }
  }
}
