{
  "case": {
    "problem": "plaplace",
    "backend": "fenics",
    "level": 5,
    "out": "/home/michal/repos/fenics_nonlinear_energies/artifacts/reproduction/2026-03-15_refactor_stage2b_final/full/plaplace_final_suite/fenics_custom_l5_np16.json",
    "quiet": true,
    "save_history": true,
    "save_linear_timing": true,
    "steps": 1,
    "start_step": 1,
    "total_steps": 24,
    "ksp_type": "cg",
    "pc_type": "hypre",
    "ksp_rtol": 0.1,
    "ksp_max_it": 30,
    "profile": "reference",
    "coloring_trials": 10,
    "nproc_threads": 1,
    "hvp_eval_mode": "sequential",
    "element_reorder_mode": null,
    "local_hessian_mode": null,
    "tolf": 0.0001,
    "tolg": 0.001,
    "tolg_rel": 0.001,
    "tolx_rel": 0.001,
    "tolx_abs": 1e-10,
    "maxit": 100,
    "step_time_limit_s": null,
    "linesearch_a": -0.5,
    "linesearch_b": 2.0,
    "linesearch_tol": 0.1,
    "use_trust_region": false,
    "trust_radius_init": 1.0,
    "trust_radius_min": 1e-08,
    "trust_radius_max": 1000000.0,
    "trust_shrink": 0.5,
    "trust_expand": 1.5,
    "trust_eta_shrink": 0.05,
    "trust_eta_expand": 0.75,
    "trust_max_reject": 6,
    "trust_subproblem_line_search": false,
    "local_coloring": true,
    "retry_on_failure": false,
    "pc_setup_on_ksp_cap": false,
    "use_near_nullspace": true,
    "reorder": null,
    "gamg_threshold": 0.05,
    "gamg_agg_nsmooths": 1,
    "gamg_set_coordinates": true
  },
  "result": {
    "mesh_level": 5,
    "total_dofs": 3201,
    "free_dofs": 3199,
    "setup_time": 0.026845,
    "solve_time_total": 0.088638,
    "total_time": 0.115549,
    "steps": [
      {
        "step": 1,
        "time": 0.088638,
        "nit": 5,
        "linear_iters": 5,
        "energy": -7.942968710892689,
        "message": "Converged (energy, step, gradient)",
        "attempt": "primary",
        "ksp_rtol_used": 0.1,
        "ksp_max_it_used": 30,
        "linesearch_interval_used": [
          -0.5,
          2.0
        ],
        "history": [
          {
            "it": 1,
            "energy": -6.050175410749167,
            "dE": 6.196774657621943,
            "grad_norm": 0.5657425178242104,
            "grad_target": 0.001,
            "grad_norm_post": NaN,
            "alpha": 0.10033321719420563,
            "ksp_its": 1,
            "ls_evals": 9,
            "ls_repaired": false,
            "used_gradient_fallback": false,
            "accepted_step": true,
            "step_norm": 20.623715678237165,
            "step_rel": 20.623715678237165,
            "pred_reduction": NaN,
            "actual_reduction": NaN,
            "trust_rejects": 0,
            "t_grad": 0.0002715770388022065,
            "t_hess": 0.016719268984161317,
            "t_ls": 0.0013488329714164138,
            "t_update": 1.535296905785799e-05,
            "t_iter": 0.018382953014224768,
            "trust_radius": 1.0,
            "trust_ratio": NaN,
            "trust_qp": NaN
          },
          {
            "it": 2,
            "energy": -7.720877227165195,
            "dE": 1.6707018164160274,
            "grad_norm": 5.406680964196618,
            "grad_target": 0.001,
            "grad_norm_post": NaN,
            "alpha": 0.5840719796826351,
            "ksp_its": 1,
            "ls_evals": 9,
            "ls_repaired": false,
            "used_gradient_fallback": false,
            "accepted_step": true,
            "step_norm": 5.7390514688882,
            "step_rel": 0.2813591732260025,
            "pred_reduction": NaN,
            "actual_reduction": NaN,
            "trust_rejects": 0,
            "t_grad": 0.00017475197091698647,
            "t_hess": 0.016226488980464637,
            "t_ls": 0.0013362830504775047,
            "t_update": 1.4901976101100445e-05,
            "t_iter": 0.017777625937014818,
            "trust_radius": 1.0,
            "trust_ratio": NaN,
            "trust_qp": NaN
          },
          {
            "it": 3,
            "energy": -7.940906871668663,
            "dE": 0.22002964450346774,
            "grad_norm": 2.266325450221076,
            "grad_target": 0.001,
            "grad_norm_post": NaN,
            "alpha": 1.088137289060528,
            "ksp_its": 1,
            "ls_evals": 9,
            "ls_repaired": false,
            "used_gradient_fallback": false,
            "accepted_step": true,
            "step_norm": 0.529280991869879,
            "step_rel": 0.020471449525156137,
            "pred_reduction": NaN,
            "actual_reduction": NaN,
            "trust_rejects": 0,
            "t_grad": 0.00017052493058145046,
            "t_hess": 0.015219478984363377,
            "t_ls": 0.0013166640419512987,
            "t_update": 1.4901976101100445e-05,
            "t_iter": 0.0167450369335711,
            "trust_radius": 1.0,
            "trust_ratio": NaN,
            "trust_qp": NaN
          },
          {
            "it": 4,
            "energy": -7.942964039049867,
            "dE": 0.00205716738120465,
            "grad_norm": 0.1683721131831843,
            "grad_target": 0.001,
            "grad_norm_post": NaN,
            "alpha": 1.002032654688946,
            "ksp_its": 1,
            "ls_evals": 9,
            "ls_repaired": false,
            "used_gradient_fallback": false,
            "accepted_step": true,
            "step_norm": 0.17422037533302134,
            "step_rel": 0.0066675376018198364,
            "pred_reduction": NaN,
            "actual_reduction": NaN,
            "trust_rejects": 0,
            "t_grad": 0.00016274407971650362,
            "t_hess": 0.016561812022700906,
            "t_ls": 0.0013109450228512287,
            "t_update": 1.5213037841022015e-05,
            "t_iter": 0.018073417944833636,
            "trust_radius": 1.0,
            "trust_ratio": NaN,
            "trust_qp": NaN
          },
          {
            "it": 5,
            "energy": -7.942968710892689,
            "dE": 4.671842821935002e-06,
            "grad_norm": 0.003945295792013311,
            "grad_target": 0.001,
            "grad_norm_post": 0.0002704361762532094,
            "alpha": 1.002032654688946,
            "ksp_its": 1,
            "ls_evals": 9,
            "ls_repaired": false,
            "used_gradient_fallback": false,
            "accepted_step": true,
            "step_norm": 0.01350868793036545,
            "step_rel": 0.0005203666270142237,
            "pred_reduction": NaN,
            "actual_reduction": NaN,
            "trust_rejects": 0,
            "t_grad": 0.0001661489950492978,
            "t_hess": 0.015304366941563785,
            "t_ls": 0.001324536046013236,
            "t_update": 1.5003024600446224e-05,
            "t_iter": 0.016833930043503642,
            "trust_radius": 1.0,
            "trust_ratio": NaN,
            "trust_qp": NaN
          }
        ],
        "linear_timing": [
          {
            "assemble_total_time": 0.0005402200622484088,
            "setop_time": 9.719515219330788e-07,
            "set_tolerances_time": 1.0320218279957771e-06,
            "pc_setup_time": 0.012998108984902501,
            "solve_time": 0.003071276005357504,
            "linear_total_time": 0.016611609025858343,
            "ksp_its": 1
          },
          {
            "assemble_total_time": 0.00025441194884479046,
            "setop_time": 6.509944796562195e-07,
            "set_tolerances_time": 1.1619413271546364e-06,
            "pc_setup_time": 0.012703015934675932,
            "solve_time": 0.003173057921230793,
            "linear_total_time": 0.016132298740558326,
            "ksp_its": 1
          },
          {
            "assemble_total_time": 0.0002459581010043621,
            "setop_time": 6.511108949780464e-07,
            "set_tolerances_time": 9.511131793260574e-07,
            "pc_setup_time": 0.011974353925324976,
            "solve_time": 0.0029038951033726335,
            "linear_total_time": 0.015125809353776276,
            "ksp_its": 1
          },
          {
            "assemble_total_time": 0.00025220797397196293,
            "setop_time": 5.710171535611153e-07,
            "set_tolerances_time": 9.320210665464401e-07,
            "pc_setup_time": 0.013039260054938495,
            "solve_time": 0.003176832920871675,
            "linear_total_time": 0.01646980398800224,
            "ksp_its": 1
          },
          {
            "assemble_total_time": 0.00025333999656140804,
            "setop_time": 6.309710443019867e-07,
            "set_tolerances_time": 1.0010553523898125e-06,
            "pc_setup_time": 0.012122747022658587,
            "solve_time": 0.0028343299636617303,
            "linear_total_time": 0.015212049009278417,
            "ksp_its": 1
          }
        ]
      }
    ],
    "metadata": {
      "nprocs": 16,
      "problem": {
        "name": "pLaplace2D",
        "p": 3.0,
        "rhs_f": -10.0
      },
      "linear_solver": {
        "ksp_type": "cg",
        "pc_type": "hypre",
        "ksp_rtol": 0.1,
        "ksp_max_it": 30,
        "pc_setup_on_ksp_cap": false,
        "gamg_threshold": 0.05,
        "gamg_agg_nsmooths": 1,
        "gamg_set_coordinates": true,
        "assembly_mode": "fenics",
        "assembler": "FEniCSFormAssembly",
        "distribution_strategy": "dolfinx_mesh_partition",
        "trust_subproblem_solver": "direct_linear_solve",
        "trust_subproblem_line_search": false
      },
      "newton": {
        "tolf": 0.0001,
        "tolg": 0.001,
        "tolg_rel": 0.001,
        "tolx_rel": 0.001,
        "tolx_abs": 1e-10,
        "maxit": 100,
        "require_all_convergence": true,
        "fail_on_nonfinite": true,
        "linesearch_interval": [
          -0.5,
          2.0
        ],
        "linesearch_tol": 0.1,
        "trust_region": false,
        "trust_radius_init": 1.0,
        "trust_radius_min": 1e-08,
        "trust_radius_max": 1000000.0,
        "trust_subproblem_line_search": false,
        "step_time_limit_s": null
      }
    }
  }
}
