{
  "case": {
    "problem": "plaplace",
    "backend": "fenics",
    "level": 7,
    "out": "/home/michal/repos/fenics_nonlinear_energies/artifacts/reproduction/2026-03-15_refactor_stage2b_final/full/plaplace_final_suite/fenics_custom_l7_np32.json",
    "quiet": true,
    "save_history": true,
    "save_linear_timing": true,
    "steps": 1,
    "start_step": 1,
    "total_steps": 24,
    "ksp_type": "cg",
    "pc_type": "hypre",
    "ksp_rtol": 0.1,
    "ksp_max_it": 30,
    "profile": "reference",
    "coloring_trials": 10,
    "nproc_threads": 1,
    "hvp_eval_mode": "sequential",
    "element_reorder_mode": null,
    "local_hessian_mode": null,
    "tolf": 0.0001,
    "tolg": 0.001,
    "tolg_rel": 0.001,
    "tolx_rel": 0.001,
    "tolx_abs": 1e-10,
    "maxit": 100,
    "step_time_limit_s": null,
    "linesearch_a": -0.5,
    "linesearch_b": 2.0,
    "linesearch_tol": 0.1,
    "use_trust_region": false,
    "trust_radius_init": 1.0,
    "trust_radius_min": 1e-08,
    "trust_radius_max": 1000000.0,
    "trust_shrink": 0.5,
    "trust_expand": 1.5,
    "trust_eta_shrink": 0.05,
    "trust_eta_expand": 0.75,
    "trust_max_reject": 6,
    "trust_subproblem_line_search": false,
    "local_coloring": true,
    "retry_on_failure": false,
    "pc_setup_on_ksp_cap": false,
    "use_near_nullspace": true,
    "reorder": null,
    "gamg_threshold": 0.05,
    "gamg_agg_nsmooths": 1,
    "gamg_set_coordinates": true
  },
  "result": {
    "mesh_level": 7,
    "total_dofs": 49665,
    "free_dofs": 49651,
    "setup_time": 0.182076,
    "solve_time_total": 0.300887,
    "total_time": 0.483057,
    "steps": [
      {
        "step": 1,
        "time": 0.300887,
        "nit": 6,
        "linear_iters": 11,
        "energy": -7.958292417508177,
        "message": "Converged (energy, step, gradient)",
        "attempt": "primary",
        "ksp_rtol_used": 0.1,
        "ksp_max_it_used": 30,
        "linesearch_interval_used": [
          -0.5,
          2.0
        ],
        "history": [
          {
            "it": 1,
            "energy": -5.3142367509979,
            "dE": 6.002926647469325,
            "grad_norm": 2.8763521393899256,
            "grad_target": 0.002876352139389926,
            "grad_norm_post": NaN,
            "alpha": 0.35864712030894996,
            "ksp_its": 1,
            "ls_evals": 9,
            "ls_repaired": false,
            "used_gradient_fallback": false,
            "accepted_step": true,
            "step_norm": 76.44942601645892,
            "step_rel": 59.8876716600992,
            "pred_reduction": NaN,
            "actual_reduction": NaN,
            "trust_rejects": 0,
            "t_grad": 0.000617495970800519,
            "t_hess": 0.04324071807786822,
            "t_ls": 0.003987369942478836,
            "t_update": 1.9259052351117134e-05,
            "t_iter": 0.04792547400575131,
            "trust_radius": 1.0,
            "trust_ratio": NaN,
            "trust_qp": NaN
          },
          {
            "it": 2,
            "energy": -7.615234111251677,
            "dE": 2.3009973602537777,
            "grad_norm": 6.280121919898036,
            "grad_target": 0.002876352139389926,
            "grad_norm_post": NaN,
            "alpha": 0.5840719796826351,
            "ksp_its": 2,
            "ls_evals": 9,
            "ls_repaired": false,
            "used_gradient_fallback": false,
            "accepted_step": true,
            "step_norm": 31.081022553677972,
            "step_rel": 0.41168036103831535,
            "pred_reduction": NaN,
            "actual_reduction": NaN,
            "trust_rejects": 0,
            "t_grad": 0.00043223798274993896,
            "t_hess": 0.04737724200822413,
            "t_ls": 0.003399998997338116,
            "t_update": 1.9058934412896633e-05,
            "t_iter": 0.05126545310486108,
            "trust_radius": 1.0,
            "trust_ratio": NaN,
            "trust_qp": NaN
          },
          {
            "it": 3,
            "energy": -7.939438700643519,
            "dE": 0.32420458939184194,
            "grad_norm": 2.8170996305737077,
            "grad_target": 0.002876352139389926,
            "grad_norm_post": NaN,
            "alpha": 0.9488170640584248,
            "ksp_its": 2,
            "ls_evals": 9,
            "ls_repaired": false,
            "used_gradient_fallback": false,
            "accepted_step": true,
            "step_norm": 1.9664102409806787,
            "step_rel": 0.018560104352498743,
            "pred_reduction": NaN,
            "actual_reduction": NaN,
            "trust_rejects": 0,
            "t_grad": 0.00045232789125293493,
            "t_hess": 0.048417131998576224,
            "t_ls": 0.003912889049388468,
            "t_update": 1.980992965400219e-05,
            "t_iter": 0.0528491479344666,
            "trust_radius": 1.0,
            "trust_ratio": NaN,
            "trust_qp": NaN
          },
          {
            "it": 4,
            "energy": -7.957994651177184,
            "dE": 0.01855595053366521,
            "grad_norm": 0.594717583221492,
            "grad_target": 0.002876352139389926,
            "grad_norm_post": NaN,
            "alpha": 1.088137289060528,
            "ksp_its": 2,
            "ls_evals": 9,
            "ls_repaired": false,
            "used_gradient_fallback": false,
            "accepted_step": true,
            "step_norm": 1.4386564959584174,
            "step_rel": 0.013668820599644844,
            "pred_reduction": NaN,
            "actual_reduction": NaN,
            "trust_rejects": 0,
            "t_grad": 0.0005827340064570308,
            "t_hess": 0.04550458304584026,
            "t_ls": 0.0041367640951648355,
            "t_update": 1.8608057871460915e-05,
            "t_iter": 0.0502971310634166,
            "trust_radius": 1.0,
            "trust_ratio": NaN,
            "trust_qp": NaN
          },
          {
            "it": 5,
            "energy": -7.958290686659087,
            "dE": 0.00029603548190237916,
            "grad_norm": 0.06059629701058764,
            "grad_target": 0.002876352139389926,
            "grad_norm_post": NaN,
            "alpha": 1.088137289060528,
            "ksp_its": 2,
            "ls_evals": 9,
            "ls_repaired": false,
            "used_gradient_fallback": false,
            "accepted_step": true,
            "step_norm": 0.060038336812644616,
            "step_rel": 0.0005781477383814463,
            "pred_reduction": NaN,
            "actual_reduction": NaN,
            "trust_rejects": 0,
            "t_grad": 0.0006004610331729054,
            "t_hess": 0.044931804994121194,
            "t_ls": 0.004143764032050967,
            "t_update": 1.9139028154313564e-05,
            "t_iter": 0.04975072108209133,
            "trust_radius": 1.0,
            "trust_ratio": NaN,
            "trust_qp": NaN
          },
          {
            "it": 6,
            "energy": -7.958292417508177,
            "dE": 1.7308490898315654e-06,
            "grad_norm": 0.003860150633925333,
            "grad_target": 0.002876352139389926,
            "grad_norm_post": 9.676637999563743e-05,
            "alpha": 1.002032654688946,
            "ksp_its": 2,
            "ls_evals": 9,
            "ls_repaired": false,
            "used_gradient_fallback": false,
            "accepted_step": true,
            "step_norm": 0.00549879605029934,
            "step_rel": 5.292653039918409e-05,
            "pred_reduction": NaN,
            "actual_reduction": NaN,
            "trust_rejects": 0,
            "t_grad": 0.00043240911327302456,
            "t_hess": 0.043145835981704295,
            "t_ls": 0.0035329180536791682,
            "t_update": 2.0941020920872688e-05,
            "t_iter": 0.04716619604732841,
            "trust_radius": 1.0,
            "trust_ratio": NaN,
            "trust_qp": NaN
          }
        ],
        "linear_timing": [
          {
            "assemble_total_time": 0.00144327396992594,
            "setop_time": 1.6619451344013214e-06,
            "set_tolerances_time": 1.552049070596695e-06,
            "pc_setup_time": 0.03417560295201838,
            "solve_time": 0.007445435039699078,
            "linear_total_time": 0.043067525955848396,
            "ksp_its": 1
          },
          {
            "assemble_total_time": 0.0009780069813132286,
            "setop_time": 1.5620607882738113e-06,
            "set_tolerances_time": 2.193031832575798e-06,
            "pc_setup_time": 0.03527688409667462,
            "solve_time": 0.010975779965519905,
            "linear_total_time": 0.047234426136128604,
            "ksp_its": 2
          },
          {
            "assemble_total_time": 0.0009517569560557604,
            "setop_time": 1.2420350685715675e-06,
            "set_tolerances_time": 1.6320263966917992e-06,
            "pc_setup_time": 0.03503950894810259,
            "solve_time": 0.012272824998944998,
            "linear_total_time": 0.048266964964568615,
            "ksp_its": 2
          },
          {
            "assemble_total_time": 0.0013495039893314242,
            "setop_time": 1.3320241123437881e-06,
            "set_tolerances_time": 1.6720732674002647e-06,
            "pc_setup_time": 0.03310772206168622,
            "solve_time": 0.010841539013199508,
            "linear_total_time": 0.045301769161596894,
            "ksp_its": 2
          },
          {
            "assemble_total_time": 0.0013964440440759063,
            "setop_time": 1.3720709830522537e-06,
            "set_tolerances_time": 1.7629936337471008e-06,
            "pc_setup_time": 0.03165335999801755,
            "solve_time": 0.011672816006466746,
            "linear_total_time": 0.044725755113177,
            "ksp_its": 2
          },
          {
            "assemble_total_time": 0.0009614020818844438,
            "setop_time": 1.2919772416353226e-06,
            "set_tolerances_time": 2.0330771803855896e-06,
            "pc_setup_time": 0.031779670040123165,
            "solve_time": 0.010251883999444544,
            "linear_total_time": 0.042996281175874174,
            "ksp_its": 2
          }
        ]
      }
    ],
    "metadata": {
      "nprocs": 32,
      "problem": {
        "name": "pLaplace2D",
        "p": 3.0,
        "rhs_f": -10.0
      },
      "linear_solver": {
        "ksp_type": "cg",
        "pc_type": "hypre",
        "ksp_rtol": 0.1,
        "ksp_max_it": 30,
        "pc_setup_on_ksp_cap": false,
        "gamg_threshold": 0.05,
        "gamg_agg_nsmooths": 1,
        "gamg_set_coordinates": true,
        "assembly_mode": "fenics",
        "assembler": "FEniCSFormAssembly",
        "distribution_strategy": "dolfinx_mesh_partition",
        "trust_subproblem_solver": "direct_linear_solve",
        "trust_subproblem_line_search": false
      },
      "newton": {
        "tolf": 0.0001,
        "tolg": 0.001,
        "tolg_rel": 0.001,
        "tolx_rel": 0.001,
        "tolx_abs": 1e-10,
        "maxit": 100,
        "require_all_convergence": true,
        "fail_on_nonfinite": true,
        "linesearch_interval": [
          -0.5,
          2.0
        ],
        "linesearch_tol": 0.1,
        "trust_region": false,
        "trust_radius_init": 1.0,
        "trust_radius_min": 1e-08,
        "trust_radius_max": 1000000.0,
        "trust_subproblem_line_search": false,
        "step_time_limit_s": null
      }
    }
  }
}
