{
  "case": {
    "problem": "plaplace",
    "backend": "fenics",
    "level": 6,
    "out": "/home/michal/repos/fenics_nonlinear_energies/artifacts/reproduction/2026-03-15_refactor_stage2b_final/full/plaplace_final_suite/fenics_custom_l6_np32.json",
    "quiet": true,
    "save_history": true,
    "save_linear_timing": true,
    "steps": 1,
    "start_step": 1,
    "total_steps": 24,
    "ksp_type": "cg",
    "pc_type": "hypre",
    "ksp_rtol": 0.1,
    "ksp_max_it": 30,
    "profile": "reference",
    "coloring_trials": 10,
    "nproc_threads": 1,
    "hvp_eval_mode": "sequential",
    "element_reorder_mode": null,
    "local_hessian_mode": null,
    "tolf": 0.0001,
    "tolg": 0.001,
    "tolg_rel": 0.001,
    "tolx_rel": 0.001,
    "tolx_abs": 1e-10,
    "maxit": 100,
    "step_time_limit_s": null,
    "linesearch_a": -0.5,
    "linesearch_b": 2.0,
    "linesearch_tol": 0.1,
    "use_trust_region": false,
    "trust_radius_init": 1.0,
    "trust_radius_min": 1e-08,
    "trust_radius_max": 1000000.0,
    "trust_shrink": 0.5,
    "trust_expand": 1.5,
    "trust_eta_shrink": 0.05,
    "trust_eta_expand": 0.75,
    "trust_max_reject": 6,
    "trust_subproblem_line_search": false,
    "local_coloring": true,
    "retry_on_failure": false,
    "pc_setup_on_ksp_cap": false,
    "use_near_nullspace": true,
    "reorder": null,
    "gamg_threshold": 0.05,
    "gamg_agg_nsmooths": 1,
    "gamg_set_coordinates": true
  },
  "result": {
    "mesh_level": 6,
    "total_dofs": 12545,
    "free_dofs": 12545,
    "setup_time": 0.061775,
    "solve_time_total": 0.18444,
    "total_time": 0.246298,
    "steps": [
      {
        "step": 1,
        "time": 0.18444,
        "nit": 5,
        "linear_iters": 8,
        "energy": -7.954563527981824,
        "message": "Converged (energy, step, gradient)",
        "attempt": "primary",
        "ksp_rtol_used": 0.1,
        "ksp_max_it_used": 30,
        "linesearch_interval_used": [
          -0.5,
          2.0
        ],
        "history": [
          {
            "it": 1,
            "energy": -5.770729945565657,
            "dE": 5.98367380459879,
            "grad_norm": 0.7721474408953685,
            "grad_target": 0.001,
            "grad_norm_post": NaN,
            "alpha": 0.18643785156578707,
            "ksp_its": 1,
            "ls_evals": 9,
            "ls_repaired": false,
            "used_gradient_fallback": false,
            "accepted_step": true,
            "step_norm": 39.46704359911364,
            "step_rel": 39.46704359911364,
            "pred_reduction": NaN,
            "actual_reduction": NaN,
            "trust_rejects": 0,
            "t_grad": 0.0004440959310159087,
            "t_hess": 0.035815796931274235,
            "t_ls": 0.001837595016695559,
            "t_update": 1.9469065591692924e-05,
            "t_iter": 0.03818328701891005,
            "trust_radius": 1.0,
            "trust_ratio": NaN,
            "trust_qp": NaN
          },
          {
            "it": 2,
            "energy": -7.678258465326813,
            "dE": 1.907528519761156,
            "grad_norm": 5.763128749339651,
            "grad_target": 0.001,
            "grad_norm_post": NaN,
            "alpha": 0.551182935941576,
            "ksp_its": 2,
            "ls_evals": 9,
            "ls_repaired": false,
            "used_gradient_fallback": false,
            "accepted_step": true,
            "step_norm": 13.781487346003113,
            "step_rel": 0.353371600224375,
            "pred_reduction": NaN,
            "actual_reduction": NaN,
            "trust_rejects": 0,
            "t_grad": 0.00026580807752907276,
            "t_hess": 0.03382091608364135,
            "t_ls": 0.0023553220089524984,
            "t_update": 2.6589957997202873e-05,
            "t_iter": 0.0365217860089615,
            "trust_radius": 1.0,
            "trust_ratio": NaN,
            "trust_qp": NaN
          },
          {
            "it": 3,
            "energy": -7.949452927226093,
            "dE": 0.2711944618992801,
            "grad_norm": 2.655248534428602,
            "grad_target": 0.001,
            "grad_norm_post": NaN,
            "alpha": 1.088137289060528,
            "ksp_its": 1,
            "ls_evals": 9,
            "ls_repaired": false,
            "used_gradient_fallback": false,
            "accepted_step": true,
            "step_norm": 0.554129025175497,
            "step_rel": 0.01058897938305313,
            "pred_reduction": NaN,
            "actual_reduction": NaN,
            "trust_rejects": 0,
            "t_grad": 0.0003681420348584652,
            "t_hess": 0.03379128209780902,
            "t_ls": 0.0018210309790447354,
            "t_update": 1.9789906218647957e-05,
            "t_iter": 0.03603255201596767,
            "trust_radius": 1.0,
            "trust_ratio": NaN,
            "trust_qp": NaN
          },
          {
            "it": 4,
            "energy": -7.954521273376884,
            "dE": 0.005068346150791214,
            "grad_norm": 0.2667442623430872,
            "grad_target": 0.001,
            "grad_norm_post": NaN,
            "alpha": 1.088137289060528,
            "ksp_its": 2,
            "ls_evals": 9,
            "ls_repaired": false,
            "used_gradient_fallback": false,
            "accepted_step": true,
            "step_norm": 0.48035139691564327,
            "step_rel": 0.009171973275927288,
            "pred_reduction": NaN,
            "actual_reduction": NaN,
            "trust_rejects": 0,
            "t_grad": 0.0002413520123809576,
            "t_hess": 0.03254458191804588,
            "t_ls": 0.0017597689293324947,
            "t_update": 1.945893745869398e-05,
            "t_iter": 0.03459648892749101,
            "trust_radius": 1.0,
            "trust_ratio": NaN,
            "trust_qp": NaN
          },
          {
            "it": 5,
            "energy": -7.954563527981824,
            "dE": 4.225460493945121e-05,
            "grad_norm": 0.021001464237571217,
            "grad_target": 0.001,
            "grad_norm_post": 0.0007643401340765685,
            "alpha": 1.0552482453194671,
            "ksp_its": 2,
            "ls_evals": 9,
            "ls_repaired": false,
            "used_gradient_fallback": false,
            "accepted_step": true,
            "step_norm": 0.031236831232044127,
            "step_rel": 0.0006018401333108579,
            "pred_reduction": NaN,
            "actual_reduction": NaN,
            "trust_rejects": 0,
            "t_grad": 0.00024571793619543314,
            "t_hess": 0.03499754995573312,
            "t_ls": 0.00231729494407773,
            "t_update": 2.6399968191981316e-05,
            "t_iter": 0.03763492498546839,
            "trust_radius": 1.0,
            "trust_ratio": NaN,
            "trust_qp": NaN
          }
        ],
        "linear_timing": [
          {
            "assemble_total_time": 0.0012005300959572196,
            "setop_time": 1.2619420886039734e-06,
            "set_tolerances_time": 1.2119999155402184e-06,
            "pc_setup_time": 0.026908470084890723,
            "solve_time": 0.007467648014426231,
            "linear_total_time": 0.03557912213727832,
            "ksp_its": 1
          },
          {
            "assemble_total_time": 0.00042655994184315205,
            "setop_time": 8.909264579415321e-07,
            "set_tolerances_time": 1.2720702216029167e-06,
            "pc_setup_time": 0.022714281920343637,
            "solve_time": 0.01048477296717465,
            "linear_total_time": 0.03362777782604098,
            "ksp_its": 2
          },
          {
            "assemble_total_time": 0.00046125100925564766,
            "setop_time": 7.009366527199745e-07,
            "set_tolerances_time": 9.709037840366364e-07,
            "pc_setup_time": 0.025397514924407005,
            "solve_time": 0.007726436015218496,
            "linear_total_time": 0.033586873789317906,
            "ksp_its": 1
          },
          {
            "assemble_total_time": 0.0004350829403847456,
            "setop_time": 6.509944796562195e-07,
            "set_tolerances_time": 9.010545909404755e-07,
            "pc_setup_time": 0.02532735001295805,
            "solve_time": 0.006646657013334334,
            "linear_total_time": 0.032410642015747726,
            "ksp_its": 2
          },
          {
            "assemble_total_time": 0.0005176659906283021,
            "setop_time": 7.010530680418015e-07,
            "set_tolerances_time": 1.0209623724222183e-06,
            "pc_setup_time": 0.026982240960933268,
            "solve_time": 0.00732408300973475,
            "linear_total_time": 0.034825711976736784,
            "ksp_its": 2
          }
        ]
      }
    ],
    "metadata": {
      "nprocs": 32,
      "problem": {
        "name": "pLaplace2D",
        "p": 3.0,
        "rhs_f": -10.0
      },
      "linear_solver": {
        "ksp_type": "cg",
        "pc_type": "hypre",
        "ksp_rtol": 0.1,
        "ksp_max_it": 30,
        "pc_setup_on_ksp_cap": false,
        "gamg_threshold": 0.05,
        "gamg_agg_nsmooths": 1,
        "gamg_set_coordinates": true,
        "assembly_mode": "fenics",
        "assembler": "FEniCSFormAssembly",
        "distribution_strategy": "dolfinx_mesh_partition",
        "trust_subproblem_solver": "direct_linear_solve",
        "trust_subproblem_line_search": false
      },
      "newton": {
        "tolf": 0.0001,
        "tolg": 0.001,
        "tolg_rel": 0.001,
        "tolx_rel": 0.001,
        "tolx_abs": 1e-10,
        "maxit": 100,
        "require_all_convergence": true,
        "fail_on_nonfinite": true,
        "linesearch_interval": [
          -0.5,
          2.0
        ],
        "linesearch_tol": 0.1,
        "trust_region": false,
        "trust_radius_init": 1.0,
        "trust_radius_min": 1e-08,
        "trust_radius_max": 1000000.0,
        "trust_subproblem_line_search": false,
        "step_time_limit_s": null
      }
    }
  }
}
