{
  "case": {
    "problem": "plaplace",
    "backend": "fenics",
    "level": 7,
    "out": "/home/michal/repos/fenics_nonlinear_energies/artifacts/reproduction/2026-03-15_refactor_stage2b_final/full/plaplace_final_suite/fenics_custom_l7_np4.json",
    "quiet": true,
    "save_history": true,
    "save_linear_timing": true,
    "steps": 1,
    "start_step": 1,
    "total_steps": 24,
    "ksp_type": "cg",
    "pc_type": "hypre",
    "ksp_rtol": 0.1,
    "ksp_max_it": 30,
    "profile": "reference",
    "coloring_trials": 10,
    "nproc_threads": 1,
    "hvp_eval_mode": "sequential",
    "element_reorder_mode": null,
    "local_hessian_mode": null,
    "tolf": 0.0001,
    "tolg": 0.001,
    "tolg_rel": 0.001,
    "tolx_rel": 0.001,
    "tolx_abs": 1e-10,
    "maxit": 100,
    "step_time_limit_s": null,
    "linesearch_a": -0.5,
    "linesearch_b": 2.0,
    "linesearch_tol": 0.1,
    "use_trust_region": false,
    "trust_radius_init": 1.0,
    "trust_radius_min": 1e-08,
    "trust_radius_max": 1000000.0,
    "trust_shrink": 0.5,
    "trust_expand": 1.5,
    "trust_eta_shrink": 0.05,
    "trust_eta_expand": 0.75,
    "trust_max_reject": 6,
    "trust_subproblem_line_search": false,
    "local_coloring": true,
    "retry_on_failure": false,
    "pc_setup_on_ksp_cap": false,
    "use_near_nullspace": true,
    "reorder": null,
    "gamg_threshold": 0.05,
    "gamg_agg_nsmooths": 1,
    "gamg_set_coordinates": true
  },
  "result": {
    "mesh_level": 7,
    "total_dofs": 49665,
    "free_dofs": 49353,
    "setup_time": 0.169578,
    "solve_time_total": 0.354399,
    "total_time": 0.524053,
    "steps": [
      {
        "step": 1,
        "time": 0.354399,
        "nit": 6,
        "linear_iters": 11,
        "energy": -7.958292392979219,
        "message": "Converged (energy, step, gradient)",
        "attempt": "primary",
        "ksp_rtol_used": 0.1,
        "ksp_max_it_used": 30,
        "linesearch_interval_used": [
          -0.5,
          2.0
        ],
        "history": [
          {
            "it": 1,
            "energy": -5.363979009298428,
            "dE": 6.029233505936779,
            "grad_norm": 2.8004807398962748,
            "grad_target": 0.002800480739896275,
            "grad_norm_post": NaN,
            "alpha": 0.35864712030894996,
            "ksp_its": 1,
            "ls_evals": 9,
            "ls_repaired": false,
            "used_gradient_fallback": false,
            "accepted_step": true,
            "step_norm": 77.47391095869949,
            "step_rel": 61.24139792116551,
            "pred_reduction": NaN,
            "actual_reduction": NaN,
            "trust_rejects": 0,
            "t_grad": 0.0021873200312256813,
            "t_hess": 0.04092620394658297,
            "t_ls": 0.017598619917407632,
            "t_update": 1.3760058209300041e-05,
            "t_iter": 0.06078285106923431,
            "trust_radius": 1.0,
            "trust_ratio": NaN,
            "trust_qp": NaN
          },
          {
            "it": 2,
            "energy": -7.618954580169712,
            "dE": 2.2549755708712835,
            "grad_norm": 6.209906439393512,
            "grad_target": 0.002800480739896275,
            "grad_norm_post": NaN,
            "alpha": 0.5840719796826351,
            "ksp_its": 2,
            "ls_evals": 9,
            "ls_repaired": false,
            "used_gradient_fallback": false,
            "accepted_step": true,
            "step_norm": 29.94032660851975,
            "step_rel": 0.39122723624449973,
            "pred_reduction": NaN,
            "actual_reduction": NaN,
            "trust_rejects": 0,
            "t_grad": 0.002061170991510153,
            "t_hess": 0.039784430991858244,
            "t_ls": 0.017495337058790028,
            "t_update": 1.3360055163502693e-05,
            "t_iter": 0.0594001580029726,
            "trust_radius": 1.0,
            "trust_ratio": NaN,
            "trust_qp": NaN
          },
          {
            "it": 3,
            "energy": -7.940303844683108,
            "dE": 0.32134926451339574,
            "grad_norm": 2.7390686763825305,
            "grad_target": 0.002800480739896275,
            "grad_norm_post": NaN,
            "alpha": 0.9488170640584248,
            "ksp_its": 2,
            "ls_evals": 9,
            "ls_repaired": false,
            "used_gradient_fallback": false,
            "accepted_step": true,
            "step_norm": 1.9189612433982646,
            "step_rel": 0.018132460330418473,
            "pred_reduction": NaN,
            "actual_reduction": NaN,
            "trust_rejects": 0,
            "t_grad": 0.0020467190770432353,
            "t_hess": 0.037549519911408424,
            "t_ls": 0.017354374984279275,
            "t_update": 1.2820004485547543e-05,
            "t_iter": 0.057007958996109664,
            "trust_radius": 1.0,
            "trust_ratio": NaN,
            "trust_qp": NaN
          },
          {
            "it": 4,
            "energy": -7.958005311125781,
            "dE": 0.017701466442673564,
            "grad_norm": 0.5486324143996852,
            "grad_target": 0.002800480739896275,
            "grad_norm_post": NaN,
            "alpha": 1.0552482453194671,
            "ksp_its": 2,
            "ls_evals": 9,
            "ls_repaired": false,
            "used_gradient_fallback": false,
            "accepted_step": true,
            "step_norm": 1.3649773896699822,
            "step_rel": 0.012972872807195156,
            "pred_reduction": NaN,
            "actual_reduction": NaN,
            "trust_rejects": 0,
            "t_grad": 0.002046037930995226,
            "t_hess": 0.038758612936362624,
            "t_ls": 0.01739602698944509,
            "t_update": 1.3810931704938412e-05,
            "t_iter": 0.05825774499680847,
            "trust_radius": 1.0,
            "trust_ratio": NaN,
            "trust_qp": NaN
          },
          {
            "it": 5,
            "energy": -7.95828878166211,
            "dE": 0.00028347053632860053,
            "grad_norm": 0.05602790770388307,
            "grad_target": 0.002800480739896275,
            "grad_norm_post": NaN,
            "alpha": 1.088137289060528,
            "ksp_its": 2,
            "ls_evals": 9,
            "ls_repaired": false,
            "used_gradient_fallback": false,
            "accepted_step": true,
            "step_norm": 0.04100532551604443,
            "step_rel": 0.00039470032413760125,
            "pred_reduction": NaN,
            "actual_reduction": NaN,
            "trust_rejects": 0,
            "t_grad": 0.002050435054115951,
            "t_hess": 0.03816603496670723,
            "t_ls": 0.01729844103101641,
            "t_update": 1.3230019249022007e-05,
            "t_iter": 0.05757289694156498,
            "trust_radius": 1.0,
            "trust_ratio": NaN,
            "trust_qp": NaN
          },
          {
            "it": 6,
            "energy": -7.958292392979219,
            "dE": 3.6113171093532515e-06,
            "grad_norm": 0.004809698001924237,
            "grad_target": 0.002800480739896275,
            "grad_norm_post": 0.00034077632631561883,
            "alpha": 1.088137289060528,
            "ksp_its": 2,
            "ls_evals": 9,
            "ls_repaired": false,
            "used_gradient_fallback": false,
            "accepted_step": true,
            "step_norm": 0.00397775820413895,
            "step_rel": 3.8287587571992134e-05,
            "pred_reduction": NaN,
            "actual_reduction": NaN,
            "trust_rejects": 0,
            "t_grad": 0.0020409710705280304,
            "t_hess": 0.0378865459933877,
            "t_ls": 0.0172879850724712,
            "t_update": 2.033100463449955e-05,
            "t_iter": 0.057273308048024774,
            "trust_radius": 1.0,
            "trust_ratio": NaN,
            "trust_qp": NaN
          }
        ],
        "linear_timing": [
          {
            "assemble_total_time": 0.007113878964446485,
            "setop_time": 1.6229460015892982e-06,
            "set_tolerances_time": 2.0029256120324135e-06,
            "pc_setup_time": 0.028092398075386882,
            "solve_time": 0.005599195952527225,
            "linear_total_time": 0.040809098863974214,
            "ksp_its": 1
          },
          {
            "assemble_total_time": 0.006317332969047129,
            "setop_time": 1.4819670468568802e-06,
            "set_tolerances_time": 2.0029256120324135e-06,
            "pc_setup_time": 0.024899820098653436,
            "solve_time": 0.008456670911982656,
            "linear_total_time": 0.03967730887234211,
            "ksp_its": 2
          },
          {
            "assemble_total_time": 0.006299447035416961,
            "setop_time": 1.141102984547615e-06,
            "set_tolerances_time": 1.4730030670762062e-06,
            "pc_setup_time": 0.02306864398997277,
            "solve_time": 0.008077242993749678,
            "linear_total_time": 0.03744794812519103,
            "ksp_its": 2
          },
          {
            "assemble_total_time": 0.006281579961068928,
            "setop_time": 1.401989720761776e-06,
            "set_tolerances_time": 1.4620600268244743e-06,
            "pc_setup_time": 0.024057346978224814,
            "solve_time": 0.008316471939906478,
            "linear_total_time": 0.038658262928947806,
            "ksp_its": 2
          },
          {
            "assemble_total_time": 0.006273707957006991,
            "setop_time": 1.252046786248684e-06,
            "set_tolerances_time": 1.6529811546206474e-06,
            "pc_setup_time": 0.023340151994489133,
            "solve_time": 0.008447899017482996,
            "linear_total_time": 0.03806466399691999,
            "ksp_its": 2
          },
          {
            "assemble_total_time": 0.006279165972955525,
            "setop_time": 1.4719553291797638e-06,
            "set_tolerances_time": 1.552049070596695e-06,
            "pc_setup_time": 0.023127623018808663,
            "solve_time": 0.008378054015338421,
            "linear_total_time": 0.037787867011502385,
            "ksp_its": 2
          }
        ]
      }
    ],
    "metadata": {
      "nprocs": 4,
      "problem": {
        "name": "pLaplace2D",
        "p": 3.0,
        "rhs_f": -10.0
      },
      "linear_solver": {
        "ksp_type": "cg",
        "pc_type": "hypre",
        "ksp_rtol": 0.1,
        "ksp_max_it": 30,
        "pc_setup_on_ksp_cap": false,
        "gamg_threshold": 0.05,
        "gamg_agg_nsmooths": 1,
        "gamg_set_coordinates": true,
        "assembly_mode": "fenics",
        "assembler": "FEniCSFormAssembly",
        "distribution_strategy": "dolfinx_mesh_partition",
        "trust_subproblem_solver": "direct_linear_solve",
        "trust_subproblem_line_search": false
      },
      "newton": {
        "tolf": 0.0001,
        "tolg": 0.001,
        "tolg_rel": 0.001,
        "tolx_rel": 0.001,
        "tolx_abs": 1e-10,
        "maxit": 100,
        "require_all_convergence": true,
        "fail_on_nonfinite": true,
        "linesearch_interval": [
          -0.5,
          2.0
        ],
        "linesearch_tol": 0.1,
        "trust_region": false,
        "trust_radius_init": 1.0,
        "trust_radius_min": 1e-08,
        "trust_radius_max": 1000000.0,
        "trust_subproblem_line_search": false,
        "step_time_limit_s": null
      }
    }
  }
}
