{
  "case": {
    "problem": "plaplace",
    "backend": "fenics",
    "level": 8,
    "out": "/home/michal/repos/fenics_nonlinear_energies/artifacts/reproduction/2026-03-15_refactor_stage2b_final/full/plaplace_final_suite/fenics_custom_l8_np16.json",
    "quiet": true,
    "save_history": true,
    "save_linear_timing": true,
    "steps": 1,
    "start_step": 1,
    "total_steps": 24,
    "ksp_type": "cg",
    "pc_type": "hypre",
    "ksp_rtol": 0.1,
    "ksp_max_it": 30,
    "profile": "reference",
    "coloring_trials": 10,
    "nproc_threads": 1,
    "hvp_eval_mode": "sequential",
    "element_reorder_mode": null,
    "local_hessian_mode": null,
    "tolf": 0.0001,
    "tolg": 0.001,
    "tolg_rel": 0.001,
    "tolx_rel": 0.001,
    "tolx_abs": 1e-10,
    "maxit": 100,
    "step_time_limit_s": null,
    "linesearch_a": -0.5,
    "linesearch_b": 2.0,
    "linesearch_tol": 0.1,
    "use_trust_region": false,
    "trust_radius_init": 1.0,
    "trust_radius_min": 1e-08,
    "trust_radius_max": 1000000.0,
    "trust_shrink": 0.5,
    "trust_expand": 1.5,
    "trust_eta_shrink": 0.05,
    "trust_eta_expand": 0.75,
    "trust_max_reject": 6,
    "trust_subproblem_line_search": false,
    "local_coloring": true,
    "retry_on_failure": false,
    "pc_setup_on_ksp_cap": false,
    "use_near_nullspace": true,
    "reorder": null,
    "gamg_threshold": 0.05,
    "gamg_agg_nsmooths": 1,
    "gamg_set_coordinates": true
  },
  "result": {
    "mesh_level": 8,
    "total_dofs": 197633,
    "free_dofs": 197492,
    "setup_time": 0.585702,
    "solve_time_total": 0.500686,
    "total_time": 1.086472,
    "steps": [
      {
        "step": 1,
        "time": 0.500686,
        "nit": 6,
        "linear_iters": 12,
        "energy": -7.959556229536042,
        "message": "Converged (energy, step, gradient)",
        "attempt": "primary",
        "ksp_rtol_used": 0.1,
        "ksp_max_it_used": 30,
        "linesearch_interval_used": [
          -0.5,
          2.0
        ],
        "history": [
          {
            "it": 1,
            "energy": -3.977912607946583,
            "dE": 8.280404423474579,
            "grad_norm": 11.252993014444964,
            "grad_target": 0.011252993014444965,
            "grad_norm_post": NaN,
            "alpha": 0.7766077953152611,
            "ksp_its": 2,
            "ls_evals": 9,
            "ls_repaired": false,
            "used_gradient_fallback": false,
            "accepted_step": true,
            "step_norm": 173.67461451097532,
            "step_rel": 68.43419419921322,
            "pred_reduction": NaN,
            "actual_reduction": NaN,
            "trust_rejects": 0,
            "t_grad": 0.0023408510023728013,
            "t_hess": 0.06647047901060432,
            "t_ls": 0.018394510028883815,
            "t_update": 2.187304198741913e-05,
            "t_iter": 0.0873103670310229,
            "trust_radius": 1.0,
            "trust_ratio": NaN,
            "trust_qp": NaN
          },
          {
            "it": 2,
            "energy": -7.350875909421083,
            "dE": 3.3729633014744995,
            "grad_norm": 9.276936260501202,
            "grad_target": 0.011252993014444965,
            "grad_norm_post": NaN,
            "alpha": 0.8094968390563215,
            "ksp_its": 2,
            "ls_evals": 9,
            "ls_repaired": false,
            "used_gradient_fallback": false,
            "accepted_step": true,
            "step_norm": 53.071007240088946,
            "step_rel": 0.3089338985379195,
            "pred_reduction": NaN,
            "actual_reduction": NaN,
            "trust_rejects": 0,
            "t_grad": 0.002288362942636013,
            "t_hess": 0.061668506008572876,
            "t_ls": 0.018266948987729847,
            "t_update": 1.856801100075245e-05,
            "t_iter": 0.08231882005929947,
            "trust_radius": 1.0,
            "trust_ratio": NaN,
            "trust_qp": NaN
          },
          {
            "it": 3,
            "energy": -7.92733502698214,
            "dE": 0.5764591175610576,
            "grad_norm": 3.224605392782172,
            "grad_target": 0.011252993014444965,
            "grad_norm_post": NaN,
            "alpha": 1.002032654688946,
            "ksp_its": 2,
            "ls_evals": 9,
            "ls_repaired": false,
            "used_gradient_fallback": false,
            "accepted_step": true,
            "step_norm": 12.751041535186406,
            "step_rel": 0.05702251606372696,
            "pred_reduction": NaN,
            "actual_reduction": NaN,
            "trust_rejects": 0,
            "t_grad": 0.002228252007625997,
            "t_hess": 0.059529979014769197,
            "t_ls": 0.018152817036025226,
            "t_update": 1.90479913726449e-05,
            "t_iter": 0.08000502898357809,
            "trust_radius": 1.0,
            "trust_ratio": NaN,
            "trust_qp": NaN
          },
          {
            "it": 4,
            "energy": -7.958746851787156,
            "dE": 0.0314118248050157,
            "grad_norm": 0.6844283362893167,
            "grad_target": 0.011252993014444965,
            "grad_norm_post": NaN,
            "alpha": 1.0552482453194671,
            "ksp_its": 2,
            "ls_evals": 9,
            "ls_repaired": false,
            "used_gradient_fallback": false,
            "accepted_step": true,
            "step_norm": 4.3087587125028435,
            "step_rel": 0.02032077056749283,
            "pred_reduction": NaN,
            "actual_reduction": NaN,
            "trust_rejects": 0,
            "t_grad": 0.0023318970343098044,
            "t_hess": 0.06005578802432865,
            "t_ls": 0.018162332009524107,
            "t_update": 1.933902967721224e-05,
            "t_iter": 0.080644087982364,
            "trust_radius": 1.0,
            "trust_ratio": NaN,
            "trust_qp": NaN
          },
          {
            "it": 5,
            "energy": -7.959539676090797,
            "dE": 0.0007928243036410265,
            "grad_norm": 0.09928927246133608,
            "grad_target": 0.011252993014444965,
            "grad_norm_post": NaN,
            "alpha": 1.088137289060528,
            "ksp_its": 2,
            "ls_evals": 9,
            "ls_repaired": false,
            "used_gradient_fallback": false,
            "accepted_step": true,
            "step_norm": 0.13968652089502134,
            "step_rel": 0.0006720979166858162,
            "pred_reduction": NaN,
            "actual_reduction": NaN,
            "trust_rejects": 0,
            "t_grad": 0.002290736068971455,
            "t_hess": 0.06048540200572461,
            "t_ls": 0.020226096967235208,
            "t_update": 1.7996993847191334e-05,
            "t_iter": 0.08309654600452632,
            "trust_radius": 1.0,
            "trust_ratio": NaN,
            "trust_qp": NaN
          },
          {
            "it": 6,
            "energy": -7.959556229536042,
            "dE": 1.6553445244760212e-05,
            "grad_norm": 0.011850968807321859,
            "grad_target": 0.011252993014444965,
            "grad_norm_post": 0.0006893316125209268,
            "alpha": 1.088137289060528,
            "ksp_its": 2,
            "ls_evals": 9,
            "ls_repaired": false,
            "used_gradient_fallback": false,
            "accepted_step": true,
            "step_norm": 0.014671106402787624,
            "step_rel": 7.059854544652118e-05,
            "pred_reduction": NaN,
            "actual_reduction": NaN,
            "trust_rejects": 0,
            "t_grad": 0.0021213419968262315,
            "t_hess": 0.06238230795133859,
            "t_ls": 0.018262841971591115,
            "t_update": 1.8017017282545567e-05,
            "t_iter": 0.08286093303468078,
            "trust_radius": 1.0,
            "trust_ratio": NaN,
            "trust_qp": NaN
          }
        ],
        "linear_timing": [
          {
            "assemble_total_time": 0.00739080598577857,
            "setop_time": 5.337991751730442e-06,
            "set_tolerances_time": 2.362998202443123e-06,
            "pc_setup_time": 0.043920825934037566,
            "solve_time": 0.014982242020778358,
            "linear_total_time": 0.06630157493054867,
            "ksp_its": 2
          },
          {
            "assemble_total_time": 0.006513989996165037,
            "setop_time": 1.962995156645775e-06,
            "set_tolerances_time": 2.1730083972215652e-06,
            "pc_setup_time": 0.04019426798913628,
            "solve_time": 0.014789652894251049,
            "linear_total_time": 0.06150204688310623,
            "ksp_its": 2
          },
          {
            "assemble_total_time": 0.006941330968402326,
            "setop_time": 1.5730038285255432e-06,
            "set_tolerances_time": 1.9330764189362526e-06,
            "pc_setup_time": 0.038177973008714616,
            "solve_time": 0.014245206955820322,
            "linear_total_time": 0.059368017013184726,
            "ksp_its": 2
          },
          {
            "assemble_total_time": 0.0064939099829643965,
            "setop_time": 1.7529819160699844e-06,
            "set_tolerances_time": 1.7029233276844025e-06,
            "pc_setup_time": 0.03914930997416377,
            "solve_time": 0.014238666975870728,
            "linear_total_time": 0.05988534283824265,
            "ksp_its": 2
          },
          {
            "assemble_total_time": 0.006491316016763449,
            "setop_time": 1.301988959312439e-06,
            "set_tolerances_time": 2.042972482740879e-06,
            "pc_setup_time": 0.03942978102713823,
            "solve_time": 0.014392778044566512,
            "linear_total_time": 0.06031722004991025,
            "ksp_its": 2
          },
          {
            "assemble_total_time": 0.006487170001491904,
            "setop_time": 1.8030405044555664e-06,
            "set_tolerances_time": 1.7120037227869034e-06,
            "pc_setup_time": 0.04085484892129898,
            "solve_time": 0.014867739984765649,
            "linear_total_time": 0.062213273951783776,
            "ksp_its": 2
          }
        ]
      }
    ],
    "metadata": {
      "nprocs": 16,
      "problem": {
        "name": "pLaplace2D",
        "p": 3.0,
        "rhs_f": -10.0
      },
      "linear_solver": {
        "ksp_type": "cg",
        "pc_type": "hypre",
        "ksp_rtol": 0.1,
        "ksp_max_it": 30,
        "pc_setup_on_ksp_cap": false,
        "gamg_threshold": 0.05,
        "gamg_agg_nsmooths": 1,
        "gamg_set_coordinates": true,
        "assembly_mode": "fenics",
        "assembler": "FEniCSFormAssembly",
        "distribution_strategy": "dolfinx_mesh_partition",
        "trust_subproblem_solver": "direct_linear_solve",
        "trust_subproblem_line_search": false
      },
      "newton": {
        "tolf": 0.0001,
        "tolg": 0.001,
        "tolg_rel": 0.001,
        "tolx_rel": 0.001,
        "tolx_abs": 1e-10,
        "maxit": 100,
        "require_all_convergence": true,
        "fail_on_nonfinite": true,
        "linesearch_interval": [
          -0.5,
          2.0
        ],
        "linesearch_tol": 0.1,
        "trust_region": false,
        "trust_radius_init": 1.0,
        "trust_radius_min": 1e-08,
        "trust_radius_max": 1000000.0,
        "trust_subproblem_line_search": false,
        "step_time_limit_s": null
      }
    }
  }
}
