{
  "case": {
    "problem": "plaplace",
    "backend": "fenics",
    "level": 6,
    "out": "/home/michal/repos/fenics_nonlinear_energies/artifacts/reproduction/2026-03-15_refactor_stage2b_final/full/plaplace_final_suite/fenics_custom_l6_np4.json",
    "quiet": true,
    "save_history": true,
    "save_linear_timing": true,
    "steps": 1,
    "start_step": 1,
    "total_steps": 24,
    "ksp_type": "cg",
    "pc_type": "hypre",
    "ksp_rtol": 0.1,
    "ksp_max_it": 30,
    "profile": "reference",
    "coloring_trials": 10,
    "nproc_threads": 1,
    "hvp_eval_mode": "sequential",
    "element_reorder_mode": null,
    "local_hessian_mode": null,
    "tolf": 0.0001,
    "tolg": 0.001,
    "tolg_rel": 0.001,
    "tolx_rel": 0.001,
    "tolx_abs": 1e-10,
    "maxit": 100,
    "step_time_limit_s": null,
    "linesearch_a": -0.5,
    "linesearch_b": 2.0,
    "linesearch_tol": 0.1,
    "use_trust_region": false,
    "trust_radius_init": 1.0,
    "trust_radius_min": 1e-08,
    "trust_radius_max": 1000000.0,
    "trust_shrink": 0.5,
    "trust_expand": 1.5,
    "trust_eta_shrink": 0.05,
    "trust_eta_expand": 0.75,
    "trust_max_reject": 6,
    "trust_subproblem_line_search": false,
    "local_coloring": true,
    "retry_on_failure": false,
    "pc_setup_on_ksp_cap": false,
    "use_near_nullspace": true,
    "reorder": null,
    "gamg_threshold": 0.05,
    "gamg_agg_nsmooths": 1,
    "gamg_set_coordinates": true
  },
  "result": {
    "mesh_level": 6,
    "total_dofs": 12545,
    "free_dofs": 12429,
    "setup_time": 0.049609,
    "solve_time_total": 0.104,
    "total_time": 0.153662,
    "steps": [
      {
        "step": 1,
        "time": 0.104,
        "nit": 5,
        "linear_iters": 9,
        "energy": -7.954563562631583,
        "message": "Converged (energy, step, gradient)",
        "attempt": "primary",
        "ksp_rtol_used": 0.1,
        "ksp_max_it_used": 30,
        "linesearch_interval_used": [
          -0.5,
          2.0
        ],
        "history": [
          {
            "it": 1,
            "energy": -5.913967354329808,
            "dE": 6.128121390020407,
            "grad_norm": 0.764574931132419,
            "grad_target": 0.001,
            "grad_norm_post": NaN,
            "alpha": 0.18643785156578707,
            "ksp_its": 1,
            "ls_evals": 9,
            "ls_repaired": false,
            "used_gradient_fallback": false,
            "accepted_step": true,
            "step_norm": 39.91124888088396,
            "step_rel": 39.91124888088396,
            "pred_reduction": NaN,
            "actual_reduction": NaN,
            "trust_rejects": 0,
            "t_grad": 0.0006506260251626372,
            "t_hess": 0.015274203033186495,
            "t_ls": 0.004888940020464361,
            "t_update": 1.2429081834852695e-05,
            "t_iter": 0.020851115928962827,
            "trust_radius": 1.0,
            "trust_ratio": NaN,
            "trust_qp": NaN
          },
          {
            "it": 2,
            "energy": -7.702910253964392,
            "dE": 1.7889428996345842,
            "grad_norm": 5.5435281973638375,
            "grad_target": 0.001,
            "grad_norm_post": NaN,
            "alpha": 0.5840719796826351,
            "ksp_its": 2,
            "ls_evals": 9,
            "ls_repaired": false,
            "used_gradient_fallback": false,
            "accepted_step": true,
            "step_norm": 13.924303727665547,
            "step_rel": 0.3531097998215899,
            "pred_reduction": NaN,
            "actual_reduction": NaN,
            "trust_rejects": 0,
            "t_grad": 0.0006143420469015837,
            "t_hess": 0.014999871025793254,
            "t_ls": 0.004861018969677389,
            "t_update": 1.0616029612720013e-05,
            "t_iter": 0.020508241024799645,
            "trust_radius": 1.0,
            "trust_ratio": NaN,
            "trust_qp": NaN
          },
          {
            "it": 3,
            "energy": -7.951029084559053,
            "dE": 0.24811883059466133,
            "grad_norm": 2.4851230984980215,
            "grad_target": 0.001,
            "grad_norm_post": NaN,
            "alpha": 1.088137289060528,
            "ksp_its": 2,
            "ls_evals": 9,
            "ls_repaired": false,
            "used_gradient_fallback": false,
            "accepted_step": true,
            "step_norm": 0.823431531972455,
            "step_rel": 0.015564113325172787,
            "pred_reduction": NaN,
            "actual_reduction": NaN,
            "trust_rejects": 0,
            "t_grad": 0.0005802200175821781,
            "t_hess": 0.015675615053623915,
            "t_ls": 0.004837742890231311,
            "t_update": 8.872942999005318e-06,
            "t_iter": 0.021124606020748615,
            "trust_radius": 1.0,
            "trust_ratio": NaN,
            "trust_qp": NaN
          },
          {
            "it": 4,
            "energy": -7.95454201939434,
            "dE": 0.0035129348352871403,
            "grad_norm": 0.21688347369540675,
            "grad_target": 0.001,
            "grad_norm_post": NaN,
            "alpha": 1.0552482453194671,
            "ksp_its": 2,
            "ls_evals": 9,
            "ls_repaired": false,
            "used_gradient_fallback": false,
            "accepted_step": true,
            "step_norm": 0.37816133898177484,
            "step_rel": 0.007232066710240439,
            "pred_reduction": NaN,
            "actual_reduction": NaN,
            "trust_rejects": 0,
            "t_grad": 0.0005887019215151668,
            "t_hess": 0.014721754007041454,
            "t_ls": 0.004827277967706323,
            "t_update": 8.522998541593552e-06,
            "t_iter": 0.020168290939182043,
            "trust_radius": 1.0,
            "trust_ratio": NaN,
            "trust_qp": NaN
          },
          {
            "it": 5,
            "energy": -7.954563562631583,
            "dE": 2.1543237243015767e-05,
            "grad_norm": 0.014428660015050424,
            "grad_target": 0.001,
            "grad_norm_post": 0.0004266113276868223,
            "alpha": 1.0552482453194671,
            "ksp_its": 2,
            "ls_evals": 9,
            "ls_repaired": false,
            "used_gradient_fallback": false,
            "accepted_step": true,
            "step_norm": 0.01466602948094204,
            "step_rel": 0.00028248634839056415,
            "pred_reduction": NaN,
            "actual_reduction": NaN,
            "trust_rejects": 0,
            "t_grad": 0.0006021730368956923,
            "t_hess": 0.014477198012173176,
            "t_ls": 0.004799055983312428,
            "t_update": 8.883071132004261e-06,
            "t_iter": 0.019909934024326503,
            "trust_radius": 1.0,
            "trust_ratio": NaN,
            "trust_qp": NaN
          }
        ],
        "linear_timing": [
          {
            "assemble_total_time": 0.0017779560294002295,
            "setop_time": 1.3220123946666718e-06,
            "set_tolerances_time": 1.401989720761776e-06,
            "pc_setup_time": 0.011299511999823153,
            "solve_time": 0.0021230740239843726,
            "linear_total_time": 0.015203266055323184,
            "ksp_its": 1
          },
          {
            "assemble_total_time": 0.0014312550192698836,
            "setop_time": 9.610084816813469e-07,
            "set_tolerances_time": 1.5730038285255432e-06,
            "pc_setup_time": 0.010332392994314432,
            "solve_time": 0.003166839014738798,
            "linear_total_time": 0.01493302104063332,
            "ksp_its": 2
          },
          {
            "assemble_total_time": 0.0014390979195013642,
            "setop_time": 7.610069587826729e-07,
            "set_tolerances_time": 1.1110678315162659e-06,
            "pc_setup_time": 0.010741106001660228,
            "solve_time": 0.0034301929408684373,
            "linear_total_time": 0.015612268936820328,
            "ksp_its": 2
          },
          {
            "assemble_total_time": 0.0014260589377954602,
            "setop_time": 6.509944796562195e-07,
            "set_tolerances_time": 1.0119983926415443e-06,
            "pc_setup_time": 0.00998733495362103,
            "solve_time": 0.0032174340449273586,
            "linear_total_time": 0.014632490929216146,
            "ksp_its": 2
          },
          {
            "assemble_total_time": 0.001424345071427524,
            "setop_time": 6.309710443019867e-07,
            "set_tolerances_time": 1.0119983926415443e-06,
            "pc_setup_time": 0.0098573510767892,
            "solve_time": 0.003130093915387988,
            "linear_total_time": 0.014413433033041656,
            "ksp_its": 2
          }
        ]
      }
    ],
    "metadata": {
      "nprocs": 4,
      "problem": {
        "name": "pLaplace2D",
        "p": 3.0,
        "rhs_f": -10.0
      },
      "linear_solver": {
        "ksp_type": "cg",
        "pc_type": "hypre",
        "ksp_rtol": 0.1,
        "ksp_max_it": 30,
        "pc_setup_on_ksp_cap": false,
        "gamg_threshold": 0.05,
        "gamg_agg_nsmooths": 1,
        "gamg_set_coordinates": true,
        "assembly_mode": "fenics",
        "assembler": "FEniCSFormAssembly",
        "distribution_strategy": "dolfinx_mesh_partition",
        "trust_subproblem_solver": "direct_linear_solve",
        "trust_subproblem_line_search": false
      },
      "newton": {
        "tolf": 0.0001,
        "tolg": 0.001,
        "tolg_rel": 0.001,
        "tolx_rel": 0.001,
        "tolx_abs": 1e-10,
        "maxit": 100,
        "require_all_convergence": true,
        "fail_on_nonfinite": true,
        "linesearch_interval": [
          -0.5,
          2.0
        ],
        "linesearch_tol": 0.1,
        "trust_region": false,
        "trust_radius_init": 1.0,
        "trust_radius_min": 1e-08,
        "trust_radius_max": 1000000.0,
        "trust_subproblem_line_search": false,
        "step_time_limit_s": null
      }
    }
  }
}
