{
  "case": {
    "problem": "plaplace",
    "backend": "fenics",
    "level": 8,
    "out": "/home/michal/repos/fenics_nonlinear_energies/artifacts/reproduction/2026-03-15_refactor_stage2b_final/full/plaplace_final_suite/fenics_custom_l8_np32.json",
    "quiet": true,
    "save_history": true,
    "save_linear_timing": true,
    "steps": 1,
    "start_step": 1,
    "total_steps": 24,
    "ksp_type": "cg",
    "pc_type": "hypre",
    "ksp_rtol": 0.1,
    "ksp_max_it": 30,
    "profile": "reference",
    "coloring_trials": 10,
    "nproc_threads": 1,
    "hvp_eval_mode": "sequential",
    "element_reorder_mode": null,
    "local_hessian_mode": null,
    "tolf": 0.0001,
    "tolg": 0.001,
    "tolg_rel": 0.001,
    "tolx_rel": 0.001,
    "tolx_abs": 1e-10,
    "maxit": 100,
    "step_time_limit_s": null,
    "linesearch_a": -0.5,
    "linesearch_b": 2.0,
    "linesearch_tol": 0.1,
    "use_trust_region": false,
    "trust_radius_init": 1.0,
    "trust_radius_min": 1e-08,
    "trust_radius_max": 1000000.0,
    "trust_shrink": 0.5,
    "trust_expand": 1.5,
    "trust_eta_shrink": 0.05,
    "trust_eta_expand": 0.75,
    "trust_max_reject": 6,
    "trust_subproblem_line_search": false,
    "local_coloring": true,
    "retry_on_failure": false,
    "pc_setup_on_ksp_cap": false,
    "use_near_nullspace": true,
    "reorder": null,
    "gamg_threshold": 0.05,
    "gamg_agg_nsmooths": 1,
    "gamg_set_coordinates": true
  },
  "result": {
    "mesh_level": 8,
    "total_dofs": 197633,
    "free_dofs": 197555,
    "setup_time": 0.682808,
    "solve_time_total": 0.423313,
    "total_time": 1.106264,
    "steps": [
      {
        "step": 1,
        "time": 0.423313,
        "nit": 6,
        "linear_iters": 12,
        "energy": -7.959556152761123,
        "message": "Converged (energy, step, gradient)",
        "attempt": "primary",
        "ksp_rtol_used": 0.1,
        "ksp_max_it_used": 30,
        "linesearch_interval_used": [
          -0.5,
          2.0
        ],
        "history": [
          {
            "it": 1,
            "energy": -4.029153691993644,
            "dE": 8.370420642800156,
            "grad_norm": 11.309276181459119,
            "grad_target": 0.011309276181459119,
            "grad_norm_post": NaN,
            "alpha": 0.7766077953152611,
            "ksp_its": 2,
            "ls_evals": 9,
            "ls_repaired": false,
            "used_gradient_fallback": false,
            "accepted_step": true,
            "step_norm": 173.1564362976565,
            "step_rel": 68.10259202526346,
            "pred_reduction": NaN,
            "actual_reduction": NaN,
            "trust_rejects": 0,
            "t_grad": 0.0016009510727599263,
            "t_hess": 0.05958147789351642,
            "t_ls": 0.010025668074376881,
            "t_update": 2.645899076014757e-05,
            "t_iter": 0.07129871309734881,
            "trust_radius": 1.0,
            "trust_ratio": NaN,
            "trust_qp": NaN
          },
          {
            "it": 2,
            "energy": -7.3641842262298844,
            "dE": 3.3350305342362407,
            "grad_norm": 9.121457288568852,
            "grad_target": 0.011309276181459119,
            "grad_norm_post": NaN,
            "alpha": 0.8094968390563215,
            "ksp_its": 2,
            "ls_evals": 9,
            "ls_repaired": false,
            "used_gradient_fallback": false,
            "accepted_step": true,
            "step_norm": 53.28762686729058,
            "step_rel": 0.3111319205409669,
            "pred_reduction": NaN,
            "actual_reduction": NaN,
            "trust_rejects": 0,
            "t_grad": 0.0012497149873524904,
            "t_hess": 0.05767236405517906,
            "t_ls": 0.009978167014196515,
            "t_update": 2.8593000024557114e-05,
            "t_iter": 0.06898579408880323,
            "trust_radius": 1.0,
            "trust_ratio": NaN,
            "trust_qp": NaN
          },
          {
            "it": 3,
            "energy": -7.92749479492983,
            "dE": 0.5633105686999453,
            "grad_norm": 3.174113663037242,
            "grad_target": 0.011309276181459119,
            "grad_norm_post": NaN,
            "alpha": 1.002032654688946,
            "ksp_its": 2,
            "ls_evals": 9,
            "ls_repaired": false,
            "used_gradient_fallback": false,
            "accepted_step": true,
            "step_norm": 12.458506567029984,
            "step_rel": 0.055801431581232006,
            "pred_reduction": NaN,
            "actual_reduction": NaN,
            "trust_rejects": 0,
            "t_grad": 0.0015776760410517454,
            "t_hess": 0.05478279106318951,
            "t_ls": 0.01069300901144743,
            "t_update": 2.9194052331149578e-05,
            "t_iter": 0.06713481806218624,
            "trust_radius": 1.0,
            "trust_ratio": NaN,
            "trust_qp": NaN
          },
          {
            "it": 4,
            "energy": -7.958798795792278,
            "dE": 0.03130400086244833,
            "grad_norm": 0.6674378798077223,
            "grad_target": 0.011309276181459119,
            "grad_norm_post": NaN,
            "alpha": 1.0552482453194671,
            "ksp_its": 2,
            "ls_evals": 9,
            "ls_repaired": false,
            "used_gradient_fallback": false,
            "accepted_step": true,
            "step_norm": 4.296500059784535,
            "step_rel": 0.020264241108818384,
            "pred_reduction": NaN,
            "actual_reduction": NaN,
            "trust_rejects": 0,
            "t_grad": 0.0015506551135331392,
            "t_hess": 0.05718023702502251,
            "t_ls": 0.010702513041906059,
            "t_update": 2.8492999263107777e-05,
            "t_iter": 0.06951342604588717,
            "trust_radius": 1.0,
            "trust_ratio": NaN,
            "trust_qp": NaN
          },
          {
            "it": 5,
            "energy": -7.959537458391829,
            "dE": 0.0007386625995504659,
            "grad_norm": 0.08963148091067576,
            "grad_target": 0.011309276181459119,
            "grad_norm_post": NaN,
            "alpha": 1.088137289060528,
            "ksp_its": 2,
            "ls_evals": 9,
            "ls_repaired": false,
            "used_gradient_fallback": false,
            "accepted_step": true,
            "step_norm": 0.14274565103344114,
            "step_rel": 0.000686821434041227,
            "pred_reduction": NaN,
            "actual_reduction": NaN,
            "trust_rejects": 0,
            "t_grad": 0.0015470400685444474,
            "t_hess": 0.06212830904405564,
            "t_ls": 0.011737585999071598,
            "t_update": 2.6830006390810013e-05,
            "t_iter": 0.07550521404482424,
            "trust_radius": 1.0,
            "trust_ratio": NaN,
            "trust_qp": NaN
          },
          {
            "it": 6,
            "energy": -7.959556152761123,
            "dE": 1.8694369294358637e-05,
            "grad_norm": 0.012198454821404124,
            "grad_target": 0.011309276181459119,
            "grad_norm_post": 0.0009853349825511841,
            "alpha": 1.1413528796910493,
            "ksp_its": 2,
            "ls_evals": 9,
            "ls_repaired": false,
            "used_gradient_fallback": false,
            "accepted_step": true,
            "step_norm": 0.015770187819873778,
            "step_rel": 7.588735823749024e-05,
            "pred_reduction": NaN,
            "actual_reduction": NaN,
            "trust_rejects": 0,
            "t_grad": 0.001345677999779582,
            "t_hess": 0.054851414053700864,
            "t_ls": 0.01135507202707231,
            "t_update": 2.4055945686995983e-05,
            "t_iter": 0.06763136305380613,
            "trust_radius": 1.0,
            "trust_ratio": NaN,
            "trust_qp": NaN
          }
        ],
        "linear_timing": [
          {
            "assemble_total_time": 0.004019380081444979,
            "setop_time": 1.893029548227787e-06,
            "set_tolerances_time": 2.1739397197961807e-06,
            "pc_setup_time": 0.04288700700271875,
            "solve_time": 0.01247354899533093,
            "linear_total_time": 0.05938400304876268,
            "ksp_its": 2
          },
          {
            "assemble_total_time": 0.004107660963200033,
            "setop_time": 2.2030435502529144e-06,
            "set_tolerances_time": 3.6349520087242126e-06,
            "pc_setup_time": 0.040657863952219486,
            "solve_time": 0.012726718909107149,
            "linear_total_time": 0.057498081820085645,
            "ksp_its": 2
          },
          {
            "assemble_total_time": 0.0045667600352317095,
            "setop_time": 1.7420388758182526e-06,
            "set_tolerances_time": 2.3730099201202393e-06,
            "pc_setup_time": 0.03807654301635921,
            "solve_time": 0.011932609020732343,
            "linear_total_time": 0.0545800271211192,
            "ksp_its": 2
          },
          {
            "assemble_total_time": 0.004549283999949694,
            "setop_time": 2.34297476708889e-06,
            "set_tolerances_time": 2.5939662009477615e-06,
            "pc_setup_time": 0.03981622203718871,
            "solve_time": 0.01262715004850179,
            "linear_total_time": 0.05699759302660823,
            "ksp_its": 2
          },
          {
            "assemble_total_time": 0.0045131799997761846,
            "setop_time": 2.0830193534493446e-06,
            "set_tolerances_time": 2.383952960371971e-06,
            "pc_setup_time": 0.04429591109510511,
            "solve_time": 0.013084355974569917,
            "linear_total_time": 0.061897914041765034,
            "ksp_its": 2
          },
          {
            "assemble_total_time": 0.0029831440187990665,
            "setop_time": 1.5419209375977516e-06,
            "set_tolerances_time": 1.6629928722977638e-06,
            "pc_setup_time": 0.03954570600762963,
            "solve_time": 0.012135592987760901,
            "linear_total_time": 0.054667647927999496,
            "ksp_its": 2
          }
        ]
      }
    ],
    "metadata": {
      "nprocs": 32,
      "problem": {
        "name": "pLaplace2D",
        "p": 3.0,
        "rhs_f": -10.0
      },
      "linear_solver": {
        "ksp_type": "cg",
        "pc_type": "hypre",
        "ksp_rtol": 0.1,
        "ksp_max_it": 30,
        "pc_setup_on_ksp_cap": false,
        "gamg_threshold": 0.05,
        "gamg_agg_nsmooths": 1,
        "gamg_set_coordinates": true,
        "assembly_mode": "fenics",
        "assembler": "FEniCSFormAssembly",
        "distribution_strategy": "dolfinx_mesh_partition",
        "trust_subproblem_solver": "direct_linear_solve",
        "trust_subproblem_line_search": false
      },
      "newton": {
        "tolf": 0.0001,
        "tolg": 0.001,
        "tolg_rel": 0.001,
        "tolx_rel": 0.001,
        "tolx_abs": 1e-10,
        "maxit": 100,
        "require_all_convergence": true,
        "fail_on_nonfinite": true,
        "linesearch_interval": [
          -0.5,
          2.0
        ],
        "linesearch_tol": 0.1,
        "trust_region": false,
        "trust_radius_init": 1.0,
        "trust_radius_min": 1e-08,
        "trust_radius_max": 1000000.0,
        "trust_subproblem_line_search": false,
        "step_time_limit_s": null
      }
    }
  }
}
