{
  "case": {
    "problem": "plaplace",
    "backend": "fenics",
    "level": 9,
    "out": "/home/michal/repos/fenics_nonlinear_energies/artifacts/reproduction/2026-03-15_refactor_stage2b_final/full/plaplace_final_suite/fenics_custom_l9_np2.json",
    "quiet": true,
    "save_history": true,
    "save_linear_timing": true,
    "steps": 1,
    "start_step": 1,
    "total_steps": 24,
    "ksp_type": "cg",
    "pc_type": "hypre",
    "ksp_rtol": 0.1,
    "ksp_max_it": 30,
    "profile": "reference",
    "coloring_trials": 10,
    "nproc_threads": 1,
    "hvp_eval_mode": "sequential",
    "element_reorder_mode": null,
    "local_hessian_mode": null,
    "tolf": 0.0001,
    "tolg": 0.001,
    "tolg_rel": 0.001,
    "tolx_rel": 0.001,
    "tolx_abs": 1e-10,
    "maxit": 100,
    "step_time_limit_s": null,
    "linesearch_a": -0.5,
    "linesearch_b": 2.0,
    "linesearch_tol": 0.1,
    "use_trust_region": false,
    "trust_radius_init": 1.0,
    "trust_radius_min": 1e-08,
    "trust_radius_max": 1000000.0,
    "trust_shrink": 0.5,
    "trust_expand": 1.5,
    "trust_eta_shrink": 0.05,
    "trust_eta_expand": 0.75,
    "trust_max_reject": 6,
    "trust_subproblem_line_search": false,
    "local_coloring": true,
    "retry_on_failure": false,
    "pc_setup_on_ksp_cap": false,
    "use_near_nullspace": true,
    "reorder": null,
    "gamg_threshold": 0.05,
    "gamg_agg_nsmooths": 1,
    "gamg_set_coordinates": true
  },
  "result": {
    "mesh_level": 9,
    "total_dofs": 788481,
    "free_dofs": 786335,
    "setup_time": 3.314307,
    "solve_time_total": 7.53406,
    "total_time": 10.848706,
    "steps": [
      {
        "step": 1,
        "time": 7.53406,
        "nit": 5,
        "linear_iters": 10,
        "energy": -7.96000494732152,
        "message": "Converged (energy, step, gradient)",
        "attempt": "primary",
        "ksp_rtol_used": 0.1,
        "ksp_max_it_used": 30,
        "linesearch_interval_used": [
          -0.5,
          2.0
        ],
        "history": [
          {
            "it": 1,
            "energy": -5.149756390110046,
            "dE": 38.34624493283482,
            "grad_norm": 44.83886128331897,
            "grad_target": 0.04483886128331897,
            "grad_norm_post": NaN,
            "alpha": 1.6783072328100033,
            "ksp_its": 2,
            "ls_evals": 9,
            "ls_repaired": false,
            "used_gradient_fallback": false,
            "accepted_step": true,
            "step_norm": 378.75124371113,
            "step_rel": 74.04520806033698,
            "pred_reduction": NaN,
            "actual_reduction": NaN,
            "trust_rejects": 0,
            "t_grad": 0.06585208710748702,
            "t_hess": 0.9599376228870824,
            "t_ls": 0.6083353939466178,
            "t_update": 0.00024152302648872137,
            "t_iter": 1.634470232995227,
            "trust_radius": 1.0,
            "trust_ratio": NaN,
            "trust_qp": NaN
          },
          {
            "it": 2,
            "energy": -7.54940545664998,
            "dE": 2.3996490665399346,
            "grad_norm": 8.548719567762454,
            "grad_target": 0.04483886128331897,
            "grad_norm_post": NaN,
            "alpha": 0.7233922046847389,
            "ksp_its": 2,
            "ls_evals": 9,
            "ls_repaired": false,
            "used_gradient_fallback": false,
            "accepted_step": true,
            "step_norm": 79.0446145252788,
            "step_rel": 0.21082694132085142,
            "pred_reduction": NaN,
            "actual_reduction": NaN,
            "trust_rejects": 0,
            "t_grad": 0.0650776969268918,
            "t_hess": 0.9265778110129759,
            "t_ls": 0.6077508539892733,
            "t_update": 0.00024684995878487825,
            "t_iter": 1.5997468819841743,
            "trust_radius": 1.0,
            "trust_ratio": NaN,
            "trust_qp": NaN
          },
          {
            "it": 3,
            "energy": -7.953125338987841,
            "dE": 0.40371988233786116,
            "grad_norm": 3.1095255106560065,
            "grad_target": 0.04483886128331897,
            "grad_norm_post": NaN,
            "alpha": 1.1413528796910493,
            "ksp_its": 2,
            "ls_evals": 9,
            "ls_repaired": false,
            "used_gradient_fallback": false,
            "accepted_step": true,
            "step_norm": 32.036117983499665,
            "step_rel": 0.07148352449050951,
            "pred_reduction": NaN,
            "actual_reduction": NaN,
            "trust_rejects": 0,
            "t_grad": 0.06012989499140531,
            "t_hess": 0.779205928905867,
            "t_ls": 0.6091415589908138,
            "t_update": 0.0002429239684715867,
            "t_iter": 1.4488197260070592,
            "trust_radius": 1.0,
            "trust_ratio": NaN,
            "trust_qp": NaN
          },
          {
            "it": 4,
            "energy": -7.959908061928968,
            "dE": 0.006782722941126806,
            "grad_norm": 0.34842667169434965,
            "grad_target": 0.04483886128331897,
            "grad_norm_post": NaN,
            "alpha": 1.1413528796910493,
            "ksp_its": 2,
            "ls_evals": 9,
            "ls_repaired": false,
            "used_gradient_fallback": false,
            "accepted_step": true,
            "step_norm": 1.1352610660289992,
            "step_rel": 0.002726519637707161,
            "pred_reduction": NaN,
            "actual_reduction": NaN,
            "trust_rejects": 0,
            "t_grad": 0.06039648491423577,
            "t_hess": 0.7766941710142419,
            "t_ls": 0.5298853348940611,
            "t_update": 0.00024044094607234,
            "t_iter": 1.3673073889221996,
            "trust_radius": 1.0,
            "trust_ratio": NaN,
            "trust_qp": NaN
          },
          {
            "it": 5,
            "energy": -7.96000494732152,
            "dE": 9.688539255225947e-05,
            "grad_norm": 0.03541051428999411,
            "grad_target": 0.04483886128331897,
            "grad_norm_post": 0.0027941400889307647,
            "alpha": 1.088137289060528,
            "ksp_its": 2,
            "ls_evals": 9,
            "ls_repaired": false,
            "used_gradient_fallback": false,
            "accepted_step": true,
            "step_norm": 0.06293247746993105,
            "step_rel": 0.00015140701407894073,
            "pred_reduction": NaN,
            "actual_reduction": NaN,
            "trust_rejects": 0,
            "t_grad": 0.05973066692240536,
            "t_hess": 0.7826402389910072,
            "t_ls": 0.532301647006534,
            "t_update": 0.0002523889997974038,
            "t_iter": 1.3750114729627967,
            "trust_radius": 1.0,
            "trust_ratio": NaN,
            "trust_qp": NaN
          }
        ],
        "linear_timing": [
          {
            "assemble_total_time": 0.1903810390504077,
            "setop_time": 3.125052899122238e-06,
            "set_tolerances_time": 3.4549739211797714e-06,
            "pc_setup_time": 0.5811947250040248,
            "solve_time": 0.18780112906824797,
            "linear_total_time": 0.9593834731495008,
            "ksp_its": 2
          },
          {
            "assemble_total_time": 0.16054892796091735,
            "setop_time": 3.0850060284137726e-06,
            "set_tolerances_time": 3.6549754440784454e-06,
            "pc_setup_time": 0.5715746119385585,
            "solve_time": 0.1938725491054356,
            "linear_total_time": 0.926002828986384,
            "ksp_its": 2
          },
          {
            "assemble_total_time": 0.159328278969042,
            "setop_time": 2.9049115255475044e-06,
            "set_tolerances_time": 3.3651012927293777e-06,
            "pc_setup_time": 0.4484858940122649,
            "solve_time": 0.17083030403591692,
            "linear_total_time": 0.7786507470300421,
            "ksp_its": 2
          },
          {
            "assemble_total_time": 0.15903991810046136,
            "setop_time": 2.6740599423646927e-06,
            "set_tolerances_time": 3.0550872907042503e-06,
            "pc_setup_time": 0.4441191889345646,
            "solve_time": 0.172974523040466,
            "linear_total_time": 0.776139359222725,
            "ksp_its": 2
          },
          {
            "assemble_total_time": 0.15887747600208968,
            "setop_time": 2.5139888748526573e-06,
            "set_tolerances_time": 3.3049145713448524e-06,
            "pc_setup_time": 0.44572834798600525,
            "solve_time": 0.17746503092348576,
            "linear_total_time": 0.7820766738150269,
            "ksp_its": 2
          }
        ]
      }
    ],
    "metadata": {
      "nprocs": 2,
      "problem": {
        "name": "pLaplace2D",
        "p": 3.0,
        "rhs_f": -10.0
      },
      "linear_solver": {
        "ksp_type": "cg",
        "pc_type": "hypre",
        "ksp_rtol": 0.1,
        "ksp_max_it": 30,
        "pc_setup_on_ksp_cap": false,
        "gamg_threshold": 0.05,
        "gamg_agg_nsmooths": 1,
        "gamg_set_coordinates": true,
        "assembly_mode": "fenics",
        "assembler": "FEniCSFormAssembly",
        "distribution_strategy": "dolfinx_mesh_partition",
        "trust_subproblem_solver": "direct_linear_solve",
        "trust_subproblem_line_search": false
      },
      "newton": {
        "tolf": 0.0001,
        "tolg": 0.001,
        "tolg_rel": 0.001,
        "tolx_rel": 0.001,
        "tolx_abs": 1e-10,
        "maxit": 100,
        "require_all_convergence": true,
        "fail_on_nonfinite": true,
        "linesearch_interval": [
          -0.5,
          2.0
        ],
        "linesearch_tol": 0.1,
        "trust_region": false,
        "trust_radius_init": 1.0,
        "trust_radius_min": 1e-08,
        "trust_radius_max": 1000000.0,
        "trust_subproblem_line_search": false,
        "step_time_limit_s": null
      }
    }
  }
}
