{
  "case": {
    "problem": "plaplace",
    "backend": "fenics",
    "level": 8,
    "out": "/home/michal/repos/fenics_nonlinear_energies/artifacts/reproduction/2026-03-15_refactor_stage2b_final/full/plaplace_final_suite/fenics_custom_l8_np1.json",
    "quiet": true,
    "save_history": true,
    "save_linear_timing": true,
    "steps": 1,
    "start_step": 1,
    "total_steps": 24,
    "ksp_type": "cg",
    "pc_type": "hypre",
    "ksp_rtol": 0.1,
    "ksp_max_it": 30,
    "profile": "reference",
    "coloring_trials": 10,
    "nproc_threads": 1,
    "hvp_eval_mode": "sequential",
    "element_reorder_mode": null,
    "local_hessian_mode": null,
    "tolf": 0.0001,
    "tolg": 0.001,
    "tolg_rel": 0.001,
    "tolx_rel": 0.001,
    "tolx_abs": 1e-10,
    "maxit": 100,
    "step_time_limit_s": null,
    "linesearch_a": -0.5,
    "linesearch_b": 2.0,
    "linesearch_tol": 0.1,
    "use_trust_region": false,
    "trust_radius_init": 1.0,
    "trust_radius_min": 1e-08,
    "trust_radius_max": 1000000.0,
    "trust_shrink": 0.5,
    "trust_expand": 1.5,
    "trust_eta_shrink": 0.05,
    "trust_eta_expand": 0.75,
    "trust_max_reject": 6,
    "trust_subproblem_line_search": false,
    "local_coloring": true,
    "retry_on_failure": false,
    "pc_setup_on_ksp_cap": false,
    "use_near_nullspace": true,
    "reorder": null,
    "gamg_threshold": 0.05,
    "gamg_agg_nsmooths": 1,
    "gamg_set_coordinates": true
  },
  "result": {
    "mesh_level": 8,
    "total_dofs": 197633,
    "free_dofs": 195585,
    "setup_time": 0.552115,
    "solve_time_total": 4.030621,
    "total_time": 4.58294,
    "steps": [
      {
        "step": 1,
        "time": 4.030621,
        "nit": 6,
        "linear_iters": 12,
        "energy": -7.959556157608709,
        "message": "Converged (energy, step, gradient)",
        "attempt": "primary",
        "ksp_rtol_used": 0.1,
        "ksp_max_it_used": 30,
        "linesearch_interval_used": [
          -0.5,
          2.0
        ],
        "history": [
          {
            "it": 1,
            "energy": -3.968347195197297,
            "dE": 8.272958754659703,
            "grad_norm": 11.247357640565996,
            "grad_target": 0.011247357640565996,
            "grad_norm_post": NaN,
            "alpha": 0.7233922046847389,
            "ksp_its": 2,
            "ls_evals": 9,
            "ls_repaired": false,
            "used_gradient_fallback": false,
            "accepted_step": true,
            "step_norm": 162.50289560662802,
            "step_rel": 63.60924176222247,
            "pred_reduction": NaN,
            "actual_reduction": NaN,
            "trust_rejects": 0,
            "t_grad": 0.029579762020148337,
            "t_hess": 0.408600140013732,
            "t_ls": 0.2629577349871397,
            "t_update": 5.899905227124691e-05,
            "t_iter": 0.7012786890845746,
            "trust_radius": 1.0,
            "trust_ratio": NaN,
            "trust_qp": NaN
          },
          {
            "it": 2,
            "energy": -7.323956451062492,
            "dE": 3.355609255865195,
            "grad_norm": 8.7892219643478,
            "grad_target": 0.011247357640565996,
            "grad_norm_post": NaN,
            "alpha": 0.7766077953152606,
            "ksp_its": 2,
            "ls_evals": 9,
            "ls_repaired": false,
            "used_gradient_fallback": false,
            "accepted_step": true,
            "step_norm": 59.79586466582014,
            "step_rel": 0.3723247173422711,
            "pred_reduction": NaN,
            "actual_reduction": NaN,
            "trust_rejects": 0,
            "t_grad": 0.030122174997814,
            "t_hess": 0.4047726219287142,
            "t_ls": 0.2621359449112788,
            "t_update": 5.981000140309334e-05,
            "t_iter": 0.6971593359485269,
            "trust_radius": 1.0,
            "trust_ratio": NaN,
            "trust_qp": NaN
          },
          {
            "it": 3,
            "energy": -7.920161439847973,
            "dE": 0.5962049887854812,
            "grad_norm": 3.2967948282254342,
            "grad_target": 0.011247357640565996,
            "grad_norm_post": NaN,
            "alpha": 0.9488170640584248,
            "ksp_its": 2,
            "ls_evals": 9,
            "ls_repaired": false,
            "used_gradient_fallback": false,
            "accepted_step": true,
            "step_norm": 8.857515705312009,
            "step_rel": 0.04034699264652456,
            "pred_reduction": NaN,
            "actual_reduction": NaN,
            "trust_rejects": 0,
            "t_grad": 0.030190618010237813,
            "t_hess": 0.3676498490385711,
            "t_ls": 0.26182720297947526,
            "t_update": 5.804700776934624e-05,
            "t_iter": 0.6597971150185913,
            "trust_radius": 1.0,
            "trust_ratio": NaN,
            "trust_qp": NaN
          },
          {
            "it": 4,
            "energy": -7.9583931391569935,
            "dE": 0.03823169930902015,
            "grad_norm": 0.7242986601126039,
            "grad_target": 0.011247357640565996,
            "grad_norm_post": NaN,
            "alpha": 1.002032654688946,
            "ksp_its": 2,
            "ls_evals": 9,
            "ls_repaired": false,
            "used_gradient_fallback": false,
            "accepted_step": true,
            "step_norm": 4.929229176594637,
            "step_rel": 0.023145455623572557,
            "pred_reduction": NaN,
            "actual_reduction": NaN,
            "trust_rejects": 0,
            "t_grad": 0.029554754961282015,
            "t_hess": 0.3513082939898595,
            "t_ls": 0.26238358998671174,
            "t_update": 7.549300789833069e-05,
            "t_iter": 0.6433723469963297,
            "trust_radius": 1.0,
            "trust_ratio": NaN,
            "trust_qp": NaN
          },
          {
            "it": 5,
            "energy": -7.959531356084585,
            "dE": 0.0011382169275915288,
            "grad_norm": 0.11454192838852055,
            "grad_target": 0.011247357640565996,
            "grad_norm_post": NaN,
            "alpha": 1.0552482453194671,
            "ksp_its": 2,
            "ls_evals": 9,
            "ls_repaired": false,
            "used_gradient_fallback": false,
            "accepted_step": true,
            "step_norm": 0.37148518540592174,
            "step_rel": 0.001784996772682355,
            "pred_reduction": NaN,
            "actual_reduction": NaN,
            "trust_rejects": 0,
            "t_grad": 0.030059721902944148,
            "t_hess": 0.34635574801359326,
            "t_ls": 0.2621278880396858,
            "t_update": 5.829799920320511e-05,
            "t_iter": 0.6386731130769476,
            "trust_radius": 1.0,
            "trust_ratio": NaN,
            "trust_qp": NaN
          },
          {
            "it": 6,
            "energy": -7.959556157608709,
            "dE": 2.480152412420722e-05,
            "grad_norm": 0.01410724125988058,
            "grad_target": 0.011247357640565996,
            "grad_norm_post": 0.0009312085418371625,
            "alpha": 1.088137289060528,
            "ksp_its": 2,
            "ls_evals": 9,
            "ls_repaired": false,
            "used_gradient_fallback": false,
            "accepted_step": true,
            "step_norm": 0.018393018497012033,
            "step_rel": 8.851202166880653e-05,
            "pred_reduction": NaN,
            "actual_reduction": NaN,
            "trust_rejects": 0,
            "t_grad": 0.030208915937691927,
            "t_hess": 0.34620703698601574,
            "t_ls": 0.26099469896871597,
            "t_update": 5.63750509172678e-05,
            "t_iter": 0.6375373710179701,
            "trust_radius": 1.0,
            "trust_ratio": NaN,
            "trust_qp": NaN
          }
        ],
        "linear_timing": [
          {
            "assemble_total_time": 0.07872013899032027,
            "setop_time": 3.1550880521535873e-06,
            "set_tolerances_time": 3.3150427043437958e-06,
            "pc_setup_time": 0.24567370500881225,
            "solve_time": 0.08402180997654796,
            "linear_total_time": 0.40842212410643697,
            "ksp_its": 2
          },
          {
            "assemble_total_time": 0.07315943902358413,
            "setop_time": 2.8139911592006683e-06,
            "set_tolerances_time": 3.9460137486457825e-06,
            "pc_setup_time": 0.243513765046373,
            "solve_time": 0.08791268605273217,
            "linear_total_time": 0.40459265012759715,
            "ksp_its": 2
          },
          {
            "assemble_total_time": 0.07299697597045451,
            "setop_time": 2.353917807340622e-06,
            "set_tolerances_time": 2.653920091688633e-06,
            "pc_setup_time": 0.2132404550211504,
            "solve_time": 0.08123068499844521,
            "linear_total_time": 0.36747312382794917,
            "ksp_its": 2
          },
          {
            "assemble_total_time": 0.07297940098214895,
            "setop_time": 2.212938852608204e-06,
            "set_tolerances_time": 2.2830208763480186e-06,
            "pc_setup_time": 0.19819771696347743,
            "solve_time": 0.07995501207187772,
            "linear_total_time": 0.35113662597723305,
            "ksp_its": 2
          },
          {
            "assemble_total_time": 0.07352763297967613,
            "setop_time": 2.1030427888035774e-06,
            "set_tolerances_time": 2.7440255507826805e-06,
            "pc_setup_time": 0.19293858006130904,
            "solve_time": 0.07968711107969284,
            "linear_total_time": 0.3461581711890176,
            "ksp_its": 2
          },
          {
            "assemble_total_time": 0.07302733301185071,
            "setop_time": 2.1329615265130997e-06,
            "set_tolerances_time": 3.0050287023186684e-06,
            "pc_setup_time": 0.19243189098779112,
            "solve_time": 0.08056918403599411,
            "linear_total_time": 0.3460335460258648,
            "ksp_its": 2
          }
        ]
      }
    ],
    "metadata": {
      "nprocs": 1,
      "problem": {
        "name": "pLaplace2D",
        "p": 3.0,
        "rhs_f": -10.0
      },
      "linear_solver": {
        "ksp_type": "cg",
        "pc_type": "hypre",
        "ksp_rtol": 0.1,
        "ksp_max_it": 30,
        "pc_setup_on_ksp_cap": false,
        "gamg_threshold": 0.05,
        "gamg_agg_nsmooths": 1,
        "gamg_set_coordinates": true,
        "assembly_mode": "fenics",
        "assembler": "FEniCSFormAssembly",
        "distribution_strategy": "dolfinx_mesh_partition",
        "trust_subproblem_solver": "direct_linear_solve",
        "trust_subproblem_line_search": false
      },
      "newton": {
        "tolf": 0.0001,
        "tolg": 0.001,
        "tolg_rel": 0.001,
        "tolx_rel": 0.001,
        "tolx_abs": 1e-10,
        "maxit": 100,
        "require_all_convergence": true,
        "fail_on_nonfinite": true,
        "linesearch_interval": [
          -0.5,
          2.0
        ],
        "linesearch_tol": 0.1,
        "trust_region": false,
        "trust_radius_init": 1.0,
        "trust_radius_min": 1e-08,
        "trust_radius_max": 1000000.0,
        "trust_subproblem_line_search": false,
        "step_time_limit_s": null
      }
    }
  }
}
