{
  "case": {
    "problem": "plaplace",
    "backend": "fenics",
    "level": 6,
    "out": "/home/michal/repos/fenics_nonlinear_energies/artifacts/reproduction/2026-03-15_refactor_stage2b_final/full/plaplace_final_suite/fenics_custom_l6_np2.json",
    "quiet": true,
    "save_history": true,
    "save_linear_timing": true,
    "steps": 1,
    "start_step": 1,
    "total_steps": 24,
    "ksp_type": "cg",
    "pc_type": "hypre",
    "ksp_rtol": 0.1,
    "ksp_max_it": 30,
    "profile": "reference",
    "coloring_trials": 10,
    "nproc_threads": 1,
    "hvp_eval_mode": "sequential",
    "element_reorder_mode": null,
    "local_hessian_mode": null,
    "tolf": 0.0001,
    "tolg": 0.001,
    "tolg_rel": 0.001,
    "tolx_rel": 0.001,
    "tolx_abs": 1e-10,
    "maxit": 100,
    "step_time_limit_s": null,
    "linesearch_a": -0.5,
    "linesearch_b": 2.0,
    "linesearch_tol": 0.1,
    "use_trust_region": false,
    "trust_radius_init": 1.0,
    "trust_radius_min": 1e-08,
    "trust_radius_max": 1000000.0,
    "trust_shrink": 0.5,
    "trust_expand": 1.5,
    "trust_eta_shrink": 0.05,
    "trust_eta_expand": 0.75,
    "trust_max_reject": 6,
    "trust_subproblem_line_search": false,
    "local_coloring": true,
    "retry_on_failure": false,
    "pc_setup_on_ksp_cap": false,
    "use_near_nullspace": true,
    "reorder": null,
    "gamg_threshold": 0.05,
    "gamg_agg_nsmooths": 1,
    "gamg_set_coordinates": true
  },
  "result": {
    "mesh_level": 6,
    "total_dofs": 12545,
    "free_dofs": 12280,
    "setup_time": 0.0543,
    "solve_time_total": 0.136575,
    "total_time": 0.19093,
    "steps": [
      {
        "step": 1,
        "time": 0.136575,
        "nit": 5,
        "linear_iters": 8,
        "energy": -7.954563552976001,
        "message": "Converged (energy, step, gradient)",
        "attempt": "primary",
        "ksp_rtol_used": 0.1,
        "ksp_max_it_used": 30,
        "linesearch_interval_used": [
          -0.5,
          2.0
        ],
        "history": [
          {
            "it": 1,
            "energy": -5.851553292154117,
            "dE": 6.063039337015538,
            "grad_norm": 0.7531848100383495,
            "grad_target": 0.001,
            "grad_norm_post": NaN,
            "alpha": 0.18643785156578707,
            "ksp_its": 1,
            "ls_evals": 9,
            "ls_repaired": false,
            "used_gradient_fallback": false,
            "accepted_step": true,
            "step_norm": 39.75694942196929,
            "step_rel": 39.75694942196929,
            "pred_reduction": NaN,
            "actual_reduction": NaN,
            "trust_rejects": 0,
            "t_grad": 0.0011167250340804458,
            "t_hess": 0.017423406010493636,
            "t_ls": 0.008923860965296626,
            "t_update": 8.633011020720005e-06,
            "t_iter": 0.027497499948367476,
            "trust_radius": 1.0,
            "trust_ratio": NaN,
            "trust_qp": NaN
          },
          {
            "it": 2,
            "energy": -7.688303944327751,
            "dE": 1.8367506521736345,
            "grad_norm": 5.705305179586931,
            "grad_target": 0.001,
            "grad_norm_post": NaN,
            "alpha": 0.5840719796826351,
            "ksp_its": 2,
            "ls_evals": 9,
            "ls_repaired": false,
            "used_gradient_fallback": false,
            "accepted_step": true,
            "step_norm": 14.199167156627977,
            "step_rel": 0.3614497872506566,
            "pred_reduction": NaN,
            "actual_reduction": NaN,
            "trust_rejects": 0,
            "t_grad": 0.0010687719332054257,
            "t_hess": 0.01754247397184372,
            "t_ls": 0.008873505052179098,
            "t_update": 9.424053132534027e-06,
            "t_iter": 0.02751516690477729,
            "trust_radius": 1.0,
            "trust_ratio": NaN,
            "trust_qp": NaN
          },
          {
            "it": 3,
            "energy": -7.950594282416978,
            "dE": 0.26229033808922697,
            "grad_norm": 2.6044145429141765,
            "grad_target": 0.001,
            "grad_norm_post": NaN,
            "alpha": 1.088137289060528,
            "ksp_its": 2,
            "ls_evals": 9,
            "ls_repaired": false,
            "used_gradient_fallback": false,
            "accepted_step": true,
            "step_norm": 0.8695536038916688,
            "step_rel": 0.016417125219939255,
            "pred_reduction": NaN,
            "actual_reduction": NaN,
            "trust_rejects": 0,
            "t_grad": 0.0010852980194613338,
            "t_hess": 0.016911167069338262,
            "t_ls": 0.008630741038359702,
            "t_update": 8.021946996450424e-06,
            "t_iter": 0.026655758963897824,
            "trust_radius": 1.0,
            "trust_ratio": NaN,
            "trust_qp": NaN
          },
          {
            "it": 4,
            "energy": -7.954535345320178,
            "dE": 0.003941062903199288,
            "grad_norm": 0.23882486976502842,
            "grad_target": 0.001,
            "grad_norm_post": NaN,
            "alpha": 1.088137289060528,
            "ksp_its": 1,
            "ls_evals": 9,
            "ls_repaired": false,
            "used_gradient_fallback": false,
            "accepted_step": true,
            "step_norm": 0.37302015016905493,
            "step_rel": 0.007130809174181645,
            "pred_reduction": NaN,
            "actual_reduction": NaN,
            "trust_rejects": 0,
            "t_grad": 0.0010822330368682742,
            "t_hess": 0.016307222074829042,
            "t_ls": 0.00863140297587961,
            "t_update": 8.753035217523575e-06,
            "t_iter": 0.026049360050819814,
            "trust_radius": 1.0,
            "trust_ratio": NaN,
            "trust_qp": NaN
          },
          {
            "it": 5,
            "energy": -7.954563552976001,
            "dE": 2.8207655823564437e-05,
            "grad_norm": 0.018928011234971523,
            "grad_target": 0.001,
            "grad_norm_post": 0.00048531256334001256,
            "alpha": 1.002032654688946,
            "ksp_its": 2,
            "ls_evals": 9,
            "ls_repaired": false,
            "used_gradient_fallback": false,
            "accepted_step": true,
            "step_norm": 0.019073804147415108,
            "step_rel": 0.0003671837618535155,
            "pred_reduction": NaN,
            "actual_reduction": NaN,
            "trust_rejects": 0,
            "t_grad": 0.0010625930735841393,
            "t_hess": 0.016933089937083423,
            "t_ls": 0.008617602055892348,
            "t_update": 9.102979674935341e-06,
            "t_iter": 0.02664237900171429,
            "trust_radius": 1.0,
            "trust_ratio": NaN,
            "trust_qp": NaN
          }
        ],
        "linear_timing": [
          {
            "assemble_total_time": 0.0029852859443053603,
            "setop_time": 1.1320225894451141e-06,
            "set_tolerances_time": 1.1310912668704987e-06,
            "pc_setup_time": 0.0120645189890638,
            "solve_time": 0.0023141399724408984,
            "linear_total_time": 0.017366208019666374,
            "ksp_its": 1
          },
          {
            "assemble_total_time": 0.002597423968836665,
            "setop_time": 1.0509975254535675e-06,
            "set_tolerances_time": 1.6030389815568924e-06,
            "pc_setup_time": 0.011215146048925817,
            "solve_time": 0.003672937978990376,
            "linear_total_time": 0.01748816203325987,
            "ksp_its": 2
          },
          {
            "assemble_total_time": 0.0025994080351665616,
            "setop_time": 7.910421118140221e-07,
            "set_tolerances_time": 1.1119991540908813e-06,
            "pc_setup_time": 0.01062183699104935,
            "solve_time": 0.0036356220953166485,
            "linear_total_time": 0.016858770162798464,
            "ksp_its": 2
          },
          {
            "assemble_total_time": 0.002569001982919872,
            "setop_time": 7.710186764597893e-07,
            "set_tolerances_time": 1.0509975254535675e-06,
            "pc_setup_time": 0.01112387899775058,
            "solve_time": 0.0025590769946575165,
            "linear_total_time": 0.016253779991529882,
            "ksp_its": 1
          },
          {
            "assemble_total_time": 0.002578136045485735,
            "setop_time": 8.110655471682549e-07,
            "set_tolerances_time": 1.1409865692257881e-06,
            "pc_setup_time": 0.010579444002360106,
            "solve_time": 0.0037128269905224442,
            "linear_total_time": 0.01687235909048468,
            "ksp_its": 2
          }
        ]
      }
    ],
    "metadata": {
      "nprocs": 2,
      "problem": {
        "name": "pLaplace2D",
        "p": 3.0,
        "rhs_f": -10.0
      },
      "linear_solver": {
        "ksp_type": "cg",
        "pc_type": "hypre",
        "ksp_rtol": 0.1,
        "ksp_max_it": 30,
        "pc_setup_on_ksp_cap": false,
        "gamg_threshold": 0.05,
        "gamg_agg_nsmooths": 1,
        "gamg_set_coordinates": true,
        "assembly_mode": "fenics",
        "assembler": "FEniCSFormAssembly",
        "distribution_strategy": "dolfinx_mesh_partition",
        "trust_subproblem_solver": "direct_linear_solve",
        "trust_subproblem_line_search": false
      },
      "newton": {
        "tolf": 0.0001,
        "tolg": 0.001,
        "tolg_rel": 0.001,
        "tolx_rel": 0.001,
        "tolx_abs": 1e-10,
        "maxit": 100,
        "require_all_convergence": true,
        "fail_on_nonfinite": true,
        "linesearch_interval": [
          -0.5,
          2.0
        ],
        "linesearch_tol": 0.1,
        "trust_region": false,
        "trust_radius_init": 1.0,
        "trust_radius_min": 1e-08,
        "trust_radius_max": 1000000.0,
        "trust_subproblem_line_search": false,
        "step_time_limit_s": null
      }
    }
  }
}
