{
  "case": {
    "problem": "plaplace",
    "backend": "fenics",
    "level": 6,
    "out": "/home/michal/repos/fenics_nonlinear_energies/artifacts/reproduction/2026-03-15_refactor_stage2b_final/full/plaplace_final_suite/fenics_custom_l6_np1.json",
    "quiet": true,
    "save_history": true,
    "save_linear_timing": true,
    "steps": 1,
    "start_step": 1,
    "total_steps": 24,
    "ksp_type": "cg",
    "pc_type": "hypre",
    "ksp_rtol": 0.1,
    "ksp_max_it": 30,
    "profile": "reference",
    "coloring_trials": 10,
    "nproc_threads": 1,
    "hvp_eval_mode": "sequential",
    "element_reorder_mode": null,
    "local_hessian_mode": null,
    "tolf": 0.0001,
    "tolg": 0.001,
    "tolg_rel": 0.001,
    "tolx_rel": 0.001,
    "tolx_abs": 1e-10,
    "maxit": 100,
    "step_time_limit_s": null,
    "linesearch_a": -0.5,
    "linesearch_b": 2.0,
    "linesearch_tol": 0.1,
    "use_trust_region": false,
    "trust_radius_init": 1.0,
    "trust_radius_min": 1e-08,
    "trust_radius_max": 1000000.0,
    "trust_shrink": 0.5,
    "trust_expand": 1.5,
    "trust_eta_shrink": 0.05,
    "trust_eta_expand": 0.75,
    "trust_max_reject": 6,
    "trust_subproblem_line_search": false,
    "local_coloring": true,
    "retry_on_failure": false,
    "pc_setup_on_ksp_cap": false,
    "use_near_nullspace": true,
    "reorder": null,
    "gamg_threshold": 0.05,
    "gamg_agg_nsmooths": 1,
    "gamg_set_coordinates": true
  },
  "result": {
    "mesh_level": 6,
    "total_dofs": 12545,
    "free_dofs": 12033,
    "setup_time": 0.037143,
    "solve_time_total": 0.225034,
    "total_time": 0.262237,
    "steps": [
      {
        "step": 1,
        "time": 0.225034,
        "nit": 5,
        "linear_iters": 9,
        "energy": -7.954563552137448,
        "message": "Converged (energy, step, gradient)",
        "attempt": "primary",
        "ksp_rtol_used": 0.1,
        "ksp_max_it_used": 30,
        "linesearch_interval_used": [
          -0.5,
          2.0
        ],
        "history": [
          {
            "it": 1,
            "energy": -5.844614755471548,
            "dE": 6.055608739712495,
            "grad_norm": 0.7513529991795526,
            "grad_target": 0.001,
            "grad_norm_post": NaN,
            "alpha": 0.18643785156578707,
            "ksp_its": 1,
            "ls_evals": 9,
            "ls_repaired": false,
            "used_gradient_fallback": false,
            "accepted_step": true,
            "step_norm": 40.376342908991525,
            "step_rel": 40.376342908991525,
            "pred_reduction": NaN,
            "actual_reduction": NaN,
            "trust_rejects": 0,
            "t_grad": 0.00212363398168236,
            "t_hess": 0.025744821992702782,
            "t_ls": 0.01695845799986273,
            "t_update": 6.810994818806648e-06,
            "t_iter": 0.044855267042294145,
            "trust_radius": 1.0,
            "trust_ratio": NaN,
            "trust_qp": NaN
          },
          {
            "it": 2,
            "energy": -7.671547647296662,
            "dE": 1.8269328918251135,
            "grad_norm": 5.95796576957109,
            "grad_target": 0.001,
            "grad_norm_post": NaN,
            "alpha": 0.5840719796826351,
            "ksp_its": 2,
            "ls_evals": 9,
            "ls_repaired": false,
            "used_gradient_fallback": false,
            "accepted_step": true,
            "step_norm": 13.538205279192754,
            "step_rel": 0.3392467271181423,
            "pred_reduction": NaN,
            "actual_reduction": NaN,
            "trust_rejects": 0,
            "t_grad": 0.0020130089251324534,
            "t_hess": 0.025907715898938477,
            "t_ls": 0.016780531033873558,
            "t_update": 6.629968993365765e-06,
            "t_iter": 0.044726063031703234,
            "trust_radius": 1.0,
            "trust_ratio": NaN,
            "trust_qp": NaN
          },
          {
            "it": 3,
            "energy": -7.950015440384192,
            "dE": 0.2784677930875299,
            "grad_norm": 2.7121242389428946,
            "grad_target": 0.001,
            "grad_norm_post": NaN,
            "alpha": 1.088137289060528,
            "ksp_its": 2,
            "ls_evals": 9,
            "ls_repaired": false,
            "used_gradient_fallback": false,
            "accepted_step": true,
            "step_norm": 0.8394003726397626,
            "step_rel": 0.015856129746039074,
            "pred_reduction": NaN,
            "actual_reduction": NaN,
            "trust_rejects": 0,
            "t_grad": 0.002009524032473564,
            "t_hess": 0.025606784969568253,
            "t_ls": 0.016839168965816498,
            "t_update": 6.149057298898697e-06,
            "t_iter": 0.04447826195973903,
            "trust_radius": 1.0,
            "trust_ratio": NaN,
            "trust_qp": NaN
          },
          {
            "it": 4,
            "energy": -7.954536407946096,
            "dE": 0.004520967561903788,
            "grad_norm": 0.2623357898221465,
            "grad_target": 0.001,
            "grad_norm_post": NaN,
            "alpha": 1.088137289060528,
            "ksp_its": 2,
            "ls_evals": 9,
            "ls_repaired": false,
            "used_gradient_fallback": false,
            "accepted_step": true,
            "step_norm": 0.41395316206161453,
            "step_rel": 0.007913164981404857,
            "pred_reduction": NaN,
            "actual_reduction": NaN,
            "trust_rejects": 0,
            "t_grad": 0.0020703549962490797,
            "t_hess": 0.024775958969257772,
            "t_ls": 0.016621844028122723,
            "t_update": 5.92903234064579e-06,
            "t_iter": 0.04349052091129124,
            "trust_radius": 1.0,
            "trust_ratio": NaN,
            "trust_qp": NaN
          },
          {
            "it": 5,
            "energy": -7.954563552137448,
            "dE": 2.714419135241286e-05,
            "grad_norm": 0.016929340209090864,
            "grad_target": 0.001,
            "grad_norm_post": 0.00047086465318442943,
            "alpha": 1.002032654688946,
            "ksp_its": 2,
            "ls_evals": 9,
            "ls_repaired": false,
            "used_gradient_fallback": false,
            "accepted_step": true,
            "step_norm": 0.025383169196016308,
            "step_rel": 0.0004890254049814963,
            "pred_reduction": NaN,
            "actual_reduction": NaN,
            "trust_rejects": 0,
            "t_grad": 0.0020095830550417304,
            "t_hess": 0.024857242009602487,
            "t_ls": 0.016729554045014083,
            "t_update": 6.360001862049103e-06,
            "t_iter": 0.043619953910820186,
            "trust_radius": 1.0,
            "trust_ratio": NaN,
            "trust_qp": NaN
          }
        ],
        "linear_timing": [
          {
            "assemble_total_time": 0.006031153025105596,
            "setop_time": 1.5120021998882294e-06,
            "set_tolerances_time": 1.1919764801859856e-06,
            "pc_setup_time": 0.01638017105869949,
            "solve_time": 0.0032900130609050393,
            "linear_total_time": 0.025704041123390198,
            "ksp_its": 1
          },
          {
            "assemble_total_time": 0.005627117003314197,
            "setop_time": 9.419163689017296e-07,
            "set_tolerances_time": 1.3919780030846596e-06,
            "pc_setup_time": 0.014916816027835011,
            "solve_time": 0.005325835081748664,
            "linear_total_time": 0.02587210200726986,
            "ksp_its": 2
          },
          {
            "assemble_total_time": 0.005635339999571443,
            "setop_time": 6.610061973333359e-07,
            "set_tolerances_time": 9.710201993584633e-07,
            "pc_setup_time": 0.014453700976446271,
            "solve_time": 0.0054833219619467854,
            "linear_total_time": 0.02557399496436119,
            "ksp_its": 2
          },
          {
            "assemble_total_time": 0.005655941087752581,
            "setop_time": 1.302105374634266e-06,
            "set_tolerances_time": 1.6730045899748802e-06,
            "pc_setup_time": 0.013742806040681899,
            "solve_time": 0.005342149990610778,
            "linear_total_time": 0.024743872229009867,
            "ksp_its": 2
          },
          {
            "assemble_total_time": 0.005649399943649769,
            "setop_time": 6.710179150104523e-07,
            "set_tolerances_time": 1.1209631338715553e-06,
            "pc_setup_time": 0.013777718995697796,
            "solve_time": 0.005394859006628394,
            "linear_total_time": 0.02482376992702484,
            "ksp_its": 2
          }
        ]
      }
    ],
    "metadata": {
      "nprocs": 1,
      "problem": {
        "name": "pLaplace2D",
        "p": 3.0,
        "rhs_f": -10.0
      },
      "linear_solver": {
        "ksp_type": "cg",
        "pc_type": "hypre",
        "ksp_rtol": 0.1,
        "ksp_max_it": 30,
        "pc_setup_on_ksp_cap": false,
        "gamg_threshold": 0.05,
        "gamg_agg_nsmooths": 1,
        "gamg_set_coordinates": true,
        "assembly_mode": "fenics",
        "assembler": "FEniCSFormAssembly",
        "distribution_strategy": "dolfinx_mesh_partition",
        "trust_subproblem_solver": "direct_linear_solve",
        "trust_subproblem_line_search": false
      },
      "newton": {
        "tolf": 0.0001,
        "tolg": 0.001,
        "tolg_rel": 0.001,
        "tolx_rel": 0.001,
        "tolx_abs": 1e-10,
        "maxit": 100,
        "require_all_convergence": true,
        "fail_on_nonfinite": true,
        "linesearch_interval": [
          -0.5,
          2.0
        ],
        "linesearch_tol": 0.1,
        "trust_region": false,
        "trust_radius_init": 1.0,
        "trust_radius_min": 1e-08,
        "trust_radius_max": 1000000.0,
        "trust_subproblem_line_search": false,
        "step_time_limit_s": null
      }
    }
  }
}
