{
  "case": {
    "problem": "plaplace",
    "backend": "fenics",
    "level": 9,
    "out": "/home/michal/repos/fenics_nonlinear_energies/artifacts/reproduction/2026-03-15_refactor_stage2b_final/full/plaplace_final_suite/fenics_custom_l9_np16.json",
    "quiet": true,
    "save_history": true,
    "save_linear_timing": true,
    "steps": 1,
    "start_step": 1,
    "total_steps": 24,
    "ksp_type": "cg",
    "pc_type": "hypre",
    "ksp_rtol": 0.1,
    "ksp_max_it": 30,
    "profile": "reference",
    "coloring_trials": 10,
    "nproc_threads": 1,
    "hvp_eval_mode": "sequential",
    "element_reorder_mode": null,
    "local_hessian_mode": null,
    "tolf": 0.0001,
    "tolg": 0.001,
    "tolg_rel": 0.001,
    "tolx_rel": 0.001,
    "tolx_abs": 1e-10,
    "maxit": 100,
    "step_time_limit_s": null,
    "linesearch_a": -0.5,
    "linesearch_b": 2.0,
    "linesearch_tol": 0.1,
    "use_trust_region": false,
    "trust_radius_init": 1.0,
    "trust_radius_min": 1e-08,
    "trust_radius_max": 1000000.0,
    "trust_shrink": 0.5,
    "trust_expand": 1.5,
    "trust_eta_shrink": 0.05,
    "trust_eta_expand": 0.75,
    "trust_max_reject": 6,
    "trust_subproblem_line_search": false,
    "local_coloring": true,
    "retry_on_failure": false,
    "pc_setup_on_ksp_cap": false,
    "use_near_nullspace": true,
    "reorder": null,
    "gamg_threshold": 0.05,
    "gamg_agg_nsmooths": 1,
    "gamg_set_coordinates": true
  },
  "result": {
    "mesh_level": 9,
    "total_dofs": 788481,
    "free_dofs": 788361,
    "setup_time": 2.43594,
    "solve_time_total": 1.550034,
    "total_time": 3.986135,
    "steps": [
      {
        "step": 1,
        "time": 1.550034,
        "nit": 6,
        "linear_iters": 12,
        "energy": -7.960005690089587,
        "message": "Converged (energy, step, gradient)",
        "attempt": "primary",
        "ksp_rtol_used": 0.1,
        "ksp_max_it_used": 30,
        "linesearch_interval_used": [
          -0.5,
          2.0
        ],
        "history": [
          {
            "it": 1,
            "energy": -5.168989017640969,
            "dE": 38.3234467176446,
            "grad_norm": 44.819483078282936,
            "grad_target": 0.044819483078282936,
            "grad_norm_post": NaN,
            "alpha": 1.6783072328100033,
            "ksp_its": 2,
            "ls_evals": 9,
            "ls_repaired": false,
            "used_gradient_fallback": false,
            "accepted_step": true,
            "step_norm": 378.8869520563847,
            "step_rel": 74.22235625730171,
            "pred_reduction": NaN,
            "actual_reduction": NaN,
            "trust_rejects": 0,
            "t_grad": 0.008378211059607565,
            "t_hess": 0.1817643550457433,
            "t_ls": 0.08042606001254171,
            "t_update": 9.104597847908735e-05,
            "t_iter": 0.2707832979504019,
            "trust_radius": 1.0,
            "trust_ratio": NaN,
            "trust_qp": NaN
          },
          {
            "it": 2,
            "energy": -7.551918344151531,
            "dE": 2.3829293265105616,
            "grad_norm": 8.546068067951282,
            "grad_target": 0.044819483078282936,
            "grad_norm_post": NaN,
            "alpha": 0.7233922046847389,
            "ksp_its": 2,
            "ls_evals": 9,
            "ls_repaired": false,
            "used_gradient_fallback": false,
            "accepted_step": true,
            "step_norm": 78.29720174326681,
            "step_rel": 0.2087514928970186,
            "pred_reduction": NaN,
            "actual_reduction": NaN,
            "trust_rejects": 0,
            "t_grad": 0.00877136003691703,
            "t_hess": 0.17237661010585725,
            "t_ls": 0.07300431502517313,
            "t_update": 0.00010156200733035803,
            "t_iter": 0.25434399291407317,
            "trust_radius": 1.0,
            "trust_ratio": NaN,
            "trust_qp": NaN
          },
          {
            "it": 3,
            "energy": -7.953110373586448,
            "dE": 0.4011920294349167,
            "grad_norm": 3.1064399227700594,
            "grad_target": 0.044819483078282936,
            "grad_norm_post": NaN,
            "alpha": 1.1413528796910493,
            "ksp_its": 2,
            "ls_evals": 9,
            "ls_repaired": false,
            "used_gradient_fallback": false,
            "accepted_step": true,
            "step_norm": 31.705387086171786,
            "step_rel": 0.07080381268109444,
            "pred_reduction": NaN,
            "actual_reduction": NaN,
            "trust_rejects": 0,
            "t_grad": 0.008476066985167563,
            "t_hess": 0.15949921996798366,
            "t_ls": 0.0728734479052946,
            "t_update": 9.949901141226292e-05,
            "t_iter": 0.24104555998928845,
            "trust_radius": 1.0,
            "trust_ratio": NaN,
            "trust_qp": NaN
          },
          {
            "it": 4,
            "energy": -7.959902182550614,
            "dE": 0.006791808964166535,
            "grad_norm": 0.3453937102115373,
            "grad_target": 0.044819483078282936,
            "grad_norm_post": NaN,
            "alpha": 1.1413528796910493,
            "ksp_its": 2,
            "ls_evals": 9,
            "ls_repaired": false,
            "used_gradient_fallback": false,
            "accepted_step": true,
            "step_norm": 1.1191831453955878,
            "step_rel": 0.0026879964569882947,
            "pred_reduction": NaN,
            "actual_reduction": NaN,
            "trust_rejects": 0,
            "t_grad": 0.008162145968526602,
            "t_hess": 0.17308602493721992,
            "t_ls": 0.08268327603582293,
            "t_update": 7.790699601173401e-05,
            "t_iter": 0.26411943999119103,
            "trust_radius": 1.0,
            "trust_ratio": NaN,
            "trust_qp": NaN
          },
          {
            "it": 5,
            "energy": -7.9600046337752435,
            "dE": 0.00010245122462926304,
            "grad_norm": 0.035922637044088455,
            "grad_target": 0.044819483078282936,
            "grad_norm_post": NaN,
            "alpha": 1.088137289060528,
            "ksp_its": 2,
            "ls_evals": 9,
            "ls_repaired": false,
            "used_gradient_fallback": false,
            "accepted_step": true,
            "step_norm": 0.06369059984044274,
            "step_rel": 0.00015322854740663713,
            "pred_reduction": NaN,
            "actual_reduction": NaN,
            "trust_rejects": 0,
            "t_grad": 0.00855725898873061,
            "t_hess": 0.1716353400843218,
            "t_ls": 0.07296714896801859,
            "t_update": 9.624403901398182e-05,
            "t_iter": 0.2533491130452603,
            "trust_radius": 1.0,
            "trust_ratio": NaN,
            "trust_qp": NaN
          },
          {
            "it": 6,
            "energy": -7.960005690089587,
            "dE": 1.0563143435504685e-06,
            "grad_norm": 0.0031334752152966114,
            "grad_target": 0.044819483078282936,
            "grad_norm_post": 0.0001717990968061651,
            "alpha": 1.0552482453194671,
            "ksp_its": 2,
            "ls_evals": 9,
            "ls_repaired": false,
            "used_gradient_fallback": false,
            "accepted_step": true,
            "step_norm": 0.005444190646968244,
            "step_rel": 1.3098682416689208e-05,
            "pred_reduction": NaN,
            "actual_reduction": NaN,
            "trust_rejects": 0,
            "t_grad": 0.008305931929498911,
            "t_hess": 0.16867104195989668,
            "t_ls": 0.07273118500597775,
            "t_update": 0.0001038659829646349,
            "t_iter": 0.2498966020066291,
            "trust_radius": 1.0,
            "trust_ratio": NaN,
            "trust_qp": NaN
          }
        ],
        "linear_timing": [
          {
            "assemble_total_time": 0.024456753977574408,
            "setop_time": 7.00005330145359e-06,
            "set_tolerances_time": 3.875000402331352e-06,
            "pc_setup_time": 0.11594548204448074,
            "solve_time": 0.041059844894334674,
            "linear_total_time": 0.1814729559700936,
            "ksp_its": 2
          },
          {
            "assemble_total_time": 0.022086248034611344,
            "setop_time": 2.65403650701046e-06,
            "set_tolerances_time": 2.8139911592006683e-06,
            "pc_setup_time": 0.1085715179797262,
            "solve_time": 0.04143062199000269,
            "linear_total_time": 0.17209385603200644,
            "ksp_its": 2
          },
          {
            "assemble_total_time": 0.02427232707850635,
            "setop_time": 1.7719576135277748e-06,
            "set_tolerances_time": 2.5229528546333313e-06,
            "pc_setup_time": 0.09618892089929432,
            "solve_time": 0.038757530972361565,
            "linear_total_time": 0.1592230738606304,
            "ksp_its": 2
          },
          {
            "assemble_total_time": 0.02204641792923212,
            "setop_time": 1.8320279195904732e-06,
            "set_tolerances_time": 2.134009264409542e-06,
            "pc_setup_time": 0.10796341602690518,
            "solve_time": 0.04279385693371296,
            "linear_total_time": 0.17280765692703426,
            "ksp_its": 2
          },
          {
            "assemble_total_time": 0.02421744493767619,
            "setop_time": 2.0030420273542404e-06,
            "set_tolerances_time": 2.803979441523552e-06,
            "pc_setup_time": 0.10487094707787037,
            "solve_time": 0.04226454405579716,
            "linear_total_time": 0.1713577430928126,
            "ksp_its": 2
          },
          {
            "assemble_total_time": 0.02201880607753992,
            "setop_time": 1.7120037227869034e-06,
            "set_tolerances_time": 2.5440240278840065e-06,
            "pc_setup_time": 0.10438618005719036,
            "solve_time": 0.04198752797674388,
            "linear_total_time": 0.16839677013922483,
            "ksp_its": 2
          }
        ]
      }
    ],
    "metadata": {
      "nprocs": 16,
      "problem": {
        "name": "pLaplace2D",
        "p": 3.0,
        "rhs_f": -10.0
      },
      "linear_solver": {
        "ksp_type": "cg",
        "pc_type": "hypre",
        "ksp_rtol": 0.1,
        "ksp_max_it": 30,
        "pc_setup_on_ksp_cap": false,
        "gamg_threshold": 0.05,
        "gamg_agg_nsmooths": 1,
        "gamg_set_coordinates": true,
        "assembly_mode": "fenics",
        "assembler": "FEniCSFormAssembly",
        "distribution_strategy": "dolfinx_mesh_partition",
        "trust_subproblem_solver": "direct_linear_solve",
        "trust_subproblem_line_search": false
      },
      "newton": {
        "tolf": 0.0001,
        "tolg": 0.001,
        "tolg_rel": 0.001,
        "tolx_rel": 0.001,
        "tolx_abs": 1e-10,
        "maxit": 100,
        "require_all_convergence": true,
        "fail_on_nonfinite": true,
        "linesearch_interval": [
          -0.5,
          2.0
        ],
        "linesearch_tol": 0.1,
        "trust_region": false,
        "trust_radius_init": 1.0,
        "trust_radius_min": 1e-08,
        "trust_radius_max": 1000000.0,
        "trust_subproblem_line_search": false,
        "step_time_limit_s": null
      }
    }
  }
}
