{
  "case": {
    "problem": "plaplace",
    "backend": "fenics",
    "level": 6,
    "out": "/home/michal/repos/fenics_nonlinear_energies/artifacts/reproduction/2026-03-15_refactor_stage2b_final/full/plaplace_final_suite/fenics_custom_l6_np8.json",
    "quiet": true,
    "save_history": true,
    "save_linear_timing": true,
    "steps": 1,
    "start_step": 1,
    "total_steps": 24,
    "ksp_type": "cg",
    "pc_type": "hypre",
    "ksp_rtol": 0.1,
    "ksp_max_it": 30,
    "profile": "reference",
    "coloring_trials": 10,
    "nproc_threads": 1,
    "hvp_eval_mode": "sequential",
    "element_reorder_mode": null,
    "local_hessian_mode": null,
    "tolf": 0.0001,
    "tolg": 0.001,
    "tolg_rel": 0.001,
    "tolx_rel": 0.001,
    "tolx_abs": 1e-10,
    "maxit": 100,
    "step_time_limit_s": null,
    "linesearch_a": -0.5,
    "linesearch_b": 2.0,
    "linesearch_tol": 0.1,
    "use_trust_region": false,
    "trust_radius_init": 1.0,
    "trust_radius_min": 1e-08,
    "trust_radius_max": 1000000.0,
    "trust_shrink": 0.5,
    "trust_expand": 1.5,
    "trust_eta_shrink": 0.05,
    "trust_eta_expand": 0.75,
    "trust_max_reject": 6,
    "trust_subproblem_line_search": false,
    "local_coloring": true,
    "retry_on_failure": false,
    "pc_setup_on_ksp_cap": false,
    "use_near_nullspace": true,
    "reorder": null,
    "gamg_threshold": 0.05,
    "gamg_agg_nsmooths": 1,
    "gamg_set_coordinates": true
  },
  "result": {
    "mesh_level": 6,
    "total_dofs": 12545,
    "free_dofs": 12513,
    "setup_time": 0.050935,
    "solve_time_total": 0.141972,
    "total_time": 0.192978,
    "steps": [
      {
        "step": 1,
        "time": 0.141972,
        "nit": 6,
        "linear_iters": 11,
        "energy": -7.954563583001349,
        "message": "Converged (energy, step, gradient)",
        "attempt": "primary",
        "ksp_rtol_used": 0.1,
        "ksp_max_it_used": 30,
        "linesearch_interval_used": [
          -0.5,
          2.0
        ],
        "history": [
          {
            "it": 1,
            "energy": -5.865915082919775,
            "dE": 6.079869084512134,
            "grad_norm": 0.7633195219563464,
            "grad_target": 0.001,
            "grad_norm_post": NaN,
            "alpha": 0.18643785156578707,
            "ksp_its": 1,
            "ls_evals": 9,
            "ls_repaired": false,
            "used_gradient_fallback": false,
            "accepted_step": true,
            "step_norm": 39.51704318129218,
            "step_rel": 39.51704318129218,
            "pred_reduction": NaN,
            "actual_reduction": NaN,
            "trust_rejects": 0,
            "t_grad": 0.000502603012137115,
            "t_hess": 0.01833115704357624,
            "t_ls": 0.003140309010632336,
            "t_update": 2.5868997909128666e-05,
            "t_iter": 0.02202280203346163,
            "trust_radius": 1.0,
            "trust_ratio": NaN,
            "trust_qp": NaN
          },
          {
            "it": 2,
            "energy": -7.709560777438595,
            "dE": 1.8436456945188198,
            "grad_norm": 5.498669001368416,
            "grad_target": 0.001,
            "grad_norm_post": NaN,
            "alpha": 0.5840719796826351,
            "ksp_its": 2,
            "ls_evals": 9,
            "ls_repaired": false,
            "used_gradient_fallback": false,
            "accepted_step": true,
            "step_norm": 14.311972900309483,
            "step_rel": 0.3665826931956232,
            "pred_reduction": NaN,
            "actual_reduction": NaN,
            "trust_rejects": 0,
            "t_grad": 0.00045234791468828917,
            "t_hess": 0.020614841021597385,
            "t_ls": 0.0031852659303694963,
            "t_update": 5.6394957937300205e-05,
            "t_iter": 0.024290011962875724,
            "trust_radius": 1.0,
            "trust_ratio": NaN,
            "trust_qp": NaN
          },
          {
            "it": 3,
            "energy": -7.950742690499624,
            "dE": 0.24118191306102865,
            "grad_norm": 2.473068801036926,
            "grad_target": 0.001,
            "grad_norm_post": NaN,
            "alpha": 1.088137289060528,
            "ksp_its": 2,
            "ls_evals": 9,
            "ls_repaired": false,
            "used_gradient_fallback": false,
            "accepted_step": true,
            "step_norm": 0.8383692591694636,
            "step_rel": 0.015842698624295742,
            "pred_reduction": NaN,
            "actual_reduction": NaN,
            "trust_rejects": 0,
            "t_grad": 0.0003773459466174245,
            "t_hess": 0.018768482957966626,
            "t_ls": 0.003226908971555531,
            "t_update": 2.3575033992528915e-05,
            "t_iter": 0.022418054984882474,
            "trust_radius": 1.0,
            "trust_ratio": NaN,
            "trust_qp": NaN
          },
          {
            "it": 4,
            "energy": -7.954519213227338,
            "dE": 0.0037765227277146707,
            "grad_norm": 0.23636948675897504,
            "grad_target": 0.001,
            "grad_norm_post": NaN,
            "alpha": 1.088137289060528,
            "ksp_its": 2,
            "ls_evals": 9,
            "ls_repaired": false,
            "used_gradient_fallback": false,
            "accepted_step": true,
            "step_norm": 0.37535090924418546,
            "step_rel": 0.007180267984871137,
            "pred_reduction": NaN,
            "actual_reduction": NaN,
            "trust_rejects": 0,
            "t_grad": 0.00045841699466109276,
            "t_hess": 0.01976177201140672,
            "t_ls": 0.003156272927299142,
            "t_update": 2.6860972866415977e-05,
            "t_iter": 0.023420417914167047,
            "trust_radius": 1.0,
            "trust_ratio": NaN,
            "trust_qp": NaN
          },
          {
            "it": 5,
            "energy": -7.954563440404056,
            "dE": 4.422717671737075e-05,
            "grad_norm": 0.02185199132584394,
            "grad_target": 0.001,
            "grad_norm_post": 0.0011988797749030303,
            "alpha": 1.088137289060528,
            "ksp_its": 2,
            "ls_evals": 9,
            "ls_repaired": false,
            "used_gradient_fallback": false,
            "accepted_step": true,
            "step_norm": 0.02639932444758443,
            "step_rel": 0.0005085865935778783,
            "pred_reduction": NaN,
            "actual_reduction": NaN,
            "trust_rejects": 0,
            "t_grad": 0.0004426039522513747,
            "t_hess": 0.018589063081890345,
            "t_ls": 0.0031751010101288557,
            "t_update": 5.2459072321653366e-05,
            "t_iter": 0.022243113024160266,
            "trust_radius": 1.0,
            "trust_ratio": NaN,
            "trust_qp": NaN
          },
          {
            "it": 6,
            "energy": -7.954563583001349,
            "dE": 1.425972930846342e-07,
            "grad_norm": 0.0011988797749030303,
            "grad_target": 0.001,
            "grad_norm_post": 6.724994642277307e-06,
            "alpha": 1.002032654688946,
            "ksp_its": 2,
            "ls_evals": 9,
            "ls_repaired": false,
            "used_gradient_fallback": false,
            "accepted_step": true,
            "step_norm": 0.0021591412569223934,
            "step_rel": 4.1576205034025887e-05,
            "pred_reduction": NaN,
            "actual_reduction": NaN,
            "trust_rejects": 0,
            "t_grad": 0.00041981996037065983,
            "t_hess": 0.022308671032078564,
            "t_ls": 0.0030638850294053555,
            "t_update": 1.5423051081597805e-05,
            "t_iter": 0.025846546981483698,
            "trust_radius": 1.0,
            "trust_ratio": NaN,
            "trust_qp": NaN
          }
        ],
        "linear_timing": [
          {
            "assemble_total_time": 0.0011727780802175403,
            "setop_time": 1.3319076970219612e-06,
            "set_tolerances_time": 1.2620585039258003e-06,
            "pc_setup_time": 0.01407771895173937,
            "solve_time": 0.0029798379400745034,
            "linear_total_time": 0.018232928938232362,
            "ksp_its": 1
          },
          {
            "assemble_total_time": 0.0010514470050111413,
            "setop_time": 1.2919772416353226e-06,
            "set_tolerances_time": 1.5320256352424622e-06,
            "pc_setup_time": 0.014846031088382006,
            "solve_time": 0.004612025106325746,
            "linear_total_time": 0.02051232720259577,
            "ksp_its": 2
          },
          {
            "assemble_total_time": 0.0008536400273442268,
            "setop_time": 9.610084816813469e-07,
            "set_tolerances_time": 1.051928848028183e-06,
            "pc_setup_time": 0.013168646022677422,
            "solve_time": 0.004654888994991779,
            "linear_total_time": 0.018679187982343137,
            "ksp_its": 2
          },
          {
            "assemble_total_time": 0.0010960539802908897,
            "setop_time": 9.91043634712696e-07,
            "set_tolerances_time": 1.15192960947752e-06,
            "pc_setup_time": 0.013564759981818497,
            "solve_time": 0.004996011033654213,
            "linear_total_time": 0.01965896796900779,
            "ksp_its": 2
          },
          {
            "assemble_total_time": 0.0010556530905887485,
            "setop_time": 1.1010561138391495e-06,
            "set_tolerances_time": 1.110951416194439e-06,
            "pc_setup_time": 0.013282748055644333,
            "solve_time": 0.004156863084062934,
            "linear_total_time": 0.01849747623782605,
            "ksp_its": 2
          },
          {
            "assemble_total_time": 0.0012002299772575498,
            "setop_time": 1.101987436413765e-06,
            "set_tolerances_time": 1.252046786248684e-06,
            "pc_setup_time": 0.015697999042458832,
            "solve_time": 0.00529238604940474,
            "linear_total_time": 0.022192969103343785,
            "ksp_its": 2
          }
        ]
      }
    ],
    "metadata": {
      "nprocs": 8,
      "problem": {
        "name": "pLaplace2D",
        "p": 3.0,
        "rhs_f": -10.0
      },
      "linear_solver": {
        "ksp_type": "cg",
        "pc_type": "hypre",
        "ksp_rtol": 0.1,
        "ksp_max_it": 30,
        "pc_setup_on_ksp_cap": false,
        "gamg_threshold": 0.05,
        "gamg_agg_nsmooths": 1,
        "gamg_set_coordinates": true,
        "assembly_mode": "fenics",
        "assembler": "FEniCSFormAssembly",
        "distribution_strategy": "dolfinx_mesh_partition",
        "trust_subproblem_solver": "direct_linear_solve",
        "trust_subproblem_line_search": false
      },
      "newton": {
        "tolf": 0.0001,
        "tolg": 0.001,
        "tolg_rel": 0.001,
        "tolx_rel": 0.001,
        "tolx_abs": 1e-10,
        "maxit": 100,
        "require_all_convergence": true,
        "fail_on_nonfinite": true,
        "linesearch_interval": [
          -0.5,
          2.0
        ],
        "linesearch_tol": 0.1,
        "trust_region": false,
        "trust_radius_init": 1.0,
        "trust_radius_min": 1e-08,
        "trust_radius_max": 1000000.0,
        "trust_subproblem_line_search": false,
        "step_time_limit_s": null
      }
    }
  }
}
