An NVIDIA GPU may be present on this machine, but a CUDA-enabled jaxlib is not installed. Falling back to cpu.
{
  "case": {
    "problem": "plaplace",
    "backend": "element",
    "level": 6,
    "out": "/home/michal/repos/fenics_nonlinear_energies/artifacts/reproduction/2026-03-15_refactor_stage2b_final/full/plaplace_final_suite/jax_petsc_local_sfd_l6_np1.json",
    "quiet": true,
    "save_history": true,
    "save_linear_timing": true,
    "steps": 1,
    "start_step": 1,
    "total_steps": 24,
    "ksp_type": "cg",
    "pc_type": "hypre",
    "ksp_rtol": 0.1,
    "ksp_max_it": 30,
    "profile": "reference",
    "coloring_trials": 10,
    "nproc_threads": 1,
    "hvp_eval_mode": "sequential",
    "element_reorder_mode": "block_xyz",
    "local_hessian_mode": "sfd_local",
    "tolf": 0.0001,
    "tolg": 0.001,
    "tolg_rel": 0.001,
    "tolx_rel": 0.001,
    "tolx_abs": 1e-10,
    "maxit": 100,
    "step_time_limit_s": null,
    "linesearch_a": -0.5,
    "linesearch_b": 2.0,
    "linesearch_tol": 0.1,
    "use_trust_region": false,
    "trust_radius_init": 1.0,
    "trust_radius_min": 1e-08,
    "trust_radius_max": 1000000.0,
    "trust_shrink": 0.5,
    "trust_expand": 1.5,
    "trust_eta_shrink": 0.05,
    "trust_eta_expand": 0.75,
    "trust_max_reject": 6,
    "trust_subproblem_line_search": false,
    "local_coloring": true,
    "retry_on_failure": false,
    "pc_setup_on_ksp_cap": false,
    "use_near_nullspace": true,
    "reorder": null,
    "gamg_threshold": 0.05,
    "gamg_agg_nsmooths": 1,
    "gamg_set_coordinates": true
  },
  "result": {
    "mesh_level": 6,
    "total_dofs": 12545,
    "free_dofs": 12033,
    "setup_time": 0.677367,
    "solve_time_total": 0.347454,
    "total_time": 1.066211,
    "steps": [
      {
        "step": 1,
        "time": 0.347454,
        "nit": 7,
        "linear_iters": 10,
        "energy": -7.954563580945161,
        "message": "Converged (energy, step, gradient)",
        "attempt": "primary",
        "ksp_rtol_used": 0.1,
        "ksp_max_it_used": 30,
        "linesearch_interval_used": [
          -0.5,
          2.0
        ],
        "history": [
          {
            "it": 1,
            "energy": 0.17986561797682976,
            "dE": 65342.826340704254,
            "grad_norm": 6978.482874326117,
            "grad_target": 6.978482874326117,
            "grad_norm_post": NaN,
            "alpha": 1.9569476828142078,
            "ksp_its": 2,
            "ls_evals": 9,
            "ls_repaired": false,
            "used_gradient_fallback": false,
            "accepted_step": true,
            "step_norm": 64.23608226653049,
            "step_rel": 1.0198185049072603,
            "pred_reduction": NaN,
            "actual_reduction": NaN,
            "trust_rejects": 0,
            "t_grad": 0.0005438070511445403,
            "t_hess": 0.17499689804390073,
            "t_ls": 0.007881794939748943,
            "t_update": 4.3869949877262115e-06,
            "t_iter": 0.18345622101332992,
            "trust_radius": 1.0,
            "trust_ratio": NaN,
            "trust_qp": NaN
          },
          {
            "it": 2,
            "energy": -5.813349501176752,
            "dE": 5.993215119153582,
            "grad_norm": 3.2681113773776533,
            "grad_target": 6.978482874326117,
            "grad_norm_post": NaN,
            "alpha": 0.41186271093947224,
            "ksp_its": 1,
            "ls_evals": 9,
            "ls_repaired": false,
            "used_gradient_fallback": false,
            "accepted_step": true,
            "step_norm": 38.27049161049059,
            "step_rel": 15.01805052590935,
            "pred_reduction": NaN,
            "actual_reduction": NaN,
            "trust_rejects": 0,
            "t_grad": 0.0005236470606178045,
            "t_hess": 0.019466732046566904,
            "t_ls": 0.007659371010959148,
            "t_update": 4.217028617858887e-06,
            "t_iter": 0.027674586046487093,
            "trust_radius": 1.0,
            "trust_ratio": NaN,
            "trust_qp": NaN
          },
          {
            "it": 3,
            "energy": -7.706286047604262,
            "dE": 1.89293654642751,
            "grad_norm": 5.4497639773356,
            "grad_target": 6.978482874326117,
            "grad_norm_post": NaN,
            "alpha": 0.6372875703131574,
            "ksp_its": 2,
            "ls_evals": 9,
            "ls_repaired": false,
            "used_gradient_fallback": false,
            "accepted_step": true,
            "step_norm": 13.134953882052336,
            "step_rel": 0.3231500933222927,
            "pred_reduction": NaN,
            "actual_reduction": NaN,
            "trust_rejects": 0,
            "t_grad": 0.0005000500241294503,
            "t_hess": 0.02138674503657967,
            "t_ls": 0.0076452899957075715,
            "t_update": 3.8960715755820274e-06,
            "t_iter": 0.029554229928180575,
            "trust_radius": 1.0,
            "trust_ratio": NaN,
            "trust_qp": NaN
          },
          {
            "it": 4,
            "energy": -7.942069610819262,
            "dE": 0.2357835632149996,
            "grad_norm": 2.1868483042732922,
            "grad_target": 6.978482874326117,
            "grad_norm_post": NaN,
            "alpha": 0.9488170640584248,
            "ksp_its": 1,
            "ls_evals": 9,
            "ls_repaired": false,
            "used_gradient_fallback": false,
            "accepted_step": true,
            "step_norm": 1.092767433954425,
            "step_rel": 0.020466458057859696,
            "pred_reduction": NaN,
            "actual_reduction": NaN,
            "trust_rejects": 0,
            "t_grad": 0.0005063710268586874,
            "t_hess": 0.018737075035460293,
            "t_ls": 0.007541374070569873,
            "t_update": 3.856024704873562e-06,
            "t_iter": 0.026805932051502168,
            "trust_radius": 1.0,
            "trust_ratio": NaN,
            "trust_qp": NaN
          },
          {
            "it": 5,
            "energy": -7.95432832348971,
            "dE": 0.012258712670448091,
            "grad_norm": 0.4539437557997801,
            "grad_target": 6.978482874326117,
            "grad_norm_post": NaN,
            "alpha": 1.0552482453194671,
            "ksp_its": 2,
            "ls_evals": 9,
            "ls_repaired": false,
            "used_gradient_fallback": false,
            "accepted_step": true,
            "step_norm": 0.657475783368752,
            "step_rel": 0.012509595722767894,
            "pred_reduction": NaN,
            "actual_reduction": NaN,
            "trust_rejects": 0,
            "t_grad": 0.0005086039891466498,
            "t_hess": 0.019397146999835968,
            "t_ls": 0.00759489496704191,
            "t_update": 4.225992597639561e-06,
            "t_iter": 0.027522538090124726,
            "trust_radius": 1.0,
            "trust_ratio": NaN,
            "trust_qp": NaN
          },
          {
            "it": 6,
            "energy": -7.954562301546508,
            "dE": 0.00023397805679792327,
            "grad_norm": 0.05407041073003038,
            "grad_target": 6.978482874326117,
            "grad_norm_post": NaN,
            "alpha": 1.088137289060528,
            "ksp_its": 1,
            "ls_evals": 9,
            "ls_repaired": false,
            "used_gradient_fallback": false,
            "accepted_step": true,
            "step_norm": 0.02288790992804161,
            "step_rel": 0.00044083806928631435,
            "pred_reduction": NaN,
            "actual_reduction": NaN,
            "trust_rejects": 0,
            "t_grad": 0.00046616001054644585,
            "t_hess": 0.017542832996696234,
            "t_ls": 0.007544818916358054,
            "t_update": 4.205969162285328e-06,
            "t_iter": 0.025575464009307325,
            "trust_radius": 1.0,
            "trust_ratio": NaN,
            "trust_qp": NaN
          },
          {
            "it": 7,
            "energy": -7.954563580945161,
            "dE": 1.279398652798136e-06,
            "grad_norm": 0.002918033573429359,
            "grad_target": 6.978482874326117,
            "grad_norm_post": 0.00013173863022211023,
            "alpha": 1.0552482453194671,
            "ksp_its": 1,
            "ls_evals": 9,
            "ls_repaired": false,
            "used_gradient_fallback": false,
            "accepted_step": true,
            "step_norm": 0.0018753625651563989,
            "step_rel": 3.611309855899669e-05,
            "pred_reduction": NaN,
            "actual_reduction": NaN,
            "trust_rejects": 0,
            "t_grad": 0.0005029049934819341,
            "t_hess": 0.017178446054458618,
            "t_ls": 0.007686301949433982,
            "t_update": 3.736000508069992e-06,
            "t_iter": 0.02538840309716761,
            "trust_radius": 1.0,
            "trust_ratio": NaN,
            "trust_qp": NaN
          }
        ],
        "linear_timing": [
          {
            "assemble_total_time": 0.15523947007022798,
            "assemble_p2p_exchange": 8.100096601992846e-05,
            "assemble_hvp_compute": 0.15460930299013853,
            "assemble_extraction": 0.00033923995215445757,
            "assemble_coo_assembly": 0.00018180301412940025,
            "assemble_n_hvps": 8,
            "setop_time": 3.514927811920643e-06,
            "set_tolerances_time": 2.3740576580166817e-06,
            "pc_setup_time": 0.015721917967312038,
            "solve_time": 0.003997833002358675,
            "linear_total_time": 0.17496511002536863,
            "ksp_its": 2
          },
          {
            "assemble_total_time": 0.0030229089315980673,
            "assemble_p2p_exchange": 0.00011914886999875307,
            "assemble_hvp_compute": 0.0021057319827377796,
            "assemble_extraction": 0.0004216929664835334,
            "assemble_coo_assembly": 0.0003551129484549165,
            "assemble_n_hvps": 8,
            "setop_time": 2.0030420273542404e-06,
            "set_tolerances_time": 1.8130522221326828e-06,
            "pc_setup_time": 0.013741133967414498,
            "solve_time": 0.0026727530639618635,
            "linear_total_time": 0.019440612057223916,
            "ksp_its": 1
          },
          {
            "assemble_total_time": 0.002060494036413729,
            "assemble_p2p_exchange": 7.546413689851761e-05,
            "assemble_hvp_compute": 0.0015969480155035853,
            "assemble_extraction": 0.00024085096083581448,
            "assemble_coo_assembly": 0.00013056606985628605,
            "assemble_n_hvps": 8,
            "setop_time": 9.309733286499977e-07,
            "set_tolerances_time": 1.5120021998882294e-06,
            "pc_setup_time": 0.014776518102735281,
            "solve_time": 0.004524933989159763,
            "linear_total_time": 0.02136438910383731,
            "ksp_its": 2
          },
          {
            "assemble_total_time": 0.0021764589473605156,
            "assemble_p2p_exchange": 7.646402809768915e-05,
            "assemble_hvp_compute": 0.0015993720153346658,
            "assemble_extraction": 0.0002566259354352951,
            "assemble_coo_assembly": 0.00022779195569455624,
            "assemble_n_hvps": 8,
            "setop_time": 1.05204526335001e-06,
            "set_tolerances_time": 1.4619436115026474e-06,
            "pc_setup_time": 0.013591328985057771,
            "solve_time": 0.0029458029894158244,
            "linear_total_time": 0.018716104910708964,
            "ksp_its": 1
          },
          {
            "assemble_total_time": 0.0021329630399122834,
            "assemble_p2p_exchange": 7.566402200609446e-05,
            "assemble_hvp_compute": 0.0015945950290188193,
            "assemble_extraction": 0.0002632059622555971,
            "assemble_coo_assembly": 0.0001828949898481369,
            "assemble_n_hvps": 8,
            "setop_time": 1.0220101103186607e-06,
            "set_tolerances_time": 1.5420373529195786e-06,
            "pc_setup_time": 0.012932538986206055,
            "solve_time": 0.004307316965423524,
            "linear_total_time": 0.0193753830390051,
            "ksp_its": 2
          },
          {
            "assemble_total_time": 0.002112140995450318,
            "assemble_p2p_exchange": 8.101202547550201e-05,
            "assemble_hvp_compute": 0.001618711045011878,
            "assemble_extraction": 0.0002489739563316107,
            "assemble_coo_assembly": 0.0001453279983252287,
            "assemble_n_hvps": 8,
            "setop_time": 1.0619405657052994e-06,
            "set_tolerances_time": 1.3320241123437881e-06,
            "pc_setup_time": 0.012576765031553805,
            "solve_time": 0.002828938071615994,
            "linear_total_time": 0.017520238063298166,
            "ksp_its": 1
          },
          {
            "assemble_total_time": 0.0021194019354879856,
            "assemble_p2p_exchange": 7.595389615744352e-05,
            "assemble_hvp_compute": 0.0015928520588204265,
            "assemble_extraction": 0.00025477202143520117,
            "assemble_coo_assembly": 0.00017889798618853092,
            "assemble_n_hvps": 8,
            "setop_time": 1.0110670700669289e-06,
            "set_tolerances_time": 1.3830140233039856e-06,
            "pc_setup_time": 0.012239217991009355,
            "solve_time": 0.002796549932099879,
            "linear_total_time": 0.01715756393969059,
            "ksp_its": 1
          }
        ]
      }
    ],
    "metadata": {
      "profile": "reference",
      "nprocs": 1,
      "nproc_threads": 1,
      "problem": {
        "name": "pLaplace2D"
      },
      "linear_solver": {
        "ksp_type": "cg",
        "pc_type": "hypre",
        "ksp_rtol": 0.1,
        "ksp_max_it": 30,
        "pc_setup_on_ksp_cap": false,
        "gamg_threshold": 0.05,
        "gamg_agg_nsmooths": 1,
        "gamg_set_coordinates": true,
        "reorder": true,
        "hvp_eval_mode": "sfd_local_batched",
        "assembly_mode": "element",
        "element_reorder_mode": "block_xyz",
        "local_hessian_mode": "sfd_local",
        "distribution_strategy": "overlap_allgather",
        "assembler": "PLaplaceReorderedElementAssembler",
        "trust_subproblem_solver": "direct_linear_solve",
        "trust_subproblem_line_search": false
      },
      "newton": {
        "tolf": 0.0001,
        "tolg": 0.001,
        "tolg_rel": 0.001,
        "tolx_rel": 0.001,
        "tolx_abs": 1e-10,
        "maxit": 100,
        "require_all_convergence": true,
        "fail_on_nonfinite": true,
        "linesearch_interval": [
          -0.5,
          2.0
        ],
        "linesearch_tol": 0.1,
        "trust_region": false,
        "trust_radius_init": 1.0,
        "trust_radius_min": 1e-08,
        "trust_radius_max": 1000000.0,
        "trust_subproblem_line_search": false,
        "step_time_limit_s": null
      }
    }
  }
}
