An NVIDIA GPU may be present on this machine, but a CUDA-enabled jaxlib is not installed. Falling back to cpu.
An NVIDIA GPU may be present on this machine, but a CUDA-enabled jaxlib is not installed. Falling back to cpu.
An NVIDIA GPU may be present on this machine, but a CUDA-enabled jaxlib is not installed. Falling back to cpu.
An NVIDIA GPU may be present on this machine, but a CUDA-enabled jaxlib is not installed. Falling back to cpu.
An NVIDIA GPU may be present on this machine, but a CUDA-enabled jaxlib is not installed. Falling back to cpu.
An NVIDIA GPU may be present on this machine, but a CUDA-enabled jaxlib is not installed. Falling back to cpu.
An NVIDIA GPU may be present on this machine, but a CUDA-enabled jaxlib is not installed. Falling back to cpu.
An NVIDIA GPU may be present on this machine, but a CUDA-enabled jaxlib is not installed. Falling back to cpu.
{
  "case": {
    "problem": "plaplace",
    "backend": "element",
    "level": 6,
    "out": "/home/michal/repos/fenics_nonlinear_energies/artifacts/reproduction/2026-03-15_refactor_stage2b_final/full/plaplace_final_suite/jax_petsc_local_sfd_l6_np8.json",
    "quiet": true,
    "save_history": true,
    "save_linear_timing": true,
    "steps": 1,
    "start_step": 1,
    "total_steps": 24,
    "ksp_type": "cg",
    "pc_type": "hypre",
    "ksp_rtol": 0.1,
    "ksp_max_it": 30,
    "profile": "reference",
    "coloring_trials": 10,
    "nproc_threads": 1,
    "hvp_eval_mode": "sequential",
    "element_reorder_mode": "block_xyz",
    "local_hessian_mode": "sfd_local",
    "tolf": 0.0001,
    "tolg": 0.001,
    "tolg_rel": 0.001,
    "tolx_rel": 0.001,
    "tolx_abs": 1e-10,
    "maxit": 100,
    "step_time_limit_s": null,
    "linesearch_a": -0.5,
    "linesearch_b": 2.0,
    "linesearch_tol": 0.1,
    "use_trust_region": false,
    "trust_radius_init": 1.0,
    "trust_radius_min": 1e-08,
    "trust_radius_max": 1000000.0,
    "trust_shrink": 0.5,
    "trust_expand": 1.5,
    "trust_eta_shrink": 0.05,
    "trust_eta_expand": 0.75,
    "trust_max_reject": 6,
    "trust_subproblem_line_search": false,
    "local_coloring": true,
    "retry_on_failure": false,
    "pc_setup_on_ksp_cap": false,
    "use_near_nullspace": true,
    "reorder": null,
    "gamg_threshold": 0.05,
    "gamg_agg_nsmooths": 1,
    "gamg_set_coordinates": true
  },
  "result": {
    "mesh_level": 6,
    "total_dofs": 12545,
    "free_dofs": 12033,
    "setup_time": 0.598201,
    "solve_time_total": 0.296024,
    "total_time": 0.939318,
    "steps": [
      {
        "step": 1,
        "time": 0.296024,
        "nit": 7,
        "linear_iters": 11,
        "energy": -7.9545635809334385,
        "message": "Converged (energy, step, gradient)",
        "attempt": "primary",
        "ksp_rtol_used": 0.1,
        "ksp_max_it_used": 30,
        "linesearch_interval_used": [
          -0.5,
          2.0
        ],
        "history": [
          {
            "it": 1,
            "energy": 0.18884599252949152,
            "dE": 65342.8173603297,
            "grad_norm": 6978.482874326117,
            "grad_target": 6.978482874326117,
            "grad_norm_post": NaN,
            "alpha": 1.9569476828142078,
            "ksp_its": 2,
            "ls_evals": 9,
            "ls_repaired": false,
            "used_gradient_fallback": false,
            "accepted_step": true,
            "step_norm": 64.20617777462849,
            "step_rel": 1.0193437381851091,
            "pred_reduction": NaN,
            "actual_reduction": NaN,
            "trust_rejects": 0,
            "t_grad": 0.0003569660475477576,
            "t_hess": 0.16121605306398124,
            "t_ls": 0.005551356007345021,
            "t_update": 2.6640482246875763e-06,
            "t_iter": 0.1671723279869184,
            "trust_radius": 1.0,
            "trust_ratio": NaN,
            "trust_qp": NaN
          },
          {
            "it": 2,
            "energy": -5.778320827226917,
            "dE": 5.967166819756408,
            "grad_norm": 3.268162313129118,
            "grad_target": 6.978482874326117,
            "grad_norm_post": NaN,
            "alpha": 0.41186271093947224,
            "ksp_its": 1,
            "ls_evals": 9,
            "ls_repaired": false,
            "used_gradient_fallback": false,
            "accepted_step": true,
            "step_norm": 38.45489977648574,
            "step_rel": 15.302599376983444,
            "pred_reduction": NaN,
            "actual_reduction": NaN,
            "trust_rejects": 0,
            "t_grad": 0.00030761200468987226,
            "t_hess": 0.015339073957875371,
            "t_ls": 0.005137565080076456,
            "t_update": 2.5639310479164124e-06,
            "t_iter": 0.02082438103388995,
            "trust_radius": 1.0,
            "trust_ratio": NaN,
            "trust_qp": NaN
          },
          {
            "it": 3,
            "energy": -7.703458803991196,
            "dE": 1.9251379767642787,
            "grad_norm": 5.514273786965796,
            "grad_target": 6.978482874326117,
            "grad_norm_post": NaN,
            "alpha": 0.6372875703131574,
            "ksp_its": 2,
            "ls_evals": 9,
            "ls_repaired": false,
            "used_gradient_fallback": false,
            "accepted_step": true,
            "step_norm": 13.079705820521943,
            "step_rel": 0.3206142990407166,
            "pred_reduction": NaN,
            "actual_reduction": NaN,
            "trust_rejects": 0,
            "t_grad": 0.00029250001534819603,
            "t_hess": 0.01748384500388056,
            "t_ls": 0.005143293994478881,
            "t_update": 2.113054506480694e-06,
            "t_iter": 0.022958685993216932,
            "trust_radius": 1.0,
            "trust_ratio": NaN,
            "trust_qp": NaN
          },
          {
            "it": 4,
            "energy": -7.941036212194441,
            "dE": 0.23757740820324535,
            "grad_norm": 2.195274830502722,
            "grad_target": 6.978482874326117,
            "grad_norm_post": NaN,
            "alpha": 0.9488170640584248,
            "ksp_its": 2,
            "ls_evals": 9,
            "ls_repaired": false,
            "used_gradient_fallback": false,
            "accepted_step": true,
            "step_norm": 1.2491547012263562,
            "step_rel": 0.023361260800309182,
            "pred_reduction": NaN,
            "actual_reduction": NaN,
            "trust_rejects": 0,
            "t_grad": 0.00028693105559796095,
            "t_hess": 0.015990723040886223,
            "t_ls": 0.005123133072629571,
            "t_update": 2.2529857233166695e-06,
            "t_iter": 0.02144012600183487,
            "trust_radius": 1.0,
            "trust_ratio": NaN,
            "trust_qp": NaN
          },
          {
            "it": 5,
            "energy": -7.954317846660756,
            "dE": 0.01328163446631514,
            "grad_norm": 0.49156492766832943,
            "grad_target": 6.978482874326117,
            "grad_norm_post": NaN,
            "alpha": 1.088137289060528,
            "ksp_its": 2,
            "ls_evals": 9,
            "ls_repaired": false,
            "used_gradient_fallback": false,
            "accepted_step": true,
            "step_norm": 0.5957869666360527,
            "step_rel": 0.011353022489397947,
            "pred_reduction": NaN,
            "actual_reduction": NaN,
            "trust_rejects": 0,
            "t_grad": 0.000288583105430007,
            "t_hess": 0.015830853022634983,
            "t_ls": 0.005109331919811666,
            "t_update": 2.3239990696310997e-06,
            "t_iter": 0.021268368000164628,
            "trust_radius": 1.0,
            "trust_ratio": NaN,
            "trust_qp": NaN
          },
          {
            "it": 6,
            "energy": -7.954562323651414,
            "dE": 0.00024447699065799355,
            "grad_norm": 0.05687878725085356,
            "grad_target": 6.978482874326117,
            "grad_norm_post": NaN,
            "alpha": 1.088137289060528,
            "ksp_its": 1,
            "ls_evals": 9,
            "ls_repaired": false,
            "used_gradient_fallback": false,
            "accepted_step": true,
            "step_norm": 0.02878114921096649,
            "step_rel": 0.000554468653498811,
            "pred_reduction": NaN,
            "actual_reduction": NaN,
            "trust_rejects": 0,
            "t_grad": 0.00029124808497726917,
            "t_hess": 0.015464302035979927,
            "t_ls": 0.005110885016620159,
            "t_update": 2.043088898062706e-06,
            "t_iter": 0.020905832992866635,
            "trust_radius": 1.0,
            "trust_ratio": NaN,
            "trust_qp": NaN
          },
          {
            "it": 7,
            "energy": -7.9545635809334385,
            "dE": 1.257282024269557e-06,
            "grad_norm": 0.003111283169208386,
            "grad_target": 6.978482874326117,
            "grad_norm_post": 9.003812070349423e-05,
            "alpha": 1.002032654688946,
            "ksp_its": 1,
            "ls_evals": 9,
            "ls_repaired": false,
            "used_gradient_fallback": false,
            "accepted_step": true,
            "step_norm": 0.0016546514316976826,
            "step_rel": 3.186296516403098e-05,
            "pred_reduction": NaN,
            "actual_reduction": NaN,
            "trust_rejects": 0,
            "t_grad": 0.0002837959909811616,
            "t_hess": 0.014799003023654222,
            "t_ls": 0.005132746999152005,
            "t_update": 2.1329615265130997e-06,
            "t_iter": 0.020254895905964077,
            "trust_radius": 1.0,
            "trust_ratio": NaN,
            "trust_qp": NaN
          }
        ],
        "linear_timing": [
          {
            "assemble_total_time": 0.1451435670023784,
            "assemble_p2p_exchange": 8.537899702787399e-05,
            "assemble_hvp_compute": 0.13352709403261542,
            "assemble_extraction": 8.375593461096287e-05,
            "assemble_coo_assembly": 0.011417875997722149,
            "assemble_n_hvps": 8,
            "setop_time": 3.80596611648798e-06,
            "set_tolerances_time": 2.393033355474472e-06,
            "pc_setup_time": 0.012725929962471128,
            "solve_time": 0.003288027015514672,
            "linear_total_time": 0.16116372297983617,
            "ksp_its": 2
          },
          {
            "assemble_total_time": 0.0011928409803658724,
            "assemble_p2p_exchange": 7.429206743836403e-05,
            "assemble_hvp_compute": 0.00044515810441225767,
            "assemble_extraction": 8.203298784792423e-05,
            "assemble_coo_assembly": 0.000573099940083921,
            "assemble_n_hvps": 8,
            "setop_time": 2.403976395726204e-06,
            "set_tolerances_time": 2.162996679544449e-06,
            "pc_setup_time": 0.011796553968451917,
            "solve_time": 0.0023019169457256794,
            "linear_total_time": 0.01529587886761874,
            "ksp_its": 1
          },
          {
            "assemble_total_time": 0.0007181590190157294,
            "assemble_p2p_exchange": 7.484294474124908e-05,
            "assemble_hvp_compute": 0.00044077192433178425,
            "assemble_extraction": 5.5653974413871765e-05,
            "assemble_coo_assembly": 0.00013298005796968937,
            "assemble_n_hvps": 8,
            "setop_time": 1.7919810488820076e-06,
            "set_tolerances_time": 1.7329584807157516e-06,
            "pc_setup_time": 0.01298599992878735,
            "solve_time": 0.003736510989256203,
            "linear_total_time": 0.01744419487658888,
            "ksp_its": 2
          },
          {
            "assemble_total_time": 0.0007786789210513234,
            "assemble_p2p_exchange": 7.543398533016443e-05,
            "assemble_hvp_compute": 0.00043644499965012074,
            "assemble_extraction": 5.517294630408287e-05,
            "assemble_coo_assembly": 0.00019742606673389673,
            "assemble_n_hvps": 8,
            "setop_time": 1.9029248505830765e-06,
            "set_tolerances_time": 1.8329592421650887e-06,
            "pc_setup_time": 0.01185895805247128,
            "solve_time": 0.003310760948807001,
            "linear_total_time": 0.015952133806422353,
            "ksp_its": 2
          },
          {
            "assemble_total_time": 0.0007499359780922532,
            "assemble_p2p_exchange": 7.488194387406111e-05,
            "assemble_hvp_compute": 0.0004320089938119054,
            "assemble_extraction": 5.615502595901489e-05,
            "assemble_coo_assembly": 0.0001718079438433051,
            "assemble_n_hvps": 8,
            "setop_time": 2.143089659512043e-06,
            "set_tolerances_time": 1.7629936337471008e-06,
            "pc_setup_time": 0.011711938073858619,
            "solve_time": 0.003324943012557924,
            "linear_total_time": 0.015790723147802055,
            "ksp_its": 2
          },
          {
            "assemble_total_time": 0.0007211430929601192,
            "assemble_p2p_exchange": 7.441290654242039e-05,
            "assemble_hvp_compute": 0.0004481630166992545,
            "assemble_extraction": 5.593395326286554e-05,
            "assemble_coo_assembly": 0.00012812193017452955,
            "assemble_n_hvps": 8,
            "setop_time": 1.5620607882738113e-06,
            "set_tolerances_time": 1.3220123946666718e-06,
            "pc_setup_time": 0.012297546956688166,
            "solve_time": 0.002398342010565102,
            "linear_total_time": 0.015419916133396327,
            "ksp_its": 1
          },
          {
            "assemble_total_time": 0.0007530610309913754,
            "assemble_p2p_exchange": 7.45521392673254e-05,
            "assemble_hvp_compute": 0.00043607503175735474,
            "assemble_extraction": 5.592394154518843e-05,
            "assemble_coo_assembly": 0.0001725089969113469,
            "assemble_n_hvps": 8,
            "setop_time": 1.7620623111724854e-06,
            "set_tolerances_time": 1.9730068743228912e-06,
            "pc_setup_time": 0.011674880981445312,
            "solve_time": 0.0023257120046764612,
            "linear_total_time": 0.014757389086298645,
            "ksp_its": 1
          }
        ]
      }
    ],
    "metadata": {
      "profile": "reference",
      "nprocs": 8,
      "nproc_threads": 1,
      "problem": {
        "name": "pLaplace2D"
      },
      "linear_solver": {
        "ksp_type": "cg",
        "pc_type": "hypre",
        "ksp_rtol": 0.1,
        "ksp_max_it": 30,
        "pc_setup_on_ksp_cap": false,
        "gamg_threshold": 0.05,
        "gamg_agg_nsmooths": 1,
        "gamg_set_coordinates": true,
        "reorder": true,
        "hvp_eval_mode": "sfd_local_batched",
        "assembly_mode": "element",
        "element_reorder_mode": "block_xyz",
        "local_hessian_mode": "sfd_local",
        "distribution_strategy": "overlap_allgather",
        "assembler": "PLaplaceReorderedElementAssembler",
        "trust_subproblem_solver": "direct_linear_solve",
        "trust_subproblem_line_search": false
      },
      "newton": {
        "tolf": 0.0001,
        "tolg": 0.001,
        "tolg_rel": 0.001,
        "tolx_rel": 0.001,
        "tolx_abs": 1e-10,
        "maxit": 100,
        "require_all_convergence": true,
        "fail_on_nonfinite": true,
        "linesearch_interval": [
          -0.5,
          2.0
        ],
        "linesearch_tol": 0.1,
        "trust_region": false,
        "trust_radius_init": 1.0,
        "trust_radius_min": 1e-08,
        "trust_radius_max": 1000000.0,
        "trust_subproblem_line_search": false,
        "step_time_limit_s": null
      }
    }
  }
}
