An NVIDIA GPU may be present on this machine, but a CUDA-enabled jaxlib is not installed. Falling back to cpu.
{
  "case": {
    "problem": "plaplace",
    "backend": "element",
    "level": 9,
    "out": "/home/michal/repos/fenics_nonlinear_energies/artifacts/reproduction/2026-03-15_refactor_stage2b_final/full/plaplace_final_suite/jax_petsc_element_l9_np1.json",
    "quiet": true,
    "save_history": true,
    "save_linear_timing": true,
    "steps": 1,
    "start_step": 1,
    "total_steps": 24,
    "ksp_type": "cg",
    "pc_type": "hypre",
    "ksp_rtol": 0.1,
    "ksp_max_it": 30,
    "profile": "reference",
    "coloring_trials": 10,
    "nproc_threads": 1,
    "hvp_eval_mode": "sequential",
    "element_reorder_mode": "block_xyz",
    "local_hessian_mode": "element",
    "tolf": 0.0001,
    "tolg": 0.001,
    "tolg_rel": 0.001,
    "tolx_rel": 0.001,
    "tolx_abs": 1e-10,
    "maxit": 100,
    "step_time_limit_s": null,
    "linesearch_a": -0.5,
    "linesearch_b": 2.0,
    "linesearch_tol": 0.1,
    "use_trust_region": false,
    "trust_radius_init": 1.0,
    "trust_radius_min": 1e-08,
    "trust_radius_max": 1000000.0,
    "trust_shrink": 0.5,
    "trust_expand": 1.5,
    "trust_eta_shrink": 0.05,
    "trust_eta_expand": 0.75,
    "trust_max_reject": 6,
    "trust_subproblem_line_search": false,
    "local_coloring": true,
    "retry_on_failure": false,
    "pc_setup_on_ksp_cap": false,
    "use_near_nullspace": true,
    "reorder": null,
    "gamg_threshold": 0.05,
    "gamg_agg_nsmooths": 1,
    "gamg_set_coordinates": true
  },
  "result": {
    "mesh_level": 9,
    "total_dofs": 788481,
    "free_dofs": 784385,
    "setup_time": 10.061554,
    "solve_time_total": 10.102413,
    "total_time": 20.527151,
    "steps": [
      {
        "step": 1,
        "time": 10.102413,
        "nit": 6,
        "linear_iters": 11,
        "energy": -7.960004375768515,
        "message": "Converged (energy, step, gradient)",
        "attempt": "primary",
        "ksp_rtol_used": 0.1,
        "ksp_max_it_used": 30,
        "linesearch_interval_used": [
          -0.5,
          2.0
        ],
        "history": [
          {
            "it": 1,
            "energy": 331.4185076877738,
            "dE": 33077101.463855598,
            "grad_norm": 448769.7866275505,
            "grad_target": 448.7697866275505,
            "grad_norm_post": NaN,
            "alpha": 1.9569476828142078,
            "ksp_its": 2,
            "ls_evals": 9,
            "ls_repaired": false,
            "used_gradient_fallback": false,
            "accepted_step": true,
            "step_norm": 482.47537923901194,
            "step_rel": 0.943135549508926,
            "pred_reduction": NaN,
            "actual_reduction": NaN,
            "trust_rejects": 0,
            "t_grad": 0.025875402032397687,
            "t_hess": 1.4927140559302643,
            "t_ls": 0.33895118499640375,
            "t_update": 0.0001918179914355278,
            "t_iter": 1.857901055016555,
            "trust_radius": 1.0,
            "trust_ratio": NaN,
            "trust_qp": NaN
          },
          {
            "it": 2,
            "energy": -4.961754925277371,
            "dE": 336.3802626130512,
            "grad_norm": 208.09362460263986,
            "grad_target": 448.7697866275505,
            "grad_norm_post": NaN,
            "alpha": 1.9569476828142078,
            "ksp_its": 2,
            "ls_evals": 9,
            "ls_repaired": false,
            "used_gradient_fallback": false,
            "accepted_step": true,
            "step_norm": 227.42534570697634,
            "step_rel": 7.121029689283039,
            "pred_reduction": NaN,
            "actual_reduction": NaN,
            "trust_rejects": 0,
            "t_grad": 0.026497817947529256,
            "t_hess": 1.4529940680367872,
            "t_ls": 0.335751665988937,
            "t_update": 0.00019228796008974314,
            "t_iter": 1.8156001269817352,
            "trust_radius": 1.0,
            "trust_ratio": NaN,
            "trust_qp": NaN
          },
          {
            "it": 3,
            "energy": -7.534270238400642,
            "dE": 2.5725153131232705,
            "grad_norm": 2.3173380104183865,
            "grad_target": 448.7697866275505,
            "grad_norm_post": NaN,
            "alpha": 0.41186271093947224,
            "ksp_its": 1,
            "ls_evals": 9,
            "ls_repaired": false,
            "used_gradient_fallback": false,
            "accepted_step": true,
            "step_norm": 173.51385808385052,
            "step_rel": 0.8773206206995713,
            "pred_reduction": NaN,
            "actual_reduction": NaN,
            "trust_rejects": 0,
            "t_grad": 0.02538431598804891,
            "t_hess": 1.359457749989815,
            "t_ls": 0.3348722610389814,
            "t_update": 0.00018681003712117672,
            "t_iter": 1.7200697399675846,
            "trust_radius": 1.0,
            "trust_ratio": NaN,
            "trust_qp": NaN
          },
          {
            "it": 4,
            "energy": -7.951695973756728,
            "dE": 0.41742573535608596,
            "grad_norm": 2.314232896089924,
            "grad_target": 448.7697866275505,
            "grad_norm_post": NaN,
            "alpha": 0.9488170640584248,
            "ksp_its": 2,
            "ls_evals": 9,
            "ls_repaired": false,
            "used_gradient_fallback": false,
            "accepted_step": true,
            "step_norm": 51.757859547439814,
            "step_rel": 0.14005796883240265,
            "pred_reduction": NaN,
            "actual_reduction": NaN,
            "trust_rejects": 0,
            "t_grad": 0.02543137699831277,
            "t_hess": 1.284333458985202,
            "t_ls": 0.33047185791656375,
            "t_update": 0.00019806798081845045,
            "t_iter": 1.6405929089523852,
            "trust_radius": 1.0,
            "trust_ratio": NaN,
            "trust_qp": NaN
          },
          {
            "it": 5,
            "energy": -7.959956954766256,
            "dE": 0.008260981009528656,
            "grad_norm": 0.3124752130422746,
            "grad_target": 448.7697866275505,
            "grad_norm_post": NaN,
            "alpha": 1.0552482453194671,
            "ksp_its": 2,
            "ls_evals": 9,
            "ls_repaired": false,
            "used_gradient_fallback": false,
            "accepted_step": true,
            "step_norm": 5.451174641816888,
            "step_rel": 0.012952961529135222,
            "pred_reduction": NaN,
            "actual_reduction": NaN,
            "trust_rejects": 0,
            "t_grad": 0.026119901100173593,
            "t_hess": 1.1670436279382557,
            "t_ls": 0.33018109400290996,
            "t_update": 0.00018253398593515158,
            "t_iter": 1.5237038619816303,
            "trust_radius": 1.0,
            "trust_ratio": NaN,
            "trust_qp": NaN
          },
          {
            "it": 6,
            "energy": -7.960004375768515,
            "dE": 4.7421002258296596e-05,
            "grad_norm": 0.01965426633181367,
            "grad_target": 448.7697866275505,
            "grad_norm_post": 0.00215904004443413,
            "alpha": 1.088137289060528,
            "ksp_its": 2,
            "ls_evals": 9,
            "ls_repaired": false,
            "used_gradient_fallback": false,
            "accepted_step": true,
            "step_norm": 0.16637354091185116,
            "step_rel": 0.0004004234913350046,
            "pred_reduction": NaN,
            "actual_reduction": NaN,
            "trust_rejects": 0,
            "t_grad": 0.025910596014000475,
            "t_hess": 1.1241791900247335,
            "t_ls": 0.3322133090114221,
            "t_update": 0.00018606905359774828,
            "t_iter": 1.482727302936837,
            "trust_radius": 1.0,
            "trust_ratio": NaN,
            "trust_qp": NaN
          }
        ],
        "linear_timing": [
          {
            "assemble_total_time": 0.18663666804786772,
            "assemble_p2p_exchange": 0.005358814029023051,
            "assemble_hvp_compute": 0.0387434100266546,
            "assemble_extraction": 0.11918071703985333,
            "assemble_coo_assembly": 0.022103300085291266,
            "assemble_n_hvps": 0,
            "setop_time": 4.125991836190224e-06,
            "set_tolerances_time": 3.425055183470249e-06,
            "pc_setup_time": 1.0060047659790143,
            "solve_time": 0.2996043700259179,
            "linear_total_time": 1.4922533550998196,
            "ksp_its": 2
          },
          {
            "assemble_total_time": 0.1876398460008204,
            "assemble_p2p_exchange": 0.005763911991380155,
            "assemble_hvp_compute": 0.03911888401489705,
            "assemble_extraction": 0.11929468996822834,
            "assemble_coo_assembly": 0.022144953021779656,
            "assemble_n_hvps": 0,
            "setop_time": 3.5159755498170853e-06,
            "set_tolerances_time": 3.6049168556928635e-06,
            "pc_setup_time": 0.9585895489435643,
            "solve_time": 0.3063071259530261,
            "linear_total_time": 1.4525436417898163,
            "ksp_its": 2
          },
          {
            "assemble_total_time": 0.18638116808142513,
            "assemble_p2p_exchange": 0.005758543964475393,
            "assemble_hvp_compute": 0.038752794964239,
            "assemble_extraction": 0.11884185101371258,
            "assemble_coo_assembly": 0.02180226903874427,
            "assemble_n_hvps": 0,
            "setop_time": 2.7139903977513313e-06,
            "set_tolerances_time": 3.2651005312800407e-06,
            "pc_setup_time": 0.9640369579428807,
            "solve_time": 0.2085893478943035,
            "linear_total_time": 1.3590134530095384,
            "ksp_its": 1
          },
          {
            "assemble_total_time": 0.18729320901911706,
            "assemble_p2p_exchange": 0.005746547016315162,
            "assemble_hvp_compute": 0.03902637597639114,
            "assemble_extraction": 0.11913808598183095,
            "assemble_coo_assembly": 0.02213762199971825,
            "assemble_n_hvps": 0,
            "setop_time": 3.5350676625967026e-06,
            "set_tolerances_time": 3.0139926820993423e-06,
            "pc_setup_time": 0.8055241729598492,
            "solve_time": 0.2910497169941664,
            "linear_total_time": 1.2838736480334774,
            "ksp_its": 2
          },
          {
            "assemble_total_time": 0.18575689499266446,
            "assemble_p2p_exchange": 0.004682488972321153,
            "assemble_hvp_compute": 0.03889313607942313,
            "assemble_extraction": 0.119182173977606,
            "assemble_coo_assembly": 0.021728649036958814,
            "assemble_n_hvps": 0,
            "setop_time": 2.914923243224621e-06,
            "set_tolerances_time": 3.0640512704849243e-06,
            "pc_setup_time": 0.703766793012619,
            "solve_time": 0.27705565304495394,
            "linear_total_time": 1.1665853200247511,
            "ksp_its": 2
          },
          {
            "assemble_total_time": 0.18629055691417307,
            "assemble_p2p_exchange": 0.004623700981028378,
            "assemble_hvp_compute": 0.03906656603794545,
            "assemble_extraction": 0.11950403801165521,
            "assemble_coo_assembly": 0.021864433074370027,
            "assemble_n_hvps": 0,
            "setop_time": 2.8939684852957726e-06,
            "set_tolerances_time": 3.4549739211797714e-06,
            "pc_setup_time": 0.6564390630228445,
            "solve_time": 0.2809909520437941,
            "linear_total_time": 1.1237269209232181,
            "ksp_its": 2
          }
        ]
      }
    ],
    "metadata": {
      "profile": "reference",
      "nprocs": 1,
      "nproc_threads": 1,
      "problem": {
        "name": "pLaplace2D"
      },
      "linear_solver": {
        "ksp_type": "cg",
        "pc_type": "hypre",
        "ksp_rtol": 0.1,
        "ksp_max_it": 30,
        "pc_setup_on_ksp_cap": false,
        "gamg_threshold": 0.05,
        "gamg_agg_nsmooths": 1,
        "gamg_set_coordinates": true,
        "reorder": true,
        "hvp_eval_mode": "element_overlap",
        "assembly_mode": "element",
        "element_reorder_mode": "block_xyz",
        "local_hessian_mode": "element",
        "distribution_strategy": "overlap_allgather",
        "assembler": "PLaplaceReorderedElementAssembler",
        "trust_subproblem_solver": "direct_linear_solve",
        "trust_subproblem_line_search": false
      },
      "newton": {
        "tolf": 0.0001,
        "tolg": 0.001,
        "tolg_rel": 0.001,
        "tolx_rel": 0.001,
        "tolx_abs": 1e-10,
        "maxit": 100,
        "require_all_convergence": true,
        "fail_on_nonfinite": true,
        "linesearch_interval": [
          -0.5,
          2.0
        ],
        "linesearch_tol": 0.1,
        "trust_region": false,
        "trust_radius_init": 1.0,
        "trust_radius_min": 1e-08,
        "trust_radius_max": 1000000.0,
        "trust_subproblem_line_search": false,
        "step_time_limit_s": null
      }
    }
  }
}
