An NVIDIA GPU may be present on this machine, but a CUDA-enabled jaxlib is not installed. Falling back to cpu.
{
  "case": {
    "problem": "plaplace",
    "backend": "element",
    "level": 7,
    "out": "/home/michal/repos/fenics_nonlinear_energies/artifacts/reproduction/2026-03-15_refactor_stage2b_final/full/plaplace_final_suite/jax_petsc_local_sfd_l7_np1.json",
    "quiet": true,
    "save_history": true,
    "save_linear_timing": true,
    "steps": 1,
    "start_step": 1,
    "total_steps": 24,
    "ksp_type": "cg",
    "pc_type": "hypre",
    "ksp_rtol": 0.1,
    "ksp_max_it": 30,
    "profile": "reference",
    "coloring_trials": 10,
    "nproc_threads": 1,
    "hvp_eval_mode": "sequential",
    "element_reorder_mode": "block_xyz",
    "local_hessian_mode": "sfd_local",
    "tolf": 0.0001,
    "tolg": 0.001,
    "tolg_rel": 0.001,
    "tolx_rel": 0.001,
    "tolx_abs": 1e-10,
    "maxit": 100,
    "step_time_limit_s": null,
    "linesearch_a": -0.5,
    "linesearch_b": 2.0,
    "linesearch_tol": 0.1,
    "use_trust_region": false,
    "trust_radius_init": 1.0,
    "trust_radius_min": 1e-08,
    "trust_radius_max": 1000000.0,
    "trust_shrink": 0.5,
    "trust_expand": 1.5,
    "trust_eta_shrink": 0.05,
    "trust_eta_expand": 0.75,
    "trust_max_reject": 6,
    "trust_subproblem_line_search": false,
    "local_coloring": true,
    "retry_on_failure": false,
    "pc_setup_on_ksp_cap": false,
    "use_near_nullspace": true,
    "reorder": null,
    "gamg_threshold": 0.05,
    "gamg_agg_nsmooths": 1,
    "gamg_set_coordinates": true
  },
  "result": {
    "mesh_level": 7,
    "total_dofs": 49665,
    "free_dofs": 48641,
    "setup_time": 1.163976,
    "solve_time_total": 0.893976,
    "total_time": 2.119883,
    "steps": [
      {
        "step": 1,
        "time": 0.893976,
        "nit": 7,
        "linear_iters": 14,
        "energy": -7.958292393461014,
        "message": "Converged (energy, step, gradient)",
        "attempt": "primary",
        "ksp_rtol_used": 0.1,
        "ksp_max_it_used": 30,
        "linesearch_interval_used": [
          -0.5,
          2.0
        ],
        "history": [
          {
            "it": 1,
            "energy": 5.384064873336537,
            "dE": 521138.9229780554,
            "grad_norm": 28062.385990695082,
            "grad_target": 28.062385990695084,
            "grad_norm_post": NaN,
            "alpha": 1.9569476828142078,
            "ksp_its": 2,
            "ls_evals": 9,
            "ls_repaired": false,
            "used_gradient_fallback": false,
            "accepted_step": true,
            "step_norm": 125.06128019101422,
            "step_rel": 0.985144716347749,
            "pred_reduction": NaN,
            "actual_reduction": NaN,
            "trust_rejects": 0,
            "t_grad": 0.0013779790606349707,
            "t_hess": 0.278356408001855,
            "t_ls": 0.021656483062542975,
            "t_update": 1.525308471173048e-05,
            "t_iter": 0.30144184606615454,
            "trust_radius": 1.0,
            "trust_ratio": NaN,
            "trust_qp": NaN
          },
          {
            "it": 2,
            "energy": -3.923058095356401,
            "dE": 9.307122968692937,
            "grad_norm": 13.011986036300698,
            "grad_target": 28.062385990695084,
            "grad_norm_post": NaN,
            "alpha": 0.8627124296868427,
            "ksp_its": 2,
            "ls_evals": 9,
            "ls_repaired": false,
            "used_gradient_fallback": false,
            "accepted_step": true,
            "step_norm": 89.17606506241539,
            "step_rel": 41.825347343482264,
            "pred_reduction": NaN,
            "actual_reduction": NaN,
            "trust_rejects": 0,
            "t_grad": 0.0013019450707361102,
            "t_hess": 0.08200234593823552,
            "t_ls": 0.020626766956411302,
            "t_update": 1.4542019926011562e-05,
            "t_iter": 0.10398026101756841,
            "trust_radius": 1.0,
            "trust_ratio": NaN,
            "trust_qp": NaN
          },
          {
            "it": 3,
            "energy": -7.347341607958469,
            "dE": 3.4242835126020674,
            "grad_norm": 9.35642476017718,
            "grad_target": 28.062385990695084,
            "grad_norm_post": NaN,
            "alpha": 0.8094968390563215,
            "ksp_its": 2,
            "ls_evals": 9,
            "ls_repaired": false,
            "used_gradient_fallback": false,
            "accepted_step": true,
            "step_norm": 24.45749426193747,
            "step_rel": 0.27679077163095767,
            "pred_reduction": NaN,
            "actual_reduction": NaN,
            "trust_rejects": 0,
            "t_grad": 0.0013215240323916078,
            "t_hess": 0.08501847507432103,
            "t_ls": 0.020886937039904296,
            "t_update": 2.0832056179642677e-05,
            "t_iter": 0.10727176303043962,
            "trust_radius": 1.0,
            "trust_ratio": NaN,
            "trust_qp": NaN
          },
          {
            "it": 4,
            "energy": -7.92787151599685,
            "dE": 0.5805299080383817,
            "grad_norm": 3.1715876250443373,
            "grad_target": 28.062385990695084,
            "grad_norm_post": NaN,
            "alpha": 1.002032654688946,
            "ksp_its": 2,
            "ls_evals": 9,
            "ls_repaired": false,
            "used_gradient_fallback": false,
            "accepted_step": true,
            "step_norm": 6.688332082041893,
            "step_rel": 0.05965336170857345,
            "pred_reduction": NaN,
            "actual_reduction": NaN,
            "trust_rejects": 0,
            "t_grad": 0.0013346340274438262,
            "t_hess": 0.07852945104241371,
            "t_ls": 0.020884072058834136,
            "t_update": 1.543306279927492e-05,
            "t_iter": 0.10079440602567047,
            "trust_radius": 1.0,
            "trust_ratio": NaN,
            "trust_qp": NaN
          },
          {
            "it": 5,
            "energy": -7.95765007204922,
            "dE": 0.029778556052369787,
            "grad_norm": 0.6524705392139075,
            "grad_target": 28.062385990695084,
            "grad_norm_post": NaN,
            "alpha": 1.0552482453194671,
            "ksp_its": 2,
            "ls_evals": 9,
            "ls_repaired": false,
            "used_gradient_fallback": false,
            "accepted_step": true,
            "step_norm": 2.1522747119233587,
            "step_rel": 0.020304849656712694,
            "pred_reduction": NaN,
            "actual_reduction": NaN,
            "trust_rejects": 0,
            "t_grad": 0.001310847932472825,
            "t_hess": 0.07107787998393178,
            "t_ls": 0.020817582961171865,
            "t_update": 1.4761928468942642e-05,
            "t_iter": 0.09325319202616811,
            "trust_radius": 1.0,
            "trust_ratio": NaN,
            "trust_qp": NaN
          },
          {
            "it": 6,
            "energy": -7.958284799541071,
            "dE": 0.0006347274918505619,
            "grad_norm": 0.08256462790960788,
            "grad_target": 28.062385990695084,
            "grad_norm_post": NaN,
            "alpha": 1.088137289060528,
            "ksp_its": 2,
            "ls_evals": 9,
            "ls_repaired": false,
            "used_gradient_fallback": false,
            "accepted_step": true,
            "step_norm": 0.06995412267828216,
            "step_rel": 0.000673305818946171,
            "pred_reduction": NaN,
            "actual_reduction": NaN,
            "trust_rejects": 0,
            "t_grad": 0.001305500976741314,
            "t_hess": 0.06847585295327008,
            "t_ls": 0.02096383203752339,
            "t_update": 1.431198325008154e-05,
            "t_iter": 0.09079165500588715,
            "trust_radius": 1.0,
            "trust_ratio": NaN,
            "trust_qp": NaN
          },
          {
            "it": 7,
            "energy": -7.958292393461014,
            "dE": 7.5939199435381965e-06,
            "grad_norm": 0.007238552233498096,
            "grad_target": 28.062385990695084,
            "grad_norm_post": 0.00036550511239666605,
            "alpha": 1.0552482453194671,
            "ksp_its": 2,
            "ls_evals": 9,
            "ls_repaired": false,
            "used_gradient_fallback": false,
            "accepted_step": true,
            "step_norm": 0.00663210299617942,
            "step_rel": 6.383596217267877e-05,
            "pred_reduction": NaN,
            "actual_reduction": NaN,
            "trust_rejects": 0,
            "t_grad": 0.001299160998314619,
            "t_hess": 0.07080075494013727,
            "t_ls": 0.0208114730194211,
            "t_update": 1.504307147115469e-05,
            "t_iter": 0.09296724200248718,
            "trust_radius": 1.0,
            "trust_ratio": NaN,
            "trust_qp": NaN
          }
        ],
        "linear_timing": [
          {
            "assemble_total_time": 0.19945650093723089,
            "assemble_p2p_exchange": 0.00023252901155501604,
            "assemble_hvp_compute": 0.1975338530028239,
            "assemble_extraction": 0.0009802220156416297,
            "assemble_coo_assembly": 0.0006654689786955714,
            "assemble_n_hvps": 7,
            "setop_time": 3.474997356534004e-06,
            "set_tolerances_time": 2.3728935047984123e-06,
            "pc_setup_time": 0.06224401399958879,
            "solve_time": 0.01659328897949308,
            "linear_total_time": 0.2782996518071741,
            "ksp_its": 2
          },
          {
            "assemble_total_time": 0.011002763058058918,
            "assemble_p2p_exchange": 0.00037781696300953627,
            "assemble_hvp_compute": 0.007446993957273662,
            "assemble_extraction": 0.0015099479351192713,
            "assemble_coo_assembly": 0.0016202229307964444,
            "assemble_n_hvps": 7,
            "setop_time": 4.11702785640955e-06,
            "set_tolerances_time": 2.4529872462153435e-06,
            "pc_setup_time": 0.05451166199054569,
            "solve_time": 0.016430924995802343,
            "linear_total_time": 0.08195192005950958,
            "ksp_its": 2
          },
          {
            "assemble_total_time": 0.008364922017790377,
            "assemble_p2p_exchange": 0.00022617995273321867,
            "assemble_hvp_compute": 0.006558589055202901,
            "assemble_extraction": 0.000908834976144135,
            "assemble_coo_assembly": 0.0006330700125545263,
            "assemble_n_hvps": 7,
            "setop_time": 2.4640467017889023e-06,
            "set_tolerances_time": 2.062995918095112e-06,
            "pc_setup_time": 0.058650997933000326,
            "solve_time": 0.017952650086954236,
            "linear_total_time": 0.08497309708036482,
            "ksp_its": 2
          },
          {
            "assemble_total_time": 0.008677220903337002,
            "assemble_p2p_exchange": 0.00022880290634930134,
            "assemble_hvp_compute": 0.006627894006669521,
            "assemble_extraction": 0.0009101569885388017,
            "assemble_coo_assembly": 0.000872079050168395,
            "assemble_n_hvps": 7,
            "setop_time": 2.784072421491146e-06,
            "set_tolerances_time": 2.093031071126461e-06,
            "pc_setup_time": 0.052859531017020345,
            "solve_time": 0.016942643909715116,
            "linear_total_time": 0.07848427293356508,
            "ksp_its": 2
          },
          {
            "assemble_total_time": 0.008423179970122874,
            "assemble_p2p_exchange": 0.00022881384938955307,
            "assemble_hvp_compute": 0.0065765370381996036,
            "assemble_extraction": 0.0009155850857496262,
            "assemble_coo_assembly": 0.0006610730197280645,
            "assemble_n_hvps": 7,
            "setop_time": 2.504093572497368e-06,
            "set_tolerances_time": 2.2030435502529144e-06,
            "pc_setup_time": 0.04682944598607719,
            "solve_time": 0.015774889034219086,
            "linear_total_time": 0.0710322221275419,
            "ksp_its": 2
          },
          {
            "assemble_total_time": 0.008418062003329396,
            "assemble_p2p_exchange": 0.0002266209339722991,
            "assemble_hvp_compute": 0.006551788072101772,
            "assemble_extraction": 0.0009129120735451579,
            "assemble_coo_assembly": 0.000687783001922071,
            "assemble_n_hvps": 7,
            "setop_time": 2.6240013539791107e-06,
            "set_tolerances_time": 2.0229490473866463e-06,
            "pc_setup_time": 0.04438819899223745,
            "solve_time": 0.015619867015630007,
            "linear_total_time": 0.06843077496159822,
            "ksp_its": 2
          },
          {
            "assemble_total_time": 0.010386407957412302,
            "assemble_p2p_exchange": 0.0002357639605179429,
            "assemble_hvp_compute": 0.008305543102324009,
            "assemble_extraction": 0.0009320389945060015,
            "assemble_coo_assembly": 0.0008717890596017241,
            "assemble_n_hvps": 7,
            "setop_time": 2.783956006169319e-06,
            "set_tolerances_time": 2.093031071126461e-06,
            "pc_setup_time": 0.0445924160303548,
            "solve_time": 0.015772215905599296,
            "linear_total_time": 0.07075591688044369,
            "ksp_its": 2
          }
        ]
      }
    ],
    "metadata": {
      "profile": "reference",
      "nprocs": 1,
      "nproc_threads": 1,
      "problem": {
        "name": "pLaplace2D"
      },
      "linear_solver": {
        "ksp_type": "cg",
        "pc_type": "hypre",
        "ksp_rtol": 0.1,
        "ksp_max_it": 30,
        "pc_setup_on_ksp_cap": false,
        "gamg_threshold": 0.05,
        "gamg_agg_nsmooths": 1,
        "gamg_set_coordinates": true,
        "reorder": true,
        "hvp_eval_mode": "sfd_local_batched",
        "assembly_mode": "element",
        "element_reorder_mode": "block_xyz",
        "local_hessian_mode": "sfd_local",
        "distribution_strategy": "overlap_allgather",
        "assembler": "PLaplaceReorderedElementAssembler",
        "trust_subproblem_solver": "direct_linear_solve",
        "trust_subproblem_line_search": false
      },
      "newton": {
        "tolf": 0.0001,
        "tolg": 0.001,
        "tolg_rel": 0.001,
        "tolx_rel": 0.001,
        "tolx_abs": 1e-10,
        "maxit": 100,
        "require_all_convergence": true,
        "fail_on_nonfinite": true,
        "linesearch_interval": [
          -0.5,
          2.0
        ],
        "linesearch_tol": 0.1,
        "trust_region": false,
        "trust_radius_init": 1.0,
        "trust_radius_min": 1e-08,
        "trust_radius_max": 1000000.0,
        "trust_subproblem_line_search": false,
        "step_time_limit_s": null
      }
    }
  }
}
