An NVIDIA GPU may be present on this machine, but a CUDA-enabled jaxlib is not installed. Falling back to cpu.
An NVIDIA GPU may be present on this machine, but a CUDA-enabled jaxlib is not installed. Falling back to cpu.
An NVIDIA GPU may be present on this machine, but a CUDA-enabled jaxlib is not installed. Falling back to cpu.
An NVIDIA GPU may be present on this machine, but a CUDA-enabled jaxlib is not installed. Falling back to cpu.
An NVIDIA GPU may be present on this machine, but a CUDA-enabled jaxlib is not installed. Falling back to cpu.
An NVIDIA GPU may be present on this machine, but a CUDA-enabled jaxlib is not installed. Falling back to cpu.
An NVIDIA GPU may be present on this machine, but a CUDA-enabled jaxlib is not installed. Falling back to cpu.
An NVIDIA GPU may be present on this machine, but a CUDA-enabled jaxlib is not installed. Falling back to cpu.
An NVIDIA GPU may be present on this machine, but a CUDA-enabled jaxlib is not installed. Falling back to cpu.
An NVIDIA GPU may be present on this machine, but a CUDA-enabled jaxlib is not installed. Falling back to cpu.
An NVIDIA GPU may be present on this machine, but a CUDA-enabled jaxlib is not installed. Falling back to cpu.
An NVIDIA GPU may be present on this machine, but a CUDA-enabled jaxlib is not installed. Falling back to cpu.
An NVIDIA GPU may be present on this machine, but a CUDA-enabled jaxlib is not installed. Falling back to cpu.
An NVIDIA GPU may be present on this machine, but a CUDA-enabled jaxlib is not installed. Falling back to cpu.
An NVIDIA GPU may be present on this machine, but a CUDA-enabled jaxlib is not installed. Falling back to cpu.
An NVIDIA GPU may be present on this machine, but a CUDA-enabled jaxlib is not installed. Falling back to cpu.
{
  "case": {
    "problem": "plaplace",
    "backend": "element",
    "level": 5,
    "out": "/home/michal/repos/fenics_nonlinear_energies/artifacts/reproduction/2026-03-15_refactor_stage2b_final/full/plaplace_final_suite/jax_petsc_local_sfd_l5_np16.json",
    "quiet": true,
    "save_history": true,
    "save_linear_timing": true,
    "steps": 1,
    "start_step": 1,
    "total_steps": 24,
    "ksp_type": "cg",
    "pc_type": "hypre",
    "ksp_rtol": 0.1,
    "ksp_max_it": 30,
    "profile": "reference",
    "coloring_trials": 10,
    "nproc_threads": 1,
    "hvp_eval_mode": "sequential",
    "element_reorder_mode": "block_xyz",
    "local_hessian_mode": "sfd_local",
    "tolf": 0.0001,
    "tolg": 0.001,
    "tolg_rel": 0.001,
    "tolx_rel": 0.001,
    "tolx_abs": 1e-10,
    "maxit": 100,
    "step_time_limit_s": null,
    "linesearch_a": -0.5,
    "linesearch_b": 2.0,
    "linesearch_tol": 0.1,
    "use_trust_region": false,
    "trust_radius_init": 1.0,
    "trust_radius_min": 1e-08,
    "trust_radius_max": 1000000.0,
    "trust_shrink": 0.5,
    "trust_expand": 1.5,
    "trust_eta_shrink": 0.05,
    "trust_eta_expand": 0.75,
    "trust_max_reject": 6,
    "trust_subproblem_line_search": false,
    "local_coloring": true,
    "retry_on_failure": false,
    "pc_setup_on_ksp_cap": false,
    "use_near_nullspace": true,
    "reorder": null,
    "gamg_threshold": 0.05,
    "gamg_agg_nsmooths": 1,
    "gamg_set_coordinates": true
  },
  "result": {
    "mesh_level": 5,
    "total_dofs": 3201,
    "free_dofs": 2945,
    "setup_time": 0.568278,
    "solve_time_total": 0.299148,
    "total_time": 0.914176,
    "steps": [
      {
        "step": 1,
        "time": 0.299148,
        "nit": 7,
        "linear_iters": 9,
        "energy": -7.94296871726917,
        "message": "Converged (energy, step, gradient)",
        "attempt": "primary",
        "ksp_rtol_used": 0.1,
        "ksp_max_it_used": 30,
        "linesearch_interval_used": [
          -0.5,
          2.0
        ],
        "history": [
          {
            "it": 1,
            "energy": -0.04814119604028616,
            "dE": 8662.126657907535,
            "grad_norm": 1796.1493529461623,
            "grad_target": 1.7961493529461623,
            "grad_norm_post": NaN,
            "alpha": 1.9569476828142078,
            "ksp_its": 1,
            "ls_evals": 9,
            "ls_repaired": false,
            "used_gradient_fallback": false,
            "accepted_step": true,
            "step_norm": 31.833167839272903,
            "step_rel": 1.0058183013427777,
            "pred_reduction": NaN,
            "actual_reduction": NaN,
            "trust_rejects": 0,
            "t_grad": 0.0003542719641700387,
            "t_hess": 0.16262241010554135,
            "t_ls": 0.005323093035258353,
            "t_update": 2.143089659512043e-06,
            "t_iter": 0.16835008095949888,
            "trust_radius": 1.0,
            "trust_ratio": NaN,
            "trust_qp": NaN
          },
          {
            "it": 2,
            "energy": -5.856179258626072,
            "dE": 5.808038062585785,
            "grad_norm": 1.3227864594905603,
            "grad_target": 1.7961493529461623,
            "grad_norm_post": NaN,
            "alpha": 0.21932689530684624,
            "ksp_its": 1,
            "ls_evals": 9,
            "ls_repaired": false,
            "used_gradient_fallback": false,
            "accepted_step": true,
            "step_norm": 17.503523108995292,
            "step_rel": 14.000531429143344,
            "pred_reduction": NaN,
            "actual_reduction": NaN,
            "trust_rejects": 0,
            "t_grad": 0.0003022539895027876,
            "t_hess": 0.015137359965592623,
            "t_ls": 0.004869321943260729,
            "t_update": 1.6830163076519966e-06,
            "t_iter": 0.02035032701678574,
            "trust_radius": 1.0,
            "trust_ratio": NaN,
            "trust_qp": NaN
          },
          {
            "it": 3,
            "energy": -7.685834678737496,
            "dE": 1.8296554201114246,
            "grad_norm": 4.507877208446498,
            "grad_target": 1.7961493529461623,
            "grad_norm_post": NaN,
            "alpha": 0.551182935941576,
            "ksp_its": 1,
            "ls_evals": 9,
            "ls_repaired": false,
            "used_gradient_fallback": false,
            "accepted_step": true,
            "step_norm": 7.135871386955341,
            "step_rel": 0.39113736987158015,
            "pred_reduction": NaN,
            "actual_reduction": NaN,
            "trust_rejects": 0,
            "t_grad": 0.00026698107831180096,
            "t_hess": 0.017061108024790883,
            "t_ls": 0.004934960976243019,
            "t_update": 1.4120014384388924e-06,
            "t_iter": 0.02230293001048267,
            "trust_radius": 1.0,
            "trust_ratio": NaN,
            "trust_qp": NaN
          },
          {
            "it": 4,
            "energy": -7.934887517423066,
            "dE": 0.2490528386855697,
            "grad_norm": 2.2347895351421534,
            "grad_target": 1.7961493529461623,
            "grad_norm_post": NaN,
            "alpha": 1.002032654688946,
            "ksp_its": 2,
            "ls_evals": 9,
            "ls_repaired": false,
            "used_gradient_fallback": false,
            "accepted_step": true,
            "step_norm": 1.194897651114465,
            "step_rel": 0.047513098428498386,
            "pred_reduction": NaN,
            "actual_reduction": NaN,
            "trust_rejects": 0,
            "t_grad": 0.00025579403154551983,
            "t_hess": 0.016664552967995405,
            "t_ls": 0.004841820918954909,
            "t_update": 1.3620592653751373e-06,
            "t_iter": 0.021802228060550988,
            "trust_radius": 1.0,
            "trust_ratio": NaN,
            "trust_qp": NaN
          },
          {
            "it": 5,
            "energy": -7.942698464508726,
            "dE": 0.00781094708565977,
            "grad_norm": 0.305903686910236,
            "grad_target": 1.7961493529461623,
            "grad_norm_post": NaN,
            "alpha": 1.002032654688946,
            "ksp_its": 1,
            "ls_evals": 9,
            "ls_repaired": false,
            "used_gradient_fallback": false,
            "accepted_step": true,
            "step_norm": 0.2286961994781206,
            "step_rel": 0.008734108069408351,
            "pred_reduction": NaN,
            "actual_reduction": NaN,
            "trust_rejects": 0,
            "t_grad": 0.00025857798755168915,
            "t_hess": 0.016098042018711567,
            "t_ls": 0.004866136936470866,
            "t_update": 1.351931132376194e-06,
            "t_iter": 0.02126358903478831,
            "trust_radius": 1.0,
            "trust_ratio": NaN,
            "trust_qp": NaN
          },
          {
            "it": 6,
            "energy": -7.9429669969347,
            "dE": 0.00026853242597457694,
            "grad_norm": 0.04864418104259563,
            "grad_target": 1.7961493529461623,
            "grad_norm_post": NaN,
            "alpha": 1.088137289060528,
            "ksp_its": 2,
            "ls_evals": 9,
            "ls_repaired": false,
            "used_gradient_fallback": false,
            "accepted_step": true,
            "step_norm": 0.0382403614084429,
            "step_rel": 0.001472182930744014,
            "pred_reduction": NaN,
            "actual_reduction": NaN,
            "trust_rejects": 0,
            "t_grad": 0.0002536199754104018,
            "t_hess": 0.01752150896936655,
            "t_ls": 0.0048578649293631315,
            "t_update": 1.2819655239582062e-06,
            "t_iter": 0.0226723940577358,
            "trust_radius": 1.0,
            "trust_ratio": NaN,
            "trust_qp": NaN
          },
          {
            "it": 7,
            "energy": -7.94296871726917,
            "dE": 1.7203344695460032e-06,
            "grad_norm": 0.0035943348987738564,
            "grad_target": 1.7961493529461623,
            "grad_norm_post": 7.393383441515866e-05,
            "alpha": 1.002032654688946,
            "ksp_its": 1,
            "ls_evals": 9,
            "ls_repaired": false,
            "used_gradient_fallback": false,
            "accepted_step": true,
            "step_norm": 0.0023454016965196328,
            "step_rel": 9.040088418948e-05,
            "pred_reduction": NaN,
            "actual_reduction": NaN,
            "trust_rejects": 0,
            "t_grad": 0.0002525199670344591,
            "t_hess": 0.016104802023619413,
            "t_ls": 0.004845915944315493,
            "t_update": 1.2620585039258003e-06,
            "t_iter": 0.02124319795984775,
            "trust_radius": 1.0,
            "trust_ratio": NaN,
            "trust_qp": NaN
          }
        ],
        "linear_timing": [
          {
            "assemble_total_time": 0.14540979301091284,
            "assemble_p2p_exchange": 6.884301546961069e-05,
            "assemble_hvp_compute": 0.13184220099356025,
            "assemble_extraction": 4.977500066161156e-05,
            "assemble_coo_assembly": 0.013416516012512147,
            "assemble_n_hvps": 8,
            "setop_time": 6.709946319460869e-06,
            "set_tolerances_time": 2.01293732970953e-06,
            "pc_setup_time": 0.014244018006138504,
            "solve_time": 0.002904071006923914,
            "linear_total_time": 0.16256660490762442,
            "ksp_its": 1
          },
          {
            "assemble_total_time": 0.00038614007644355297,
            "assemble_p2p_exchange": 6.853300146758556e-05,
            "assemble_hvp_compute": 0.0001894939923658967,
            "assemble_extraction": 4.2332918383181095e-05,
            "assemble_coo_assembly": 6.939389277249575e-05,
            "assemble_n_hvps": 8,
            "setop_time": 1.7720740288496017e-06,
            "set_tolerances_time": 1.3719545677304268e-06,
            "pc_setup_time": 0.011985357035882771,
            "solve_time": 0.0027190030086785555,
            "linear_total_time": 0.01509364414960146,
            "ksp_its": 1
          },
          {
            "assemble_total_time": 0.0003321890253573656,
            "assemble_p2p_exchange": 6.779085379093885e-05,
            "assemble_hvp_compute": 0.0001519080251455307,
            "assemble_extraction": 3.177800681442022e-05,
            "assemble_coo_assembly": 6.815302185714245e-05,
            "assemble_n_hvps": 8,
            "setop_time": 1.0819640010595322e-06,
            "set_tolerances_time": 1.302105374634266e-06,
            "pc_setup_time": 0.013620642013847828,
            "solve_time": 0.003066904959268868,
            "linear_total_time": 0.017022120067849755,
            "ksp_its": 1
          },
          {
            "assemble_total_time": 0.00033703609369695187,
            "assemble_p2p_exchange": 6.859307177364826e-05,
            "assemble_hvp_compute": 0.00014970498159527779,
            "assemble_extraction": 4.417600575834513e-05,
            "assemble_coo_assembly": 6.258406210690737e-05,
            "assemble_n_hvps": 8,
            "setop_time": 9.919749572873116e-07,
            "set_tolerances_time": 1.101987436413765e-06,
            "pc_setup_time": 0.012182112084701657,
            "solve_time": 0.004104773048311472,
            "linear_total_time": 0.016626015189103782,
            "ksp_its": 2
          },
          {
            "assemble_total_time": 0.0003279930679127574,
            "assemble_p2p_exchange": 6.932381074875593e-05,
            "assemble_hvp_compute": 0.0001484430395066738,
            "assemble_extraction": 3.0686031095683575e-05,
            "assemble_coo_assembly": 6.67809508740902e-05,
            "assemble_n_hvps": 8,
            "setop_time": 1.1420343071222305e-06,
            "set_tolerances_time": 1.101987436413765e-06,
            "pc_setup_time": 0.01294947403948754,
            "solve_time": 0.0027794339694082737,
            "linear_total_time": 0.016059145098552108,
            "ksp_its": 1
          },
          {
            "assemble_total_time": 0.00032969494350254536,
            "assemble_p2p_exchange": 6.838305853307247e-05,
            "assemble_hvp_compute": 0.00015415193047374487,
            "assemble_extraction": 3.036600537598133e-05,
            "assemble_coo_assembly": 6.51580048725009e-05,
            "assemble_n_hvps": 8,
            "setop_time": 9.119976311922073e-07,
            "set_tolerances_time": 9.409850463271141e-07,
            "pc_setup_time": 0.013100571930408478,
            "solve_time": 0.004051242955029011,
            "linear_total_time": 0.017483362811617553,
            "ksp_its": 2
          },
          {
            "assemble_total_time": 0.00032635999377816916,
            "assemble_p2p_exchange": 6.807211320847273e-05,
            "assemble_hvp_compute": 0.00014627992641180754,
            "assemble_extraction": 2.925400622189045e-05,
            "assemble_coo_assembly": 7.080705836415291e-05,
            "assemble_n_hvps": 8,
            "setop_time": 8.109491318464279e-07,
            "set_tolerances_time": 9.419163689017296e-07,
            "pc_setup_time": 0.012900230940431356,
            "solve_time": 0.00283892301376909,
            "linear_total_time": 0.016067266813479364,
            "ksp_its": 1
          }
        ]
      }
    ],
    "metadata": {
      "profile": "reference",
      "nprocs": 16,
      "nproc_threads": 1,
      "problem": {
        "name": "pLaplace2D"
      },
      "linear_solver": {
        "ksp_type": "cg",
        "pc_type": "hypre",
        "ksp_rtol": 0.1,
        "ksp_max_it": 30,
        "pc_setup_on_ksp_cap": false,
        "gamg_threshold": 0.05,
        "gamg_agg_nsmooths": 1,
        "gamg_set_coordinates": true,
        "reorder": true,
        "hvp_eval_mode": "sfd_local_batched",
        "assembly_mode": "element",
        "element_reorder_mode": "block_xyz",
        "local_hessian_mode": "sfd_local",
        "distribution_strategy": "overlap_allgather",
        "assembler": "PLaplaceReorderedElementAssembler",
        "trust_subproblem_solver": "direct_linear_solve",
        "trust_subproblem_line_search": false
      },
      "newton": {
        "tolf": 0.0001,
        "tolg": 0.001,
        "tolg_rel": 0.001,
        "tolx_rel": 0.001,
        "tolx_abs": 1e-10,
        "maxit": 100,
        "require_all_convergence": true,
        "fail_on_nonfinite": true,
        "linesearch_interval": [
          -0.5,
          2.0
        ],
        "linesearch_tol": 0.1,
        "trust_region": false,
        "trust_radius_init": 1.0,
        "trust_radius_min": 1e-08,
        "trust_radius_max": 1000000.0,
        "trust_subproblem_line_search": false,
        "step_time_limit_s": null
      }
    }
  }
}
