An NVIDIA GPU may be present on this machine, but a CUDA-enabled jaxlib is not installed. Falling back to cpu.
An NVIDIA GPU may be present on this machine, but a CUDA-enabled jaxlib is not installed. Falling back to cpu.
An NVIDIA GPU may be present on this machine, but a CUDA-enabled jaxlib is not installed. Falling back to cpu.
An NVIDIA GPU may be present on this machine, but a CUDA-enabled jaxlib is not installed. Falling back to cpu.
An NVIDIA GPU may be present on this machine, but a CUDA-enabled jaxlib is not installed. Falling back to cpu.
An NVIDIA GPU may be present on this machine, but a CUDA-enabled jaxlib is not installed. Falling back to cpu.
An NVIDIA GPU may be present on this machine, but a CUDA-enabled jaxlib is not installed. Falling back to cpu.
An NVIDIA GPU may be present on this machine, but a CUDA-enabled jaxlib is not installed. Falling back to cpu.
An NVIDIA GPU may be present on this machine, but a CUDA-enabled jaxlib is not installed. Falling back to cpu.
An NVIDIA GPU may be present on this machine, but a CUDA-enabled jaxlib is not installed. Falling back to cpu.
An NVIDIA GPU may be present on this machine, but a CUDA-enabled jaxlib is not installed. Falling back to cpu.
An NVIDIA GPU may be present on this machine, but a CUDA-enabled jaxlib is not installed. Falling back to cpu.
An NVIDIA GPU may be present on this machine, but a CUDA-enabled jaxlib is not installed. Falling back to cpu.
An NVIDIA GPU may be present on this machine, but a CUDA-enabled jaxlib is not installed. Falling back to cpu.
An NVIDIA GPU may be present on this machine, but a CUDA-enabled jaxlib is not installed. Falling back to cpu.
An NVIDIA GPU may be present on this machine, but a CUDA-enabled jaxlib is not installed. Falling back to cpu.
{
  "case": {
    "problem": "plaplace",
    "backend": "element",
    "level": 7,
    "out": "/home/michal/repos/fenics_nonlinear_energies/artifacts/reproduction/2026-03-15_refactor_stage2b_final/full/plaplace_final_suite/jax_petsc_element_l7_np16.json",
    "quiet": true,
    "save_history": true,
    "save_linear_timing": true,
    "steps": 1,
    "start_step": 1,
    "total_steps": 24,
    "ksp_type": "cg",
    "pc_type": "hypre",
    "ksp_rtol": 0.1,
    "ksp_max_it": 30,
    "profile": "reference",
    "coloring_trials": 10,
    "nproc_threads": 1,
    "hvp_eval_mode": "sequential",
    "element_reorder_mode": "block_xyz",
    "local_hessian_mode": "element",
    "tolf": 0.0001,
    "tolg": 0.001,
    "tolg_rel": 0.001,
    "tolx_rel": 0.001,
    "tolx_abs": 1e-10,
    "maxit": 100,
    "step_time_limit_s": null,
    "linesearch_a": -0.5,
    "linesearch_b": 2.0,
    "linesearch_tol": 0.1,
    "use_trust_region": false,
    "trust_radius_init": 1.0,
    "trust_radius_min": 1e-08,
    "trust_radius_max": 1000000.0,
    "trust_shrink": 0.5,
    "trust_expand": 1.5,
    "trust_eta_shrink": 0.05,
    "trust_eta_expand": 0.75,
    "trust_max_reject": 6,
    "trust_subproblem_line_search": false,
    "local_coloring": true,
    "retry_on_failure": false,
    "pc_setup_on_ksp_cap": false,
    "use_near_nullspace": true,
    "reorder": null,
    "gamg_threshold": 0.05,
    "gamg_agg_nsmooths": 1,
    "gamg_set_coordinates": true
  },
  "result": {
    "mesh_level": 7,
    "total_dofs": 49665,
    "free_dofs": 48641,
    "setup_time": 0.372072,
    "solve_time_total": 0.336688,
    "total_time": 0.803854,
    "steps": [
      {
        "step": 1,
        "time": 0.336688,
        "nit": 7,
        "linear_iters": 13,
        "energy": -7.958292392339525,
        "message": "Converged (energy, step, gradient)",
        "attempt": "primary",
        "ksp_rtol_used": 0.1,
        "ksp_max_it_used": 30,
        "linesearch_interval_used": [
          -0.5,
          2.0
        ],
        "history": [
          {
            "it": 1,
            "energy": 5.354264619196547,
            "dE": 521138.95277830947,
            "grad_norm": 28062.385990695086,
            "grad_target": 28.062385990695088,
            "grad_norm_post": NaN,
            "alpha": 1.9569476828142078,
            "ksp_its": 2,
            "ls_evals": 9,
            "ls_repaired": false,
            "used_gradient_fallback": false,
            "accepted_step": true,
            "step_norm": 125.26950390728389,
            "step_rel": 0.9867849561852754,
            "pred_reduction": NaN,
            "actual_reduction": NaN,
            "trust_rejects": 0,
            "t_grad": 0.0007658699760213494,
            "t_hess": 0.0369189289631322,
            "t_ls": 0.011865469045005739,
            "t_update": 3.4549739211797714e-06,
            "t_iter": 0.04960941500030458,
            "trust_radius": 1.0,
            "trust_ratio": NaN,
            "trust_qp": NaN
          },
          {
            "it": 2,
            "energy": -3.9689808508475126,
            "dE": 9.32324547004406,
            "grad_norm": 13.014530133784715,
            "grad_target": 28.062385990695088,
            "grad_norm_post": NaN,
            "alpha": 0.8627124296868427,
            "ksp_its": 2,
            "ls_evals": 9,
            "ls_repaired": false,
            "used_gradient_fallback": false,
            "accepted_step": true,
            "step_norm": 88.96491145618441,
            "step_rel": 40.215331576453664,
            "pred_reduction": NaN,
            "actual_reduction": NaN,
            "trust_rejects": 0,
            "t_grad": 0.0009524390334263444,
            "t_hess": 0.034410143038257957,
            "t_ls": 0.01096180104650557,
            "t_update": 3.815977834165096e-06,
            "t_iter": 0.046380158979445696,
            "trust_radius": 1.0,
            "trust_ratio": NaN,
            "trust_qp": NaN
          },
          {
            "it": 3,
            "energy": -7.352551161787597,
            "dE": 3.383570310940084,
            "grad_norm": 9.1948897803146,
            "grad_target": 28.062385990695088,
            "grad_norm_post": NaN,
            "alpha": 0.8094968390563215,
            "ksp_its": 2,
            "ls_evals": 9,
            "ls_repaired": false,
            "used_gradient_fallback": false,
            "accepted_step": true,
            "step_norm": 24.293662050537073,
            "step_rel": 0.27444373893258056,
            "pred_reduction": NaN,
            "actual_reduction": NaN,
            "trust_rejects": 0,
            "t_grad": 0.0008448179578408599,
            "t_hess": 0.035421442007645965,
            "t_ls": 0.011503453948535025,
            "t_update": 3.364984877407551e-06,
            "t_iter": 0.04784541705157608,
            "trust_radius": 1.0,
            "trust_ratio": NaN,
            "trust_qp": NaN
          },
          {
            "it": 4,
            "energy": -7.928175184665062,
            "dE": 0.5756240228774656,
            "grad_norm": 3.123263830807669,
            "grad_target": 28.062385990695088,
            "grad_norm_post": NaN,
            "alpha": 1.002032654688946,
            "ksp_its": 2,
            "ls_evals": 9,
            "ls_repaired": false,
            "used_gradient_fallback": false,
            "accepted_step": true,
            "step_norm": 6.649261828230658,
            "step_rel": 0.059327954606982335,
            "pred_reduction": NaN,
            "actual_reduction": NaN,
            "trust_rejects": 0,
            "t_grad": 0.0008100959239527583,
            "t_hess": 0.03621117596048862,
            "t_ls": 0.011576413991861045,
            "t_update": 3.27499583363533e-06,
            "t_iter": 0.04866907396353781,
            "trust_radius": 1.0,
            "trust_ratio": NaN,
            "trust_qp": NaN
          },
          {
            "it": 5,
            "energy": -7.957664471956753,
            "dE": 0.029489287291690758,
            "grad_norm": 0.6412270055345672,
            "grad_target": 28.062385990695088,
            "grad_norm_post": NaN,
            "alpha": 1.0552482453194671,
            "ksp_its": 2,
            "ls_evals": 9,
            "ls_repaired": false,
            "used_gradient_fallback": false,
            "accepted_step": true,
            "step_norm": 2.1489155960591053,
            "step_rel": 0.020274091202688412,
            "pred_reduction": NaN,
            "actual_reduction": NaN,
            "trust_rejects": 0,
            "t_grad": 0.0008681430481374264,
            "t_hess": 0.03587380005046725,
            "t_ls": 0.010474469978362322,
            "t_update": 3.2549723982810974e-06,
            "t_iter": 0.04729069594759494,
            "trust_radius": 1.0,
            "trust_ratio": NaN,
            "trust_qp": NaN
          },
          {
            "it": 6,
            "energy": -7.958284574807504,
            "dE": 0.0006201028507506479,
            "grad_norm": 0.08121884134551048,
            "grad_target": 28.062385990695088,
            "grad_norm_post": NaN,
            "alpha": 1.088137289060528,
            "ksp_its": 1,
            "ls_evals": 9,
            "ls_repaired": false,
            "used_gradient_fallback": false,
            "accepted_step": true,
            "step_norm": 0.0627852401048972,
            "step_rel": 0.0006043121149616714,
            "pred_reduction": NaN,
            "actual_reduction": NaN,
            "trust_rejects": 0,
            "t_grad": 0.0006689539877697825,
            "t_hess": 0.03226046706549823,
            "t_ls": 0.011565518099814653,
            "t_update": 3.2549723982810974e-06,
            "t_iter": 0.04454964108299464,
            "trust_radius": 1.0,
            "trust_ratio": NaN,
            "trust_qp": NaN
          },
          {
            "it": 7,
            "energy": -7.958292392339525,
            "dE": 7.817532020837348e-06,
            "grad_norm": 0.007116689230196217,
            "grad_target": 28.062385990695088,
            "grad_norm_post": 0.0003690900071770873,
            "alpha": 1.0552482453194671,
            "ksp_its": 2,
            "ls_evals": 9,
            "ls_repaired": false,
            "used_gradient_fallback": false,
            "accepted_step": true,
            "step_norm": 0.010137205765160329,
            "step_rel": 9.757303593808485e-05,
            "pred_reduction": NaN,
            "actual_reduction": NaN,
            "trust_rejects": 0,
            "t_grad": 0.0006570360856130719,
            "t_hess": 0.03771348099689931,
            "t_ls": 0.011852017953060567,
            "t_update": 3.125052899122238e-06,
            "t_iter": 0.050295494962483644,
            "trust_radius": 1.0,
            "trust_ratio": NaN,
            "trust_qp": NaN
          }
        ],
        "linear_timing": [
          {
            "assemble_total_time": 0.0013434160500764847,
            "assemble_p2p_exchange": 0.0002358041238039732,
            "assemble_hvp_compute": 0.0003311369800940156,
            "assemble_extraction": 0.0003475419944152236,
            "assemble_coo_assembly": 0.0004061800427734852,
            "assemble_n_hvps": 0,
            "setop_time": 3.444962203502655e-06,
            "set_tolerances_time": 2.1030427888035774e-06,
            "pc_setup_time": 0.02929439500439912,
            "solve_time": 0.006210740888491273,
            "linear_total_time": 0.036854099947959185,
            "ksp_its": 2
          },
          {
            "assemble_total_time": 0.0018837780226022005,
            "assemble_p2p_exchange": 0.0002890940522775054,
            "assemble_hvp_compute": 0.00033257901668548584,
            "assemble_extraction": 0.00043986004311591387,
            "assemble_coo_assembly": 0.0007987890858203173,
            "assemble_n_hvps": 0,
            "setop_time": 2.703978680074215e-06,
            "set_tolerances_time": 2.062995918095112e-06,
            "pc_setup_time": 0.025463477009907365,
            "solve_time": 0.006996170035563409,
            "linear_total_time": 0.034348192042671144,
            "ksp_its": 2
          },
          {
            "assemble_total_time": 0.0015164159703999758,
            "assemble_p2p_exchange": 0.00029559305403381586,
            "assemble_hvp_compute": 0.0003354639047756791,
            "assemble_extraction": 0.0005212019896134734,
            "assemble_coo_assembly": 0.0003438160056248307,
            "assemble_n_hvps": 0,
            "setop_time": 1.8130522221326828e-06,
            "set_tolerances_time": 1.7830170691013336e-06,
            "pc_setup_time": 0.02606903505511582,
            "solve_time": 0.007749140029773116,
            "linear_total_time": 0.035338187124580145,
            "ksp_its": 2
          },
          {
            "assemble_total_time": 0.0016580589581280947,
            "assemble_p2p_exchange": 0.00030084094032645226,
            "assemble_hvp_compute": 0.00033418205566704273,
            "assemble_extraction": 0.0004933999152854085,
            "assemble_coo_assembly": 0.0005091939819976687,
            "assemble_n_hvps": 0,
            "setop_time": 1.9730068743228912e-06,
            "set_tolerances_time": 1.8629943951964378e-06,
            "pc_setup_time": 0.02639612602069974,
            "solve_time": 0.008077171980403364,
            "linear_total_time": 0.03613519296050072,
            "ksp_its": 2
          },
          {
            "assemble_total_time": 0.0017807419644668698,
            "assemble_p2p_exchange": 0.0002982569858431816,
            "assemble_hvp_compute": 0.00033761595841497183,
            "assemble_extraction": 0.00048285501543432474,
            "assemble_coo_assembly": 0.0006417230470106006,
            "assemble_n_hvps": 0,
            "setop_time": 1.701992005109787e-06,
            "set_tolerances_time": 1.8230639398097992e-06,
            "pc_setup_time": 0.026833481970243156,
            "solve_time": 0.007175089092925191,
            "linear_total_time": 0.035792838083580136,
            "ksp_its": 2
          },
          {
            "assemble_total_time": 0.0012779469834640622,
            "assemble_p2p_exchange": 0.00027152791153639555,
            "assemble_hvp_compute": 0.00031779694836586714,
            "assemble_extraction": 0.0003561140038073063,
            "assemble_coo_assembly": 0.00031342997681349516,
            "assemble_n_hvps": 0,
            "setop_time": 2.12306622415781e-06,
            "set_tolerances_time": 1.742970198392868e-06,
            "pc_setup_time": 0.025940731982700527,
            "solve_time": 0.004981106030754745,
            "linear_total_time": 0.032203651033341885,
            "ksp_its": 1
          },
          {
            "assemble_total_time": 0.0012714980402961373,
            "assemble_p2p_exchange": 0.00024360499810427427,
            "assemble_hvp_compute": 0.00033329008147120476,
            "assemble_extraction": 0.00033370102755725384,
            "assemble_coo_assembly": 0.00034068094100803137,
            "assemble_n_hvps": 0,
            "setop_time": 2.0531006157398224e-06,
            "set_tolerances_time": 1.9229482859373093e-06,
            "pc_setup_time": 0.02878585201688111,
            "solve_time": 0.007582389982417226,
            "linear_total_time": 0.03764371608849615,
            "ksp_its": 2
          }
        ]
      }
    ],
    "metadata": {
      "profile": "reference",
      "nprocs": 16,
      "nproc_threads": 1,
      "problem": {
        "name": "pLaplace2D"
      },
      "linear_solver": {
        "ksp_type": "cg",
        "pc_type": "hypre",
        "ksp_rtol": 0.1,
        "ksp_max_it": 30,
        "pc_setup_on_ksp_cap": false,
        "gamg_threshold": 0.05,
        "gamg_agg_nsmooths": 1,
        "gamg_set_coordinates": true,
        "reorder": true,
        "hvp_eval_mode": "element_overlap",
        "assembly_mode": "element",
        "element_reorder_mode": "block_xyz",
        "local_hessian_mode": "element",
        "distribution_strategy": "overlap_allgather",
        "assembler": "PLaplaceReorderedElementAssembler",
        "trust_subproblem_solver": "direct_linear_solve",
        "trust_subproblem_line_search": false
      },
      "newton": {
        "tolf": 0.0001,
        "tolg": 0.001,
        "tolg_rel": 0.001,
        "tolx_rel": 0.001,
        "tolx_abs": 1e-10,
        "maxit": 100,
        "require_all_convergence": true,
        "fail_on_nonfinite": true,
        "linesearch_interval": [
          -0.5,
          2.0
        ],
        "linesearch_tol": 0.1,
        "trust_region": false,
        "trust_radius_init": 1.0,
        "trust_radius_min": 1e-08,
        "trust_radius_max": 1000000.0,
        "trust_subproblem_line_search": false,
        "step_time_limit_s": null
      }
    }
  }
}
