An NVIDIA GPU may be present on this machine, but a CUDA-enabled jaxlib is not installed. Falling back to cpu.
An NVIDIA GPU may be present on this machine, but a CUDA-enabled jaxlib is not installed. Falling back to cpu.
{
  "case": {
    "problem": "plaplace",
    "backend": "element",
    "level": 8,
    "out": "/home/michal/repos/fenics_nonlinear_energies/artifacts/reproduction/2026-03-15_refactor_stage2b_final/full/plaplace_final_suite/jax_petsc_local_sfd_l8_np2.json",
    "quiet": true,
    "save_history": true,
    "save_linear_timing": true,
    "steps": 1,
    "start_step": 1,
    "total_steps": 24,
    "ksp_type": "cg",
    "pc_type": "hypre",
    "ksp_rtol": 0.1,
    "ksp_max_it": 30,
    "profile": "reference",
    "coloring_trials": 10,
    "nproc_threads": 1,
    "hvp_eval_mode": "sequential",
    "element_reorder_mode": "block_xyz",
    "local_hessian_mode": "sfd_local",
    "tolf": 0.0001,
    "tolg": 0.001,
    "tolg_rel": 0.001,
    "tolx_rel": 0.001,
    "tolx_abs": 1e-10,
    "maxit": 100,
    "step_time_limit_s": null,
    "linesearch_a": -0.5,
    "linesearch_b": 2.0,
    "linesearch_tol": 0.1,
    "use_trust_region": false,
    "trust_radius_init": 1.0,
    "trust_radius_min": 1e-08,
    "trust_radius_max": 1000000.0,
    "trust_shrink": 0.5,
    "trust_expand": 1.5,
    "trust_eta_shrink": 0.05,
    "trust_eta_expand": 0.75,
    "trust_max_reject": 6,
    "trust_subproblem_line_search": false,
    "local_coloring": true,
    "retry_on_failure": false,
    "pc_setup_on_ksp_cap": false,
    "use_near_nullspace": true,
    "reorder": null,
    "gamg_threshold": 0.05,
    "gamg_agg_nsmooths": 1,
    "gamg_set_coordinates": true
  },
  "result": {
    "mesh_level": 8,
    "total_dofs": 197633,
    "free_dofs": 195585,
    "setup_time": 2.011984,
    "solve_time_total": 1.650546,
    "total_time": 3.798207,
    "steps": [
      {
        "step": 1,
        "time": 1.650546,
        "nit": 6,
        "linear_iters": 12,
        "energy": -7.9595561575625595,
        "message": "Converged (energy, step, gradient)",
        "attempt": "primary",
        "ksp_rtol_used": 0.1,
        "ksp_max_it_used": 30,
        "linesearch_interval_used": [
          -0.5,
          2.0
        ],
        "history": [
          {
            "it": 1,
            "energy": 42.02082172752483,
            "dE": 4134620.949390837,
            "grad_norm": 111906.5185179104,
            "grad_target": 111.9065185179104,
            "grad_norm_post": NaN,
            "alpha": 1.9569476828142078,
            "ksp_its": 2,
            "ls_evals": 9,
            "ls_repaired": false,
            "used_gradient_fallback": false,
            "accepted_step": true,
            "step_norm": 245.08269176103596,
            "step_rel": 0.958546757952388,
            "pred_reduction": NaN,
            "actual_reduction": NaN,
            "trust_rejects": 0,
            "t_grad": 0.0032360110199078918,
            "t_hess": 0.44599749508779496,
            "t_ls": 0.04638620698824525,
            "t_update": 3.2278941944241524e-05,
            "t_iter": 0.4957364579895511,
            "trust_radius": 1.0,
            "trust_ratio": NaN,
            "trust_qp": NaN
          },
          {
            "it": 2,
            "energy": -5.5435086935846325,
            "dE": 47.56433042110947,
            "grad_norm": 51.89038510192889,
            "grad_target": 111.9065185179104,
            "grad_norm_post": NaN,
            "alpha": 1.8176274578121059,
            "ksp_its": 2,
            "ls_evals": 9,
            "ls_repaired": false,
            "used_gradient_fallback": false,
            "accepted_step": true,
            "step_norm": 197.0343064193187,
            "step_rel": 17.4641989264119,
            "pred_reduction": NaN,
            "actual_reduction": NaN,
            "trust_rejects": 0,
            "t_grad": 0.0032613290240988135,
            "t_hess": 0.19729189306963235,
            "t_ls": 0.04468776693101972,
            "t_update": 3.235798794776201e-05,
            "t_iter": 0.2453477280214429,
            "trust_radius": 1.0,
            "trust_ratio": NaN,
            "trust_qp": NaN
          },
          {
            "it": 3,
            "energy": -7.584607180319667,
            "dE": 2.0410984867350344,
            "grad_norm": 7.919838701775042,
            "grad_target": 111.9065185179104,
            "grad_norm_post": NaN,
            "alpha": 0.6905031609436797,
            "ksp_its": 2,
            "ls_evals": 9,
            "ls_repaired": false,
            "used_gradient_fallback": false,
            "accepted_step": true,
            "step_norm": 37.00202992572386,
            "step_rel": 0.1979668179807457,
            "pred_reduction": NaN,
            "actual_reduction": NaN,
            "trust_rejects": 0,
            "t_grad": 0.0032620889833196998,
            "t_hess": 0.1995038550812751,
            "t_ls": 0.044275327934883535,
            "t_update": 3.2017938792705536e-05,
            "t_iter": 0.24715352104976773,
            "trust_radius": 1.0,
            "trust_ratio": NaN,
            "trust_qp": NaN
          },
          {
            "it": 4,
            "energy": -7.956609862487268,
            "dE": 0.3720026821676008,
            "grad_norm": 3.0677609136607535,
            "grad_target": 111.9065185179104,
            "grad_norm_post": NaN,
            "alpha": 1.1742419234321102,
            "ksp_its": 2,
            "ls_evals": 9,
            "ls_repaired": false,
            "used_gradient_fallback": false,
            "accepted_step": true,
            "step_norm": 13.084983743036394,
            "step_rel": 0.05925153196108942,
            "pred_reduction": NaN,
            "actual_reduction": NaN,
            "trust_rejects": 0,
            "t_grad": 0.0032558899838477373,
            "t_hess": 0.17746672895736992,
            "t_ls": 0.04418914800044149,
            "t_update": 3.125704824924469e-05,
            "t_iter": 0.22501707496121526,
            "trust_radius": 1.0,
            "trust_ratio": NaN,
            "trust_qp": NaN
          },
          {
            "it": 5,
            "energy": -7.959530186049011,
            "dE": 0.00292032356174321,
            "grad_norm": 0.23883045835144864,
            "grad_target": 111.9065185179104,
            "grad_norm_post": NaN,
            "alpha": 1.0552482453194671,
            "ksp_its": 2,
            "ls_evals": 9,
            "ls_repaired": false,
            "used_gradient_fallback": false,
            "accepted_step": true,
            "step_norm": 0.18637106958310143,
            "step_rel": 0.0008962853982318472,
            "pred_reduction": NaN,
            "actual_reduction": NaN,
            "trust_rejects": 0,
            "t_grad": 0.003336230991408229,
            "t_hess": 0.1665608190232888,
            "t_ls": 0.04505295504350215,
            "t_update": 3.2249023206532e-05,
            "t_iter": 0.21505665499716997,
            "trust_radius": 1.0,
            "trust_ratio": NaN,
            "trust_qp": NaN
          },
          {
            "it": 6,
            "energy": -7.9595561575625595,
            "dE": 2.5971513548661562e-05,
            "grad_norm": 0.016575810960601234,
            "grad_target": 111.9065185179104,
            "grad_norm_post": 0.001271519257005268,
            "alpha": 1.088137289060528,
            "ksp_its": 2,
            "ls_evals": 9,
            "ls_repaired": false,
            "used_gradient_fallback": false,
            "accepted_step": true,
            "step_norm": 0.028193362111496888,
            "step_rel": 0.00013565956857611362,
            "pred_reduction": NaN,
            "actual_reduction": NaN,
            "trust_rejects": 0,
            "t_grad": 0.0041836240561679006,
            "t_hess": 0.1657716940389946,
            "t_ls": 0.04472752695437521,
            "t_update": 3.179791383445263e-05,
            "t_iter": 0.21479071595240384,
            "trust_radius": 1.0,
            "trust_ratio": NaN,
            "trust_qp": NaN
          }
        ],
        "linear_timing": [
          {
            "assemble_total_time": 0.26122108893468976,
            "assemble_p2p_exchange": 0.0007675630040466785,
            "assemble_hvp_compute": 0.25480919796973467,
            "assemble_extraction": 0.0021622470812872052,
            "assemble_coo_assembly": 0.0034049940295517445,
            "assemble_n_hvps": 7,
            "setop_time": 3.4850090742111206e-06,
            "set_tolerances_time": 2.603977918624878e-06,
            "pc_setup_time": 0.14492312108632177,
            "solve_time": 0.03972696606069803,
            "linear_total_time": 0.4458772650687024,
            "ksp_its": 2
          },
          {
            "assemble_total_time": 0.024946035933680832,
            "assemble_p2p_exchange": 0.0011120400158688426,
            "assemble_hvp_compute": 0.017233944032341242,
            "assemble_extraction": 0.0027935459511354566,
            "assemble_coo_assembly": 0.0037302320124581456,
            "assemble_n_hvps": 7,
            "setop_time": 3.535998985171318e-06,
            "set_tolerances_time": 2.553919330239296e-06,
            "pc_setup_time": 0.13278506009373814,
            "solve_time": 0.039436410064809024,
            "linear_total_time": 0.1971735960105434,
            "ksp_its": 2
          },
          {
            "assemble_total_time": 0.023430891102179885,
            "assemble_p2p_exchange": 0.0008156439289450645,
            "assemble_hvp_compute": 0.01732458104379475,
            "assemble_extraction": 0.0022812860552221537,
            "assemble_coo_assembly": 0.0029404570814222097,
            "assemble_n_hvps": 7,
            "setop_time": 2.5940826162695885e-06,
            "set_tolerances_time": 2.162996679544449e-06,
            "pc_setup_time": 0.13491231598891318,
            "solve_time": 0.04104323300998658,
            "linear_total_time": 0.19939119718037546,
            "ksp_its": 2
          },
          {
            "assemble_total_time": 0.024029019055888057,
            "assemble_p2p_exchange": 0.0007910389686003327,
            "assemble_hvp_compute": 0.017474164022132754,
            "assemble_extraction": 0.0023069650633260608,
            "assemble_coo_assembly": 0.003386746975593269,
            "assemble_n_hvps": 7,
            "setop_time": 2.795015461742878e-06,
            "set_tolerances_time": 2.0029256120324135e-06,
            "pc_setup_time": 0.11563016602303833,
            "solve_time": 0.03768600104376674,
            "linear_total_time": 0.1773499840637669,
            "ksp_its": 2
          },
          {
            "assemble_total_time": 0.024301919038407505,
            "assemble_p2p_exchange": 0.0009673020103946328,
            "assemble_hvp_compute": 0.01757323299534619,
            "assemble_extraction": 0.002241165959276259,
            "assemble_coo_assembly": 0.0034456850262358785,
            "assemble_n_hvps": 7,
            "setop_time": 2.94495839625597e-06,
            "set_tolerances_time": 2.2529857233166695e-06,
            "pc_setup_time": 0.10562308598309755,
            "solve_time": 0.03651436197105795,
            "linear_total_time": 0.16644456493668258,
            "ksp_its": 2
          },
          {
            "assemble_total_time": 0.023402097052894533,
            "assemble_p2p_exchange": 0.0007229250622913241,
            "assemble_hvp_compute": 0.017678712029010057,
            "assemble_extraction": 0.0023010859731584787,
            "assemble_coo_assembly": 0.0026294090785086155,
            "assemble_n_hvps": 7,
            "setop_time": 2.783956006169319e-06,
            "set_tolerances_time": 2.2739404812455177e-06,
            "pc_setup_time": 0.10545350098982453,
            "solve_time": 0.03680427698418498,
            "linear_total_time": 0.16566493292339146,
            "ksp_its": 2
          }
        ]
      }
    ],
    "metadata": {
      "profile": "reference",
      "nprocs": 2,
      "nproc_threads": 1,
      "problem": {
        "name": "pLaplace2D"
      },
      "linear_solver": {
        "ksp_type": "cg",
        "pc_type": "hypre",
        "ksp_rtol": 0.1,
        "ksp_max_it": 30,
        "pc_setup_on_ksp_cap": false,
        "gamg_threshold": 0.05,
        "gamg_agg_nsmooths": 1,
        "gamg_set_coordinates": true,
        "reorder": true,
        "hvp_eval_mode": "sfd_local_batched",
        "assembly_mode": "element",
        "element_reorder_mode": "block_xyz",
        "local_hessian_mode": "sfd_local",
        "distribution_strategy": "overlap_allgather",
        "assembler": "PLaplaceReorderedElementAssembler",
        "trust_subproblem_solver": "direct_linear_solve",
        "trust_subproblem_line_search": false
      },
      "newton": {
        "tolf": 0.0001,
        "tolg": 0.001,
        "tolg_rel": 0.001,
        "tolx_rel": 0.001,
        "tolx_abs": 1e-10,
        "maxit": 100,
        "require_all_convergence": true,
        "fail_on_nonfinite": true,
        "linesearch_interval": [
          -0.5,
          2.0
        ],
        "linesearch_tol": 0.1,
        "trust_region": false,
        "trust_radius_init": 1.0,
        "trust_radius_min": 1e-08,
        "trust_radius_max": 1000000.0,
        "trust_subproblem_line_search": false,
        "step_time_limit_s": null
      }
    }
  }
}
