An NVIDIA GPU may be present on this machine, but a CUDA-enabled jaxlib is not installed. Falling back to cpu.
An NVIDIA GPU may be present on this machine, but a CUDA-enabled jaxlib is not installed. Falling back to cpu.
{
  "case": {
    "problem": "plaplace",
    "backend": "element",
    "level": 7,
    "out": "/home/michal/repos/fenics_nonlinear_energies/artifacts/reproduction/2026-03-15_refactor_stage2b_final/full/plaplace_final_suite/jax_petsc_element_l7_np2.json",
    "quiet": true,
    "save_history": true,
    "save_linear_timing": true,
    "steps": 1,
    "start_step": 1,
    "total_steps": 24,
    "ksp_type": "cg",
    "pc_type": "hypre",
    "ksp_rtol": 0.1,
    "ksp_max_it": 30,
    "profile": "reference",
    "coloring_trials": 10,
    "nproc_threads": 1,
    "hvp_eval_mode": "sequential",
    "element_reorder_mode": "block_xyz",
    "local_hessian_mode": "element",
    "tolf": 0.0001,
    "tolg": 0.001,
    "tolg_rel": 0.001,
    "tolx_rel": 0.001,
    "tolx_abs": 1e-10,
    "maxit": 100,
    "step_time_limit_s": null,
    "linesearch_a": -0.5,
    "linesearch_b": 2.0,
    "linesearch_tol": 0.1,
    "use_trust_region": false,
    "trust_radius_init": 1.0,
    "trust_radius_min": 1e-08,
    "trust_radius_max": 1000000.0,
    "trust_shrink": 0.5,
    "trust_expand": 1.5,
    "trust_eta_shrink": 0.05,
    "trust_eta_expand": 0.75,
    "trust_max_reject": 6,
    "trust_subproblem_line_search": false,
    "local_coloring": true,
    "retry_on_failure": false,
    "pc_setup_on_ksp_cap": false,
    "use_near_nullspace": true,
    "reorder": null,
    "gamg_threshold": 0.05,
    "gamg_agg_nsmooths": 1,
    "gamg_set_coordinates": true
  },
  "result": {
    "mesh_level": 7,
    "total_dofs": 49665,
    "free_dofs": 48641,
    "setup_time": 0.532005,
    "solve_time_total": 0.444855,
    "total_time": 1.037525,
    "steps": [
      {
        "step": 1,
        "time": 0.444855,
        "nit": 7,
        "linear_iters": 14,
        "energy": -7.958292392529342,
        "message": "Converged (energy, step, gradient)",
        "attempt": "primary",
        "ksp_rtol_used": 0.1,
        "ksp_max_it_used": 30,
        "linesearch_interval_used": [
          -0.5,
          2.0
        ],
        "history": [
          {
            "it": 1,
            "energy": 5.4381062492044,
            "dE": 521138.8689366795,
            "grad_norm": 28062.385990695086,
            "grad_target": 28.062385990695088,
            "grad_norm_post": NaN,
            "alpha": 1.9569476828142078,
            "ksp_its": 2,
            "ls_evals": 9,
            "ls_repaired": false,
            "used_gradient_fallback": false,
            "accepted_step": true,
            "step_norm": 124.72030897019319,
            "step_rel": 0.9824587851298259,
            "pred_reduction": NaN,
            "actual_reduction": NaN,
            "trust_rejects": 0,
            "t_grad": 0.0009633359732106328,
            "t_hess": 0.05453872901853174,
            "t_ls": 0.013429082930088043,
            "t_update": 9.08400397747755e-06,
            "t_iter": 0.06898544100113213,
            "trust_radius": 1.0,
            "trust_ratio": NaN,
            "trust_qp": NaN
          },
          {
            "it": 2,
            "energy": -3.911265102056346,
            "dE": 9.349371351260746,
            "grad_norm": 13.013050037123802,
            "grad_target": 28.062385990695088,
            "grad_norm_post": NaN,
            "alpha": 0.8627124296868427,
            "ksp_its": 2,
            "ls_evals": 9,
            "ls_repaired": false,
            "used_gradient_fallback": false,
            "accepted_step": true,
            "step_norm": 89.36940351894249,
            "step_rel": 36.144981199401585,
            "pred_reduction": NaN,
            "actual_reduction": NaN,
            "trust_rejects": 0,
            "t_grad": 0.0008067709859460592,
            "t_hess": 0.05225036491174251,
            "t_ls": 0.013165136915631592,
            "t_update": 9.794952347874641e-06,
            "t_iter": 0.0662726400187239,
            "trust_radius": 1.0,
            "trust_ratio": NaN,
            "trust_qp": NaN
          },
          {
            "it": 3,
            "energy": -7.343914513183446,
            "dE": 3.4326494111271,
            "grad_norm": 9.349463989505937,
            "grad_target": 28.062385990695088,
            "grad_norm_post": NaN,
            "alpha": 0.8094968390563215,
            "ksp_its": 2,
            "ls_evals": 9,
            "ls_repaired": false,
            "used_gradient_fallback": false,
            "accepted_step": true,
            "step_norm": 24.699073797511332,
            "step_rel": 0.2800598646841537,
            "pred_reduction": NaN,
            "actual_reduction": NaN,
            "trust_rejects": 0,
            "t_grad": 0.0008041670080274343,
            "t_hess": 0.052332198014482856,
            "t_ls": 0.01333697501104325,
            "t_update": 9.113922715187073e-06,
            "t_iter": 0.06652333599049598,
            "trust_radius": 1.0,
            "trust_ratio": NaN,
            "trust_qp": NaN
          },
          {
            "it": 4,
            "energy": -7.927456199387547,
            "dE": 0.583541686204101,
            "grad_norm": 3.1763651576179237,
            "grad_target": 28.062385990695088,
            "grad_norm_post": NaN,
            "alpha": 1.002032654688946,
            "ksp_its": 2,
            "ls_evals": 9,
            "ls_repaired": false,
            "used_gradient_fallback": false,
            "accepted_step": true,
            "step_norm": 6.678891278745238,
            "step_rel": 0.05957126761173141,
            "pred_reduction": NaN,
            "actual_reduction": NaN,
            "trust_rejects": 0,
            "t_grad": 0.001567172002978623,
            "t_hess": 0.050223513040691614,
            "t_ls": 0.013008172041736543,
            "t_update": 1.047598198056221e-05,
            "t_iter": 0.06484903302043676,
            "trust_radius": 1.0,
            "trust_ratio": NaN,
            "trust_qp": NaN
          },
          {
            "it": 5,
            "energy": -7.957638879139049,
            "dE": 0.03018267975150213,
            "grad_norm": 0.6582913819321675,
            "grad_target": 28.062385990695088,
            "grad_norm_post": NaN,
            "alpha": 1.0552482453194671,
            "ksp_its": 2,
            "ls_evals": 9,
            "ls_repaired": false,
            "used_gradient_fallback": false,
            "accepted_step": true,
            "step_norm": 2.1673575832134975,
            "step_rel": 0.02044466126247501,
            "pred_reduction": NaN,
            "actual_reduction": NaN,
            "trust_rejects": 0,
            "t_grad": 0.0008383879903703928,
            "t_hess": 0.044936068006791174,
            "t_ls": 0.013000941020436585,
            "t_update": 8.943025022745132e-06,
            "t_iter": 0.05882660404313356,
            "trust_radius": 1.0,
            "trust_ratio": NaN,
            "trust_qp": NaN
          },
          {
            "it": 6,
            "energy": -7.958284566062277,
            "dE": 0.0006456869232280837,
            "grad_norm": 0.08357394843359967,
            "grad_target": 28.062385990695088,
            "grad_norm_post": NaN,
            "alpha": 1.088137289060528,
            "ksp_its": 2,
            "ls_evals": 9,
            "ls_repaired": false,
            "used_gradient_fallback": false,
            "accepted_step": true,
            "step_norm": 0.06951904721678666,
            "step_rel": 0.0006691252996020627,
            "pred_reduction": NaN,
            "actual_reduction": NaN,
            "trust_rejects": 0,
            "t_grad": 0.0008766060927882791,
            "t_hess": 0.04428575199563056,
            "t_ls": 0.013273739954456687,
            "t_update": 1.0024989023804665e-05,
            "t_iter": 0.05848659505136311,
            "trust_radius": 1.0,
            "trust_ratio": NaN,
            "trust_qp": NaN
          },
          {
            "it": 7,
            "energy": -7.958292392529342,
            "dE": 7.826467064653286e-06,
            "grad_norm": 0.007359857761007142,
            "grad_target": 28.062385990695088,
            "grad_norm_post": 0.0004147143030229625,
            "alpha": 1.088137289060528,
            "ksp_its": 2,
            "ls_evals": 9,
            "ls_repaired": false,
            "used_gradient_fallback": false,
            "accepted_step": true,
            "step_norm": 0.007163699435085977,
            "step_rel": 6.89526251140438e-05,
            "pred_reduction": NaN,
            "actual_reduction": NaN,
            "trust_rejects": 0,
            "t_grad": 0.0008444769773632288,
            "t_hess": 0.044590099016204476,
            "t_ls": 0.013025677995756269,
            "t_update": 9.60507895797491e-06,
            "t_iter": 0.05851028999313712,
            "trust_radius": 1.0,
            "trust_ratio": NaN,
            "trust_qp": NaN
          }
        ],
        "linear_timing": [
          {
            "assemble_total_time": 0.0053604349959641695,
            "assemble_p2p_exchange": 0.0001748130889609456,
            "assemble_hvp_compute": 0.0012446469627320766,
            "assemble_extraction": 0.0027288550045341253,
            "assemble_coo_assembly": 0.0011757949832826853,
            "assemble_n_hvps": 0,
            "setop_time": 3.3050309866666794e-06,
            "set_tolerances_time": 2.8350623324513435e-06,
            "pc_setup_time": 0.039019147981889546,
            "solve_time": 0.010095041012391448,
            "linear_total_time": 0.05448076408356428,
            "ksp_its": 2
          },
          {
            "assemble_total_time": 0.0075090189930051565,
            "assemble_p2p_exchange": 0.00037895888090133667,
            "assemble_hvp_compute": 0.002727273036725819,
            "assemble_extraction": 0.003658480942249298,
            "assemble_coo_assembly": 0.0007072910666465759,
            "assemble_n_hvps": 0,
            "setop_time": 3.374996595084667e-06,
            "set_tolerances_time": 3.0549708753824234e-06,
            "pc_setup_time": 0.0347208270104602,
            "solve_time": 0.00996225094422698,
            "linear_total_time": 0.0521985269151628,
            "ksp_its": 2
          },
          {
            "assemble_total_time": 0.004497430054470897,
            "assemble_p2p_exchange": 0.00017103704158216715,
            "assemble_hvp_compute": 0.0012583789648488164,
            "assemble_extraction": 0.00263393297791481,
            "assemble_coo_assembly": 0.00040265393909066916,
            "assemble_n_hvps": 0,
            "setop_time": 2.754037268459797e-06,
            "set_tolerances_time": 2.5240005925297737e-06,
            "pc_setup_time": 0.037007428938522935,
            "solve_time": 0.01077420893125236,
            "linear_total_time": 0.05228434596210718,
            "ksp_its": 2
          },
          {
            "assemble_total_time": 0.005764361005276442,
            "assemble_p2p_exchange": 0.0001774369738996029,
            "assemble_hvp_compute": 0.0017528310418128967,
            "assemble_extraction": 0.0024633259745314717,
            "assemble_coo_assembly": 0.0013367959763854742,
            "assemble_n_hvps": 0,
            "setop_time": 2.703978680074215e-06,
            "set_tolerances_time": 2.6739435270428658e-06,
            "pc_setup_time": 0.03411098197102547,
            "solve_time": 0.01029606198426336,
            "linear_total_time": 0.050176782882772386,
            "ksp_its": 2
          },
          {
            "assemble_total_time": 0.004452952998690307,
            "assemble_p2p_exchange": 0.00017474195919930935,
            "assemble_hvp_compute": 0.0012732410104945302,
            "assemble_extraction": 0.002641364000737667,
            "assemble_coo_assembly": 0.0003308060113340616,
            "assemble_n_hvps": 0,
            "setop_time": 2.634013071656227e-06,
            "set_tolerances_time": 2.703978680074215e-06,
            "pc_setup_time": 0.030786853982135653,
            "solve_time": 0.00964211008977145,
            "linear_total_time": 0.04488725506234914,
            "ksp_its": 2
          },
          {
            "assemble_total_time": 0.004580313921906054,
            "assemble_p2p_exchange": 0.0001755629200488329,
            "assemble_hvp_compute": 0.0012773680500686169,
            "assemble_extraction": 0.0026421250076964498,
            "assemble_coo_assembly": 0.00045209808740764856,
            "assemble_n_hvps": 0,
            "setop_time": 2.5739427655935287e-06,
            "set_tolerances_time": 2.634013071656227e-06,
            "pc_setup_time": 0.029991909977979958,
            "solve_time": 0.00966163002885878,
            "linear_total_time": 0.04423906188458204,
            "ksp_its": 2
          },
          {
            "assemble_total_time": 0.004637951031327248,
            "assemble_p2p_exchange": 0.0001859079347923398,
            "assemble_hvp_compute": 0.0012977269943803549,
            "assemble_extraction": 0.0026760960463434458,
            "assemble_coo_assembly": 0.0004453479778021574,
            "assemble_n_hvps": 0,
            "setop_time": 2.6639318093657494e-06,
            "set_tolerances_time": 2.484070137143135e-06,
            "pc_setup_time": 0.03010690293740481,
            "solve_time": 0.009792025899514556,
            "linear_total_time": 0.044542027870193124,
            "ksp_its": 2
          }
        ]
      }
    ],
    "metadata": {
      "profile": "reference",
      "nprocs": 2,
      "nproc_threads": 1,
      "problem": {
        "name": "pLaplace2D"
      },
      "linear_solver": {
        "ksp_type": "cg",
        "pc_type": "hypre",
        "ksp_rtol": 0.1,
        "ksp_max_it": 30,
        "pc_setup_on_ksp_cap": false,
        "gamg_threshold": 0.05,
        "gamg_agg_nsmooths": 1,
        "gamg_set_coordinates": true,
        "reorder": true,
        "hvp_eval_mode": "element_overlap",
        "assembly_mode": "element",
        "element_reorder_mode": "block_xyz",
        "local_hessian_mode": "element",
        "distribution_strategy": "overlap_allgather",
        "assembler": "PLaplaceReorderedElementAssembler",
        "trust_subproblem_solver": "direct_linear_solve",
        "trust_subproblem_line_search": false
      },
      "newton": {
        "tolf": 0.0001,
        "tolg": 0.001,
        "tolg_rel": 0.001,
        "tolx_rel": 0.001,
        "tolx_abs": 1e-10,
        "maxit": 100,
        "require_all_convergence": true,
        "fail_on_nonfinite": true,
        "linesearch_interval": [
          -0.5,
          2.0
        ],
        "linesearch_tol": 0.1,
        "trust_region": false,
        "trust_radius_init": 1.0,
        "trust_radius_min": 1e-08,
        "trust_radius_max": 1000000.0,
        "trust_subproblem_line_search": false,
        "step_time_limit_s": null
      }
    }
  }
}
