An NVIDIA GPU may be present on this machine, but a CUDA-enabled jaxlib is not installed. Falling back to cpu.
An NVIDIA GPU may be present on this machine, but a CUDA-enabled jaxlib is not installed. Falling back to cpu.
{
  "case": {
    "problem": "plaplace",
    "backend": "element",
    "level": 6,
    "out": "/home/michal/repos/fenics_nonlinear_energies/artifacts/reproduction/2026-03-15_refactor_stage2b_final/full/plaplace_final_suite/jax_petsc_element_l6_np2.json",
    "quiet": true,
    "save_history": true,
    "save_linear_timing": true,
    "steps": 1,
    "start_step": 1,
    "total_steps": 24,
    "ksp_type": "cg",
    "pc_type": "hypre",
    "ksp_rtol": 0.1,
    "ksp_max_it": 30,
    "profile": "reference",
    "coloring_trials": 10,
    "nproc_threads": 1,
    "hvp_eval_mode": "sequential",
    "element_reorder_mode": "block_xyz",
    "local_hessian_mode": "element",
    "tolf": 0.0001,
    "tolg": 0.001,
    "tolg_rel": 0.001,
    "tolx_rel": 0.001,
    "tolx_abs": 1e-10,
    "maxit": 100,
    "step_time_limit_s": null,
    "linesearch_a": -0.5,
    "linesearch_b": 2.0,
    "linesearch_tol": 0.1,
    "use_trust_region": false,
    "trust_radius_init": 1.0,
    "trust_radius_min": 1e-08,
    "trust_radius_max": 1000000.0,
    "trust_shrink": 0.5,
    "trust_expand": 1.5,
    "trust_eta_shrink": 0.05,
    "trust_eta_expand": 0.75,
    "trust_max_reject": 6,
    "trust_subproblem_line_search": false,
    "local_coloring": true,
    "retry_on_failure": false,
    "pc_setup_on_ksp_cap": false,
    "use_near_nullspace": true,
    "reorder": null,
    "gamg_threshold": 0.05,
    "gamg_agg_nsmooths": 1,
    "gamg_set_coordinates": true
  },
  "result": {
    "mesh_level": 6,
    "total_dofs": 12545,
    "free_dofs": 12033,
    "setup_time": 0.317078,
    "solve_time_total": 0.152031,
    "total_time": 0.513797,
    "steps": [
      {
        "step": 1,
        "time": 0.152031,
        "nit": 7,
        "linear_iters": 10,
        "energy": -7.954563580821439,
        "message": "Converged (energy, step, gradient)",
        "attempt": "primary",
        "ksp_rtol_used": 0.1,
        "ksp_max_it_used": 30,
        "linesearch_interval_used": [
          -0.5,
          2.0
        ],
        "history": [
          {
            "it": 1,
            "energy": 0.1825673430938265,
            "dE": 65342.82363897913,
            "grad_norm": 6978.482874326118,
            "grad_target": 6.978482874326118,
            "grad_norm_post": NaN,
            "alpha": 1.9569476828142078,
            "ksp_its": 2,
            "ls_evals": 9,
            "ls_repaired": false,
            "used_gradient_fallback": false,
            "accepted_step": true,
            "step_norm": 64.22781431825413,
            "step_rel": 1.0196872421285799,
            "pred_reduction": NaN,
            "actual_reduction": NaN,
            "trust_rejects": 0,
            "t_grad": 0.00042775191832333803,
            "t_hess": 0.016747480956837535,
            "t_ls": 0.0062135939951986074,
            "t_update": 4.507019184529781e-06,
            "t_iter": 0.023423900012858212,
            "trust_radius": 1.0,
            "trust_ratio": NaN,
            "trust_qp": NaN
          },
          {
            "it": 2,
            "energy": -5.801397048006368,
            "dE": 5.983964391100195,
            "grad_norm": 3.267964815043334,
            "grad_target": 6.978482874326118,
            "grad_norm_post": NaN,
            "alpha": 0.41186271093947224,
            "ksp_its": 1,
            "ls_evals": 9,
            "ls_repaired": false,
            "used_gradient_fallback": false,
            "accepted_step": true,
            "step_norm": 38.41558537994666,
            "step_rel": 15.03935059978359,
            "pred_reduction": NaN,
            "actual_reduction": NaN,
            "trust_rejects": 0,
            "t_grad": 0.0003752129850909114,
            "t_hess": 0.014847580925561488,
            "t_ls": 0.006058270926587284,
            "t_update": 4.47593629360199e-06,
            "t_iter": 0.021313622943125665,
            "trust_radius": 1.0,
            "trust_ratio": NaN,
            "trust_qp": NaN
          },
          {
            "it": 3,
            "energy": -7.7076740370009045,
            "dE": 1.9062769889945361,
            "grad_norm": 5.499267753353771,
            "grad_target": 6.978482874326118,
            "grad_norm_post": NaN,
            "alpha": 0.6372875703131574,
            "ksp_its": 2,
            "ls_evals": 9,
            "ls_repaired": false,
            "used_gradient_fallback": false,
            "accepted_step": true,
            "step_norm": 13.000186159051394,
            "step_rel": 0.3186644642270955,
            "pred_reduction": NaN,
            "actual_reduction": NaN,
            "trust_rejects": 0,
            "t_grad": 0.0003540510078892112,
            "t_hess": 0.016239468939602375,
            "t_ls": 0.006052721990272403,
            "t_update": 4.315981641411781e-06,
            "t_iter": 0.022676548920571804,
            "trust_radius": 1.0,
            "trust_ratio": NaN,
            "trust_qp": NaN
          },
          {
            "it": 4,
            "energy": -7.94227133477083,
            "dE": 0.2345972977699251,
            "grad_norm": 2.185378995330981,
            "grad_target": 6.978482874326118,
            "grad_norm_post": NaN,
            "alpha": 0.9488170640584248,
            "ksp_its": 1,
            "ls_evals": 9,
            "ls_repaired": false,
            "used_gradient_fallback": false,
            "accepted_step": true,
            "step_norm": 1.1012146861454546,
            "step_rel": 0.020620826076572934,
            "pred_reduction": NaN,
            "actual_reduction": NaN,
            "trust_rejects": 0,
            "t_grad": 0.00040781102143228054,
            "t_hess": 0.014453799929469824,
            "t_ls": 0.006086452980525792,
            "t_update": 4.336005076766014e-06,
            "t_iter": 0.02097800001502037,
            "trust_radius": 1.0,
            "trust_ratio": NaN,
            "trust_qp": NaN
          },
          {
            "it": 5,
            "energy": -7.954333593678626,
            "dE": 0.012062258907796775,
            "grad_norm": 0.448604167715416,
            "grad_target": 6.978482874326118,
            "grad_norm_post": NaN,
            "alpha": 1.0552482453194671,
            "ksp_its": 2,
            "ls_evals": 9,
            "ls_repaired": false,
            "used_gradient_fallback": false,
            "accepted_step": true,
            "step_norm": 0.6600132665732973,
            "step_rel": 0.012557415677506087,
            "pred_reduction": NaN,
            "actual_reduction": NaN,
            "trust_rejects": 0,
            "t_grad": 0.00040262402035295963,
            "t_hess": 0.015282061998732388,
            "t_ls": 0.0060082359705120325,
            "t_update": 4.325993359088898e-06,
            "t_iter": 0.02172356890514493,
            "trust_radius": 1.0,
            "trust_ratio": NaN,
            "trust_qp": NaN
          },
          {
            "it": 6,
            "energy": -7.954562095302058,
            "dE": 0.0002285016234315762,
            "grad_norm": 0.05295545473382198,
            "grad_target": 6.978482874326118,
            "grad_norm_post": NaN,
            "alpha": 1.088137289060528,
            "ksp_its": 1,
            "ls_evals": 9,
            "ls_repaired": false,
            "used_gradient_fallback": false,
            "accepted_step": true,
            "step_norm": 0.02237443094591156,
            "step_rel": 0.0004309496120146854,
            "pred_reduction": NaN,
            "actual_reduction": NaN,
            "trust_rejects": 0,
            "t_grad": 0.0003538009477779269,
            "t_hess": 0.013931556022726,
            "t_ls": 0.006017840001732111,
            "t_update": 4.156026989221573e-06,
            "t_iter": 0.020333161926828325,
            "trust_radius": 1.0,
            "trust_ratio": NaN,
            "trust_qp": NaN
          },
          {
            "it": 7,
            "energy": -7.954563580821439,
            "dE": 1.4855193812834955e-06,
            "grad_norm": 0.0031207275994064735,
            "grad_target": 6.978482874326118,
            "grad_norm_post": 0.00013097164442909197,
            "alpha": 1.0552482453194671,
            "ksp_its": 1,
            "ls_evals": 9,
            "ls_repaired": false,
            "used_gradient_fallback": false,
            "accepted_step": true,
            "step_norm": 0.0019151455733450477,
            "step_rel": 3.687917863161307e-05,
            "pred_reduction": NaN,
            "actual_reduction": NaN,
            "trust_rejects": 0,
            "t_grad": 0.0003665399271994829,
            "t_hess": 0.013855842989869416,
            "t_ls": 0.0060710899997502565,
            "t_update": 4.366971552371979e-06,
            "t_iter": 0.020323266973719,
            "trust_radius": 1.0,
            "trust_ratio": NaN,
            "trust_qp": NaN
          }
        ],
        "linear_timing": [
          {
            "assemble_total_time": 0.00158432696480304,
            "assemble_p2p_exchange": 7.308984640985727e-05,
            "assemble_hvp_compute": 0.00047186703886836767,
            "assemble_extraction": 0.0007947220001369715,
            "assemble_coo_assembly": 0.00022593897301703691,
            "assemble_n_hvps": 0,
            "setop_time": 2.6939669623970985e-06,
            "set_tolerances_time": 2.1229498088359833e-06,
            "pc_setup_time": 0.01206492492929101,
            "solve_time": 0.0030588300433009863,
            "linear_total_time": 0.01671289885416627,
            "ksp_its": 2
          },
          {
            "assemble_total_time": 0.0018134309211745858,
            "assemble_p2p_exchange": 0.00011352018918842077,
            "assemble_hvp_compute": 0.0004465599777176976,
            "assemble_extraction": 0.001010066014714539,
            "assemble_coo_assembly": 0.00022650009486824274,
            "assemble_n_hvps": 0,
            "setop_time": 1.7329584807157516e-06,
            "set_tolerances_time": 1.942971721291542e-06,
            "pc_setup_time": 0.010877372929826379,
            "solve_time": 0.0021206530509516597,
            "linear_total_time": 0.014815132832154632,
            "ksp_its": 1
          },
          {
            "assemble_total_time": 0.0012053890386596322,
            "assemble_p2p_exchange": 7.093593012541533e-05,
            "assemble_hvp_compute": 0.0004421540070325136,
            "assemble_extraction": 0.0005810820730403066,
            "assemble_coo_assembly": 9.872799273580313e-05,
            "assemble_n_hvps": 0,
            "setop_time": 1.2819655239582062e-06,
            "set_tolerances_time": 1.593027263879776e-06,
            "pc_setup_time": 0.01164299191441387,
            "solve_time": 0.0033590610837563872,
            "linear_total_time": 0.016210317029617727,
            "ksp_its": 2
          },
          {
            "assemble_total_time": 0.0012816530652344227,
            "assemble_p2p_exchange": 7.090612780302763e-05,
            "assemble_hvp_compute": 0.0004476309986785054,
            "assemble_extraction": 0.0005857989890500903,
            "assemble_coo_assembly": 0.00016403594054281712,
            "assemble_n_hvps": 0,
            "setop_time": 1.643085852265358e-06,
            "set_tolerances_time": 1.6220146790146828e-06,
            "pc_setup_time": 0.010916571947745979,
            "solve_time": 0.0022241580300033092,
            "linear_total_time": 0.01442564814351499,
            "ksp_its": 1
          },
          {
            "assemble_total_time": 0.0012515189591795206,
            "assemble_p2p_exchange": 7.121800445020199e-05,
            "assemble_hvp_compute": 0.0004392889095470309,
            "assemble_extraction": 0.000595193007029593,
            "assemble_coo_assembly": 0.00013237795792520046,
            "assemble_n_hvps": 0,
            "setop_time": 1.2319069355726242e-06,
            "set_tolerances_time": 1.60199124366045e-06,
            "pc_setup_time": 0.010702861007303,
            "solve_time": 0.0032951540779322386,
            "linear_total_time": 0.015252367942593992,
            "ksp_its": 2
          },
          {
            "assemble_total_time": 0.0012698060600087047,
            "assemble_p2p_exchange": 7.81369162723422e-05,
            "assemble_hvp_compute": 0.0004345820052549243,
            "assemble_extraction": 0.0005961150163784623,
            "assemble_coo_assembly": 0.00014762103091925383,
            "assemble_n_hvps": 0,
            "setop_time": 1.5529803931713104e-06,
            "set_tolerances_time": 1.4220131561160088e-06,
            "pc_setup_time": 0.010449770954437554,
            "solve_time": 0.0021801210241392255,
            "linear_total_time": 0.013902673032134771,
            "ksp_its": 1
          },
          {
            "assemble_total_time": 0.001210676971822977,
            "assemble_p2p_exchange": 7.02559482306242e-05,
            "assemble_hvp_compute": 0.00043037591967731714,
            "assemble_extraction": 0.0006003810558468103,
            "assemble_coo_assembly": 9.651505388319492e-05,
            "assemble_n_hvps": 0,
            "setop_time": 1.4420365914702415e-06,
            "set_tolerances_time": 1.501990482211113e-06,
            "pc_setup_time": 0.010432834969833493,
            "solve_time": 0.002180832903832197,
            "linear_total_time": 0.013827288872562349,
            "ksp_its": 1
          }
        ]
      }
    ],
    "metadata": {
      "profile": "reference",
      "nprocs": 2,
      "nproc_threads": 1,
      "problem": {
        "name": "pLaplace2D"
      },
      "linear_solver": {
        "ksp_type": "cg",
        "pc_type": "hypre",
        "ksp_rtol": 0.1,
        "ksp_max_it": 30,
        "pc_setup_on_ksp_cap": false,
        "gamg_threshold": 0.05,
        "gamg_agg_nsmooths": 1,
        "gamg_set_coordinates": true,
        "reorder": true,
        "hvp_eval_mode": "element_overlap",
        "assembly_mode": "element",
        "element_reorder_mode": "block_xyz",
        "local_hessian_mode": "element",
        "distribution_strategy": "overlap_allgather",
        "assembler": "PLaplaceReorderedElementAssembler",
        "trust_subproblem_solver": "direct_linear_solve",
        "trust_subproblem_line_search": false
      },
      "newton": {
        "tolf": 0.0001,
        "tolg": 0.001,
        "tolg_rel": 0.001,
        "tolx_rel": 0.001,
        "tolx_abs": 1e-10,
        "maxit": 100,
        "require_all_convergence": true,
        "fail_on_nonfinite": true,
        "linesearch_interval": [
          -0.5,
          2.0
        ],
        "linesearch_tol": 0.1,
        "trust_region": false,
        "trust_radius_init": 1.0,
        "trust_radius_min": 1e-08,
        "trust_radius_max": 1000000.0,
        "trust_subproblem_line_search": false,
        "step_time_limit_s": null
      }
    }
  }
}
