An NVIDIA GPU may be present on this machine, but a CUDA-enabled jaxlib is not installed. Falling back to cpu.
An NVIDIA GPU may be present on this machine, but a CUDA-enabled jaxlib is not installed. Falling back to cpu.
An NVIDIA GPU may be present on this machine, but a CUDA-enabled jaxlib is not installed. Falling back to cpu.
An NVIDIA GPU may be present on this machine, but a CUDA-enabled jaxlib is not installed. Falling back to cpu.
An NVIDIA GPU may be present on this machine, but a CUDA-enabled jaxlib is not installed. Falling back to cpu.
An NVIDIA GPU may be present on this machine, but a CUDA-enabled jaxlib is not installed. Falling back to cpu.
An NVIDIA GPU may be present on this machine, but a CUDA-enabled jaxlib is not installed. Falling back to cpu.
An NVIDIA GPU may be present on this machine, but a CUDA-enabled jaxlib is not installed. Falling back to cpu.
{
  "case": {
    "problem": "plaplace",
    "backend": "element",
    "level": 5,
    "out": "/home/michal/repos/fenics_nonlinear_energies/artifacts/reproduction/2026-03-15_refactor_stage2b_final/full/plaplace_final_suite/jax_petsc_element_l5_np8.json",
    "quiet": true,
    "save_history": true,
    "save_linear_timing": true,
    "steps": 1,
    "start_step": 1,
    "total_steps": 24,
    "ksp_type": "cg",
    "pc_type": "hypre",
    "ksp_rtol": 0.1,
    "ksp_max_it": 30,
    "profile": "reference",
    "coloring_trials": 10,
    "nproc_threads": 1,
    "hvp_eval_mode": "sequential",
    "element_reorder_mode": "block_xyz",
    "local_hessian_mode": "element",
    "tolf": 0.0001,
    "tolg": 0.001,
    "tolg_rel": 0.001,
    "tolx_rel": 0.001,
    "tolx_abs": 1e-10,
    "maxit": 100,
    "step_time_limit_s": null,
    "linesearch_a": -0.5,
    "linesearch_b": 2.0,
    "linesearch_tol": 0.1,
    "use_trust_region": false,
    "trust_radius_init": 1.0,
    "trust_radius_min": 1e-08,
    "trust_radius_max": 1000000.0,
    "trust_shrink": 0.5,
    "trust_expand": 1.5,
    "trust_eta_shrink": 0.05,
    "trust_eta_expand": 0.75,
    "trust_max_reject": 6,
    "trust_subproblem_line_search": false,
    "local_coloring": true,
    "retry_on_failure": false,
    "pc_setup_on_ksp_cap": false,
    "use_near_nullspace": true,
    "reorder": null,
    "gamg_threshold": 0.05,
    "gamg_agg_nsmooths": 1,
    "gamg_set_coordinates": true
  },
  "result": {
    "mesh_level": 5,
    "total_dofs": 3201,
    "free_dofs": 2945,
    "setup_time": 0.258262,
    "solve_time_total": 0.093404,
    "total_time": 0.396893,
    "steps": [
      {
        "step": 1,
        "time": 0.093404,
        "nit": 6,
        "linear_iters": 6,
        "energy": -7.94296858023555,
        "message": "Converged (energy, step, gradient)",
        "attempt": "primary",
        "ksp_rtol_used": 0.1,
        "ksp_max_it_used": 30,
        "linesearch_interval_used": [
          -0.5,
          2.0
        ],
        "history": [
          {
            "it": 1,
            "energy": 0.15855435123431294,
            "dE": 8661.91996236026,
            "grad_norm": 1796.1493529461623,
            "grad_target": 1.7961493529461623,
            "grad_norm_post": NaN,
            "alpha": 1.9569476828142078,
            "ksp_its": 1,
            "ls_evals": 9,
            "ls_repaired": false,
            "used_gradient_fallback": false,
            "accepted_step": true,
            "step_norm": 31.47957753738369,
            "step_rel": 0.9946460674446886,
            "pred_reduction": NaN,
            "actual_reduction": NaN,
            "trust_rejects": 0,
            "t_grad": 0.00034136197064071894,
            "t_hess": 0.01159598003141582,
            "t_ls": 0.004459862015210092,
            "t_update": 1.842970959842205e-06,
            "t_iter": 0.01643777498975396,
            "trust_radius": 1.0,
            "trust_ratio": NaN,
            "trust_qp": NaN
          },
          {
            "it": 2,
            "energy": -5.785533042116526,
            "dE": 5.94408739335084,
            "grad_norm": 1.213762358745443,
            "grad_target": 1.7961493529461623,
            "grad_norm_post": NaN,
            "alpha": 0.21932689530684624,
            "ksp_its": 1,
            "ls_evals": 9,
            "ls_repaired": false,
            "used_gradient_fallback": false,
            "accepted_step": true,
            "step_norm": 18.210978168030262,
            "step_rel": 15.796440905618491,
            "pred_reduction": NaN,
            "actual_reduction": NaN,
            "trust_rejects": 0,
            "t_grad": 0.0002495549852028489,
            "t_hess": 0.010464763035997748,
            "t_ls": 0.00427600706461817,
            "t_update": 1.7120037227869034e-06,
            "t_iter": 0.015027318964712322,
            "trust_radius": 1.0,
            "trust_ratio": NaN,
            "trust_qp": NaN
          },
          {
            "it": 3,
            "energy": -7.694394065336779,
            "dE": 1.9088610232202523,
            "grad_norm": 4.641740854316725,
            "grad_target": 1.7961493529461623,
            "grad_norm_post": NaN,
            "alpha": 0.551182935941576,
            "ksp_its": 1,
            "ls_evals": 9,
            "ls_repaired": false,
            "used_gradient_fallback": false,
            "accepted_step": true,
            "step_norm": 7.027895117245546,
            "step_rel": 0.378237728931285,
            "pred_reduction": NaN,
            "actual_reduction": NaN,
            "trust_rejects": 0,
            "t_grad": 0.00023800693452358246,
            "t_hess": 0.010669278912246227,
            "t_ls": 0.004247443983331323,
            "t_update": 1.3220123946666718e-06,
            "t_iter": 0.01518960203975439,
            "trust_radius": 1.0,
            "trust_ratio": NaN,
            "trust_qp": NaN
          },
          {
            "it": 4,
            "energy": -7.936419056242922,
            "dE": 0.2420249909061436,
            "grad_norm": 2.1292611365205736,
            "grad_target": 1.7961493529461623,
            "grad_norm_post": NaN,
            "alpha": 1.002032654688946,
            "ksp_its": 1,
            "ls_evals": 9,
            "ls_repaired": false,
            "used_gradient_fallback": false,
            "accepted_step": true,
            "step_norm": 0.9892583327246733,
            "step_rel": 0.039125961528671926,
            "pred_reduction": NaN,
            "actual_reduction": NaN,
            "trust_rejects": 0,
            "t_grad": 0.0002396589843556285,
            "t_hess": 0.011090100975707173,
            "t_ls": 0.004265581024810672,
            "t_update": 1.4230608940124512e-06,
            "t_iter": 0.01563044299837202,
            "trust_radius": 1.0,
            "trust_ratio": NaN,
            "trust_qp": NaN
          },
          {
            "it": 5,
            "energy": -7.942900605628711,
            "dE": 0.006481549385788377,
            "grad_norm": 0.28395632231009893,
            "grad_target": 1.7961493529461623,
            "grad_norm_post": NaN,
            "alpha": 1.088137289060528,
            "ksp_its": 1,
            "ls_evals": 9,
            "ls_repaired": false,
            "used_gradient_fallback": false,
            "accepted_step": true,
            "step_norm": 0.17256629753708275,
            "step_rel": 0.00661329731741147,
            "pred_reduction": NaN,
            "actual_reduction": NaN,
            "trust_rejects": 0,
            "t_grad": 0.0002356040058657527,
            "t_hess": 0.010667716967873275,
            "t_ls": 0.00423851003870368,
            "t_update": 1.3919780030846596e-06,
            "t_iter": 0.015177604043856263,
            "trust_radius": 1.0,
            "trust_ratio": NaN,
            "trust_qp": NaN
          },
          {
            "it": 6,
            "energy": -7.94296858023555,
            "dE": 6.79746068392717e-05,
            "grad_norm": 0.02272931886341385,
            "grad_target": 1.7961493529461623,
            "grad_norm_post": 0.0010954573073949838,
            "alpha": 1.0552482453194671,
            "ksp_its": 1,
            "ls_evals": 9,
            "ls_repaired": false,
            "used_gradient_fallback": false,
            "accepted_step": true,
            "step_norm": 0.011126769378676868,
            "step_rel": 0.0004287652197707351,
            "pred_reduction": NaN,
            "actual_reduction": NaN,
            "trust_rejects": 0,
            "t_grad": 0.00023251899983733892,
            "t_hess": 0.010371231939643621,
            "t_ls": 0.004247393924742937,
            "t_update": 1.4619436115026474e-06,
            "t_iter": 0.014886306948028505,
            "trust_radius": 1.0,
            "trust_ratio": NaN,
            "trust_qp": NaN
          }
        ],
        "linear_timing": [
          {
            "assemble_total_time": 0.0004398799501359463,
            "assemble_p2p_exchange": 7.241801358759403e-05,
            "assemble_hvp_compute": 0.0001454879529774189,
            "assemble_extraction": 7.386098150163889e-05,
            "assemble_coo_assembly": 0.00013164698611944914,
            "assemble_n_hvps": 0,
            "setop_time": 2.6240013539791107e-06,
            "set_tolerances_time": 1.7330748960375786e-06,
            "pc_setup_time": 0.009236298967152834,
            "solve_time": 0.0018716079648584127,
            "linear_total_time": 0.01155214395839721,
            "ksp_its": 1
          },
          {
            "assemble_total_time": 0.0003725190181285143,
            "assemble_p2p_exchange": 6.116111762821674e-05,
            "assemble_hvp_compute": 0.00012797198724001646,
            "assemble_extraction": 8.456606883555651e-05,
            "assemble_coo_assembly": 8.574896492063999e-05,
            "assemble_n_hvps": 0,
            "setop_time": 1.6819685697555542e-06,
            "set_tolerances_time": 1.4629913493990898e-06,
            "pc_setup_time": 0.008236599038355052,
            "solve_time": 0.0018140020547434688,
            "linear_total_time": 0.01042626507114619,
            "ksp_its": 1
          },
          {
            "assemble_total_time": 0.0003312770277261734,
            "assemble_p2p_exchange": 5.9407902881503105e-05,
            "assemble_hvp_compute": 0.0001277209958061576,
            "assemble_extraction": 6.469700019806623e-05,
            "assemble_coo_assembly": 6.896397098898888e-05,
            "assemble_n_hvps": 0,
            "setop_time": 8.719507604837418e-07,
            "set_tolerances_time": 1.0010553523898125e-06,
            "pc_setup_time": 0.008472834015265107,
            "solve_time": 0.0018292749300599098,
            "linear_total_time": 0.010635258979164064,
            "ksp_its": 1
          },
          {
            "assemble_total_time": 0.0003238050267100334,
            "assemble_p2p_exchange": 5.9017911553382874e-05,
            "assemble_hvp_compute": 0.0001243558945134282,
            "assemble_extraction": 6.0399994254112244e-05,
            "assemble_coo_assembly": 6.954406853765249e-05,
            "assemble_n_hvps": 0,
            "setop_time": 8.511124178767204e-07,
            "set_tolerances_time": 8.010538294911385e-07,
            "pc_setup_time": 0.00884078606031835,
            "solve_time": 0.0018902869196608663,
            "linear_total_time": 0.011056530172936618,
            "ksp_its": 1
          },
          {
            "assemble_total_time": 0.0003292750334367156,
            "assemble_p2p_exchange": 6.14020973443985e-05,
            "assemble_hvp_compute": 0.00012818200048059225,
            "assemble_extraction": 6.0521066188812256e-05,
            "assemble_coo_assembly": 6.829295307397842e-05,
            "assemble_n_hvps": 0,
            "setop_time": 8.719507604837418e-07,
            "set_tolerances_time": 1.0409858077764511e-06,
            "pc_setup_time": 0.008503469987772405,
            "solve_time": 0.0017983679426833987,
            "linear_total_time": 0.01063302590046078,
            "ksp_its": 1
          },
          {
            "assemble_total_time": 0.0003228639252483845,
            "assemble_p2p_exchange": 5.97488833591342e-05,
            "assemble_hvp_compute": 0.0001248680055141449,
            "assemble_extraction": 6.763206329196692e-05,
            "assemble_coo_assembly": 6.0120015405118465e-05,
            "assemble_n_hvps": 0,
            "setop_time": 1.0220101103186607e-06,
            "set_tolerances_time": 8.509960025548935e-07,
            "pc_setup_time": 0.008200826006941497,
            "solve_time": 0.0018118589650839567,
            "linear_total_time": 0.010337421903386712,
            "ksp_its": 1
          }
        ]
      }
    ],
    "metadata": {
      "profile": "reference",
      "nprocs": 8,
      "nproc_threads": 1,
      "problem": {
        "name": "pLaplace2D"
      },
      "linear_solver": {
        "ksp_type": "cg",
        "pc_type": "hypre",
        "ksp_rtol": 0.1,
        "ksp_max_it": 30,
        "pc_setup_on_ksp_cap": false,
        "gamg_threshold": 0.05,
        "gamg_agg_nsmooths": 1,
        "gamg_set_coordinates": true,
        "reorder": true,
        "hvp_eval_mode": "element_overlap",
        "assembly_mode": "element",
        "element_reorder_mode": "block_xyz",
        "local_hessian_mode": "element",
        "distribution_strategy": "overlap_allgather",
        "assembler": "PLaplaceReorderedElementAssembler",
        "trust_subproblem_solver": "direct_linear_solve",
        "trust_subproblem_line_search": false
      },
      "newton": {
        "tolf": 0.0001,
        "tolg": 0.001,
        "tolg_rel": 0.001,
        "tolx_rel": 0.001,
        "tolx_abs": 1e-10,
        "maxit": 100,
        "require_all_convergence": true,
        "fail_on_nonfinite": true,
        "linesearch_interval": [
          -0.5,
          2.0
        ],
        "linesearch_tol": 0.1,
        "trust_region": false,
        "trust_radius_init": 1.0,
        "trust_radius_min": 1e-08,
        "trust_radius_max": 1000000.0,
        "trust_subproblem_line_search": false,
        "step_time_limit_s": null
      }
    }
  }
}
