An NVIDIA GPU may be present on this machine, but a CUDA-enabled jaxlib is not installed. Falling back to cpu.
An NVIDIA GPU may be present on this machine, but a CUDA-enabled jaxlib is not installed. Falling back to cpu.
An NVIDIA GPU may be present on this machine, but a CUDA-enabled jaxlib is not installed. Falling back to cpu.
An NVIDIA GPU may be present on this machine, but a CUDA-enabled jaxlib is not installed. Falling back to cpu.
An NVIDIA GPU may be present on this machine, but a CUDA-enabled jaxlib is not installed. Falling back to cpu.
An NVIDIA GPU may be present on this machine, but a CUDA-enabled jaxlib is not installed. Falling back to cpu.
An NVIDIA GPU may be present on this machine, but a CUDA-enabled jaxlib is not installed. Falling back to cpu.
An NVIDIA GPU may be present on this machine, but a CUDA-enabled jaxlib is not installed. Falling back to cpu.
An NVIDIA GPU may be present on this machine, but a CUDA-enabled jaxlib is not installed. Falling back to cpu.
An NVIDIA GPU may be present on this machine, but a CUDA-enabled jaxlib is not installed. Falling back to cpu.
An NVIDIA GPU may be present on this machine, but a CUDA-enabled jaxlib is not installed. Falling back to cpu.
An NVIDIA GPU may be present on this machine, but a CUDA-enabled jaxlib is not installed. Falling back to cpu.
An NVIDIA GPU may be present on this machine, but a CUDA-enabled jaxlib is not installed. Falling back to cpu.
An NVIDIA GPU may be present on this machine, but a CUDA-enabled jaxlib is not installed. Falling back to cpu.
An NVIDIA GPU may be present on this machine, but a CUDA-enabled jaxlib is not installed. Falling back to cpu.
An NVIDIA GPU may be present on this machine, but a CUDA-enabled jaxlib is not installed. Falling back to cpu.
An NVIDIA GPU may be present on this machine, but a CUDA-enabled jaxlib is not installed. Falling back to cpu.
An NVIDIA GPU may be present on this machine, but a CUDA-enabled jaxlib is not installed. Falling back to cpu.
An NVIDIA GPU may be present on this machine, but a CUDA-enabled jaxlib is not installed. Falling back to cpu.
An NVIDIA GPU may be present on this machine, but a CUDA-enabled jaxlib is not installed. Falling back to cpu.
An NVIDIA GPU may be present on this machine, but a CUDA-enabled jaxlib is not installed. Falling back to cpu.
An NVIDIA GPU may be present on this machine, but a CUDA-enabled jaxlib is not installed. Falling back to cpu.
An NVIDIA GPU may be present on this machine, but a CUDA-enabled jaxlib is not installed. Falling back to cpu.
An NVIDIA GPU may be present on this machine, but a CUDA-enabled jaxlib is not installed. Falling back to cpu.
An NVIDIA GPU may be present on this machine, but a CUDA-enabled jaxlib is not installed. Falling back to cpu.
An NVIDIA GPU may be present on this machine, but a CUDA-enabled jaxlib is not installed. Falling back to cpu.
An NVIDIA GPU may be present on this machine, but a CUDA-enabled jaxlib is not installed. Falling back to cpu.
An NVIDIA GPU may be present on this machine, but a CUDA-enabled jaxlib is not installed. Falling back to cpu.
An NVIDIA GPU may be present on this machine, but a CUDA-enabled jaxlib is not installed. Falling back to cpu.
An NVIDIA GPU may be present on this machine, but a CUDA-enabled jaxlib is not installed. Falling back to cpu.
An NVIDIA GPU may be present on this machine, but a CUDA-enabled jaxlib is not installed. Falling back to cpu.
An NVIDIA GPU may be present on this machine, but a CUDA-enabled jaxlib is not installed. Falling back to cpu.
{
  "case": {
    "problem": "plaplace",
    "backend": "element",
    "level": 5,
    "out": "/home/michal/repos/fenics_nonlinear_energies/artifacts/reproduction/2026-03-15_refactor_stage2b_final/full/plaplace_final_suite/jax_petsc_element_l5_np32.json",
    "quiet": true,
    "save_history": true,
    "save_linear_timing": true,
    "steps": 1,
    "start_step": 1,
    "total_steps": 24,
    "ksp_type": "cg",
    "pc_type": "hypre",
    "ksp_rtol": 0.1,
    "ksp_max_it": 30,
    "profile": "reference",
    "coloring_trials": 10,
    "nproc_threads": 1,
    "hvp_eval_mode": "sequential",
    "element_reorder_mode": "block_xyz",
    "local_hessian_mode": "element",
    "tolf": 0.0001,
    "tolg": 0.001,
    "tolg_rel": 0.001,
    "tolx_rel": 0.001,
    "tolx_abs": 1e-10,
    "maxit": 100,
    "step_time_limit_s": null,
    "linesearch_a": -0.5,
    "linesearch_b": 2.0,
    "linesearch_tol": 0.1,
    "use_trust_region": false,
    "trust_radius_init": 1.0,
    "trust_radius_min": 1e-08,
    "trust_radius_max": 1000000.0,
    "trust_shrink": 0.5,
    "trust_expand": 1.5,
    "trust_eta_shrink": 0.05,
    "trust_eta_expand": 0.75,
    "trust_max_reject": 6,
    "trust_subproblem_line_search": false,
    "local_coloring": true,
    "retry_on_failure": false,
    "pc_setup_on_ksp_cap": false,
    "use_near_nullspace": true,
    "reorder": null,
    "gamg_threshold": 0.05,
    "gamg_agg_nsmooths": 1,
    "gamg_set_coordinates": true
  },
  "result": {
    "mesh_level": 5,
    "total_dofs": 3201,
    "free_dofs": 2945,
    "setup_time": 0.33658,
    "solve_time_total": 0.239116,
    "total_time": 0.651257,
    "steps": [
      {
        "step": 1,
        "time": 0.239116,
        "nit": 7,
        "linear_iters": 8,
        "energy": -7.942968718327786,
        "message": "Converged (energy, step, gradient)",
        "attempt": "primary",
        "ksp_rtol_used": 0.1,
        "ksp_max_it_used": 30,
        "linesearch_interval_used": [
          -0.5,
          2.0
        ],
        "history": [
          {
            "it": 1,
            "energy": 0.13203979397278254,
            "dE": 8661.946476917521,
            "grad_norm": 1796.1493529461623,
            "grad_target": 1.7961493529461623,
            "grad_norm_post": NaN,
            "alpha": 1.9569476828142078,
            "ksp_its": 1,
            "ls_evals": 9,
            "ls_repaired": false,
            "used_gradient_fallback": false,
            "accepted_step": true,
            "step_norm": 31.573705435469073,
            "step_rel": 0.9976201843481406,
            "pred_reduction": NaN,
            "actual_reduction": NaN,
            "trust_rejects": 0,
            "t_grad": 0.00044473796151578426,
            "t_hess": 0.027973385993391275,
            "t_ls": 0.006366524030454457,
            "t_update": 1.8830178305506706e-06,
            "t_iter": 0.03485672501847148,
            "trust_radius": 1.0,
            "trust_ratio": NaN,
            "trust_qp": NaN
          },
          {
            "it": 2,
            "energy": -5.633496941990837,
            "dE": 5.76553673596362,
            "grad_norm": 1.4702519030416996,
            "grad_target": 1.7961493529461623,
            "grad_norm_post": NaN,
            "alpha": 0.21932689530684624,
            "ksp_its": 1,
            "ls_evals": 9,
            "ls_repaired": false,
            "used_gradient_fallback": false,
            "accepted_step": true,
            "step_norm": 17.605313375385762,
            "step_rel": 16.72813144149376,
            "pred_reduction": NaN,
            "actual_reduction": NaN,
            "trust_rejects": 0,
            "t_grad": 0.00031155801843851805,
            "t_hess": 0.02851779293268919,
            "t_ls": 0.005581976962275803,
            "t_update": 1.8130522221326828e-06,
            "t_iter": 0.03446507710032165,
            "trust_radius": 1.0,
            "trust_ratio": NaN,
            "trust_qp": NaN
          },
          {
            "it": 3,
            "energy": -7.664686003565724,
            "dE": 2.031189061574887,
            "grad_norm": 4.935033439687204,
            "grad_target": 1.7961493529461623,
            "grad_norm_post": NaN,
            "alpha": 0.551182935941576,
            "ksp_its": 1,
            "ls_evals": 9,
            "ls_repaired": false,
            "used_gradient_fallback": false,
            "accepted_step": true,
            "step_norm": 7.4887712950342005,
            "step_rel": 0.416531461544513,
            "pred_reduction": NaN,
            "actual_reduction": NaN,
            "trust_rejects": 0,
            "t_grad": 0.00028526794631034136,
            "t_hess": 0.029869601014070213,
            "t_ls": 0.005583408987149596,
            "t_update": 1.7529819160699844e-06,
            "t_iter": 0.03578905400354415,
            "trust_radius": 1.0,
            "trust_ratio": NaN,
            "trust_qp": NaN
          },
          {
            "it": 4,
            "energy": -7.93050718498161,
            "dE": 0.26582118141588573,
            "grad_norm": 2.3408466578818117,
            "grad_target": 1.7961493529461623,
            "grad_norm_post": NaN,
            "alpha": 0.9488170640584248,
            "ksp_its": 2,
            "ls_evals": 9,
            "ls_repaired": false,
            "used_gradient_fallback": false,
            "accepted_step": true,
            "step_norm": 1.1598960517227137,
            "step_rel": 0.04605462758604424,
            "pred_reduction": NaN,
            "actual_reduction": NaN,
            "trust_rejects": 0,
            "t_grad": 0.0002782170195132494,
            "t_hess": 0.0279405569890514,
            "t_ls": 0.006289617973379791,
            "t_update": 1.8230639398097992e-06,
            "t_iter": 0.03457401995547116,
            "trust_radius": 1.0,
            "trust_ratio": NaN,
            "trust_qp": NaN
          },
          {
            "it": 5,
            "energy": -7.942603216143921,
            "dE": 0.012096031162310616,
            "grad_norm": 0.4293348300832033,
            "grad_target": 1.7961493529461623,
            "grad_norm_post": NaN,
            "alpha": 1.0552482453194671,
            "ksp_its": 1,
            "ls_evals": 9,
            "ls_repaired": false,
            "used_gradient_fallback": false,
            "accepted_step": true,
            "step_norm": 0.2317388524818855,
            "step_rel": 0.008855733039436478,
            "pred_reduction": NaN,
            "actual_reduction": NaN,
            "trust_rejects": 0,
            "t_grad": 0.0003694141050800681,
            "t_hess": 0.02652476297225803,
            "t_ls": 0.00655001902487129,
            "t_update": 2.2639287635684013e-06,
            "t_iter": 0.03351850691251457,
            "trust_radius": 1.0,
            "trust_ratio": NaN,
            "trust_qp": NaN
          },
          {
            "it": 6,
            "energy": -7.9429672855483515,
            "dE": 0.0003640694044309001,
            "grad_norm": 0.05585905840439815,
            "grad_target": 1.7961493529461623,
            "grad_norm_post": NaN,
            "alpha": 1.1413528796910493,
            "ksp_its": 1,
            "ls_evals": 9,
            "ls_repaired": false,
            "used_gradient_fallback": false,
            "accepted_step": true,
            "step_norm": 0.03247058712602231,
            "step_rel": 0.001250430973755158,
            "pred_reduction": NaN,
            "actual_reduction": NaN,
            "trust_rejects": 0,
            "t_grad": 0.00042491802014410496,
            "t_hess": 0.02559934405144304,
            "t_ls": 0.0054664419731125236,
            "t_update": 1.8229475244879723e-06,
            "t_iter": 0.03154253296088427,
            "trust_radius": 1.0,
            "trust_ratio": NaN,
            "trust_qp": NaN
          },
          {
            "it": 7,
            "energy": -7.942968718327786,
            "dE": 1.4327794346513656e-06,
            "grad_norm": 0.003872583958383752,
            "grad_target": 1.7961493529461623,
            "grad_norm_post": 6.318598625845587e-05,
            "alpha": 1.002032654688946,
            "ksp_its": 1,
            "ls_evals": 9,
            "ls_repaired": false,
            "used_gradient_fallback": false,
            "accepted_step": true,
            "step_norm": 0.0014114541444303944,
            "step_rel": 5.4397910901692705e-05,
            "pred_reduction": NaN,
            "actual_reduction": NaN,
            "trust_rejects": 0,
            "t_grad": 0.0002802700037136674,
            "t_hess": 0.026943861972540617,
            "t_ls": 0.005543367937207222,
            "t_update": 1.5120021998882294e-06,
            "t_iter": 0.03281861706636846,
            "trust_radius": 1.0,
            "trust_ratio": NaN,
            "trust_qp": NaN
          }
        ],
        "linear_timing": [
          {
            "assemble_total_time": 0.0005132399965077639,
            "assemble_p2p_exchange": 0.0001247980399057269,
            "assemble_hvp_compute": 0.00019921804778277874,
            "assemble_extraction": 4.702107980847359e-05,
            "assemble_coo_assembly": 0.00012357602827250957,
            "assemble_n_hvps": 0,
            "setop_time": 2.20397487282753e-06,
            "set_tolerances_time": 1.9830185920000076e-06,
            "pc_setup_time": 0.022422186098992825,
            "solve_time": 0.004956417949870229,
            "linear_total_time": 0.027896031038835645,
            "ksp_its": 1
          },
          {
            "assemble_total_time": 0.0003755929647013545,
            "assemble_p2p_exchange": 8.160306606441736e-05,
            "assemble_hvp_compute": 0.00014226289931684732,
            "assemble_extraction": 3.80069250240922e-05,
            "assemble_coo_assembly": 9.945896454155445e-05,
            "assemble_n_hvps": 0,
            "setop_time": 1.5422934666275978e-05,
            "set_tolerances_time": 1.8830178305506706e-06,
            "pc_setup_time": 0.02279728907160461,
            "solve_time": 0.005258120014332235,
            "linear_total_time": 0.028448308003135026,
            "ksp_its": 1
          },
          {
            "assemble_total_time": 0.0003448069328442216,
            "assemble_p2p_exchange": 8.404592517763376e-05,
            "assemble_hvp_compute": 0.00012316496577113867,
            "assemble_extraction": 3.765593282878399e-05,
            "assemble_coo_assembly": 8.764106314629316e-05,
            "assemble_n_hvps": 0,
            "setop_time": 1.2620585039258003e-06,
            "set_tolerances_time": 1.60199124366045e-06,
            "pc_setup_time": 0.024364770972169936,
            "solve_time": 0.005102305905893445,
            "linear_total_time": 0.02981474786065519,
            "ksp_its": 1
          },
          {
            "assemble_total_time": 0.00035037496127188206,
            "assemble_p2p_exchange": 8.180283475667238e-05,
            "assemble_hvp_compute": 0.00013040495105087757,
            "assemble_extraction": 3.6304001696407795e-05,
            "assemble_coo_assembly": 8.999498095363379e-05,
            "assemble_n_hvps": 0,
            "setop_time": 1.6030389815568924e-06,
            "set_tolerances_time": 1.4820834621787071e-06,
            "pc_setup_time": 0.021089866990223527,
            "solve_time": 0.006428505992516875,
            "linear_total_time": 0.02787183306645602,
            "ksp_its": 2
          },
          {
            "assemble_total_time": 0.0004962249659001827,
            "assemble_p2p_exchange": 0.00012159300968050957,
            "assemble_hvp_compute": 0.00020682101603597403,
            "assemble_extraction": 2.952397335320711e-05,
            "assemble_coo_assembly": 0.00012091104872524738,
            "assemble_n_hvps": 0,
            "setop_time": 1.6420381143689156e-06,
            "set_tolerances_time": 1.8420396372675896e-06,
            "pc_setup_time": 0.021465389989316463,
            "solve_time": 0.004478349932469428,
            "linear_total_time": 0.02644344896543771,
            "ksp_its": 1
          },
          {
            "assemble_total_time": 0.0005773769225925207,
            "assemble_p2p_exchange": 0.00013206794392317533,
            "assemble_hvp_compute": 0.0002741309581324458,
            "assemble_extraction": 3.311003092676401e-05,
            "assemble_coo_assembly": 0.0001216930104419589,
            "assemble_n_hvps": 0,
            "setop_time": 1.6819685697555542e-06,
            "set_tolerances_time": 1.7319107428193092e-06,
            "pc_setup_time": 0.020585180027410388,
            "solve_time": 0.004381675040349364,
            "linear_total_time": 0.025547645869664848,
            "ksp_its": 1
          },
          {
            "assemble_total_time": 0.0003412429941818118,
            "assemble_p2p_exchange": 8.133205119520426e-05,
            "assemble_hvp_compute": 0.00012655009049922228,
            "assemble_extraction": 3.276893403381109e-05,
            "assemble_coo_assembly": 8.889299351722002e-05,
            "assemble_n_hvps": 0,
            "setop_time": 1.4619436115026474e-06,
            "set_tolerances_time": 1.9229482859373093e-06,
            "pc_setup_time": 0.022282495978288352,
            "solve_time": 0.004260643036104739,
            "linear_total_time": 0.026887766900472343,
            "ksp_its": 1
          }
        ]
      }
    ],
    "metadata": {
      "profile": "reference",
      "nprocs": 32,
      "nproc_threads": 1,
      "problem": {
        "name": "pLaplace2D"
      },
      "linear_solver": {
        "ksp_type": "cg",
        "pc_type": "hypre",
        "ksp_rtol": 0.1,
        "ksp_max_it": 30,
        "pc_setup_on_ksp_cap": false,
        "gamg_threshold": 0.05,
        "gamg_agg_nsmooths": 1,
        "gamg_set_coordinates": true,
        "reorder": true,
        "hvp_eval_mode": "element_overlap",
        "assembly_mode": "element",
        "element_reorder_mode": "block_xyz",
        "local_hessian_mode": "element",
        "distribution_strategy": "overlap_allgather",
        "assembler": "PLaplaceReorderedElementAssembler",
        "trust_subproblem_solver": "direct_linear_solve",
        "trust_subproblem_line_search": false
      },
      "newton": {
        "tolf": 0.0001,
        "tolg": 0.001,
        "tolg_rel": 0.001,
        "tolx_rel": 0.001,
        "tolx_abs": 1e-10,
        "maxit": 100,
        "require_all_convergence": true,
        "fail_on_nonfinite": true,
        "linesearch_interval": [
          -0.5,
          2.0
        ],
        "linesearch_tol": 0.1,
        "trust_region": false,
        "trust_radius_init": 1.0,
        "trust_radius_min": 1e-08,
        "trust_radius_max": 1000000.0,
        "trust_subproblem_line_search": false,
        "step_time_limit_s": null
      }
    }
  }
}
