An NVIDIA GPU may be present on this machine, but a CUDA-enabled jaxlib is not installed. Falling back to cpu.
An NVIDIA GPU may be present on this machine, but a CUDA-enabled jaxlib is not installed. Falling back to cpu.
An NVIDIA GPU may be present on this machine, but a CUDA-enabled jaxlib is not installed. Falling back to cpu.
An NVIDIA GPU may be present on this machine, but a CUDA-enabled jaxlib is not installed. Falling back to cpu.
{
  "case": {
    "problem": "plaplace",
    "backend": "element",
    "level": 7,
    "out": "/home/michal/repos/fenics_nonlinear_energies/artifacts/reproduction/2026-03-15_refactor_stage2b_final/full/plaplace_final_suite/jax_petsc_element_l7_np4.json",
    "quiet": true,
    "save_history": true,
    "save_linear_timing": true,
    "steps": 1,
    "start_step": 1,
    "total_steps": 24,
    "ksp_type": "cg",
    "pc_type": "hypre",
    "ksp_rtol": 0.1,
    "ksp_max_it": 30,
    "profile": "reference",
    "coloring_trials": 10,
    "nproc_threads": 1,
    "hvp_eval_mode": "sequential",
    "element_reorder_mode": "block_xyz",
    "local_hessian_mode": "element",
    "tolf": 0.0001,
    "tolg": 0.001,
    "tolg_rel": 0.001,
    "tolx_rel": 0.001,
    "tolx_abs": 1e-10,
    "maxit": 100,
    "step_time_limit_s": null,
    "linesearch_a": -0.5,
    "linesearch_b": 2.0,
    "linesearch_tol": 0.1,
    "use_trust_region": false,
    "trust_radius_init": 1.0,
    "trust_radius_min": 1e-08,
    "trust_radius_max": 1000000.0,
    "trust_shrink": 0.5,
    "trust_expand": 1.5,
    "trust_eta_shrink": 0.05,
    "trust_eta_expand": 0.75,
    "trust_max_reject": 6,
    "trust_subproblem_line_search": false,
    "local_coloring": true,
    "retry_on_failure": false,
    "pc_setup_on_ksp_cap": false,
    "use_near_nullspace": true,
    "reorder": null,
    "gamg_threshold": 0.05,
    "gamg_agg_nsmooths": 1,
    "gamg_set_coordinates": true
  },
  "result": {
    "mesh_level": 7,
    "total_dofs": 49665,
    "free_dofs": 48641,
    "setup_time": 0.424965,
    "solve_time_total": 0.328031,
    "total_time": 0.821314,
    "steps": [
      {
        "step": 1,
        "time": 0.328031,
        "nit": 7,
        "linear_iters": 14,
        "energy": -7.958292395988408,
        "message": "Converged (energy, step, gradient)",
        "attempt": "primary",
        "ksp_rtol_used": 0.1,
        "ksp_max_it_used": 30,
        "linesearch_interval_used": [
          -0.5,
          2.0
        ],
        "history": [
          {
            "it": 1,
            "energy": 5.402543335089938,
            "dE": 521138.9044995936,
            "grad_norm": 28062.385990695082,
            "grad_target": 28.062385990695084,
            "grad_norm_post": NaN,
            "alpha": 1.9569476828142078,
            "ksp_its": 2,
            "ls_evals": 9,
            "ls_repaired": false,
            "used_gradient_fallback": false,
            "accepted_step": true,
            "step_norm": 124.95297859491338,
            "step_rel": 0.9842915926230612,
            "pred_reduction": NaN,
            "actual_reduction": NaN,
            "trust_rejects": 0,
            "t_grad": 0.000733249937184155,
            "t_hess": 0.03927721607033163,
            "t_ls": 0.010648850933648646,
            "t_update": 8.011935278773308e-06,
            "t_iter": 0.05071649409364909,
            "trust_radius": 1.0,
            "trust_ratio": NaN,
            "trust_qp": NaN
          },
          {
            "it": 2,
            "energy": -3.9446357192913615,
            "dE": 9.3471790543813,
            "grad_norm": 13.011639358571694,
            "grad_target": 28.062385990695084,
            "grad_norm_post": NaN,
            "alpha": 0.8627124296868427,
            "ksp_its": 2,
            "ls_evals": 9,
            "ls_repaired": false,
            "used_gradient_fallback": false,
            "accepted_step": true,
            "step_norm": 89.18282398348686,
            "step_rel": 38.394086149417255,
            "pred_reduction": NaN,
            "actual_reduction": NaN,
            "trust_rejects": 0,
            "t_grad": 0.000989816035144031,
            "t_hess": 0.03685089503414929,
            "t_ls": 0.009838906000368297,
            "t_update": 8.011935278773308e-06,
            "t_iter": 0.04773274599574506,
            "trust_radius": 1.0,
            "trust_ratio": NaN,
            "trust_qp": NaN
          },
          {
            "it": 3,
            "energy": -7.346908134369391,
            "dE": 3.4022724150780297,
            "grad_norm": 9.260810426497965,
            "grad_target": 28.062385990695084,
            "grad_norm_post": NaN,
            "alpha": 0.8094968390563215,
            "ksp_its": 2,
            "ls_evals": 9,
            "ls_repaired": false,
            "used_gradient_fallback": false,
            "accepted_step": true,
            "step_norm": 24.522809654220044,
            "step_rel": 0.2775593422334862,
            "pred_reduction": NaN,
            "actual_reduction": NaN,
            "trust_rejects": 0,
            "t_grad": 0.0006299649830907583,
            "t_hess": 0.037470034905709326,
            "t_ls": 0.009889510925859213,
            "t_update": 7.600989192724228e-06,
            "t_iter": 0.0480418800143525,
            "trust_radius": 1.0,
            "trust_ratio": NaN,
            "trust_qp": NaN
          },
          {
            "it": 4,
            "energy": -7.928140891576852,
            "dE": 0.5812327572074611,
            "grad_norm": 3.145850065856022,
            "grad_target": 28.062385990695084,
            "grad_norm_post": NaN,
            "alpha": 1.002032654688946,
            "ksp_its": 2,
            "ls_evals": 9,
            "ls_repaired": false,
            "used_gradient_fallback": false,
            "accepted_step": true,
            "step_norm": 6.708172275622681,
            "step_rel": 0.05981971170034725,
            "pred_reduction": NaN,
            "actual_reduction": NaN,
            "trust_rejects": 0,
            "t_grad": 0.0006398309487849474,
            "t_hess": 0.03657650307286531,
            "t_ls": 0.00981948699336499,
            "t_update": 7.430906407535076e-06,
            "t_iter": 0.04708812909666449,
            "trust_radius": 1.0,
            "trust_ratio": NaN,
            "trust_qp": NaN
          },
          {
            "it": 5,
            "energy": -7.9576575612069576,
            "dE": 0.02951666963010524,
            "grad_norm": 0.6445049865738622,
            "grad_target": 28.062385990695084,
            "grad_norm_post": NaN,
            "alpha": 1.0552482453194671,
            "ksp_its": 2,
            "ls_evals": 9,
            "ls_repaired": false,
            "used_gradient_fallback": false,
            "accepted_step": true,
            "step_norm": 2.150346098190592,
            "step_rel": 0.020286969090948338,
            "pred_reduction": NaN,
            "actual_reduction": NaN,
            "trust_rejects": 0,
            "t_grad": 0.0006352440686896443,
            "t_hess": 0.03384516399819404,
            "t_ls": 0.009803351946175098,
            "t_update": 7.772003300487995e-06,
            "t_iter": 0.044336458086036146,
            "trust_radius": 1.0,
            "trust_ratio": NaN,
            "trust_qp": NaN
          },
          {
            "it": 6,
            "energy": -7.958284906208599,
            "dE": 0.0006273450016411886,
            "grad_norm": 0.0818400498970161,
            "grad_target": 28.062385990695084,
            "grad_norm_post": NaN,
            "alpha": 1.088137289060528,
            "ksp_its": 2,
            "ls_evals": 9,
            "ls_repaired": false,
            "used_gradient_fallback": false,
            "accepted_step": true,
            "step_norm": 0.0699236330556403,
            "step_rel": 0.0006730223147830347,
            "pred_reduction": NaN,
            "actual_reduction": NaN,
            "trust_rejects": 0,
            "t_grad": 0.000641181948594749,
            "t_hess": 0.03339762194082141,
            "t_ls": 0.010024184011854231,
            "t_update": 7.4410345405340195e-06,
            "t_iter": 0.04411493695806712,
            "trust_radius": 1.0,
            "trust_ratio": NaN,
            "trust_qp": NaN
          },
          {
            "it": 7,
            "energy": -7.958292395988408,
            "dE": 7.489779809688457e-06,
            "grad_norm": 0.007170280512393407,
            "grad_target": 28.062385990695084,
            "grad_norm_post": 0.000347731552562106,
            "alpha": 1.0552482453194671,
            "ksp_its": 2,
            "ls_evals": 9,
            "ls_repaired": false,
            "used_gradient_fallback": false,
            "accepted_step": true,
            "step_norm": 0.006635669047950676,
            "step_rel": 6.387026674182422e-05,
            "pred_reduction": NaN,
            "actual_reduction": NaN,
            "trust_rejects": 0,
            "t_grad": 0.0006385479355230927,
            "t_hess": 0.033200698089785874,
            "t_ls": 0.010091374977491796,
            "t_update": 7.601920515298843e-06,
            "t_iter": 0.043982959003187716,
            "trust_radius": 1.0,
            "trust_ratio": NaN,
            "trust_qp": NaN
          }
        ],
        "linear_timing": [
          {
            "assemble_total_time": 0.003562345984391868,
            "assemble_p2p_exchange": 0.00018746103160083294,
            "assemble_hvp_compute": 0.0007591389585286379,
            "assemble_extraction": 0.0021115390118211508,
            "assemble_coo_assembly": 0.00047160801477730274,
            "assemble_n_hvps": 0,
            "setop_time": 3.06498259305954e-06,
            "set_tolerances_time": 3.0549708753824234e-06,
            "pc_setup_time": 0.02860210498329252,
            "solve_time": 0.007048077997751534,
            "linear_total_time": 0.039218648918904364,
            "ksp_its": 2
          },
          {
            "assemble_total_time": 0.004446332924999297,
            "assemble_p2p_exchange": 0.00015281897503882647,
            "assemble_hvp_compute": 0.0007494649617001414,
            "assemble_extraction": 0.0022387299686670303,
            "assemble_coo_assembly": 0.0012707479763776064,
            "assemble_n_hvps": 0,
            "setop_time": 2.393033355474472e-06,
            "set_tolerances_time": 2.2830208763480186e-06,
            "pc_setup_time": 0.02551451197359711,
            "solve_time": 0.006831442005932331,
            "linear_total_time": 0.03679696295876056,
            "ksp_its": 2
          },
          {
            "assemble_total_time": 0.0028205729322507977,
            "assemble_p2p_exchange": 0.00014665001071989536,
            "assemble_hvp_compute": 0.0008196099661290646,
            "assemble_extraction": 0.0015475829131901264,
            "assemble_coo_assembly": 0.0002794089959934354,
            "assemble_n_hvps": 0,
            "setop_time": 1.8220162019133568e-06,
            "set_tolerances_time": 2.01293732970953e-06,
            "pc_setup_time": 0.02722364605870098,
            "solve_time": 0.007376541034318507,
            "linear_total_time": 0.037424594978801906,
            "ksp_its": 2
          },
          {
            "assemble_total_time": 0.00288482999894768,
            "assemble_p2p_exchange": 0.0001568369334563613,
            "assemble_hvp_compute": 0.0008102759020403028,
            "assemble_extraction": 0.001536165946163237,
            "assemble_coo_assembly": 0.00035345100332051516,
            "assemble_n_hvps": 0,
            "setop_time": 2.4640467017889023e-06,
            "set_tolerances_time": 2.4329638108611107e-06,
            "pc_setup_time": 0.02641121798660606,
            "solve_time": 0.0072289189556613564,
            "linear_total_time": 0.03652986395172775,
            "ksp_its": 2
          },
          {
            "assemble_total_time": 0.002861834946088493,
            "assemble_p2p_exchange": 0.0001648069592192769,
            "assemble_hvp_compute": 0.0008034160127863288,
            "assemble_extraction": 0.001548975007608533,
            "assemble_coo_assembly": 0.0003160040359944105,
            "assemble_n_hvps": 0,
            "setop_time": 2.062995918095112e-06,
            "set_tolerances_time": 1.7629936337471008e-06,
            "pc_setup_time": 0.02415188599843532,
            "solve_time": 0.006780215073376894,
            "linear_total_time": 0.03379776200745255,
            "ksp_its": 2
          },
          {
            "assemble_total_time": 0.002874012920074165,
            "assemble_p2p_exchange": 0.00014813209418207407,
            "assemble_hvp_compute": 0.0008038760861381888,
            "assemble_extraction": 0.001530746929347515,
            "assemble_coo_assembly": 0.00036228401586413383,
            "assemble_n_hvps": 0,
            "setop_time": 2.3640459403395653e-06,
            "set_tolerances_time": 2.4141045287251472e-06,
            "pc_setup_time": 0.02363031404092908,
            "solve_time": 0.006840876070782542,
            "linear_total_time": 0.03334998118225485,
            "ksp_its": 2
          },
          {
            "assemble_total_time": 0.0028038789751008153,
            "assemble_p2p_exchange": 0.00014529796317219734,
            "assemble_hvp_compute": 0.0007671619532629848,
            "assemble_extraction": 0.0015211239224299788,
            "assemble_coo_assembly": 0.00034285394940525293,
            "assemble_n_hvps": 0,
            "setop_time": 2.4939654394984245e-06,
            "set_tolerances_time": 2.4939654394984245e-06,
            "pc_setup_time": 0.02363510092254728,
            "solve_time": 0.00670986995100975,
            "linear_total_time": 0.03315383777953684,
            "ksp_its": 2
          }
        ]
      }
    ],
    "metadata": {
      "profile": "reference",
      "nprocs": 4,
      "nproc_threads": 1,
      "problem": {
        "name": "pLaplace2D"
      },
      "linear_solver": {
        "ksp_type": "cg",
        "pc_type": "hypre",
        "ksp_rtol": 0.1,
        "ksp_max_it": 30,
        "pc_setup_on_ksp_cap": false,
        "gamg_threshold": 0.05,
        "gamg_agg_nsmooths": 1,
        "gamg_set_coordinates": true,
        "reorder": true,
        "hvp_eval_mode": "element_overlap",
        "assembly_mode": "element",
        "element_reorder_mode": "block_xyz",
        "local_hessian_mode": "element",
        "distribution_strategy": "overlap_allgather",
        "assembler": "PLaplaceReorderedElementAssembler",
        "trust_subproblem_solver": "direct_linear_solve",
        "trust_subproblem_line_search": false
      },
      "newton": {
        "tolf": 0.0001,
        "tolg": 0.001,
        "tolg_rel": 0.001,
        "tolx_rel": 0.001,
        "tolx_abs": 1e-10,
        "maxit": 100,
        "require_all_convergence": true,
        "fail_on_nonfinite": true,
        "linesearch_interval": [
          -0.5,
          2.0
        ],
        "linesearch_tol": 0.1,
        "trust_region": false,
        "trust_radius_init": 1.0,
        "trust_radius_min": 1e-08,
        "trust_radius_max": 1000000.0,
        "trust_subproblem_line_search": false,
        "step_time_limit_s": null
      }
    }
  }
}
