An NVIDIA GPU may be present on this machine, but a CUDA-enabled jaxlib is not installed. Falling back to cpu.
An NVIDIA GPU may be present on this machine, but a CUDA-enabled jaxlib is not installed. Falling back to cpu.
An NVIDIA GPU may be present on this machine, but a CUDA-enabled jaxlib is not installed. Falling back to cpu.
An NVIDIA GPU may be present on this machine, but a CUDA-enabled jaxlib is not installed. Falling back to cpu.
An NVIDIA GPU may be present on this machine, but a CUDA-enabled jaxlib is not installed. Falling back to cpu.
An NVIDIA GPU may be present on this machine, but a CUDA-enabled jaxlib is not installed. Falling back to cpu.
An NVIDIA GPU may be present on this machine, but a CUDA-enabled jaxlib is not installed. Falling back to cpu.
An NVIDIA GPU may be present on this machine, but a CUDA-enabled jaxlib is not installed. Falling back to cpu.
An NVIDIA GPU may be present on this machine, but a CUDA-enabled jaxlib is not installed. Falling back to cpu.
An NVIDIA GPU may be present on this machine, but a CUDA-enabled jaxlib is not installed. Falling back to cpu.
An NVIDIA GPU may be present on this machine, but a CUDA-enabled jaxlib is not installed. Falling back to cpu.
An NVIDIA GPU may be present on this machine, but a CUDA-enabled jaxlib is not installed. Falling back to cpu.
An NVIDIA GPU may be present on this machine, but a CUDA-enabled jaxlib is not installed. Falling back to cpu.
An NVIDIA GPU may be present on this machine, but a CUDA-enabled jaxlib is not installed. Falling back to cpu.
An NVIDIA GPU may be present on this machine, but a CUDA-enabled jaxlib is not installed. Falling back to cpu.
An NVIDIA GPU may be present on this machine, but a CUDA-enabled jaxlib is not installed. Falling back to cpu.
An NVIDIA GPU may be present on this machine, but a CUDA-enabled jaxlib is not installed. Falling back to cpu.
An NVIDIA GPU may be present on this machine, but a CUDA-enabled jaxlib is not installed. Falling back to cpu.
An NVIDIA GPU may be present on this machine, but a CUDA-enabled jaxlib is not installed. Falling back to cpu.
An NVIDIA GPU may be present on this machine, but a CUDA-enabled jaxlib is not installed. Falling back to cpu.
An NVIDIA GPU may be present on this machine, but a CUDA-enabled jaxlib is not installed. Falling back to cpu.
An NVIDIA GPU may be present on this machine, but a CUDA-enabled jaxlib is not installed. Falling back to cpu.
An NVIDIA GPU may be present on this machine, but a CUDA-enabled jaxlib is not installed. Falling back to cpu.
An NVIDIA GPU may be present on this machine, but a CUDA-enabled jaxlib is not installed. Falling back to cpu.
An NVIDIA GPU may be present on this machine, but a CUDA-enabled jaxlib is not installed. Falling back to cpu.
An NVIDIA GPU may be present on this machine, but a CUDA-enabled jaxlib is not installed. Falling back to cpu.
An NVIDIA GPU may be present on this machine, but a CUDA-enabled jaxlib is not installed. Falling back to cpu.
An NVIDIA GPU may be present on this machine, but a CUDA-enabled jaxlib is not installed. Falling back to cpu.
An NVIDIA GPU may be present on this machine, but a CUDA-enabled jaxlib is not installed. Falling back to cpu.
An NVIDIA GPU may be present on this machine, but a CUDA-enabled jaxlib is not installed. Falling back to cpu.
An NVIDIA GPU may be present on this machine, but a CUDA-enabled jaxlib is not installed. Falling back to cpu.
An NVIDIA GPU may be present on this machine, but a CUDA-enabled jaxlib is not installed. Falling back to cpu.
{
  "case": {
    "problem": "plaplace",
    "backend": "element",
    "level": 8,
    "out": "/home/michal/repos/fenics_nonlinear_energies/artifacts/reproduction/2026-03-15_refactor_stage2b_final/full/plaplace_final_suite/jax_petsc_element_l8_np32.json",
    "quiet": true,
    "save_history": true,
    "save_linear_timing": true,
    "steps": 1,
    "start_step": 1,
    "total_steps": 24,
    "ksp_type": "cg",
    "pc_type": "hypre",
    "ksp_rtol": 0.1,
    "ksp_max_it": 30,
    "profile": "reference",
    "coloring_trials": 10,
    "nproc_threads": 1,
    "hvp_eval_mode": "sequential",
    "element_reorder_mode": "block_xyz",
    "local_hessian_mode": "element",
    "tolf": 0.0001,
    "tolg": 0.001,
    "tolg_rel": 0.001,
    "tolx_rel": 0.001,
    "tolx_abs": 1e-10,
    "maxit": 100,
    "step_time_limit_s": null,
    "linesearch_a": -0.5,
    "linesearch_b": 2.0,
    "linesearch_tol": 0.1,
    "use_trust_region": false,
    "trust_radius_init": 1.0,
    "trust_radius_min": 1e-08,
    "trust_radius_max": 1000000.0,
    "trust_shrink": 0.5,
    "trust_expand": 1.5,
    "trust_eta_shrink": 0.05,
    "trust_eta_expand": 0.75,
    "trust_max_reject": 6,
    "trust_subproblem_line_search": false,
    "local_coloring": true,
    "retry_on_failure": false,
    "pc_setup_on_ksp_cap": false,
    "use_near_nullspace": true,
    "reorder": null,
    "gamg_threshold": 0.05,
    "gamg_agg_nsmooths": 1,
    "gamg_set_coordinates": true
  },
  "result": {
    "mesh_level": 8,
    "total_dofs": 197633,
    "free_dofs": 195585,
    "setup_time": 0.759264,
    "solve_time_total": 0.507888,
    "total_time": 1.480643,
    "steps": [
      {
        "step": 1,
        "time": 0.507888,
        "nit": 6,
        "linear_iters": 12,
        "energy": -7.959556145272758,
        "message": "Converged (energy, step, gradient)",
        "attempt": "primary",
        "ksp_rtol_used": 0.1,
        "ksp_max_it_used": 30,
        "linesearch_interval_used": [
          -0.5,
          2.0
        ],
        "history": [
          {
            "it": 1,
            "energy": 41.955652239044646,
            "dE": 4134621.014560325,
            "grad_norm": 111906.5185179104,
            "grad_target": 111.9065185179104,
            "grad_norm_post": NaN,
            "alpha": 1.9569476828142078,
            "ksp_its": 2,
            "ls_evals": 9,
            "ls_repaired": false,
            "used_gradient_fallback": false,
            "accepted_step": true,
            "step_norm": 245.9518099139014,
            "step_rel": 0.9619459795853829,
            "pred_reduction": NaN,
            "actual_reduction": NaN,
            "trust_rejects": 0,
            "t_grad": 0.001389905926771462,
            "t_hess": 0.062041718047112226,
            "t_ls": 0.020402734982781112,
            "t_update": 8.984003216028214e-06,
            "t_iter": 0.08390545705333352,
            "trust_radius": 1.0,
            "trust_ratio": NaN,
            "trust_qp": NaN
          },
          {
            "it": 2,
            "energy": -5.5216174777832485,
            "dE": 47.47726971682789,
            "grad_norm": 51.89979171818597,
            "grad_target": 111.9065185179104,
            "grad_norm_post": NaN,
            "alpha": 1.8176274578121059,
            "ksp_its": 2,
            "ls_evals": 9,
            "ls_repaired": false,
            "used_gradient_fallback": false,
            "accepted_step": true,
            "step_norm": 195.82349955150988,
            "step_rel": 19.094310675719456,
            "pred_reduction": NaN,
            "actual_reduction": NaN,
            "trust_rejects": 0,
            "t_grad": 0.0016019539907574654,
            "t_hess": 0.06443113402929157,
            "t_ls": 0.020639110007323325,
            "t_update": 6.7900400608778e-06,
            "t_iter": 0.08674271602649242,
            "trust_radius": 1.0,
            "trust_ratio": NaN,
            "trust_qp": NaN
          },
          {
            "it": 3,
            "energy": -7.575236994242793,
            "dE": 2.0536195164595448,
            "grad_norm": 8.033873667413301,
            "grad_target": 111.9065185179104,
            "grad_norm_post": NaN,
            "alpha": 0.6905031609436797,
            "ksp_its": 2,
            "ls_evals": 9,
            "ls_repaired": false,
            "used_gradient_fallback": false,
            "accepted_step": true,
            "step_norm": 37.098456515668296,
            "step_rel": 0.1985356420376085,
            "pred_reduction": NaN,
            "actual_reduction": NaN,
            "trust_rejects": 0,
            "t_grad": 0.0016021039336919785,
            "t_hess": 0.06171268399339169,
            "t_ls": 0.020309746032580733,
            "t_update": 6.760004907846451e-06,
            "t_iter": 0.08369063399732113,
            "trust_radius": 1.0,
            "trust_ratio": NaN,
            "trust_qp": NaN
          },
          {
            "it": 4,
            "energy": -7.956466805679016,
            "dE": 0.3812298114362225,
            "grad_norm": 3.1329885876142836,
            "grad_target": 111.9065185179104,
            "grad_norm_post": NaN,
            "alpha": 1.1742419234321102,
            "ksp_its": 2,
            "ls_evals": 9,
            "ls_repaired": false,
            "used_gradient_fallback": false,
            "accepted_step": true,
            "step_norm": 13.017884798130474,
            "step_rel": 0.05894971149606771,
            "pred_reduction": NaN,
            "actual_reduction": NaN,
            "trust_rejects": 0,
            "t_grad": 0.0015765869757160544,
            "t_hess": 0.06098533305339515,
            "t_ls": 0.0200117789208889,
            "t_update": 5.959067493677139e-06,
            "t_iter": 0.08264159900136292,
            "trust_radius": 1.0,
            "trust_ratio": NaN,
            "trust_qp": NaN
          },
          {
            "it": 5,
            "energy": -7.959530402844749,
            "dE": 0.003063597165732901,
            "grad_norm": 0.25172602843822134,
            "grad_target": 111.9065185179104,
            "grad_norm_post": NaN,
            "alpha": 1.0552482453194671,
            "ksp_its": 2,
            "ls_evals": 9,
            "ls_repaired": false,
            "used_gradient_fallback": false,
            "accepted_step": true,
            "step_norm": 0.2196967795468695,
            "step_rel": 0.001056324799060333,
            "pred_reduction": NaN,
            "actual_reduction": NaN,
            "trust_rejects": 0,
            "t_grad": 0.001696225954219699,
            "t_hess": 0.06427746394183487,
            "t_ls": 0.02018810308072716,
            "t_update": 6.980961188673973e-06,
            "t_iter": 0.08623065706342459,
            "trust_radius": 1.0,
            "trust_ratio": NaN,
            "trust_qp": NaN
          },
          {
            "it": 6,
            "energy": -7.959556145272758,
            "dE": 2.574242800967852e-05,
            "grad_norm": 0.017054903045835252,
            "grad_target": 111.9065185179104,
            "grad_norm_post": 0.0013467935514364898,
            "alpha": 1.088137289060528,
            "ksp_its": 2,
            "ls_evals": 9,
            "ls_repaired": false,
            "used_gradient_fallback": false,
            "accepted_step": true,
            "step_norm": 0.028964778262616373,
            "step_rel": 0.00013937032332299654,
            "pred_reduction": NaN,
            "actual_reduction": NaN,
            "trust_rejects": 0,
            "t_grad": 0.0016435469733551145,
            "t_hess": 0.059622086002491415,
            "t_ls": 0.019776874920353293,
            "t_update": 7.521011866629124e-06,
            "t_iter": 0.08111054194159806,
            "trust_radius": 1.0,
            "trust_ratio": NaN,
            "trust_qp": NaN
          }
        ],
        "linear_timing": [
          {
            "assemble_total_time": 0.00324188603553921,
            "assemble_p2p_exchange": 0.0006543719209730625,
            "assemble_hvp_compute": 0.000929545029066503,
            "assemble_extraction": 0.001083526061847806,
            "assemble_coo_assembly": 0.0005322990473359823,
            "assemble_n_hvps": 0,
            "setop_time": 3.2549723982810974e-06,
            "set_tolerances_time": 2.7439091354608536e-06,
            "pc_setup_time": 0.04667273792438209,
            "solve_time": 0.012025670963339508,
            "linear_total_time": 0.06194629380479455,
            "ksp_its": 2
          },
          {
            "assemble_total_time": 0.0037698380183428526,
            "assemble_p2p_exchange": 0.0007739320863038301,
            "assemble_hvp_compute": 0.0008802009979262948,
            "assemble_extraction": 0.001010766951367259,
            "assemble_coo_assembly": 0.0010677729733288288,
            "assemble_n_hvps": 0,
            "setop_time": 2.6440247893333435e-06,
            "set_tolerances_time": 2.883956767618656e-06,
            "pc_setup_time": 0.04840062197763473,
            "solve_time": 0.012182375998236239,
            "linear_total_time": 0.06435836397577077,
            "ksp_its": 2
          },
          {
            "assemble_total_time": 0.0034636890050023794,
            "assemble_p2p_exchange": 0.0006848491029813886,
            "assemble_hvp_compute": 0.000802383990958333,
            "assemble_extraction": 0.0011450080201029778,
            "assemble_coo_assembly": 0.0008032559417188168,
            "assemble_n_hvps": 0,
            "setop_time": 2.854038029909134e-06,
            "set_tolerances_time": 2.7740607038140297e-06,
            "pc_setup_time": 0.04709819599520415,
            "solve_time": 0.011078719981014729,
            "linear_total_time": 0.06164623307995498,
            "ksp_its": 2
          },
          {
            "assemble_total_time": 0.003639683942310512,
            "assemble_p2p_exchange": 0.0006841070717200637,
            "assemble_hvp_compute": 0.0008911070181056857,
            "assemble_extraction": 0.0010248390026390553,
            "assemble_coo_assembly": 0.0010058500338345766,
            "assemble_n_hvps": 0,
            "setop_time": 2.283952198922634e-06,
            "set_tolerances_time": 1.942971721291542e-06,
            "pc_setup_time": 0.045968370977789164,
            "solve_time": 0.011302305036224425,
            "linear_total_time": 0.060914586880244315,
            "ksp_its": 2
          },
          {
            "assemble_total_time": 0.003935437998734415,
            "assemble_p2p_exchange": 0.0006398089462891221,
            "assemble_hvp_compute": 0.0008797600166872144,
            "assemble_extraction": 0.0011572870425879955,
            "assemble_coo_assembly": 0.001217246986925602,
            "assemble_n_hvps": 0,
            "setop_time": 2.2940803319215775e-06,
            "set_tolerances_time": 2.1329615265130997e-06,
            "pc_setup_time": 0.049102264922112226,
            "solve_time": 0.011167453019879758,
            "linear_total_time": 0.06420958298258483,
            "ksp_its": 2
          },
          {
            "assemble_total_time": 0.0035056519554927945,
            "assemble_p2p_exchange": 0.0006812829524278641,
            "assemble_hvp_compute": 0.0008053489727899432,
            "assemble_extraction": 0.0013836269499734044,
            "assemble_coo_assembly": 0.0006035459227859974,
            "assemble_n_hvps": 0,
            "setop_time": 2.703978680074215e-06,
            "set_tolerances_time": 2.5240005925297737e-06,
            "pc_setup_time": 0.045160728972405195,
            "solve_time": 0.010880882968194783,
            "linear_total_time": 0.059552491875365376,
            "ksp_its": 2
          }
        ]
      }
    ],
    "metadata": {
      "profile": "reference",
      "nprocs": 32,
      "nproc_threads": 1,
      "problem": {
        "name": "pLaplace2D"
      },
      "linear_solver": {
        "ksp_type": "cg",
        "pc_type": "hypre",
        "ksp_rtol": 0.1,
        "ksp_max_it": 30,
        "pc_setup_on_ksp_cap": false,
        "gamg_threshold": 0.05,
        "gamg_agg_nsmooths": 1,
        "gamg_set_coordinates": true,
        "reorder": true,
        "hvp_eval_mode": "element_overlap",
        "assembly_mode": "element",
        "element_reorder_mode": "block_xyz",
        "local_hessian_mode": "element",
        "distribution_strategy": "overlap_allgather",
        "assembler": "PLaplaceReorderedElementAssembler",
        "trust_subproblem_solver": "direct_linear_solve",
        "trust_subproblem_line_search": false
      },
      "newton": {
        "tolf": 0.0001,
        "tolg": 0.001,
        "tolg_rel": 0.001,
        "tolx_rel": 0.001,
        "tolx_abs": 1e-10,
        "maxit": 100,
        "require_all_convergence": true,
        "fail_on_nonfinite": true,
        "linesearch_interval": [
          -0.5,
          2.0
        ],
        "linesearch_tol": 0.1,
        "trust_region": false,
        "trust_radius_init": 1.0,
        "trust_radius_min": 1e-08,
        "trust_radius_max": 1000000.0,
        "trust_subproblem_line_search": false,
        "step_time_limit_s": null
      }
    }
  }
}
