An NVIDIA GPU may be present on this machine, but a CUDA-enabled jaxlib is not installed. Falling back to cpu.
An NVIDIA GPU may be present on this machine, but a CUDA-enabled jaxlib is not installed. Falling back to cpu.
{
  "case": {
    "problem": "plaplace",
    "backend": "element",
    "level": 6,
    "out": "/home/michal/repos/fenics_nonlinear_energies/artifacts/reproduction/2026-03-15_refactor_stage2b_final/full/plaplace_final_suite/jax_petsc_local_sfd_l6_np2.json",
    "quiet": true,
    "save_history": true,
    "save_linear_timing": true,
    "steps": 1,
    "start_step": 1,
    "total_steps": 24,
    "ksp_type": "cg",
    "pc_type": "hypre",
    "ksp_rtol": 0.1,
    "ksp_max_it": 30,
    "profile": "reference",
    "coloring_trials": 10,
    "nproc_threads": 1,
    "hvp_eval_mode": "sequential",
    "element_reorder_mode": "block_xyz",
    "local_hessian_mode": "sfd_local",
    "tolf": 0.0001,
    "tolg": 0.001,
    "tolg_rel": 0.001,
    "tolx_rel": 0.001,
    "tolx_abs": 1e-10,
    "maxit": 100,
    "step_time_limit_s": null,
    "linesearch_a": -0.5,
    "linesearch_b": 2.0,
    "linesearch_tol": 0.1,
    "use_trust_region": false,
    "trust_radius_init": 1.0,
    "trust_radius_min": 1e-08,
    "trust_radius_max": 1000000.0,
    "trust_shrink": 0.5,
    "trust_expand": 1.5,
    "trust_eta_shrink": 0.05,
    "trust_eta_expand": 0.75,
    "trust_max_reject": 6,
    "trust_subproblem_line_search": false,
    "local_coloring": true,
    "retry_on_failure": false,
    "pc_setup_on_ksp_cap": false,
    "use_near_nullspace": true,
    "reorder": null,
    "gamg_threshold": 0.05,
    "gamg_agg_nsmooths": 1,
    "gamg_set_coordinates": true
  },
  "result": {
    "mesh_level": 6,
    "total_dofs": 12545,
    "free_dofs": 12033,
    "setup_time": 0.616434,
    "solve_time_total": 0.289308,
    "total_time": 0.951822,
    "steps": [
      {
        "step": 1,
        "time": 0.289308,
        "nit": 7,
        "linear_iters": 10,
        "energy": -7.954563580821439,
        "message": "Converged (energy, step, gradient)",
        "attempt": "primary",
        "ksp_rtol_used": 0.1,
        "ksp_max_it_used": 30,
        "linesearch_interval_used": [
          -0.5,
          2.0
        ],
        "history": [
          {
            "it": 1,
            "energy": 0.18256734309383515,
            "dE": 65342.82363897913,
            "grad_norm": 6978.482874326118,
            "grad_target": 6.978482874326118,
            "grad_norm_post": NaN,
            "alpha": 1.9569476828142078,
            "ksp_its": 2,
            "ls_evals": 9,
            "ls_repaired": false,
            "used_gradient_fallback": false,
            "accepted_step": true,
            "step_norm": 64.22781431825412,
            "step_rel": 1.0196872421285796,
            "pred_reduction": NaN,
            "actual_reduction": NaN,
            "trust_rejects": 0,
            "t_grad": 0.00040468794759362936,
            "t_hess": 0.15339494298677891,
            "t_ls": 0.006321912980638444,
            "t_update": 3.074994310736656e-06,
            "t_iter": 0.1601612629601732,
            "trust_radius": 1.0,
            "trust_ratio": NaN,
            "trust_qp": NaN
          },
          {
            "it": 2,
            "energy": -5.8013970480063755,
            "dE": 5.98396439110021,
            "grad_norm": 3.267964815043348,
            "grad_target": 6.978482874326118,
            "grad_norm_post": NaN,
            "alpha": 0.41186271093947224,
            "ksp_its": 1,
            "ls_evals": 9,
            "ls_repaired": false,
            "used_gradient_fallback": false,
            "accepted_step": true,
            "step_norm": 38.415585379946336,
            "step_rel": 15.039350599783875,
            "pred_reduction": NaN,
            "actual_reduction": NaN,
            "trust_rejects": 0,
            "t_grad": 0.00037389202043414116,
            "t_hess": 0.015225783921778202,
            "t_ls": 0.006081792060285807,
            "t_update": 4.066037945449352e-06,
            "t_iter": 0.021714807022362947,
            "trust_radius": 1.0,
            "trust_ratio": NaN,
            "trust_qp": NaN
          },
          {
            "it": 3,
            "energy": -7.7076740370009045,
            "dE": 1.906276988994529,
            "grad_norm": 5.499267753353657,
            "grad_target": 6.978482874326118,
            "grad_norm_post": NaN,
            "alpha": 0.6372875703131574,
            "ksp_its": 2,
            "ls_evals": 9,
            "ls_repaired": false,
            "used_gradient_fallback": false,
            "accepted_step": true,
            "step_norm": 13.000186159051788,
            "step_rel": 0.3186644642271081,
            "pred_reduction": NaN,
            "actual_reduction": NaN,
            "trust_rejects": 0,
            "t_grad": 0.0003940919414162636,
            "t_hess": 0.016332515981048346,
            "t_ls": 0.006014531012624502,
            "t_update": 3.955909051001072e-06,
            "t_iter": 0.022772956057451665,
            "trust_radius": 1.0,
            "trust_ratio": NaN,
            "trust_qp": NaN
          },
          {
            "it": 4,
            "energy": -7.942271334770828,
            "dE": 0.23459729776992333,
            "grad_norm": 2.1853789953309537,
            "grad_target": 6.978482874326118,
            "grad_norm_post": NaN,
            "alpha": 0.9488170640584248,
            "ksp_its": 1,
            "ls_evals": 9,
            "ls_repaired": false,
            "used_gradient_fallback": false,
            "accepted_step": true,
            "step_norm": 1.1012146861454633,
            "step_rel": 0.02062082607657309,
            "pred_reduction": NaN,
            "actual_reduction": NaN,
            "trust_rejects": 0,
            "t_grad": 0.0003564460203051567,
            "t_hess": 0.01447846193332225,
            "t_ls": 0.006043734960258007,
            "t_update": 4.166038706898689e-06,
            "t_iter": 0.02091012999881059,
            "trust_radius": 1.0,
            "trust_ratio": NaN,
            "trust_qp": NaN
          },
          {
            "it": 5,
            "energy": -7.9543335936786255,
            "dE": 0.012062258907797663,
            "grad_norm": 0.44860416771542166,
            "grad_target": 6.978482874326118,
            "grad_norm_post": NaN,
            "alpha": 1.0552482453194671,
            "ksp_its": 2,
            "ls_evals": 9,
            "ls_repaired": false,
            "used_gradient_fallback": false,
            "accepted_step": true,
            "step_norm": 0.6600132665733037,
            "step_rel": 0.012557415677506208,
            "pred_reduction": NaN,
            "actual_reduction": NaN,
            "trust_rejects": 0,
            "t_grad": 0.00037687597796320915,
            "t_hess": 0.015297400997951627,
            "t_ls": 0.0060226640198379755,
            "t_update": 4.425994120538235e-06,
            "t_iter": 0.021728237974457443,
            "trust_radius": 1.0,
            "trust_ratio": NaN,
            "trust_qp": NaN
          },
          {
            "it": 6,
            "energy": -7.954562095302057,
            "dE": 0.0002285016234315762,
            "grad_norm": 0.05295545473382539,
            "grad_target": 6.978482874326118,
            "grad_norm_post": NaN,
            "alpha": 1.088137289060528,
            "ksp_its": 1,
            "ls_evals": 9,
            "ls_repaired": false,
            "used_gradient_fallback": false,
            "accepted_step": true,
            "step_norm": 0.022374430945911454,
            "step_rel": 0.0004309496120146833,
            "pred_reduction": NaN,
            "actual_reduction": NaN,
            "trust_rejects": 0,
            "t_grad": 0.0003938719164580107,
            "t_hess": 0.013923628022894263,
            "t_ls": 0.006032668985426426,
            "t_update": 4.20701690018177e-06,
            "t_iter": 0.020380062982439995,
            "trust_radius": 1.0,
            "trust_ratio": NaN,
            "trust_qp": NaN
          },
          {
            "it": 7,
            "energy": -7.954563580821439,
            "dE": 1.485519382171674e-06,
            "grad_norm": 0.0031207275994061616,
            "grad_target": 6.978482874326118,
            "grad_norm_post": 0.00013097164442917055,
            "alpha": 1.0552482453194671,
            "ksp_its": 1,
            "ls_evals": 9,
            "ls_repaired": false,
            "used_gradient_fallback": false,
            "accepted_step": true,
            "step_norm": 0.001915145573345059,
            "step_rel": 3.687917863161328e-05,
            "pred_reduction": NaN,
            "actual_reduction": NaN,
            "trust_rejects": 0,
            "t_grad": 0.0003599299816414714,
            "t_hess": 0.013940243981778622,
            "t_ls": 0.006022142944857478,
            "t_update": 4.275934770703316e-06,
            "t_iter": 0.02035266300663352,
            "trust_radius": 1.0,
            "trust_ratio": NaN,
            "trust_qp": NaN
          }
        ],
        "linear_timing": [
          {
            "assemble_total_time": 0.13810040696989745,
            "assemble_p2p_exchange": 7.787719368934631e-05,
            "assemble_hvp_compute": 0.13770103710703552,
            "assemble_extraction": 0.0001605410361662507,
            "assemble_coo_assembly": 0.00013736705295741558,
            "assemble_n_hvps": 8,
            "setop_time": 3.164983354508877e-06,
            "set_tolerances_time": 2.153916284441948e-06,
            "pc_setup_time": 0.012165787979029119,
            "solve_time": 0.003083460032939911,
            "linear_total_time": 0.15335497388150543,
            "ksp_its": 2
          },
          {
            "assemble_total_time": 0.0021646610694006085,
            "assemble_p2p_exchange": 7.175793871283531e-05,
            "assemble_hvp_compute": 0.0016097270417958498,
            "assemble_extraction": 0.0002445970894768834,
            "assemble_coo_assembly": 0.00021878909319639206,
            "assemble_n_hvps": 8,
            "setop_time": 1.93202868103981e-06,
            "set_tolerances_time": 1.7919810488820076e-06,
            "pc_setup_time": 0.01090588595252484,
            "solve_time": 0.0021147760562598705,
            "linear_total_time": 0.015189047087915242,
            "ksp_its": 1
          },
          {
            "assemble_total_time": 0.001245992025360465,
            "assemble_p2p_exchange": 7.200904656201601e-05,
            "assemble_hvp_compute": 0.000899170059710741,
            "assemble_extraction": 0.00013096595648676157,
            "assemble_coo_assembly": 0.00012852298095822334,
            "assemble_n_hvps": 8,
            "setop_time": 1.2719538062810898e-06,
            "set_tolerances_time": 1.452048309147358e-06,
            "pc_setup_time": 0.011670344974845648,
            "solve_time": 0.0033828800078481436,
            "linear_total_time": 0.016301941010169685,
            "ksp_its": 2
          },
          {
            "assemble_total_time": 0.0012926410418003798,
            "assemble_p2p_exchange": 7.119693327695131e-05,
            "assemble_hvp_compute": 0.0009013139642775059,
            "assemble_extraction": 0.0001294650137424469,
            "assemble_coo_assembly": 0.00017639505676925182,
            "assemble_n_hvps": 8,
            "setop_time": 1.4220131561160088e-06,
            "set_tolerances_time": 1.7830170691013336e-06,
            "pc_setup_time": 0.01093046402093023,
            "solve_time": 0.0022223270498216152,
            "linear_total_time": 0.014448637142777443,
            "ksp_its": 1
          },
          {
            "assemble_total_time": 0.0012607229873538017,
            "assemble_p2p_exchange": 7.033604197204113e-05,
            "assemble_hvp_compute": 0.0009085939964279532,
            "assemble_extraction": 0.000127370934933424,
            "assemble_coo_assembly": 0.00013921898789703846,
            "assemble_n_hvps": 8,
            "setop_time": 1.1420343071222305e-06,
            "set_tolerances_time": 1.401989720761776e-06,
            "pc_setup_time": 0.010709931957535446,
            "solve_time": 0.003294316935352981,
            "linear_total_time": 0.015267515904270113,
            "ksp_its": 2
          },
          {
            "assemble_total_time": 0.001273983041755855,
            "assemble_p2p_exchange": 7.432198617607355e-05,
            "assemble_hvp_compute": 0.0009141319897025824,
            "assemble_extraction": 0.00012826209422200918,
            "assemble_coo_assembly": 0.00014279491733759642,
            "assemble_n_hvps": 8,
            "setop_time": 1.1110678315162659e-06,
            "set_tolerances_time": 1.3819662854075432e-06,
            "pc_setup_time": 0.01042461406905204,
            "solve_time": 0.002193323918618262,
            "linear_total_time": 0.013894414063543081,
            "ksp_its": 1
          },
          {
            "assemble_total_time": 0.0012424660380929708,
            "assemble_p2p_exchange": 7.958896458148956e-05,
            "assemble_hvp_compute": 0.0008998819394037127,
            "assemble_extraction": 0.00013447203673422337,
            "assemble_coo_assembly": 0.00011435197666287422,
            "assemble_n_hvps": 8,
            "setop_time": 1.2319069355726242e-06,
            "set_tolerances_time": 1.2810342013835907e-06,
            "pc_setup_time": 0.0104816589737311,
            "solve_time": 0.0021832779748365283,
            "linear_total_time": 0.013909915927797556,
            "ksp_its": 1
          }
        ]
      }
    ],
    "metadata": {
      "profile": "reference",
      "nprocs": 2,
      "nproc_threads": 1,
      "problem": {
        "name": "pLaplace2D"
      },
      "linear_solver": {
        "ksp_type": "cg",
        "pc_type": "hypre",
        "ksp_rtol": 0.1,
        "ksp_max_it": 30,
        "pc_setup_on_ksp_cap": false,
        "gamg_threshold": 0.05,
        "gamg_agg_nsmooths": 1,
        "gamg_set_coordinates": true,
        "reorder": true,
        "hvp_eval_mode": "sfd_local_batched",
        "assembly_mode": "element",
        "element_reorder_mode": "block_xyz",
        "local_hessian_mode": "sfd_local",
        "distribution_strategy": "overlap_allgather",
        "assembler": "PLaplaceReorderedElementAssembler",
        "trust_subproblem_solver": "direct_linear_solve",
        "trust_subproblem_line_search": false
      },
      "newton": {
        "tolf": 0.0001,
        "tolg": 0.001,
        "tolg_rel": 0.001,
        "tolx_rel": 0.001,
        "tolx_abs": 1e-10,
        "maxit": 100,
        "require_all_convergence": true,
        "fail_on_nonfinite": true,
        "linesearch_interval": [
          -0.5,
          2.0
        ],
        "linesearch_tol": 0.1,
        "trust_region": false,
        "trust_radius_init": 1.0,
        "trust_radius_min": 1e-08,
        "trust_radius_max": 1000000.0,
        "trust_subproblem_line_search": false,
        "step_time_limit_s": null
      }
    }
  }
}
