An NVIDIA GPU may be present on this machine, but a CUDA-enabled jaxlib is not installed. Falling back to cpu.
An NVIDIA GPU may be present on this machine, but a CUDA-enabled jaxlib is not installed. Falling back to cpu.
An NVIDIA GPU may be present on this machine, but a CUDA-enabled jaxlib is not installed. Falling back to cpu.
An NVIDIA GPU may be present on this machine, but a CUDA-enabled jaxlib is not installed. Falling back to cpu.
An NVIDIA GPU may be present on this machine, but a CUDA-enabled jaxlib is not installed. Falling back to cpu.
An NVIDIA GPU may be present on this machine, but a CUDA-enabled jaxlib is not installed. Falling back to cpu.
An NVIDIA GPU may be present on this machine, but a CUDA-enabled jaxlib is not installed. Falling back to cpu.
An NVIDIA GPU may be present on this machine, but a CUDA-enabled jaxlib is not installed. Falling back to cpu.
An NVIDIA GPU may be present on this machine, but a CUDA-enabled jaxlib is not installed. Falling back to cpu.
An NVIDIA GPU may be present on this machine, but a CUDA-enabled jaxlib is not installed. Falling back to cpu.
An NVIDIA GPU may be present on this machine, but a CUDA-enabled jaxlib is not installed. Falling back to cpu.
An NVIDIA GPU may be present on this machine, but a CUDA-enabled jaxlib is not installed. Falling back to cpu.
An NVIDIA GPU may be present on this machine, but a CUDA-enabled jaxlib is not installed. Falling back to cpu.
An NVIDIA GPU may be present on this machine, but a CUDA-enabled jaxlib is not installed. Falling back to cpu.
An NVIDIA GPU may be present on this machine, but a CUDA-enabled jaxlib is not installed. Falling back to cpu.
An NVIDIA GPU may be present on this machine, but a CUDA-enabled jaxlib is not installed. Falling back to cpu.
An NVIDIA GPU may be present on this machine, but a CUDA-enabled jaxlib is not installed. Falling back to cpu.
An NVIDIA GPU may be present on this machine, but a CUDA-enabled jaxlib is not installed. Falling back to cpu.
An NVIDIA GPU may be present on this machine, but a CUDA-enabled jaxlib is not installed. Falling back to cpu.
An NVIDIA GPU may be present on this machine, but a CUDA-enabled jaxlib is not installed. Falling back to cpu.
An NVIDIA GPU may be present on this machine, but a CUDA-enabled jaxlib is not installed. Falling back to cpu.
An NVIDIA GPU may be present on this machine, but a CUDA-enabled jaxlib is not installed. Falling back to cpu.
An NVIDIA GPU may be present on this machine, but a CUDA-enabled jaxlib is not installed. Falling back to cpu.
An NVIDIA GPU may be present on this machine, but a CUDA-enabled jaxlib is not installed. Falling back to cpu.
An NVIDIA GPU may be present on this machine, but a CUDA-enabled jaxlib is not installed. Falling back to cpu.
An NVIDIA GPU may be present on this machine, but a CUDA-enabled jaxlib is not installed. Falling back to cpu.
An NVIDIA GPU may be present on this machine, but a CUDA-enabled jaxlib is not installed. Falling back to cpu.
An NVIDIA GPU may be present on this machine, but a CUDA-enabled jaxlib is not installed. Falling back to cpu.
An NVIDIA GPU may be present on this machine, but a CUDA-enabled jaxlib is not installed. Falling back to cpu.
An NVIDIA GPU may be present on this machine, but a CUDA-enabled jaxlib is not installed. Falling back to cpu.
An NVIDIA GPU may be present on this machine, but a CUDA-enabled jaxlib is not installed. Falling back to cpu.
An NVIDIA GPU may be present on this machine, but a CUDA-enabled jaxlib is not installed. Falling back to cpu.
{
  "case": {
    "problem": "plaplace",
    "backend": "element",
    "level": 5,
    "out": "/home/michal/repos/fenics_nonlinear_energies/artifacts/reproduction/2026-03-15_refactor_stage2b_final/full/plaplace_final_suite/jax_petsc_local_sfd_l5_np32.json",
    "quiet": true,
    "save_history": true,
    "save_linear_timing": true,
    "steps": 1,
    "start_step": 1,
    "total_steps": 24,
    "ksp_type": "cg",
    "pc_type": "hypre",
    "ksp_rtol": 0.1,
    "ksp_max_it": 30,
    "profile": "reference",
    "coloring_trials": 10,
    "nproc_threads": 1,
    "hvp_eval_mode": "sequential",
    "element_reorder_mode": "block_xyz",
    "local_hessian_mode": "sfd_local",
    "tolf": 0.0001,
    "tolg": 0.001,
    "tolg_rel": 0.001,
    "tolx_rel": 0.001,
    "tolx_abs": 1e-10,
    "maxit": 100,
    "step_time_limit_s": null,
    "linesearch_a": -0.5,
    "linesearch_b": 2.0,
    "linesearch_tol": 0.1,
    "use_trust_region": false,
    "trust_radius_init": 1.0,
    "trust_radius_min": 1e-08,
    "trust_radius_max": 1000000.0,
    "trust_shrink": 0.5,
    "trust_expand": 1.5,
    "trust_eta_shrink": 0.05,
    "trust_eta_expand": 0.75,
    "trust_max_reject": 6,
    "trust_subproblem_line_search": false,
    "local_coloring": true,
    "retry_on_failure": false,
    "pc_setup_on_ksp_cap": false,
    "use_near_nullspace": true,
    "reorder": null,
    "gamg_threshold": 0.05,
    "gamg_agg_nsmooths": 1,
    "gamg_set_coordinates": true
  },
  "result": {
    "mesh_level": 5,
    "total_dofs": 3201,
    "free_dofs": 2945,
    "setup_time": 0.643166,
    "solve_time_total": 0.447889,
    "total_time": 1.181714,
    "steps": [
      {
        "step": 1,
        "time": 0.447889,
        "nit": 7,
        "linear_iters": 8,
        "energy": -7.942968718327787,
        "message": "Converged (energy, step, gradient)",
        "attempt": "primary",
        "ksp_rtol_used": 0.1,
        "ksp_max_it_used": 30,
        "linesearch_interval_used": [
          -0.5,
          2.0
        ],
        "history": [
          {
            "it": 1,
            "energy": 0.13203979397277363,
            "dE": 8661.946476917521,
            "grad_norm": 1796.1493529461623,
            "grad_target": 1.7961493529461623,
            "grad_norm_post": NaN,
            "alpha": 1.9569476828142078,
            "ksp_its": 1,
            "ls_evals": 9,
            "ls_repaired": false,
            "used_gradient_fallback": false,
            "accepted_step": true,
            "step_norm": 31.573705435469094,
            "step_rel": 0.9976201843481413,
            "pred_reduction": NaN,
            "actual_reduction": NaN,
            "trust_rejects": 0,
            "t_grad": 0.0004053679294884205,
            "t_hess": 0.2013186999829486,
            "t_ls": 0.005708100972697139,
            "t_update": 1.8030405044555664e-06,
            "t_iter": 0.207487802952528,
            "trust_radius": 1.0,
            "trust_ratio": NaN,
            "trust_qp": NaN
          },
          {
            "it": 2,
            "energy": -5.633496941990838,
            "dE": 5.765536735963612,
            "grad_norm": 1.4702519030417147,
            "grad_target": 1.7961493529461623,
            "grad_norm_post": NaN,
            "alpha": 0.21932689530684624,
            "ksp_its": 1,
            "ls_evals": 9,
            "ls_repaired": false,
            "used_gradient_fallback": false,
            "accepted_step": true,
            "step_norm": 17.6053133753856,
            "step_rel": 16.728131441493396,
            "pred_reduction": NaN,
            "actual_reduction": NaN,
            "trust_rejects": 0,
            "t_grad": 0.0003141519846394658,
            "t_hess": 0.03641932806931436,
            "t_ls": 0.006607862072996795,
            "t_update": 1.6029225662350655e-06,
            "t_iter": 0.04341579298488796,
            "trust_radius": 1.0,
            "trust_ratio": NaN,
            "trust_qp": NaN
          },
          {
            "it": 3,
            "energy": -7.664686003565723,
            "dE": 2.031189061574885,
            "grad_norm": 4.935033439687109,
            "grad_target": 1.7961493529461623,
            "grad_norm_post": NaN,
            "alpha": 0.551182935941576,
            "ksp_its": 1,
            "ls_evals": 9,
            "ls_repaired": false,
            "used_gradient_fallback": false,
            "accepted_step": true,
            "step_norm": 7.488771295034317,
            "step_rel": 0.4165314615445226,
            "pred_reduction": NaN,
            "actual_reduction": NaN,
            "trust_rejects": 0,
            "t_grad": 0.00028702092822641134,
            "t_hess": 0.03413374605588615,
            "t_ls": 0.005550745059736073,
            "t_update": 1.2819655239582062e-06,
            "t_iter": 0.04002146690618247,
            "trust_radius": 1.0,
            "trust_ratio": NaN,
            "trust_qp": NaN
          },
          {
            "it": 4,
            "energy": -7.930507184981609,
            "dE": 0.26582118141588573,
            "grad_norm": 2.3408466578817904,
            "grad_target": 1.7961493529461623,
            "grad_norm_post": NaN,
            "alpha": 0.9488170640584248,
            "ksp_its": 2,
            "ls_evals": 9,
            "ls_repaired": false,
            "used_gradient_fallback": false,
            "accepted_step": true,
            "step_norm": 1.159896051722722,
            "step_rel": 0.04605462758604459,
            "pred_reduction": NaN,
            "actual_reduction": NaN,
            "trust_rejects": 0,
            "t_grad": 0.0002928500762209296,
            "t_hess": 0.03301225102040917,
            "t_ls": 0.006908474024385214,
            "t_update": 1.3320241123437881e-06,
            "t_iter": 0.04026346898172051,
            "trust_radius": 1.0,
            "trust_ratio": NaN,
            "trust_qp": NaN
          },
          {
            "it": 5,
            "energy": -7.942603216143921,
            "dE": 0.012096031162311505,
            "grad_norm": 0.4293348300831977,
            "grad_target": 1.7961493529461623,
            "grad_norm_post": NaN,
            "alpha": 1.0552482453194671,
            "ksp_its": 1,
            "ls_evals": 9,
            "ls_repaired": false,
            "used_gradient_fallback": false,
            "accepted_step": true,
            "step_norm": 0.23173885248188572,
            "step_rel": 0.008855733039436488,
            "pred_reduction": NaN,
            "actual_reduction": NaN,
            "trust_rejects": 0,
            "t_grad": 0.00042032101191580296,
            "t_hess": 0.03277055895887315,
            "t_ls": 0.005846438929438591,
            "t_update": 1.301988959312439e-06,
            "t_iter": 0.03910555108450353,
            "trust_radius": 1.0,
            "trust_ratio": NaN,
            "trust_qp": NaN
          },
          {
            "it": 6,
            "energy": -7.942967285548352,
            "dE": 0.00036406940443178826,
            "grad_norm": 0.0558590584044018,
            "grad_target": 1.7961493529461623,
            "grad_norm_post": NaN,
            "alpha": 1.1413528796910493,
            "ksp_its": 1,
            "ls_evals": 9,
            "ls_repaired": false,
            "used_gradient_fallback": false,
            "accepted_step": true,
            "step_norm": 0.03247058712602292,
            "step_rel": 0.0012504309737551816,
            "pred_reduction": NaN,
            "actual_reduction": NaN,
            "trust_rejects": 0,
            "t_grad": 0.00029500306118279696,
            "t_hess": 0.030303083010949194,
            "t_ls": 0.005554331000894308,
            "t_update": 1.3919780030846596e-06,
            "t_iter": 0.03620444505941123,
            "trust_radius": 1.0,
            "trust_ratio": NaN,
            "trust_qp": NaN
          },
          {
            "it": 7,
            "energy": -7.942968718327787,
            "dE": 1.4327794346513656e-06,
            "grad_norm": 0.003872583958383934,
            "grad_target": 1.7961493529461623,
            "grad_norm_post": 6.318598625853206e-05,
            "alpha": 1.002032654688946,
            "ksp_its": 1,
            "ls_evals": 9,
            "ls_repaired": false,
            "used_gradient_fallback": false,
            "accepted_step": true,
            "step_norm": 0.0014114541444305406,
            "step_rel": 5.4397910901698336e-05,
            "pred_reduction": NaN,
            "actual_reduction": NaN,
            "trust_rejects": 0,
            "t_grad": 0.0002778669586405158,
            "t_hess": 0.032635926036164165,
            "t_ls": 0.0069518390810117126,
            "t_update": 1.2909295037388802e-06,
            "t_iter": 0.03991609800141305,
            "trust_radius": 1.0,
            "trust_ratio": NaN,
            "trust_qp": NaN
          }
        ],
        "linear_timing": [
          {
            "assemble_total_time": 0.1660044409800321,
            "assemble_p2p_exchange": 8.961407002061605e-05,
            "assemble_hvp_compute": 0.13207393209449947,
            "assemble_extraction": 3.988994285464287e-05,
            "assemble_coo_assembly": 0.03377738001290709,
            "assemble_n_hvps": 7,
            "setop_time": 6.839982233941555e-06,
            "set_tolerances_time": 2.5029294192790985e-06,
            "pc_setup_time": 0.028768738033249974,
            "solve_time": 0.0064705969998613,
            "linear_total_time": 0.20125311892479658,
            "ksp_its": 1
          },
          {
            "assemble_total_time": 0.0004138409858569503,
            "assemble_p2p_exchange": 8.269399404525757e-05,
            "assemble_hvp_compute": 0.00014458701480180025,
            "assemble_extraction": 3.0005001462996006e-05,
            "assemble_coo_assembly": 0.0001407309900969267,
            "assemble_n_hvps": 7,
            "setop_time": 1.152046024799347e-06,
            "set_tolerances_time": 1.4620600268244743e-06,
            "pc_setup_time": 0.02995272690895945,
            "solve_time": 0.005963383940979838,
            "linear_total_time": 0.03633256594184786,
            "ksp_its": 1
          },
          {
            "assemble_total_time": 0.0004127899883314967,
            "assemble_p2p_exchange": 8.224404882639647e-05,
            "assemble_hvp_compute": 0.0001350530656054616,
            "assemble_extraction": 2.4277018383145332e-05,
            "assemble_coo_assembly": 0.00015922903548926115,
            "assemble_n_hvps": 7,
            "setop_time": 8.019851520657539e-07,
            "set_tolerances_time": 8.509960025548935e-07,
            "pc_setup_time": 0.027424430940300226,
            "solve_time": 0.006242012954317033,
            "linear_total_time": 0.03408088686410338,
            "ksp_its": 1
          },
          {
            "assemble_total_time": 0.0003725289134308696,
            "assemble_p2p_exchange": 8.287397213280201e-05,
            "assemble_hvp_compute": 0.00013347994536161423,
            "assemble_extraction": 2.383498940616846e-05,
            "assemble_coo_assembly": 0.00012125202920287848,
            "assemble_n_hvps": 7,
            "setop_time": 6.909249350428581e-07,
            "set_tolerances_time": 8.110655471682549e-07,
            "pc_setup_time": 0.02622956596314907,
            "solve_time": 0.006358437007293105,
            "linear_total_time": 0.03296203387435526,
            "ksp_its": 2
          },
          {
            "assemble_total_time": 0.0005181879969313741,
            "assemble_p2p_exchange": 0.00011812697630375624,
            "assemble_hvp_compute": 0.0001336609711870551,
            "assemble_extraction": 2.3584929294884205e-05,
            "assemble_coo_assembly": 0.0002301759086549282,
            "assemble_n_hvps": 7,
            "setop_time": 7.610069587826729e-07,
            "set_tolerances_time": 7.810303941369057e-07,
            "pc_setup_time": 0.02549474302213639,
            "solve_time": 0.006682674051262438,
            "linear_total_time": 0.03269714710768312,
            "ksp_its": 1
          },
          {
            "assemble_total_time": 0.00036878406535834074,
            "assemble_p2p_exchange": 8.072203490883112e-05,
            "assemble_hvp_compute": 0.0001338000874966383,
            "assemble_extraction": 2.349505666643381e-05,
            "assemble_coo_assembly": 0.00011950999032706022,
            "assemble_n_hvps": 7,
            "setop_time": 7.420312613248825e-07,
            "set_tolerances_time": 9.209616109728813e-07,
            "pc_setup_time": 0.024621882941573858,
            "solve_time": 0.005258706049062312,
            "linear_total_time": 0.03025103604886681,
            "ksp_its": 1
          },
          {
            "assemble_total_time": 0.0003783979918807745,
            "assemble_p2p_exchange": 8.191296365112066e-05,
            "assemble_hvp_compute": 0.0001339310547336936,
            "assemble_extraction": 2.390600275248289e-05,
            "assemble_coo_assembly": 0.00012734101619571447,
            "assemble_n_hvps": 7,
            "setop_time": 8.019851520657539e-07,
            "set_tolerances_time": 8.309725672006607e-07,
            "pc_setup_time": 0.025283424998633564,
            "solve_time": 0.006919270032085478,
            "linear_total_time": 0.03258272598031908,
            "ksp_its": 1
          }
        ]
      }
    ],
    "metadata": {
      "profile": "reference",
      "nprocs": 32,
      "nproc_threads": 1,
      "problem": {
        "name": "pLaplace2D"
      },
      "linear_solver": {
        "ksp_type": "cg",
        "pc_type": "hypre",
        "ksp_rtol": 0.1,
        "ksp_max_it": 30,
        "pc_setup_on_ksp_cap": false,
        "gamg_threshold": 0.05,
        "gamg_agg_nsmooths": 1,
        "gamg_set_coordinates": true,
        "reorder": true,
        "hvp_eval_mode": "sfd_local_batched",
        "assembly_mode": "element",
        "element_reorder_mode": "block_xyz",
        "local_hessian_mode": "sfd_local",
        "distribution_strategy": "overlap_allgather",
        "assembler": "PLaplaceReorderedElementAssembler",
        "trust_subproblem_solver": "direct_linear_solve",
        "trust_subproblem_line_search": false
      },
      "newton": {
        "tolf": 0.0001,
        "tolg": 0.001,
        "tolg_rel": 0.001,
        "tolx_rel": 0.001,
        "tolx_abs": 1e-10,
        "maxit": 100,
        "require_all_convergence": true,
        "fail_on_nonfinite": true,
        "linesearch_interval": [
          -0.5,
          2.0
        ],
        "linesearch_tol": 0.1,
        "trust_region": false,
        "trust_radius_init": 1.0,
        "trust_radius_min": 1e-08,
        "trust_radius_max": 1000000.0,
        "trust_subproblem_line_search": false,
        "step_time_limit_s": null
      }
    }
  }
}
