An NVIDIA GPU may be present on this machine, but a CUDA-enabled jaxlib is not installed. Falling back to cpu.
An NVIDIA GPU may be present on this machine, but a CUDA-enabled jaxlib is not installed. Falling back to cpu.
{
  "case": {
    "problem": "plaplace",
    "backend": "element",
    "level": 7,
    "out": "/home/michal/repos/fenics_nonlinear_energies/artifacts/reproduction/2026-03-15_refactor_stage2b_final/full/plaplace_final_suite/jax_petsc_local_sfd_l7_np2.json",
    "quiet": true,
    "save_history": true,
    "save_linear_timing": true,
    "steps": 1,
    "start_step": 1,
    "total_steps": 24,
    "ksp_type": "cg",
    "pc_type": "hypre",
    "ksp_rtol": 0.1,
    "ksp_max_it": 30,
    "profile": "reference",
    "coloring_trials": 10,
    "nproc_threads": 1,
    "hvp_eval_mode": "sequential",
    "element_reorder_mode": "block_xyz",
    "local_hessian_mode": "sfd_local",
    "tolf": 0.0001,
    "tolg": 0.001,
    "tolg_rel": 0.001,
    "tolx_rel": 0.001,
    "tolx_abs": 1e-10,
    "maxit": 100,
    "step_time_limit_s": null,
    "linesearch_a": -0.5,
    "linesearch_b": 2.0,
    "linesearch_tol": 0.1,
    "use_trust_region": false,
    "trust_radius_init": 1.0,
    "trust_radius_min": 1e-08,
    "trust_radius_max": 1000000.0,
    "trust_shrink": 0.5,
    "trust_expand": 1.5,
    "trust_eta_shrink": 0.05,
    "trust_eta_expand": 0.75,
    "trust_max_reject": 6,
    "trust_subproblem_line_search": false,
    "local_coloring": true,
    "retry_on_failure": false,
    "pc_setup_on_ksp_cap": false,
    "use_near_nullspace": true,
    "reorder": null,
    "gamg_threshold": 0.05,
    "gamg_agg_nsmooths": 1,
    "gamg_set_coordinates": true
  },
  "result": {
    "mesh_level": 7,
    "total_dofs": 49665,
    "free_dofs": 48641,
    "setup_time": 0.88101,
    "solve_time_total": 0.60499,
    "total_time": 1.551494,
    "steps": [
      {
        "step": 1,
        "time": 0.60499,
        "nit": 7,
        "linear_iters": 14,
        "energy": -7.9582923925293425,
        "message": "Converged (energy, step, gradient)",
        "attempt": "primary",
        "ksp_rtol_used": 0.1,
        "ksp_max_it_used": 30,
        "linesearch_interval_used": [
          -0.5,
          2.0
        ],
        "history": [
          {
            "it": 1,
            "energy": 5.438106249204249,
            "dE": 521138.8689366795,
            "grad_norm": 28062.385990695086,
            "grad_target": 28.062385990695088,
            "grad_norm_post": NaN,
            "alpha": 1.9569476828142078,
            "ksp_its": 2,
            "ls_evals": 9,
            "ls_repaired": false,
            "used_gradient_fallback": false,
            "accepted_step": true,
            "step_norm": 124.72030897019408,
            "step_rel": 0.982458785129833,
            "pred_reduction": NaN,
            "actual_reduction": NaN,
            "trust_rejects": 0,
            "t_grad": 0.0009177880128845572,
            "t_hess": 0.2157720070099458,
            "t_ls": 0.013729227939620614,
            "t_update": 9.172945283353329e-06,
            "t_iter": 0.23047551792114973,
            "trust_radius": 1.0,
            "trust_ratio": NaN,
            "trust_qp": NaN
          },
          {
            "it": 2,
            "energy": -3.9112651020563582,
            "dE": 9.349371351260608,
            "grad_norm": 13.013050037123783,
            "grad_target": 28.062385990695088,
            "grad_norm_post": NaN,
            "alpha": 0.8627124296868427,
            "ksp_its": 2,
            "ls_evals": 9,
            "ls_repaired": false,
            "used_gradient_fallback": false,
            "accepted_step": true,
            "step_norm": 89.36940351894246,
            "step_rel": 36.14498119940787,
            "pred_reduction": NaN,
            "actual_reduction": NaN,
            "trust_rejects": 0,
            "t_grad": 0.0008517790120095015,
            "t_hess": 0.05092863296158612,
            "t_ls": 0.01316126505844295,
            "t_update": 1.0796007700264454e-05,
            "t_iter": 0.06499398499727249,
            "trust_radius": 1.0,
            "trust_ratio": NaN,
            "trust_qp": NaN
          },
          {
            "it": 3,
            "energy": -7.343914513183465,
            "dE": 3.432649411127107,
            "grad_norm": 9.349463989505976,
            "grad_target": 28.062385990695088,
            "grad_norm_post": NaN,
            "alpha": 0.8094968390563215,
            "ksp_its": 2,
            "ls_evals": 9,
            "ls_repaired": false,
            "used_gradient_fallback": false,
            "accepted_step": true,
            "step_norm": 24.699073797510028,
            "step_rel": 0.2800598646841351,
            "pred_reduction": NaN,
            "actual_reduction": NaN,
            "trust_rejects": 0,
            "t_grad": 0.000807942938990891,
            "t_hess": 0.052366361021995544,
            "t_ls": 0.01297364302445203,
            "t_update": 9.575043804943562e-06,
            "t_iter": 0.06619903491809964,
            "trust_radius": 1.0,
            "trust_ratio": NaN,
            "trust_qp": NaN
          },
          {
            "it": 4,
            "energy": -7.927456199387549,
            "dE": 0.5835416862040841,
            "grad_norm": 3.176365157617886,
            "grad_target": 28.062385990695088,
            "grad_norm_post": NaN,
            "alpha": 1.002032654688946,
            "ksp_its": 2,
            "ls_evals": 9,
            "ls_repaired": false,
            "used_gradient_fallback": false,
            "accepted_step": true,
            "step_norm": 6.678891278745111,
            "step_rel": 0.05957126761173036,
            "pred_reduction": NaN,
            "actual_reduction": NaN,
            "trust_rejects": 0,
            "t_grad": 0.0008545930031687021,
            "t_hess": 0.0493513640249148,
            "t_ls": 0.013059441931545734,
            "t_update": 1.1155963875353336e-05,
            "t_iter": 0.06331602507270873,
            "trust_radius": 1.0,
            "trust_ratio": NaN,
            "trust_qp": NaN
          },
          {
            "it": 5,
            "energy": -7.957638879139051,
            "dE": 0.03018267975150124,
            "grad_norm": 0.6582913819321538,
            "grad_target": 28.062385990695088,
            "grad_norm_post": NaN,
            "alpha": 1.0552482453194671,
            "ksp_its": 2,
            "ls_evals": 9,
            "ls_repaired": false,
            "used_gradient_fallback": false,
            "accepted_step": true,
            "step_norm": 2.16735758321345,
            "step_rel": 0.02044466126247457,
            "pred_reduction": NaN,
            "actual_reduction": NaN,
            "trust_rejects": 0,
            "t_grad": 0.0008076019585132599,
            "t_hess": 0.04588320595212281,
            "t_ls": 0.013024650048464537,
            "t_update": 1.133698970079422e-05,
            "t_iter": 0.05976612400263548,
            "trust_radius": 1.0,
            "trust_ratio": NaN,
            "trust_qp": NaN
          },
          {
            "it": 6,
            "energy": -7.958284566062277,
            "dE": 0.0006456869232263074,
            "grad_norm": 0.08357394843359923,
            "grad_target": 28.062385990695088,
            "grad_norm_post": NaN,
            "alpha": 1.088137289060528,
            "ksp_its": 2,
            "ls_evals": 9,
            "ls_repaired": false,
            "used_gradient_fallback": false,
            "accepted_step": true,
            "step_norm": 0.06951904721678367,
            "step_rel": 0.000669125299602034,
            "pred_reduction": NaN,
            "actual_reduction": NaN,
            "trust_rejects": 0,
            "t_grad": 0.0008608229691162705,
            "t_hess": 0.04503053403459489,
            "t_ls": 0.012976728030480444,
            "t_update": 1.0967021808028221e-05,
            "t_iter": 0.0589183900738135,
            "trust_radius": 1.0,
            "trust_ratio": NaN,
            "trust_qp": NaN
          },
          {
            "it": 7,
            "energy": -7.9582923925293425,
            "dE": 7.826467065541465e-06,
            "grad_norm": 0.007359857761008119,
            "grad_target": 28.062385990695088,
            "grad_norm_post": 0.0004147143030230095,
            "alpha": 1.088137289060528,
            "ksp_its": 2,
            "ls_evals": 9,
            "ls_repaired": false,
            "used_gradient_fallback": false,
            "accepted_step": true,
            "step_norm": 0.007163699435086898,
            "step_rel": 6.895262511405266e-05,
            "pred_reduction": NaN,
            "actual_reduction": NaN,
            "trust_rejects": 0,
            "t_grad": 0.0008067709859460592,
            "t_hess": 0.04480915202293545,
            "t_ls": 0.013285822002217174,
            "t_update": 1.1487049050629139e-05,
            "t_iter": 0.05895303294528276,
            "trust_radius": 1.0,
            "trust_ratio": NaN,
            "trust_qp": NaN
          }
        ],
        "linear_timing": [
          {
            "assemble_total_time": 0.16704075399320573,
            "assemble_p2p_exchange": 0.0001865000231191516,
            "assemble_hvp_compute": 0.16599500400479883,
            "assemble_extraction": 0.0005119190318509936,
            "assemble_coo_assembly": 0.0003091939724981785,
            "assemble_n_hvps": 7,
            "setop_time": 3.6850105971097946e-06,
            "set_tolerances_time": 2.4239998310804367e-06,
            "pc_setup_time": 0.03857950703240931,
            "solve_time": 0.010088851093314588,
            "linear_total_time": 0.21571522112935781,
            "ksp_its": 2
          },
          {
            "assemble_total_time": 0.006176174967549741,
            "assemble_p2p_exchange": 0.00023282994516193867,
            "assemble_hvp_compute": 0.00408669700846076,
            "assemble_extraction": 0.0008582189911976457,
            "assemble_coo_assembly": 0.0009587398963049054,
            "assemble_n_hvps": 7,
            "setop_time": 4.3460167944431305e-06,
            "set_tolerances_time": 2.825050614774227e-06,
            "pc_setup_time": 0.034689694992266595,
            "solve_time": 0.010004214011132717,
            "linear_total_time": 0.05087725503835827,
            "ksp_its": 2
          },
          {
            "assemble_total_time": 0.004586527938954532,
            "assemble_p2p_exchange": 0.0001677611144259572,
            "assemble_hvp_compute": 0.0034350689966231585,
            "assemble_extraction": 0.0004913370357826352,
            "assemble_coo_assembly": 0.0004601309774443507,
            "assemble_n_hvps": 7,
            "setop_time": 2.884073182940483e-06,
            "set_tolerances_time": 2.20397487282753e-06,
            "pc_setup_time": 0.03694938903208822,
            "solve_time": 0.010778366005979478,
            "linear_total_time": 0.052319371025078,
            "ksp_its": 2
          },
          {
            "assemble_total_time": 0.004807068966329098,
            "assemble_p2p_exchange": 0.000168744008988142,
            "assemble_hvp_compute": 0.003386275959201157,
            "assemble_extraction": 0.00048574910033494234,
            "assemble_coo_assembly": 0.0007312489906325936,
            "assemble_n_hvps": 7,
            "setop_time": 2.7850037440657616e-06,
            "set_tolerances_time": 2.0529842004179955e-06,
            "pc_setup_time": 0.03411463205702603,
            "solve_time": 0.01037973805796355,
            "linear_total_time": 0.04930627706926316,
            "ksp_its": 2
          },
          {
            "assemble_total_time": 0.005419809021987021,
            "assemble_p2p_exchange": 0.00017078605014830828,
            "assemble_hvp_compute": 0.004316231003031135,
            "assemble_extraction": 0.00046774197835475206,
            "assemble_coo_assembly": 0.0004338909639045596,
            "assemble_n_hvps": 7,
            "setop_time": 2.9139919206500053e-06,
            "set_tolerances_time": 2.2940803319215775e-06,
            "pc_setup_time": 0.030739392968825996,
            "solve_time": 0.00967214594129473,
            "linear_total_time": 0.04583655600436032,
            "ksp_its": 2
          },
          {
            "assemble_total_time": 0.005295481998473406,
            "assemble_p2p_exchange": 0.00017370108980685472,
            "assemble_hvp_compute": 0.004170773085206747,
            "assemble_extraction": 0.00048625003546476364,
            "assemble_coo_assembly": 0.0004327589413151145,
            "assemble_n_hvps": 7,
            "setop_time": 2.8240028768777847e-06,
            "set_tolerances_time": 2.043088898062706e-06,
            "pc_setup_time": 0.029963228036649525,
            "solve_time": 0.009720567963086069,
            "linear_total_time": 0.04498414508998394,
            "ksp_its": 2
          },
          {
            "assemble_total_time": 0.004750082967802882,
            "assemble_p2p_exchange": 0.00016854307614266872,
            "assemble_hvp_compute": 0.003761699073947966,
            "assemble_extraction": 0.0004685439635068178,
            "assemble_coo_assembly": 0.00031993992161005735,
            "assemble_n_hvps": 7,
            "setop_time": 2.6740599423646927e-06,
            "set_tolerances_time": 2.0529842004179955e-06,
            "pc_setup_time": 0.030142607050947845,
            "solve_time": 0.00986458407714963,
            "linear_total_time": 0.04476200114004314,
            "ksp_its": 2
          }
        ]
      }
    ],
    "metadata": {
      "profile": "reference",
      "nprocs": 2,
      "nproc_threads": 1,
      "problem": {
        "name": "pLaplace2D"
      },
      "linear_solver": {
        "ksp_type": "cg",
        "pc_type": "hypre",
        "ksp_rtol": 0.1,
        "ksp_max_it": 30,
        "pc_setup_on_ksp_cap": false,
        "gamg_threshold": 0.05,
        "gamg_agg_nsmooths": 1,
        "gamg_set_coordinates": true,
        "reorder": true,
        "hvp_eval_mode": "sfd_local_batched",
        "assembly_mode": "element",
        "element_reorder_mode": "block_xyz",
        "local_hessian_mode": "sfd_local",
        "distribution_strategy": "overlap_allgather",
        "assembler": "PLaplaceReorderedElementAssembler",
        "trust_subproblem_solver": "direct_linear_solve",
        "trust_subproblem_line_search": false
      },
      "newton": {
        "tolf": 0.0001,
        "tolg": 0.001,
        "tolg_rel": 0.001,
        "tolx_rel": 0.001,
        "tolx_abs": 1e-10,
        "maxit": 100,
        "require_all_convergence": true,
        "fail_on_nonfinite": true,
        "linesearch_interval": [
          -0.5,
          2.0
        ],
        "linesearch_tol": 0.1,
        "trust_region": false,
        "trust_radius_init": 1.0,
        "trust_radius_min": 1e-08,
        "trust_radius_max": 1000000.0,
        "trust_subproblem_line_search": false,
        "step_time_limit_s": null
      }
    }
  }
}
