An NVIDIA GPU may be present on this machine, but a CUDA-enabled jaxlib is not installed. Falling back to cpu.
An NVIDIA GPU may be present on this machine, but a CUDA-enabled jaxlib is not installed. Falling back to cpu.
An NVIDIA GPU may be present on this machine, but a CUDA-enabled jaxlib is not installed. Falling back to cpu.
An NVIDIA GPU may be present on this machine, but a CUDA-enabled jaxlib is not installed. Falling back to cpu.
An NVIDIA GPU may be present on this machine, but a CUDA-enabled jaxlib is not installed. Falling back to cpu.
An NVIDIA GPU may be present on this machine, but a CUDA-enabled jaxlib is not installed. Falling back to cpu.
An NVIDIA GPU may be present on this machine, but a CUDA-enabled jaxlib is not installed. Falling back to cpu.
An NVIDIA GPU may be present on this machine, but a CUDA-enabled jaxlib is not installed. Falling back to cpu.
{
  "case": {
    "problem": "plaplace",
    "backend": "element",
    "level": 8,
    "out": "/home/michal/repos/fenics_nonlinear_energies/artifacts/reproduction/2026-03-15_refactor_stage2b_final/full/plaplace_final_suite/jax_petsc_local_sfd_l8_np8.json",
    "quiet": true,
    "save_history": true,
    "save_linear_timing": true,
    "steps": 1,
    "start_step": 1,
    "total_steps": 24,
    "ksp_type": "cg",
    "pc_type": "hypre",
    "ksp_rtol": 0.1,
    "ksp_max_it": 30,
    "profile": "reference",
    "coloring_trials": 10,
    "nproc_threads": 1,
    "hvp_eval_mode": "sequential",
    "element_reorder_mode": "block_xyz",
    "local_hessian_mode": "sfd_local",
    "tolf": 0.0001,
    "tolg": 0.001,
    "tolg_rel": 0.001,
    "tolx_rel": 0.001,
    "tolx_abs": 1e-10,
    "maxit": 100,
    "step_time_limit_s": null,
    "linesearch_a": -0.5,
    "linesearch_b": 2.0,
    "linesearch_tol": 0.1,
    "use_trust_region": false,
    "trust_radius_init": 1.0,
    "trust_radius_min": 1e-08,
    "trust_radius_max": 1000000.0,
    "trust_shrink": 0.5,
    "trust_expand": 1.5,
    "trust_eta_shrink": 0.05,
    "trust_eta_expand": 0.75,
    "trust_max_reject": 6,
    "trust_subproblem_line_search": false,
    "local_coloring": true,
    "retry_on_failure": false,
    "pc_setup_on_ksp_cap": false,
    "use_near_nullspace": true,
    "reorder": null,
    "gamg_threshold": 0.05,
    "gamg_agg_nsmooths": 1,
    "gamg_set_coordinates": true
  },
  "result": {
    "mesh_level": 8,
    "total_dofs": 197633,
    "free_dofs": 195585,
    "setup_time": 1.287754,
    "solve_time_total": 0.853028,
    "total_time": 2.28381,
    "steps": [
      {
        "step": 1,
        "time": 0.853028,
        "nit": 6,
        "linear_iters": 12,
        "energy": -7.959556185025047,
        "message": "Converged (energy, step, gradient)",
        "attempt": "primary",
        "ksp_rtol_used": 0.1,
        "ksp_max_it_used": 30,
        "linesearch_interval_used": [
          -0.5,
          2.0
        ],
        "history": [
          {
            "it": 1,
            "energy": 41.922940849382876,
            "dE": 4134621.0472717155,
            "grad_norm": 111906.51851791042,
            "grad_target": 111.90651851791041,
            "grad_norm_post": NaN,
            "alpha": 1.9569476828142078,
            "ksp_its": 2,
            "ls_evals": 9,
            "ls_repaired": false,
            "used_gradient_fallback": false,
            "accepted_step": true,
            "step_norm": 246.24395672298408,
            "step_rel": 0.9630885995504246,
            "pred_reduction": NaN,
            "actual_reduction": NaN,
            "trust_rejects": 0,
            "t_grad": 0.0025711319176480174,
            "t_hess": 0.26242161402478814,
            "t_ls": 0.02523806702811271,
            "t_update": 2.7291011065244675e-05,
            "t_iter": 0.2903405469842255,
            "trust_radius": 1.0,
            "trust_ratio": NaN,
            "trust_qp": NaN
          },
          {
            "it": 2,
            "energy": -5.529630302950261,
            "dE": 47.452571152333135,
            "grad_norm": 51.89175424330165,
            "grad_target": 111.90651851791041,
            "grad_norm_post": NaN,
            "alpha": 1.8176274578121059,
            "ksp_its": 2,
            "ls_evals": 9,
            "ls_repaired": false,
            "used_gradient_fallback": false,
            "accepted_step": true,
            "step_norm": 195.7911437206856,
            "step_rel": 19.800929745369874,
            "pred_reduction": NaN,
            "actual_reduction": NaN,
            "trust_rejects": 0,
            "t_grad": 0.002603880944661796,
            "t_hess": 0.08665896800812334,
            "t_ls": 0.024276982992887497,
            "t_update": 2.840207889676094e-05,
            "t_iter": 0.11364283598959446,
            "trust_radius": 1.0,
            "trust_ratio": NaN,
            "trust_qp": NaN
          },
          {
            "it": 3,
            "energy": -7.583763293858164,
            "dE": 2.0541329909079025,
            "grad_norm": 7.992155350631495,
            "grad_target": 111.90651851791041,
            "grad_norm_post": NaN,
            "alpha": 0.7233922046847389,
            "ksp_its": 2,
            "ls_evals": 9,
            "ls_repaired": false,
            "used_gradient_fallback": false,
            "accepted_step": true,
            "step_norm": 38.45958175960126,
            "step_rel": 0.20549087236377198,
            "pred_reduction": NaN,
            "actual_reduction": NaN,
            "trust_rejects": 0,
            "t_grad": 0.002509118989109993,
            "t_hess": 0.09114560694433749,
            "t_ls": 0.024223231943324208,
            "t_update": 2.490798942744732e-05,
            "t_iter": 0.11798056203406304,
            "trust_radius": 1.0,
            "trust_ratio": NaN,
            "trust_qp": NaN
          },
          {
            "it": 4,
            "energy": -7.956785886211483,
            "dE": 0.373022592353319,
            "grad_norm": 2.995723239495482,
            "grad_target": 111.90651851791041,
            "grad_norm_post": NaN,
            "alpha": 1.1742419234321102,
            "ksp_its": 2,
            "ls_evals": 9,
            "ls_repaired": false,
            "used_gradient_fallback": false,
            "accepted_step": true,
            "step_norm": 14.877223687369346,
            "step_rel": 0.06689503891947202,
            "pred_reduction": NaN,
            "actual_reduction": NaN,
            "trust_rejects": 0,
            "t_grad": 0.0025129549903795123,
            "t_hess": 0.08286845497786999,
            "t_ls": 0.023768128943629563,
            "t_update": 2.6130001060664654e-05,
            "t_iter": 0.1092523520346731,
            "trust_radius": 1.0,
            "trust_ratio": NaN,
            "trust_qp": NaN
          },
          {
            "it": 5,
            "energy": -7.959532068883788,
            "dE": 0.0027461826723049754,
            "grad_norm": 0.2298727328705443,
            "grad_target": 111.90651851791041,
            "grad_norm_post": NaN,
            "alpha": 1.0552482453194671,
            "ksp_its": 2,
            "ls_evals": 9,
            "ls_repaired": false,
            "used_gradient_fallback": false,
            "accepted_step": true,
            "step_norm": 0.22660204903329637,
            "step_rel": 0.0010911916862911045,
            "pred_reduction": NaN,
            "actual_reduction": NaN,
            "trust_rejects": 0,
            "t_grad": 0.002546906005591154,
            "t_hess": 0.08185340103227645,
            "t_ls": 0.024460999062284827,
            "t_update": 2.6660040020942688e-05,
            "t_iter": 0.10896503098774701,
            "trust_radius": 1.0,
            "trust_ratio": NaN,
            "trust_qp": NaN
          },
          {
            "it": 6,
            "energy": -7.959556185025047,
            "dE": 2.411614125907846e-05,
            "grad_norm": 0.015489779062164165,
            "grad_target": 111.90651851791041,
            "grad_norm_post": 0.0011012442396723344,
            "alpha": 1.088137289060528,
            "ksp_its": 2,
            "ls_evals": 9,
            "ls_repaired": false,
            "used_gradient_fallback": false,
            "accepted_step": true,
            "step_norm": 0.034333174685633835,
            "step_rel": 0.00016519686537062381,
            "pred_reduction": NaN,
            "actual_reduction": NaN,
            "trust_rejects": 0,
            "t_grad": 0.0028107110410928726,
            "t_hess": 0.08134128095116466,
            "t_ls": 0.023473846027627587,
            "t_update": 2.686993684619665e-05,
            "t_iter": 0.10772921505849808,
            "trust_radius": 1.0,
            "trust_ratio": NaN,
            "trust_qp": NaN
          }
        ],
        "linear_timing": [
          {
            "assemble_total_time": 0.1853439579717815,
            "assemble_p2p_exchange": 0.0007941829971969128,
            "assemble_hvp_compute": 0.17702213895972818,
            "assemble_extraction": 0.0008616839768365026,
            "assemble_coo_assembly": 0.006589086027815938,
            "assemble_n_hvps": 7,
            "setop_time": 3.6549754440784454e-06,
            "set_tolerances_time": 2.242974005639553e-06,
            "pc_setup_time": 0.05970892996992916,
            "solve_time": 0.01724963798187673,
            "linear_total_time": 0.2623084238730371,
            "ksp_its": 2
          },
          {
            "assemble_total_time": 0.01487111602909863,
            "assemble_p2p_exchange": 0.0007006520172581077,
            "assemble_hvp_compute": 0.011411549989134073,
            "assemble_extraction": 0.001172791002318263,
            "assemble_coo_assembly": 0.0015097579453140497,
            "assemble_n_hvps": 7,
            "setop_time": 3.1640520319342613e-06,
            "set_tolerances_time": 2.4029286578297615e-06,
            "pc_setup_time": 0.0543922750512138,
            "solve_time": 0.017282137065194547,
            "linear_total_time": 0.08655109512619674,
            "ksp_its": 2
          },
          {
            "assemble_total_time": 0.015152649022638798,
            "assemble_p2p_exchange": 0.0006014821119606495,
            "assemble_hvp_compute": 0.011567133944481611,
            "assemble_extraction": 0.0010501469951123,
            "assemble_coo_assembly": 0.0018644799711182714,
            "assemble_n_hvps": 7,
            "setop_time": 3.034016117453575e-06,
            "set_tolerances_time": 2.2139865905046463e-06,
            "pc_setup_time": 0.05780477006919682,
            "solve_time": 0.01808299997355789,
            "linear_total_time": 0.09104566706810147,
            "ksp_its": 2
          },
          {
            "assemble_total_time": 0.014563704025931656,
            "assemble_p2p_exchange": 0.0005601410521194339,
            "assemble_hvp_compute": 0.011639572097919881,
            "assemble_extraction": 0.0010416549630463123,
            "assemble_coo_assembly": 0.0012490159133449197,
            "assemble_n_hvps": 7,
            "setop_time": 2.8939684852957726e-06,
            "set_tolerances_time": 2.20397487282753e-06,
            "pc_setup_time": 0.051609906018711627,
            "solve_time": 0.016586171928793192,
            "linear_total_time": 0.0827648799167946,
            "ksp_its": 2
          },
          {
            "assemble_total_time": 0.014361480018123984,
            "assemble_p2p_exchange": 0.0005984589224681258,
            "assemble_hvp_compute": 0.0116197329480201,
            "assemble_extraction": 0.0010424059582874179,
            "assemble_coo_assembly": 0.0010256110690534115,
            "assemble_n_hvps": 7,
            "setop_time": 2.9240036383271217e-06,
            "set_tolerances_time": 2.162996679544449e-06,
            "pc_setup_time": 0.05080537695903331,
            "solve_time": 0.01657386403530836,
            "linear_total_time": 0.08174580801278353,
            "ksp_its": 2
          },
          {
            "assemble_total_time": 0.014901331043802202,
            "assemble_p2p_exchange": 0.0007029051193967462,
            "assemble_hvp_compute": 0.011713542975485325,
            "assemble_extraction": 0.0011293459683656693,
            "assemble_coo_assembly": 0.001288164989091456,
            "assemble_n_hvps": 7,
            "setop_time": 3.0139926820993423e-06,
            "set_tolerances_time": 2.0029256120324135e-06,
            "pc_setup_time": 0.049808349926024675,
            "solve_time": 0.01652860501781106,
            "linear_total_time": 0.08124330290593207,
            "ksp_its": 2
          }
        ]
      }
    ],
    "metadata": {
      "profile": "reference",
      "nprocs": 8,
      "nproc_threads": 1,
      "problem": {
        "name": "pLaplace2D"
      },
      "linear_solver": {
        "ksp_type": "cg",
        "pc_type": "hypre",
        "ksp_rtol": 0.1,
        "ksp_max_it": 30,
        "pc_setup_on_ksp_cap": false,
        "gamg_threshold": 0.05,
        "gamg_agg_nsmooths": 1,
        "gamg_set_coordinates": true,
        "reorder": true,
        "hvp_eval_mode": "sfd_local_batched",
        "assembly_mode": "element",
        "element_reorder_mode": "block_xyz",
        "local_hessian_mode": "sfd_local",
        "distribution_strategy": "overlap_allgather",
        "assembler": "PLaplaceReorderedElementAssembler",
        "trust_subproblem_solver": "direct_linear_solve",
        "trust_subproblem_line_search": false
      },
      "newton": {
        "tolf": 0.0001,
        "tolg": 0.001,
        "tolg_rel": 0.001,
        "tolx_rel": 0.001,
        "tolx_abs": 1e-10,
        "maxit": 100,
        "require_all_convergence": true,
        "fail_on_nonfinite": true,
        "linesearch_interval": [
          -0.5,
          2.0
        ],
        "linesearch_tol": 0.1,
        "trust_region": false,
        "trust_radius_init": 1.0,
        "trust_radius_min": 1e-08,
        "trust_radius_max": 1000000.0,
        "trust_subproblem_line_search": false,
        "step_time_limit_s": null
      }
    }
  }
}
