An NVIDIA GPU may be present on this machine, but a CUDA-enabled jaxlib is not installed. Falling back to cpu.
An NVIDIA GPU may be present on this machine, but a CUDA-enabled jaxlib is not installed. Falling back to cpu.
An NVIDIA GPU may be present on this machine, but a CUDA-enabled jaxlib is not installed. Falling back to cpu.
An NVIDIA GPU may be present on this machine, but a CUDA-enabled jaxlib is not installed. Falling back to cpu.
{
  "case": {
    "problem": "plaplace",
    "backend": "element",
    "level": 9,
    "out": "/home/michal/repos/fenics_nonlinear_energies/artifacts/reproduction/2026-03-15_refactor_stage2b_final/full/plaplace_final_suite/jax_petsc_element_l9_np4.json",
    "quiet": true,
    "save_history": true,
    "save_linear_timing": true,
    "steps": 1,
    "start_step": 1,
    "total_steps": 24,
    "ksp_type": "cg",
    "pc_type": "hypre",
    "ksp_rtol": 0.1,
    "ksp_max_it": 30,
    "profile": "reference",
    "coloring_trials": 10,
    "nproc_threads": 1,
    "hvp_eval_mode": "sequential",
    "element_reorder_mode": "block_xyz",
    "local_hessian_mode": "element",
    "tolf": 0.0001,
    "tolg": 0.001,
    "tolg_rel": 0.001,
    "tolx_rel": 0.001,
    "tolx_abs": 1e-10,
    "maxit": 100,
    "step_time_limit_s": null,
    "linesearch_a": -0.5,
    "linesearch_b": 2.0,
    "linesearch_tol": 0.1,
    "use_trust_region": false,
    "trust_radius_init": 1.0,
    "trust_radius_min": 1e-08,
    "trust_radius_max": 1000000.0,
    "trust_shrink": 0.5,
    "trust_expand": 1.5,
    "trust_eta_shrink": 0.05,
    "trust_eta_expand": 0.75,
    "trust_max_reject": 6,
    "trust_subproblem_line_search": false,
    "local_coloring": true,
    "retry_on_failure": false,
    "pc_setup_on_ksp_cap": false,
    "use_near_nullspace": true,
    "reorder": null,
    "gamg_threshold": 0.05,
    "gamg_agg_nsmooths": 1,
    "gamg_set_coordinates": true
  },
  "result": {
    "mesh_level": 9,
    "total_dofs": 788481,
    "free_dofs": 784385,
    "setup_time": 3.872361,
    "solve_time_total": 3.828116,
    "total_time": 8.093533,
    "steps": [
      {
        "step": 1,
        "time": 3.828116,
        "nit": 6,
        "linear_iters": 11,
        "energy": -7.960004891477544,
        "message": "Converged (energy, step, gradient)",
        "attempt": "primary",
        "ksp_rtol_used": 0.1,
        "ksp_max_it_used": 30,
        "linesearch_interval_used": [
          -0.5,
          2.0
        ],
        "history": [
          {
            "it": 1,
            "energy": 331.3698487202246,
            "dE": 33077101.512514565,
            "grad_norm": 448769.78662755055,
            "grad_target": 448.76978662755056,
            "grad_norm_post": NaN,
            "alpha": 1.9569476828142078,
            "ksp_its": 2,
            "ls_evals": 9,
            "ls_repaired": false,
            "used_gradient_fallback": false,
            "accepted_step": true,
            "step_norm": 483.5883917568578,
            "step_rel": 0.9453112494882379,
            "pred_reduction": NaN,
            "actual_reduction": NaN,
            "trust_rejects": 0,
            "t_grad": 0.0135856659617275,
            "t_hess": 0.5639258869923651,
            "t_ls": 0.11429718800354749,
            "t_update": 0.00011209794320166111,
            "t_iter": 0.6921384159941226,
            "trust_radius": 1.0,
            "trust_ratio": NaN,
            "trust_qp": NaN
          },
          {
            "it": 2,
            "energy": -4.968031644915813,
            "dE": 336.3378803651404,
            "grad_norm": 208.09349947165884,
            "grad_target": 448.76978662755056,
            "grad_norm_post": NaN,
            "alpha": 1.9569476828142078,
            "ksp_its": 2,
            "ls_evals": 9,
            "ls_repaired": false,
            "used_gradient_fallback": false,
            "accepted_step": true,
            "step_norm": 226.56219064964432,
            "step_rel": 7.410628525835568,
            "pred_reduction": NaN,
            "actual_reduction": NaN,
            "trust_rejects": 0,
            "t_grad": 0.012893948005512357,
            "t_hess": 0.5347930119605735,
            "t_ls": 0.11170524696353823,
            "t_update": 0.00012505799531936646,
            "t_iter": 0.6597170550376177,
            "trust_radius": 1.0,
            "trust_ratio": NaN,
            "trust_qp": NaN
          },
          {
            "it": 3,
            "energy": -7.544087299559524,
            "dE": 2.576055654643711,
            "grad_norm": 2.316393778729645,
            "grad_target": 448.76978662755056,
            "grad_norm_post": NaN,
            "alpha": 0.41186271093947224,
            "ksp_its": 1,
            "ls_evals": 9,
            "ls_repaired": false,
            "used_gradient_fallback": false,
            "accepted_step": true,
            "step_norm": 171.84927824511811,
            "step_rel": 0.8665688059384012,
            "pred_reduction": NaN,
            "actual_reduction": NaN,
            "trust_rejects": 0,
            "t_grad": 0.013109210995025933,
            "t_hess": 0.5092215919867158,
            "t_ls": 0.10976579505950212,
            "t_update": 0.00011308002285659313,
            "t_iter": 0.6324301899876446,
            "trust_radius": 1.0,
            "trust_ratio": NaN,
            "trust_qp": NaN
          },
          {
            "it": 4,
            "energy": -7.95241225449916,
            "dE": 0.40832495493963616,
            "grad_norm": 2.27210406223031,
            "grad_target": 448.76978662755056,
            "grad_norm_post": NaN,
            "alpha": 0.9488170640584248,
            "ksp_its": 2,
            "ls_evals": 9,
            "ls_repaired": false,
            "used_gradient_fallback": false,
            "accepted_step": true,
            "step_norm": 52.84039253520431,
            "step_rel": 0.1434198144753261,
            "pred_reduction": NaN,
            "actual_reduction": NaN,
            "trust_rejects": 0,
            "t_grad": 0.012510312953963876,
            "t_hess": 0.49088351300451905,
            "t_ls": 0.11113673390354961,
            "t_update": 0.00011168804485350847,
            "t_iter": 0.6148559170542285,
            "trust_radius": 1.0,
            "trust_ratio": NaN,
            "trust_qp": NaN
          },
          {
            "it": 5,
            "energy": -7.959968528351059,
            "dE": 0.0075562738518986095,
            "grad_norm": 0.2953174755402458,
            "grad_target": 448.76978662755056,
            "grad_norm_post": NaN,
            "alpha": 1.0552482453194671,
            "ksp_its": 2,
            "ls_evals": 9,
            "ls_repaired": false,
            "used_gradient_fallback": false,
            "accepted_step": true,
            "step_norm": 5.453382084439783,
            "step_rel": 0.012958390922868438,
            "pred_reduction": NaN,
            "actual_reduction": NaN,
            "trust_rejects": 0,
            "t_grad": 0.012860366958193481,
            "t_hess": 0.4767112680710852,
            "t_ls": 0.1119213430210948,
            "t_update": 0.00011119700502604246,
            "t_iter": 0.60179094504565,
            "trust_radius": 1.0,
            "trust_ratio": NaN,
            "trust_qp": NaN
          },
          {
            "it": 6,
            "energy": -7.960004891477544,
            "dE": 3.6363126485028374e-05,
            "grad_norm": 0.017842844456704195,
            "grad_target": 448.76978662755056,
            "grad_norm_post": 0.0018515298131817767,
            "alpha": 1.088137289060528,
            "ksp_its": 2,
            "ls_evals": 9,
            "ls_repaired": false,
            "used_gradient_fallback": false,
            "accepted_step": true,
            "step_norm": 0.17048186284336486,
            "step_rel": 0.00041032316989465047,
            "pred_reduction": NaN,
            "actual_reduction": NaN,
            "trust_rejects": 0,
            "t_grad": 0.012724473956041038,
            "t_hess": 0.47404413402546197,
            "t_ls": 0.11186904401984066,
            "t_update": 0.00011144694872200489,
            "t_iter": 0.5989765309495851,
            "trust_radius": 1.0,
            "trust_ratio": NaN,
            "trust_qp": NaN
          }
        ],
        "linear_timing": [
          {
            "assemble_total_time": 0.07511179696302861,
            "assemble_p2p_exchange": 0.0032234491081908345,
            "assemble_hvp_compute": 0.018322268035262823,
            "assemble_extraction": 0.04608482902403921,
            "assemble_coo_assembly": 0.007217845995910466,
            "assemble_n_hvps": 0,
            "setop_time": 3.545079380273819e-06,
            "set_tolerances_time": 3.2049138098955154e-06,
            "pc_setup_time": 0.3723082559881732,
            "solve_time": 0.11616739502642304,
            "linear_total_time": 0.563594197970815,
            "ksp_its": 2
          },
          {
            "assemble_total_time": 0.07581596390809864,
            "assemble_p2p_exchange": 0.0033053519437089562,
            "assemble_hvp_compute": 0.019055709009990096,
            "assemble_extraction": 0.04400976293254644,
            "assemble_coo_assembly": 0.008804037934169173,
            "assemble_n_hvps": 0,
            "setop_time": 3.885012120008469e-06,
            "set_tolerances_time": 3.294902853667736e-06,
            "pc_setup_time": 0.34243934508413076,
            "solve_time": 0.11620657402090728,
            "linear_total_time": 0.5344690629281104,
            "ksp_its": 2
          },
          {
            "assemble_total_time": 0.07486094196792692,
            "assemble_p2p_exchange": 0.0028796240221709013,
            "assemble_hvp_compute": 0.016160723054781556,
            "assemble_extraction": 0.04863857291638851,
            "assemble_coo_assembly": 0.005895470967516303,
            "assemble_n_hvps": 0,
            "setop_time": 8.993083611130714e-06,
            "set_tolerances_time": 8.202041499316692e-06,
            "pc_setup_time": 0.3547465129522607,
            "solve_time": 0.07924820797052234,
            "linear_total_time": 0.5088728580158204,
            "ksp_its": 1
          },
          {
            "assemble_total_time": 0.07526472699828446,
            "assemble_p2p_exchange": 0.0026506800204515457,
            "assemble_hvp_compute": 0.018499564030207694,
            "assemble_extraction": 0.04798264894634485,
            "assemble_coo_assembly": 0.005854460061527789,
            "assemble_n_hvps": 0,
            "setop_time": 2.043088898062706e-06,
            "set_tolerances_time": 2.3730099201202393e-06,
            "pc_setup_time": 0.30306751700118184,
            "solve_time": 0.11222606897354126,
            "linear_total_time": 0.49056272907182574,
            "ksp_its": 2
          },
          {
            "assemble_total_time": 0.07378470594994724,
            "assemble_p2p_exchange": 0.002870340016670525,
            "assemble_hvp_compute": 0.01675380300730467,
            "assemble_extraction": 0.046214121975935996,
            "assemble_coo_assembly": 0.006359496968798339,
            "assemble_n_hvps": 0,
            "setop_time": 9.244075044989586e-06,
            "set_tolerances_time": 6.6999346017837524e-06,
            "pc_setup_time": 0.28982797102071345,
            "solve_time": 0.11275315110106021,
            "linear_total_time": 0.47638177208136767,
            "ksp_its": 2
          },
          {
            "assemble_total_time": 0.07520566997118294,
            "assemble_p2p_exchange": 0.002652051975019276,
            "assemble_hvp_compute": 0.015506410039961338,
            "assemble_extraction": 0.04077733098529279,
            "assemble_coo_assembly": 0.016036316053941846,
            "assemble_n_hvps": 0,
            "setop_time": 2.9640505090355873e-06,
            "set_tolerances_time": 2.7940841391682625e-06,
            "pc_setup_time": 0.28598622395657003,
            "solve_time": 0.11245182901620865,
            "linear_total_time": 0.4736494810786098,
            "ksp_its": 2
          }
        ]
      }
    ],
    "metadata": {
      "profile": "reference",
      "nprocs": 4,
      "nproc_threads": 1,
      "problem": {
        "name": "pLaplace2D"
      },
      "linear_solver": {
        "ksp_type": "cg",
        "pc_type": "hypre",
        "ksp_rtol": 0.1,
        "ksp_max_it": 30,
        "pc_setup_on_ksp_cap": false,
        "gamg_threshold": 0.05,
        "gamg_agg_nsmooths": 1,
        "gamg_set_coordinates": true,
        "reorder": true,
        "hvp_eval_mode": "element_overlap",
        "assembly_mode": "element",
        "element_reorder_mode": "block_xyz",
        "local_hessian_mode": "element",
        "distribution_strategy": "overlap_allgather",
        "assembler": "PLaplaceReorderedElementAssembler",
        "trust_subproblem_solver": "direct_linear_solve",
        "trust_subproblem_line_search": false
      },
      "newton": {
        "tolf": 0.0001,
        "tolg": 0.001,
        "tolg_rel": 0.001,
        "tolx_rel": 0.001,
        "tolx_abs": 1e-10,
        "maxit": 100,
        "require_all_convergence": true,
        "fail_on_nonfinite": true,
        "linesearch_interval": [
          -0.5,
          2.0
        ],
        "linesearch_tol": 0.1,
        "trust_region": false,
        "trust_radius_init": 1.0,
        "trust_radius_min": 1e-08,
        "trust_radius_max": 1000000.0,
        "trust_subproblem_line_search": false,
        "step_time_limit_s": null
      }
    }
  }
}
