An NVIDIA GPU may be present on this machine, but a CUDA-enabled jaxlib is not installed. Falling back to cpu.
An NVIDIA GPU may be present on this machine, but a CUDA-enabled jaxlib is not installed. Falling back to cpu.
An NVIDIA GPU may be present on this machine, but a CUDA-enabled jaxlib is not installed. Falling back to cpu.
An NVIDIA GPU may be present on this machine, but a CUDA-enabled jaxlib is not installed. Falling back to cpu.
An NVIDIA GPU may be present on this machine, but a CUDA-enabled jaxlib is not installed. Falling back to cpu.
An NVIDIA GPU may be present on this machine, but a CUDA-enabled jaxlib is not installed. Falling back to cpu.
An NVIDIA GPU may be present on this machine, but a CUDA-enabled jaxlib is not installed. Falling back to cpu.
An NVIDIA GPU may be present on this machine, but a CUDA-enabled jaxlib is not installed. Falling back to cpu.
{
  "case": {
    "problem": "plaplace",
    "backend": "element",
    "level": 8,
    "out": "/home/michal/repos/fenics_nonlinear_energies/artifacts/reproduction/2026-03-15_refactor_stage2b_final/full/plaplace_final_suite/jax_petsc_element_l8_np8.json",
    "quiet": true,
    "save_history": true,
    "save_linear_timing": true,
    "steps": 1,
    "start_step": 1,
    "total_steps": 24,
    "ksp_type": "cg",
    "pc_type": "hypre",
    "ksp_rtol": 0.1,
    "ksp_max_it": 30,
    "profile": "reference",
    "coloring_trials": 10,
    "nproc_threads": 1,
    "hvp_eval_mode": "sequential",
    "element_reorder_mode": "block_xyz",
    "local_hessian_mode": "element",
    "tolf": 0.0001,
    "tolg": 0.001,
    "tolg_rel": 0.001,
    "tolx_rel": 0.001,
    "tolx_abs": 1e-10,
    "maxit": 100,
    "step_time_limit_s": null,
    "linesearch_a": -0.5,
    "linesearch_b": 2.0,
    "linesearch_tol": 0.1,
    "use_trust_region": false,
    "trust_radius_init": 1.0,
    "trust_radius_min": 1e-08,
    "trust_radius_max": 1000000.0,
    "trust_shrink": 0.5,
    "trust_expand": 1.5,
    "trust_eta_shrink": 0.05,
    "trust_eta_expand": 0.75,
    "trust_max_reject": 6,
    "trust_subproblem_line_search": false,
    "local_coloring": true,
    "retry_on_failure": false,
    "pc_setup_on_ksp_cap": false,
    "use_near_nullspace": true,
    "reorder": null,
    "gamg_threshold": 0.05,
    "gamg_agg_nsmooths": 1,
    "gamg_set_coordinates": true
  },
  "result": {
    "mesh_level": 8,
    "total_dofs": 197633,
    "free_dofs": 195585,
    "setup_time": 0.910421,
    "solve_time_total": 0.675887,
    "total_time": 1.738175,
    "steps": [
      {
        "step": 1,
        "time": 0.675887,
        "nit": 6,
        "linear_iters": 12,
        "energy": -7.959556185025047,
        "message": "Converged (energy, step, gradient)",
        "attempt": "primary",
        "ksp_rtol_used": 0.1,
        "ksp_max_it_used": 30,
        "linesearch_interval_used": [
          -0.5,
          2.0
        ],
        "history": [
          {
            "it": 1,
            "energy": 41.92294084938251,
            "dE": 4134621.0472717155,
            "grad_norm": 111906.51851791042,
            "grad_target": 111.90651851791041,
            "grad_norm_post": NaN,
            "alpha": 1.9569476828142078,
            "ksp_its": 2,
            "ls_evals": 9,
            "ls_repaired": false,
            "used_gradient_fallback": false,
            "accepted_step": true,
            "step_norm": 246.24395672298658,
            "step_rel": 0.9630885995504344,
            "pred_reduction": NaN,
            "actual_reduction": NaN,
            "trust_rejects": 0,
            "t_grad": 0.0025023960042744875,
            "t_hess": 0.09036640904378146,
            "t_ls": 0.02447835193015635,
            "t_update": 2.332497388124466e-05,
            "t_iter": 0.11745677201543003,
            "trust_radius": 1.0,
            "trust_ratio": NaN,
            "trust_qp": NaN
          },
          {
            "it": 2,
            "energy": -5.529630302950132,
            "dE": 47.452571152332645,
            "grad_norm": 51.89175424330153,
            "grad_target": 111.90651851791041,
            "grad_norm_post": NaN,
            "alpha": 1.8176274578121059,
            "ksp_its": 2,
            "ls_evals": 9,
            "ls_repaired": false,
            "used_gradient_fallback": false,
            "accepted_step": true,
            "step_norm": 195.79114372068742,
            "step_rel": 19.800929745375804,
            "pred_reduction": NaN,
            "actual_reduction": NaN,
            "trust_rejects": 0,
            "t_grad": 0.0025724410079419613,
            "t_hess": 0.08614247001241893,
            "t_ls": 0.02423872204963118,
            "t_update": 2.7291011065244675e-05,
            "t_iter": 0.11305746797006577,
            "trust_radius": 1.0,
            "trust_ratio": NaN,
            "trust_qp": NaN
          },
          {
            "it": 3,
            "energy": -7.583763293858153,
            "dE": 2.0541329909080215,
            "grad_norm": 7.992155350631984,
            "grad_target": 111.90651851791041,
            "grad_norm_post": NaN,
            "alpha": 0.7233922046847389,
            "ksp_its": 2,
            "ls_evals": 9,
            "ls_repaired": false,
            "used_gradient_fallback": false,
            "accepted_step": true,
            "step_norm": 38.45958175959571,
            "step_rel": 0.20549087236373625,
            "pred_reduction": NaN,
            "actual_reduction": NaN,
            "trust_rejects": 0,
            "t_grad": 0.0027252609143033624,
            "t_hess": 0.08912911207880825,
            "t_ls": 0.023981135920621455,
            "t_update": 2.691103145480156e-05,
            "t_iter": 0.11593766091391444,
            "trust_radius": 1.0,
            "trust_ratio": NaN,
            "trust_qp": NaN
          },
          {
            "it": 4,
            "energy": -7.956785886211482,
            "dE": 0.3730225923533288,
            "grad_norm": 2.9957232394956104,
            "grad_target": 111.90651851791041,
            "grad_norm_post": NaN,
            "alpha": 1.1742419234321102,
            "ksp_its": 2,
            "ls_evals": 9,
            "ls_repaired": false,
            "used_gradient_fallback": false,
            "accepted_step": true,
            "step_norm": 14.877223687368797,
            "step_rel": 0.0668950389194697,
            "pred_reduction": NaN,
            "actual_reduction": NaN,
            "trust_rejects": 0,
            "t_grad": 0.0025008140364661813,
            "t_hess": 0.08201825898140669,
            "t_ls": 0.024548486922867596,
            "t_update": 2.584792673587799e-05,
            "t_iter": 0.1091688919113949,
            "trust_radius": 1.0,
            "trust_ratio": NaN,
            "trust_qp": NaN
          },
          {
            "it": 5,
            "energy": -7.959532068883787,
            "dE": 0.0027461826723049754,
            "grad_norm": 0.22987273287056306,
            "grad_target": 111.90651851791041,
            "grad_norm_post": NaN,
            "alpha": 1.0552482453194671,
            "ksp_its": 2,
            "ls_evals": 9,
            "ls_repaired": false,
            "used_gradient_fallback": false,
            "accepted_step": true,
            "step_norm": 0.22660204903327602,
            "step_rel": 0.0010911916862910065,
            "pred_reduction": NaN,
            "actual_reduction": NaN,
            "trust_rejects": 0,
            "t_grad": 0.0028394119581207633,
            "t_hess": 0.0814149739453569,
            "t_ls": 0.02418826601933688,
            "t_update": 2.7360976673662663e-05,
            "t_iter": 0.10854573699180037,
            "trust_radius": 1.0,
            "trust_ratio": NaN,
            "trust_qp": NaN
          },
          {
            "it": 6,
            "energy": -7.959556185025047,
            "dE": 2.411614125996664e-05,
            "grad_norm": 0.01548977906216504,
            "grad_target": 111.90651851791041,
            "grad_norm_post": 0.0011012442396724556,
            "alpha": 1.088137289060528,
            "ksp_its": 2,
            "ls_evals": 9,
            "ls_repaired": false,
            "used_gradient_fallback": false,
            "accepted_step": true,
            "step_norm": 0.03433317468563895,
            "step_rel": 0.0001651968653706484,
            "pred_reduction": NaN,
            "actual_reduction": NaN,
            "trust_rejects": 0,
            "t_grad": 0.002544789924286306,
            "t_hess": 0.08004887297283858,
            "t_ls": 0.0239123220089823,
            "t_update": 2.4436041712760925e-05,
            "t_iter": 0.10660755704157054,
            "trust_radius": 1.0,
            "trust_ratio": NaN,
            "trust_qp": NaN
          }
        ],
        "linear_timing": [
          {
            "assemble_total_time": 0.014196058036759496,
            "assemble_p2p_exchange": 0.0006321680266410112,
            "assemble_hvp_compute": 0.0031520508928224444,
            "assemble_extraction": 0.00941118597984314,
            "assemble_coo_assembly": 0.0009115180000662804,
            "assemble_n_hvps": 0,
            "setop_time": 3.9460137486457825e-06,
            "set_tolerances_time": 3.0640512704849243e-06,
            "pc_setup_time": 0.05884210206568241,
            "solve_time": 0.017204303992912173,
            "linear_total_time": 0.09024947416037321,
            "ksp_its": 2
          },
          {
            "assemble_total_time": 0.014778723008930683,
            "assemble_p2p_exchange": 0.0005553839728236198,
            "assemble_hvp_compute": 0.002846954041160643,
            "assemble_extraction": 0.009570855996571481,
            "assemble_coo_assembly": 0.001730959047563374,
            "assemble_n_hvps": 0,
            "setop_time": 3.4150434657931328e-06,
            "set_tolerances_time": 2.9350630939006805e-06,
            "pc_setup_time": 0.05401668802369386,
            "solve_time": 0.017233908060006797,
            "linear_total_time": 0.08603566919919103,
            "ksp_its": 2
          },
          {
            "assemble_total_time": 0.013666784041561186,
            "assemble_p2p_exchange": 0.0005863808328285813,
            "assemble_hvp_compute": 0.004207646008580923,
            "assemble_extraction": 0.00801247707568109,
            "assemble_coo_assembly": 0.0007882029749453068,
            "assemble_n_hvps": 0,
            "setop_time": 2.7240021154284477e-06,
            "set_tolerances_time": 2.603977918624878e-06,
            "pc_setup_time": 0.057505844975821674,
            "solve_time": 0.017854328965768218,
            "linear_total_time": 0.08903228596318513,
            "ksp_its": 2
          },
          {
            "assemble_total_time": 0.013735656975768507,
            "assemble_p2p_exchange": 0.0006028249626979232,
            "assemble_hvp_compute": 0.0028628569561988115,
            "assemble_extraction": 0.008782752905972302,
            "assemble_coo_assembly": 0.0014207731001079082,
            "assemble_n_hvps": 0,
            "setop_time": 2.6440247893333435e-06,
            "set_tolerances_time": 2.683955244719982e-06,
            "pc_setup_time": 0.05147602502256632,
            "solve_time": 0.016701519023627043,
            "linear_total_time": 0.08191852900199592,
            "ksp_its": 2
          },
          {
            "assemble_total_time": 0.013875447097234428,
            "assemble_p2p_exchange": 0.0006004410097375512,
            "assemble_hvp_compute": 0.003169377101585269,
            "assemble_extraction": 0.008746617939323187,
            "assemble_coo_assembly": 0.0012809729669243097,
            "assemble_n_hvps": 0,
            "setop_time": 2.9150396585464478e-06,
            "set_tolerances_time": 2.53401231020689e-06,
            "pc_setup_time": 0.050798378069885075,
            "solve_time": 0.01663623098284006,
            "linear_total_time": 0.08131550520192832,
            "ksp_its": 2
          },
          {
            "assemble_total_time": 0.013691039988771081,
            "assemble_p2p_exchange": 0.0006013431120663881,
            "assemble_hvp_compute": 0.0029807440005242825,
            "assemble_extraction": 0.00870662892702967,
            "assemble_coo_assembly": 0.0013352540554478765,
            "assemble_n_hvps": 0,
            "setop_time": 2.212938852608204e-06,
            "set_tolerances_time": 2.6939669623970985e-06,
            "pc_setup_time": 0.04969840799458325,
            "solve_time": 0.016554278088733554,
            "linear_total_time": 0.07994863297790289,
            "ksp_its": 2
          }
        ]
      }
    ],
    "metadata": {
      "profile": "reference",
      "nprocs": 8,
      "nproc_threads": 1,
      "problem": {
        "name": "pLaplace2D"
      },
      "linear_solver": {
        "ksp_type": "cg",
        "pc_type": "hypre",
        "ksp_rtol": 0.1,
        "ksp_max_it": 30,
        "pc_setup_on_ksp_cap": false,
        "gamg_threshold": 0.05,
        "gamg_agg_nsmooths": 1,
        "gamg_set_coordinates": true,
        "reorder": true,
        "hvp_eval_mode": "element_overlap",
        "assembly_mode": "element",
        "element_reorder_mode": "block_xyz",
        "local_hessian_mode": "element",
        "distribution_strategy": "overlap_allgather",
        "assembler": "PLaplaceReorderedElementAssembler",
        "trust_subproblem_solver": "direct_linear_solve",
        "trust_subproblem_line_search": false
      },
      "newton": {
        "tolf": 0.0001,
        "tolg": 0.001,
        "tolg_rel": 0.001,
        "tolx_rel": 0.001,
        "tolx_abs": 1e-10,
        "maxit": 100,
        "require_all_convergence": true,
        "fail_on_nonfinite": true,
        "linesearch_interval": [
          -0.5,
          2.0
        ],
        "linesearch_tol": 0.1,
        "trust_region": false,
        "trust_radius_init": 1.0,
        "trust_radius_min": 1e-08,
        "trust_radius_max": 1000000.0,
        "trust_subproblem_line_search": false,
        "step_time_limit_s": null
      }
    }
  }
}
