An NVIDIA GPU may be present on this machine, but a CUDA-enabled jaxlib is not installed. Falling back to cpu.
An NVIDIA GPU may be present on this machine, but a CUDA-enabled jaxlib is not installed. Falling back to cpu.
An NVIDIA GPU may be present on this machine, but a CUDA-enabled jaxlib is not installed. Falling back to cpu.
An NVIDIA GPU may be present on this machine, but a CUDA-enabled jaxlib is not installed. Falling back to cpu.
{
  "case": {
    "problem": "plaplace",
    "backend": "element",
    "level": 9,
    "out": "/home/michal/repos/fenics_nonlinear_energies/artifacts/reproduction/2026-03-15_refactor_stage2b_final/full/plaplace_final_suite/jax_petsc_local_sfd_l9_np4.json",
    "quiet": true,
    "save_history": true,
    "save_linear_timing": true,
    "steps": 1,
    "start_step": 1,
    "total_steps": 24,
    "ksp_type": "cg",
    "pc_type": "hypre",
    "ksp_rtol": 0.1,
    "ksp_max_it": 30,
    "profile": "reference",
    "coloring_trials": 10,
    "nproc_threads": 1,
    "hvp_eval_mode": "sequential",
    "element_reorder_mode": "block_xyz",
    "local_hessian_mode": "sfd_local",
    "tolf": 0.0001,
    "tolg": 0.001,
    "tolg_rel": 0.001,
    "tolx_rel": 0.001,
    "tolx_abs": 1e-10,
    "maxit": 100,
    "step_time_limit_s": null,
    "linesearch_a": -0.5,
    "linesearch_b": 2.0,
    "linesearch_tol": 0.1,
    "use_trust_region": false,
    "trust_radius_init": 1.0,
    "trust_radius_min": 1e-08,
    "trust_radius_max": 1000000.0,
    "trust_shrink": 0.5,
    "trust_expand": 1.5,
    "trust_eta_shrink": 0.05,
    "trust_eta_expand": 0.75,
    "trust_max_reject": 6,
    "trust_subproblem_line_search": false,
    "local_coloring": true,
    "retry_on_failure": false,
    "pc_setup_on_ksp_cap": false,
    "use_near_nullspace": true,
    "reorder": null,
    "gamg_threshold": 0.05,
    "gamg_agg_nsmooths": 1,
    "gamg_set_coordinates": true
  },
  "result": {
    "mesh_level": 9,
    "total_dofs": 788481,
    "free_dofs": 784385,
    "setup_time": 4.87295,
    "solve_time_total": 4.226363,
    "total_time": 9.47889,
    "steps": [
      {
        "step": 1,
        "time": 4.226363,
        "nit": 6,
        "linear_iters": 11,
        "energy": -7.960004891477544,
        "message": "Converged (energy, step, gradient)",
        "attempt": "primary",
        "ksp_rtol_used": 0.1,
        "ksp_max_it_used": 30,
        "linesearch_interval_used": [
          -0.5,
          2.0
        ],
        "history": [
          {
            "it": 1,
            "energy": 331.36984872022595,
            "dE": 33077101.512514565,
            "grad_norm": 448769.78662755055,
            "grad_target": 448.76978662755056,
            "grad_norm_post": NaN,
            "alpha": 1.9569476828142078,
            "ksp_its": 2,
            "ls_evals": 9,
            "ls_repaired": false,
            "used_gradient_fallback": false,
            "accepted_step": true,
            "step_norm": 483.58839175685466,
            "step_rel": 0.9453112494882318,
            "pred_reduction": NaN,
            "actual_reduction": NaN,
            "trust_rejects": 0,
            "t_grad": 0.012539376970380545,
            "t_hess": 0.9252400520490482,
            "t_ls": 0.11288761300966144,
            "t_update": 0.00011184799950569868,
            "t_iter": 1.0510067830327898,
            "trust_radius": 1.0,
            "trust_ratio": NaN,
            "trust_qp": NaN
          },
          {
            "it": 2,
            "energy": -4.968031644915735,
            "dE": 336.3378803651417,
            "grad_norm": 208.09349947165938,
            "grad_target": 448.76978662755056,
            "grad_norm_post": NaN,
            "alpha": 1.9569476828142078,
            "ksp_its": 2,
            "ls_evals": 9,
            "ls_repaired": false,
            "used_gradient_fallback": false,
            "accepted_step": true,
            "step_norm": 226.5621906496436,
            "step_rel": 7.410628525834672,
            "pred_reduction": NaN,
            "actual_reduction": NaN,
            "trust_rejects": 0,
            "t_grad": 0.013383255107328296,
            "t_hess": 0.5441094189882278,
            "t_ls": 0.11125131498556584,
            "t_update": 0.00011396198533475399,
            "t_iter": 0.6690832190215588,
            "trust_radius": 1.0,
            "trust_ratio": NaN,
            "trust_qp": NaN
          },
          {
            "it": 3,
            "energy": -7.544087299559504,
            "dE": 2.5760556546437687,
            "grad_norm": 2.3163937787295503,
            "grad_target": 448.76978662755056,
            "grad_norm_post": NaN,
            "alpha": 0.41186271093947224,
            "ksp_its": 1,
            "ls_evals": 9,
            "ls_repaired": false,
            "used_gradient_fallback": false,
            "accepted_step": true,
            "step_norm": 171.84927824512394,
            "step_rel": 0.8665688059384477,
            "pred_reduction": NaN,
            "actual_reduction": NaN,
            "trust_rejects": 0,
            "t_grad": 0.013246078975498676,
            "t_hess": 0.5189340809592977,
            "t_ls": 0.1099230800755322,
            "t_update": 0.00011308002285659313,
            "t_iter": 0.6424483580049127,
            "trust_radius": 1.0,
            "trust_ratio": NaN,
            "trust_qp": NaN
          },
          {
            "it": 4,
            "energy": -7.95241225449916,
            "dE": 0.4083249549396566,
            "grad_norm": 2.272104062230458,
            "grad_target": 448.76978662755056,
            "grad_norm_post": NaN,
            "alpha": 0.9488170640584248,
            "ksp_its": 2,
            "ls_evals": 9,
            "ls_repaired": false,
            "used_gradient_fallback": false,
            "accepted_step": true,
            "step_norm": 52.840392535203044,
            "step_rel": 0.14341981447532193,
            "pred_reduction": NaN,
            "actual_reduction": NaN,
            "trust_rejects": 0,
            "t_grad": 0.012645566021092236,
            "t_hess": 0.4992793370038271,
            "t_ls": 0.11011234496254474,
            "t_update": 0.00011352996807545424,
            "t_iter": 0.6223725620657206,
            "trust_radius": 1.0,
            "trust_ratio": NaN,
            "trust_qp": NaN
          },
          {
            "it": 5,
            "energy": -7.959968528351059,
            "dE": 0.0075562738518986095,
            "grad_norm": 0.2953174755402653,
            "grad_target": 448.76978662755056,
            "grad_norm_post": NaN,
            "alpha": 1.0552482453194671,
            "ksp_its": 2,
            "ls_evals": 9,
            "ls_repaired": false,
            "used_gradient_fallback": false,
            "accepted_step": true,
            "step_norm": 5.453382084440298,
            "step_rel": 0.012958390922869647,
            "pred_reduction": NaN,
            "actual_reduction": NaN,
            "trust_rejects": 0,
            "t_grad": 0.012739217025227845,
            "t_hess": 0.4885001149959862,
            "t_ls": 0.11179483297746629,
            "t_update": 0.00011319003533571959,
            "t_iter": 0.613362969015725,
            "trust_radius": 1.0,
            "trust_ratio": NaN,
            "trust_qp": NaN
          },
          {
            "it": 6,
            "energy": -7.960004891477544,
            "dE": 3.6363126485028374e-05,
            "grad_norm": 0.01784284445670079,
            "grad_target": 448.76978662755056,
            "grad_norm_post": 0.0018515298131815037,
            "alpha": 1.088137289060528,
            "ksp_its": 2,
            "ls_evals": 9,
            "ls_repaired": false,
            "used_gradient_fallback": false,
            "accepted_step": true,
            "step_norm": 0.1704818628433892,
            "step_rel": 0.00041032316989470907,
            "pred_reduction": NaN,
            "actual_reduction": NaN,
            "trust_rejects": 0,
            "t_grad": 0.012721330975182354,
            "t_hess": 0.4804670379962772,
            "t_ls": 0.11164994502905756,
            "t_update": 0.00010915403254330158,
            "t_iter": 0.6051595869939774,
            "trust_radius": 1.0,
            "trust_ratio": NaN,
            "trust_qp": NaN
          }
        ],
        "linear_timing": [
          {
            "assemble_total_time": 0.44507010700181127,
            "assemble_p2p_exchange": 0.0025794549146667123,
            "assemble_hvp_compute": 0.43047227803617716,
            "assemble_extraction": 0.006547106080688536,
            "assemble_coo_assembly": 0.005204377928748727,
            "assemble_n_hvps": 8,
            "setop_time": 3.3150427043437958e-06,
            "set_tolerances_time": 2.4440232664346695e-06,
            "pc_setup_time": 0.36384664196521044,
            "solve_time": 0.1159358920995146,
            "linear_total_time": 0.9248584001325071,
            "ksp_its": 2
          },
          {
            "assemble_total_time": 0.08630865602754056,
            "assemble_p2p_exchange": 0.0031908340752124786,
            "assemble_hvp_compute": 0.06943082099314779,
            "assemble_extraction": 0.007043691002763808,
            "assemble_coo_assembly": 0.006361817009747028,
            "assemble_n_hvps": 8,
            "setop_time": 3.6050332710146904e-06,
            "set_tolerances_time": 2.5329645723104477e-06,
            "pc_setup_time": 0.3407194600440562,
            "solve_time": 0.11672154406551272,
            "linear_total_time": 0.5437557981349528,
            "ksp_its": 2
          },
          {
            "assemble_total_time": 0.08657811000011861,
            "assemble_p2p_exchange": 0.002772283973172307,
            "assemble_hvp_compute": 0.0676633360562846,
            "assemble_extraction": 0.008957647019997239,
            "assemble_coo_assembly": 0.006924713030457497,
            "assemble_n_hvps": 8,
            "setop_time": 2.903980202972889e-06,
            "set_tolerances_time": 2.254033461213112e-06,
            "pc_setup_time": 0.3532308660214767,
            "solve_time": 0.07876497297547758,
            "linear_total_time": 0.5185791070107371,
            "ksp_its": 1
          },
          {
            "assemble_total_time": 0.08675025904085487,
            "assemble_p2p_exchange": 0.0027934659738093615,
            "assemble_hvp_compute": 0.06737433292437345,
            "assemble_extraction": 0.00829173601232469,
            "assemble_coo_assembly": 0.00806820101570338,
            "assemble_n_hvps": 8,
            "setop_time": 2.7640489861369133e-06,
            "set_tolerances_time": 2.242974005639553e-06,
            "pc_setup_time": 0.30098246689885855,
            "solve_time": 0.11124981404282153,
            "linear_total_time": 0.4989875470055267,
            "ksp_its": 2
          },
          {
            "assemble_total_time": 0.08602153498213738,
            "assemble_p2p_exchange": 0.0027970620431005955,
            "assemble_hvp_compute": 0.0682264220668003,
            "assemble_extraction": 0.007884924998506904,
            "assemble_coo_assembly": 0.006836459971964359,
            "assemble_n_hvps": 8,
            "setop_time": 2.803979441523552e-06,
            "set_tolerances_time": 2.2640451788902283e-06,
            "pc_setup_time": 0.2899206599686295,
            "solve_time": 0.11222229595296085,
            "linear_total_time": 0.4881695589283481,
            "ksp_its": 2
          },
          {
            "assemble_total_time": 0.08561507402919233,
            "assemble_p2p_exchange": 0.0028009889647364616,
            "assemble_hvp_compute": 0.06643338000867516,
            "assemble_extraction": 0.008573709987103939,
            "assemble_coo_assembly": 0.007502189953811467,
            "assemble_n_hvps": 8,
            "setop_time": 2.7440255507826805e-06,
            "set_tolerances_time": 2.154032699763775e-06,
            "pc_setup_time": 0.28106807195581496,
            "solve_time": 0.11344439105596393,
            "linear_total_time": 0.48013243509922177,
            "ksp_its": 2
          }
        ]
      }
    ],
    "metadata": {
      "profile": "reference",
      "nprocs": 4,
      "nproc_threads": 1,
      "problem": {
        "name": "pLaplace2D"
      },
      "linear_solver": {
        "ksp_type": "cg",
        "pc_type": "hypre",
        "ksp_rtol": 0.1,
        "ksp_max_it": 30,
        "pc_setup_on_ksp_cap": false,
        "gamg_threshold": 0.05,
        "gamg_agg_nsmooths": 1,
        "gamg_set_coordinates": true,
        "reorder": true,
        "hvp_eval_mode": "sfd_local_batched",
        "assembly_mode": "element",
        "element_reorder_mode": "block_xyz",
        "local_hessian_mode": "sfd_local",
        "distribution_strategy": "overlap_allgather",
        "assembler": "PLaplaceReorderedElementAssembler",
        "trust_subproblem_solver": "direct_linear_solve",
        "trust_subproblem_line_search": false
      },
      "newton": {
        "tolf": 0.0001,
        "tolg": 0.001,
        "tolg_rel": 0.001,
        "tolx_rel": 0.001,
        "tolx_abs": 1e-10,
        "maxit": 100,
        "require_all_convergence": true,
        "fail_on_nonfinite": true,
        "linesearch_interval": [
          -0.5,
          2.0
        ],
        "linesearch_tol": 0.1,
        "trust_region": false,
        "trust_radius_init": 1.0,
        "trust_radius_min": 1e-08,
        "trust_radius_max": 1000000.0,
        "trust_subproblem_line_search": false,
        "step_time_limit_s": null
      }
    }
  }
}
