An NVIDIA GPU may be present on this machine, but a CUDA-enabled jaxlib is not installed. Falling back to cpu.
{
  "case": {
    "problem": "plaplace",
    "backend": "element",
    "level": 8,
    "out": "/home/michal/repos/fenics_nonlinear_energies/artifacts/reproduction/2026-03-15_refactor_stage2b_final/full/plaplace_final_suite/jax_petsc_local_sfd_l8_np1.json",
    "quiet": true,
    "save_history": true,
    "save_linear_timing": true,
    "steps": 1,
    "start_step": 1,
    "total_steps": 24,
    "ksp_type": "cg",
    "pc_type": "hypre",
    "ksp_rtol": 0.1,
    "ksp_max_it": 30,
    "profile": "reference",
    "coloring_trials": 10,
    "nproc_threads": 1,
    "hvp_eval_mode": "sequential",
    "element_reorder_mode": "block_xyz",
    "local_hessian_mode": "sfd_local",
    "tolf": 0.0001,
    "tolg": 0.001,
    "tolg_rel": 0.001,
    "tolx_rel": 0.001,
    "tolx_abs": 1e-10,
    "maxit": 100,
    "step_time_limit_s": null,
    "linesearch_a": -0.5,
    "linesearch_b": 2.0,
    "linesearch_tol": 0.1,
    "use_trust_region": false,
    "trust_radius_init": 1.0,
    "trust_radius_min": 1e-08,
    "trust_radius_max": 1000000.0,
    "trust_shrink": 0.5,
    "trust_expand": 1.5,
    "trust_eta_shrink": 0.05,
    "trust_eta_expand": 0.75,
    "trust_max_reject": 6,
    "trust_subproblem_line_search": false,
    "local_coloring": true,
    "retry_on_failure": false,
    "pc_setup_on_ksp_cap": false,
    "use_near_nullspace": true,
    "reorder": null,
    "gamg_threshold": 0.05,
    "gamg_agg_nsmooths": 1,
    "gamg_set_coordinates": true
  },
  "result": {
    "mesh_level": 8,
    "total_dofs": 197633,
    "free_dofs": 195585,
    "setup_time": 3.224407,
    "solve_time_total": 2.723852,
    "total_time": 6.075547,
    "steps": [
      {
        "step": 1,
        "time": 2.723852,
        "nit": 6,
        "linear_iters": 12,
        "energy": -7.95955618995357,
        "message": "Converged (energy, step, gradient)",
        "attempt": "primary",
        "ksp_rtol_used": 0.1,
        "ksp_max_it_used": 30,
        "linesearch_interval_used": [
          -0.5,
          2.0
        ],
        "history": [
          {
            "it": 1,
            "energy": 41.88532108822849,
            "dE": 4134621.084891476,
            "grad_norm": 111906.5185179104,
            "grad_target": 111.9065185179104,
            "grad_norm_post": NaN,
            "alpha": 1.9569476828142078,
            "ksp_its": 2,
            "ls_evals": 9,
            "ls_repaired": false,
            "used_gradient_fallback": false,
            "accepted_step": true,
            "step_norm": 246.67374114946102,
            "step_rel": 0.964769536158627,
            "pred_reduction": NaN,
            "actual_reduction": NaN,
            "trust_rejects": 0,
            "t_grad": 0.005180169944651425,
            "t_hess": 0.6880549880443141,
            "t_ls": 0.07970062992535532,
            "t_update": 5.413091275840998e-05,
            "t_iter": 0.7730580620700493,
            "trust_radius": 1.0,
            "trust_ratio": NaN,
            "trust_qp": NaN
          },
          {
            "it": 2,
            "energy": -5.513350910803159,
            "dE": 47.39867199903165,
            "grad_norm": 51.88797712100738,
            "grad_target": 111.9065185179104,
            "grad_norm_post": NaN,
            "alpha": 1.8176274578121059,
            "ksp_its": 2,
            "ls_evals": 9,
            "ls_repaired": false,
            "used_gradient_fallback": false,
            "accepted_step": true,
            "step_norm": 195.2432817187543,
            "step_rel": 20.791105432133776,
            "pred_reduction": NaN,
            "actual_reduction": NaN,
            "trust_rejects": 0,
            "t_grad": 0.005389624973759055,
            "t_hess": 0.3370034560794011,
            "t_ls": 0.07772224897053093,
            "t_update": 5.4601929150521755e-05,
            "t_iter": 0.4202334569999948,
            "trust_radius": 1.0,
            "trust_ratio": NaN,
            "trust_qp": NaN
          },
          {
            "it": 3,
            "energy": -7.579611358271658,
            "dE": 2.0662604474684994,
            "grad_norm": 8.097798329345775,
            "grad_target": 111.9065185179104,
            "grad_norm_post": NaN,
            "alpha": 0.7233922046847389,
            "ksp_its": 2,
            "ls_evals": 9,
            "ls_repaired": false,
            "used_gradient_fallback": false,
            "accepted_step": true,
            "step_norm": 38.226720028600944,
            "step_rel": 0.20407432046925317,
            "pred_reduction": NaN,
            "actual_reduction": NaN,
            "trust_rejects": 0,
            "t_grad": 0.006294803926721215,
            "t_hess": 0.34524803899694234,
            "t_ls": 0.0761233379598707,
            "t_update": 5.28598902747035e-05,
            "t_iter": 0.42778259504120797,
            "trust_radius": 1.0,
            "trust_ratio": NaN,
            "trust_qp": NaN
          },
          {
            "it": 4,
            "energy": -7.956696258026675,
            "dE": 0.37708489975501625,
            "grad_norm": 3.0409967475025823,
            "grad_target": 111.9065185179104,
            "grad_norm_post": NaN,
            "alpha": 1.1742419234321102,
            "ksp_its": 2,
            "ls_evals": 9,
            "ls_repaired": false,
            "used_gradient_fallback": false,
            "accepted_step": true,
            "step_norm": 14.7917339583023,
            "step_rel": 0.06653086311184402,
            "pred_reduction": NaN,
            "actual_reduction": NaN,
            "trust_rejects": 0,
            "t_grad": 0.0053657389944419265,
            "t_hess": 0.29218884103465825,
            "t_ls": 0.07811560900881886,
            "t_update": 5.1166978664696217e-05,
            "t_iter": 0.3757817369187251,
            "trust_radius": 1.0,
            "trust_ratio": NaN,
            "trust_qp": NaN
          },
          {
            "it": 5,
            "energy": -7.959532363764621,
            "dE": 0.0028361057379466814,
            "grad_norm": 0.23866613142328216,
            "grad_target": 111.9065185179104,
            "grad_norm_post": NaN,
            "alpha": 1.0552482453194671,
            "ksp_its": 2,
            "ls_evals": 9,
            "ls_repaired": false,
            "used_gradient_fallback": false,
            "accepted_step": true,
            "step_norm": 0.21069131353814247,
            "step_rel": 0.0010144904420675885,
            "pred_reduction": NaN,
            "actual_reduction": NaN,
            "trust_rejects": 0,
            "t_grad": 0.005250065005384386,
            "t_hess": 0.27698842296376824,
            "t_ls": 0.0768310409039259,
            "t_update": 5.0897011533379555e-05,
            "t_iter": 0.3591850120574236,
            "trust_radius": 1.0,
            "trust_ratio": NaN,
            "trust_qp": NaN
          },
          {
            "it": 6,
            "energy": -7.95955618995357,
            "dE": 2.3826188948916638e-05,
            "grad_norm": 0.015491945533407141,
            "grad_target": 111.9065185179104,
            "grad_norm_post": 0.0010673047165091678,
            "alpha": 1.088137289060528,
            "ksp_its": 2,
            "ls_evals": 9,
            "ls_repaired": false,
            "used_gradient_fallback": false,
            "accepted_step": true,
            "step_norm": 0.034702719953388673,
            "step_rel": 0.00016697503857346108,
            "pred_reduction": NaN,
            "actual_reduction": NaN,
            "trust_rejects": 0,
            "t_grad": 0.005497686914168298,
            "t_hess": 0.2701979340054095,
            "t_ls": 0.07962784194387496,
            "t_update": 5.17780426889658e-05,
            "t_iter": 0.3554408299969509,
            "trust_radius": 1.0,
            "trust_ratio": NaN,
            "trust_qp": NaN
          }
        ],
        "linear_timing": [
          {
            "assemble_total_time": 0.3801421240204945,
            "assemble_p2p_exchange": 0.0008865608833730221,
            "assemble_hvp_compute": 0.3713424069574103,
            "assemble_extraction": 0.003673797007650137,
            "assemble_coo_assembly": 0.004127779044210911,
            "assemble_n_hvps": 7,
            "setop_time": 7.180962711572647e-06,
            "set_tolerances_time": 2.6639318093657494e-06,
            "pc_setup_time": 0.2380265339743346,
            "solve_time": 0.06972512800712138,
            "linear_total_time": 0.6879036308964714,
            "ksp_its": 2
          },
          {
            "assemble_total_time": 0.04192694905214012,
            "assemble_p2p_exchange": 0.0017416860209777951,
            "assemble_hvp_compute": 0.031436182907782495,
            "assemble_extraction": 0.004167909035459161,
            "assemble_coo_assembly": 0.004474318935535848,
            "assemble_n_hvps": 7,
            "setop_time": 3.1139934435486794e-06,
            "set_tolerances_time": 2.603977918624878e-06,
            "pc_setup_time": 0.22509457194246352,
            "solve_time": 0.06980823399499059,
            "linear_total_time": 0.3368354729609564,
            "ksp_its": 2
          },
          {
            "assemble_total_time": 0.04069250507745892,
            "assemble_p2p_exchange": 0.0008977190591394901,
            "assemble_hvp_compute": 0.03136538702528924,
            "assemble_extraction": 0.003676361055113375,
            "assemble_coo_assembly": 0.004649863112717867,
            "assemble_n_hvps": 7,
            "setop_time": 2.6240013539791107e-06,
            "set_tolerances_time": 1.9829021766781807e-06,
            "pc_setup_time": 0.23036121402401477,
            "solve_time": 0.07404660794418305,
            "linear_total_time": 0.3451049339491874,
            "ksp_its": 2
          },
          {
            "assemble_total_time": 0.040212524007074535,
            "assemble_p2p_exchange": 0.0011062310077250004,
            "assemble_hvp_compute": 0.03122129093389958,
            "assemble_extraction": 0.0036583750043064356,
            "assemble_coo_assembly": 0.004130103043280542,
            "assemble_n_hvps": 7,
            "setop_time": 2.803979441523552e-06,
            "set_tolerances_time": 2.023065462708473e-06,
            "pc_setup_time": 0.18677716597449034,
            "solve_time": 0.06503908999729902,
            "linear_total_time": 0.2920336070237681,
            "ksp_its": 2
          },
          {
            "assemble_total_time": 0.039446984068490565,
            "assemble_p2p_exchange": 0.0009139518951997161,
            "assemble_hvp_compute": 0.03035116393584758,
            "assemble_extraction": 0.003952085040509701,
            "assemble_coo_assembly": 0.004125114995986223,
            "assemble_n_hvps": 7,
            "setop_time": 2.8640497475862503e-06,
            "set_tolerances_time": 2.1440209820866585e-06,
            "pc_setup_time": 0.17309618892613798,
            "solve_time": 0.06429533404298127,
            "linear_total_time": 0.2768435151083395,
            "ksp_its": 2
          },
          {
            "assemble_total_time": 0.040149408974684775,
            "assemble_p2p_exchange": 0.0008906280854716897,
            "assemble_hvp_compute": 0.030053706956095994,
            "assemble_extraction": 0.0038169119507074356,
            "assemble_coo_assembly": 0.005283815902657807,
            "assemble_n_hvps": 7,
            "setop_time": 3.0549708753824234e-06,
            "set_tolerances_time": 2.0329607650637627e-06,
            "pc_setup_time": 0.16649759002029896,
            "solve_time": 0.06340249301865697,
            "linear_total_time": 0.27005457994528115,
            "ksp_its": 2
          }
        ]
      }
    ],
    "metadata": {
      "profile": "reference",
      "nprocs": 1,
      "nproc_threads": 1,
      "problem": {
        "name": "pLaplace2D"
      },
      "linear_solver": {
        "ksp_type": "cg",
        "pc_type": "hypre",
        "ksp_rtol": 0.1,
        "ksp_max_it": 30,
        "pc_setup_on_ksp_cap": false,
        "gamg_threshold": 0.05,
        "gamg_agg_nsmooths": 1,
        "gamg_set_coordinates": true,
        "reorder": true,
        "hvp_eval_mode": "sfd_local_batched",
        "assembly_mode": "element",
        "element_reorder_mode": "block_xyz",
        "local_hessian_mode": "sfd_local",
        "distribution_strategy": "overlap_allgather",
        "assembler": "PLaplaceReorderedElementAssembler",
        "trust_subproblem_solver": "direct_linear_solve",
        "trust_subproblem_line_search": false
      },
      "newton": {
        "tolf": 0.0001,
        "tolg": 0.001,
        "tolg_rel": 0.001,
        "tolx_rel": 0.001,
        "tolx_abs": 1e-10,
        "maxit": 100,
        "require_all_convergence": true,
        "fail_on_nonfinite": true,
        "linesearch_interval": [
          -0.5,
          2.0
        ],
        "linesearch_tol": 0.1,
        "trust_region": false,
        "trust_radius_init": 1.0,
        "trust_radius_min": 1e-08,
        "trust_radius_max": 1000000.0,
        "trust_subproblem_line_search": false,
        "step_time_limit_s": null
      }
    }
  }
}
