An NVIDIA GPU may be present on this machine, but a CUDA-enabled jaxlib is not installed. Falling back to cpu.
{
  "case": {
    "problem": "plaplace",
    "backend": "element",
    "level": 9,
    "out": "/home/michal/repos/fenics_nonlinear_energies/artifacts/reproduction/2026-03-15_refactor_stage2b_final/full/plaplace_final_suite/jax_petsc_local_sfd_l9_np1.json",
    "quiet": true,
    "save_history": true,
    "save_linear_timing": true,
    "steps": 1,
    "start_step": 1,
    "total_steps": 24,
    "ksp_type": "cg",
    "pc_type": "hypre",
    "ksp_rtol": 0.1,
    "ksp_max_it": 30,
    "profile": "reference",
    "coloring_trials": 10,
    "nproc_threads": 1,
    "hvp_eval_mode": "sequential",
    "element_reorder_mode": "block_xyz",
    "local_hessian_mode": "sfd_local",
    "tolf": 0.0001,
    "tolg": 0.001,
    "tolg_rel": 0.001,
    "tolx_rel": 0.001,
    "tolx_abs": 1e-10,
    "maxit": 100,
    "step_time_limit_s": null,
    "linesearch_a": -0.5,
    "linesearch_b": 2.0,
    "linesearch_tol": 0.1,
    "use_trust_region": false,
    "trust_radius_init": 1.0,
    "trust_radius_min": 1e-08,
    "trust_radius_max": 1000000.0,
    "trust_shrink": 0.5,
    "trust_expand": 1.5,
    "trust_eta_shrink": 0.05,
    "trust_eta_expand": 0.75,
    "trust_max_reject": 6,
    "trust_subproblem_line_search": false,
    "local_coloring": true,
    "retry_on_failure": false,
    "pc_setup_on_ksp_cap": false,
    "use_near_nullspace": true,
    "reorder": null,
    "gamg_threshold": 0.05,
    "gamg_agg_nsmooths": 1,
    "gamg_set_coordinates": true
  },
  "result": {
    "mesh_level": 9,
    "total_dofs": 788481,
    "free_dofs": 784385,
    "setup_time": 12.888422,
    "solve_time_total": 11.37661,
    "total_time": 24.633117,
    "steps": [
      {
        "step": 1,
        "time": 11.37661,
        "nit": 6,
        "linear_iters": 11,
        "energy": -7.960004375768515,
        "message": "Converged (energy, step, gradient)",
        "attempt": "primary",
        "ksp_rtol_used": 0.1,
        "ksp_max_it_used": 30,
        "linesearch_interval_used": [
          -0.5,
          2.0
        ],
        "history": [
          {
            "it": 1,
            "energy": 331.41850768777584,
            "dE": 33077101.463855598,
            "grad_norm": 448769.7866275505,
            "grad_target": 448.7697866275505,
            "grad_norm_post": NaN,
            "alpha": 1.9569476828142078,
            "ksp_its": 2,
            "ls_evals": 9,
            "ls_repaired": false,
            "used_gradient_fallback": false,
            "accepted_step": true,
            "step_norm": 482.4753792390115,
            "step_rel": 0.9431355495089251,
            "pred_reduction": NaN,
            "actual_reduction": NaN,
            "trust_rejects": 0,
            "t_grad": 0.02588837593793869,
            "t_hess": 2.526893156929873,
            "t_ls": 0.3399494830518961,
            "t_update": 0.00021543307229876518,
            "t_iter": 2.8931060500908643,
            "trust_radius": 1.0,
            "trust_ratio": NaN,
            "trust_qp": NaN
          },
          {
            "it": 2,
            "energy": -4.961754925277464,
            "dE": 336.38026261305333,
            "grad_norm": 208.09362460264077,
            "grad_target": 448.7697866275505,
            "grad_norm_post": NaN,
            "alpha": 1.9569476828142078,
            "ksp_its": 2,
            "ls_evals": 9,
            "ls_repaired": false,
            "used_gradient_fallback": false,
            "accepted_step": true,
            "step_norm": 227.4253457069834,
            "step_rel": 7.121029689283118,
            "pred_reduction": NaN,
            "actual_reduction": NaN,
            "trust_rejects": 0,
            "t_grad": 0.025648135924711823,
            "t_hess": 1.5148852659622207,
            "t_ls": 0.3317223589401692,
            "t_update": 0.00020735093858093023,
            "t_iter": 1.872633496997878,
            "trust_radius": 1.0,
            "trust_ratio": NaN,
            "trust_qp": NaN
          },
          {
            "it": 3,
            "energy": -7.53427023840068,
            "dE": 2.5725153131232155,
            "grad_norm": 2.3173380104185375,
            "grad_target": 448.7697866275505,
            "grad_norm_post": NaN,
            "alpha": 0.41186271093947224,
            "ksp_its": 1,
            "ls_evals": 9,
            "ls_repaired": false,
            "used_gradient_fallback": false,
            "accepted_step": true,
            "step_norm": 173.51385808384225,
            "step_rel": 0.877320620699499,
            "pred_reduction": NaN,
            "actual_reduction": NaN,
            "trust_rejects": 0,
            "t_grad": 0.025190016953274608,
            "t_hess": 1.4107493660412729,
            "t_ls": 0.3300796539988369,
            "t_update": 0.00019055604934692383,
            "t_iter": 1.7663958619814366,
            "trust_radius": 1.0,
            "trust_ratio": NaN,
            "trust_qp": NaN
          },
          {
            "it": 4,
            "energy": -7.95169597375673,
            "dE": 0.41742573535605043,
            "grad_norm": 2.3142328960898455,
            "grad_target": 448.7697866275505,
            "grad_norm_post": NaN,
            "alpha": 0.9488170640584248,
            "ksp_its": 2,
            "ls_evals": 9,
            "ls_repaired": false,
            "used_gradient_fallback": false,
            "accepted_step": true,
            "step_norm": 51.757859547440866,
            "step_rel": 0.14005796883240607,
            "pred_reduction": NaN,
            "actual_reduction": NaN,
            "trust_rejects": 0,
            "t_grad": 0.02531379391439259,
            "t_hess": 1.3175430200062692,
            "t_ls": 0.32999238499905914,
            "t_update": 0.0001923789968714118,
            "t_iter": 1.6732196749653667,
            "trust_radius": 1.0,
            "trust_ratio": NaN,
            "trust_qp": NaN
          },
          {
            "it": 5,
            "energy": -7.959956954766257,
            "dE": 0.00826098100952688,
            "grad_norm": 0.31247521304225784,
            "grad_target": 448.7697866275505,
            "grad_norm_post": NaN,
            "alpha": 1.0552482453194671,
            "ksp_its": 2,
            "ls_evals": 9,
            "ls_repaired": false,
            "used_gradient_fallback": false,
            "accepted_step": true,
            "step_norm": 5.451174641816584,
            "step_rel": 0.01295296152913451,
            "pred_reduction": NaN,
            "actual_reduction": NaN,
            "trust_rejects": 0,
            "t_grad": 0.026489060022868216,
            "t_hess": 1.2159699550829828,
            "t_ls": 0.32875591900665313,
            "t_update": 0.00019554398022592068,
            "t_iter": 1.5715875040041283,
            "trust_radius": 1.0,
            "trust_ratio": NaN,
            "trust_qp": NaN
          },
          {
            "it": 6,
            "energy": -7.960004375768515,
            "dE": 4.742100225740842e-05,
            "grad_norm": 0.019654266331821685,
            "grad_target": 448.7697866275505,
            "grad_norm_post": 0.0021590400444368675,
            "alpha": 1.088137289060528,
            "ksp_its": 2,
            "ls_evals": 9,
            "ls_repaired": false,
            "used_gradient_fallback": false,
            "accepted_step": true,
            "step_norm": 0.16637354091186055,
            "step_rel": 0.0004004234913350272,
            "pred_reduction": NaN,
            "actual_reduction": NaN,
            "trust_rejects": 0,
            "t_grad": 0.02638388203922659,
            "t_hess": 1.1803236479172483,
            "t_ls": 0.3303007330978289,
            "t_update": 0.00019624398555606604,
            "t_iter": 1.5374384380411357,
            "trust_radius": 1.0,
            "trust_ratio": NaN,
            "trust_qp": NaN
          }
        ],
        "linear_timing": [
          {
            "assemble_total_time": 1.2182082330109552,
            "assemble_p2p_exchange": 0.005453221965581179,
            "assemble_hvp_compute": 1.1702969870530069,
            "assemble_extraction": 0.02013640699442476,
            "assemble_coo_assembly": 0.021645192988216877,
            "assemble_n_hvps": 8,
            "setop_time": 3.745080903172493e-06,
            "set_tolerances_time": 3.0640512704849243e-06,
            "pc_setup_time": 1.0064592150738463,
            "solve_time": 0.3017585870111361,
            "linear_total_time": 2.526432844228111,
            "ksp_its": 2
          },
          {
            "assemble_total_time": 0.2420270659495145,
            "assemble_p2p_exchange": 0.005797629011794925,
            "assemble_hvp_compute": 0.192507843952626,
            "assemble_extraction": 0.02008659194689244,
            "assemble_coo_assembly": 0.02296413399744779,
            "assemble_n_hvps": 8,
            "setop_time": 3.6460114642977715e-06,
            "set_tolerances_time": 2.954038791358471e-06,
            "pc_setup_time": 0.9636956789763644,
            "solve_time": 0.30868644604925066,
            "linear_total_time": 1.5144157910253853,
            "ksp_its": 2
          },
          {
            "assemble_total_time": 0.23915627598762512,
            "assemble_p2p_exchange": 0.00540252507198602,
            "assemble_hvp_compute": 0.19144348602276295,
            "assemble_extraction": 0.02006296592298895,
            "assemble_coo_assembly": 0.0215440820902586,
            "assemble_n_hvps": 8,
            "setop_time": 3.195018507540226e-06,
            "set_tolerances_time": 2.895016223192215e-06,
            "pc_setup_time": 0.9620834749657661,
            "solve_time": 0.20903638401068747,
            "linear_total_time": 1.4102822249988094,
            "ksp_its": 1
          },
          {
            "assemble_total_time": 0.239361775922589,
            "assemble_p2p_exchange": 0.004724345984868705,
            "assemble_hvp_compute": 0.1918059919262305,
            "assemble_extraction": 0.019991067936643958,
            "assemble_coo_assembly": 0.02217143401503563,
            "assemble_n_hvps": 8,
            "setop_time": 2.954038791358471e-06,
            "set_tolerances_time": 2.3740576580166817e-06,
            "pc_setup_time": 0.7987187909893692,
            "solve_time": 0.27900245203636587,
            "linear_total_time": 1.3170883470447734,
            "ksp_its": 2
          },
          {
            "assemble_total_time": 0.23958731698803604,
            "assemble_p2p_exchange": 0.004831346916034818,
            "assemble_hvp_compute": 0.193416352965869,
            "assemble_extraction": 0.018590505002066493,
            "assemble_coo_assembly": 0.022063883021473885,
            "assemble_n_hvps": 8,
            "setop_time": 2.7850037440657616e-06,
            "set_tolerances_time": 2.4739420041441917e-06,
            "pc_setup_time": 0.7024574809474871,
            "solve_time": 0.27347400900907815,
            "linear_total_time": 1.2155240658903494,
            "ksp_its": 2
          },
          {
            "assemble_total_time": 0.2387915930012241,
            "assemble_p2p_exchange": 0.0053788808872923255,
            "assemble_hvp_compute": 0.19130646507255733,
            "assemble_extraction": 0.01917210896499455,
            "assemble_coo_assembly": 0.022254297975450754,
            "assemble_n_hvps": 8,
            "setop_time": 3.314926289021969e-06,
            "set_tolerances_time": 2.6940833777189255e-06,
            "pc_setup_time": 0.6625821879133582,
            "solve_time": 0.278473541024141,
            "linear_total_time": 1.17985333094839,
            "ksp_its": 2
          }
        ]
      }
    ],
    "metadata": {
      "profile": "reference",
      "nprocs": 1,
      "nproc_threads": 1,
      "problem": {
        "name": "pLaplace2D"
      },
      "linear_solver": {
        "ksp_type": "cg",
        "pc_type": "hypre",
        "ksp_rtol": 0.1,
        "ksp_max_it": 30,
        "pc_setup_on_ksp_cap": false,
        "gamg_threshold": 0.05,
        "gamg_agg_nsmooths": 1,
        "gamg_set_coordinates": true,
        "reorder": true,
        "hvp_eval_mode": "sfd_local_batched",
        "assembly_mode": "element",
        "element_reorder_mode": "block_xyz",
        "local_hessian_mode": "sfd_local",
        "distribution_strategy": "overlap_allgather",
        "assembler": "PLaplaceReorderedElementAssembler",
        "trust_subproblem_solver": "direct_linear_solve",
        "trust_subproblem_line_search": false
      },
      "newton": {
        "tolf": 0.0001,
        "tolg": 0.001,
        "tolg_rel": 0.001,
        "tolx_rel": 0.001,
        "tolx_abs": 1e-10,
        "maxit": 100,
        "require_all_convergence": true,
        "fail_on_nonfinite": true,
        "linesearch_interval": [
          -0.5,
          2.0
        ],
        "linesearch_tol": 0.1,
        "trust_region": false,
        "trust_radius_init": 1.0,
        "trust_radius_min": 1e-08,
        "trust_radius_max": 1000000.0,
        "trust_subproblem_line_search": false,
        "step_time_limit_s": null
      }
    }
  }
}
