An NVIDIA GPU may be present on this machine, but a CUDA-enabled jaxlib is not installed. Falling back to cpu.
{
  "case": {
    "problem": "plaplace",
    "backend": "element",
    "level": 7,
    "out": "/home/michal/repos/fenics_nonlinear_energies/artifacts/reproduction/2026-03-15_refactor_stage2b_final/full/plaplace_final_suite/jax_petsc_element_l7_np1.json",
    "quiet": true,
    "save_history": true,
    "save_linear_timing": true,
    "steps": 1,
    "start_step": 1,
    "total_steps": 24,
    "ksp_type": "cg",
    "pc_type": "hypre",
    "ksp_rtol": 0.1,
    "ksp_max_it": 30,
    "profile": "reference",
    "coloring_trials": 10,
    "nproc_threads": 1,
    "hvp_eval_mode": "sequential",
    "element_reorder_mode": "block_xyz",
    "local_hessian_mode": "element",
    "tolf": 0.0001,
    "tolg": 0.001,
    "tolg_rel": 0.001,
    "tolx_rel": 0.001,
    "tolx_abs": 1e-10,
    "maxit": 100,
    "step_time_limit_s": null,
    "linesearch_a": -0.5,
    "linesearch_b": 2.0,
    "linesearch_tol": 0.1,
    "use_trust_region": false,
    "trust_radius_init": 1.0,
    "trust_radius_min": 1e-08,
    "trust_radius_max": 1000000.0,
    "trust_shrink": 0.5,
    "trust_expand": 1.5,
    "trust_eta_shrink": 0.05,
    "trust_eta_expand": 0.75,
    "trust_max_reject": 6,
    "trust_subproblem_line_search": false,
    "local_coloring": true,
    "retry_on_failure": false,
    "pc_setup_on_ksp_cap": false,
    "use_near_nullspace": true,
    "reorder": null,
    "gamg_threshold": 0.05,
    "gamg_agg_nsmooths": 1,
    "gamg_set_coordinates": true
  },
  "result": {
    "mesh_level": 7,
    "total_dofs": 49665,
    "free_dofs": 48641,
    "setup_time": 0.752968,
    "solve_time_total": 0.706508,
    "total_time": 1.520958,
    "steps": [
      {
        "step": 1,
        "time": 0.706508,
        "nit": 7,
        "linear_iters": 14,
        "energy": -7.958292393461013,
        "message": "Converged (energy, step, gradient)",
        "attempt": "primary",
        "ksp_rtol_used": 0.1,
        "ksp_max_it_used": 30,
        "linesearch_interval_used": [
          -0.5,
          2.0
        ],
        "history": [
          {
            "it": 1,
            "energy": 5.3840648733366585,
            "dE": 521138.9229780554,
            "grad_norm": 28062.385990695082,
            "grad_target": 28.062385990695084,
            "grad_norm_post": NaN,
            "alpha": 1.9569476828142078,
            "ksp_its": 2,
            "ls_evals": 9,
            "ls_repaired": false,
            "used_gradient_fallback": false,
            "accepted_step": true,
            "step_norm": 125.06128019101331,
            "step_rel": 0.9851447163477419,
            "pred_reduction": NaN,
            "actual_reduction": NaN,
            "trust_rejects": 0,
            "t_grad": 0.001406250987201929,
            "t_hess": 0.0909699109615758,
            "t_ls": 0.02149827394168824,
            "t_update": 1.3379962183535099e-05,
            "t_iter": 0.11392796598374844,
            "trust_radius": 1.0,
            "trust_ratio": NaN,
            "trust_qp": NaN
          },
          {
            "it": 2,
            "energy": -3.9230580953562715,
            "dE": 9.30712296869293,
            "grad_norm": 13.011986036300666,
            "grad_target": 28.062385990695084,
            "grad_norm_post": NaN,
            "alpha": 0.8627124296868427,
            "ksp_its": 2,
            "ls_evals": 9,
            "ls_repaired": false,
            "used_gradient_fallback": false,
            "accepted_step": true,
            "step_norm": 89.17606506241749,
            "step_rel": 41.82534734347489,
            "pred_reduction": NaN,
            "actual_reduction": NaN,
            "trust_rejects": 0,
            "t_grad": 0.001307892962358892,
            "t_hess": 0.0826327899703756,
            "t_ls": 0.021062690066173673,
            "t_update": 1.3951095752418041e-05,
            "t_iter": 0.10505327698774636,
            "trust_radius": 1.0,
            "trust_ratio": NaN,
            "trust_qp": NaN
          },
          {
            "it": 3,
            "energy": -7.347341607958445,
            "dE": 3.424283512602173,
            "grad_norm": 9.356424760177555,
            "grad_target": 28.062385990695084,
            "grad_norm_post": NaN,
            "alpha": 0.8094968390563215,
            "ksp_its": 2,
            "ls_evals": 9,
            "ls_repaired": false,
            "used_gradient_fallback": false,
            "accepted_step": true,
            "step_norm": 24.45749426193683,
            "step_rel": 0.2767907716309476,
            "pred_reduction": NaN,
            "actual_reduction": NaN,
            "trust_rejects": 0,
            "t_grad": 0.001311938976868987,
            "t_hess": 0.08462577091995627,
            "t_ls": 0.020748618990182877,
            "t_update": 1.3299984857439995e-05,
            "t_iter": 0.1067338288994506,
            "trust_radius": 1.0,
            "trust_ratio": NaN,
            "trust_qp": NaN
          },
          {
            "it": 4,
            "energy": -7.927871515996849,
            "dE": 0.5805299080384048,
            "grad_norm": 3.1715876250444435,
            "grad_target": 28.062385990695084,
            "grad_norm_post": NaN,
            "alpha": 1.002032654688946,
            "ksp_its": 2,
            "ls_evals": 9,
            "ls_repaired": false,
            "used_gradient_fallback": false,
            "accepted_step": true,
            "step_norm": 6.6883320820420264,
            "step_rel": 0.059653361708574555,
            "pred_reduction": NaN,
            "actual_reduction": NaN,
            "trust_rejects": 0,
            "t_grad": 0.0013269020710140467,
            "t_hess": 0.07784594595432281,
            "t_ls": 0.020789289032109082,
            "t_update": 1.293898094445467e-05,
            "t_iter": 0.10000860597938299,
            "trust_radius": 1.0,
            "trust_ratio": NaN,
            "trust_qp": NaN
          },
          {
            "it": 5,
            "energy": -7.957650072049221,
            "dE": 0.029778556052371563,
            "grad_norm": 0.6524705392139232,
            "grad_target": 28.062385990695084,
            "grad_norm_post": NaN,
            "alpha": 1.0552482453194671,
            "ksp_its": 2,
            "ls_evals": 9,
            "ls_repaired": false,
            "used_gradient_fallback": false,
            "accepted_step": true,
            "step_norm": 2.152274711923421,
            "step_rel": 0.020304849656713267,
            "pred_reduction": NaN,
            "actual_reduction": NaN,
            "trust_rejects": 0,
            "t_grad": 0.0013031859416514635,
            "t_hess": 0.07033022795803845,
            "t_ls": 0.020670290919952095,
            "t_update": 1.3309996575117111e-05,
            "t_iter": 0.09235103405080736,
            "trust_radius": 1.0,
            "trust_ratio": NaN,
            "trust_qp": NaN
          },
          {
            "it": 6,
            "energy": -7.958284799541071,
            "dE": 0.0006347274918496737,
            "grad_norm": 0.08256462790960709,
            "grad_target": 28.062385990695084,
            "grad_norm_post": NaN,
            "alpha": 1.088137289060528,
            "ksp_its": 2,
            "ls_evals": 9,
            "ls_repaired": false,
            "used_gradient_fallback": false,
            "accepted_step": true,
            "step_norm": 0.06995412267827879,
            "step_rel": 0.0006733058189461386,
            "pred_reduction": NaN,
            "actual_reduction": NaN,
            "trust_rejects": 0,
            "t_grad": 0.0012904061004519463,
            "t_hess": 0.06787535303737968,
            "t_ls": 0.021340767038054764,
            "t_update": 1.4410936273634434e-05,
            "t_iter": 0.09055500896647573,
            "trust_radius": 1.0,
            "trust_ratio": NaN,
            "trust_qp": NaN
          },
          {
            "it": 7,
            "energy": -7.958292393461013,
            "dE": 7.593919942650018e-06,
            "grad_norm": 0.007238552233496888,
            "grad_target": 28.062385990695084,
            "grad_norm_post": 0.00036550511239627904,
            "alpha": 1.0552482453194671,
            "ksp_its": 2,
            "ls_evals": 9,
            "ls_repaired": false,
            "used_gradient_fallback": false,
            "accepted_step": true,
            "step_norm": 0.0066321029961793464,
            "step_rel": 6.383596217267805e-05,
            "pred_reduction": NaN,
            "actual_reduction": NaN,
            "trust_rejects": 0,
            "t_grad": 0.00199556490406394,
            "t_hess": 0.06986449798569083,
            "t_ls": 0.02097444690298289,
            "t_update": 1.355994027107954e-05,
            "t_iter": 0.09288338292390108,
            "trust_radius": 1.0,
            "trust_ratio": NaN,
            "trust_qp": NaN
          }
        ],
        "linear_timing": [
          {
            "assemble_total_time": 0.01267645403277129,
            "assemble_p2p_exchange": 0.00036975613329559565,
            "assemble_hvp_compute": 0.0033951259683817625,
            "assemble_extraction": 0.00730491301510483,
            "assemble_coo_assembly": 0.0015626350650563836,
            "assemble_n_hvps": 0,
            "setop_time": 3.815046511590481e-06,
            "set_tolerances_time": 2.9440270736813545e-06,
            "pc_setup_time": 0.06164352095220238,
            "solve_time": 0.016577358008362353,
            "linear_total_time": 0.0909040920669213,
            "ksp_its": 2
          },
          {
            "assemble_total_time": 0.011525666923262179,
            "assemble_p2p_exchange": 0.00037589401472359896,
            "assemble_hvp_compute": 0.002237778971903026,
            "assemble_extraction": 0.007272843969985843,
            "assemble_coo_assembly": 0.001595134031958878,
            "assemble_n_hvps": 0,
            "setop_time": 3.174995072185993e-06,
            "set_tolerances_time": 2.9440270736813545e-06,
            "pc_setup_time": 0.05459322908427566,
            "solve_time": 0.016455375007353723,
            "linear_total_time": 0.08258039003703743,
            "ksp_its": 2
          },
          {
            "assemble_total_time": 0.00801583006978035,
            "assemble_p2p_exchange": 0.00023447303101420403,
            "assemble_hvp_compute": 0.0021845190785825253,
            "assemble_extraction": 0.005019932985305786,
            "assemble_coo_assembly": 0.0005376869812607765,
            "assemble_n_hvps": 0,
            "setop_time": 2.5440240278840065e-06,
            "set_tolerances_time": 2.874992787837982e-06,
            "pc_setup_time": 0.058644048986025155,
            "solve_time": 0.017912672949023545,
            "linear_total_time": 0.08457797102164477,
            "ksp_its": 2
          },
          {
            "assemble_total_time": 0.008274607942439616,
            "assemble_p2p_exchange": 0.00022543803788721561,
            "assemble_hvp_compute": 0.0021887249313294888,
            "assemble_extraction": 0.0050330329686403275,
            "assemble_coo_assembly": 0.0007881330093368888,
            "assemble_n_hvps": 0,
            "setop_time": 2.4640467017889023e-06,
            "set_tolerances_time": 2.795015461742878e-06,
            "pc_setup_time": 0.05268509592860937,
            "solve_time": 0.016835444956086576,
            "linear_total_time": 0.0778004078892991,
            "ksp_its": 2
          },
          {
            "assemble_total_time": 0.008117772056721151,
            "assemble_p2p_exchange": 0.00022381602320820093,
            "assemble_hvp_compute": 0.0022877230076119304,
            "assemble_extraction": 0.005039723007939756,
            "assemble_coo_assembly": 0.0005277920281514525,
            "assemble_n_hvps": 0,
            "setop_time": 2.3531029000878334e-06,
            "set_tolerances_time": 2.8050271794199944e-06,
            "pc_setup_time": 0.04650211695116013,
            "solve_time": 0.015656055067665875,
            "linear_total_time": 0.07028110220562667,
            "ksp_its": 2
          },
          {
            "assemble_total_time": 0.00820091797504574,
            "assemble_p2p_exchange": 0.0002267700619995594,
            "assemble_hvp_compute": 0.002214682986959815,
            "assemble_extraction": 0.005023799021728337,
            "assemble_coo_assembly": 0.0006916080601513386,
            "assemble_n_hvps": 0,
            "setop_time": 2.634013071656227e-06,
            "set_tolerances_time": 2.6139896363019943e-06,
            "pc_setup_time": 0.04410284699406475,
            "solve_time": 0.015519370906986296,
            "linear_total_time": 0.06782838387880474,
            "ksp_its": 2
          },
          {
            "assemble_total_time": 0.009721559006720781,
            "assemble_p2p_exchange": 0.00023180793505162,
            "assemble_hvp_compute": 0.003653211984783411,
            "assemble_extraction": 0.005110298981890082,
            "assemble_coo_assembly": 0.0006857090629637241,
            "assemble_n_hvps": 0,
            "setop_time": 2.8850045055150986e-06,
            "set_tolerances_time": 2.6338966563344e-06,
            "pc_setup_time": 0.04431563592515886,
            "solve_time": 0.015771408914588392,
            "linear_total_time": 0.06981412274762988,
            "ksp_its": 2
          }
        ]
      }
    ],
    "metadata": {
      "profile": "reference",
      "nprocs": 1,
      "nproc_threads": 1,
      "problem": {
        "name": "pLaplace2D"
      },
      "linear_solver": {
        "ksp_type": "cg",
        "pc_type": "hypre",
        "ksp_rtol": 0.1,
        "ksp_max_it": 30,
        "pc_setup_on_ksp_cap": false,
        "gamg_threshold": 0.05,
        "gamg_agg_nsmooths": 1,
        "gamg_set_coordinates": true,
        "reorder": true,
        "hvp_eval_mode": "element_overlap",
        "assembly_mode": "element",
        "element_reorder_mode": "block_xyz",
        "local_hessian_mode": "element",
        "distribution_strategy": "overlap_allgather",
        "assembler": "PLaplaceReorderedElementAssembler",
        "trust_subproblem_solver": "direct_linear_solve",
        "trust_subproblem_line_search": false
      },
      "newton": {
        "tolf": 0.0001,
        "tolg": 0.001,
        "tolg_rel": 0.001,
        "tolx_rel": 0.001,
        "tolx_abs": 1e-10,
        "maxit": 100,
        "require_all_convergence": true,
        "fail_on_nonfinite": true,
        "linesearch_interval": [
          -0.5,
          2.0
        ],
        "linesearch_tol": 0.1,
        "trust_region": false,
        "trust_radius_init": 1.0,
        "trust_radius_min": 1e-08,
        "trust_radius_max": 1000000.0,
        "trust_subproblem_line_search": false,
        "step_time_limit_s": null
      }
    }
  }
}
