An NVIDIA GPU may be present on this machine, but a CUDA-enabled jaxlib is not installed. Falling back to cpu.
An NVIDIA GPU may be present on this machine, but a CUDA-enabled jaxlib is not installed. Falling back to cpu.
An NVIDIA GPU may be present on this machine, but a CUDA-enabled jaxlib is not installed. Falling back to cpu.
An NVIDIA GPU may be present on this machine, but a CUDA-enabled jaxlib is not installed. Falling back to cpu.
An NVIDIA GPU may be present on this machine, but a CUDA-enabled jaxlib is not installed. Falling back to cpu.
An NVIDIA GPU may be present on this machine, but a CUDA-enabled jaxlib is not installed. Falling back to cpu.
An NVIDIA GPU may be present on this machine, but a CUDA-enabled jaxlib is not installed. Falling back to cpu.
An NVIDIA GPU may be present on this machine, but a CUDA-enabled jaxlib is not installed. Falling back to cpu.
An NVIDIA GPU may be present on this machine, but a CUDA-enabled jaxlib is not installed. Falling back to cpu.
An NVIDIA GPU may be present on this machine, but a CUDA-enabled jaxlib is not installed. Falling back to cpu.
An NVIDIA GPU may be present on this machine, but a CUDA-enabled jaxlib is not installed. Falling back to cpu.
An NVIDIA GPU may be present on this machine, but a CUDA-enabled jaxlib is not installed. Falling back to cpu.
An NVIDIA GPU may be present on this machine, but a CUDA-enabled jaxlib is not installed. Falling back to cpu.
An NVIDIA GPU may be present on this machine, but a CUDA-enabled jaxlib is not installed. Falling back to cpu.
An NVIDIA GPU may be present on this machine, but a CUDA-enabled jaxlib is not installed. Falling back to cpu.
An NVIDIA GPU may be present on this machine, but a CUDA-enabled jaxlib is not installed. Falling back to cpu.
{
  "case": {
    "problem": "plaplace",
    "backend": "element",
    "level": 9,
    "out": "/home/michal/repos/fenics_nonlinear_energies/artifacts/reproduction/2026-03-15_refactor_stage2b_final/full/plaplace_final_suite/jax_petsc_local_sfd_l9_np16.json",
    "quiet": true,
    "save_history": true,
    "save_linear_timing": true,
    "steps": 1,
    "start_step": 1,
    "total_steps": 24,
    "ksp_type": "cg",
    "pc_type": "hypre",
    "ksp_rtol": 0.1,
    "ksp_max_it": 30,
    "profile": "reference",
    "coloring_trials": 10,
    "nproc_threads": 1,
    "hvp_eval_mode": "sequential",
    "element_reorder_mode": "block_xyz",
    "local_hessian_mode": "sfd_local",
    "tolf": 0.0001,
    "tolg": 0.001,
    "tolg_rel": 0.001,
    "tolx_rel": 0.001,
    "tolx_abs": 1e-10,
    "maxit": 100,
    "step_time_limit_s": null,
    "linesearch_a": -0.5,
    "linesearch_b": 2.0,
    "linesearch_tol": 0.1,
    "use_trust_region": false,
    "trust_radius_init": 1.0,
    "trust_radius_min": 1e-08,
    "trust_radius_max": 1000000.0,
    "trust_shrink": 0.5,
    "trust_expand": 1.5,
    "trust_eta_shrink": 0.05,
    "trust_eta_expand": 0.75,
    "trust_max_reject": 6,
    "trust_subproblem_line_search": false,
    "local_coloring": true,
    "retry_on_failure": false,
    "pc_setup_on_ksp_cap": false,
    "use_near_nullspace": true,
    "reorder": null,
    "gamg_threshold": 0.05,
    "gamg_agg_nsmooths": 1,
    "gamg_set_coordinates": true
  },
  "result": {
    "mesh_level": 9,
    "total_dofs": 788481,
    "free_dofs": 784385,
    "setup_time": 3.129423,
    "solve_time_total": 1.757847,
    "total_time": 5.296203,
    "steps": [
      {
        "step": 1,
        "time": 1.757847,
        "nit": 6,
        "linear_iters": 11,
        "energy": -7.9600053383245095,
        "message": "Converged (energy, step, gradient)",
        "attempt": "primary",
        "ksp_rtol_used": 0.1,
        "ksp_max_it_used": 30,
        "linesearch_interval_used": [
          -0.5,
          2.0
        ],
        "history": [
          {
            "it": 1,
            "energy": 331.38236216023927,
            "dE": 33077101.500001125,
            "grad_norm": 448769.78662755055,
            "grad_target": 448.76978662755056,
            "grad_norm_post": NaN,
            "alpha": 1.9569476828142078,
            "ksp_its": 2,
            "ls_evals": 9,
            "ls_repaired": false,
            "used_gradient_fallback": false,
            "accepted_step": true,
            "step_norm": 483.0811374461565,
            "step_rel": 0.9443196764595403,
            "pred_reduction": NaN,
            "actual_reduction": NaN,
            "trust_rejects": 0,
            "t_grad": 0.006855539046227932,
            "t_hess": 0.4115232859039679,
            "t_ls": 0.06325548002496362,
            "t_update": 5.7456083595752716e-05,
            "t_iter": 0.48181634792126715,
            "trust_radius": 1.0,
            "trust_ratio": NaN,
            "trust_qp": NaN
          },
          {
            "it": 2,
            "energy": -4.96550183828492,
            "dE": 336.3478639985242,
            "grad_norm": 208.09940796215662,
            "grad_target": 448.76978662755056,
            "grad_norm_post": NaN,
            "alpha": 1.9569476828142078,
            "ksp_its": 2,
            "ls_evals": 9,
            "ls_repaired": false,
            "used_gradient_fallback": false,
            "accepted_step": true,
            "step_norm": 227.4045768763118,
            "step_rel": 7.259556301083981,
            "pred_reduction": NaN,
            "actual_reduction": NaN,
            "trust_rejects": 0,
            "t_grad": 0.006807978032156825,
            "t_hess": 0.1911294769961387,
            "t_ls": 0.06504108209628612,
            "t_update": 5.571299698203802e-05,
            "t_iter": 0.2631603389745578,
            "trust_radius": 1.0,
            "trust_ratio": NaN,
            "trust_qp": NaN
          },
          {
            "it": 3,
            "energy": -7.538722258169844,
            "dE": 2.5732204198849233,
            "grad_norm": 2.3090482369202388,
            "grad_target": 448.76978662755056,
            "grad_norm_post": NaN,
            "alpha": 0.41186271093947224,
            "ksp_its": 1,
            "ls_evals": 9,
            "ls_repaired": false,
            "used_gradient_fallback": false,
            "accepted_step": true,
            "step_norm": 172.231911468124,
            "step_rel": 0.8692434132549652,
            "pred_reduction": NaN,
            "actual_reduction": NaN,
            "trust_rejects": 0,
            "t_grad": 0.007102871080860496,
            "t_hess": 0.18340628407895565,
            "t_ls": 0.06254051602445543,
            "t_update": 5.889800377190113e-05,
            "t_iter": 0.2532384640071541,
            "trust_radius": 1.0,
            "trust_ratio": NaN,
            "trust_qp": NaN
          },
          {
            "it": 4,
            "energy": -7.952044596016829,
            "dE": 0.413322337846985,
            "grad_norm": 2.2903853219446857,
            "grad_target": 448.76978662755056,
            "grad_norm_post": NaN,
            "alpha": 0.9488170640584248,
            "ksp_its": 2,
            "ls_evals": 9,
            "ls_repaired": false,
            "used_gradient_fallback": false,
            "accepted_step": true,
            "step_norm": 52.72991374670357,
            "step_rel": 0.14304286623683468,
            "pred_reduction": NaN,
            "actual_reduction": NaN,
            "trust_rejects": 0,
            "t_grad": 0.00692604505456984,
            "t_hess": 0.18035500997211784,
            "t_ls": 0.06665133102796972,
            "t_update": 5.427200812846422e-05,
            "t_iter": 0.25410952197853476,
            "trust_radius": 1.0,
            "trust_ratio": NaN,
            "trust_qp": NaN
          },
          {
            "it": 5,
            "energy": -7.959973473699119,
            "dE": 0.007928877682290114,
            "grad_norm": 0.3023821456295601,
            "grad_target": 448.76978662755056,
            "grad_norm_post": NaN,
            "alpha": 1.0552482453194671,
            "ksp_its": 2,
            "ls_evals": 9,
            "ls_repaired": false,
            "used_gradient_fallback": false,
            "accepted_step": true,
            "step_norm": 5.538180074760607,
            "step_rel": 0.013157362479583566,
            "pred_reduction": NaN,
            "actual_reduction": NaN,
            "trust_rejects": 0,
            "t_grad": 0.007071133935824037,
            "t_hess": 0.17581045301631093,
            "t_ls": 0.0644368149805814,
            "t_update": 5.432101897895336e-05,
            "t_iter": 0.24748548096977174,
            "trust_radius": 1.0,
            "trust_ratio": NaN,
            "trust_qp": NaN
          },
          {
            "it": 6,
            "energy": -7.9600053383245095,
            "dE": 3.186462539073176e-05,
            "grad_norm": 0.017124081542920055,
            "grad_target": 448.76978662755056,
            "grad_norm_post": 0.0010529586034296993,
            "alpha": 1.0552482453194671,
            "ksp_its": 2,
            "ls_evals": 9,
            "ls_repaired": false,
            "used_gradient_fallback": false,
            "accepted_step": true,
            "step_norm": 0.17229913309029776,
            "step_rel": 0.0004146972072516227,
            "pred_reduction": NaN,
            "actual_reduction": NaN,
            "trust_rejects": 0,
            "t_grad": 0.007018755073659122,
            "t_hess": 0.17222438601311296,
            "t_ls": 0.06605335301719606,
            "t_update": 5.0324946641922e-05,
            "t_iter": 0.24549992906395346,
            "trust_radius": 1.0,
            "trust_ratio": NaN,
            "trust_qp": NaN
          }
        ],
        "linear_timing": [
          {
            "assemble_total_time": 0.24577374896034598,
            "assemble_p2p_exchange": 0.0025834321277216077,
            "assemble_hvp_compute": 0.22945230803452432,
            "assemble_extraction": 0.001266924082301557,
            "assemble_coo_assembly": 0.012359858024865389,
            "assemble_n_hvps": 8,
            "setop_time": 6.870017386972904e-06,
            "set_tolerances_time": 2.20397487282753e-06,
            "pc_setup_time": 0.1272463039495051,
            "solve_time": 0.03833158500492573,
            "linear_total_time": 0.4113607119070366,
            "ksp_its": 2
          },
          {
            "assemble_total_time": 0.03570212493650615,
            "assemble_p2p_exchange": 0.00269352609757334,
            "assemble_hvp_compute": 0.028605374041944742,
            "assemble_extraction": 0.0022788739297538996,
            "assemble_coo_assembly": 0.0020072460174560547,
            "assemble_n_hvps": 8,
            "setop_time": 3.72505746781826e-06,
            "set_tolerances_time": 2.1829036995768547e-06,
            "pc_setup_time": 0.11665229895152152,
            "solve_time": 0.038603474968113005,
            "linear_total_time": 0.19096380681730807,
            "ksp_its": 2
          },
          {
            "assemble_total_time": 0.03405458095949143,
            "assemble_p2p_exchange": 0.002541768946684897,
            "assemble_hvp_compute": 0.02807496697641909,
            "assemble_extraction": 0.0014935439685359597,
            "assemble_coo_assembly": 0.0018376599764451385,
            "assemble_n_hvps": 8,
            "setop_time": 2.5240005925297737e-06,
            "set_tolerances_time": 1.8130522221326828e-06,
            "pc_setup_time": 0.1230206360341981,
            "solve_time": 0.026168402982875705,
            "linear_total_time": 0.1832479570293799,
            "ksp_its": 1
          },
          {
            "assemble_total_time": 0.03436750010587275,
            "assemble_p2p_exchange": 0.002710711909458041,
            "assemble_hvp_compute": 0.027520793955773115,
            "assemble_extraction": 0.0015859329141676426,
            "assemble_coo_assembly": 0.002450931933708489,
            "assemble_n_hvps": 8,
            "setop_time": 2.7240021154284477e-06,
            "set_tolerances_time": 2.0730076357722282e-06,
            "pc_setup_time": 0.1089654800016433,
            "solve_time": 0.03684117703232914,
            "linear_total_time": 0.1801789541495964,
            "ksp_its": 2
          },
          {
            "assemble_total_time": 0.03392580698709935,
            "assemble_p2p_exchange": 0.002590221934951842,
            "assemble_hvp_compute": 0.02801687002647668,
            "assemble_extraction": 0.0015093369875103235,
            "assemble_coo_assembly": 0.0017179909627884626,
            "assemble_n_hvps": 8,
            "setop_time": 2.434011548757553e-06,
            "set_tolerances_time": 1.852051354944706e-06,
            "pc_setup_time": 0.10579039994627237,
            "solve_time": 0.03590155497658998,
            "linear_total_time": 0.1756220479728654,
            "ksp_its": 2
          },
          {
            "assemble_total_time": 0.03373677399940789,
            "assemble_p2p_exchange": 0.0026171610224992037,
            "assemble_hvp_compute": 0.02783764200285077,
            "assemble_extraction": 0.0013585200067609549,
            "assemble_coo_assembly": 0.001828777021728456,
            "assemble_n_hvps": 8,
            "setop_time": 2.874992787837982e-06,
            "set_tolerances_time": 2.013053745031357e-06,
            "pc_setup_time": 0.10247717401944101,
            "solve_time": 0.035847313003614545,
            "linear_total_time": 0.1720661490689963,
            "ksp_its": 2
          }
        ]
      }
    ],
    "metadata": {
      "profile": "reference",
      "nprocs": 16,
      "nproc_threads": 1,
      "problem": {
        "name": "pLaplace2D"
      },
      "linear_solver": {
        "ksp_type": "cg",
        "pc_type": "hypre",
        "ksp_rtol": 0.1,
        "ksp_max_it": 30,
        "pc_setup_on_ksp_cap": false,
        "gamg_threshold": 0.05,
        "gamg_agg_nsmooths": 1,
        "gamg_set_coordinates": true,
        "reorder": true,
        "hvp_eval_mode": "sfd_local_batched",
        "assembly_mode": "element",
        "element_reorder_mode": "block_xyz",
        "local_hessian_mode": "sfd_local",
        "distribution_strategy": "overlap_allgather",
        "assembler": "PLaplaceReorderedElementAssembler",
        "trust_subproblem_solver": "direct_linear_solve",
        "trust_subproblem_line_search": false
      },
      "newton": {
        "tolf": 0.0001,
        "tolg": 0.001,
        "tolg_rel": 0.001,
        "tolx_rel": 0.001,
        "tolx_abs": 1e-10,
        "maxit": 100,
        "require_all_convergence": true,
        "fail_on_nonfinite": true,
        "linesearch_interval": [
          -0.5,
          2.0
        ],
        "linesearch_tol": 0.1,
        "trust_region": false,
        "trust_radius_init": 1.0,
        "trust_radius_min": 1e-08,
        "trust_radius_max": 1000000.0,
        "trust_subproblem_line_search": false,
        "step_time_limit_s": null
      }
    }
  }
}
