An NVIDIA GPU may be present on this machine, but a CUDA-enabled jaxlib is not installed. Falling back to cpu.
An NVIDIA GPU may be present on this machine, but a CUDA-enabled jaxlib is not installed. Falling back to cpu.
An NVIDIA GPU may be present on this machine, but a CUDA-enabled jaxlib is not installed. Falling back to cpu.
An NVIDIA GPU may be present on this machine, but a CUDA-enabled jaxlib is not installed. Falling back to cpu.
An NVIDIA GPU may be present on this machine, but a CUDA-enabled jaxlib is not installed. Falling back to cpu.
An NVIDIA GPU may be present on this machine, but a CUDA-enabled jaxlib is not installed. Falling back to cpu.
An NVIDIA GPU may be present on this machine, but a CUDA-enabled jaxlib is not installed. Falling back to cpu.
An NVIDIA GPU may be present on this machine, but a CUDA-enabled jaxlib is not installed. Falling back to cpu.
An NVIDIA GPU may be present on this machine, but a CUDA-enabled jaxlib is not installed. Falling back to cpu.
An NVIDIA GPU may be present on this machine, but a CUDA-enabled jaxlib is not installed. Falling back to cpu.
An NVIDIA GPU may be present on this machine, but a CUDA-enabled jaxlib is not installed. Falling back to cpu.
An NVIDIA GPU may be present on this machine, but a CUDA-enabled jaxlib is not installed. Falling back to cpu.
An NVIDIA GPU may be present on this machine, but a CUDA-enabled jaxlib is not installed. Falling back to cpu.
An NVIDIA GPU may be present on this machine, but a CUDA-enabled jaxlib is not installed. Falling back to cpu.
An NVIDIA GPU may be present on this machine, but a CUDA-enabled jaxlib is not installed. Falling back to cpu.
An NVIDIA GPU may be present on this machine, but a CUDA-enabled jaxlib is not installed. Falling back to cpu.
{
  "case": {
    "problem": "plaplace",
    "backend": "element",
    "level": 6,
    "out": "/home/michal/repos/fenics_nonlinear_energies/artifacts/reproduction/2026-03-15_refactor_stage2b_final/full/plaplace_final_suite/jax_petsc_element_l6_np16.json",
    "quiet": true,
    "save_history": true,
    "save_linear_timing": true,
    "steps": 1,
    "start_step": 1,
    "total_steps": 24,
    "ksp_type": "cg",
    "pc_type": "hypre",
    "ksp_rtol": 0.1,
    "ksp_max_it": 30,
    "profile": "reference",
    "coloring_trials": 10,
    "nproc_threads": 1,
    "hvp_eval_mode": "sequential",
    "element_reorder_mode": "block_xyz",
    "local_hessian_mode": "element",
    "tolf": 0.0001,
    "tolg": 0.001,
    "tolg_rel": 0.001,
    "tolx_rel": 0.001,
    "tolx_abs": 1e-10,
    "maxit": 100,
    "step_time_limit_s": null,
    "linesearch_a": -0.5,
    "linesearch_b": 2.0,
    "linesearch_tol": 0.1,
    "use_trust_region": false,
    "trust_radius_init": 1.0,
    "trust_radius_min": 1e-08,
    "trust_radius_max": 1000000.0,
    "trust_shrink": 0.5,
    "trust_expand": 1.5,
    "trust_eta_shrink": 0.05,
    "trust_eta_expand": 0.75,
    "trust_max_reject": 6,
    "trust_subproblem_line_search": false,
    "local_coloring": true,
    "retry_on_failure": false,
    "pc_setup_on_ksp_cap": false,
    "use_near_nullspace": true,
    "reorder": null,
    "gamg_threshold": 0.05,
    "gamg_agg_nsmooths": 1,
    "gamg_set_coordinates": true
  },
  "result": {
    "mesh_level": 6,
    "total_dofs": 12545,
    "free_dofs": 12033,
    "setup_time": 0.282808,
    "solve_time_total": 0.193077,
    "total_time": 0.520362,
    "steps": [
      {
        "step": 1,
        "time": 0.193077,
        "nit": 7,
        "linear_iters": 11,
        "energy": -7.954563580649787,
        "message": "Converged (energy, step, gradient)",
        "attempt": "primary",
        "ksp_rtol_used": 0.1,
        "ksp_max_it_used": 30,
        "linesearch_interval_used": [
          -0.5,
          2.0
        ],
        "history": [
          {
            "it": 1,
            "energy": 0.21324645090622707,
            "dE": 65342.79295987132,
            "grad_norm": 6978.482874326118,
            "grad_target": 6.978482874326118,
            "grad_norm_post": NaN,
            "alpha": 1.9569476828142078,
            "ksp_its": 2,
            "ls_evals": 9,
            "ls_repaired": false,
            "used_gradient_fallback": false,
            "accepted_step": true,
            "step_norm": 64.12070679881259,
            "step_rel": 1.0179867923737524,
            "pred_reduction": NaN,
            "actual_reduction": NaN,
            "trust_rejects": 0,
            "t_grad": 0.00045434199273586273,
            "t_hess": 0.025158856064081192,
            "t_ls": 0.005951510975137353,
            "t_update": 1.9730068743228912e-06,
            "t_iter": 0.03161060705315322,
            "trust_radius": 1.0,
            "trust_ratio": NaN,
            "trust_qp": NaN
          },
          {
            "it": 2,
            "energy": -5.793648639102989,
            "dE": 6.006895090009216,
            "grad_norm": 3.2676120180197428,
            "grad_target": 6.978482874326118,
            "grad_norm_post": NaN,
            "alpha": 0.41186271093947224,
            "ksp_its": 1,
            "ls_evals": 9,
            "ls_repaired": false,
            "used_gradient_fallback": false,
            "accepted_step": true,
            "step_norm": 38.55769281677862,
            "step_rel": 16.286843674612307,
            "pred_reduction": NaN,
            "actual_reduction": NaN,
            "trust_rejects": 0,
            "t_grad": 0.00035042595118284225,
            "t_hess": 0.02151394507382065,
            "t_ls": 0.005715206963941455,
            "t_update": 1.8129358068108559e-06,
            "t_iter": 0.02762248192448169,
            "trust_radius": 1.0,
            "trust_ratio": NaN,
            "trust_qp": NaN
          },
          {
            "it": 3,
            "energy": -7.6996704722950415,
            "dE": 1.9060218331920522,
            "grad_norm": 5.482086676895954,
            "grad_target": 6.978482874326118,
            "grad_norm_post": NaN,
            "alpha": 0.6372875703131574,
            "ksp_its": 2,
            "ls_evals": 9,
            "ls_repaired": false,
            "used_gradient_fallback": false,
            "accepted_step": true,
            "step_norm": 13.035228810469318,
            "step_rel": 0.31980234421394177,
            "pred_reduction": NaN,
            "actual_reduction": NaN,
            "trust_rejects": 0,
            "t_grad": 0.00031705491710454226,
            "t_hess": 0.021185332094319165,
            "t_ls": 0.005725071998313069,
            "t_update": 1.5719560906291008e-06,
            "t_iter": 0.027268129982985556,
            "trust_radius": 1.0,
            "trust_ratio": NaN,
            "trust_qp": NaN
          },
          {
            "it": 4,
            "energy": -7.940680938829428,
            "dE": 0.2410104665343864,
            "grad_norm": 2.198814229602555,
            "grad_target": 6.978482874326118,
            "grad_norm_post": NaN,
            "alpha": 0.9488170640584248,
            "ksp_its": 2,
            "ls_evals": 9,
            "ls_repaired": false,
            "used_gradient_fallback": false,
            "accepted_step": true,
            "step_norm": 1.224262442843598,
            "step_rel": 0.02291547642949196,
            "pred_reduction": NaN,
            "actual_reduction": NaN,
            "trust_rejects": 0,
            "t_grad": 0.00032649002969264984,
            "t_hess": 0.02168718504253775,
            "t_ls": 0.0056955370819196105,
            "t_update": 1.6029225662350655e-06,
            "t_iter": 0.027749862987548113,
            "trust_radius": 1.0,
            "trust_ratio": NaN,
            "trust_qp": NaN
          },
          {
            "it": 5,
            "energy": -7.954308742652073,
            "dE": 0.01362780382264539,
            "grad_norm": 0.4934132469807083,
            "grad_target": 6.978482874326118,
            "grad_norm_post": NaN,
            "alpha": 1.088137289060528,
            "ksp_its": 2,
            "ls_evals": 9,
            "ls_repaired": false,
            "used_gradient_fallback": false,
            "accepted_step": true,
            "step_norm": 0.5961624719707195,
            "step_rel": 0.01136038079025047,
            "pred_reduction": NaN,
            "actual_reduction": NaN,
            "trust_rejects": 0,
            "t_grad": 0.00031836796551942825,
            "t_hess": 0.020696399034932256,
            "t_ls": 0.0057382110971957445,
            "t_update": 1.743086613714695e-06,
            "t_iter": 0.026794521021656692,
            "trust_radius": 1.0,
            "trust_ratio": NaN,
            "trust_qp": NaN
          },
          {
            "it": 6,
            "energy": -7.954562288580307,
            "dE": 0.00025354592823401134,
            "grad_norm": 0.05771896667992419,
            "grad_target": 6.978482874326118,
            "grad_norm_post": NaN,
            "alpha": 1.088137289060528,
            "ksp_its": 1,
            "ls_evals": 9,
            "ls_repaired": false,
            "used_gradient_fallback": false,
            "accepted_step": true,
            "step_norm": 0.028068484906895595,
            "step_rel": 0.0005407300331904732,
            "pred_reduction": NaN,
            "actual_reduction": NaN,
            "trust_rejects": 0,
            "t_grad": 0.00031863804906606674,
            "t_hess": 0.018744439934380352,
            "t_ls": 0.005714555038139224,
            "t_update": 1.5120021998882294e-06,
            "t_iter": 0.02481865498702973,
            "trust_radius": 1.0,
            "trust_ratio": NaN,
            "trust_qp": NaN
          },
          {
            "it": 7,
            "energy": -7.954563580649787,
            "dE": 1.2920694798523868e-06,
            "grad_norm": 0.0031253016332937486,
            "grad_target": 6.978482874326118,
            "grad_norm_post": 9.317939287139341e-05,
            "alpha": 1.002032654688946,
            "ksp_its": 1,
            "ls_evals": 9,
            "ls_repaired": false,
            "used_gradient_fallback": false,
            "accepted_step": true,
            "step_norm": 0.00175243807905997,
            "step_rel": 3.374630658938168e-05,
            "pred_reduction": NaN,
            "actual_reduction": NaN,
            "trust_rejects": 0,
            "t_grad": 0.0003164249937981367,
            "t_hess": 0.019826082978397608,
            "t_ls": 0.0057134650414809585,
            "t_update": 1.7218990251421928e-06,
            "t_iter": 0.025896782986819744,
            "trust_radius": 1.0,
            "trust_ratio": NaN,
            "trust_qp": NaN
          }
        ],
        "linear_timing": [
          {
            "assemble_total_time": 0.000620220904238522,
            "assemble_p2p_exchange": 0.00012477696873247623,
            "assemble_hvp_compute": 0.00017491192556917667,
            "assemble_extraction": 0.00016530801076442003,
            "assemble_coo_assembly": 0.0001371860271319747,
            "assemble_n_hvps": 0,
            "setop_time": 2.34297476708889e-06,
            "set_tolerances_time": 1.8720747902989388e-06,
            "pc_setup_time": 0.019133562920615077,
            "solve_time": 0.005350760999135673,
            "linear_total_time": 0.02510875987354666,
            "ksp_its": 2
          },
          {
            "assemble_total_time": 0.0005409120349213481,
            "assemble_p2p_exchange": 0.00011009594891220331,
            "assemble_hvp_compute": 0.00015543389599770308,
            "assemble_extraction": 0.00015766697470098734,
            "assemble_coo_assembly": 0.0001020429190248251,
            "assemble_n_hvps": 0,
            "setop_time": 1.5719560906291008e-06,
            "set_tolerances_time": 1.8819700926542282e-06,
            "pc_setup_time": 0.017398069030605257,
            "solve_time": 0.0035279439762234688,
            "linear_total_time": 0.021470378967933357,
            "ksp_its": 1
          },
          {
            "assemble_total_time": 0.0004900050116702914,
            "assemble_p2p_exchange": 0.00012191291898488998,
            "assemble_hvp_compute": 0.00015694601461291313,
            "assemble_extraction": 0.00010209402535110712,
            "assemble_coo_assembly": 9.525299537926912e-05,
            "assemble_n_hvps": 0,
            "setop_time": 1.3419194146990776e-06,
            "set_tolerances_time": 1.5120021998882294e-06,
            "pc_setup_time": 0.015973871923051775,
            "solve_time": 0.004662447026930749,
            "linear_total_time": 0.021129177883267403,
            "ksp_its": 2
          },
          {
            "assemble_total_time": 0.00047158694360405207,
            "assemble_p2p_exchange": 0.00011959008406847715,
            "assemble_hvp_compute": 0.00015427102334797382,
            "assemble_extraction": 9.722600225359201e-05,
            "assemble_coo_assembly": 8.859299123287201e-05,
            "assemble_n_hvps": 0,
            "setop_time": 1.1420343071222305e-06,
            "set_tolerances_time": 1.3320241123437881e-06,
            "pc_setup_time": 0.016359180095605552,
            "solve_time": 0.004814435029402375,
            "linear_total_time": 0.021647676127031446,
            "ksp_its": 2
          },
          {
            "assemble_total_time": 0.00048739206977188587,
            "assemble_p2p_exchange": 0.00010933401063084602,
            "assemble_hvp_compute": 0.00015280896332114935,
            "assemble_extraction": 9.368103928864002e-05,
            "assemble_coo_assembly": 0.00011992990039288998,
            "assemble_n_hvps": 0,
            "setop_time": 1.110951416194439e-06,
            "set_tolerances_time": 1.443084329366684e-06,
            "pc_setup_time": 0.015582203050144017,
            "solve_time": 0.004584520007483661,
            "linear_total_time": 0.020656669163145125,
            "ksp_its": 2
          },
          {
            "assemble_total_time": 0.0004806920187547803,
            "assemble_p2p_exchange": 0.0001110761659219861,
            "assemble_hvp_compute": 0.00015729700680822134,
            "assemble_extraction": 0.000103384954854846,
            "assemble_coo_assembly": 9.719596710056067e-05,
            "assemble_n_hvps": 0,
            "setop_time": 1.352047547698021e-06,
            "set_tolerances_time": 1.3719545677304268e-06,
            "pc_setup_time": 0.0151602498954162,
            "solve_time": 0.0030607630033046007,
            "linear_total_time": 0.01870442891959101,
            "ksp_its": 1
          },
          {
            "assemble_total_time": 0.00046180293429642916,
            "assemble_p2p_exchange": 0.00010472803842276335,
            "assemble_hvp_compute": 0.00015135703142732382,
            "assemble_extraction": 9.256904013454914e-05,
            "assemble_coo_assembly": 0.00010160298552364111,
            "assemble_n_hvps": 0,
            "setop_time": 1.2220116332173347e-06,
            "set_tolerances_time": 1.301988959312439e-06,
            "pc_setup_time": 0.016186079941689968,
            "solve_time": 0.0031291049672290683,
            "linear_total_time": 0.019779511843807995,
            "ksp_its": 1
          }
        ]
      }
    ],
    "metadata": {
      "profile": "reference",
      "nprocs": 16,
      "nproc_threads": 1,
      "problem": {
        "name": "pLaplace2D"
      },
      "linear_solver": {
        "ksp_type": "cg",
        "pc_type": "hypre",
        "ksp_rtol": 0.1,
        "ksp_max_it": 30,
        "pc_setup_on_ksp_cap": false,
        "gamg_threshold": 0.05,
        "gamg_agg_nsmooths": 1,
        "gamg_set_coordinates": true,
        "reorder": true,
        "hvp_eval_mode": "element_overlap",
        "assembly_mode": "element",
        "element_reorder_mode": "block_xyz",
        "local_hessian_mode": "element",
        "distribution_strategy": "overlap_allgather",
        "assembler": "PLaplaceReorderedElementAssembler",
        "trust_subproblem_solver": "direct_linear_solve",
        "trust_subproblem_line_search": false
      },
      "newton": {
        "tolf": 0.0001,
        "tolg": 0.001,
        "tolg_rel": 0.001,
        "tolx_rel": 0.001,
        "tolx_abs": 1e-10,
        "maxit": 100,
        "require_all_convergence": true,
        "fail_on_nonfinite": true,
        "linesearch_interval": [
          -0.5,
          2.0
        ],
        "linesearch_tol": 0.1,
        "trust_region": false,
        "trust_radius_init": 1.0,
        "trust_radius_min": 1e-08,
        "trust_radius_max": 1000000.0,
        "trust_subproblem_line_search": false,
        "step_time_limit_s": null
      }
    }
  }
}
