An NVIDIA GPU may be present on this machine, but a CUDA-enabled jaxlib is not installed. Falling back to cpu.
An NVIDIA GPU may be present on this machine, but a CUDA-enabled jaxlib is not installed. Falling back to cpu.
An NVIDIA GPU may be present on this machine, but a CUDA-enabled jaxlib is not installed. Falling back to cpu.
An NVIDIA GPU may be present on this machine, but a CUDA-enabled jaxlib is not installed. Falling back to cpu.
An NVIDIA GPU may be present on this machine, but a CUDA-enabled jaxlib is not installed. Falling back to cpu.
An NVIDIA GPU may be present on this machine, but a CUDA-enabled jaxlib is not installed. Falling back to cpu.
An NVIDIA GPU may be present on this machine, but a CUDA-enabled jaxlib is not installed. Falling back to cpu.
An NVIDIA GPU may be present on this machine, but a CUDA-enabled jaxlib is not installed. Falling back to cpu.
An NVIDIA GPU may be present on this machine, but a CUDA-enabled jaxlib is not installed. Falling back to cpu.
An NVIDIA GPU may be present on this machine, but a CUDA-enabled jaxlib is not installed. Falling back to cpu.
An NVIDIA GPU may be present on this machine, but a CUDA-enabled jaxlib is not installed. Falling back to cpu.
An NVIDIA GPU may be present on this machine, but a CUDA-enabled jaxlib is not installed. Falling back to cpu.
An NVIDIA GPU may be present on this machine, but a CUDA-enabled jaxlib is not installed. Falling back to cpu.
An NVIDIA GPU may be present on this machine, but a CUDA-enabled jaxlib is not installed. Falling back to cpu.
An NVIDIA GPU may be present on this machine, but a CUDA-enabled jaxlib is not installed. Falling back to cpu.
An NVIDIA GPU may be present on this machine, but a CUDA-enabled jaxlib is not installed. Falling back to cpu.
An NVIDIA GPU may be present on this machine, but a CUDA-enabled jaxlib is not installed. Falling back to cpu.
An NVIDIA GPU may be present on this machine, but a CUDA-enabled jaxlib is not installed. Falling back to cpu.
An NVIDIA GPU may be present on this machine, but a CUDA-enabled jaxlib is not installed. Falling back to cpu.
An NVIDIA GPU may be present on this machine, but a CUDA-enabled jaxlib is not installed. Falling back to cpu.
An NVIDIA GPU may be present on this machine, but a CUDA-enabled jaxlib is not installed. Falling back to cpu.
An NVIDIA GPU may be present on this machine, but a CUDA-enabled jaxlib is not installed. Falling back to cpu.
An NVIDIA GPU may be present on this machine, but a CUDA-enabled jaxlib is not installed. Falling back to cpu.
An NVIDIA GPU may be present on this machine, but a CUDA-enabled jaxlib is not installed. Falling back to cpu.
An NVIDIA GPU may be present on this machine, but a CUDA-enabled jaxlib is not installed. Falling back to cpu.
An NVIDIA GPU may be present on this machine, but a CUDA-enabled jaxlib is not installed. Falling back to cpu.
An NVIDIA GPU may be present on this machine, but a CUDA-enabled jaxlib is not installed. Falling back to cpu.
An NVIDIA GPU may be present on this machine, but a CUDA-enabled jaxlib is not installed. Falling back to cpu.
An NVIDIA GPU may be present on this machine, but a CUDA-enabled jaxlib is not installed. Falling back to cpu.
An NVIDIA GPU may be present on this machine, but a CUDA-enabled jaxlib is not installed. Falling back to cpu.
An NVIDIA GPU may be present on this machine, but a CUDA-enabled jaxlib is not installed. Falling back to cpu.
An NVIDIA GPU may be present on this machine, but a CUDA-enabled jaxlib is not installed. Falling back to cpu.
{
  "case": {
    "problem": "plaplace",
    "backend": "element",
    "level": 6,
    "out": "/home/michal/repos/fenics_nonlinear_energies/artifacts/reproduction/2026-03-15_refactor_stage2b_final/full/plaplace_final_suite/jax_petsc_local_sfd_l6_np32.json",
    "quiet": true,
    "save_history": true,
    "save_linear_timing": true,
    "steps": 1,
    "start_step": 1,
    "total_steps": 24,
    "ksp_type": "cg",
    "pc_type": "hypre",
    "ksp_rtol": 0.1,
    "ksp_max_it": 30,
    "profile": "reference",
    "coloring_trials": 10,
    "nproc_threads": 1,
    "hvp_eval_mode": "sequential",
    "element_reorder_mode": "block_xyz",
    "local_hessian_mode": "sfd_local",
    "tolf": 0.0001,
    "tolg": 0.001,
    "tolg_rel": 0.001,
    "tolx_rel": 0.001,
    "tolx_abs": 1e-10,
    "maxit": 100,
    "step_time_limit_s": null,
    "linesearch_a": -0.5,
    "linesearch_b": 2.0,
    "linesearch_tol": 0.1,
    "use_trust_region": false,
    "trust_radius_init": 1.0,
    "trust_radius_min": 1e-08,
    "trust_radius_max": 1000000.0,
    "trust_shrink": 0.5,
    "trust_expand": 1.5,
    "trust_eta_shrink": 0.05,
    "trust_eta_expand": 0.75,
    "trust_max_reject": 6,
    "trust_subproblem_line_search": false,
    "local_coloring": true,
    "retry_on_failure": false,
    "pc_setup_on_ksp_cap": false,
    "use_near_nullspace": true,
    "reorder": null,
    "gamg_threshold": 0.05,
    "gamg_agg_nsmooths": 1,
    "gamg_set_coordinates": true
  },
  "result": {
    "mesh_level": 6,
    "total_dofs": 12545,
    "free_dofs": 12033,
    "setup_time": 0.727348,
    "solve_time_total": 0.515679,
    "total_time": 1.327223,
    "steps": [
      {
        "step": 1,
        "time": 0.515679,
        "nit": 7,
        "linear_iters": 13,
        "energy": -7.954563582075594,
        "message": "Converged (energy, step, gradient)",
        "attempt": "primary",
        "ksp_rtol_used": 0.1,
        "ksp_max_it_used": 30,
        "linesearch_interval_used": [
          -0.5,
          2.0
        ],
        "history": [
          {
            "it": 1,
            "energy": 0.19688794709426083,
            "dE": 65342.80931837513,
            "grad_norm": 6978.482874326118,
            "grad_target": 6.978482874326118,
            "grad_norm_post": NaN,
            "alpha": 1.9569476828142078,
            "ksp_its": 2,
            "ls_evals": 9,
            "ls_repaired": false,
            "used_gradient_fallback": false,
            "accepted_step": true,
            "step_norm": 64.18171378731473,
            "step_rel": 1.0189553454611746,
            "pred_reduction": NaN,
            "actual_reduction": NaN,
            "trust_rejects": 0,
            "t_grad": 0.00045300007332116365,
            "t_hess": 0.21723539498634636,
            "t_ls": 0.006636677077040076,
            "t_update": 2.0830193534493446e-06,
            "t_iter": 0.22438694501761347,
            "trust_radius": 1.0,
            "trust_ratio": NaN,
            "trust_qp": NaN
          },
          {
            "it": 2,
            "energy": -5.826087185824309,
            "dE": 6.02297513291857,
            "grad_norm": 3.2689122137957543,
            "grad_target": 6.978482874326118,
            "grad_norm_post": NaN,
            "alpha": 0.41186271093947224,
            "ksp_its": 1,
            "ls_evals": 9,
            "ls_repaired": false,
            "used_gradient_fallback": false,
            "accepted_step": true,
            "step_norm": 38.39720829145736,
            "step_rel": 15.38231973535771,
            "pred_reduction": NaN,
            "actual_reduction": NaN,
            "trust_rejects": 0,
            "t_grad": 0.00039562396705150604,
            "t_hess": 0.03931586095131934,
            "t_ls": 0.00782241695560515,
            "t_update": 1.6629928722977638e-06,
            "t_iter": 0.047603216022253036,
            "trust_radius": 1.0,
            "trust_ratio": NaN,
            "trust_qp": NaN
          },
          {
            "it": 3,
            "energy": -7.714359059406426,
            "dE": 1.8882718735821173,
            "grad_norm": 5.410013587079348,
            "grad_target": 6.978482874326118,
            "grad_norm_post": NaN,
            "alpha": 0.6372875703131574,
            "ksp_its": 2,
            "ls_evals": 9,
            "ls_repaired": false,
            "used_gradient_fallback": false,
            "accepted_step": true,
            "step_norm": 13.035836697272485,
            "step_rel": 0.32021734440272703,
            "pred_reduction": NaN,
            "actual_reduction": NaN,
            "trust_rejects": 0,
            "t_grad": 0.00041378207970410585,
            "t_hess": 0.04193119902629405,
            "t_ls": 0.007990699959918857,
            "t_update": 1.4920951798558235e-06,
            "t_iter": 0.050402089953422546,
            "trust_radius": 1.0,
            "trust_ratio": NaN,
            "trust_qp": NaN
          },
          {
            "it": 4,
            "energy": -7.942175037553163,
            "dE": 0.2278159781467366,
            "grad_norm": 2.138874085506224,
            "grad_target": 6.978482874326118,
            "grad_norm_post": NaN,
            "alpha": 0.9488170640584248,
            "ksp_its": 2,
            "ls_evals": 9,
            "ls_repaired": false,
            "used_gradient_fallback": false,
            "accepted_step": true,
            "step_norm": 1.1847008394056975,
            "step_rel": 0.02219166933444771,
            "pred_reduction": NaN,
            "actual_reduction": NaN,
            "trust_rejects": 0,
            "t_grad": 0.00040037103462964296,
            "t_hess": 0.036732541979290545,
            "t_ls": 0.007929118000902236,
            "t_update": 1.5229452401399612e-06,
            "t_iter": 0.04514172999188304,
            "trust_radius": 1.0,
            "trust_ratio": NaN,
            "trust_qp": NaN
          },
          {
            "it": 5,
            "energy": -7.954353893035989,
            "dE": 0.012178855482826378,
            "grad_norm": 0.4622261309095082,
            "grad_target": 6.978482874326118,
            "grad_norm_post": NaN,
            "alpha": 1.088137289060528,
            "ksp_its": 2,
            "ls_evals": 9,
            "ls_repaired": false,
            "used_gradient_fallback": false,
            "accepted_step": true,
            "step_norm": 0.5722472589736329,
            "step_rel": 0.010909375291622028,
            "pred_reduction": NaN,
            "actual_reduction": NaN,
            "trust_rejects": 0,
            "t_grad": 0.0005016130162402987,
            "t_hess": 0.04587446991354227,
            "t_ls": 0.008226613979786634,
            "t_update": 1.6129342839121819e-06,
            "t_iter": 0.054682277026586235,
            "trust_radius": 1.0,
            "trust_ratio": NaN,
            "trust_qp": NaN
          },
          {
            "it": 6,
            "energy": -7.954562581854852,
            "dE": 0.00020868881886304536,
            "grad_norm": 0.05136354553602197,
            "grad_target": 6.978482874326118,
            "grad_norm_post": NaN,
            "alpha": 1.088137289060528,
            "ksp_its": 2,
            "ls_evals": 9,
            "ls_repaired": false,
            "used_gradient_fallback": false,
            "accepted_step": true,
            "step_norm": 0.029619206148769405,
            "step_rel": 0.0005706051973977448,
            "pred_reduction": NaN,
            "actual_reduction": NaN,
            "trust_rejects": 0,
            "t_grad": 0.0004849679535254836,
            "t_hess": 0.0426476439461112,
            "t_ls": 0.006480582058429718,
            "t_update": 1.4419201761484146e-06,
            "t_iter": 0.04968485201243311,
            "trust_radius": 1.0,
            "trust_ratio": NaN,
            "trust_qp": NaN
          },
          {
            "it": 7,
            "energy": -7.954563582075594,
            "dE": 1.0002207417869613e-06,
            "grad_norm": 0.0027515579540421044,
            "grad_target": 6.978482874326118,
            "grad_norm_post": 7.101473474026792e-05,
            "alpha": 1.002032654688946,
            "ksp_its": 2,
            "ls_evals": 9,
            "ls_repaired": false,
            "used_gradient_fallback": false,
            "accepted_step": true,
            "step_norm": 0.002568603149493383,
            "step_rel": 4.946064480579879e-05,
            "pred_reduction": NaN,
            "actual_reduction": NaN,
            "trust_rejects": 0,
            "t_grad": 0.00034946505911648273,
            "t_hess": 0.03406435495708138,
            "t_ls": 0.0076338539365679026,
            "t_update": 1.7529819160699844e-06,
            "t_iter": 0.042098099016584456,
            "trust_radius": 1.0,
            "trust_ratio": NaN,
            "trust_qp": NaN
          }
        ],
        "linear_timing": [
          {
            "assemble_total_time": 0.1739997579716146,
            "assemble_p2p_exchange": 0.00014975504018366337,
            "assemble_hvp_compute": 0.13756083697080612,
            "assemble_extraction": 5.6974939070641994e-05,
            "assemble_coo_assembly": 0.036199862021021545,
            "assemble_n_hvps": 8,
            "setop_time": 3.4959521144628525e-06,
            "set_tolerances_time": 2.113054506480694e-06,
            "pc_setup_time": 0.03240647492930293,
            "solve_time": 0.010739066987298429,
            "linear_total_time": 0.2171509088948369,
            "ksp_its": 2
          },
          {
            "assemble_total_time": 0.0007015640148892999,
            "assemble_p2p_exchange": 0.00015764683485031128,
            "assemble_hvp_compute": 0.00019805703777819872,
            "assemble_extraction": 4.744203761219978e-05,
            "assemble_coo_assembly": 0.0002814029576256871,
            "assemble_n_hvps": 8,
            "setop_time": 1.91305298358202e-06,
            "set_tolerances_time": 1.6120029613375664e-06,
            "pc_setup_time": 0.031217830954119563,
            "solve_time": 0.0073125920025631785,
            "linear_total_time": 0.03923551202751696,
            "ksp_its": 1
          },
          {
            "assemble_total_time": 0.0005704259965568781,
            "assemble_p2p_exchange": 0.00012589804828166962,
            "assemble_hvp_compute": 0.0001998700900003314,
            "assemble_extraction": 3.7616933695971966e-05,
            "assemble_coo_assembly": 0.00019376096315681934,
            "assemble_n_hvps": 8,
            "setop_time": 1.0309740900993347e-06,
            "set_tolerances_time": 1.351931132376194e-06,
            "pc_setup_time": 0.03081712801940739,
            "solve_time": 0.010469933040440083,
            "linear_total_time": 0.04185986996162683,
            "ksp_its": 2
          },
          {
            "assemble_total_time": 0.0006548130186274648,
            "assemble_p2p_exchange": 0.00012561806943267584,
            "assemble_hvp_compute": 0.0001877819886431098,
            "assemble_extraction": 3.730598837137222e-05,
            "assemble_coo_assembly": 0.0002909469185397029,
            "assemble_n_hvps": 8,
            "setop_time": 8.210772648453712e-07,
            "set_tolerances_time": 1.1320225894451141e-06,
            "pc_setup_time": 0.026748517993837595,
            "solve_time": 0.009245824068784714,
            "linear_total_time": 0.036651108181104064,
            "ksp_its": 2
          },
          {
            "assemble_total_time": 0.0007113079773262143,
            "assemble_p2p_exchange": 0.00017288909293711185,
            "assemble_hvp_compute": 0.00018652994185686111,
            "assemble_extraction": 3.883906174451113e-05,
            "assemble_coo_assembly": 0.00029876804910600185,
            "assemble_n_hvps": 8,
            "setop_time": 9.710201993584633e-07,
            "set_tolerances_time": 1.1719530448317528e-06,
            "pc_setup_time": 0.0341369240777567,
            "solve_time": 0.010941189946606755,
            "linear_total_time": 0.04579156497493386,
            "ksp_its": 2
          },
          {
            "assemble_total_time": 0.0006772269262000918,
            "assemble_p2p_exchange": 0.00016912294086068869,
            "assemble_hvp_compute": 0.00018785195425152779,
            "assemble_extraction": 3.692600876092911e-05,
            "assemble_coo_assembly": 0.0002704060170799494,
            "assemble_n_hvps": 8,
            "setop_time": 9.009381756186485e-07,
            "set_tolerances_time": 1.0619405657052994e-06,
            "pc_setup_time": 0.03301929496228695,
            "solve_time": 0.008873125072568655,
            "linear_total_time": 0.04257160983979702,
            "ksp_its": 2
          },
          {
            "assemble_total_time": 0.0005410719895735383,
            "assemble_p2p_exchange": 0.0001257190015166998,
            "assemble_hvp_compute": 0.00018350605387240648,
            "assemble_extraction": 4.3294974602758884e-05,
            "assemble_coo_assembly": 0.0001759040169417858,
            "assemble_n_hvps": 8,
            "setop_time": 9.010545909404755e-07,
            "set_tolerances_time": 1.0819640010595322e-06,
            "pc_setup_time": 0.02589082100894302,
            "solve_time": 0.007576787960715592,
            "linear_total_time": 0.03401066397782415,
            "ksp_its": 2
          }
        ]
      }
    ],
    "metadata": {
      "profile": "reference",
      "nprocs": 32,
      "nproc_threads": 1,
      "problem": {
        "name": "pLaplace2D"
      },
      "linear_solver": {
        "ksp_type": "cg",
        "pc_type": "hypre",
        "ksp_rtol": 0.1,
        "ksp_max_it": 30,
        "pc_setup_on_ksp_cap": false,
        "gamg_threshold": 0.05,
        "gamg_agg_nsmooths": 1,
        "gamg_set_coordinates": true,
        "reorder": true,
        "hvp_eval_mode": "sfd_local_batched",
        "assembly_mode": "element",
        "element_reorder_mode": "block_xyz",
        "local_hessian_mode": "sfd_local",
        "distribution_strategy": "overlap_allgather",
        "assembler": "PLaplaceReorderedElementAssembler",
        "trust_subproblem_solver": "direct_linear_solve",
        "trust_subproblem_line_search": false
      },
      "newton": {
        "tolf": 0.0001,
        "tolg": 0.001,
        "tolg_rel": 0.001,
        "tolx_rel": 0.001,
        "tolx_abs": 1e-10,
        "maxit": 100,
        "require_all_convergence": true,
        "fail_on_nonfinite": true,
        "linesearch_interval": [
          -0.5,
          2.0
        ],
        "linesearch_tol": 0.1,
        "trust_region": false,
        "trust_radius_init": 1.0,
        "trust_radius_min": 1e-08,
        "trust_radius_max": 1000000.0,
        "trust_subproblem_line_search": false,
        "step_time_limit_s": null
      }
    }
  }
}
