An NVIDIA GPU may be present on this machine, but a CUDA-enabled jaxlib is not installed. Falling back to cpu.
An NVIDIA GPU may be present on this machine, but a CUDA-enabled jaxlib is not installed. Falling back to cpu.
An NVIDIA GPU may be present on this machine, but a CUDA-enabled jaxlib is not installed. Falling back to cpu.
An NVIDIA GPU may be present on this machine, but a CUDA-enabled jaxlib is not installed. Falling back to cpu.
An NVIDIA GPU may be present on this machine, but a CUDA-enabled jaxlib is not installed. Falling back to cpu.
An NVIDIA GPU may be present on this machine, but a CUDA-enabled jaxlib is not installed. Falling back to cpu.
An NVIDIA GPU may be present on this machine, but a CUDA-enabled jaxlib is not installed. Falling back to cpu.
An NVIDIA GPU may be present on this machine, but a CUDA-enabled jaxlib is not installed. Falling back to cpu.
An NVIDIA GPU may be present on this machine, but a CUDA-enabled jaxlib is not installed. Falling back to cpu.
An NVIDIA GPU may be present on this machine, but a CUDA-enabled jaxlib is not installed. Falling back to cpu.
An NVIDIA GPU may be present on this machine, but a CUDA-enabled jaxlib is not installed. Falling back to cpu.
An NVIDIA GPU may be present on this machine, but a CUDA-enabled jaxlib is not installed. Falling back to cpu.
An NVIDIA GPU may be present on this machine, but a CUDA-enabled jaxlib is not installed. Falling back to cpu.
An NVIDIA GPU may be present on this machine, but a CUDA-enabled jaxlib is not installed. Falling back to cpu.
An NVIDIA GPU may be present on this machine, but a CUDA-enabled jaxlib is not installed. Falling back to cpu.
An NVIDIA GPU may be present on this machine, but a CUDA-enabled jaxlib is not installed. Falling back to cpu.
An NVIDIA GPU may be present on this machine, but a CUDA-enabled jaxlib is not installed. Falling back to cpu.
An NVIDIA GPU may be present on this machine, but a CUDA-enabled jaxlib is not installed. Falling back to cpu.
An NVIDIA GPU may be present on this machine, but a CUDA-enabled jaxlib is not installed. Falling back to cpu.
An NVIDIA GPU may be present on this machine, but a CUDA-enabled jaxlib is not installed. Falling back to cpu.
An NVIDIA GPU may be present on this machine, but a CUDA-enabled jaxlib is not installed. Falling back to cpu.
An NVIDIA GPU may be present on this machine, but a CUDA-enabled jaxlib is not installed. Falling back to cpu.
An NVIDIA GPU may be present on this machine, but a CUDA-enabled jaxlib is not installed. Falling back to cpu.
An NVIDIA GPU may be present on this machine, but a CUDA-enabled jaxlib is not installed. Falling back to cpu.
An NVIDIA GPU may be present on this machine, but a CUDA-enabled jaxlib is not installed. Falling back to cpu.
An NVIDIA GPU may be present on this machine, but a CUDA-enabled jaxlib is not installed. Falling back to cpu.
An NVIDIA GPU may be present on this machine, but a CUDA-enabled jaxlib is not installed. Falling back to cpu.
An NVIDIA GPU may be present on this machine, but a CUDA-enabled jaxlib is not installed. Falling back to cpu.
An NVIDIA GPU may be present on this machine, but a CUDA-enabled jaxlib is not installed. Falling back to cpu.
An NVIDIA GPU may be present on this machine, but a CUDA-enabled jaxlib is not installed. Falling back to cpu.
An NVIDIA GPU may be present on this machine, but a CUDA-enabled jaxlib is not installed. Falling back to cpu.
An NVIDIA GPU may be present on this machine, but a CUDA-enabled jaxlib is not installed. Falling back to cpu.
{
  "case": {
    "problem": "gl",
    "backend": "element",
    "level": 9,
    "out": "/home/michal/repos/fenics_nonlinear_energies/experiment_results_cache/gl_minimizer_sweep_l9_np32/jax_petsc_element_ls_ref.json",
    "quiet": true,
    "save_history": true,
    "save_linear_timing": true,
    "steps": 1,
    "start_step": 1,
    "total_steps": 24,
    "ksp_type": "gmres",
    "pc_type": "hypre",
    "ksp_rtol": 0.001,
    "ksp_max_it": 200,
    "profile": "performance",
    "coloring_trials": 10,
    "nproc_threads": 1,
    "hvp_eval_mode": "sequential",
    "element_reorder_mode": "block_xyz",
    "local_hessian_mode": "element",
    "tolf": 1e-06,
    "tolg": 1e-05,
    "tolg_rel": 0.001,
    "tolx_rel": 0.001,
    "tolx_abs": 1e-10,
    "maxit": 100,
    "step_time_limit_s": null,
    "linesearch_a": -0.5,
    "linesearch_b": 2.0,
    "linesearch_tol": 0.001,
    "use_trust_region": false,
    "trust_radius_init": 1.0,
    "trust_radius_min": 1e-08,
    "trust_radius_max": 1000000.0,
    "trust_shrink": 0.5,
    "trust_expand": 1.5,
    "trust_eta_shrink": 0.05,
    "trust_eta_expand": 0.75,
    "trust_max_reject": 6,
    "trust_subproblem_line_search": false,
    "local_coloring": true,
    "retry_on_failure": false,
    "pc_setup_on_ksp_cap": false,
    "use_near_nullspace": true,
    "reorder": null,
    "gamg_threshold": 0.05,
    "gamg_agg_nsmooths": 1,
    "gamg_set_coordinates": true
  },
  "result": {
    "mesh_level": 9,
    "total_dofs": 1050625,
    "free_dofs": 1046529,
    "setup_time": 1.710145,
    "solve_time_total": 2.125669,
    "total_time": 4.454954,
    "steps": [
      {
        "step": 1,
        "time": 2.125669,
        "nit": 7,
        "linear_iters": 39,
        "energy": 0.3456264684118114,
        "message": "Converged (energy, step, gradient)",
        "attempt": "primary",
        "ksp_rtol_used": 0.001,
        "ksp_max_it_used": 200,
        "linesearch_interval_used": [
          -0.5,
          2.0
        ],
        "history": [
          {
            "it": 1,
            "energy": 0.5672944996798374,
            "dE": 0.09800517828933641,
            "grad_norm": 0.0009261996570956121,
            "grad_target": 1e-05,
            "grad_norm_post": NaN,
            "alpha": -0.26052984216264974,
            "ksp_its": 12,
            "ls_evals": 19,
            "ls_repaired": false,
            "used_gradient_fallback": false,
            "accepted_step": true,
            "step_norm": 253.27045858203647,
            "step_rel": 0.49466886441804,
            "pred_reduction": NaN,
            "actual_reduction": NaN,
            "trust_rejects": 0,
            "t_grad": 0.0062596729840151966,
            "t_hess": 0.21603599999798462,
            "t_ls": 0.1317925289622508,
            "t_update": 3.859901335090399e-05,
            "t_iter": 0.35425614897394553,
            "trust_radius": 1.0,
            "trust_ratio": NaN,
            "trust_qp": NaN
          },
          {
            "it": 2,
            "energy": 0.5087402004788832,
            "dE": 0.05855429920095412,
            "grad_norm": 0.0010161062127371817,
            "grad_target": 1e-05,
            "grad_norm_post": NaN,
            "alpha": 0.30888087901785777,
            "ksp_its": 6,
            "ls_evals": 19,
            "ls_repaired": false,
            "used_gradient_fallback": false,
            "accepted_step": true,
            "step_norm": 217.91932534211173,
            "step_rel": 0.3418741576059035,
            "pred_reduction": NaN,
            "actual_reduction": NaN,
            "trust_rejects": 0,
            "t_grad": 0.0064540799940004945,
            "t_hess": 0.17816977598704398,
            "t_ls": 0.12904646300012246,
            "t_update": 3.9489998016506433e-05,
            "t_iter": 0.31380612700013444,
            "trust_radius": 1.0,
            "trust_ratio": NaN,
            "trust_qp": NaN
          },
          {
            "it": 3,
            "energy": 0.4406448635625503,
            "dE": 0.06809533691633296,
            "grad_norm": 0.0005637203354679297,
            "grad_target": 1e-05,
            "grad_norm_post": NaN,
            "alpha": -0.3249077617346806,
            "ksp_its": 7,
            "ls_evals": 19,
            "ls_repaired": false,
            "used_gradient_fallback": false,
            "accepted_step": true,
            "step_norm": 272.9899768898122,
            "step_rel": 0.36495037604596775,
            "pred_reduction": NaN,
            "actual_reduction": NaN,
            "trust_rejects": 0,
            "t_grad": 0.00741284602554515,
            "t_hess": 0.1823923920164816,
            "t_ls": 0.12772871798370034,
            "t_update": 3.574503352865577e-05,
            "t_iter": 0.3176820020307787,
            "trust_radius": 1.0,
            "trust_ratio": NaN,
            "trust_qp": NaN
          },
          {
            "it": 4,
            "energy": 0.3666170617530324,
            "dE": 0.0740278018095179,
            "grad_norm": 0.0008703360531289138,
            "grad_target": 1e-05,
            "grad_norm_post": NaN,
            "alpha": 0.26909313659793843,
            "ksp_its": 5,
            "ls_evals": 19,
            "ls_repaired": false,
            "used_gradient_fallback": false,
            "accepted_step": true,
            "step_norm": 221.34661353810412,
            "step_rel": 0.27489297878660274,
            "pred_reduction": NaN,
            "actual_reduction": NaN,
            "trust_rejects": 0,
            "t_grad": 0.006723310973029584,
            "t_hess": 0.1604259600280784,
            "t_ls": 0.13215795200085267,
            "t_update": 3.832898801192641e-05,
            "t_iter": 0.29945674096234143,
            "trust_radius": 1.0,
            "trust_ratio": NaN,
            "trust_qp": NaN
          },
          {
            "it": 5,
            "energy": 0.34606541753380343,
            "dE": 0.02055164421922895,
            "grad_norm": 0.0006583786647948039,
            "grad_target": 1e-05,
            "grad_norm_post": NaN,
            "alpha": 0.9271414196947851,
            "ksp_its": 3,
            "ls_evals": 19,
            "ls_repaired": false,
            "used_gradient_fallback": false,
            "accepted_step": true,
            "step_norm": 70.70642912197778,
            "step_rel": 0.08198354949048559,
            "pred_reduction": NaN,
            "actual_reduction": NaN,
            "trust_rejects": 0,
            "t_grad": 0.006619412975851446,
            "t_hess": 0.14653592702234164,
            "t_ls": 0.12650660396320745,
            "t_update": 3.692600876092911e-05,
            "t_iter": 0.27981483697658405,
            "trust_radius": 1.0,
            "trust_ratio": NaN,
            "trust_qp": NaN
          },
          {
            "it": 6,
            "energy": 0.3456266288006903,
            "dE": 0.00043878873311314903,
            "grad_norm": 8.777045418914938e-05,
            "grad_target": 1e-05,
            "grad_norm_post": NaN,
            "alpha": 1.0436021702626779,
            "ksp_its": 3,
            "ls_evals": 19,
            "ls_repaired": false,
            "used_gradient_fallback": false,
            "accepted_step": true,
            "step_norm": 11.577300009498426,
            "step_rel": 0.013110488303903886,
            "pred_reduction": NaN,
            "actual_reduction": NaN,
            "trust_rejects": 0,
            "t_grad": 0.006824294978287071,
            "t_hess": 0.14187281200429425,
            "t_ls": 0.12898112699622288,
            "t_update": 3.858900163322687e-05,
            "t_iter": 0.27782420796575025,
            "trust_radius": 1.0,
            "trust_ratio": NaN,
            "trust_qp": NaN
          },
          {
            "it": 7,
            "energy": 0.3456264684118114,
            "dE": 1.603888789003527e-07,
            "grad_norm": 1.7622612993267658e-06,
            "grad_target": 1e-05,
            "grad_norm_post": 1.824494528126066e-09,
            "alpha": 1.000416148939007,
            "ksp_its": 3,
            "ls_evals": 19,
            "ls_repaired": false,
            "used_gradient_fallback": false,
            "accepted_step": true,
            "step_norm": 0.21679543905815452,
            "step_rel": 0.0002473203207463801,
            "pred_reduction": NaN,
            "actual_reduction": NaN,
            "trust_rejects": 0,
            "t_grad": 0.006778384966310114,
            "t_hess": 0.13541491597425193,
            "t_ls": 0.12813532404834405,
            "t_update": 4.75830165669322e-05,
            "t_iter": 0.27047175500774756,
            "trust_radius": 1.0,
            "trust_ratio": NaN,
            "trust_qp": NaN
          }
        ],
        "linear_timing": [
          {
            "assemble_total_time": 0.024612779961898923,
            "assemble_p2p_exchange": 0.003087021061219275,
            "assemble_hvp_compute": 0.0074407890206202865,
            "assemble_extraction": 0.012407934991642833,
            "assemble_coo_assembly": 0.0015893499949015677,
            "assemble_n_hvps": 0,
            "setop_time": 7.53102358430624e-06,
            "set_tolerances_time": 2.7750502340495586e-06,
            "pc_setup_time": 0.0816490440047346,
            "solve_time": 0.10962305497378111,
            "linear_total_time": 0.215895185014233,
            "ksp_its": 12
          },
          {
            "assemble_total_time": 0.02544580295216292,
            "assemble_p2p_exchange": 0.003139580017887056,
            "assemble_hvp_compute": 0.006218140013515949,
            "assemble_extraction": 0.014270353014580905,
            "assemble_coo_assembly": 0.0017331010312773287,
            "assemble_n_hvps": 0,
            "setop_time": 2.955028321594e-06,
            "set_tolerances_time": 2.7240021154284477e-06,
            "pc_setup_time": 0.0899349829996936,
            "solve_time": 0.06264344695955515,
            "linear_total_time": 0.1780299119418487,
            "ksp_its": 6
          },
          {
            "assemble_total_time": 0.02607929101213813,
            "assemble_p2p_exchange": 0.00312055298127234,
            "assemble_hvp_compute": 0.008880830951966345,
            "assemble_extraction": 0.011225827038288116,
            "assemble_coo_assembly": 0.0027881130226887763,
            "assemble_n_hvps": 0,
            "setop_time": 3.0149822123348713e-06,
            "set_tolerances_time": 2.9440270736813545e-06,
            "pc_setup_time": 0.0875573959783651,
            "solve_time": 0.06861023098463193,
            "linear_total_time": 0.18225287698442116,
            "ksp_its": 7
          },
          {
            "assemble_total_time": 0.025047283968888223,
            "assemble_p2p_exchange": 0.003133532009087503,
            "assemble_hvp_compute": 0.006497116002719849,
            "assemble_extraction": 0.012947870010975748,
            "assemble_coo_assembly": 0.0023860189830884337,
            "assemble_n_hvps": 0,
            "setop_time": 2.2730091586709023e-06,
            "set_tolerances_time": 2.774992026388645e-06,
            "pc_setup_time": 0.08513902802951634,
            "solve_time": 0.05006264802068472,
            "linear_total_time": 0.16025400802027434,
            "ksp_its": 5
          },
          {
            "assemble_total_time": 0.024841339036356658,
            "assemble_p2p_exchange": 0.003101683978457004,
            "assemble_hvp_compute": 0.006786387995816767,
            "assemble_extraction": 0.012803088990040123,
            "assemble_coo_assembly": 0.002086681022774428,
            "assemble_n_hvps": 0,
            "setop_time": 2.543965820223093e-06,
            "set_tolerances_time": 2.934015356004238e-06,
            "pc_setup_time": 0.08726734295487404,
            "solve_time": 0.03429024596698582,
            "linear_total_time": 0.14640440593939275,
            "ksp_its": 3
          },
          {
            "assemble_total_time": 0.025072450982406735,
            "assemble_p2p_exchange": 0.0030972560052759945,
            "assemble_hvp_compute": 0.006422481033951044,
            "assemble_extraction": 0.012991416035220027,
            "assemble_coo_assembly": 0.002482956973835826,
            "assemble_n_hvps": 0,
            "setop_time": 2.934015356004238e-06,
            "set_tolerances_time": 2.6740017347037792e-06,
            "pc_setup_time": 0.08418708899989724,
            "solve_time": 0.03249097499065101,
            "linear_total_time": 0.1417561229900457,
            "ksp_its": 3
          },
          {
            "assemble_total_time": 0.026082816009875387,
            "assemble_p2p_exchange": 0.0031259310198947787,
            "assemble_hvp_compute": 0.00657482398673892,
            "assemble_extraction": 0.012583122006617486,
            "assemble_coo_assembly": 0.003721299988683313,
            "assemble_n_hvps": 0,
            "setop_time": 3.1050294637680054e-06,
            "set_tolerances_time": 2.83500412479043e-06,
            "pc_setup_time": 0.07621582900173962,
            "solve_time": 0.0330112999654375,
            "linear_total_time": 0.13531588501064107,
            "ksp_its": 3
          }
        ]
      }
    ],
    "metadata": {
      "profile": "performance",
      "nprocs": 32,
      "nproc_threads": 1,
      "linear_solver": {
        "ksp_type": "gmres",
        "pc_type": "hypre",
        "ksp_rtol": 0.001,
        "ksp_max_it": 200,
        "pc_setup_on_ksp_cap": false,
        "gamg_threshold": 0.05,
        "gamg_agg_nsmooths": 1,
        "gamg_set_coordinates": true,
        "reorder": true,
        "hvp_eval_mode": "element_overlap",
        "assembly_mode": "element",
        "element_reorder_mode": "block_xyz",
        "local_hessian_mode": "element",
        "distribution_strategy": "overlap_allgather",
        "assembler": "GLReorderedElementAssembler",
        "trust_subproblem_solver": "direct_linear_solve",
        "trust_subproblem_line_search": false
      },
      "newton": {
        "tolf": 1e-06,
        "tolg": 1e-05,
        "tolg_rel": 0.001,
        "tolx_rel": 0.001,
        "tolx_abs": 1e-10,
        "maxit": 100,
        "require_all_convergence": true,
        "fail_on_nonfinite": true,
        "linesearch_interval": [
          -0.5,
          2.0
        ],
        "linesearch_tol": 0.001,
        "trust_region": false,
        "trust_radius_init": 1.0,
        "trust_radius_min": 1e-08,
        "trust_radius_max": 1000000.0,
        "trust_subproblem_line_search": false,
        "step_time_limit_s": null
      }
    }
  }
}
