{
  "case": {
    "problem": "plaplace",
    "backend": "fenics",
    "level": 8,
    "out": "/home/michal/repos/fenics_nonlinear_energies/experiment_results_cache/plaplace_final_suite/fenics_custom_l8_np1.json",
    "quiet": true,
    "save_history": true,
    "save_linear_timing": true,
    "steps": 1,
    "start_step": 1,
    "total_steps": 24,
    "ksp_type": "cg",
    "pc_type": "hypre",
    "ksp_rtol": 0.1,
    "ksp_max_it": 30,
    "profile": "performance",
    "coloring_trials": 10,
    "nproc_threads": 1,
    "hvp_eval_mode": "sequential",
    "element_reorder_mode": null,
    "local_hessian_mode": null,
    "tolf": 0.0001,
    "tolg": 0.001,
    "tolg_rel": 0.001,
    "tolx_rel": 0.001,
    "tolx_abs": 1e-10,
    "maxit": 100,
    "step_time_limit_s": null,
    "linesearch_a": -0.5,
    "linesearch_b": 2.0,
    "linesearch_tol": 0.1,
    "use_trust_region": false,
    "trust_radius_init": 1.0,
    "trust_radius_min": 1e-08,
    "trust_radius_max": 1000000.0,
    "trust_shrink": 0.5,
    "trust_expand": 1.5,
    "trust_eta_shrink": 0.05,
    "trust_eta_expand": 0.75,
    "trust_max_reject": 6,
    "trust_subproblem_line_search": false,
    "local_coloring": true,
    "retry_on_failure": false,
    "pc_setup_on_ksp_cap": false,
    "use_near_nullspace": true,
    "reorder": null,
    "gamg_threshold": 0.05,
    "gamg_agg_nsmooths": 1,
    "gamg_set_coordinates": true
  },
  "result": {
    "mesh_level": 8,
    "total_dofs": 197633,
    "free_dofs": 195585,
    "setup_time": 0.468005,
    "solve_time_total": 3.170305,
    "total_time": 3.638489,
    "steps": [
      {
        "step": 1,
        "time": 3.170305,
        "nit": 6,
        "linear_iters": 12,
        "energy": -7.959556157608709,
        "message": "Converged (energy, step, gradient)",
        "attempt": "primary",
        "ksp_rtol_used": 0.1,
        "ksp_max_it_used": 30,
        "linesearch_interval_used": [
          -0.5,
          2.0
        ],
        "history": [
          {
            "it": 1,
            "energy": -3.968347195197297,
            "dE": 8.272958754659703,
            "grad_norm": 11.247357640565996,
            "grad_target": 0.011247357640565996,
            "grad_norm_post": NaN,
            "alpha": 0.7233922046847389,
            "ksp_its": 2,
            "ls_evals": 9,
            "ls_repaired": false,
            "used_gradient_fallback": false,
            "accepted_step": true,
            "step_norm": 162.50289560662802,
            "step_rel": 63.60924176222247,
            "pred_reduction": NaN,
            "actual_reduction": NaN,
            "trust_rejects": 0,
            "t_grad": 0.02317962102824822,
            "t_hess": 0.32213950098957866,
            "t_ls": 0.20943298400379717,
            "t_update": 6.1031023506075144e-05,
            "t_iter": 0.5548825029982254,
            "trust_radius": 1.0,
            "trust_ratio": NaN,
            "trust_qp": NaN
          },
          {
            "it": 2,
            "energy": -7.323956451062492,
            "dE": 3.355609255865195,
            "grad_norm": 8.7892219643478,
            "grad_target": 0.011247357640565996,
            "grad_norm_post": NaN,
            "alpha": 0.7766077953152606,
            "ksp_its": 2,
            "ls_evals": 9,
            "ls_repaired": false,
            "used_gradient_fallback": false,
            "accepted_step": true,
            "step_norm": 59.79586466582014,
            "step_rel": 0.3723247173422711,
            "pred_reduction": NaN,
            "actual_reduction": NaN,
            "trust_rejects": 0,
            "t_grad": 0.02368999895406887,
            "t_hess": 0.3193642529658973,
            "t_ls": 0.20513991999905556,
            "t_update": 5.781702930107713e-05,
            "t_iter": 0.5483160659787245,
            "trust_radius": 1.0,
            "trust_ratio": NaN,
            "trust_qp": NaN
          },
          {
            "it": 3,
            "energy": -7.920161439847973,
            "dE": 0.5962049887854812,
            "grad_norm": 3.2967948282254342,
            "grad_target": 0.011247357640565996,
            "grad_norm_post": NaN,
            "alpha": 0.9488170640584248,
            "ksp_its": 2,
            "ls_evals": 9,
            "ls_repaired": false,
            "used_gradient_fallback": false,
            "accepted_step": true,
            "step_norm": 8.857515705312009,
            "step_rel": 0.04034699264652456,
            "pred_reduction": NaN,
            "actual_reduction": NaN,
            "trust_rejects": 0,
            "t_grad": 0.023020610969979316,
            "t_hess": 0.28744510299293324,
            "t_ls": 0.20746441005030647,
            "t_update": 5.836802301928401e-05,
            "t_iter": 0.5180488130426966,
            "trust_radius": 1.0,
            "trust_ratio": NaN,
            "trust_qp": NaN
          },
          {
            "it": 4,
            "energy": -7.9583931391569935,
            "dE": 0.03823169930902015,
            "grad_norm": 0.7242986601126039,
            "grad_target": 0.011247357640565996,
            "grad_norm_post": NaN,
            "alpha": 1.002032654688946,
            "ksp_its": 2,
            "ls_evals": 9,
            "ls_repaired": false,
            "used_gradient_fallback": false,
            "accepted_step": true,
            "step_norm": 4.929229176594637,
            "step_rel": 0.023145455623572557,
            "pred_reduction": NaN,
            "actual_reduction": NaN,
            "trust_rejects": 0,
            "t_grad": 0.022985117975622416,
            "t_hess": 0.2754453159868717,
            "t_ls": 0.20553008699789643,
            "t_update": 5.891895852982998e-05,
            "t_iter": 0.5040789889753796,
            "trust_radius": 1.0,
            "trust_ratio": NaN,
            "trust_qp": NaN
          },
          {
            "it": 5,
            "energy": -7.959531356084585,
            "dE": 0.0011382169275915288,
            "grad_norm": 0.11454192838852055,
            "grad_target": 0.011247357640565996,
            "grad_norm_post": NaN,
            "alpha": 1.0552482453194671,
            "ksp_its": 2,
            "ls_evals": 9,
            "ls_repaired": false,
            "used_gradient_fallback": false,
            "accepted_step": true,
            "step_norm": 0.37148518540592174,
            "step_rel": 0.001784996772682355,
            "pred_reduction": NaN,
            "actual_reduction": NaN,
            "trust_rejects": 0,
            "t_grad": 0.02304936497239396,
            "t_hess": 0.2707397210178897,
            "t_ls": 0.20630346197867766,
            "t_update": 5.852896720170975e-05,
            "t_iter": 0.5002130880020559,
            "trust_radius": 1.0,
            "trust_ratio": NaN,
            "trust_qp": NaN
          },
          {
            "it": 6,
            "energy": -7.959556157608709,
            "dE": 2.480152412420722e-05,
            "grad_norm": 0.01410724125988058,
            "grad_target": 0.011247357640565996,
            "grad_norm_post": 0.0009312085418371625,
            "alpha": 1.088137289060528,
            "ksp_its": 2,
            "ls_evals": 9,
            "ls_repaired": false,
            "used_gradient_fallback": false,
            "accepted_step": true,
            "step_norm": 0.018393018497012033,
            "step_rel": 8.851202166880653e-05,
            "pred_reduction": NaN,
            "actual_reduction": NaN,
            "trust_rejects": 0,
            "t_grad": 0.023455916030798107,
            "t_hess": 0.2736587849794887,
            "t_ls": 0.20553453400498256,
            "t_update": 5.627499194815755e-05,
            "t_iter": 0.5027680839993991,
            "trust_radius": 1.0,
            "trust_ratio": NaN,
            "trust_qp": NaN
          }
        ],
        "linear_timing": [
          {
            "assemble_total_time": 0.061235859990119934,
            "setop_time": 3.1149829737842083e-06,
            "set_tolerances_time": 3.7159770727157593e-06,
            "pc_setup_time": 0.19355020998045802,
            "solve_time": 0.06718758097849786,
            "linear_total_time": 0.3219804819091223,
            "ksp_its": 2
          },
          {
            "assemble_total_time": 0.057319713989272714,
            "setop_time": 3.0249939300119877e-06,
            "set_tolerances_time": 3.896013367921114e-06,
            "pc_setup_time": 0.19128386804368347,
            "solve_time": 0.0705961529747583,
            "linear_total_time": 0.3192066560150124,
            "ksp_its": 2
          },
          {
            "assemble_total_time": 0.05700714304111898,
            "setop_time": 2.362998202443123e-06,
            "set_tolerances_time": 2.7450150810182095e-06,
            "pc_setup_time": 0.16530739597510546,
            "solve_time": 0.0649778539664112,
            "linear_total_time": 0.2872975009959191,
            "ksp_its": 2
          },
          {
            "assemble_total_time": 0.05678918503690511,
            "setop_time": 2.6740017347037792e-06,
            "set_tolerances_time": 2.703978680074215e-06,
            "pc_setup_time": 0.15441892197122797,
            "solve_time": 0.06408108398318291,
            "linear_total_time": 0.27529456897173077,
            "ksp_its": 2
          },
          {
            "assemble_total_time": 0.056632769003044814,
            "setop_time": 2.4730106815695763e-06,
            "set_tolerances_time": 3.0939700081944466e-06,
            "pc_setup_time": 0.14988009800435975,
            "solve_time": 0.0640685650287196,
            "linear_total_time": 0.27058699901681393,
            "ksp_its": 2
          },
          {
            "assemble_total_time": 0.057153073023073375,
            "setop_time": 2.362998202443123e-06,
            "set_tolerances_time": 3.194028977304697e-06,
            "pc_setup_time": 0.1513818289968185,
            "solve_time": 0.0649698720080778,
            "linear_total_time": 0.27351033105514944,
            "ksp_its": 2
          }
        ]
      }
    ],
    "metadata": {
      "nprocs": 1,
      "linear_solver": {
        "ksp_type": "cg",
        "pc_type": "hypre",
        "ksp_rtol": 0.1,
        "ksp_max_it": 30,
        "pc_setup_on_ksp_cap": false,
        "gamg_threshold": 0.05,
        "gamg_agg_nsmooths": 1,
        "gamg_set_coordinates": true,
        "assembly_mode": "fenics",
        "assembler": "FEniCSFormAssembly",
        "distribution_strategy": "dolfinx_mesh_partition",
        "trust_subproblem_solver": "direct_linear_solve",
        "trust_subproblem_line_search": false
      },
      "newton": {
        "tolf": 0.0001,
        "tolg": 0.001,
        "tolg_rel": 0.001,
        "tolx_rel": 0.001,
        "tolx_abs": 1e-10,
        "maxit": 100,
        "require_all_convergence": true,
        "fail_on_nonfinite": true,
        "linesearch_interval": [
          -0.5,
          2.0
        ],
        "linesearch_tol": 0.1,
        "trust_region": false,
        "trust_radius_init": 1.0,
        "trust_radius_min": 1e-08,
        "trust_radius_max": 1000000.0,
        "trust_subproblem_line_search": false,
        "step_time_limit_s": null
      }
    }
  }
}
