{
  "case": {
    "problem": "plaplace",
    "backend": "fenics",
    "level": 8,
    "out": "/home/michal/repos/fenics_nonlinear_energies/experiment_results_cache/plaplace_final_suite/fenics_custom_l8_np8.json",
    "quiet": true,
    "save_history": true,
    "save_linear_timing": true,
    "steps": 1,
    "start_step": 1,
    "total_steps": 24,
    "ksp_type": "cg",
    "pc_type": "hypre",
    "ksp_rtol": 0.1,
    "ksp_max_it": 30,
    "profile": "performance",
    "coloring_trials": 10,
    "nproc_threads": 1,
    "hvp_eval_mode": "sequential",
    "element_reorder_mode": null,
    "local_hessian_mode": null,
    "tolf": 0.0001,
    "tolg": 0.001,
    "tolg_rel": 0.001,
    "tolx_rel": 0.001,
    "tolx_abs": 1e-10,
    "maxit": 100,
    "step_time_limit_s": null,
    "linesearch_a": -0.5,
    "linesearch_b": 2.0,
    "linesearch_tol": 0.1,
    "use_trust_region": false,
    "trust_radius_init": 1.0,
    "trust_radius_min": 1e-08,
    "trust_radius_max": 1000000.0,
    "trust_shrink": 0.5,
    "trust_expand": 1.5,
    "trust_eta_shrink": 0.05,
    "trust_eta_expand": 0.75,
    "trust_max_reject": 6,
    "trust_subproblem_line_search": false,
    "local_coloring": true,
    "retry_on_failure": false,
    "pc_setup_on_ksp_cap": false,
    "use_near_nullspace": true,
    "reorder": null,
    "gamg_threshold": 0.05,
    "gamg_agg_nsmooths": 1,
    "gamg_set_coordinates": true
  },
  "result": {
    "mesh_level": 8,
    "total_dofs": 197633,
    "free_dofs": 197413,
    "setup_time": 0.555701,
    "solve_time_total": 0.651243,
    "total_time": 1.207052,
    "steps": [
      {
        "step": 1,
        "time": 0.651243,
        "nit": 6,
        "linear_iters": 12,
        "energy": -7.95955609643365,
        "message": "Converged (energy, step, gradient)",
        "attempt": "primary",
        "ksp_rtol_used": 0.1,
        "ksp_max_it_used": 30,
        "linesearch_interval_used": [
          -0.5,
          2.0
        ],
        "history": [
          {
            "it": 1,
            "energy": -3.939269026604798,
            "dE": 8.232049335208522,
            "grad_norm": 11.226822240475864,
            "grad_target": 0.011226822240475864,
            "grad_norm_post": NaN,
            "alpha": 0.7233922046847389,
            "ksp_its": 2,
            "ls_evals": 9,
            "ls_repaired": false,
            "used_gradient_fallback": false,
            "accepted_step": true,
            "step_norm": 162.48810533362382,
            "step_rel": 63.52468623592822,
            "pred_reduction": NaN,
            "actual_reduction": NaN,
            "trust_rejects": 0,
            "t_grad": 0.003456995007582009,
            "t_hess": 0.07913353497860953,
            "t_ls": 0.028882706013973802,
            "t_update": 4.4015992898494005e-05,
            "t_iter": 0.11159394797869027,
            "trust_radius": 1.0,
            "trust_ratio": NaN,
            "trust_qp": NaN
          },
          {
            "it": 2,
            "energy": -7.314100809627273,
            "dE": 3.3748317830224748,
            "grad_norm": 8.827655166029839,
            "grad_target": 0.011226822240475864,
            "grad_norm_post": NaN,
            "alpha": 0.7766077953152606,
            "ksp_its": 2,
            "ls_evals": 9,
            "ls_repaired": false,
            "used_gradient_fallback": false,
            "accepted_step": true,
            "step_norm": 60.09250893299815,
            "step_rel": 0.3742281000779558,
            "pred_reduction": NaN,
            "actual_reduction": NaN,
            "trust_rejects": 0,
            "t_grad": 0.0033557730494067073,
            "t_hess": 0.07554311904823408,
            "t_ls": 0.03270226699532941,
            "t_update": 5.768699338659644e-05,
            "t_iter": 0.11171233601635322,
            "trust_radius": 1.0,
            "trust_ratio": NaN,
            "trust_qp": NaN
          },
          {
            "it": 3,
            "energy": -7.920638074986381,
            "dE": 0.6065372653591083,
            "grad_norm": 3.337279572730402,
            "grad_target": 0.011226822240475864,
            "grad_norm_post": NaN,
            "alpha": 0.9488170640584248,
            "ksp_its": 2,
            "ls_evals": 9,
            "ls_repaired": false,
            "used_gradient_fallback": false,
            "accepted_step": true,
            "step_norm": 8.999854244752136,
            "step_rel": 0.04095446903533072,
            "pred_reduction": NaN,
            "actual_reduction": NaN,
            "trust_rejects": 0,
            "t_grad": 0.0036920789862051606,
            "t_hess": 0.07164412800921127,
            "t_ls": 0.028577186982147396,
            "t_update": 4.890398122370243e-05,
            "t_iter": 0.10402278904803097,
            "trust_radius": 1.0,
            "trust_ratio": NaN,
            "trust_qp": NaN
          },
          {
            "it": 4,
            "energy": -7.958476745184749,
            "dE": 0.03783867019836773,
            "grad_norm": 0.7167094484043627,
            "grad_target": 0.011226822240475864,
            "grad_norm_post": NaN,
            "alpha": 1.002032654688946,
            "ksp_its": 2,
            "ls_evals": 9,
            "ls_repaired": false,
            "used_gradient_fallback": false,
            "accepted_step": true,
            "step_norm": 4.935446886455591,
            "step_rel": 0.023173755329890536,
            "pred_reduction": NaN,
            "actual_reduction": NaN,
            "trust_rejects": 0,
            "t_grad": 0.003943206975236535,
            "t_hess": 0.07022332004271448,
            "t_ls": 0.02882729296106845,
            "t_update": 4.515796899795532e-05,
            "t_iter": 0.10310176201164722,
            "trust_radius": 1.0,
            "trust_ratio": NaN,
            "trust_qp": NaN
          },
          {
            "it": 5,
            "energy": -7.959526184426814,
            "dE": 0.00104943924206502,
            "grad_norm": 0.10714920934275085,
            "grad_target": 0.011226822240475864,
            "grad_norm_post": NaN,
            "alpha": 1.0552482453194671,
            "ksp_its": 2,
            "ls_evals": 9,
            "ls_repaired": false,
            "used_gradient_fallback": false,
            "accepted_step": true,
            "step_norm": 0.36406719827964146,
            "step_rel": 0.001749380151744142,
            "pred_reduction": NaN,
            "actual_reduction": NaN,
            "trust_rejects": 0,
            "t_grad": 0.003320880001410842,
            "t_hess": 0.07399401697330177,
            "t_ls": 0.028774091973900795,
            "t_update": 4.420697223395109e-05,
            "t_iter": 0.10619994602166116,
            "trust_radius": 1.0,
            "trust_ratio": NaN,
            "trust_qp": NaN
          },
          {
            "it": 6,
            "energy": -7.95955609643365,
            "dE": 2.9912006835886018e-05,
            "grad_norm": 0.014990658837454231,
            "grad_target": 0.011226822240475864,
            "grad_norm_post": 0.0011321023783886414,
            "alpha": 1.1413528796910493,
            "ksp_its": 2,
            "ls_evals": 9,
            "ls_repaired": false,
            "used_gradient_fallback": false,
            "accepted_step": true,
            "step_norm": 0.018596841348558085,
            "step_rel": 8.949313053246948e-05,
            "pred_reduction": NaN,
            "actual_reduction": NaN,
            "trust_rejects": 0,
            "t_grad": 0.0033365340204909444,
            "t_hess": 0.07537363399751484,
            "t_ls": 0.028861554979812354,
            "t_update": 4.4065993279218674e-05,
            "t_iter": 0.10768197797005996,
            "trust_radius": 1.0,
            "trust_ratio": NaN,
            "trust_qp": NaN
          }
        ],
        "linear_timing": [
          {
            "assemble_total_time": 0.0109000209486112,
            "setop_time": 2.2830208763480186e-06,
            "set_tolerances_time": 3.38495010510087e-06,
            "pc_setup_time": 0.049922844977118075,
            "solve_time": 0.018129926989786327,
            "linear_total_time": 0.07895846088649705,
            "ksp_its": 2
          },
          {
            "assemble_total_time": 0.009774847014341503,
            "setop_time": 2.634013071656227e-06,
            "set_tolerances_time": 2.794025931507349e-06,
            "pc_setup_time": 0.046741975005716085,
            "solve_time": 0.018853825982660055,
            "linear_total_time": 0.07537607604172081,
            "ksp_its": 2
          },
          {
            "assemble_total_time": 0.010038683947641402,
            "setop_time": 2.194021362811327e-06,
            "set_tolerances_time": 2.3230095393955708e-06,
            "pc_setup_time": 0.04334462096448988,
            "solve_time": 0.018095274979714304,
            "linear_total_time": 0.07148309692274779,
            "ksp_its": 2
          },
          {
            "assemble_total_time": 0.009753634978551418,
            "setop_time": 2.1239975467324257e-06,
            "set_tolerances_time": 2.533022779971361e-06,
            "pc_setup_time": 0.04233648197259754,
            "solve_time": 0.017969445034395903,
            "linear_total_time": 0.07006421900587156,
            "ksp_its": 2
          },
          {
            "assemble_total_time": 0.009704080992378294,
            "setop_time": 1.8929713405668736e-06,
            "set_tolerances_time": 2.303975634276867e-06,
            "pc_setup_time": 0.04527020902605727,
            "solve_time": 0.018856220005545765,
            "linear_total_time": 0.07383470697095618,
            "ksp_its": 2
          },
          {
            "assemble_total_time": 0.009708407043945044,
            "setop_time": 1.8629943951964378e-06,
            "set_tolerances_time": 2.4040346033871174e-06,
            "pc_setup_time": 0.04655810899566859,
            "solve_time": 0.018945604970213026,
            "linear_total_time": 0.07521638803882524,
            "ksp_its": 2
          }
        ]
      }
    ],
    "metadata": {
      "nprocs": 8,
      "linear_solver": {
        "ksp_type": "cg",
        "pc_type": "hypre",
        "ksp_rtol": 0.1,
        "ksp_max_it": 30,
        "pc_setup_on_ksp_cap": false,
        "gamg_threshold": 0.05,
        "gamg_agg_nsmooths": 1,
        "gamg_set_coordinates": true,
        "assembly_mode": "fenics",
        "assembler": "FEniCSFormAssembly",
        "distribution_strategy": "dolfinx_mesh_partition",
        "trust_subproblem_solver": "direct_linear_solve",
        "trust_subproblem_line_search": false
      },
      "newton": {
        "tolf": 0.0001,
        "tolg": 0.001,
        "tolg_rel": 0.001,
        "tolx_rel": 0.001,
        "tolx_abs": 1e-10,
        "maxit": 100,
        "require_all_convergence": true,
        "fail_on_nonfinite": true,
        "linesearch_interval": [
          -0.5,
          2.0
        ],
        "linesearch_tol": 0.1,
        "trust_region": false,
        "trust_radius_init": 1.0,
        "trust_radius_min": 1e-08,
        "trust_radius_max": 1000000.0,
        "trust_subproblem_line_search": false,
        "step_time_limit_s": null
      }
    }
  }
}
