{
  "case": {
    "problem": "plaplace",
    "backend": "fenics",
    "level": 6,
    "out": "/home/michal/repos/fenics_nonlinear_energies/experiment_results_cache/plaplace_final_suite/fenics_custom_l6_np2.json",
    "quiet": true,
    "save_history": true,
    "save_linear_timing": true,
    "steps": 1,
    "start_step": 1,
    "total_steps": 24,
    "ksp_type": "cg",
    "pc_type": "hypre",
    "ksp_rtol": 0.1,
    "ksp_max_it": 30,
    "profile": "performance",
    "coloring_trials": 10,
    "nproc_threads": 1,
    "hvp_eval_mode": "sequential",
    "element_reorder_mode": null,
    "local_hessian_mode": null,
    "tolf": 0.0001,
    "tolg": 0.001,
    "tolg_rel": 0.001,
    "tolx_rel": 0.001,
    "tolx_abs": 1e-10,
    "maxit": 100,
    "step_time_limit_s": null,
    "linesearch_a": -0.5,
    "linesearch_b": 2.0,
    "linesearch_tol": 0.1,
    "use_trust_region": false,
    "trust_radius_init": 1.0,
    "trust_radius_min": 1e-08,
    "trust_radius_max": 1000000.0,
    "trust_shrink": 0.5,
    "trust_expand": 1.5,
    "trust_eta_shrink": 0.05,
    "trust_eta_expand": 0.75,
    "trust_max_reject": 6,
    "trust_subproblem_line_search": false,
    "local_coloring": true,
    "retry_on_failure": false,
    "pc_setup_on_ksp_cap": false,
    "use_near_nullspace": true,
    "reorder": null,
    "gamg_threshold": 0.05,
    "gamg_agg_nsmooths": 1,
    "gamg_set_coordinates": true
  },
  "result": {
    "mesh_level": 6,
    "total_dofs": 12545,
    "free_dofs": 12280,
    "setup_time": 0.055878,
    "solve_time_total": 0.108062,
    "total_time": 0.163985,
    "steps": [
      {
        "step": 1,
        "time": 0.108062,
        "nit": 5,
        "linear_iters": 8,
        "energy": -7.954563552976001,
        "message": "Converged (energy, step, gradient)",
        "attempt": "primary",
        "ksp_rtol_used": 0.1,
        "ksp_max_it_used": 30,
        "linesearch_interval_used": [
          -0.5,
          2.0
        ],
        "history": [
          {
            "it": 1,
            "energy": -5.851553292154117,
            "dE": 6.063039337015538,
            "grad_norm": 0.7531848100383495,
            "grad_target": 0.001,
            "grad_norm_post": NaN,
            "alpha": 0.18643785156578707,
            "ksp_its": 1,
            "ls_evals": 9,
            "ls_repaired": false,
            "used_gradient_fallback": false,
            "accepted_step": true,
            "step_norm": 39.75694942196929,
            "step_rel": 39.75694942196929,
            "pred_reduction": NaN,
            "actual_reduction": NaN,
            "trust_rejects": 0,
            "t_grad": 0.0008917420054785907,
            "t_hess": 0.013926741026807576,
            "t_ls": 0.007063385972287506,
            "t_update": 7.53102358430624e-06,
            "t_iter": 0.021908839989919215,
            "trust_radius": 1.0,
            "trust_ratio": NaN,
            "trust_qp": NaN
          },
          {
            "it": 2,
            "energy": -7.688303944327751,
            "dE": 1.8367506521736345,
            "grad_norm": 5.705305179586931,
            "grad_target": 0.001,
            "grad_norm_post": NaN,
            "alpha": 0.5840719796826351,
            "ksp_its": 2,
            "ls_evals": 9,
            "ls_repaired": false,
            "used_gradient_fallback": false,
            "accepted_step": true,
            "step_norm": 14.199167156627977,
            "step_rel": 0.3614497872506566,
            "pred_reduction": NaN,
            "actual_reduction": NaN,
            "trust_rejects": 0,
            "t_grad": 0.0008449920569546521,
            "t_hess": 0.013875973992981017,
            "t_ls": 0.006861431989818811,
            "t_update": 6.960995960980654e-06,
            "t_iter": 0.02160640398506075,
            "trust_radius": 1.0,
            "trust_ratio": NaN,
            "trust_qp": NaN
          },
          {
            "it": 3,
            "energy": -7.950594282416978,
            "dE": 0.26229033808922697,
            "grad_norm": 2.6044145429141765,
            "grad_target": 0.001,
            "grad_norm_post": NaN,
            "alpha": 1.088137289060528,
            "ksp_its": 2,
            "ls_evals": 9,
            "ls_repaired": false,
            "used_gradient_fallback": false,
            "accepted_step": true,
            "step_norm": 0.8695536038916688,
            "step_rel": 0.016417125219939255,
            "pred_reduction": NaN,
            "actual_reduction": NaN,
            "trust_rejects": 0,
            "t_grad": 0.0008424679981544614,
            "t_hess": 0.01338156999554485,
            "t_ls": 0.006824186013545841,
            "t_update": 7.021008059382439e-06,
            "t_iter": 0.021070998045615852,
            "trust_radius": 1.0,
            "trust_ratio": NaN,
            "trust_qp": NaN
          },
          {
            "it": 4,
            "energy": -7.954535345320178,
            "dE": 0.003941062903199288,
            "grad_norm": 0.23882486976502842,
            "grad_target": 0.001,
            "grad_norm_post": NaN,
            "alpha": 1.088137289060528,
            "ksp_its": 1,
            "ls_evals": 9,
            "ls_repaired": false,
            "used_gradient_fallback": false,
            "accepted_step": true,
            "step_norm": 0.37302015016905493,
            "step_rel": 0.007130809174181645,
            "pred_reduction": NaN,
            "actual_reduction": NaN,
            "trust_rejects": 0,
            "t_grad": 0.0008347569964826107,
            "t_hess": 0.01294832699932158,
            "t_ls": 0.006809172977227718,
            "t_update": 7.110997103154659e-06,
            "t_iter": 0.020614581007976085,
            "trust_radius": 1.0,
            "trust_ratio": NaN,
            "trust_qp": NaN
          },
          {
            "it": 5,
            "energy": -7.954563552976001,
            "dE": 2.8207655823564437e-05,
            "grad_norm": 0.018928011234971523,
            "grad_target": 0.001,
            "grad_norm_post": 0.00048531256334001256,
            "alpha": 1.002032654688946,
            "ksp_its": 2,
            "ls_evals": 9,
            "ls_repaired": false,
            "used_gradient_fallback": false,
            "accepted_step": true,
            "step_norm": 0.019073804147415108,
            "step_rel": 0.0003671837618535155,
            "pred_reduction": NaN,
            "actual_reduction": NaN,
            "trust_rejects": 0,
            "t_grad": 0.0008474760106764734,
            "t_hess": 0.013401358970440924,
            "t_ls": 0.006810225022491068,
            "t_update": 6.800051778554916e-06,
            "t_iter": 0.0210826059919782,
            "trust_radius": 1.0,
            "trust_ratio": NaN,
            "trust_qp": NaN
          }
        ],
        "linear_timing": [
          {
            "assemble_total_time": 0.0023760379990562797,
            "setop_time": 3.035005647689104e-06,
            "set_tolerances_time": 1.000997144728899e-06,
            "pc_setup_time": 0.009664183016866446,
            "solve_time": 0.001836164970882237,
            "linear_total_time": 0.01388042198959738,
            "ksp_its": 1
          },
          {
            "assemble_total_time": 0.0020435269689187407,
            "setop_time": 8.210190571844578e-07,
            "set_tolerances_time": 1.1720112524926662e-06,
            "pc_setup_time": 0.008887692994903773,
            "solve_time": 0.002899817016441375,
            "linear_total_time": 0.013833030010573566,
            "ksp_its": 2
          },
          {
            "assemble_total_time": 0.00203313201200217,
            "setop_time": 5.309702828526497e-07,
            "set_tolerances_time": 8.709612302482128e-07,
            "pc_setup_time": 0.008440019038971514,
            "solve_time": 0.0028663769480772316,
            "linear_total_time": 0.013340929930564016,
            "ksp_its": 2
          },
          {
            "assemble_total_time": 0.0020656700362451375,
            "setop_time": 4.899920895695686e-07,
            "set_tolerances_time": 7.41973053663969e-07,
            "pc_setup_time": 0.008826731005683541,
            "solve_time": 0.0020135819795541465,
            "linear_total_time": 0.012907214986626059,
            "ksp_its": 1
          },
          {
            "assemble_total_time": 0.002039000974036753,
            "setop_time": 5.110050551593304e-07,
            "set_tolerances_time": 8.710194379091263e-07,
            "pc_setup_time": 0.008403574000112712,
            "solve_time": 0.0029156309901736677,
            "linear_total_time": 0.013359587988816202,
            "ksp_its": 2
          }
        ]
      }
    ],
    "metadata": {
      "nprocs": 2,
      "linear_solver": {
        "ksp_type": "cg",
        "pc_type": "hypre",
        "ksp_rtol": 0.1,
        "ksp_max_it": 30,
        "pc_setup_on_ksp_cap": false,
        "gamg_threshold": 0.05,
        "gamg_agg_nsmooths": 1,
        "gamg_set_coordinates": true,
        "assembly_mode": "fenics",
        "assembler": "FEniCSFormAssembly",
        "distribution_strategy": "dolfinx_mesh_partition",
        "trust_subproblem_solver": "direct_linear_solve",
        "trust_subproblem_line_search": false
      },
      "newton": {
        "tolf": 0.0001,
        "tolg": 0.001,
        "tolg_rel": 0.001,
        "tolx_rel": 0.001,
        "tolx_abs": 1e-10,
        "maxit": 100,
        "require_all_convergence": true,
        "fail_on_nonfinite": true,
        "linesearch_interval": [
          -0.5,
          2.0
        ],
        "linesearch_tol": 0.1,
        "trust_region": false,
        "trust_radius_init": 1.0,
        "trust_radius_min": 1e-08,
        "trust_radius_max": 1000000.0,
        "trust_subproblem_line_search": false,
        "step_time_limit_s": null
      }
    }
  }
}
