{
  "case": {
    "problem": "plaplace",
    "backend": "fenics",
    "level": 9,
    "out": "/home/michal/repos/fenics_nonlinear_energies/experiment_results_cache/plaplace_final_suite/fenics_custom_l9_np4.json",
    "quiet": true,
    "save_history": true,
    "save_linear_timing": true,
    "steps": 1,
    "start_step": 1,
    "total_steps": 24,
    "ksp_type": "cg",
    "pc_type": "hypre",
    "ksp_rtol": 0.1,
    "ksp_max_it": 30,
    "profile": "performance",
    "coloring_trials": 10,
    "nproc_threads": 1,
    "hvp_eval_mode": "sequential",
    "element_reorder_mode": null,
    "local_hessian_mode": null,
    "tolf": 0.0001,
    "tolg": 0.001,
    "tolg_rel": 0.001,
    "tolx_rel": 0.001,
    "tolx_abs": 1e-10,
    "maxit": 100,
    "step_time_limit_s": null,
    "linesearch_a": -0.5,
    "linesearch_b": 2.0,
    "linesearch_tol": 0.1,
    "use_trust_region": false,
    "trust_radius_init": 1.0,
    "trust_radius_min": 1e-08,
    "trust_radius_max": 1000000.0,
    "trust_shrink": 0.5,
    "trust_expand": 1.5,
    "trust_eta_shrink": 0.05,
    "trust_eta_expand": 0.75,
    "trust_max_reject": 6,
    "trust_subproblem_line_search": false,
    "local_coloring": true,
    "retry_on_failure": false,
    "pc_setup_on_ksp_cap": false,
    "use_near_nullspace": true,
    "reorder": null,
    "gamg_threshold": 0.05,
    "gamg_agg_nsmooths": 1,
    "gamg_set_coordinates": true
  },
  "result": {
    "mesh_level": 9,
    "total_dofs": 788481,
    "free_dofs": 787184,
    "setup_time": 2.535283,
    "solve_time_total": 4.076894,
    "total_time": 6.612495,
    "steps": [
      {
        "step": 1,
        "time": 4.076894,
        "nit": 6,
        "linear_iters": 12,
        "energy": -7.960005688598329,
        "message": "Converged (energy, step, gradient)",
        "attempt": "primary",
        "ksp_rtol_used": 0.1,
        "ksp_max_it_used": 30,
        "linesearch_interval_used": [
          -0.5,
          2.0
        ],
        "history": [
          {
            "it": 1,
            "energy": -5.151387339240468,
            "dE": 38.318921956624095,
            "grad_norm": 44.82688803593708,
            "grad_target": 0.04482688803593708,
            "grad_norm_post": NaN,
            "alpha": 1.6783072328100033,
            "ksp_its": 2,
            "ls_evals": 9,
            "ls_repaired": false,
            "used_gradient_fallback": false,
            "accepted_step": true,
            "step_norm": 379.288828613726,
            "step_rel": 74.12546462249696,
            "pred_reduction": NaN,
            "actual_reduction": NaN,
            "trust_rejects": 0,
            "t_grad": 0.024940229021012783,
            "t_hess": 0.4654695119825192,
            "t_ls": 0.2230758189689368,
            "t_update": 0.00023754802532494068,
            "t_iter": 0.7138583210180514,
            "trust_radius": 1.0,
            "trust_ratio": NaN,
            "trust_qp": NaN
          },
          {
            "it": 2,
            "energy": -7.549155025778035,
            "dE": 2.3977676865375663,
            "grad_norm": 8.595539706987935,
            "grad_target": 0.04482688803593708,
            "grad_norm_post": NaN,
            "alpha": 0.7233922046847389,
            "ksp_its": 2,
            "ls_evals": 9,
            "ls_repaired": false,
            "used_gradient_fallback": false,
            "accepted_step": true,
            "step_norm": 78.1438397314768,
            "step_rel": 0.20812481440291863,
            "pred_reduction": NaN,
            "actual_reduction": NaN,
            "trust_rejects": 0,
            "t_grad": 0.024897725030314177,
            "t_hess": 0.4415216769557446,
            "t_ls": 0.22301962395431474,
            "t_update": 0.00024090195074677467,
            "t_iter": 0.6897645149729215,
            "trust_radius": 1.0,
            "trust_ratio": NaN,
            "trust_qp": NaN
          },
          {
            "it": 3,
            "energy": -7.953220633350786,
            "dE": 0.40406560757275134,
            "grad_norm": 3.1313495241681406,
            "grad_target": 0.04482688803593708,
            "grad_norm_post": NaN,
            "alpha": 1.1413528796910493,
            "ksp_its": 2,
            "ls_evals": 9,
            "ls_repaired": false,
            "used_gradient_fallback": false,
            "accepted_step": true,
            "step_norm": 31.810856469578372,
            "step_rel": 0.07102770125083786,
            "pred_reduction": NaN,
            "actual_reduction": NaN,
            "trust_rejects": 0,
            "t_grad": 0.024764063011389226,
            "t_hess": 0.3888526110094972,
            "t_ls": 0.2500460229930468,
            "t_update": 0.00024282600497826934,
            "t_iter": 0.6639927249634638,
            "trust_radius": 1.0,
            "trust_ratio": NaN,
            "trust_qp": NaN
          },
          {
            "it": 4,
            "energy": -7.959901493101234,
            "dE": 0.006680859750447965,
            "grad_norm": 0.34901820304572756,
            "grad_target": 0.04482688803593708,
            "grad_norm_post": NaN,
            "alpha": 1.088137289060528,
            "ksp_its": 2,
            "ls_evals": 9,
            "ls_repaired": false,
            "used_gradient_fallback": false,
            "accepted_step": true,
            "step_norm": 1.051694156117665,
            "step_rel": 0.0025259575394628087,
            "pred_reduction": NaN,
            "actual_reduction": NaN,
            "trust_rejects": 0,
            "t_grad": 0.024919766990933567,
            "t_hess": 0.3846585570136085,
            "t_ls": 0.22273443400627002,
            "t_update": 0.00023756700102239847,
            "t_iter": 0.6326619840110652,
            "trust_radius": 1.0,
            "trust_ratio": NaN,
            "trust_qp": NaN
          },
          {
            "it": 5,
            "energy": -7.960004602485954,
            "dE": 0.00010310938472013476,
            "grad_norm": 0.03438126937360831,
            "grad_target": 0.04482688803593708,
            "grad_norm_post": NaN,
            "alpha": 1.1413528796910493,
            "ksp_its": 2,
            "ls_evals": 9,
            "ls_repaired": false,
            "used_gradient_fallback": false,
            "accepted_step": true,
            "step_norm": 0.0972374217128252,
            "step_rel": 0.00023391885097163884,
            "pred_reduction": NaN,
            "actual_reduction": NaN,
            "trust_rejects": 0,
            "t_grad": 0.025115052005276084,
            "t_hess": 0.40465128602227196,
            "t_ls": 0.2492049160064198,
            "t_update": 0.0002445979625917971,
            "t_iter": 0.6793015520088375,
            "trust_radius": 1.0,
            "trust_ratio": NaN,
            "trust_qp": NaN
          },
          {
            "it": 6,
            "energy": -7.960005688598329,
            "dE": 1.0861123751482182e-06,
            "grad_norm": 0.003211140125162245,
            "grad_target": 0.04482688803593708,
            "grad_norm_post": 0.00019107494811570694,
            "alpha": 1.0552482453194671,
            "ksp_its": 2,
            "ls_evals": 9,
            "ls_repaired": false,
            "used_gradient_fallback": false,
            "accepted_step": true,
            "step_norm": 0.005988327545129443,
            "step_rel": 1.4408020441698462e-05,
            "pred_reduction": NaN,
            "actual_reduction": NaN,
            "trust_rejects": 0,
            "t_grad": 0.02476629603188485,
            "t_hess": 0.40680544899078086,
            "t_ls": 0.22091116901719943,
            "t_update": 0.0002371370210312307,
            "t_iter": 0.6528080040006898,
            "trust_radius": 1.0,
            "trust_ratio": NaN,
            "trust_qp": NaN
          }
        ],
        "linear_timing": [
          {
            "assemble_total_time": 0.0711185919935815,
            "setop_time": 2.8640497475862503e-06,
            "set_tolerances_time": 3.3549731597304344e-06,
            "pc_setup_time": 0.2816042259801179,
            "solve_time": 0.11224346596281976,
            "linear_total_time": 0.4649725029594265,
            "ksp_its": 2
          },
          {
            "assemble_total_time": 0.06592641497263685,
            "setop_time": 2.262997440993786e-06,
            "set_tolerances_time": 3.0549708753824234e-06,
            "pc_setup_time": 0.2629541070200503,
            "solve_time": 0.11212663096375763,
            "linear_total_time": 0.44101247092476115,
            "ksp_its": 2
          },
          {
            "assemble_total_time": 0.06581403501331806,
            "setop_time": 1.7720158211886883e-06,
            "set_tolerances_time": 2.2239983081817627e-06,
            "pc_setup_time": 0.21722463000332937,
            "solve_time": 0.1053010739851743,
            "linear_total_time": 0.3883437350159511,
            "ksp_its": 2
          },
          {
            "assemble_total_time": 0.06608219898771495,
            "setop_time": 1.702981535345316e-06,
            "set_tolerances_time": 1.7829588614404202e-06,
            "pc_setup_time": 0.2104983319877647,
            "solve_time": 0.10757339501287788,
            "linear_total_time": 0.3841574119287543,
            "ksp_its": 2
          },
          {
            "assemble_total_time": 0.06536038196645677,
            "setop_time": 1.7120037227869034e-06,
            "set_tolerances_time": 2.1929736249148846e-06,
            "pc_setup_time": 0.22447782900417224,
            "solve_time": 0.11428994702873752,
            "linear_total_time": 0.4041320629767142,
            "ksp_its": 2
          },
          {
            "assemble_total_time": 0.06569105997914448,
            "setop_time": 1.8220162019133568e-06,
            "set_tolerances_time": 1.5720142982900143e-06,
            "pc_setup_time": 0.22453083901200444,
            "solve_time": 0.1160796019830741,
            "linear_total_time": 0.4063048950047232,
            "ksp_its": 2
          }
        ]
      }
    ],
    "metadata": {
      "nprocs": 4,
      "linear_solver": {
        "ksp_type": "cg",
        "pc_type": "hypre",
        "ksp_rtol": 0.1,
        "ksp_max_it": 30,
        "pc_setup_on_ksp_cap": false,
        "gamg_threshold": 0.05,
        "gamg_agg_nsmooths": 1,
        "gamg_set_coordinates": true,
        "assembly_mode": "fenics",
        "assembler": "FEniCSFormAssembly",
        "distribution_strategy": "dolfinx_mesh_partition",
        "trust_subproblem_solver": "direct_linear_solve",
        "trust_subproblem_line_search": false
      },
      "newton": {
        "tolf": 0.0001,
        "tolg": 0.001,
        "tolg_rel": 0.001,
        "tolx_rel": 0.001,
        "tolx_abs": 1e-10,
        "maxit": 100,
        "require_all_convergence": true,
        "fail_on_nonfinite": true,
        "linesearch_interval": [
          -0.5,
          2.0
        ],
        "linesearch_tol": 0.1,
        "trust_region": false,
        "trust_radius_init": 1.0,
        "trust_radius_min": 1e-08,
        "trust_radius_max": 1000000.0,
        "trust_subproblem_line_search": false,
        "step_time_limit_s": null
      }
    }
  }
}
