{
  "case": {
    "problem": "plaplace",
    "backend": "fenics",
    "level": 6,
    "out": "/home/michal/repos/fenics_nonlinear_energies/experiment_results_cache/plaplace_final_suite/fenics_custom_l6_np1.json",
    "quiet": true,
    "save_history": true,
    "save_linear_timing": true,
    "steps": 1,
    "start_step": 1,
    "total_steps": 24,
    "ksp_type": "cg",
    "pc_type": "hypre",
    "ksp_rtol": 0.1,
    "ksp_max_it": 30,
    "profile": "performance",
    "coloring_trials": 10,
    "nproc_threads": 1,
    "hvp_eval_mode": "sequential",
    "element_reorder_mode": null,
    "local_hessian_mode": null,
    "tolf": 0.0001,
    "tolg": 0.001,
    "tolg_rel": 0.001,
    "tolx_rel": 0.001,
    "tolx_abs": 1e-10,
    "maxit": 100,
    "step_time_limit_s": null,
    "linesearch_a": -0.5,
    "linesearch_b": 2.0,
    "linesearch_tol": 0.1,
    "use_trust_region": false,
    "trust_radius_init": 1.0,
    "trust_radius_min": 1e-08,
    "trust_radius_max": 1000000.0,
    "trust_shrink": 0.5,
    "trust_expand": 1.5,
    "trust_eta_shrink": 0.05,
    "trust_eta_expand": 0.75,
    "trust_max_reject": 6,
    "trust_subproblem_line_search": false,
    "local_coloring": true,
    "retry_on_failure": false,
    "pc_setup_on_ksp_cap": false,
    "use_near_nullspace": true,
    "reorder": null,
    "gamg_threshold": 0.05,
    "gamg_agg_nsmooths": 1,
    "gamg_set_coordinates": true
  },
  "result": {
    "mesh_level": 6,
    "total_dofs": 12545,
    "free_dofs": 12033,
    "setup_time": 0.048405,
    "solve_time_total": 0.177494,
    "total_time": 0.225946,
    "steps": [
      {
        "step": 1,
        "time": 0.177494,
        "nit": 5,
        "linear_iters": 9,
        "energy": -7.954563552137448,
        "message": "Converged (energy, step, gradient)",
        "attempt": "primary",
        "ksp_rtol_used": 0.1,
        "ksp_max_it_used": 30,
        "linesearch_interval_used": [
          -0.5,
          2.0
        ],
        "history": [
          {
            "it": 1,
            "energy": -5.844614755471548,
            "dE": 6.055608739712495,
            "grad_norm": 0.7513529991795526,
            "grad_target": 0.001,
            "grad_norm_post": NaN,
            "alpha": 0.18643785156578707,
            "ksp_its": 1,
            "ls_evals": 9,
            "ls_repaired": false,
            "used_gradient_fallback": false,
            "accepted_step": true,
            "step_norm": 40.376342908991525,
            "step_rel": 40.376342908991525,
            "pred_reduction": NaN,
            "actual_reduction": NaN,
            "trust_rejects": 0,
            "t_grad": 0.0016612819745205343,
            "t_hess": 0.020426147035323083,
            "t_ls": 0.01357568200910464,
            "t_update": 5.5889831855893135e-06,
            "t_iter": 0.035685754963196814,
            "trust_radius": 1.0,
            "trust_ratio": NaN,
            "trust_qp": NaN
          },
          {
            "it": 2,
            "energy": -7.671547647296662,
            "dE": 1.8269328918251135,
            "grad_norm": 5.95796576957109,
            "grad_target": 0.001,
            "grad_norm_post": NaN,
            "alpha": 0.5840719796826351,
            "ksp_its": 2,
            "ls_evals": 9,
            "ls_repaired": false,
            "used_gradient_fallback": false,
            "accepted_step": true,
            "step_norm": 13.538205279192754,
            "step_rel": 0.3392467271181423,
            "pred_reduction": NaN,
            "actual_reduction": NaN,
            "trust_rejects": 0,
            "t_grad": 0.001599838025867939,
            "t_hess": 0.02038812095997855,
            "t_ls": 0.013216950988862664,
            "t_update": 5.237990990281105e-06,
            "t_iter": 0.03522347001126036,
            "trust_radius": 1.0,
            "trust_ratio": NaN,
            "trust_qp": NaN
          },
          {
            "it": 3,
            "energy": -7.950015440384192,
            "dE": 0.2784677930875299,
            "grad_norm": 2.7121242389428946,
            "grad_target": 0.001,
            "grad_norm_post": NaN,
            "alpha": 1.088137289060528,
            "ksp_its": 2,
            "ls_evals": 9,
            "ls_repaired": false,
            "used_gradient_fallback": false,
            "accepted_step": true,
            "step_norm": 0.8394003726397626,
            "step_rel": 0.015856129746039074,
            "pred_reduction": NaN,
            "actual_reduction": NaN,
            "trust_rejects": 0,
            "t_grad": 0.0016103250090964139,
            "t_hess": 0.020136872015427798,
            "t_ls": 0.01316330098779872,
            "t_update": 4.757021088153124e-06,
            "t_iter": 0.03492802398977801,
            "trust_radius": 1.0,
            "trust_ratio": NaN,
            "trust_qp": NaN
          },
          {
            "it": 4,
            "energy": -7.954536407946096,
            "dE": 0.004520967561903788,
            "grad_norm": 0.2623357898221465,
            "grad_target": 0.001,
            "grad_norm_post": NaN,
            "alpha": 1.088137289060528,
            "ksp_its": 2,
            "ls_evals": 9,
            "ls_repaired": false,
            "used_gradient_fallback": false,
            "accepted_step": true,
            "step_norm": 0.41395316206161453,
            "step_rel": 0.007913164981404857,
            "pred_reduction": NaN,
            "actual_reduction": NaN,
            "trust_rejects": 0,
            "t_grad": 0.0015915369731374085,
            "t_hess": 0.019504759984556586,
            "t_ls": 0.013248570030555129,
            "t_update": 5.0879898481070995e-06,
            "t_iter": 0.03436243301257491,
            "trust_radius": 1.0,
            "trust_ratio": NaN,
            "trust_qp": NaN
          },
          {
            "it": 5,
            "energy": -7.954563552137448,
            "dE": 2.714419135241286e-05,
            "grad_norm": 0.016929340209090864,
            "grad_target": 0.001,
            "grad_norm_post": 0.00047086465318442943,
            "alpha": 1.002032654688946,
            "ksp_its": 2,
            "ls_evals": 9,
            "ls_repaired": false,
            "used_gradient_fallback": false,
            "accepted_step": true,
            "step_norm": 0.025383169196016308,
            "step_rel": 0.0004890254049814963,
            "pred_reduction": NaN,
            "actual_reduction": NaN,
            "trust_rejects": 0,
            "t_grad": 0.0015484010218642652,
            "t_hess": 0.019612662959843874,
            "t_ls": 0.013081296987365931,
            "t_update": 5.127978511154652e-06,
            "t_iter": 0.03426043799845502,
            "trust_radius": 1.0,
            "trust_ratio": NaN,
            "trust_qp": NaN
          }
        ],
        "linear_timing": [
          {
            "assemble_total_time": 0.004810643964447081,
            "setop_time": 1.0119983926415443e-06,
            "set_tolerances_time": 1.000997144728899e-06,
            "pc_setup_time": 0.01299874298274517,
            "solve_time": 0.002581597014795989,
            "linear_total_time": 0.02039299695752561,
            "ksp_its": 1
          },
          {
            "assemble_total_time": 0.004473536973819137,
            "setop_time": 5.610054358839989e-07,
            "set_tolerances_time": 1.1820229701697826e-06,
            "pc_setup_time": 0.0117086399695836,
            "solve_time": 0.004175487963948399,
            "linear_total_time": 0.02035940793575719,
            "ksp_its": 2
          },
          {
            "assemble_total_time": 0.00440448202425614,
            "setop_time": 5.709589459002018e-07,
            "set_tolerances_time": 8.110073395073414e-07,
            "pc_setup_time": 0.01140364195453003,
            "solve_time": 0.0043012769892811775,
            "linear_total_time": 0.020110782934352756,
            "ksp_its": 2
          },
          {
            "assemble_total_time": 0.004414957948029041,
            "setop_time": 5.509937182068825e-07,
            "set_tolerances_time": 7.00994860380888e-07,
            "pc_setup_time": 0.010838841029908508,
            "solve_time": 0.004223870986606926,
            "linear_total_time": 0.019478921953123063,
            "ksp_its": 2
          },
          {
            "assemble_total_time": 0.004450310952961445,
            "setop_time": 4.5099295675754547e-07,
            "set_tolerances_time": 7.410417310893536e-07,
            "pc_setup_time": 0.010881344962399453,
            "solve_time": 0.004253255028743297,
            "linear_total_time": 0.01958610297879204,
            "ksp_its": 2
          }
        ]
      }
    ],
    "metadata": {
      "nprocs": 1,
      "linear_solver": {
        "ksp_type": "cg",
        "pc_type": "hypre",
        "ksp_rtol": 0.1,
        "ksp_max_it": 30,
        "pc_setup_on_ksp_cap": false,
        "gamg_threshold": 0.05,
        "gamg_agg_nsmooths": 1,
        "gamg_set_coordinates": true,
        "assembly_mode": "fenics",
        "assembler": "FEniCSFormAssembly",
        "distribution_strategy": "dolfinx_mesh_partition",
        "trust_subproblem_solver": "direct_linear_solve",
        "trust_subproblem_line_search": false
      },
      "newton": {
        "tolf": 0.0001,
        "tolg": 0.001,
        "tolg_rel": 0.001,
        "tolx_rel": 0.001,
        "tolx_abs": 1e-10,
        "maxit": 100,
        "require_all_convergence": true,
        "fail_on_nonfinite": true,
        "linesearch_interval": [
          -0.5,
          2.0
        ],
        "linesearch_tol": 0.1,
        "trust_region": false,
        "trust_radius_init": 1.0,
        "trust_radius_min": 1e-08,
        "trust_radius_max": 1000000.0,
        "trust_subproblem_line_search": false,
        "step_time_limit_s": null
      }
    }
  }
}
