{
  "case": {
    "problem": "plaplace",
    "backend": "fenics",
    "level": 9,
    "out": "/home/michal/repos/fenics_nonlinear_energies/experiment_results_cache/plaplace_final_suite/fenics_custom_l9_np16.json",
    "quiet": true,
    "save_history": true,
    "save_linear_timing": true,
    "steps": 1,
    "start_step": 1,
    "total_steps": 24,
    "ksp_type": "cg",
    "pc_type": "hypre",
    "ksp_rtol": 0.1,
    "ksp_max_it": 30,
    "profile": "performance",
    "coloring_trials": 10,
    "nproc_threads": 1,
    "hvp_eval_mode": "sequential",
    "element_reorder_mode": null,
    "local_hessian_mode": null,
    "tolf": 0.0001,
    "tolg": 0.001,
    "tolg_rel": 0.001,
    "tolx_rel": 0.001,
    "tolx_abs": 1e-10,
    "maxit": 100,
    "step_time_limit_s": null,
    "linesearch_a": -0.5,
    "linesearch_b": 2.0,
    "linesearch_tol": 0.1,
    "use_trust_region": false,
    "trust_radius_init": 1.0,
    "trust_radius_min": 1e-08,
    "trust_radius_max": 1000000.0,
    "trust_shrink": 0.5,
    "trust_expand": 1.5,
    "trust_eta_shrink": 0.05,
    "trust_eta_expand": 0.75,
    "trust_max_reject": 6,
    "trust_subproblem_line_search": false,
    "local_coloring": true,
    "retry_on_failure": false,
    "pc_setup_on_ksp_cap": false,
    "use_near_nullspace": true,
    "reorder": null,
    "gamg_threshold": 0.05,
    "gamg_agg_nsmooths": 1,
    "gamg_set_coordinates": true
  },
  "result": {
    "mesh_level": 9,
    "total_dofs": 788481,
    "free_dofs": 788361,
    "setup_time": 2.091575,
    "solve_time_total": 1.312815,
    "total_time": 3.404551,
    "steps": [
      {
        "step": 1,
        "time": 1.312815,
        "nit": 6,
        "linear_iters": 12,
        "energy": -7.960005690089586,
        "message": "Converged (energy, step, gradient)",
        "attempt": "primary",
        "ksp_rtol_used": 0.1,
        "ksp_max_it_used": 30,
        "linesearch_interval_used": [
          -0.5,
          2.0
        ],
        "history": [
          {
            "it": 1,
            "energy": -5.168989017640969,
            "dE": 38.3234467176446,
            "grad_norm": 44.819483078282936,
            "grad_target": 0.044819483078282936,
            "grad_norm_post": NaN,
            "alpha": 1.6783072328100033,
            "ksp_its": 2,
            "ls_evals": 9,
            "ls_repaired": false,
            "used_gradient_fallback": false,
            "accepted_step": true,
            "step_norm": 378.8869520563839,
            "step_rel": 74.22235625730156,
            "pred_reduction": NaN,
            "actual_reduction": NaN,
            "trust_rejects": 0,
            "t_grad": 0.006879216991364956,
            "t_hess": 0.1565610829857178,
            "t_ls": 0.05992525798501447,
            "t_update": 0.00010178296361118555,
            "t_iter": 0.2235531109618023,
            "trust_radius": 1.0,
            "trust_ratio": NaN,
            "trust_qp": NaN
          },
          {
            "it": 2,
            "energy": -7.551918344151533,
            "dE": 2.3829293265105633,
            "grad_norm": 8.546068067951273,
            "grad_target": 0.044819483078282936,
            "grad_norm_post": NaN,
            "alpha": 0.7233922046847389,
            "ksp_its": 2,
            "ls_evals": 9,
            "ls_repaired": false,
            "used_gradient_fallback": false,
            "accepted_step": true,
            "step_norm": 78.29720174326691,
            "step_rel": 0.20875149289701936,
            "pred_reduction": NaN,
            "actual_reduction": NaN,
            "trust_rejects": 0,
            "t_grad": 0.006976442993618548,
            "t_hess": 0.1490322289755568,
            "t_ls": 0.06668660702416673,
            "t_update": 0.00010397698497399688,
            "t_iter": 0.22287427802802995,
            "trust_radius": 1.0,
            "trust_ratio": NaN,
            "trust_qp": NaN
          },
          {
            "it": 3,
            "energy": -7.953110373586444,
            "dE": 0.4011920294349114,
            "grad_norm": 3.1064399227700537,
            "grad_target": 0.044819483078282936,
            "grad_norm_post": NaN,
            "alpha": 1.1413528796910493,
            "ksp_its": 2,
            "ls_evals": 9,
            "ls_repaired": false,
            "used_gradient_fallback": false,
            "accepted_step": true,
            "step_norm": 31.70538708617136,
            "step_rel": 0.07080381268109359,
            "pred_reduction": NaN,
            "actual_reduction": NaN,
            "trust_rejects": 0,
            "t_grad": 0.006691833958029747,
            "t_hess": 0.13489484501769766,
            "t_ls": 0.06661873502889648,
            "t_update": 9.971001418307424e-05,
            "t_iter": 0.2083911639638245,
            "trust_radius": 1.0,
            "trust_ratio": NaN,
            "trust_qp": NaN
          },
          {
            "it": 4,
            "energy": -7.959902182550613,
            "dE": 0.006791808964169199,
            "grad_norm": 0.3453937102115455,
            "grad_target": 0.044819483078282936,
            "grad_norm_post": NaN,
            "alpha": 1.1413528796910493,
            "ksp_its": 2,
            "ls_evals": 9,
            "ls_repaired": false,
            "used_gradient_fallback": false,
            "accepted_step": true,
            "step_norm": 1.1191831453954357,
            "step_rel": 0.002687996456987931,
            "pred_reduction": NaN,
            "actual_reduction": NaN,
            "trust_rejects": 0,
            "t_grad": 0.007111435988917947,
            "t_hess": 0.14928506000433117,
            "t_ls": 0.06001756701152772,
            "t_update": 0.00010231399210169911,
            "t_iter": 0.2165916400263086,
            "trust_radius": 1.0,
            "trust_ratio": NaN,
            "trust_qp": NaN
          },
          {
            "it": 5,
            "energy": -7.960004633775243,
            "dE": 0.00010245122462926304,
            "grad_norm": 0.035922637044089774,
            "grad_target": 0.044819483078282936,
            "grad_norm_post": NaN,
            "alpha": 1.088137289060528,
            "ksp_its": 2,
            "ls_evals": 9,
            "ls_repaired": false,
            "used_gradient_fallback": false,
            "accepted_step": true,
            "step_norm": 0.06369059984044724,
            "step_rel": 0.00015322854740664794,
            "pred_reduction": NaN,
            "actual_reduction": NaN,
            "trust_rejects": 0,
            "t_grad": 0.00668014696566388,
            "t_hess": 0.14857181598199531,
            "t_ls": 0.05991898901993409,
            "t_update": 0.000100962002761662,
            "t_iter": 0.215352094033733,
            "trust_radius": 1.0,
            "trust_ratio": NaN,
            "trust_qp": NaN
          },
          {
            "it": 6,
            "energy": -7.960005690089586,
            "dE": 1.0563143435504685e-06,
            "grad_norm": 0.003133475215296458,
            "grad_target": 0.044819483078282936,
            "grad_norm_post": 0.0001717990968061973,
            "alpha": 1.0552482453194671,
            "ksp_its": 2,
            "ls_evals": 9,
            "ls_repaired": false,
            "used_gradient_fallback": false,
            "accepted_step": true,
            "step_norm": 0.005444190646968089,
            "step_rel": 1.3098682416688834e-05,
            "pred_reduction": NaN,
            "actual_reduction": NaN,
            "trust_rejects": 0,
            "t_grad": 0.006621618987992406,
            "t_hess": 0.14632940996671095,
            "t_ls": 0.059544735006056726,
            "t_update": 0.00011232896940782666,
            "t_iter": 0.2126741009997204,
            "trust_radius": 1.0,
            "trust_ratio": NaN,
            "trust_qp": NaN
          }
        ],
        "linear_timing": [
          {
            "assemble_total_time": 0.02040460897842422,
            "setop_time": 2.5139888748526573e-06,
            "set_tolerances_time": 2.434011548757553e-06,
            "pc_setup_time": 0.09807115700095892,
            "solve_time": 0.037810714973602444,
            "linear_total_time": 0.1562914289534092,
            "ksp_its": 2
          },
          {
            "assemble_total_time": 0.01896774600027129,
            "setop_time": 1.8529826775193214e-06,
            "set_tolerances_time": 2.2230087779462337e-06,
            "pc_setup_time": 0.09193743200739846,
            "solve_time": 0.037863884994294494,
            "linear_total_time": 0.1487731389934197,
            "ksp_its": 2
          },
          {
            "assemble_total_time": 0.018857320013921708,
            "setop_time": 1.5619443729519844e-06,
            "set_tolerances_time": 2.0430306904017925e-06,
            "pc_setup_time": 0.08014281600480899,
            "solve_time": 0.03563767299056053,
            "linear_total_time": 0.13464141398435459,
            "ksp_its": 2
          },
          {
            "assemble_total_time": 0.020111007033847272,
            "setop_time": 1.5020486898720264e-06,
            "set_tolerances_time": 2.133019734174013e-06,
            "pc_setup_time": 0.09026974200969562,
            "solve_time": 0.03864464000798762,
            "linear_total_time": 0.14902902411995456,
            "ksp_its": 2
          },
          {
            "assemble_total_time": 0.01877517602406442,
            "setop_time": 1.753040123730898e-06,
            "set_tolerances_time": 2.3139873519539833e-06,
            "pc_setup_time": 0.0910070919780992,
            "solve_time": 0.03853139001876116,
            "linear_total_time": 0.14831772504840046,
            "ksp_its": 2
          },
          {
            "assemble_total_time": 0.01868305797688663,
            "setop_time": 1.5530386008322239e-06,
            "set_tolerances_time": 2.0230072550475597e-06,
            "pc_setup_time": 0.08906817203387618,
            "solve_time": 0.038320100982673466,
            "linear_total_time": 0.14607490703929216,
            "ksp_its": 2
          }
        ]
      }
    ],
    "metadata": {
      "nprocs": 16,
      "linear_solver": {
        "ksp_type": "cg",
        "pc_type": "hypre",
        "ksp_rtol": 0.1,
        "ksp_max_it": 30,
        "pc_setup_on_ksp_cap": false,
        "gamg_threshold": 0.05,
        "gamg_agg_nsmooths": 1,
        "gamg_set_coordinates": true,
        "assembly_mode": "fenics",
        "assembler": "FEniCSFormAssembly",
        "distribution_strategy": "dolfinx_mesh_partition",
        "trust_subproblem_solver": "direct_linear_solve",
        "trust_subproblem_line_search": false
      },
      "newton": {
        "tolf": 0.0001,
        "tolg": 0.001,
        "tolg_rel": 0.001,
        "tolx_rel": 0.001,
        "tolx_abs": 1e-10,
        "maxit": 100,
        "require_all_convergence": true,
        "fail_on_nonfinite": true,
        "linesearch_interval": [
          -0.5,
          2.0
        ],
        "linesearch_tol": 0.1,
        "trust_region": false,
        "trust_radius_init": 1.0,
        "trust_radius_min": 1e-08,
        "trust_radius_max": 1000000.0,
        "trust_subproblem_line_search": false,
        "step_time_limit_s": null
      }
    }
  }
}
