{
  "case": {
    "problem": "plaplace",
    "backend": "fenics",
    "level": 7,
    "out": "/home/michal/repos/fenics_nonlinear_energies/experiment_results_cache/plaplace_final_suite/fenics_custom_l7_np8.json",
    "quiet": true,
    "save_history": true,
    "save_linear_timing": true,
    "steps": 1,
    "start_step": 1,
    "total_steps": 24,
    "ksp_type": "cg",
    "pc_type": "hypre",
    "ksp_rtol": 0.1,
    "ksp_max_it": 30,
    "profile": "performance",
    "coloring_trials": 10,
    "nproc_threads": 1,
    "hvp_eval_mode": "sequential",
    "element_reorder_mode": null,
    "local_hessian_mode": null,
    "tolf": 0.0001,
    "tolg": 0.001,
    "tolg_rel": 0.001,
    "tolx_rel": 0.001,
    "tolx_abs": 1e-10,
    "maxit": 100,
    "step_time_limit_s": null,
    "linesearch_a": -0.5,
    "linesearch_b": 2.0,
    "linesearch_tol": 0.1,
    "use_trust_region": false,
    "trust_radius_init": 1.0,
    "trust_radius_min": 1e-08,
    "trust_radius_max": 1000000.0,
    "trust_shrink": 0.5,
    "trust_expand": 1.5,
    "trust_eta_shrink": 0.05,
    "trust_eta_expand": 0.75,
    "trust_max_reject": 6,
    "trust_subproblem_line_search": false,
    "local_coloring": true,
    "retry_on_failure": false,
    "pc_setup_on_ksp_cap": false,
    "use_near_nullspace": true,
    "reorder": null,
    "gamg_threshold": 0.05,
    "gamg_agg_nsmooths": 1,
    "gamg_set_coordinates": true
  },
  "result": {
    "mesh_level": 7,
    "total_dofs": 49665,
    "free_dofs": 49471,
    "setup_time": 0.153218,
    "solve_time_total": 0.2237,
    "total_time": 0.376983,
    "steps": [
      {
        "step": 1,
        "time": 0.2237,
        "nit": 6,
        "linear_iters": 11,
        "energy": -7.958292415267666,
        "message": "Converged (energy, step, gradient)",
        "attempt": "primary",
        "ksp_rtol_used": 0.1,
        "ksp_max_it_used": 30,
        "linesearch_interval_used": [
          -0.5,
          2.0
        ],
        "history": [
          {
            "it": 1,
            "energy": -5.294314911329099,
            "dE": 5.966159127148204,
            "grad_norm": 2.8233049775356487,
            "grad_target": 0.002823304977535649,
            "grad_norm_post": NaN,
            "alpha": 0.35864712030894996,
            "ksp_its": 1,
            "ls_evals": 9,
            "ls_repaired": false,
            "used_gradient_fallback": false,
            "accepted_step": true,
            "step_norm": 76.87735653734165,
            "step_rel": 60.668434252091444,
            "pred_reduction": NaN,
            "actual_reduction": NaN,
            "trust_rejects": 0,
            "t_grad": 0.0010607769945636392,
            "t_hess": 0.02784845099085942,
            "t_ls": 0.007759724045172334,
            "t_update": 1.925899414345622e-05,
            "t_iter": 0.036726178019307554,
            "trust_radius": 1.0,
            "trust_ratio": NaN,
            "trust_qp": NaN
          },
          {
            "it": 2,
            "energy": -7.593531773608785,
            "dE": 2.2992168622796854,
            "grad_norm": 6.3043150151078216,
            "grad_target": 0.002823304977535649,
            "grad_norm_post": NaN,
            "alpha": 0.5840719796826351,
            "ksp_its": 2,
            "ls_evals": 9,
            "ls_repaired": false,
            "used_gradient_fallback": false,
            "accepted_step": true,
            "step_norm": 30.73741828959395,
            "step_rel": 0.404815051746707,
            "pred_reduction": NaN,
            "actual_reduction": NaN,
            "trust_rejects": 0,
            "t_grad": 0.000943400023970753,
            "t_hess": 0.028497499006334692,
            "t_ls": 0.007717259984929115,
            "t_update": 1.7817015759646893e-05,
            "t_iter": 0.037205819971859455,
            "trust_radius": 1.0,
            "trust_ratio": NaN,
            "trust_qp": NaN
          },
          {
            "it": 3,
            "energy": -7.93926634159582,
            "dE": 0.3457345679870354,
            "grad_norm": 2.848326873205835,
            "grad_target": 0.002823304977535649,
            "grad_norm_post": NaN,
            "alpha": 1.002032654688946,
            "ksp_its": 2,
            "ls_evals": 9,
            "ls_repaired": false,
            "used_gradient_fallback": false,
            "accepted_step": true,
            "step_norm": 2.046749647699903,
            "step_rel": 0.019307854275084187,
            "pred_reduction": NaN,
            "actual_reduction": NaN,
            "trust_rejects": 0,
            "t_grad": 0.0009313229820691049,
            "t_hess": 0.02803765604039654,
            "t_ls": 0.007652122003491968,
            "t_update": 1.8016959074884653e-05,
            "t_iter": 0.03666733001591638,
            "trust_radius": 1.0,
            "trust_ratio": NaN,
            "trust_qp": NaN
          },
          {
            "it": 4,
            "energy": -7.957990301922855,
            "dE": 0.01872396032703527,
            "grad_norm": 0.5490933704962196,
            "grad_target": 0.002823304977535649,
            "grad_norm_post": NaN,
            "alpha": 1.088137289060528,
            "ksp_its": 2,
            "ls_evals": 9,
            "ls_repaired": false,
            "used_gradient_fallback": false,
            "accepted_step": true,
            "step_norm": 1.396974496259229,
            "step_rel": 0.01327884075992189,
            "pred_reduction": NaN,
            "actual_reduction": NaN,
            "trust_rejects": 0,
            "t_grad": 0.0009083180339075625,
            "t_hess": 0.028201221954077482,
            "t_ls": 0.007922379008959979,
            "t_update": 1.7967016901820898e-05,
            "t_iter": 0.03707791800843552,
            "trust_radius": 1.0,
            "trust_ratio": NaN,
            "trust_qp": NaN
          },
          {
            "it": 5,
            "energy": -7.9582889112362665,
            "dE": 0.0002986093134111911,
            "grad_norm": 0.056948826896766745,
            "grad_target": 0.002823304977535649,
            "grad_norm_post": NaN,
            "alpha": 1.088137289060528,
            "ksp_its": 2,
            "ls_evals": 9,
            "ls_repaired": false,
            "used_gradient_fallback": false,
            "accepted_step": true,
            "step_norm": 0.056433593683793054,
            "step_rel": 0.0005434022887373139,
            "pred_reduction": NaN,
            "actual_reduction": NaN,
            "trust_rejects": 0,
            "t_grad": 0.0009243420208804309,
            "t_hess": 0.028438640001695603,
            "t_ls": 0.00767942302627489,
            "t_update": 1.791701652109623e-05,
            "t_iter": 0.03708903398364782,
            "trust_radius": 1.0,
            "trust_ratio": NaN,
            "trust_qp": NaN
          },
          {
            "it": 6,
            "energy": -7.958292415267666,
            "dE": 3.5040313992595884e-06,
            "grad_norm": 0.005016275047674108,
            "grad_target": 0.002823304977535649,
            "grad_norm_post": 0.0001724549729813409,
            "alpha": 1.0552482453194671,
            "ksp_its": 2,
            "ls_evals": 9,
            "ls_repaired": false,
            "used_gradient_fallback": false,
            "accepted_step": true,
            "step_norm": 0.006038290516877973,
            "step_rel": 5.8119425576081805e-05,
            "pred_reduction": NaN,
            "actual_reduction": NaN,
            "trust_rejects": 0,
            "t_grad": 0.0009320430108346045,
            "t_hess": 0.028173811035230756,
            "t_ls": 0.007663529017008841,
            "t_update": 2.714100992307067e-05,
            "t_iter": 0.03681587299797684,
            "trust_radius": 1.0,
            "trust_ratio": NaN,
            "trust_qp": NaN
          }
        ],
        "linear_timing": [
          {
            "assemble_total_time": 0.0028354499954730272,
            "setop_time": 4.086003173142672e-06,
            "set_tolerances_time": 1.6519916243851185e-06,
            "pc_setup_time": 0.020767639973200858,
            "solve_time": 0.004153052985202521,
            "linear_total_time": 0.027761880948673934,
            "ksp_its": 1
          },
          {
            "assemble_total_time": 0.002370278991293162,
            "setop_time": 1.392036210745573e-06,
            "set_tolerances_time": 2.1430314518511295e-06,
            "pc_setup_time": 0.019774723972659558,
            "solve_time": 0.006270320969633758,
            "linear_total_time": 0.028418859001249075,
            "ksp_its": 2
          },
          {
            "assemble_total_time": 0.0023210550425574183,
            "setop_time": 1.0619987733662128e-06,
            "set_tolerances_time": 1.541979145258665e-06,
            "pc_setup_time": 0.019317466008942574,
            "solve_time": 0.0063197960262186825,
            "linear_total_time": 0.0279609210556373,
            "ksp_its": 2
          },
          {
            "assemble_total_time": 0.002340644015930593,
            "setop_time": 1.0619987733662128e-06,
            "set_tolerances_time": 1.5220139175653458e-06,
            "pc_setup_time": 0.019666661974042654,
            "solve_time": 0.0061013869708403945,
            "linear_total_time": 0.028111276973504573,
            "ksp_its": 2
          },
          {
            "assemble_total_time": 0.0023413149756379426,
            "setop_time": 1.301988959312439e-06,
            "set_tolerances_time": 1.542968675494194e-06,
            "pc_setup_time": 0.019830598030239344,
            "solve_time": 0.006185413047205657,
            "linear_total_time": 0.02836017101071775,
            "ksp_its": 2
          },
          {
            "assemble_total_time": 0.0023441400262527168,
            "setop_time": 1.4819670468568802e-06,
            "set_tolerances_time": 1.6230042092502117e-06,
            "pc_setup_time": 0.019506910990457982,
            "solve_time": 0.006244261981919408,
            "linear_total_time": 0.028098417969886214,
            "ksp_its": 2
          }
        ]
      }
    ],
    "metadata": {
      "nprocs": 8,
      "linear_solver": {
        "ksp_type": "cg",
        "pc_type": "hypre",
        "ksp_rtol": 0.1,
        "ksp_max_it": 30,
        "pc_setup_on_ksp_cap": false,
        "gamg_threshold": 0.05,
        "gamg_agg_nsmooths": 1,
        "gamg_set_coordinates": true,
        "assembly_mode": "fenics",
        "assembler": "FEniCSFormAssembly",
        "distribution_strategy": "dolfinx_mesh_partition",
        "trust_subproblem_solver": "direct_linear_solve",
        "trust_subproblem_line_search": false
      },
      "newton": {
        "tolf": 0.0001,
        "tolg": 0.001,
        "tolg_rel": 0.001,
        "tolx_rel": 0.001,
        "tolx_abs": 1e-10,
        "maxit": 100,
        "require_all_convergence": true,
        "fail_on_nonfinite": true,
        "linesearch_interval": [
          -0.5,
          2.0
        ],
        "linesearch_tol": 0.1,
        "trust_region": false,
        "trust_radius_init": 1.0,
        "trust_radius_min": 1e-08,
        "trust_radius_max": 1000000.0,
        "trust_subproblem_line_search": false,
        "step_time_limit_s": null
      }
    }
  }
}
