An NVIDIA GPU may be present on this machine, but a CUDA-enabled jaxlib is not installed. Falling back to cpu.
An NVIDIA GPU may be present on this machine, but a CUDA-enabled jaxlib is not installed. Falling back to cpu.
An NVIDIA GPU may be present on this machine, but a CUDA-enabled jaxlib is not installed. Falling back to cpu.
An NVIDIA GPU may be present on this machine, but a CUDA-enabled jaxlib is not installed. Falling back to cpu.
{
  "case": {
    "problem": "plaplace",
    "backend": "element",
    "level": 5,
    "out": "/home/michal/repos/fenics_nonlinear_energies/experiment_results_cache/plaplace_final_suite/jax_petsc_element_l5_np4.json",
    "quiet": true,
    "save_history": true,
    "save_linear_timing": true,
    "steps": 1,
    "start_step": 1,
    "total_steps": 24,
    "ksp_type": "cg",
    "pc_type": "hypre",
    "ksp_rtol": 0.1,
    "ksp_max_it": 30,
    "profile": "performance",
    "coloring_trials": 10,
    "nproc_threads": 1,
    "hvp_eval_mode": "sequential",
    "element_reorder_mode": "block_xyz",
    "local_hessian_mode": "element",
    "tolf": 0.0001,
    "tolg": 0.001,
    "tolg_rel": 0.001,
    "tolx_rel": 0.001,
    "tolx_abs": 1e-10,
    "maxit": 100,
    "step_time_limit_s": null,
    "linesearch_a": -0.5,
    "linesearch_b": 2.0,
    "linesearch_tol": 0.1,
    "use_trust_region": false,
    "trust_radius_init": 1.0,
    "trust_radius_min": 1e-08,
    "trust_radius_max": 1000000.0,
    "trust_shrink": 0.5,
    "trust_expand": 1.5,
    "trust_eta_shrink": 0.05,
    "trust_eta_expand": 0.75,
    "trust_max_reject": 6,
    "trust_subproblem_line_search": false,
    "local_coloring": true,
    "retry_on_failure": false,
    "pc_setup_on_ksp_cap": false,
    "use_near_nullspace": true,
    "reorder": null,
    "gamg_threshold": 0.05,
    "gamg_agg_nsmooths": 1,
    "gamg_set_coordinates": true
  },
  "result": {
    "mesh_level": 5,
    "total_dofs": 3201,
    "free_dofs": 2945,
    "setup_time": 0.297467,
    "solve_time_total": 0.06102,
    "total_time": 0.415492,
    "steps": [
      {
        "step": 1,
        "time": 0.06102,
        "nit": 6,
        "linear_iters": 6,
        "energy": -7.942968675225255,
        "message": "Converged (energy, step, gradient)",
        "attempt": "primary",
        "ksp_rtol_used": 0.1,
        "ksp_max_it_used": 30,
        "linesearch_interval_used": [
          -0.5,
          2.0
        ],
        "history": [
          {
            "it": 1,
            "energy": 0.09675929699038927,
            "dE": 8661.981757414507,
            "grad_norm": 1796.1493529461623,
            "grad_target": 1.7961493529461623,
            "grad_norm_post": NaN,
            "alpha": 1.9569476828142078,
            "ksp_its": 1,
            "ls_evals": 9,
            "ls_repaired": false,
            "used_gradient_fallback": false,
            "accepted_step": true,
            "step_norm": 31.562169124575718,
            "step_rel": 0.997255676716192,
            "pred_reduction": NaN,
            "actual_reduction": NaN,
            "trust_rejects": 0,
            "t_grad": 0.00023585499729961157,
            "t_hess": 0.007008499989751726,
            "t_ls": 0.003491555980872363,
            "t_update": 1.1619995348155499e-06,
            "t_iter": 0.01076504698721692,
            "trust_radius": 1.0,
            "trust_ratio": NaN,
            "trust_qp": NaN
          },
          {
            "it": 2,
            "energy": -5.8340714024297835,
            "dE": 5.930830699420173,
            "grad_norm": 1.185271465507692,
            "grad_target": 1.7961493529461623,
            "grad_norm_post": NaN,
            "alpha": 0.21932689530684624,
            "ksp_its": 1,
            "ls_evals": 9,
            "ls_repaired": false,
            "used_gradient_fallback": false,
            "accepted_step": true,
            "step_norm": 18.179448333337945,
            "step_rel": 14.529686849032116,
            "pred_reduction": NaN,
            "actual_reduction": NaN,
            "trust_rejects": 0,
            "t_grad": 0.00019913999130949378,
            "t_hess": 0.006370772025547922,
            "t_ls": 0.0032951910397969186,
            "t_update": 1.3620010577142239e-06,
            "t_iter": 0.00989233300788328,
            "trust_radius": 1.0,
            "trust_ratio": NaN,
            "trust_qp": NaN
          },
          {
            "it": 3,
            "energy": -7.716831051653854,
            "dE": 1.8827596492240701,
            "grad_norm": 4.555039172861335,
            "grad_target": 1.7961493529461623,
            "grad_norm_post": NaN,
            "alpha": 0.551182935941576,
            "ksp_its": 1,
            "ls_evals": 9,
            "ls_repaired": false,
            "used_gradient_fallback": false,
            "accepted_step": true,
            "step_norm": 6.973410104769525,
            "step_rel": 0.372819104254655,
            "pred_reduction": NaN,
            "actual_reduction": NaN,
            "trust_rejects": 0,
            "t_grad": 0.0001896059839054942,
            "t_hess": 0.0063015970517881215,
            "t_ls": 0.0032755600404925644,
            "t_update": 1.1220108717679977e-06,
            "t_iter": 0.009792653028853238,
            "trust_radius": 1.0,
            "trust_ratio": NaN,
            "trust_qp": NaN
          },
          {
            "it": 4,
            "energy": -7.938893989359387,
            "dE": 0.22206293770553298,
            "grad_norm": 2.0302727518807875,
            "grad_target": 1.7961493529461623,
            "grad_norm_post": NaN,
            "alpha": 1.0552482453194671,
            "ksp_its": 1,
            "ls_evals": 9,
            "ls_repaired": false,
            "used_gradient_fallback": false,
            "accepted_step": true,
            "step_norm": 0.9046384977977808,
            "step_rel": 0.03563901887687275,
            "pred_reduction": NaN,
            "actual_reduction": NaN,
            "trust_rejects": 0,
            "t_grad": 0.00018887402256950736,
            "t_hess": 0.006366936024278402,
            "t_ls": 0.0032781159970909357,
            "t_update": 1.1309748515486717e-06,
            "t_iter": 0.009859793994110078,
            "trust_radius": 1.0,
            "trust_ratio": NaN,
            "trust_qp": NaN
          },
          {
            "it": 5,
            "energy": -7.942938736252236,
            "dE": 0.0040447468928492825,
            "grad_norm": 0.2147316181034689,
            "grad_target": 1.7961493529461623,
            "grad_norm_post": NaN,
            "alpha": 1.088137289060528,
            "ksp_its": 1,
            "ls_evals": 9,
            "ls_repaired": false,
            "used_gradient_fallback": false,
            "accepted_step": true,
            "step_norm": 0.17442703181518054,
            "step_rel": 0.006680528675394886,
            "pred_reduction": NaN,
            "actual_reduction": NaN,
            "trust_rejects": 0,
            "t_grad": 0.00018871400970965624,
            "t_hess": 0.006332633958663791,
            "t_ls": 0.0032683199970051646,
            "t_update": 1.0720104910433292e-06,
            "t_iter": 0.009814726014155895,
            "trust_radius": 1.0,
            "trust_ratio": NaN,
            "trust_qp": NaN
          },
          {
            "it": 6,
            "energy": -7.942968675225255,
            "dE": 2.993897301895032e-05,
            "grad_norm": 0.01672975328896941,
            "grad_target": 1.7961493529461623,
            "grad_norm_post": 0.0008365345164805468,
            "alpha": 1.0552482453194671,
            "ksp_its": 1,
            "ls_evals": 9,
            "ls_repaired": false,
            "used_gradient_fallback": false,
            "accepted_step": true,
            "step_norm": 0.007763307194924894,
            "step_rel": 0.0002991777152576798,
            "pred_reduction": NaN,
            "actual_reduction": NaN,
            "trust_rejects": 0,
            "t_grad": 0.00018835300579667091,
            "t_hess": 0.006646725989412516,
            "t_ls": 0.003208499983884394,
            "t_update": 1.2320233508944511e-06,
            "t_iter": 0.010069228999782354,
            "trust_radius": 1.0,
            "trust_ratio": NaN,
            "trust_qp": NaN
          }
        ],
        "linear_timing": [
          {
            "assemble_total_time": 0.00036631099646911025,
            "assemble_p2p_exchange": 4.831294063478708e-05,
            "assemble_hvp_compute": 0.00012792303459718823,
            "assemble_extraction": 0.00010182301048189402,
            "assemble_coo_assembly": 7.53530184738338e-05,
            "assemble_n_hvps": 0,
            "setop_time": 2.1239975467324257e-06,
            "set_tolerances_time": 1.4820252545177937e-06,
            "pc_setup_time": 0.0055236860061995685,
            "solve_time": 0.0010872670100070536,
            "linear_total_time": 0.006980870035476983,
            "ksp_its": 1
          },
          {
            "assemble_total_time": 0.0003529110108502209,
            "assemble_p2p_exchange": 4.660099511966109e-05,
            "assemble_hvp_compute": 0.00011525297304615378,
            "assemble_extraction": 0.00011114700464531779,
            "assemble_coo_assembly": 6.980501348152757e-05,
            "assemble_n_hvps": 0,
            "setop_time": 9.00996383279562e-07,
            "set_tolerances_time": 9.809737093746662e-07,
            "pc_setup_time": 0.004903462016955018,
            "solve_time": 0.0010863760253414512,
            "linear_total_time": 0.006344631023239344,
            "ksp_its": 1
          },
          {
            "assemble_total_time": 0.0003091749968007207,
            "assemble_p2p_exchange": 5.1578041166067123e-05,
            "assemble_hvp_compute": 0.00011954997899010777,
            "assemble_extraction": 7.375102723017335e-05,
            "assemble_coo_assembly": 5.5112992413342e-05,
            "assemble_n_hvps": 0,
            "setop_time": 5.800393410027027e-07,
            "set_tolerances_time": 7.410417310893536e-07,
            "pc_setup_time": 0.004846435971558094,
            "solve_time": 0.0011208380456082523,
            "linear_total_time": 0.006277770095039159,
            "ksp_its": 1
          },
          {
            "assemble_total_time": 0.0002999520511366427,
            "assemble_p2p_exchange": 4.607002483680844e-05,
            "assemble_hvp_compute": 0.00011812796583399177,
            "assemble_extraction": 7.949996506795287e-05,
            "assemble_coo_assembly": 4.740199074149132e-05,
            "assemble_n_hvps": 0,
            "setop_time": 5.810288712382317e-07,
            "set_tolerances_time": 7.509952411055565e-07,
            "pc_setup_time": 0.00494625698775053,
            "solve_time": 0.0010958799975924194,
            "linear_total_time": 0.006343421060591936,
            "ksp_its": 1
          },
          {
            "assemble_total_time": 0.0002971479552797973,
            "assemble_p2p_exchange": 4.596996586769819e-05,
            "assemble_hvp_compute": 0.00011585501488298178,
            "assemble_extraction": 7.377099245786667e-05,
            "assemble_coo_assembly": 5.2620016504079103e-05,
            "assemble_n_hvps": 0,
            "setop_time": 6.00994098931551e-07,
            "set_tolerances_time": 7.00994860380888e-07,
            "pc_setup_time": 0.004935409990139306,
            "solve_time": 0.00107564905192703,
            "linear_total_time": 0.006309508986305445,
            "ksp_its": 1
          },
          {
            "assemble_total_time": 0.0003015940310433507,
            "assemble_p2p_exchange": 4.590803291648626e-05,
            "assemble_hvp_compute": 0.000117736984975636,
            "assemble_extraction": 7.38420058041811e-05,
            "assemble_coo_assembly": 5.5293028708547354e-05,
            "assemble_n_hvps": 0,
            "setop_time": 5.810288712382317e-07,
            "set_tolerances_time": 6.810296326875687e-07,
            "pc_setup_time": 0.005150934972334653,
            "solve_time": 0.0011690600076690316,
            "linear_total_time": 0.006622851069550961,
            "ksp_its": 1
          }
        ]
      }
    ],
    "metadata": {
      "profile": "performance",
      "nprocs": 4,
      "nproc_threads": 1,
      "linear_solver": {
        "ksp_type": "cg",
        "pc_type": "hypre",
        "ksp_rtol": 0.1,
        "ksp_max_it": 30,
        "pc_setup_on_ksp_cap": false,
        "gamg_threshold": 0.05,
        "gamg_agg_nsmooths": 1,
        "gamg_set_coordinates": true,
        "reorder": true,
        "hvp_eval_mode": "element_overlap",
        "assembly_mode": "element",
        "element_reorder_mode": "block_xyz",
        "local_hessian_mode": "element",
        "distribution_strategy": "overlap_allgather",
        "assembler": "PLaplaceReorderedElementAssembler",
        "trust_subproblem_solver": "direct_linear_solve",
        "trust_subproblem_line_search": false
      },
      "newton": {
        "tolf": 0.0001,
        "tolg": 0.001,
        "tolg_rel": 0.001,
        "tolx_rel": 0.001,
        "tolx_abs": 1e-10,
        "maxit": 100,
        "require_all_convergence": true,
        "fail_on_nonfinite": true,
        "linesearch_interval": [
          -0.5,
          2.0
        ],
        "linesearch_tol": 0.1,
        "trust_region": false,
        "trust_radius_init": 1.0,
        "trust_radius_min": 1e-08,
        "trust_radius_max": 1000000.0,
        "trust_subproblem_line_search": false,
        "step_time_limit_s": null
      }
    }
  }
}
