An NVIDIA GPU may be present on this machine, but a CUDA-enabled jaxlib is not installed. Falling back to cpu.
An NVIDIA GPU may be present on this machine, but a CUDA-enabled jaxlib is not installed. Falling back to cpu.
An NVIDIA GPU may be present on this machine, but a CUDA-enabled jaxlib is not installed. Falling back to cpu.
An NVIDIA GPU may be present on this machine, but a CUDA-enabled jaxlib is not installed. Falling back to cpu.
{
  "case": {
    "problem": "plaplace",
    "backend": "element",
    "level": 9,
    "out": "/home/michal/repos/fenics_nonlinear_energies/experiment_results_cache/plaplace_final_suite/jax_petsc_local_sfd_l9_np4.json",
    "quiet": true,
    "save_history": true,
    "save_linear_timing": true,
    "steps": 1,
    "start_step": 1,
    "total_steps": 24,
    "ksp_type": "cg",
    "pc_type": "hypre",
    "ksp_rtol": 0.1,
    "ksp_max_it": 30,
    "profile": "performance",
    "coloring_trials": 10,
    "nproc_threads": 1,
    "hvp_eval_mode": "sequential",
    "element_reorder_mode": "block_xyz",
    "local_hessian_mode": "sfd_local",
    "tolf": 0.0001,
    "tolg": 0.001,
    "tolg_rel": 0.001,
    "tolx_rel": 0.001,
    "tolx_abs": 1e-10,
    "maxit": 100,
    "step_time_limit_s": null,
    "linesearch_a": -0.5,
    "linesearch_b": 2.0,
    "linesearch_tol": 0.1,
    "use_trust_region": false,
    "trust_radius_init": 1.0,
    "trust_radius_min": 1e-08,
    "trust_radius_max": 1000000.0,
    "trust_shrink": 0.5,
    "trust_expand": 1.5,
    "trust_eta_shrink": 0.05,
    "trust_eta_expand": 0.75,
    "trust_max_reject": 6,
    "trust_subproblem_line_search": false,
    "local_coloring": true,
    "retry_on_failure": false,
    "pc_setup_on_ksp_cap": false,
    "use_near_nullspace": true,
    "reorder": null,
    "gamg_threshold": 0.05,
    "gamg_agg_nsmooths": 1,
    "gamg_set_coordinates": true
  },
  "result": {
    "mesh_level": 9,
    "total_dofs": 788481,
    "free_dofs": 784385,
    "setup_time": 3.670647,
    "solve_time_total": 3.410339,
    "total_time": 7.455215,
    "steps": [
      {
        "step": 1,
        "time": 3.410339,
        "nit": 6,
        "linear_iters": 11,
        "energy": -7.960004891477544,
        "message": "Converged (energy, step, gradient)",
        "attempt": "primary",
        "ksp_rtol_used": 0.1,
        "ksp_max_it_used": 30,
        "linesearch_interval_used": [
          -0.5,
          2.0
        ],
        "history": [
          {
            "it": 1,
            "energy": 331.36984872022595,
            "dE": 33077101.512514565,
            "grad_norm": 448769.78662755055,
            "grad_target": 448.76978662755056,
            "grad_norm_post": NaN,
            "alpha": 1.9569476828142078,
            "ksp_its": 2,
            "ls_evals": 9,
            "ls_repaired": false,
            "used_gradient_fallback": false,
            "accepted_step": true,
            "step_norm": 483.58839175685466,
            "step_rel": 0.9453112494882318,
            "pred_reduction": NaN,
            "actual_reduction": NaN,
            "trust_rejects": 0,
            "t_grad": 0.01221101899864152,
            "t_hess": 0.4975987080251798,
            "t_ls": 0.1014446479966864,
            "t_update": 0.0001224070438183844,
            "t_iter": 0.6115676729823463,
            "trust_radius": 1.0,
            "trust_ratio": NaN,
            "trust_qp": NaN
          },
          {
            "it": 2,
            "energy": -4.968031644915735,
            "dE": 336.3378803651417,
            "grad_norm": 208.09349947165938,
            "grad_target": 448.76978662755056,
            "grad_norm_post": NaN,
            "alpha": 1.9569476828142078,
            "ksp_its": 2,
            "ls_evals": 9,
            "ls_repaired": false,
            "used_gradient_fallback": false,
            "accepted_step": true,
            "step_norm": 226.5621906496436,
            "step_rel": 7.410628525834672,
            "pred_reduction": NaN,
            "actual_reduction": NaN,
            "trust_rejects": 0,
            "t_grad": 0.012626231997273862,
            "t_hess": 0.4740242600091733,
            "t_ls": 0.09945695899659768,
            "t_update": 0.0001191520132124424,
            "t_iter": 0.5864163640071638,
            "trust_radius": 1.0,
            "trust_ratio": NaN,
            "trust_qp": NaN
          },
          {
            "it": 3,
            "energy": -7.544087299559504,
            "dE": 2.5760556546437687,
            "grad_norm": 2.3163937787295503,
            "grad_target": 448.76978662755056,
            "grad_norm_post": NaN,
            "alpha": 0.41186271093947224,
            "ksp_its": 1,
            "ls_evals": 9,
            "ls_repaired": false,
            "used_gradient_fallback": false,
            "accepted_step": true,
            "step_norm": 171.84927824512394,
            "step_rel": 0.8665688059384477,
            "pred_reduction": NaN,
            "actual_reduction": NaN,
            "trust_rejects": 0,
            "t_grad": 0.012209174979943782,
            "t_hess": 0.4473312069894746,
            "t_ls": 0.1006037860061042,
            "t_update": 0.00012230698484927416,
            "t_iter": 0.5604886049986817,
            "trust_radius": 1.0,
            "trust_ratio": NaN,
            "trust_qp": NaN
          },
          {
            "it": 4,
            "energy": -7.95241225449916,
            "dE": 0.4083249549396566,
            "grad_norm": 2.272104062230458,
            "grad_target": 448.76978662755056,
            "grad_norm_post": NaN,
            "alpha": 0.9488170640584248,
            "ksp_its": 2,
            "ls_evals": 9,
            "ls_repaired": false,
            "used_gradient_fallback": false,
            "accepted_step": true,
            "step_norm": 52.840392535203044,
            "step_rel": 0.14341981447532193,
            "pred_reduction": NaN,
            "actual_reduction": NaN,
            "trust_rejects": 0,
            "t_grad": 0.012311410973779857,
            "t_hess": 0.4357758520054631,
            "t_ls": 0.09933765197638422,
            "t_update": 0.00011666800128296018,
            "t_iter": 0.5477297409670427,
            "trust_radius": 1.0,
            "trust_ratio": NaN,
            "trust_qp": NaN
          },
          {
            "it": 5,
            "energy": -7.959968528351059,
            "dE": 0.0075562738518986095,
            "grad_norm": 0.2953174755402653,
            "grad_target": 448.76978662755056,
            "grad_norm_post": NaN,
            "alpha": 1.0552482453194671,
            "ksp_its": 2,
            "ls_evals": 9,
            "ls_repaired": false,
            "used_gradient_fallback": false,
            "accepted_step": true,
            "step_norm": 5.453382084440298,
            "step_rel": 0.012958390922869647,
            "pred_reduction": NaN,
            "actual_reduction": NaN,
            "trust_rejects": 0,
            "t_grad": 0.013021615974139422,
            "t_hess": 0.4292813030187972,
            "t_ls": 0.09994849300710484,
            "t_update": 0.00011680903844535351,
            "t_iter": 0.5426006260095164,
            "trust_radius": 1.0,
            "trust_ratio": NaN,
            "trust_qp": NaN
          },
          {
            "it": 6,
            "energy": -7.960004891477544,
            "dE": 3.6363126485028374e-05,
            "grad_norm": 0.01784284445670079,
            "grad_target": 448.76978662755056,
            "grad_norm_post": 0.0018515298131815037,
            "alpha": 1.088137289060528,
            "ksp_its": 2,
            "ls_evals": 9,
            "ls_repaired": false,
            "used_gradient_fallback": false,
            "accepted_step": true,
            "step_norm": 0.1704818628433892,
            "step_rel": 0.00041032316989470907,
            "pred_reduction": NaN,
            "actual_reduction": NaN,
            "trust_rejects": 0,
            "t_grad": 0.012300554022658616,
            "t_hess": 0.42778964701574296,
            "t_ls": 0.09975698904599994,
            "t_update": 0.00011609797365963459,
            "t_iter": 0.5401653180015273,
            "trust_radius": 1.0,
            "trust_ratio": NaN,
            "trust_qp": NaN
          }
        ],
        "linear_timing": [
          {
            "assemble_total_time": 0.08415792195592076,
            "assemble_p2p_exchange": 0.0026375019806437194,
            "assemble_hvp_compute": 0.06572709401370957,
            "assemble_extraction": 0.009008731984067708,
            "assemble_coo_assembly": 0.006543553026858717,
            "assemble_n_hvps": 8,
            "setop_time": 3.195018507540226e-06,
            "set_tolerances_time": 2.2239983081817627e-06,
            "pc_setup_time": 0.3039913889952004,
            "solve_time": 0.10907695797504857,
            "linear_total_time": 0.49723168794298545,
            "ksp_its": 2
          },
          {
            "assemble_total_time": 0.08416995697189122,
            "assemble_p2p_exchange": 0.003221294959075749,
            "assemble_hvp_compute": 0.06730408396106213,
            "assemble_extraction": 0.007220619008876383,
            "assemble_coo_assembly": 0.006166175997350365,
            "assemble_n_hvps": 8,
            "setop_time": 2.903980202972889e-06,
            "set_tolerances_time": 2.463988494127989e-06,
            "pc_setup_time": 0.2806943809846416,
            "solve_time": 0.10877962998347357,
            "linear_total_time": 0.4736493359087035,
            "ksp_its": 2
          },
          {
            "assemble_total_time": 0.08480363700073212,
            "assemble_p2p_exchange": 0.002654036972671747,
            "assemble_hvp_compute": 0.0684420739999041,
            "assemble_extraction": 0.008120604034047574,
            "assemble_coo_assembly": 0.005337078997399658,
            "assemble_n_hvps": 8,
            "setop_time": 2.5440240278840065e-06,
            "set_tolerances_time": 1.893029548227787e-06,
            "pc_setup_time": 0.2888659500167705,
            "solve_time": 0.07332011801190674,
            "linear_total_time": 0.4469941420829855,
            "ksp_its": 1
          },
          {
            "assemble_total_time": 0.08379903703462332,
            "assemble_p2p_exchange": 0.002614566998090595,
            "assemble_hvp_compute": 0.06862314802128822,
            "assemble_extraction": 0.006578217027708888,
            "assemble_coo_assembly": 0.005765042966231704,
            "assemble_n_hvps": 8,
            "setop_time": 2.3239990696310997e-06,
            "set_tolerances_time": 1.9329600036144257e-06,
            "pc_setup_time": 0.24784945900319144,
            "solve_time": 0.10376267699757591,
            "linear_total_time": 0.4354154299944639,
            "ksp_its": 2
          },
          {
            "assemble_total_time": 0.08382561901817098,
            "assemble_p2p_exchange": 0.0026847240515053272,
            "assemble_hvp_compute": 0.06993044598493725,
            "assemble_extraction": 0.006558284978382289,
            "assemble_coo_assembly": 0.004410262976307422,
            "assemble_n_hvps": 8,
            "setop_time": 2.5740009732544422e-06,
            "set_tolerances_time": 2.133019734174013e-06,
            "pc_setup_time": 0.23873061401536688,
            "solve_time": 0.10638870700495318,
            "linear_total_time": 0.42894964705919847,
            "ksp_its": 2
          },
          {
            "assemble_total_time": 0.08434353698976338,
            "assemble_p2p_exchange": 0.002623551932629198,
            "assemble_hvp_compute": 0.06767637800658122,
            "assemble_extraction": 0.007847036002203822,
            "assemble_coo_assembly": 0.00596632098313421,
            "assemble_n_hvps": 8,
            "setop_time": 2.3139873519539833e-06,
            "set_tolerances_time": 2.1430314518511295e-06,
            "pc_setup_time": 0.23485561599954963,
            "solve_time": 0.10826933296630159,
            "linear_total_time": 0.4274729429744184,
            "ksp_its": 2
          }
        ]
      }
    ],
    "metadata": {
      "profile": "performance",
      "nprocs": 4,
      "nproc_threads": 1,
      "linear_solver": {
        "ksp_type": "cg",
        "pc_type": "hypre",
        "ksp_rtol": 0.1,
        "ksp_max_it": 30,
        "pc_setup_on_ksp_cap": false,
        "gamg_threshold": 0.05,
        "gamg_agg_nsmooths": 1,
        "gamg_set_coordinates": true,
        "reorder": true,
        "hvp_eval_mode": "sfd_local_batched",
        "assembly_mode": "element",
        "element_reorder_mode": "block_xyz",
        "local_hessian_mode": "sfd_local",
        "distribution_strategy": "overlap_allgather",
        "assembler": "PLaplaceReorderedElementAssembler",
        "trust_subproblem_solver": "direct_linear_solve",
        "trust_subproblem_line_search": false
      },
      "newton": {
        "tolf": 0.0001,
        "tolg": 0.001,
        "tolg_rel": 0.001,
        "tolx_rel": 0.001,
        "tolx_abs": 1e-10,
        "maxit": 100,
        "require_all_convergence": true,
        "fail_on_nonfinite": true,
        "linesearch_interval": [
          -0.5,
          2.0
        ],
        "linesearch_tol": 0.1,
        "trust_region": false,
        "trust_radius_init": 1.0,
        "trust_radius_min": 1e-08,
        "trust_radius_max": 1000000.0,
        "trust_subproblem_line_search": false,
        "step_time_limit_s": null
      }
    }
  }
}
