An NVIDIA GPU may be present on this machine, but a CUDA-enabled jaxlib is not installed. Falling back to cpu.
{
  "case": {
    "problem": "plaplace",
    "backend": "element",
    "level": 5,
    "out": "/home/michal/repos/fenics_nonlinear_energies/experiment_results_cache/plaplace_final_suite/jax_petsc_element_l5_np1.json",
    "quiet": true,
    "save_history": true,
    "save_linear_timing": true,
    "steps": 1,
    "start_step": 1,
    "total_steps": 24,
    "ksp_type": "cg",
    "pc_type": "hypre",
    "ksp_rtol": 0.1,
    "ksp_max_it": 30,
    "profile": "performance",
    "coloring_trials": 10,
    "nproc_threads": 1,
    "hvp_eval_mode": "sequential",
    "element_reorder_mode": "block_xyz",
    "local_hessian_mode": "element",
    "tolf": 0.0001,
    "tolg": 0.001,
    "tolg_rel": 0.001,
    "tolx_rel": 0.001,
    "tolx_abs": 1e-10,
    "maxit": 100,
    "step_time_limit_s": null,
    "linesearch_a": -0.5,
    "linesearch_b": 2.0,
    "linesearch_tol": 0.1,
    "use_trust_region": false,
    "trust_radius_init": 1.0,
    "trust_radius_min": 1e-08,
    "trust_radius_max": 1000000.0,
    "trust_shrink": 0.5,
    "trust_expand": 1.5,
    "trust_eta_shrink": 0.05,
    "trust_eta_expand": 0.75,
    "trust_max_reject": 6,
    "trust_subproblem_line_search": false,
    "local_coloring": true,
    "retry_on_failure": false,
    "pc_setup_on_ksp_cap": false,
    "use_near_nullspace": true,
    "reorder": null,
    "gamg_threshold": 0.05,
    "gamg_agg_nsmooths": 1,
    "gamg_set_coordinates": true
  },
  "result": {
    "mesh_level": 5,
    "total_dofs": 3201,
    "free_dofs": 2945,
    "setup_time": 0.297227,
    "solve_time_total": 0.044427,
    "total_time": 0.391637,
    "steps": [
      {
        "step": 1,
        "time": 0.044427,
        "nit": 6,
        "linear_iters": 6,
        "energy": -7.942968710632966,
        "message": "Converged (energy, step, gradient)",
        "attempt": "primary",
        "ksp_rtol_used": 0.1,
        "ksp_max_it_used": 30,
        "linesearch_interval_used": [
          -0.5,
          2.0
        ],
        "history": [
          {
            "it": 1,
            "energy": -0.07715107761594518,
            "dE": 8662.155667789111,
            "grad_norm": 1796.1493529461623,
            "grad_target": 1.7961493529461623,
            "grad_norm_post": NaN,
            "alpha": 1.9569476828142078,
            "ksp_its": 1,
            "ls_evals": 9,
            "ls_repaired": false,
            "used_gradient_fallback": false,
            "accepted_step": true,
            "step_norm": 31.808668821312526,
            "step_rel": 1.0050442168798717,
            "pred_reduction": NaN,
            "actual_reduction": NaN,
            "trust_rejects": 0,
            "t_grad": 0.00024879403645172715,
            "t_hess": 0.004455797956325114,
            "t_ls": 0.0029766709776595235,
            "t_update": 1.6129924915730953e-06,
            "t_iter": 0.007697417982853949,
            "trust_radius": 1.0,
            "trust_ratio": NaN,
            "trust_qp": NaN
          },
          {
            "it": 2,
            "energy": -6.000209636171454,
            "dE": 5.923058558555509,
            "grad_norm": 1.076054189835961,
            "grad_target": 1.7961493529461623,
            "grad_norm_post": NaN,
            "alpha": 0.21932689530684624,
            "ksp_its": 1,
            "ls_evals": 9,
            "ls_repaired": false,
            "used_gradient_fallback": false,
            "accepted_step": true,
            "step_norm": 18.496381378760507,
            "step_rel": 16.446114812868768,
            "pred_reduction": NaN,
            "actual_reduction": NaN,
            "trust_rejects": 0,
            "t_grad": 0.00022238504607230425,
            "t_hess": 0.004181094001978636,
            "t_ls": 0.0029097700025886297,
            "t_update": 1.5919795259833336e-06,
            "t_iter": 0.007327191007789224,
            "trust_radius": 1.0,
            "trust_ratio": NaN,
            "trust_qp": NaN
          },
          {
            "it": 3,
            "energy": -7.748864519398893,
            "dE": 1.748654883227439,
            "grad_norm": 4.670113322247591,
            "grad_target": 1.7961493529461623,
            "grad_norm_post": NaN,
            "alpha": 0.5840719796826351,
            "ksp_its": 1,
            "ls_evals": 9,
            "ls_repaired": false,
            "used_gradient_fallback": false,
            "accepted_step": true,
            "step_norm": 6.651616250266115,
            "step_rel": 0.3467840364672927,
            "pred_reduction": NaN,
            "actual_reduction": NaN,
            "trust_rejects": 0,
            "t_grad": 0.00021126802312210202,
            "t_hess": 0.004137259034905583,
            "t_ls": 0.0028950879932381213,
            "t_update": 1.3720127753913403e-06,
            "t_iter": 0.007256634009536356,
            "trust_radius": 1.0,
            "trust_ratio": NaN,
            "trust_qp": NaN
          },
          {
            "it": 4,
            "energy": -7.940342256653012,
            "dE": 0.19147773725411898,
            "grad_norm": 1.9715805660387213,
            "grad_target": 1.7961493529461623,
            "grad_norm_post": NaN,
            "alpha": 1.0552482453194671,
            "ksp_its": 1,
            "ls_evals": 9,
            "ls_repaired": false,
            "used_gradient_fallback": false,
            "accepted_step": true,
            "step_norm": 0.6908580611354763,
            "step_rel": 0.027030731296430386,
            "pred_reduction": NaN,
            "actual_reduction": NaN,
            "trust_rejects": 0,
            "t_grad": 0.0002125300234183669,
            "t_hess": 0.004140642995480448,
            "t_ls": 0.002876721031498164,
            "t_update": 1.401989720761776e-06,
            "t_iter": 0.007250045018736273,
            "trust_radius": 1.0,
            "trust_ratio": NaN,
            "trust_qp": NaN
          },
          {
            "it": 5,
            "energy": -7.942960310328909,
            "dE": 0.0026180536758966255,
            "grad_norm": 0.1761467476691218,
            "grad_target": 1.7961493529461623,
            "grad_norm_post": NaN,
            "alpha": 1.0552482453194671,
            "ksp_its": 1,
            "ls_evals": 9,
            "ls_repaired": false,
            "used_gradient_fallback": false,
            "accepted_step": true,
            "step_norm": 0.15280636672969752,
            "step_rel": 0.0058563310665996834,
            "pred_reduction": NaN,
            "actual_reduction": NaN,
            "trust_rejects": 0,
            "t_grad": 0.00022057199385017157,
            "t_hess": 0.003979040018748492,
            "t_ls": 0.00287778303027153,
            "t_update": 1.4220131561160088e-06,
            "t_iter": 0.007091046019922942,
            "trust_radius": 1.0,
            "trust_ratio": NaN,
            "trust_qp": NaN
          },
          {
            "it": 6,
            "energy": -7.942968710632966,
            "dE": 8.400304057687435e-06,
            "grad_norm": 0.009401694914863788,
            "grad_target": 1.7961493529461623,
            "grad_norm_post": 0.00016894523423411172,
            "alpha": 1.002032654688946,
            "ksp_its": 1,
            "ls_evals": 9,
            "ls_repaired": false,
            "used_gradient_fallback": false,
            "accepted_step": true,
            "step_norm": 0.0057442275086751335,
            "step_rel": 0.00022134673045425362,
            "pred_reduction": NaN,
            "actual_reduction": NaN,
            "trust_rejects": 0,
            "t_grad": 0.00022040196927264333,
            "t_hess": 0.003911699051968753,
            "t_ls": 0.0028869759989902377,
            "t_update": 1.3620010577142239e-06,
            "t_iter": 0.007032247027382255,
            "trust_radius": 1.0,
            "trust_ratio": NaN,
            "trust_qp": NaN
          }
        ],
        "linear_timing": [
          {
            "assemble_total_time": 0.000659654033370316,
            "assemble_p2p_exchange": 3.175798337906599e-05,
            "assemble_hvp_compute": 0.00022806297056376934,
            "assemble_extraction": 0.000280953012406826,
            "assemble_coo_assembly": 0.0001058490015566349,
            "assemble_n_hvps": 0,
            "setop_time": 1.8829596228897572e-06,
            "set_tolerances_time": 1.692038495093584e-06,
            "pc_setup_time": 0.0032670589862391353,
            "solve_time": 0.0005078139947727323,
            "linear_total_time": 0.004438102012500167,
            "ksp_its": 1
          },
          {
            "assemble_total_time": 0.0007081060321070254,
            "assemble_p2p_exchange": 3.0376948416233063e-05,
            "assemble_hvp_compute": 0.0002216539578512311,
            "assemble_extraction": 0.0003665509866550565,
            "assemble_coo_assembly": 7.907900726422668e-05,
            "assemble_n_hvps": 0,
            "setop_time": 6.310292519629002e-07,
            "set_tolerances_time": 9.41974576562643e-07,
            "pc_setup_time": 0.002924061962403357,
            "solve_time": 0.0005338439950719476,
            "linear_total_time": 0.0041675849934108555,
            "ksp_its": 1
          },
          {
            "assemble_total_time": 0.0005176690174266696,
            "assemble_p2p_exchange": 3.0566006898880005e-05,
            "assemble_hvp_compute": 0.00021907000336796045,
            "assemble_extraction": 0.00021351099712774158,
            "assemble_coo_assembly": 4.592002369463444e-05,
            "assemble_n_hvps": 0,
            "setop_time": 5.309702828526497e-07,
            "set_tolerances_time": 7.509952411055565e-07,
            "pc_setup_time": 0.003048079030122608,
            "solve_time": 0.0005589519860222936,
            "linear_total_time": 0.004125981999095529,
            "ksp_its": 1
          },
          {
            "assemble_total_time": 0.0005285049555823207,
            "assemble_p2p_exchange": 3.0104012694209814e-05,
            "assemble_hvp_compute": 0.000224418006837368,
            "assemble_extraction": 0.00021063699387013912,
            "assemble_coo_assembly": 5.46730007044971e-05,
            "assemble_n_hvps": 0,
            "setop_time": 5.199690349400043e-07,
            "set_tolerances_time": 6.110058166086674e-07,
            "pc_setup_time": 0.002990532957483083,
            "solve_time": 0.000609316979534924,
            "linear_total_time": 0.004129485867451876,
            "ksp_its": 1
          },
          {
            "assemble_total_time": 0.0005385010153986514,
            "assemble_p2p_exchange": 3.036600537598133e-05,
            "assemble_hvp_compute": 0.00022156396880745888,
            "assemble_extraction": 0.00020826398395001888,
            "assemble_coo_assembly": 6.927497452124953e-05,
            "assemble_n_hvps": 0,
            "setop_time": 5.309702828526497e-07,
            "set_tolerances_time": 7.110065780580044e-07,
            "pc_setup_time": 0.0028406460187397897,
            "solve_time": 0.0005867229774594307,
            "linear_total_time": 0.0039671119884587824,
            "ksp_its": 1
          },
          {
            "assemble_total_time": 0.0004980000085197389,
            "assemble_p2p_exchange": 3.0255992896854877e-05,
            "assemble_hvp_compute": 0.00021835899678990245,
            "assemble_extraction": 0.00020766298985108733,
            "assemble_coo_assembly": 3.3150019589811563e-05,
            "assemble_n_hvps": 0,
            "setop_time": 5.210167728364468e-07,
            "set_tolerances_time": 6.409827619791031e-07,
            "pc_setup_time": 0.002811302023474127,
            "solve_time": 0.0005899789975956082,
            "linear_total_time": 0.0039004430291242898,
            "ksp_its": 1
          }
        ]
      }
    ],
    "metadata": {
      "profile": "performance",
      "nprocs": 1,
      "nproc_threads": 1,
      "linear_solver": {
        "ksp_type": "cg",
        "pc_type": "hypre",
        "ksp_rtol": 0.1,
        "ksp_max_it": 30,
        "pc_setup_on_ksp_cap": false,
        "gamg_threshold": 0.05,
        "gamg_agg_nsmooths": 1,
        "gamg_set_coordinates": true,
        "reorder": true,
        "hvp_eval_mode": "element_overlap",
        "assembly_mode": "element",
        "element_reorder_mode": "block_xyz",
        "local_hessian_mode": "element",
        "distribution_strategy": "overlap_allgather",
        "assembler": "PLaplaceReorderedElementAssembler",
        "trust_subproblem_solver": "direct_linear_solve",
        "trust_subproblem_line_search": false
      },
      "newton": {
        "tolf": 0.0001,
        "tolg": 0.001,
        "tolg_rel": 0.001,
        "tolx_rel": 0.001,
        "tolx_abs": 1e-10,
        "maxit": 100,
        "require_all_convergence": true,
        "fail_on_nonfinite": true,
        "linesearch_interval": [
          -0.5,
          2.0
        ],
        "linesearch_tol": 0.1,
        "trust_region": false,
        "trust_radius_init": 1.0,
        "trust_radius_min": 1e-08,
        "trust_radius_max": 1000000.0,
        "trust_subproblem_line_search": false,
        "step_time_limit_s": null
      }
    }
  }
}
