An NVIDIA GPU may be present on this machine, but a CUDA-enabled jaxlib is not installed. Falling back to cpu.
An NVIDIA GPU may be present on this machine, but a CUDA-enabled jaxlib is not installed. Falling back to cpu.
{
  "case": {
    "problem": "plaplace",
    "backend": "element",
    "level": 6,
    "out": "/home/michal/repos/fenics_nonlinear_energies/experiment_results_cache/plaplace_final_suite/jax_petsc_element_l6_np2.json",
    "quiet": true,
    "save_history": true,
    "save_linear_timing": true,
    "steps": 1,
    "start_step": 1,
    "total_steps": 24,
    "ksp_type": "cg",
    "pc_type": "hypre",
    "ksp_rtol": 0.1,
    "ksp_max_it": 30,
    "profile": "performance",
    "coloring_trials": 10,
    "nproc_threads": 1,
    "hvp_eval_mode": "sequential",
    "element_reorder_mode": "block_xyz",
    "local_hessian_mode": "element",
    "tolf": 0.0001,
    "tolg": 0.001,
    "tolg_rel": 0.001,
    "tolx_rel": 0.001,
    "tolx_abs": 1e-10,
    "maxit": 100,
    "step_time_limit_s": null,
    "linesearch_a": -0.5,
    "linesearch_b": 2.0,
    "linesearch_tol": 0.1,
    "use_trust_region": false,
    "trust_radius_init": 1.0,
    "trust_radius_min": 1e-08,
    "trust_radius_max": 1000000.0,
    "trust_shrink": 0.5,
    "trust_expand": 1.5,
    "trust_eta_shrink": 0.05,
    "trust_eta_expand": 0.75,
    "trust_max_reject": 6,
    "trust_subproblem_line_search": false,
    "local_coloring": true,
    "retry_on_failure": false,
    "pc_setup_on_ksp_cap": false,
    "use_near_nullspace": true,
    "reorder": null,
    "gamg_threshold": 0.05,
    "gamg_agg_nsmooths": 1,
    "gamg_set_coordinates": true
  },
  "result": {
    "mesh_level": 6,
    "total_dofs": 12545,
    "free_dofs": 12033,
    "setup_time": 0.333768,
    "solve_time_total": 0.122049,
    "total_time": 0.512951,
    "steps": [
      {
        "step": 1,
        "time": 0.122049,
        "nit": 7,
        "linear_iters": 10,
        "energy": -7.954563580821439,
        "message": "Converged (energy, step, gradient)",
        "attempt": "primary",
        "ksp_rtol_used": 0.1,
        "ksp_max_it_used": 30,
        "linesearch_interval_used": [
          -0.5,
          2.0
        ],
        "history": [
          {
            "it": 1,
            "energy": 0.1825673430938265,
            "dE": 65342.82363897913,
            "grad_norm": 6978.482874326118,
            "grad_target": 6.978482874326118,
            "grad_norm_post": NaN,
            "alpha": 1.9569476828142078,
            "ksp_its": 2,
            "ls_evals": 9,
            "ls_repaired": false,
            "used_gradient_fallback": false,
            "accepted_step": true,
            "step_norm": 64.22781431825413,
            "step_rel": 1.0196872421285799,
            "pred_reduction": NaN,
            "actual_reduction": NaN,
            "trust_rejects": 0,
            "t_grad": 0.000363718019798398,
            "t_hess": 0.013639362994581461,
            "t_ls": 0.005082110990770161,
            "t_update": 3.456021659076214e-06,
            "t_iter": 0.01911457598907873,
            "trust_radius": 1.0,
            "trust_ratio": NaN,
            "trust_qp": NaN
          },
          {
            "it": 2,
            "energy": -5.801397048006368,
            "dE": 5.983964391100195,
            "grad_norm": 3.267964815043334,
            "grad_target": 6.978482874326118,
            "grad_norm_post": NaN,
            "alpha": 0.41186271093947224,
            "ksp_its": 1,
            "ls_evals": 9,
            "ls_repaired": false,
            "used_gradient_fallback": false,
            "accepted_step": true,
            "step_norm": 38.41558537994666,
            "step_rel": 15.03935059978359,
            "pred_reduction": NaN,
            "actual_reduction": NaN,
            "trust_rejects": 0,
            "t_grad": 0.0002943830331787467,
            "t_hess": 0.011804511013906449,
            "t_ls": 0.004832766018807888,
            "t_update": 3.5859993658959866e-06,
            "t_iter": 0.01695850002579391,
            "trust_radius": 1.0,
            "trust_ratio": NaN,
            "trust_qp": NaN
          },
          {
            "it": 3,
            "energy": -7.7076740370009045,
            "dE": 1.9062769889945361,
            "grad_norm": 5.499267753353771,
            "grad_target": 6.978482874326118,
            "grad_norm_post": NaN,
            "alpha": 0.6372875703131574,
            "ksp_its": 2,
            "ls_evals": 9,
            "ls_repaired": false,
            "used_gradient_fallback": false,
            "accepted_step": true,
            "step_norm": 13.000186159051394,
            "step_rel": 0.3186644642270955,
            "pred_reduction": NaN,
            "actual_reduction": NaN,
            "trust_rejects": 0,
            "t_grad": 0.000346410961356014,
            "t_hess": 0.012847491016145796,
            "t_ls": 0.004803481977432966,
            "t_update": 7.85099109634757e-06,
            "t_iter": 0.018023612967226654,
            "trust_radius": 1.0,
            "trust_ratio": NaN,
            "trust_qp": NaN
          },
          {
            "it": 4,
            "energy": -7.94227133477083,
            "dE": 0.2345972977699251,
            "grad_norm": 2.185378995330981,
            "grad_target": 6.978482874326118,
            "grad_norm_post": NaN,
            "alpha": 0.9488170640584248,
            "ksp_its": 1,
            "ls_evals": 9,
            "ls_repaired": false,
            "used_gradient_fallback": false,
            "accepted_step": true,
            "step_norm": 1.1012146861454546,
            "step_rel": 0.020620826076572934,
            "pred_reduction": NaN,
            "actual_reduction": NaN,
            "trust_rejects": 0,
            "t_grad": 0.0003157550236210227,
            "t_hess": 0.011383788019884378,
            "t_ls": 0.0047930050059221685,
            "t_update": 3.0050287023186684e-06,
            "t_iter": 0.01651873701484874,
            "trust_radius": 1.0,
            "trust_ratio": NaN,
            "trust_qp": NaN
          },
          {
            "it": 5,
            "energy": -7.954333593678626,
            "dE": 0.012062258907796775,
            "grad_norm": 0.448604167715416,
            "grad_target": 6.978482874326118,
            "grad_norm_post": NaN,
            "alpha": 1.0552482453194671,
            "ksp_its": 2,
            "ls_evals": 9,
            "ls_repaired": false,
            "used_gradient_fallback": false,
            "accepted_step": true,
            "step_norm": 0.6600132665732973,
            "step_rel": 0.012557415677506087,
            "pred_reduction": NaN,
            "actual_reduction": NaN,
            "trust_rejects": 0,
            "t_grad": 0.00028375699184834957,
            "t_hess": 0.012075840029865503,
            "t_ls": 0.004811493039596826,
            "t_update": 3.1850067898631096e-06,
            "t_iter": 0.017196747998241335,
            "trust_radius": 1.0,
            "trust_ratio": NaN,
            "trust_qp": NaN
          },
          {
            "it": 6,
            "energy": -7.954562095302058,
            "dE": 0.0002285016234315762,
            "grad_norm": 0.05295545473382198,
            "grad_target": 6.978482874326118,
            "grad_norm_post": NaN,
            "alpha": 1.088137289060528,
            "ksp_its": 1,
            "ls_evals": 9,
            "ls_repaired": false,
            "used_gradient_fallback": false,
            "accepted_step": true,
            "step_norm": 0.02237443094591156,
            "step_rel": 0.0004309496120146854,
            "pred_reduction": NaN,
            "actual_reduction": NaN,
            "trust_rejects": 0,
            "t_grad": 0.00033554498804733157,
            "t_hess": 0.011195163999218494,
            "t_ls": 0.0048487489693798125,
            "t_update": 3.3850083127617836e-06,
            "t_iter": 0.016404837020672858,
            "trust_radius": 1.0,
            "trust_ratio": NaN,
            "trust_qp": NaN
          },
          {
            "it": 7,
            "energy": -7.954563580821439,
            "dE": 1.4855193812834955e-06,
            "grad_norm": 0.0031207275994064735,
            "grad_target": 6.978482874326118,
            "grad_norm_post": 0.00013097164442909197,
            "alpha": 1.0552482453194671,
            "ksp_its": 1,
            "ls_evals": 9,
            "ls_repaired": false,
            "used_gradient_fallback": false,
            "accepted_step": true,
            "step_norm": 0.0019151455733450477,
            "step_rel": 3.687917863161307e-05,
            "pred_reduction": NaN,
            "actual_reduction": NaN,
            "trust_rejects": 0,
            "t_grad": 0.00028614100301638246,
            "t_hess": 0.011503457964863628,
            "t_ls": 0.004832634993363172,
            "t_update": 3.38495010510087e-06,
            "t_iter": 0.016647210984956473,
            "trust_radius": 1.0,
            "trust_ratio": NaN,
            "trust_qp": NaN
          }
        ],
        "linear_timing": [
          {
            "assemble_total_time": 0.0017605300527065992,
            "assemble_p2p_exchange": 9.092706022784114e-05,
            "assemble_hvp_compute": 0.0005547750042751431,
            "assemble_extraction": 0.0008506299927830696,
            "assemble_coo_assembly": 0.0002476029912941158,
            "assemble_n_hvps": 0,
            "setop_time": 2.663990017026663e-06,
            "set_tolerances_time": 2.0840088836848736e-06,
            "pc_setup_time": 0.009433661994989961,
            "solve_time": 0.002411451016087085,
            "linear_total_time": 0.013610391062684357,
            "ksp_its": 2
          },
          {
            "assemble_total_time": 0.001469532959163189,
            "assemble_p2p_exchange": 8.450704626739025e-05,
            "assemble_hvp_compute": 0.00038388796383515,
            "assemble_extraction": 0.0008135249954648316,
            "assemble_coo_assembly": 0.00017299095634371042,
            "assemble_n_hvps": 0,
            "setop_time": 1.7829588614404202e-06,
            "set_tolerances_time": 2.033018972724676e-06,
            "pc_setup_time": 0.008634869998786598,
            "solve_time": 0.001669742981903255,
            "linear_total_time": 0.011777961917687207,
            "ksp_its": 1
          },
          {
            "assemble_total_time": 0.000982599041890353,
            "assemble_p2p_exchange": 5.59450127184391e-05,
            "assemble_hvp_compute": 0.0003732520272023976,
            "assemble_extraction": 0.0004528110148385167,
            "assemble_coo_assembly": 8.994503878057003e-05,
            "assemble_n_hvps": 0,
            "setop_time": 9.420327842235565e-07,
            "set_tolerances_time": 1.4620018191635609e-06,
            "pc_setup_time": 0.00917636399390176,
            "solve_time": 0.002662448037881404,
            "linear_total_time": 0.012823815108276904,
            "ksp_its": 2
          },
          {
            "assemble_total_time": 0.0010176810319535434,
            "assemble_p2p_exchange": 5.56130544282496e-05,
            "assemble_hvp_compute": 0.00037230999441817403,
            "assemble_extraction": 0.0004517399938777089,
            "assemble_coo_assembly": 0.000126781000290066,
            "assemble_n_hvps": 0,
            "setop_time": 9.320210665464401e-07,
            "set_tolerances_time": 1.2519885785877705e-06,
            "pc_setup_time": 0.008583561982959509,
            "solve_time": 0.0017571250209584832,
            "linear_total_time": 0.01136055204551667,
            "ksp_its": 1
          },
          {
            "assemble_total_time": 0.001021017029415816,
            "assemble_p2p_exchange": 5.7447003200650215e-05,
            "assemble_hvp_compute": 0.00038015196332708,
            "assemble_extraction": 0.00046434998512268066,
            "assemble_coo_assembly": 0.00010805303463712335,
            "assemble_n_hvps": 0,
            "setop_time": 9.119976311922073e-07,
            "set_tolerances_time": 1.1720112524926662e-06,
            "pc_setup_time": 0.008428518020082265,
            "solve_time": 0.002600724983494729,
            "linear_total_time": 0.012052344041876495,
            "ksp_its": 2
          },
          {
            "assemble_total_time": 0.0010434910072945058,
            "assemble_p2p_exchange": 5.6263990700244904e-05,
            "assemble_hvp_compute": 0.0003817350370809436,
            "assemble_extraction": 0.00047666701721027493,
            "assemble_coo_assembly": 0.00011490302858874202,
            "assemble_n_hvps": 0,
            "setop_time": 1.1320225894451141e-06,
            "set_tolerances_time": 1.3120006769895554e-06,
            "pc_setup_time": 0.008392093994189054,
            "solve_time": 0.001733459997922182,
            "linear_total_time": 0.011171489022672176,
            "ksp_its": 1
          },
          {
            "assemble_total_time": 0.0013841039617545903,
            "assemble_p2p_exchange": 5.527300527319312e-05,
            "assemble_hvp_compute": 0.00036771304439753294,
            "assemble_extraction": 0.0004646790330298245,
            "assemble_coo_assembly": 0.0004853300051763654,
            "assemble_n_hvps": 0,
            "setop_time": 1.000997144728899e-06,
            "set_tolerances_time": 1.292035449296236e-06,
            "pc_setup_time": 0.008379684993997216,
            "solve_time": 0.0017141200369223952,
            "linear_total_time": 0.011480202025268227,
            "ksp_its": 1
          }
        ]
      }
    ],
    "metadata": {
      "profile": "performance",
      "nprocs": 2,
      "nproc_threads": 1,
      "linear_solver": {
        "ksp_type": "cg",
        "pc_type": "hypre",
        "ksp_rtol": 0.1,
        "ksp_max_it": 30,
        "pc_setup_on_ksp_cap": false,
        "gamg_threshold": 0.05,
        "gamg_agg_nsmooths": 1,
        "gamg_set_coordinates": true,
        "reorder": true,
        "hvp_eval_mode": "element_overlap",
        "assembly_mode": "element",
        "element_reorder_mode": "block_xyz",
        "local_hessian_mode": "element",
        "distribution_strategy": "overlap_allgather",
        "assembler": "PLaplaceReorderedElementAssembler",
        "trust_subproblem_solver": "direct_linear_solve",
        "trust_subproblem_line_search": false
      },
      "newton": {
        "tolf": 0.0001,
        "tolg": 0.001,
        "tolg_rel": 0.001,
        "tolx_rel": 0.001,
        "tolx_abs": 1e-10,
        "maxit": 100,
        "require_all_convergence": true,
        "fail_on_nonfinite": true,
        "linesearch_interval": [
          -0.5,
          2.0
        ],
        "linesearch_tol": 0.1,
        "trust_region": false,
        "trust_radius_init": 1.0,
        "trust_radius_min": 1e-08,
        "trust_radius_max": 1000000.0,
        "trust_subproblem_line_search": false,
        "step_time_limit_s": null
      }
    }
  }
}
