An NVIDIA GPU may be present on this machine, but a CUDA-enabled jaxlib is not installed. Falling back to cpu.
An NVIDIA GPU may be present on this machine, but a CUDA-enabled jaxlib is not installed. Falling back to cpu.
{
  "case": {
    "problem": "plaplace",
    "backend": "element",
    "level": 8,
    "out": "/home/michal/repos/fenics_nonlinear_energies/experiment_results_cache/plaplace_final_suite/jax_petsc_local_sfd_l8_np2.json",
    "quiet": true,
    "save_history": true,
    "save_linear_timing": true,
    "steps": 1,
    "start_step": 1,
    "total_steps": 24,
    "ksp_type": "cg",
    "pc_type": "hypre",
    "ksp_rtol": 0.1,
    "ksp_max_it": 30,
    "profile": "performance",
    "coloring_trials": 10,
    "nproc_threads": 1,
    "hvp_eval_mode": "sequential",
    "element_reorder_mode": "block_xyz",
    "local_hessian_mode": "sfd_local",
    "tolf": 0.0001,
    "tolg": 0.001,
    "tolg_rel": 0.001,
    "tolx_rel": 0.001,
    "tolx_abs": 1e-10,
    "maxit": 100,
    "step_time_limit_s": null,
    "linesearch_a": -0.5,
    "linesearch_b": 2.0,
    "linesearch_tol": 0.1,
    "use_trust_region": false,
    "trust_radius_init": 1.0,
    "trust_radius_min": 1e-08,
    "trust_radius_max": 1000000.0,
    "trust_shrink": 0.5,
    "trust_expand": 1.5,
    "trust_eta_shrink": 0.05,
    "trust_eta_expand": 0.75,
    "trust_max_reject": 6,
    "trust_subproblem_line_search": false,
    "local_coloring": true,
    "retry_on_failure": false,
    "pc_setup_on_ksp_cap": false,
    "use_near_nullspace": true,
    "reorder": null,
    "gamg_threshold": 0.05,
    "gamg_agg_nsmooths": 1,
    "gamg_set_coordinates": true
  },
  "result": {
    "mesh_level": 8,
    "total_dofs": 197633,
    "free_dofs": 195585,
    "setup_time": 1.847421,
    "solve_time_total": 1.155034,
    "total_time": 3.148423,
    "steps": [
      {
        "step": 1,
        "time": 1.155034,
        "nit": 6,
        "linear_iters": 12,
        "energy": -7.9595561575625595,
        "message": "Converged (energy, step, gradient)",
        "attempt": "primary",
        "ksp_rtol_used": 0.1,
        "ksp_max_it_used": 30,
        "linesearch_interval_used": [
          -0.5,
          2.0
        ],
        "history": [
          {
            "it": 1,
            "energy": 42.02082172752483,
            "dE": 4134620.949390837,
            "grad_norm": 111906.5185179104,
            "grad_target": 111.9065185179104,
            "grad_norm_post": NaN,
            "alpha": 1.9569476828142078,
            "ksp_its": 2,
            "ls_evals": 9,
            "ls_repaired": false,
            "used_gradient_fallback": false,
            "accepted_step": true,
            "step_norm": 245.08269176103596,
            "step_rel": 0.958546757952388,
            "pred_reduction": NaN,
            "actual_reduction": NaN,
            "trust_rejects": 0,
            "t_grad": 0.002898391045164317,
            "t_hess": 0.16913232597289607,
            "t_ls": 0.038522423012182117,
            "t_update": 3.2490002922713757e-05,
            "t_iter": 0.21066376101225615,
            "trust_radius": 1.0,
            "trust_ratio": NaN,
            "trust_qp": NaN
          },
          {
            "it": 2,
            "energy": -5.5435086935846325,
            "dE": 47.56433042110947,
            "grad_norm": 51.89038510192889,
            "grad_target": 111.9065185179104,
            "grad_norm_post": NaN,
            "alpha": 1.8176274578121059,
            "ksp_its": 2,
            "ls_evals": 9,
            "ls_repaired": false,
            "used_gradient_fallback": false,
            "accepted_step": true,
            "step_norm": 197.0343064193187,
            "step_rel": 17.4641989264119,
            "pred_reduction": NaN,
            "actual_reduction": NaN,
            "trust_rejects": 0,
            "t_grad": 0.003101181995589286,
            "t_hess": 0.1590908879879862,
            "t_ls": 0.03705446398817003,
            "t_update": 3.386195749044418e-05,
            "t_iter": 0.1993497220100835,
            "trust_radius": 1.0,
            "trust_ratio": NaN,
            "trust_qp": NaN
          },
          {
            "it": 3,
            "energy": -7.584607180319667,
            "dE": 2.0410984867350344,
            "grad_norm": 7.919838701775042,
            "grad_target": 111.9065185179104,
            "grad_norm_post": NaN,
            "alpha": 0.6905031609436797,
            "ksp_its": 2,
            "ls_evals": 9,
            "ls_repaired": false,
            "used_gradient_fallback": false,
            "accepted_step": true,
            "step_norm": 37.00202992572386,
            "step_rel": 0.1979668179807457,
            "pred_reduction": NaN,
            "actual_reduction": NaN,
            "trust_rejects": 0,
            "t_grad": 0.003032397013157606,
            "t_hess": 0.16187446302501485,
            "t_ls": 0.036902511958032846,
            "t_update": 3.250001464039087e-05,
            "t_iter": 0.20191374100977555,
            "trust_radius": 1.0,
            "trust_ratio": NaN,
            "trust_qp": NaN
          },
          {
            "it": 4,
            "energy": -7.956609862487268,
            "dE": 0.3720026821676008,
            "grad_norm": 3.0677609136607535,
            "grad_target": 111.9065185179104,
            "grad_norm_post": NaN,
            "alpha": 1.1742419234321102,
            "ksp_its": 2,
            "ls_evals": 9,
            "ls_repaired": false,
            "used_gradient_fallback": false,
            "accepted_step": true,
            "step_norm": 13.084983743036394,
            "step_rel": 0.05925153196108942,
            "pred_reduction": NaN,
            "actual_reduction": NaN,
            "trust_rejects": 0,
            "t_grad": 0.0030427720048464835,
            "t_hess": 0.14365483599249274,
            "t_ls": 0.03726261301198974,
            "t_update": 3.3401011023670435e-05,
            "t_iter": 0.18406161799794063,
            "trust_radius": 1.0,
            "trust_ratio": NaN,
            "trust_qp": NaN
          },
          {
            "it": 5,
            "energy": -7.959530186049011,
            "dE": 0.00292032356174321,
            "grad_norm": 0.23883045835144864,
            "grad_target": 111.9065185179104,
            "grad_norm_post": NaN,
            "alpha": 1.0552482453194671,
            "ksp_its": 2,
            "ls_evals": 9,
            "ls_repaired": false,
            "used_gradient_fallback": false,
            "accepted_step": true,
            "step_norm": 0.18637106958310143,
            "step_rel": 0.0008962853982318472,
            "pred_reduction": NaN,
            "actual_reduction": NaN,
            "trust_rejects": 0,
            "t_grad": 0.0031037559965625405,
            "t_hess": 0.13582141499500722,
            "t_ls": 0.037101677036844194,
            "t_update": 3.225903492420912e-05,
            "t_iter": 0.17612965404987335,
            "trust_radius": 1.0,
            "trust_ratio": NaN,
            "trust_qp": NaN
          },
          {
            "it": 6,
            "energy": -7.9595561575625595,
            "dE": 2.5971513548661562e-05,
            "grad_norm": 0.016575810960601234,
            "grad_target": 111.9065185179104,
            "grad_norm_post": 0.001271519257005268,
            "alpha": 1.088137289060528,
            "ksp_its": 2,
            "ls_evals": 9,
            "ls_repaired": false,
            "used_gradient_fallback": false,
            "accepted_step": true,
            "step_norm": 0.028193362111496888,
            "step_rel": 0.00013565956857611362,
            "pred_reduction": NaN,
            "actual_reduction": NaN,
            "trust_rejects": 0,
            "t_grad": 0.003096043015830219,
            "t_hess": 0.13553422299446538,
            "t_ls": 0.03740261698840186,
            "t_update": 3.304000711068511e-05,
            "t_iter": 0.17613525997148827,
            "trust_radius": 1.0,
            "trust_ratio": NaN,
            "trust_qp": NaN
          }
        ],
        "linear_timing": [
          {
            "assemble_total_time": 0.02106718998402357,
            "assemble_p2p_exchange": 0.0007355359848588705,
            "assemble_hvp_compute": 0.015326514025218785,
            "assemble_extraction": 0.0016172979958355427,
            "assemble_coo_assembly": 0.003315289970487356,
            "assemble_n_hvps": 7,
            "setop_time": 4.8869987949728966e-06,
            "set_tolerances_time": 1.8430291675031185e-06,
            "pc_setup_time": 0.11543984798481688,
            "solve_time": 0.032507358002476394,
            "linear_total_time": 0.16902112599927932,
            "ksp_its": 2
          },
          {
            "assemble_total_time": 0.021237829991150647,
            "assemble_p2p_exchange": 0.0009948540246114135,
            "assemble_hvp_compute": 0.015155881992541254,
            "assemble_extraction": 0.002079155994579196,
            "assemble_coo_assembly": 0.0029411360155791044,
            "assemble_n_hvps": 7,
            "setop_time": 3.0539813451468945e-06,
            "set_tolerances_time": 2.3529864847660065e-06,
            "pc_setup_time": 0.105370749020949,
            "solve_time": 0.03236741397995502,
            "linear_total_time": 0.15898139995988458,
            "ksp_its": 2
          },
          {
            "assemble_total_time": 0.020554672984872013,
            "assemble_p2p_exchange": 0.0006706479471176863,
            "assemble_hvp_compute": 0.015347124019172043,
            "assemble_extraction": 0.0016721109859645367,
            "assemble_coo_assembly": 0.002792548038996756,
            "assemble_n_hvps": 7,
            "setop_time": 2.5040353648364544e-06,
            "set_tolerances_time": 1.8629943951964378e-06,
            "pc_setup_time": 0.10755598702235147,
            "solve_time": 0.033655156032182276,
            "linear_total_time": 0.1617701830691658,
            "ksp_its": 2
          },
          {
            "assemble_total_time": 0.02034072595415637,
            "assemble_p2p_exchange": 0.0007432689890265465,
            "assemble_hvp_compute": 0.0151852160342969,
            "assemble_extraction": 0.0016677849926054478,
            "assemble_coo_assembly": 0.0026815179735422134,
            "assemble_n_hvps": 7,
            "setop_time": 2.614047843962908e-06,
            "set_tolerances_time": 1.90298305824399e-06,
            "pc_setup_time": 0.0919442959711887,
            "solve_time": 0.03126213897485286,
            "linear_total_time": 0.14355167793110013,
            "ksp_its": 2
          },
          {
            "assemble_total_time": 0.02128610503859818,
            "assemble_p2p_exchange": 0.0007374689448624849,
            "assemble_hvp_compute": 0.015514251019340008,
            "assemble_extraction": 0.001620942959561944,
            "assemble_coo_assembly": 0.0033492519869469106,
            "assemble_n_hvps": 7,
            "setop_time": 2.7440255507826805e-06,
            "set_tolerances_time": 1.7830170691013336e-06,
            "pc_setup_time": 0.08407651196466759,
            "solve_time": 0.030348159023560584,
            "linear_total_time": 0.13571530306944624,
            "ksp_its": 2
          },
          {
            "assemble_total_time": 0.020798106968868524,
            "assemble_p2p_exchange": 0.000732553016860038,
            "assemble_hvp_compute": 0.015713976055849344,
            "assemble_extraction": 0.0017401360091753304,
            "assemble_coo_assembly": 0.002542294969316572,
            "assemble_n_hvps": 7,
            "setop_time": 2.3040338419377804e-06,
            "set_tolerances_time": 1.90298305824399e-06,
            "pc_setup_time": 0.08402766595827416,
            "solve_time": 0.030599732999689877,
            "linear_total_time": 0.13542971294373274,
            "ksp_its": 2
          }
        ]
      }
    ],
    "metadata": {
      "profile": "performance",
      "nprocs": 2,
      "nproc_threads": 1,
      "linear_solver": {
        "ksp_type": "cg",
        "pc_type": "hypre",
        "ksp_rtol": 0.1,
        "ksp_max_it": 30,
        "pc_setup_on_ksp_cap": false,
        "gamg_threshold": 0.05,
        "gamg_agg_nsmooths": 1,
        "gamg_set_coordinates": true,
        "reorder": true,
        "hvp_eval_mode": "sfd_local_batched",
        "assembly_mode": "element",
        "element_reorder_mode": "block_xyz",
        "local_hessian_mode": "sfd_local",
        "distribution_strategy": "overlap_allgather",
        "assembler": "PLaplaceReorderedElementAssembler",
        "trust_subproblem_solver": "direct_linear_solve",
        "trust_subproblem_line_search": false
      },
      "newton": {
        "tolf": 0.0001,
        "tolg": 0.001,
        "tolg_rel": 0.001,
        "tolx_rel": 0.001,
        "tolx_abs": 1e-10,
        "maxit": 100,
        "require_all_convergence": true,
        "fail_on_nonfinite": true,
        "linesearch_interval": [
          -0.5,
          2.0
        ],
        "linesearch_tol": 0.1,
        "trust_region": false,
        "trust_radius_init": 1.0,
        "trust_radius_min": 1e-08,
        "trust_radius_max": 1000000.0,
        "trust_subproblem_line_search": false,
        "step_time_limit_s": null
      }
    }
  }
}
