An NVIDIA GPU may be present on this machine, but a CUDA-enabled jaxlib is not installed. Falling back to cpu.
An NVIDIA GPU may be present on this machine, but a CUDA-enabled jaxlib is not installed. Falling back to cpu.
An NVIDIA GPU may be present on this machine, but a CUDA-enabled jaxlib is not installed. Falling back to cpu.
An NVIDIA GPU may be present on this machine, but a CUDA-enabled jaxlib is not installed. Falling back to cpu.
{
  "case": {
    "problem": "plaplace",
    "backend": "element",
    "level": 6,
    "out": "/home/michal/repos/fenics_nonlinear_energies/experiment_results_cache/plaplace_final_suite/jax_petsc_element_l6_np4.json",
    "quiet": true,
    "save_history": true,
    "save_linear_timing": true,
    "steps": 1,
    "start_step": 1,
    "total_steps": 24,
    "ksp_type": "cg",
    "pc_type": "hypre",
    "ksp_rtol": 0.1,
    "ksp_max_it": 30,
    "profile": "performance",
    "coloring_trials": 10,
    "nproc_threads": 1,
    "hvp_eval_mode": "sequential",
    "element_reorder_mode": "block_xyz",
    "local_hessian_mode": "element",
    "tolf": 0.0001,
    "tolg": 0.001,
    "tolg_rel": 0.001,
    "tolx_rel": 0.001,
    "tolx_abs": 1e-10,
    "maxit": 100,
    "step_time_limit_s": null,
    "linesearch_a": -0.5,
    "linesearch_b": 2.0,
    "linesearch_tol": 0.1,
    "use_trust_region": false,
    "trust_radius_init": 1.0,
    "trust_radius_min": 1e-08,
    "trust_radius_max": 1000000.0,
    "trust_shrink": 0.5,
    "trust_expand": 1.5,
    "trust_eta_shrink": 0.05,
    "trust_eta_expand": 0.75,
    "trust_max_reject": 6,
    "trust_subproblem_line_search": false,
    "local_coloring": true,
    "retry_on_failure": false,
    "pc_setup_on_ksp_cap": false,
    "use_near_nullspace": true,
    "reorder": null,
    "gamg_threshold": 0.05,
    "gamg_agg_nsmooths": 1,
    "gamg_set_coordinates": true
  },
  "result": {
    "mesh_level": 6,
    "total_dofs": 12545,
    "free_dofs": 12033,
    "setup_time": 0.323372,
    "solve_time_total": 0.115838,
    "total_time": 0.503216,
    "steps": [
      {
        "step": 1,
        "time": 0.115838,
        "nit": 7,
        "linear_iters": 10,
        "energy": -7.9545635808988715,
        "message": "Converged (energy, step, gradient)",
        "attempt": "primary",
        "ksp_rtol_used": 0.1,
        "ksp_max_it_used": 30,
        "linesearch_interval_used": [
          -0.5,
          2.0
        ],
        "history": [
          {
            "it": 1,
            "energy": 0.1745484523832096,
            "dE": 65342.83165786984,
            "grad_norm": 6978.482874326118,
            "grad_target": 6.978482874326118,
            "grad_norm_post": NaN,
            "alpha": 1.9569476828142078,
            "ksp_its": 2,
            "ls_evals": 9,
            "ls_repaired": false,
            "used_gradient_fallback": false,
            "accepted_step": true,
            "step_norm": 64.25577344196748,
            "step_rel": 1.020131123989643,
            "pred_reduction": NaN,
            "actual_reduction": NaN,
            "trust_rejects": 0,
            "t_grad": 0.00039940100396052003,
            "t_hess": 0.012279945949558169,
            "t_ls": 0.004549107979983091,
            "t_update": 2.033018972724676e-06,
            "t_iter": 0.017260544991586357,
            "trust_radius": 1.0,
            "trust_ratio": NaN,
            "trust_qp": NaN
          },
          {
            "it": 2,
            "energy": -5.84237686814365,
            "dE": 6.01692532052686,
            "grad_norm": 3.2680841805352916,
            "grad_target": 6.978482874326118,
            "grad_norm_post": NaN,
            "alpha": 0.41186271093947224,
            "ksp_its": 1,
            "ls_evals": 9,
            "ls_repaired": false,
            "used_gradient_fallback": false,
            "accepted_step": true,
            "step_norm": 38.62374732166767,
            "step_rel": 14.986688839606867,
            "pred_reduction": NaN,
            "actual_reduction": NaN,
            "trust_rejects": 0,
            "t_grad": 0.0002864010166376829,
            "t_hess": 0.011215004022233188,
            "t_ls": 0.004606594971846789,
            "t_update": 2.154032699763775e-06,
            "t_iter": 0.016141569998580962,
            "trust_radius": 1.0,
            "trust_ratio": NaN,
            "trust_qp": NaN
          },
          {
            "it": 3,
            "energy": -7.712816542835043,
            "dE": 1.8704396746913927,
            "grad_norm": 5.418071981568042,
            "grad_target": 6.978482874326118,
            "grad_norm_post": NaN,
            "alpha": 0.6372875703131574,
            "ksp_its": 2,
            "ls_evals": 9,
            "ls_repaired": false,
            "used_gradient_fallback": false,
            "accepted_step": true,
            "step_norm": 12.724389268641188,
            "step_rel": 0.310069038408423,
            "pred_reduction": NaN,
            "actual_reduction": NaN,
            "trust_rejects": 0,
            "t_grad": 0.00029921100940555334,
            "t_hess": 0.012299065012484789,
            "t_ls": 0.0044799139723181725,
            "t_update": 2.0730076357722282e-06,
            "t_iter": 0.01710608199937269,
            "trust_radius": 1.0,
            "trust_ratio": NaN,
            "trust_qp": NaN
          },
          {
            "it": 4,
            "energy": -7.941929772286496,
            "dE": 0.2291132294514533,
            "grad_norm": 2.139070035967527,
            "grad_target": 6.978482874326118,
            "grad_norm_post": NaN,
            "alpha": 0.9488170640584248,
            "ksp_its": 1,
            "ls_evals": 9,
            "ls_repaired": false,
            "used_gradient_fallback": false,
            "accepted_step": true,
            "step_norm": 1.067028254171222,
            "step_rel": 0.019997139864856333,
            "pred_reduction": NaN,
            "actual_reduction": NaN,
            "trust_rejects": 0,
            "t_grad": 0.0002852299949154258,
            "t_hess": 0.011178158049006015,
            "t_ls": 0.00453894300153479,
            "t_update": 2.0230072550475597e-06,
            "t_iter": 0.016030361992307007,
            "trust_radius": 1.0,
            "trust_ratio": NaN,
            "trust_qp": NaN
          },
          {
            "it": 5,
            "energy": -7.954305161566048,
            "dE": 0.012375389279552174,
            "grad_norm": 0.46316383081545304,
            "grad_target": 6.978482874326118,
            "grad_norm_post": NaN,
            "alpha": 1.0552482453194671,
            "ksp_its": 2,
            "ls_evals": 9,
            "ls_repaired": false,
            "used_gradient_fallback": false,
            "accepted_step": true,
            "step_norm": 0.6479069399009035,
            "step_rel": 0.012328498165898918,
            "pred_reduction": NaN,
            "actual_reduction": NaN,
            "trust_rejects": 0,
            "t_grad": 0.000289286021143198,
            "t_hess": 0.011851251008920372,
            "t_ls": 0.004588397976476699,
            "t_update": 1.993030309677124e-06,
            "t_iter": 0.01675796799827367,
            "trust_radius": 1.0,
            "trust_ratio": NaN,
            "trust_qp": NaN
          },
          {
            "it": 6,
            "energy": -7.9545622238797,
            "dE": 0.00025706231365152377,
            "grad_norm": 0.05777913047436685,
            "grad_target": 6.978482874326118,
            "grad_norm_post": NaN,
            "alpha": 1.088137289060528,
            "ksp_its": 1,
            "ls_evals": 9,
            "ls_repaired": false,
            "used_gradient_fallback": false,
            "accepted_step": true,
            "step_norm": 0.02279935428189948,
            "step_rel": 0.00043912789046688224,
            "pred_reduction": NaN,
            "actual_reduction": NaN,
            "trust_rejects": 0,
            "t_grad": 0.000276467006187886,
            "t_hess": 0.010915641963947564,
            "t_ls": 0.004482268006540835,
            "t_update": 1.9729486666619778e-06,
            "t_iter": 0.01570222800364718,
            "trust_radius": 1.0,
            "trust_ratio": NaN,
            "trust_qp": NaN
          },
          {
            "it": 7,
            "energy": -7.9545635808988715,
            "dE": 1.3570191716993918e-06,
            "grad_norm": 0.0030636092087655904,
            "grad_target": 6.978482874326118,
            "grad_norm_post": 0.00013622003698837058,
            "alpha": 1.0552482453194671,
            "ksp_its": 1,
            "ls_evals": 9,
            "ls_repaired": false,
            "used_gradient_fallback": false,
            "accepted_step": true,
            "step_norm": 0.001872950747432507,
            "step_rel": 3.606656277028991e-05,
            "pred_reduction": NaN,
            "actual_reduction": NaN,
            "trust_rejects": 0,
            "t_grad": 0.00027743796817958355,
            "t_hess": 0.0108984470134601,
            "t_ls": 0.004548306984361261,
            "t_update": 2.3440225049853325e-06,
            "t_iter": 0.01575246499851346,
            "trust_radius": 1.0,
            "trust_ratio": NaN,
            "trust_qp": NaN
          }
        ],
        "linear_timing": [
          {
            "assemble_total_time": 0.0008740450139157474,
            "assemble_p2p_exchange": 6.39469362795353e-05,
            "assemble_hvp_compute": 0.00024756300263106823,
            "assemble_extraction": 0.00037031801184639335,
            "assemble_coo_assembly": 0.0001784289488568902,
            "assemble_n_hvps": 0,
            "setop_time": 2.173997927457094e-06,
            "set_tolerances_time": 1.8120044842362404e-06,
            "pc_setup_time": 0.009069293038919568,
            "solve_time": 0.0023002320085652173,
            "linear_total_time": 0.012247556063812226,
            "ksp_its": 2
          },
          {
            "assemble_total_time": 0.0008857339853420854,
            "assemble_p2p_exchange": 5.861796671524644e-05,
            "assemble_hvp_compute": 0.00025040697073563933,
            "assemble_extraction": 0.0004274829989299178,
            "assemble_coo_assembly": 0.000136344984639436,
            "assemble_n_hvps": 0,
            "setop_time": 1.4320248737931252e-06,
            "set_tolerances_time": 1.701992005109787e-06,
            "pc_setup_time": 0.00860028702300042,
            "solve_time": 0.0016889830003492534,
            "linear_total_time": 0.01117813802557066,
            "ksp_its": 1
          },
          {
            "assemble_total_time": 0.0007004850194789469,
            "assemble_p2p_exchange": 7.098796777427197e-05,
            "assemble_hvp_compute": 0.0002577280392870307,
            "assemble_extraction": 0.00026308599626645446,
            "assemble_coo_assembly": 9.770703036338091e-05,
            "assemble_n_hvps": 0,
            "setop_time": 1.05204526335001e-06,
            "set_tolerances_time": 1.1420343071222305e-06,
            "pc_setup_time": 0.008989352965727448,
            "solve_time": 0.0025797129492275417,
            "linear_total_time": 0.01227174501400441,
            "ksp_its": 2
          },
          {
            "assemble_total_time": 0.0006602840148843825,
            "assemble_p2p_exchange": 5.352997686713934e-05,
            "assemble_hvp_compute": 0.00024652096908539534,
            "assemble_extraction": 0.00026458798674866557,
            "assemble_coo_assembly": 8.512899512425065e-05,
            "assemble_n_hvps": 0,
            "setop_time": 9.420327842235565e-07,
            "set_tolerances_time": 1.1209631338715553e-06,
            "pc_setup_time": 0.008750153006985784,
            "solve_time": 0.001738387974910438,
            "linear_total_time": 0.0111508879926987,
            "ksp_its": 1
          },
          {
            "assemble_total_time": 0.0006690570153295994,
            "assemble_p2p_exchange": 5.737703759223223e-05,
            "assemble_hvp_compute": 0.00024547899374738336,
            "assemble_extraction": 0.0002706969971768558,
            "assemble_coo_assembly": 8.333497680723667e-05,
            "assemble_n_hvps": 0,
            "setop_time": 9.919749572873116e-07,
            "set_tolerances_time": 1.2319651432335377e-06,
            "pc_setup_time": 0.008609440992586315,
            "solve_time": 0.002542697999160737,
            "linear_total_time": 0.011823419947177172,
            "ksp_its": 2
          },
          {
            "assemble_total_time": 0.0006647009868174791,
            "assemble_p2p_exchange": 5.488202441483736e-05,
            "assemble_hvp_compute": 0.0002532909857109189,
            "assemble_extraction": 0.00026583101134747267,
            "assemble_coo_assembly": 7.930898573249578e-05,
            "assemble_n_hvps": 0,
            "setop_time": 1.201988197863102e-06,
            "set_tolerances_time": 1.1820229701697826e-06,
            "pc_setup_time": 0.008560237009078264,
            "solve_time": 0.0016616720240563154,
            "linear_total_time": 0.010888994031120092,
            "ksp_its": 1
          },
          {
            "assemble_total_time": 0.00068983796518296,
            "assemble_p2p_exchange": 5.390099249780178e-05,
            "assemble_hvp_compute": 0.0002455799840390682,
            "assemble_extraction": 0.00028126302640885115,
            "assemble_coo_assembly": 9.86380036920309e-05,
            "assemble_n_hvps": 0,
            "setop_time": 1.1619995348155499e-06,
            "set_tolerances_time": 1.2309756129980087e-06,
            "pc_setup_time": 0.008511331980116665,
            "solve_time": 0.0016678510000929236,
            "linear_total_time": 0.010871413920540363,
            "ksp_its": 1
          }
        ]
      }
    ],
    "metadata": {
      "profile": "performance",
      "nprocs": 4,
      "nproc_threads": 1,
      "linear_solver": {
        "ksp_type": "cg",
        "pc_type": "hypre",
        "ksp_rtol": 0.1,
        "ksp_max_it": 30,
        "pc_setup_on_ksp_cap": false,
        "gamg_threshold": 0.05,
        "gamg_agg_nsmooths": 1,
        "gamg_set_coordinates": true,
        "reorder": true,
        "hvp_eval_mode": "element_overlap",
        "assembly_mode": "element",
        "element_reorder_mode": "block_xyz",
        "local_hessian_mode": "element",
        "distribution_strategy": "overlap_allgather",
        "assembler": "PLaplaceReorderedElementAssembler",
        "trust_subproblem_solver": "direct_linear_solve",
        "trust_subproblem_line_search": false
      },
      "newton": {
        "tolf": 0.0001,
        "tolg": 0.001,
        "tolg_rel": 0.001,
        "tolx_rel": 0.001,
        "tolx_abs": 1e-10,
        "maxit": 100,
        "require_all_convergence": true,
        "fail_on_nonfinite": true,
        "linesearch_interval": [
          -0.5,
          2.0
        ],
        "linesearch_tol": 0.1,
        "trust_region": false,
        "trust_radius_init": 1.0,
        "trust_radius_min": 1e-08,
        "trust_radius_max": 1000000.0,
        "trust_subproblem_line_search": false,
        "step_time_limit_s": null
      }
    }
  }
}
