An NVIDIA GPU may be present on this machine, but a CUDA-enabled jaxlib is not installed. Falling back to cpu.
An NVIDIA GPU may be present on this machine, but a CUDA-enabled jaxlib is not installed. Falling back to cpu.
{
  "case": {
    "problem": "plaplace",
    "backend": "element",
    "level": 5,
    "out": "/home/michal/repos/fenics_nonlinear_energies/experiment_results_cache/plaplace_final_suite/jax_petsc_local_sfd_l5_np2.json",
    "quiet": true,
    "save_history": true,
    "save_linear_timing": true,
    "steps": 1,
    "start_step": 1,
    "total_steps": 24,
    "ksp_type": "cg",
    "pc_type": "hypre",
    "ksp_rtol": 0.1,
    "ksp_max_it": 30,
    "profile": "performance",
    "coloring_trials": 10,
    "nproc_threads": 1,
    "hvp_eval_mode": "sequential",
    "element_reorder_mode": "block_xyz",
    "local_hessian_mode": "sfd_local",
    "tolf": 0.0001,
    "tolg": 0.001,
    "tolg_rel": 0.001,
    "tolx_rel": 0.001,
    "tolx_abs": 1e-10,
    "maxit": 100,
    "step_time_limit_s": null,
    "linesearch_a": -0.5,
    "linesearch_b": 2.0,
    "linesearch_tol": 0.1,
    "use_trust_region": false,
    "trust_radius_init": 1.0,
    "trust_radius_min": 1e-08,
    "trust_radius_max": 1000000.0,
    "trust_shrink": 0.5,
    "trust_expand": 1.5,
    "trust_eta_shrink": 0.05,
    "trust_eta_expand": 0.75,
    "trust_max_reject": 6,
    "trust_subproblem_line_search": false,
    "local_coloring": true,
    "retry_on_failure": false,
    "pc_setup_on_ksp_cap": false,
    "use_near_nullspace": true,
    "reorder": null,
    "gamg_threshold": 0.05,
    "gamg_agg_nsmooths": 1,
    "gamg_set_coordinates": true
  },
  "result": {
    "mesh_level": 5,
    "total_dofs": 3201,
    "free_dofs": 2945,
    "setup_time": 0.652383,
    "solve_time_total": 0.049916,
    "total_time": 0.75815,
    "steps": [
      {
        "step": 1,
        "time": 0.049916,
        "nit": 6,
        "linear_iters": 6,
        "energy": -7.942968713537789,
        "message": "Converged (energy, step, gradient)",
        "attempt": "primary",
        "ksp_rtol_used": 0.1,
        "ksp_max_it_used": 30,
        "linesearch_interval_used": [
          -0.5,
          2.0
        ],
        "history": [
          {
            "it": 1,
            "energy": -0.10496591094070093,
            "dE": 8662.183482622437,
            "grad_norm": 1796.1493529461623,
            "grad_target": 1.7961493529461623,
            "grad_norm_post": NaN,
            "alpha": 1.9569476828142078,
            "ksp_its": 1,
            "ls_evals": 9,
            "ls_repaired": false,
            "used_gradient_fallback": false,
            "accepted_step": true,
            "step_norm": 31.87157791593731,
            "step_rel": 1.0070319272772152,
            "pred_reduction": NaN,
            "actual_reduction": NaN,
            "trust_rejects": 0,
            "t_grad": 0.0002116949763149023,
            "t_hess": 0.005386278033256531,
            "t_ls": 0.0031351540237665176,
            "t_update": 1.702981535345316e-06,
            "t_iter": 0.00875786499818787,
            "trust_radius": 1.0,
            "trust_ratio": NaN,
            "trust_qp": NaN
          },
          {
            "it": 2,
            "energy": -6.05124199663995,
            "dE": 5.94627608569925,
            "grad_norm": 1.1028471275258729,
            "grad_target": 1.7961493529461623,
            "grad_norm_post": NaN,
            "alpha": 0.21932689530684624,
            "ksp_its": 1,
            "ls_evals": 9,
            "ls_repaired": false,
            "used_gradient_fallback": false,
            "accepted_step": true,
            "step_norm": 17.87878972989194,
            "step_rel": 14.296744204436548,
            "pred_reduction": NaN,
            "actual_reduction": NaN,
            "trust_rejects": 0,
            "t_grad": 0.00018801999976858497,
            "t_hess": 0.004894890997093171,
            "t_ls": 0.002974066010210663,
            "t_update": 1.8629943951964378e-06,
            "t_iter": 0.008079721999820322,
            "trust_radius": 1.0,
            "trust_ratio": NaN,
            "trust_qp": NaN
          },
          {
            "it": 3,
            "energy": -7.763670905066089,
            "dE": 1.7124289084261388,
            "grad_norm": 4.050638059919785,
            "grad_target": 1.7961493529461623,
            "grad_norm_post": NaN,
            "alpha": 0.5840719796826351,
            "ksp_its": 1,
            "ls_evals": 9,
            "ls_repaired": false,
            "used_gradient_fallback": false,
            "accepted_step": true,
            "step_norm": 7.118857396121178,
            "step_rel": 0.3811295642051636,
            "pred_reduction": NaN,
            "actual_reduction": NaN,
            "trust_rejects": 0,
            "t_grad": 0.00017317599849775434,
            "t_hess": 0.004824572999496013,
            "t_ls": 0.0029833100270479918,
            "t_update": 1.5020486898720264e-06,
            "t_iter": 0.008003173978067935,
            "trust_radius": 1.0,
            "trust_ratio": NaN,
            "trust_qp": NaN
          },
          {
            "it": 4,
            "energy": -7.940582534441056,
            "dE": 0.17691162937496685,
            "grad_norm": 1.7986943751570599,
            "grad_target": 1.7961493529461623,
            "grad_norm_post": NaN,
            "alpha": 1.0552482453194671,
            "ksp_its": 1,
            "ls_evals": 9,
            "ls_repaired": false,
            "used_gradient_fallback": false,
            "accepted_step": true,
            "step_norm": 0.6912805140669491,
            "step_rel": 0.027077076135514973,
            "pred_reduction": NaN,
            "actual_reduction": NaN,
            "trust_rejects": 0,
            "t_grad": 0.00017388799460604787,
            "t_hess": 0.00498616200638935,
            "t_ls": 0.00313774700043723,
            "t_update": 1.7629936337471008e-06,
            "t_iter": 0.008320170978549868,
            "trust_radius": 1.0,
            "trust_ratio": NaN,
            "trust_qp": NaN
          },
          {
            "it": 5,
            "energy": -7.942962566598824,
            "dE": 0.002380032157768497,
            "grad_norm": 0.16076988375675988,
            "grad_target": 1.7961493529461623,
            "grad_norm_post": NaN,
            "alpha": 1.0552482453194671,
            "ksp_its": 1,
            "ls_evals": 9,
            "ls_repaired": false,
            "used_gradient_fallback": false,
            "accepted_step": true,
            "step_norm": 0.13672465292433394,
            "step_rel": 0.005243764853623182,
            "pred_reduction": NaN,
            "actual_reduction": NaN,
            "trust_rejects": 0,
            "t_grad": 0.00018908100901171565,
            "t_hess": 0.004781247000209987,
            "t_ls": 0.0029999359976500273,
            "t_update": 1.7129932530224323e-06,
            "t_iter": 0.007992387982085347,
            "trust_radius": 1.0,
            "trust_ratio": NaN,
            "trust_qp": NaN
          },
          {
            "it": 6,
            "energy": -7.942968713537789,
            "dE": 6.146938964946003e-06,
            "grad_norm": 0.00862463709160295,
            "grad_target": 1.7961493529461623,
            "grad_norm_post": 0.00013120926154795338,
            "alpha": 1.002032654688946,
            "ksp_its": 1,
            "ls_evals": 9,
            "ls_repaired": false,
            "used_gradient_fallback": false,
            "accepted_step": true,
            "step_norm": 0.005048918832837886,
            "step_rel": 0.00019455657110748641,
            "pred_reduction": NaN,
            "actual_reduction": NaN,
            "trust_rejects": 0,
            "t_grad": 0.00017941603437066078,
            "t_hess": 0.004830433055758476,
            "t_ls": 0.0029924740083515644,
            "t_update": 1.5120021998882294e-06,
            "t_iter": 0.008023936010431498,
            "trust_radius": 1.0,
            "trust_ratio": NaN,
            "trust_qp": NaN
          }
        ],
        "linear_timing": [
          {
            "assemble_total_time": 0.0006121719488874078,
            "assemble_p2p_exchange": 3.6887009628117085e-05,
            "assemble_hvp_compute": 0.0004473980516195297,
            "assemble_extraction": 5.228002555668354e-05,
            "assemble_coo_assembly": 6.047298666089773e-05,
            "assemble_n_hvps": 8,
            "setop_time": 2.6440247893333435e-06,
            "set_tolerances_time": 1.292035449296236e-06,
            "pc_setup_time": 0.0040359299746342,
            "solve_time": 0.0007099320064298809,
            "linear_total_time": 0.0053619699901901186,
            "ksp_its": 1
          },
          {
            "assemble_total_time": 0.0004987379652447999,
            "assemble_p2p_exchange": 4.5058957766741514e-05,
            "assemble_hvp_compute": 0.0002923599677160382,
            "assemble_extraction": 7.058802293613553e-05,
            "assemble_coo_assembly": 7.88120087236166e-05,
            "assemble_n_hvps": 8,
            "setop_time": 7.509952411055565e-07,
            "set_tolerances_time": 7.909839041531086e-07,
            "pc_setup_time": 0.0036444470169954,
            "solve_time": 0.0007286209729500115,
            "linear_total_time": 0.00487334793433547,
            "ksp_its": 1
          },
          {
            "assemble_total_time": 0.0004194549983367324,
            "assemble_p2p_exchange": 3.7258025258779526e-05,
            "assemble_hvp_compute": 0.0002584779867902398,
            "assemble_extraction": 5.2149989642202854e-05,
            "assemble_coo_assembly": 6.194598972797394e-05,
            "assemble_n_hvps": 8,
            "setop_time": 5.309702828526497e-07,
            "set_tolerances_time": 5.909823812544346e-07,
            "pc_setup_time": 0.0036385789862833917,
            "solve_time": 0.0007461680215783417,
            "linear_total_time": 0.004805323958862573,
            "ksp_its": 1
          },
          {
            "assemble_total_time": 0.0004230610211379826,
            "assemble_p2p_exchange": 3.853993257507682e-05,
            "assemble_hvp_compute": 0.00028890499379485846,
            "assemble_extraction": 3.4372962545603514e-05,
            "assemble_coo_assembly": 5.218101432546973e-05,
            "assemble_n_hvps": 8,
            "setop_time": 5.209585651755333e-07,
            "set_tolerances_time": 6.110058166086674e-07,
            "pc_setup_time": 0.0037624690448865294,
            "solve_time": 0.0007797300349920988,
            "linear_total_time": 0.004966392065398395,
            "ksp_its": 1
          },
          {
            "assemble_total_time": 0.0004347189678810537,
            "assemble_p2p_exchange": 4.053203156217933e-05,
            "assemble_hvp_compute": 0.000297769031021744,
            "assemble_extraction": 3.532401751726866e-05,
            "assemble_coo_assembly": 5.104899173602462e-05,
            "assemble_n_hvps": 8,
            "setop_time": 5.310284905135632e-07,
            "set_tolerances_time": 6.909831427037716e-07,
            "pc_setup_time": 0.00360017002094537,
            "solve_time": 0.0007255470263771713,
            "linear_total_time": 0.0047616580268368125,
            "ksp_its": 1
          },
          {
            "assemble_total_time": 0.00040585396345704794,
            "assemble_p2p_exchange": 4.119297955185175e-05,
            "assemble_hvp_compute": 0.0002850689925253391,
            "assemble_extraction": 3.362097777426243e-05,
            "assemble_coo_assembly": 3.703701077029109e-05,
            "assemble_n_hvps": 8,
            "setop_time": 5.200272426009178e-07,
            "set_tolerances_time": 6.00994098931551e-07,
            "pc_setup_time": 0.003662967006675899,
            "solve_time": 0.0007415409781970084,
            "linear_total_time": 0.004811482969671488,
            "ksp_its": 1
          }
        ]
      }
    ],
    "metadata": {
      "profile": "performance",
      "nprocs": 2,
      "nproc_threads": 1,
      "linear_solver": {
        "ksp_type": "cg",
        "pc_type": "hypre",
        "ksp_rtol": 0.1,
        "ksp_max_it": 30,
        "pc_setup_on_ksp_cap": false,
        "gamg_threshold": 0.05,
        "gamg_agg_nsmooths": 1,
        "gamg_set_coordinates": true,
        "reorder": true,
        "hvp_eval_mode": "sfd_local_batched",
        "assembly_mode": "element",
        "element_reorder_mode": "block_xyz",
        "local_hessian_mode": "sfd_local",
        "distribution_strategy": "overlap_allgather",
        "assembler": "PLaplaceReorderedElementAssembler",
        "trust_subproblem_solver": "direct_linear_solve",
        "trust_subproblem_line_search": false
      },
      "newton": {
        "tolf": 0.0001,
        "tolg": 0.001,
        "tolg_rel": 0.001,
        "tolx_rel": 0.001,
        "tolx_abs": 1e-10,
        "maxit": 100,
        "require_all_convergence": true,
        "fail_on_nonfinite": true,
        "linesearch_interval": [
          -0.5,
          2.0
        ],
        "linesearch_tol": 0.1,
        "trust_region": false,
        "trust_radius_init": 1.0,
        "trust_radius_min": 1e-08,
        "trust_radius_max": 1000000.0,
        "trust_subproblem_line_search": false,
        "step_time_limit_s": null
      }
    }
  }
}
