An NVIDIA GPU may be present on this machine, but a CUDA-enabled jaxlib is not installed. Falling back to cpu.
{
  "case": {
    "problem": "plaplace",
    "backend": "element",
    "level": 9,
    "out": "/home/michal/repos/fenics_nonlinear_energies/experiment_results_cache/plaplace_final_suite/jax_petsc_local_sfd_l9_np1.json",
    "quiet": true,
    "save_history": true,
    "save_linear_timing": true,
    "steps": 1,
    "start_step": 1,
    "total_steps": 24,
    "ksp_type": "cg",
    "pc_type": "hypre",
    "ksp_rtol": 0.1,
    "ksp_max_it": 30,
    "profile": "performance",
    "coloring_trials": 10,
    "nproc_threads": 1,
    "hvp_eval_mode": "sequential",
    "element_reorder_mode": "block_xyz",
    "local_hessian_mode": "sfd_local",
    "tolf": 0.0001,
    "tolg": 0.001,
    "tolg_rel": 0.001,
    "tolx_rel": 0.001,
    "tolx_abs": 1e-10,
    "maxit": 100,
    "step_time_limit_s": null,
    "linesearch_a": -0.5,
    "linesearch_b": 2.0,
    "linesearch_tol": 0.1,
    "use_trust_region": false,
    "trust_radius_init": 1.0,
    "trust_radius_min": 1e-08,
    "trust_radius_max": 1000000.0,
    "trust_shrink": 0.5,
    "trust_expand": 1.5,
    "trust_eta_shrink": 0.05,
    "trust_eta_expand": 0.75,
    "trust_max_reject": 6,
    "trust_subproblem_line_search": false,
    "local_coloring": true,
    "retry_on_failure": false,
    "pc_setup_on_ksp_cap": false,
    "use_near_nullspace": true,
    "reorder": null,
    "gamg_threshold": 0.05,
    "gamg_agg_nsmooths": 1,
    "gamg_set_coordinates": true
  },
  "result": {
    "mesh_level": 9,
    "total_dofs": 788481,
    "free_dofs": 784385,
    "setup_time": 11.359549,
    "solve_time_total": 8.58844,
    "total_time": 20.28352,
    "steps": [
      {
        "step": 1,
        "time": 8.58844,
        "nit": 6,
        "linear_iters": 11,
        "energy": -7.960004375768515,
        "message": "Converged (energy, step, gradient)",
        "attempt": "primary",
        "ksp_rtol_used": 0.1,
        "ksp_max_it_used": 30,
        "linesearch_interval_used": [
          -0.5,
          2.0
        ],
        "history": [
          {
            "it": 1,
            "energy": 331.41850768777584,
            "dE": 33077101.463855598,
            "grad_norm": 448769.7866275505,
            "grad_target": 448.7697866275505,
            "grad_norm_post": NaN,
            "alpha": 1.9569476828142078,
            "ksp_its": 2,
            "ls_evals": 9,
            "ls_repaired": false,
            "used_gradient_fallback": false,
            "accepted_step": true,
            "step_norm": 482.4753792390115,
            "step_rel": 0.9431355495089251,
            "pred_reduction": NaN,
            "actual_reduction": NaN,
            "trust_rejects": 0,
            "t_grad": 0.022300323005765676,
            "t_hess": 1.2675201399833895,
            "t_ls": 0.27628575603011996,
            "t_update": 0.0001811380498111248,
            "t_iter": 1.5664525280008093,
            "trust_radius": 1.0,
            "trust_ratio": NaN,
            "trust_qp": NaN
          },
          {
            "it": 2,
            "energy": -4.961754925277464,
            "dE": 336.38026261305333,
            "grad_norm": 208.09362460264077,
            "grad_target": 448.7697866275505,
            "grad_norm_post": NaN,
            "alpha": 1.9569476828142078,
            "ksp_its": 2,
            "ls_evals": 9,
            "ls_repaired": false,
            "used_gradient_fallback": false,
            "accepted_step": true,
            "step_norm": 227.4253457069834,
            "step_rel": 7.121029689283118,
            "pred_reduction": NaN,
            "actual_reduction": NaN,
            "trust_rejects": 0,
            "t_grad": 0.023282545036636293,
            "t_hess": 1.2419164269813336,
            "t_ls": 0.2760394170181826,
            "t_update": 0.00018136698054149747,
            "t_iter": 1.5416684560477734,
            "trust_radius": 1.0,
            "trust_ratio": NaN,
            "trust_qp": NaN
          },
          {
            "it": 3,
            "energy": -7.53427023840068,
            "dE": 2.5725153131232155,
            "grad_norm": 2.3173380104185375,
            "grad_target": 448.7697866275505,
            "grad_norm_post": NaN,
            "alpha": 0.41186271093947224,
            "ksp_its": 1,
            "ls_evals": 9,
            "ls_repaired": false,
            "used_gradient_fallback": false,
            "accepted_step": true,
            "step_norm": 173.51385808384225,
            "step_rel": 0.877320620699499,
            "pred_reduction": NaN,
            "actual_reduction": NaN,
            "trust_rejects": 0,
            "t_grad": 0.023558935965411365,
            "t_hess": 1.1562505179899745,
            "t_ls": 0.2707697940059006,
            "t_update": 0.00017640995793044567,
            "t_iter": 1.450929582992103,
            "trust_radius": 1.0,
            "trust_ratio": NaN,
            "trust_qp": NaN
          },
          {
            "it": 4,
            "energy": -7.95169597375673,
            "dE": 0.41742573535605043,
            "grad_norm": 2.3142328960898455,
            "grad_target": 448.7697866275505,
            "grad_norm_post": NaN,
            "alpha": 0.9488170640584248,
            "ksp_its": 2,
            "ls_evals": 9,
            "ls_repaired": false,
            "used_gradient_fallback": false,
            "accepted_step": true,
            "step_norm": 51.757859547440866,
            "step_rel": 0.14005796883240607,
            "pred_reduction": NaN,
            "actual_reduction": NaN,
            "trust_rejects": 0,
            "t_grad": 0.02250182698480785,
            "t_hess": 1.0970851040328853,
            "t_ls": 0.2706314619863406,
            "t_update": 0.0001725340262055397,
            "t_iter": 1.3905708020320162,
            "trust_radius": 1.0,
            "trust_ratio": NaN,
            "trust_qp": NaN
          },
          {
            "it": 5,
            "energy": -7.959956954766257,
            "dE": 0.00826098100952688,
            "grad_norm": 0.31247521304225784,
            "grad_target": 448.7697866275505,
            "grad_norm_post": NaN,
            "alpha": 1.0552482453194671,
            "ksp_its": 2,
            "ls_evals": 9,
            "ls_repaired": false,
            "used_gradient_fallback": false,
            "accepted_step": true,
            "step_norm": 5.451174641816584,
            "step_rel": 0.01295296152913451,
            "pred_reduction": NaN,
            "actual_reduction": NaN,
            "trust_rejects": 0,
            "t_grad": 0.02315882995026186,
            "t_hess": 1.0160277159884572,
            "t_ls": 0.27023267099866644,
            "t_update": 0.00018080603331327438,
            "t_iter": 1.3097637849859893,
            "trust_radius": 1.0,
            "trust_ratio": NaN,
            "trust_qp": NaN
          },
          {
            "it": 6,
            "energy": -7.960004375768515,
            "dE": 4.742100225740842e-05,
            "grad_norm": 0.019654266331821685,
            "grad_target": 448.7697866275505,
            "grad_norm_post": 0.0021590400444368675,
            "alpha": 1.088137289060528,
            "ksp_its": 2,
            "ls_evals": 9,
            "ls_repaired": false,
            "used_gradient_fallback": false,
            "accepted_step": true,
            "step_norm": 0.16637354091186055,
            "step_rel": 0.0004004234913350272,
            "pred_reduction": NaN,
            "actual_reduction": NaN,
            "trust_rejects": 0,
            "t_grad": 0.023183917975984514,
            "t_hess": 0.9826256849919446,
            "t_ls": 0.2709292959771119,
            "t_update": 0.00017482799012213945,
            "t_iter": 1.2770865519996732,
            "trust_radius": 1.0,
            "trust_ratio": NaN,
            "trust_qp": NaN
          }
        ],
        "linear_timing": [
          {
            "assemble_total_time": 0.215090339013841,
            "assemble_p2p_exchange": 0.004465932957828045,
            "assemble_hvp_compute": 0.17221092799445614,
            "assemble_extraction": 0.017453145002946258,
            "assemble_coo_assembly": 0.020344851014669985,
            "assemble_n_hvps": 8,
            "setop_time": 3.3949618227779865e-06,
            "set_tolerances_time": 2.303975634276867e-06,
            "pc_setup_time": 0.7988293669768609,
            "solve_time": 0.253171218035277,
            "linear_total_time": 1.267096622963436,
            "ksp_its": 2
          },
          {
            "assemble_total_time": 0.21609236800577492,
            "assemble_p2p_exchange": 0.004510572005528957,
            "assemble_hvp_compute": 0.1725568039692007,
            "assemble_extraction": 0.017476780980359763,
            "assemble_coo_assembly": 0.02084572601597756,
            "assemble_n_hvps": 8,
            "setop_time": 3.3950200304389e-06,
            "set_tolerances_time": 2.9450166039168835e-06,
            "pc_setup_time": 0.7635554779553786,
            "solve_time": 0.26183583796955645,
            "linear_total_time": 1.2414900239673443,
            "ksp_its": 2
          },
          {
            "assemble_total_time": 0.21544418501434848,
            "assemble_p2p_exchange": 0.004962352977599949,
            "assemble_hvp_compute": 0.1723236899706535,
            "assemble_extraction": 0.017332629999145865,
            "assemble_coo_assembly": 0.02021461899857968,
            "assemble_n_hvps": 8,
            "setop_time": 2.614047843962908e-06,
            "set_tolerances_time": 2.362998202443123e-06,
            "pc_setup_time": 0.7660081030335277,
            "solve_time": 0.17437001300277188,
            "linear_total_time": 1.1558272780966945,
            "ksp_its": 1
          },
          {
            "assemble_total_time": 0.21066428802441806,
            "assemble_p2p_exchange": 0.003984167007729411,
            "assemble_hvp_compute": 0.1683836500160396,
            "assemble_extraction": 0.017482066003140062,
            "assemble_coo_assembly": 0.020205713983159512,
            "assemble_n_hvps": 8,
            "setop_time": 2.6139896363019943e-06,
            "set_tolerances_time": 1.962995156645775e-06,
            "pc_setup_time": 0.6396516439854167,
            "solve_time": 0.24635325704002753,
            "linear_total_time": 1.0966737660346553,
            "ksp_its": 2
          },
          {
            "assemble_total_time": 0.21492268197471276,
            "assemble_p2p_exchange": 0.003901349031366408,
            "assemble_hvp_compute": 0.17371013096999377,
            "assemble_extraction": 0.016047230979893357,
            "assemble_coo_assembly": 0.020628098980523646,
            "assemble_n_hvps": 8,
            "setop_time": 2.834014594554901e-06,
            "set_tolerances_time": 2.3329630494117737e-06,
            "pc_setup_time": 0.560558779980056,
            "solve_time": 0.2401155749685131,
            "linear_total_time": 1.0156022039009258,
            "ksp_its": 2
          },
          {
            "assemble_total_time": 0.21462513803271577,
            "assemble_p2p_exchange": 0.0039490319904871285,
            "assemble_hvp_compute": 0.17274578800424933,
            "assemble_extraction": 0.017077967000659555,
            "assemble_coo_assembly": 0.02023284399183467,
            "assemble_n_hvps": 8,
            "setop_time": 2.663990017026663e-06,
            "set_tolerances_time": 2.242974005639553e-06,
            "pc_setup_time": 0.5268149739713408,
            "solve_time": 0.24076139397220686,
            "linear_total_time": 0.9822064129402861,
            "ksp_its": 2
          }
        ]
      }
    ],
    "metadata": {
      "profile": "performance",
      "nprocs": 1,
      "nproc_threads": 1,
      "linear_solver": {
        "ksp_type": "cg",
        "pc_type": "hypre",
        "ksp_rtol": 0.1,
        "ksp_max_it": 30,
        "pc_setup_on_ksp_cap": false,
        "gamg_threshold": 0.05,
        "gamg_agg_nsmooths": 1,
        "gamg_set_coordinates": true,
        "reorder": true,
        "hvp_eval_mode": "sfd_local_batched",
        "assembly_mode": "element",
        "element_reorder_mode": "block_xyz",
        "local_hessian_mode": "sfd_local",
        "distribution_strategy": "overlap_allgather",
        "assembler": "PLaplaceReorderedElementAssembler",
        "trust_subproblem_solver": "direct_linear_solve",
        "trust_subproblem_line_search": false
      },
      "newton": {
        "tolf": 0.0001,
        "tolg": 0.001,
        "tolg_rel": 0.001,
        "tolx_rel": 0.001,
        "tolx_abs": 1e-10,
        "maxit": 100,
        "require_all_convergence": true,
        "fail_on_nonfinite": true,
        "linesearch_interval": [
          -0.5,
          2.0
        ],
        "linesearch_tol": 0.1,
        "trust_region": false,
        "trust_radius_init": 1.0,
        "trust_radius_min": 1e-08,
        "trust_radius_max": 1000000.0,
        "trust_subproblem_line_search": false,
        "step_time_limit_s": null
      }
    }
  }
}
