An NVIDIA GPU may be present on this machine, but a CUDA-enabled jaxlib is not installed. Falling back to cpu.
An NVIDIA GPU may be present on this machine, but a CUDA-enabled jaxlib is not installed. Falling back to cpu.
An NVIDIA GPU may be present on this machine, but a CUDA-enabled jaxlib is not installed. Falling back to cpu.
An NVIDIA GPU may be present on this machine, but a CUDA-enabled jaxlib is not installed. Falling back to cpu.
An NVIDIA GPU may be present on this machine, but a CUDA-enabled jaxlib is not installed. Falling back to cpu.
An NVIDIA GPU may be present on this machine, but a CUDA-enabled jaxlib is not installed. Falling back to cpu.
An NVIDIA GPU may be present on this machine, but a CUDA-enabled jaxlib is not installed. Falling back to cpu.
An NVIDIA GPU may be present on this machine, but a CUDA-enabled jaxlib is not installed. Falling back to cpu.
{
  "case": {
    "problem": "plaplace",
    "backend": "element",
    "level": 7,
    "out": "/home/michal/repos/fenics_nonlinear_energies/experiment_results_cache/plaplace_final_suite/jax_petsc_local_sfd_l7_np8.json",
    "quiet": true,
    "save_history": true,
    "save_linear_timing": true,
    "steps": 1,
    "start_step": 1,
    "total_steps": 24,
    "ksp_type": "cg",
    "pc_type": "hypre",
    "ksp_rtol": 0.1,
    "ksp_max_it": 30,
    "profile": "performance",
    "coloring_trials": 10,
    "nproc_threads": 1,
    "hvp_eval_mode": "sequential",
    "element_reorder_mode": "block_xyz",
    "local_hessian_mode": "sfd_local",
    "tolf": 0.0001,
    "tolg": 0.001,
    "tolg_rel": 0.001,
    "tolx_rel": 0.001,
    "tolx_abs": 1e-10,
    "maxit": 100,
    "step_time_limit_s": null,
    "linesearch_a": -0.5,
    "linesearch_b": 2.0,
    "linesearch_tol": 0.1,
    "use_trust_region": false,
    "trust_radius_init": 1.0,
    "trust_radius_min": 1e-08,
    "trust_radius_max": 1000000.0,
    "trust_shrink": 0.5,
    "trust_expand": 1.5,
    "trust_eta_shrink": 0.05,
    "trust_eta_expand": 0.75,
    "trust_max_reject": 6,
    "trust_subproblem_line_search": false,
    "local_coloring": true,
    "retry_on_failure": false,
    "pc_setup_on_ksp_cap": false,
    "use_near_nullspace": true,
    "reorder": null,
    "gamg_threshold": 0.05,
    "gamg_agg_nsmooths": 1,
    "gamg_set_coordinates": true
  },
  "result": {
    "mesh_level": 7,
    "total_dofs": 49665,
    "free_dofs": 48641,
    "setup_time": 0.828271,
    "solve_time_total": 0.236107,
    "total_time": 1.149649,
    "steps": [
      {
        "step": 1,
        "time": 0.236107,
        "nit": 7,
        "linear_iters": 14,
        "energy": -7.958292396675343,
        "message": "Converged (energy, step, gradient)",
        "attempt": "primary",
        "ksp_rtol_used": 0.1,
        "ksp_max_it_used": 30,
        "linesearch_interval_used": [
          -0.5,
          2.0
        ],
        "history": [
          {
            "it": 1,
            "energy": 5.379593075914773,
            "dE": 521138.92744985275,
            "grad_norm": 28062.385990695086,
            "grad_target": 28.062385990695088,
            "grad_norm_post": NaN,
            "alpha": 1.9569476828142078,
            "ksp_its": 2,
            "ls_evals": 9,
            "ls_repaired": false,
            "used_gradient_fallback": false,
            "accepted_step": true,
            "step_norm": 125.09885455565991,
            "step_rel": 0.9854407007383158,
            "pred_reduction": NaN,
            "actual_reduction": NaN,
            "trust_rejects": 0,
            "t_grad": 0.0006680449587292969,
            "t_hess": 0.02814703999320045,
            "t_ls": 0.007480964006390423,
            "t_update": 4.7869980335235596e-06,
            "t_iter": 0.03635412798030302,
            "trust_radius": 1.0,
            "trust_ratio": NaN,
            "trust_qp": NaN
          },
          {
            "it": 2,
            "energy": -3.9261996329916666,
            "dE": 9.30579270890644,
            "grad_norm": 13.013246308095468,
            "grad_target": 28.062385990695088,
            "grad_norm_post": NaN,
            "alpha": 0.8627124296868427,
            "ksp_its": 2,
            "ls_evals": 9,
            "ls_repaired": false,
            "used_gradient_fallback": false,
            "accepted_step": true,
            "step_norm": 89.13749505405727,
            "step_rel": 41.38274754386484,
            "pred_reduction": NaN,
            "actual_reduction": NaN,
            "trust_rejects": 0,
            "t_grad": 0.0005504440050572157,
            "t_hess": 0.026025326980743557,
            "t_ls": 0.00730134901823476,
            "t_update": 5.909008905291557e-06,
            "t_iter": 0.03392884798813611,
            "trust_radius": 1.0,
            "trust_ratio": NaN,
            "trust_qp": NaN
          },
          {
            "it": 3,
            "energy": -7.344398541329435,
            "dE": 3.418198908337768,
            "grad_norm": 9.386386880247947,
            "grad_target": 28.062385990695088,
            "grad_norm_post": NaN,
            "alpha": 0.8094968390563215,
            "ksp_its": 2,
            "ls_evals": 9,
            "ls_repaired": false,
            "used_gradient_fallback": false,
            "accepted_step": true,
            "step_norm": 24.4635101540632,
            "step_rel": 0.276920239514173,
            "pred_reduction": NaN,
            "actual_reduction": NaN,
            "trust_rejects": 0,
            "t_grad": 0.000511575024574995,
            "t_hess": 0.02673674700781703,
            "t_ls": 0.007202456996310502,
            "t_update": 1.1777970939874649e-05,
            "t_iter": 0.034500966023188084,
            "trust_radius": 1.0,
            "trust_ratio": NaN,
            "trust_qp": NaN
          },
          {
            "it": 4,
            "energy": -7.9278264602697535,
            "dE": 0.5834279189403189,
            "grad_norm": 3.187939438089986,
            "grad_target": 28.062385990695088,
            "grad_norm_post": NaN,
            "alpha": 1.002032654688946,
            "ksp_its": 2,
            "ls_evals": 9,
            "ls_repaired": false,
            "used_gradient_fallback": false,
            "accepted_step": true,
            "step_norm": 6.68145614857785,
            "step_rel": 0.05959599499900548,
            "pred_reduction": NaN,
            "actual_reduction": NaN,
            "trust_rejects": 0,
            "t_grad": 0.0005336080212146044,
            "t_hess": 0.024944807984866202,
            "t_ls": 0.007590341032482684,
            "t_update": 4.8869987949728966e-06,
            "t_iter": 0.033119445957709104,
            "trust_radius": 1.0,
            "trust_ratio": NaN,
            "trust_qp": NaN
          },
          {
            "it": 5,
            "energy": -7.957640560388693,
            "dE": 0.029814100118939812,
            "grad_norm": 0.6542182037331489,
            "grad_target": 28.062385990695088,
            "grad_norm_post": NaN,
            "alpha": 1.0552482453194671,
            "ksp_its": 2,
            "ls_evals": 9,
            "ls_repaired": false,
            "used_gradient_fallback": false,
            "accepted_step": true,
            "step_norm": 2.144250667101659,
            "step_rel": 0.020230466413835912,
            "pred_reduction": NaN,
            "actual_reduction": NaN,
            "trust_rejects": 0,
            "t_grad": 0.0005354909808374941,
            "t_hess": 0.024478512990754098,
            "t_ls": 0.007196767954155803,
            "t_update": 4.857021849602461e-06,
            "t_iter": 0.03226279199589044,
            "trust_radius": 1.0,
            "trust_ratio": NaN,
            "trust_qp": NaN
          },
          {
            "it": 6,
            "energy": -7.958284686674327,
            "dE": 0.000644126285633817,
            "grad_norm": 0.08324037159488407,
            "grad_target": 28.062385990695088,
            "grad_norm_post": NaN,
            "alpha": 1.088137289060528,
            "ksp_its": 2,
            "ls_evals": 9,
            "ls_repaired": false,
            "used_gradient_fallback": false,
            "accepted_step": true,
            "step_norm": 0.0710155153952326,
            "step_rel": 0.0006835181131636448,
            "pred_reduction": NaN,
            "actual_reduction": NaN,
            "trust_rejects": 0,
            "t_grad": 0.0005074180080555379,
            "t_hess": 0.024914020963478833,
            "t_ls": 0.00716070196358487,
            "t_update": 4.676985554397106e-06,
            "t_iter": 0.0326332799741067,
            "trust_radius": 1.0,
            "trust_ratio": NaN,
            "trust_qp": NaN
          },
          {
            "it": 7,
            "energy": -7.958292396675343,
            "dE": 7.710001016292267e-06,
            "grad_norm": 0.007299806431308229,
            "grad_target": 28.062385990695088,
            "grad_norm_post": 0.00034440463660019555,
            "alpha": 1.0552482453194671,
            "ksp_its": 2,
            "ls_evals": 9,
            "ls_repaired": false,
            "used_gradient_fallback": false,
            "accepted_step": true,
            "step_norm": 0.006603060565333049,
            "step_rel": 6.355644906253061e-05,
            "pred_reduction": NaN,
            "actual_reduction": NaN,
            "trust_rejects": 0,
            "t_grad": 0.0005442539695650339,
            "t_hess": 0.023818249988835305,
            "t_ls": 0.00717187998816371,
            "t_update": 5.427980795502663e-06,
            "t_iter": 0.031585082004312426,
            "trust_radius": 1.0,
            "trust_ratio": NaN,
            "trust_qp": NaN
          }
        ],
        "linear_timing": [
          {
            "assemble_total_time": 0.0027858230168931186,
            "assemble_p2p_exchange": 0.00015320495003834367,
            "assemble_hvp_compute": 0.0021502080489881337,
            "assemble_extraction": 0.00014672504039481282,
            "assemble_coo_assembly": 0.0003002709709107876,
            "assemble_n_hvps": 8,
            "setop_time": 4.8869987949728966e-06,
            "set_tolerances_time": 1.942971721291542e-06,
            "pc_setup_time": 0.020339064998552203,
            "solve_time": 0.004948400019202381,
            "linear_total_time": 0.028080118005163968,
            "ksp_its": 2
          },
          {
            "assemble_total_time": 0.002757159003522247,
            "assemble_p2p_exchange": 0.00012794602662324905,
            "assemble_hvp_compute": 0.002180845011025667,
            "assemble_extraction": 0.00021837500389665365,
            "assemble_coo_assembly": 0.00019574101315811276,
            "assemble_n_hvps": 8,
            "setop_time": 3.295019268989563e-06,
            "set_tolerances_time": 2.4840119294822216e-06,
            "pc_setup_time": 0.018300257972441614,
            "solve_time": 0.004914497025310993,
            "linear_total_time": 0.025977693032473326,
            "ksp_its": 2
          },
          {
            "assemble_total_time": 0.0024078930146060884,
            "assemble_p2p_exchange": 0.0001664549927227199,
            "assemble_hvp_compute": 0.0018256900366395712,
            "assemble_extraction": 0.00016904901713132858,
            "assemble_coo_assembly": 0.00021167501108720899,
            "assemble_n_hvps": 8,
            "setop_time": 3.3150427043437958e-06,
            "set_tolerances_time": 3.0949595384299755e-06,
            "pc_setup_time": 0.019156100053805858,
            "solve_time": 0.005121815949678421,
            "linear_total_time": 0.02669221902033314,
            "ksp_its": 2
          },
          {
            "assemble_total_time": 0.0024119390291161835,
            "assemble_p2p_exchange": 0.0001327130594290793,
            "assemble_hvp_compute": 0.001793390023522079,
            "assemble_extraction": 0.00016545405378565192,
            "assemble_coo_assembly": 0.00028893304988741875,
            "assemble_n_hvps": 8,
            "setop_time": 3.2450188882648945e-06,
            "set_tolerances_time": 2.703978680074215e-06,
            "pc_setup_time": 0.017851089010946453,
            "solve_time": 0.004631443007383496,
            "linear_total_time": 0.02490042004501447,
            "ksp_its": 2
          },
          {
            "assemble_total_time": 0.002480864990502596,
            "assemble_p2p_exchange": 0.0001299490686506033,
            "assemble_hvp_compute": 0.001831388974096626,
            "assemble_extraction": 0.00016477302415296435,
            "assemble_coo_assembly": 0.00032071099849417806,
            "assemble_n_hvps": 8,
            "setop_time": 2.803979441523552e-06,
            "set_tolerances_time": 2.3440225049853325e-06,
            "pc_setup_time": 0.01744204096030444,
            "solve_time": 0.0045071529457345605,
            "linear_total_time": 0.024435206898488104,
            "ksp_its": 2
          },
          {
            "assemble_total_time": 0.002420011966023594,
            "assemble_p2p_exchange": 0.00014072505291551352,
            "assemble_hvp_compute": 0.0018569770036265254,
            "assemble_extraction": 0.00019549898570403457,
            "assemble_coo_assembly": 0.00019130401778966188,
            "assemble_n_hvps": 8,
            "setop_time": 2.5440240278840065e-06,
            "set_tolerances_time": 2.2129970602691174e-06,
            "pc_setup_time": 0.017634426010772586,
            "solve_time": 0.004811208986211568,
            "linear_total_time": 0.0248704039840959,
            "ksp_its": 2
          },
          {
            "assemble_total_time": 0.0024103670148178935,
            "assemble_p2p_exchange": 0.0001304599572904408,
            "assemble_hvp_compute": 0.0017950930050574243,
            "assemble_extraction": 0.00018429197371006012,
            "assemble_coo_assembly": 0.000246388022787869,
            "assemble_n_hvps": 8,
            "setop_time": 2.7240021154284477e-06,
            "set_tolerances_time": 1.8330174498260021e-06,
            "pc_setup_time": 0.016835050017107278,
            "solve_time": 0.004526202043052763,
            "linear_total_time": 0.02377617609454319,
            "ksp_its": 2
          }
        ]
      }
    ],
    "metadata": {
      "profile": "performance",
      "nprocs": 8,
      "nproc_threads": 1,
      "linear_solver": {
        "ksp_type": "cg",
        "pc_type": "hypre",
        "ksp_rtol": 0.1,
        "ksp_max_it": 30,
        "pc_setup_on_ksp_cap": false,
        "gamg_threshold": 0.05,
        "gamg_agg_nsmooths": 1,
        "gamg_set_coordinates": true,
        "reorder": true,
        "hvp_eval_mode": "sfd_local_batched",
        "assembly_mode": "element",
        "element_reorder_mode": "block_xyz",
        "local_hessian_mode": "sfd_local",
        "distribution_strategy": "overlap_allgather",
        "assembler": "PLaplaceReorderedElementAssembler",
        "trust_subproblem_solver": "direct_linear_solve",
        "trust_subproblem_line_search": false
      },
      "newton": {
        "tolf": 0.0001,
        "tolg": 0.001,
        "tolg_rel": 0.001,
        "tolx_rel": 0.001,
        "tolx_abs": 1e-10,
        "maxit": 100,
        "require_all_convergence": true,
        "fail_on_nonfinite": true,
        "linesearch_interval": [
          -0.5,
          2.0
        ],
        "linesearch_tol": 0.1,
        "trust_region": false,
        "trust_radius_init": 1.0,
        "trust_radius_min": 1e-08,
        "trust_radius_max": 1000000.0,
        "trust_subproblem_line_search": false,
        "step_time_limit_s": null
      }
    }
  }
}
