An NVIDIA GPU may be present on this machine, but a CUDA-enabled jaxlib is not installed. Falling back to cpu.
An NVIDIA GPU may be present on this machine, but a CUDA-enabled jaxlib is not installed. Falling back to cpu.
An NVIDIA GPU may be present on this machine, but a CUDA-enabled jaxlib is not installed. Falling back to cpu.
An NVIDIA GPU may be present on this machine, but a CUDA-enabled jaxlib is not installed. Falling back to cpu.
{
  "case": {
    "problem": "plaplace",
    "backend": "element",
    "level": 7,
    "out": "/home/michal/repos/fenics_nonlinear_energies/experiment_results_cache/plaplace_final_suite/jax_petsc_local_sfd_l7_np4.json",
    "quiet": true,
    "save_history": true,
    "save_linear_timing": true,
    "steps": 1,
    "start_step": 1,
    "total_steps": 24,
    "ksp_type": "cg",
    "pc_type": "hypre",
    "ksp_rtol": 0.1,
    "ksp_max_it": 30,
    "profile": "performance",
    "coloring_trials": 10,
    "nproc_threads": 1,
    "hvp_eval_mode": "sequential",
    "element_reorder_mode": "block_xyz",
    "local_hessian_mode": "sfd_local",
    "tolf": 0.0001,
    "tolg": 0.001,
    "tolg_rel": 0.001,
    "tolx_rel": 0.001,
    "tolx_abs": 1e-10,
    "maxit": 100,
    "step_time_limit_s": null,
    "linesearch_a": -0.5,
    "linesearch_b": 2.0,
    "linesearch_tol": 0.1,
    "use_trust_region": false,
    "trust_radius_init": 1.0,
    "trust_radius_min": 1e-08,
    "trust_radius_max": 1000000.0,
    "trust_shrink": 0.5,
    "trust_expand": 1.5,
    "trust_eta_shrink": 0.05,
    "trust_eta_expand": 0.75,
    "trust_max_reject": 6,
    "trust_subproblem_line_search": false,
    "local_coloring": true,
    "retry_on_failure": false,
    "pc_setup_on_ksp_cap": false,
    "use_near_nullspace": true,
    "reorder": null,
    "gamg_threshold": 0.05,
    "gamg_agg_nsmooths": 1,
    "gamg_set_coordinates": true
  },
  "result": {
    "mesh_level": 7,
    "total_dofs": 49665,
    "free_dofs": 48641,
    "setup_time": 0.824943,
    "solve_time_total": 0.270309,
    "total_time": 1.178605,
    "steps": [
      {
        "step": 1,
        "time": 0.270309,
        "nit": 7,
        "linear_iters": 14,
        "energy": -7.958292395988408,
        "message": "Converged (energy, step, gradient)",
        "attempt": "primary",
        "ksp_rtol_used": 0.1,
        "ksp_max_it_used": 30,
        "linesearch_interval_used": [
          -0.5,
          2.0
        ],
        "history": [
          {
            "it": 1,
            "energy": 5.402543335090022,
            "dE": 521138.9044995936,
            "grad_norm": 28062.385990695082,
            "grad_target": 28.062385990695084,
            "grad_norm_post": NaN,
            "alpha": 1.9569476828142078,
            "ksp_its": 2,
            "ls_evals": 9,
            "ls_repaired": false,
            "used_gradient_fallback": false,
            "accepted_step": true,
            "step_norm": 124.95297859491266,
            "step_rel": 0.9842915926230557,
            "pred_reduction": NaN,
            "actual_reduction": NaN,
            "trust_rejects": 0,
            "t_grad": 0.0006795920198783278,
            "t_hess": 0.031713281001430005,
            "t_ls": 0.008475592010654509,
            "t_update": 5.868962034583092e-06,
            "t_iter": 0.040919543011114,
            "trust_radius": 1.0,
            "trust_ratio": NaN,
            "trust_qp": NaN
          },
          {
            "it": 2,
            "energy": -3.9446357192913695,
            "dE": 9.347179054381392,
            "grad_norm": 13.01163935857165,
            "grad_target": 28.062385990695084,
            "grad_norm_post": NaN,
            "alpha": 0.8627124296868427,
            "ksp_its": 2,
            "ls_evals": 9,
            "ls_repaired": false,
            "used_gradient_fallback": false,
            "accepted_step": true,
            "step_norm": 89.18282398348641,
            "step_rel": 38.394086149412836,
            "pred_reduction": NaN,
            "actual_reduction": NaN,
            "trust_rejects": 0,
            "t_grad": 0.0005470389733090997,
            "t_hess": 0.02925795502960682,
            "t_ls": 0.008166768995579332,
            "t_update": 7.300986908376217e-06,
            "t_iter": 0.038020286010578275,
            "trust_radius": 1.0,
            "trust_ratio": NaN,
            "trust_qp": NaN
          },
          {
            "it": 3,
            "energy": -7.346908134369386,
            "dE": 3.4022724150780164,
            "grad_norm": 9.26081042649798,
            "grad_target": 28.062385990695084,
            "grad_norm_post": NaN,
            "alpha": 0.8094968390563215,
            "ksp_its": 2,
            "ls_evals": 9,
            "ls_repaired": false,
            "used_gradient_fallback": false,
            "accepted_step": true,
            "step_norm": 24.522809654221472,
            "step_rel": 0.27755934223350676,
            "pred_reduction": NaN,
            "actual_reduction": NaN,
            "trust_rejects": 0,
            "t_grad": 0.0005502940039150417,
            "t_hess": 0.031392979028169066,
            "t_ls": 0.008182802994269878,
            "t_update": 8.202972821891308e-06,
            "t_iter": 0.04017240600660443,
            "trust_radius": 1.0,
            "trust_ratio": NaN,
            "trust_qp": NaN
          },
          {
            "it": 4,
            "energy": -7.928140891576852,
            "dE": 0.5812327572074665,
            "grad_norm": 3.1458500658560618,
            "grad_target": 28.062385990695084,
            "grad_norm_post": NaN,
            "alpha": 1.002032654688946,
            "ksp_its": 2,
            "ls_evals": 9,
            "ls_repaired": false,
            "used_gradient_fallback": false,
            "accepted_step": true,
            "step_norm": 6.70817227562272,
            "step_rel": 0.05981971170034755,
            "pred_reduction": NaN,
            "actual_reduction": NaN,
            "trust_rejects": 0,
            "t_grad": 0.0005515359807759523,
            "t_hess": 0.03033000696450472,
            "t_ls": 0.00818794098449871,
            "t_update": 7.440976332873106e-06,
            "t_iter": 0.03911716700531542,
            "trust_radius": 1.0,
            "trust_ratio": NaN,
            "trust_qp": NaN
          },
          {
            "it": 5,
            "energy": -7.9576575612069576,
            "dE": 0.02951666963010524,
            "grad_norm": 0.644504986573878,
            "grad_target": 28.062385990695084,
            "grad_norm_post": NaN,
            "alpha": 1.0552482453194671,
            "ksp_its": 2,
            "ls_evals": 9,
            "ls_repaired": false,
            "used_gradient_fallback": false,
            "accepted_step": true,
            "step_norm": 2.1503460981906115,
            "step_rel": 0.020286969090948515,
            "pred_reduction": NaN,
            "actual_reduction": NaN,
            "trust_rejects": 0,
            "t_grad": 0.0005542300059460104,
            "t_hess": 0.02891513699432835,
            "t_ls": 0.008186608029063791,
            "t_update": 7.801980245858431e-06,
            "t_iter": 0.03770439000800252,
            "trust_radius": 1.0,
            "trust_ratio": NaN,
            "trust_qp": NaN
          },
          {
            "it": 6,
            "energy": -7.958284906208599,
            "dE": 0.0006273450016411886,
            "grad_norm": 0.08184004989701878,
            "grad_target": 28.062385990695084,
            "grad_norm_post": NaN,
            "alpha": 1.088137289060528,
            "ksp_its": 2,
            "ls_evals": 9,
            "ls_repaired": false,
            "used_gradient_fallback": false,
            "accepted_step": true,
            "step_norm": 0.0699236330556421,
            "step_rel": 0.000673022314783052,
            "pred_reduction": NaN,
            "actual_reduction": NaN,
            "trust_rejects": 0,
            "t_grad": 0.0005456070066429675,
            "t_hess": 0.02774684503674507,
            "t_ls": 0.008098271966446191,
            "t_update": 7.642025593668222e-06,
            "t_iter": 0.03644625999731943,
            "trust_radius": 1.0,
            "trust_ratio": NaN,
            "trust_qp": NaN
          },
          {
            "it": 7,
            "energy": -7.958292395988408,
            "dE": 7.489779809688457e-06,
            "grad_norm": 0.007170280512393782,
            "grad_target": 28.062385990695084,
            "grad_norm_post": 0.00034773155256228845,
            "alpha": 1.0552482453194671,
            "ksp_its": 2,
            "ls_evals": 9,
            "ls_repaired": false,
            "used_gradient_fallback": false,
            "accepted_step": true,
            "step_norm": 0.006635669047950703,
            "step_rel": 6.387026674182448e-05,
            "pred_reduction": NaN,
            "actual_reduction": NaN,
            "trust_rejects": 0,
            "t_grad": 0.0005394580075517297,
            "t_hess": 0.027495328977238387,
            "t_ls": 0.008097612007986754,
            "t_update": 8.002039976418018e-06,
            "t_iter": 0.03617866901913658,
            "trust_radius": 1.0,
            "trust_ratio": NaN,
            "trust_qp": NaN
          }
        ],
        "linear_timing": [
          {
            "assemble_total_time": 0.0030804959824308753,
            "assemble_p2p_exchange": 0.00015352503396570683,
            "assemble_hvp_compute": 0.0022888510138727725,
            "assemble_extraction": 0.00025138602359220386,
            "assemble_coo_assembly": 0.00035530497552827,
            "assemble_n_hvps": 7,
            "setop_time": 2.5740009732544422e-06,
            "set_tolerances_time": 1.8430291675031185e-06,
            "pc_setup_time": 0.022894060995895416,
            "solve_time": 0.005686723976396024,
            "linear_total_time": 0.03166569798486307,
            "ksp_its": 2
          },
          {
            "assemble_total_time": 0.003248914028517902,
            "assemble_p2p_exchange": 0.00012724497355520725,
            "assemble_hvp_compute": 0.0019313229713588953,
            "assemble_extraction": 0.00038162595592439175,
            "assemble_coo_assembly": 0.0007778930012136698,
            "assemble_n_hvps": 7,
            "setop_time": 3.0949595384299755e-06,
            "set_tolerances_time": 2.434011548757553e-06,
            "pc_setup_time": 0.02044989197747782,
            "solve_time": 0.0055105040082708,
            "linear_total_time": 0.02921483898535371,
            "ksp_its": 2
          },
          {
            "assemble_total_time": 0.0030564290354959667,
            "assemble_p2p_exchange": 0.0001221969723701477,
            "assemble_hvp_compute": 0.0019302209839224815,
            "assemble_extraction": 0.00024553603725507855,
            "assemble_coo_assembly": 0.0007306709885597229,
            "assemble_n_hvps": 7,
            "setop_time": 1.8629943951964378e-06,
            "set_tolerances_time": 1.4819670468568802e-06,
            "pc_setup_time": 0.02231403102632612,
            "solve_time": 0.005981396010611206,
            "linear_total_time": 0.031355201033875346,
            "ksp_its": 2
          },
          {
            "assemble_total_time": 0.0030103179742582142,
            "assemble_p2p_exchange": 0.00012668402632698417,
            "assemble_hvp_compute": 0.0019284790032543242,
            "assemble_extraction": 0.00024186103837564588,
            "assemble_coo_assembly": 0.0006875349790789187,
            "assemble_n_hvps": 7,
            "setop_time": 2.4239998310804367e-06,
            "set_tolerances_time": 1.802982296794653e-06,
            "pc_setup_time": 0.021331352007109672,
            "solve_time": 0.005945401033386588,
            "linear_total_time": 0.03029129799688235,
            "ksp_its": 2
          },
          {
            "assemble_total_time": 0.0029685840127058327,
            "assemble_p2p_exchange": 0.00012621399946510792,
            "assemble_hvp_compute": 0.00197500002104789,
            "assemble_extraction": 0.00024900201242417097,
            "assemble_coo_assembly": 0.0005908969906158745,
            "assemble_n_hvps": 7,
            "setop_time": 2.5840126909315586e-06,
            "set_tolerances_time": 2.103974111378193e-06,
            "pc_setup_time": 0.020205906010232866,
            "solve_time": 0.005695246974937618,
            "linear_total_time": 0.028874424984678626,
            "ksp_its": 2
          },
          {
            "assemble_total_time": 0.0030283560045063496,
            "assemble_p2p_exchange": 0.00012232799781486392,
            "assemble_hvp_compute": 0.0019266859744675457,
            "assemble_extraction": 0.00024084898177534342,
            "assemble_coo_assembly": 0.0007109399884939194,
            "assemble_n_hvps": 7,
            "setop_time": 2.5939662009477615e-06,
            "set_tolerances_time": 1.8830178305506706e-06,
            "pc_setup_time": 0.019156706985086203,
            "solve_time": 0.005518666002899408,
            "linear_total_time": 0.02770820597652346,
            "ksp_its": 2
          },
          {
            "assemble_total_time": 0.002955593983642757,
            "assemble_p2p_exchange": 0.00012131599942222238,
            "assemble_hvp_compute": 0.0019516839529387653,
            "assemble_extraction": 0.0002379150246270001,
            "assemble_coo_assembly": 0.000617387006059289,
            "assemble_n_hvps": 7,
            "setop_time": 2.5139888748526573e-06,
            "set_tolerances_time": 1.602980773895979e-06,
            "pc_setup_time": 0.019076274009421468,
            "solve_time": 0.005421116016805172,
            "linear_total_time": 0.027457100979518145,
            "ksp_its": 2
          }
        ]
      }
    ],
    "metadata": {
      "profile": "performance",
      "nprocs": 4,
      "nproc_threads": 1,
      "linear_solver": {
        "ksp_type": "cg",
        "pc_type": "hypre",
        "ksp_rtol": 0.1,
        "ksp_max_it": 30,
        "pc_setup_on_ksp_cap": false,
        "gamg_threshold": 0.05,
        "gamg_agg_nsmooths": 1,
        "gamg_set_coordinates": true,
        "reorder": true,
        "hvp_eval_mode": "sfd_local_batched",
        "assembly_mode": "element",
        "element_reorder_mode": "block_xyz",
        "local_hessian_mode": "sfd_local",
        "distribution_strategy": "overlap_allgather",
        "assembler": "PLaplaceReorderedElementAssembler",
        "trust_subproblem_solver": "direct_linear_solve",
        "trust_subproblem_line_search": false
      },
      "newton": {
        "tolf": 0.0001,
        "tolg": 0.001,
        "tolg_rel": 0.001,
        "tolx_rel": 0.001,
        "tolx_abs": 1e-10,
        "maxit": 100,
        "require_all_convergence": true,
        "fail_on_nonfinite": true,
        "linesearch_interval": [
          -0.5,
          2.0
        ],
        "linesearch_tol": 0.1,
        "trust_region": false,
        "trust_radius_init": 1.0,
        "trust_radius_min": 1e-08,
        "trust_radius_max": 1000000.0,
        "trust_subproblem_line_search": false,
        "step_time_limit_s": null
      }
    }
  }
}
