An NVIDIA GPU may be present on this machine, but a CUDA-enabled jaxlib is not installed. Falling back to cpu.
An NVIDIA GPU may be present on this machine, but a CUDA-enabled jaxlib is not installed. Falling back to cpu.
An NVIDIA GPU may be present on this machine, but a CUDA-enabled jaxlib is not installed. Falling back to cpu.
An NVIDIA GPU may be present on this machine, but a CUDA-enabled jaxlib is not installed. Falling back to cpu.
An NVIDIA GPU may be present on this machine, but a CUDA-enabled jaxlib is not installed. Falling back to cpu.
An NVIDIA GPU may be present on this machine, but a CUDA-enabled jaxlib is not installed. Falling back to cpu.
An NVIDIA GPU may be present on this machine, but a CUDA-enabled jaxlib is not installed. Falling back to cpu.
An NVIDIA GPU may be present on this machine, but a CUDA-enabled jaxlib is not installed. Falling back to cpu.
An NVIDIA GPU may be present on this machine, but a CUDA-enabled jaxlib is not installed. Falling back to cpu.
An NVIDIA GPU may be present on this machine, but a CUDA-enabled jaxlib is not installed. Falling back to cpu.
An NVIDIA GPU may be present on this machine, but a CUDA-enabled jaxlib is not installed. Falling back to cpu.
An NVIDIA GPU may be present on this machine, but a CUDA-enabled jaxlib is not installed. Falling back to cpu.
An NVIDIA GPU may be present on this machine, but a CUDA-enabled jaxlib is not installed. Falling back to cpu.
An NVIDIA GPU may be present on this machine, but a CUDA-enabled jaxlib is not installed. Falling back to cpu.
An NVIDIA GPU may be present on this machine, but a CUDA-enabled jaxlib is not installed. Falling back to cpu.
An NVIDIA GPU may be present on this machine, but a CUDA-enabled jaxlib is not installed. Falling back to cpu.
{
  "case": {
    "problem": "plaplace",
    "backend": "element",
    "level": 5,
    "out": "/home/michal/repos/fenics_nonlinear_energies/experiment_results_cache/plaplace_final_suite/jax_petsc_local_sfd_l5_np16.json",
    "quiet": true,
    "save_history": true,
    "save_linear_timing": true,
    "steps": 1,
    "start_step": 1,
    "total_steps": 24,
    "ksp_type": "cg",
    "pc_type": "hypre",
    "ksp_rtol": 0.1,
    "ksp_max_it": 30,
    "profile": "performance",
    "coloring_trials": 10,
    "nproc_threads": 1,
    "hvp_eval_mode": "sequential",
    "element_reorder_mode": "block_xyz",
    "local_hessian_mode": "sfd_local",
    "tolf": 0.0001,
    "tolg": 0.001,
    "tolg_rel": 0.001,
    "tolx_rel": 0.001,
    "tolx_abs": 1e-10,
    "maxit": 100,
    "step_time_limit_s": null,
    "linesearch_a": -0.5,
    "linesearch_b": 2.0,
    "linesearch_tol": 0.1,
    "use_trust_region": false,
    "trust_radius_init": 1.0,
    "trust_radius_min": 1e-08,
    "trust_radius_max": 1000000.0,
    "trust_shrink": 0.5,
    "trust_expand": 1.5,
    "trust_eta_shrink": 0.05,
    "trust_eta_expand": 0.75,
    "trust_max_reject": 6,
    "trust_subproblem_line_search": false,
    "local_coloring": true,
    "retry_on_failure": false,
    "pc_setup_on_ksp_cap": false,
    "use_near_nullspace": true,
    "reorder": null,
    "gamg_threshold": 0.05,
    "gamg_agg_nsmooths": 1,
    "gamg_set_coordinates": true
  },
  "result": {
    "mesh_level": 5,
    "total_dofs": 3201,
    "free_dofs": 2945,
    "setup_time": 0.707594,
    "solve_time_total": 0.128522,
    "total_time": 0.904693,
    "steps": [
      {
        "step": 1,
        "time": 0.128522,
        "nit": 7,
        "linear_iters": 9,
        "energy": -7.94296871726917,
        "message": "Converged (energy, step, gradient)",
        "attempt": "primary",
        "ksp_rtol_used": 0.1,
        "ksp_max_it_used": 30,
        "linesearch_interval_used": [
          -0.5,
          2.0
        ],
        "history": [
          {
            "it": 1,
            "energy": -0.04814119604028616,
            "dE": 8662.126657907535,
            "grad_norm": 1796.1493529461623,
            "grad_target": 1.7961493529461623,
            "grad_norm_post": NaN,
            "alpha": 1.9569476828142078,
            "ksp_its": 1,
            "ls_evals": 9,
            "ls_repaired": false,
            "used_gradient_fallback": false,
            "accepted_step": true,
            "step_norm": 31.833167839272903,
            "step_rel": 1.0058183013427777,
            "pred_reduction": NaN,
            "actual_reduction": NaN,
            "trust_rejects": 0,
            "t_grad": 0.0003255199990235269,
            "t_hess": 0.014628052012994885,
            "t_ls": 0.004236695007421076,
            "t_update": 1.1619995348155499e-06,
            "t_iter": 0.01923816098133102,
            "trust_radius": 1.0,
            "trust_ratio": NaN,
            "trust_qp": NaN
          },
          {
            "it": 2,
            "energy": -5.856179258626072,
            "dE": 5.808038062585785,
            "grad_norm": 1.3227864594905603,
            "grad_target": 1.7961493529461623,
            "grad_norm_post": NaN,
            "alpha": 0.21932689530684624,
            "ksp_its": 1,
            "ls_evals": 9,
            "ls_repaired": false,
            "used_gradient_fallback": false,
            "accepted_step": true,
            "step_norm": 17.503523108995292,
            "step_rel": 14.000531429143344,
            "pred_reduction": NaN,
            "actual_reduction": NaN,
            "trust_rejects": 0,
            "t_grad": 0.00024264398962259293,
            "t_hess": 0.012674517987761647,
            "t_ls": 0.004116548981983215,
            "t_update": 1.4129909686744213e-06,
            "t_iter": 0.017068364017177373,
            "trust_radius": 1.0,
            "trust_ratio": NaN,
            "trust_qp": NaN
          },
          {
            "it": 3,
            "energy": -7.685834678737496,
            "dE": 1.8296554201114246,
            "grad_norm": 4.507877208446498,
            "grad_target": 1.7961493529461623,
            "grad_norm_post": NaN,
            "alpha": 0.551182935941576,
            "ksp_its": 1,
            "ls_evals": 9,
            "ls_repaired": false,
            "used_gradient_fallback": false,
            "accepted_step": true,
            "step_norm": 7.135871386955341,
            "step_rel": 0.39113736987158015,
            "pred_reduction": NaN,
            "actual_reduction": NaN,
            "trust_rejects": 0,
            "t_grad": 0.00021597201703116298,
            "t_hess": 0.014202758960891515,
            "t_ls": 0.004092832969035953,
            "t_update": 1.0720104910433292e-06,
            "t_iter": 0.01854482403723523,
            "trust_radius": 1.0,
            "trust_ratio": NaN,
            "trust_qp": NaN
          },
          {
            "it": 4,
            "energy": -7.934887517423066,
            "dE": 0.2490528386855697,
            "grad_norm": 2.2347895351421534,
            "grad_target": 1.7961493529461623,
            "grad_norm_post": NaN,
            "alpha": 1.002032654688946,
            "ksp_its": 2,
            "ls_evals": 9,
            "ls_repaired": false,
            "used_gradient_fallback": false,
            "accepted_step": true,
            "step_norm": 1.194897651114465,
            "step_rel": 0.047513098428498386,
            "pred_reduction": NaN,
            "actual_reduction": NaN,
            "trust_rejects": 0,
            "t_grad": 0.0002235539723187685,
            "t_hess": 0.01381186698563397,
            "t_ls": 0.004087134031578898,
            "t_update": 1.1320225894451141e-06,
            "t_iter": 0.01815600600093603,
            "trust_radius": 1.0,
            "trust_ratio": NaN,
            "trust_qp": NaN
          },
          {
            "it": 5,
            "energy": -7.942698464508726,
            "dE": 0.00781094708565977,
            "grad_norm": 0.305903686910236,
            "grad_target": 1.7961493529461623,
            "grad_norm_post": NaN,
            "alpha": 1.002032654688946,
            "ksp_its": 1,
            "ls_evals": 9,
            "ls_repaired": false,
            "used_gradient_fallback": false,
            "accepted_step": true,
            "step_norm": 0.2286961994781206,
            "step_rel": 0.008734108069408351,
            "pred_reduction": NaN,
            "actual_reduction": NaN,
            "trust_rejects": 0,
            "t_grad": 0.00021480099530890584,
            "t_hess": 0.013373081979807466,
            "t_ls": 0.004091801994945854,
            "t_update": 1.1320225894451141e-06,
            "t_iter": 0.017713516019284725,
            "trust_radius": 1.0,
            "trust_ratio": NaN,
            "trust_qp": NaN
          },
          {
            "it": 6,
            "energy": -7.9429669969347,
            "dE": 0.00026853242597457694,
            "grad_norm": 0.04864418104259563,
            "grad_target": 1.7961493529461623,
            "grad_norm_post": NaN,
            "alpha": 1.088137289060528,
            "ksp_its": 2,
            "ls_evals": 9,
            "ls_repaired": false,
            "used_gradient_fallback": false,
            "accepted_step": true,
            "step_norm": 0.0382403614084429,
            "step_rel": 0.001472182930744014,
            "pred_reduction": NaN,
            "actual_reduction": NaN,
            "trust_rejects": 0,
            "t_grad": 0.00022381398594006896,
            "t_hess": 0.014642775000538677,
            "t_ls": 0.004098351986613125,
            "t_update": 1.0420335456728935e-06,
            "t_iter": 0.01899953297106549,
            "trust_radius": 1.0,
            "trust_ratio": NaN,
            "trust_qp": NaN
          },
          {
            "it": 7,
            "energy": -7.94296871726917,
            "dE": 1.7203344695460032e-06,
            "grad_norm": 0.0035943348987738564,
            "grad_target": 1.7961493529461623,
            "grad_norm_post": 7.393383441515866e-05,
            "alpha": 1.002032654688946,
            "ksp_its": 1,
            "ls_evals": 9,
            "ls_repaired": false,
            "used_gradient_fallback": false,
            "accepted_step": true,
            "step_norm": 0.0023454016965196328,
            "step_rel": 9.040088418948e-05,
            "pred_reduction": NaN,
            "actual_reduction": NaN,
            "trust_rejects": 0,
            "t_grad": 0.00022477604215964675,
            "t_hess": 0.013433935004286468,
            "t_ls": 0.00406049401499331,
            "t_update": 1.0119983926415443e-06,
            "t_iter": 0.017766567994840443,
            "trust_radius": 1.0,
            "trust_ratio": NaN,
            "trust_qp": NaN
          }
        ],
        "linear_timing": [
          {
            "assemble_total_time": 0.00036080501740798354,
            "assemble_p2p_exchange": 5.918106762692332e-05,
            "assemble_hvp_compute": 0.0001466349931433797,
            "assemble_extraction": 3.4092983696609735e-05,
            "assemble_coo_assembly": 0.0001059030182659626,
            "assemble_n_hvps": 8,
            "setop_time": 2.0030420273542404e-06,
            "set_tolerances_time": 1.1720112524926662e-06,
            "pc_setup_time": 0.01180003402987495,
            "solve_time": 0.0024163349880836904,
            "linear_total_time": 0.014580349088646472,
            "ksp_its": 1
          },
          {
            "assemble_total_time": 0.00030531897209584713,
            "assemble_p2p_exchange": 5.675695138052106e-05,
            "assemble_hvp_compute": 0.00013368501095101237,
            "assemble_extraction": 3.605498932301998e-05,
            "assemble_coo_assembly": 6.652297452092171e-05,
            "assemble_n_hvps": 8,
            "setop_time": 8.909846656024456e-07,
            "set_tolerances_time": 1.001986674964428e-06,
            "pc_setup_time": 0.010049752017948776,
            "solve_time": 0.002283591020386666,
            "linear_total_time": 0.012640554981771857,
            "ksp_its": 1
          },
          {
            "assemble_total_time": 0.00028436799766495824,
            "assemble_p2p_exchange": 5.620700540021062e-05,
            "assemble_hvp_compute": 0.00012281897943466902,
            "assemble_extraction": 2.4828012101352215e-05,
            "assemble_coo_assembly": 7.044803351163864e-05,
            "assemble_n_hvps": 8,
            "setop_time": 6.209593266248703e-07,
            "set_tolerances_time": 6.509944796562195e-07,
            "pc_setup_time": 0.011342470010276884,
            "solve_time": 0.002543641021475196,
            "linear_total_time": 0.014171750983223319,
            "ksp_its": 1
          },
          {
            "assemble_total_time": 0.00027562398463487625,
            "assemble_p2p_exchange": 5.684699863195419e-05,
            "assemble_hvp_compute": 0.00012122699990868568,
            "assemble_extraction": 3.1046976801007986e-05,
            "assemble_coo_assembly": 5.641701864078641e-05,
            "assemble_n_hvps": 8,
            "setop_time": 5.909823812544346e-07,
            "set_tolerances_time": 6.909831427037716e-07,
            "pc_setup_time": 0.01010144199244678,
            "solve_time": 0.003402561997063458,
            "linear_total_time": 0.013780909939669073,
            "ksp_its": 2
          },
          {
            "assemble_total_time": 0.00027512299129739404,
            "assemble_p2p_exchange": 5.518400575965643e-05,
            "assemble_hvp_compute": 0.0001229390036314726,
            "assemble_extraction": 2.4478009436279535e-05,
            "assemble_coo_assembly": 6.209500133991241e-05,
            "assemble_n_hvps": 8,
            "setop_time": 6.00994098931551e-07,
            "set_tolerances_time": 7.110065780580044e-07,
            "pc_setup_time": 0.010754816001281142,
            "solve_time": 0.0023102929699234664,
            "linear_total_time": 0.013341543963178992,
            "ksp_its": 1
          },
          {
            "assemble_total_time": 0.00027878896798938513,
            "assemble_p2p_exchange": 5.5514974519610405e-05,
            "assemble_hvp_compute": 0.00012159696780145168,
            "assemble_extraction": 2.4707987904548645e-05,
            "assemble_coo_assembly": 6.697297794744372e-05,
            "assemble_n_hvps": 8,
            "setop_time": 5.409820005297661e-07,
            "set_tolerances_time": 6.710179150104523e-07,
            "pc_setup_time": 0.010962164960801601,
            "solve_time": 0.003369389974977821,
            "linear_total_time": 0.014611555903684348,
            "ksp_its": 2
          },
          {
            "assemble_total_time": 0.0002716879826039076,
            "assemble_p2p_exchange": 5.882099503651261e-05,
            "assemble_hvp_compute": 0.00012220797361806035,
            "assemble_extraction": 2.5128014385700226e-05,
            "assemble_coo_assembly": 5.572603549808264e-05,
            "assemble_n_hvps": 8,
            "setop_time": 5.410402081906796e-07,
            "set_tolerances_time": 6.309710443019867e-07,
            "pc_setup_time": 0.010756678995676339,
            "solve_time": 0.002359687990974635,
            "linear_total_time": 0.013389226980507374,
            "ksp_its": 1
          }
        ]
      }
    ],
    "metadata": {
      "profile": "performance",
      "nprocs": 16,
      "nproc_threads": 1,
      "linear_solver": {
        "ksp_type": "cg",
        "pc_type": "hypre",
        "ksp_rtol": 0.1,
        "ksp_max_it": 30,
        "pc_setup_on_ksp_cap": false,
        "gamg_threshold": 0.05,
        "gamg_agg_nsmooths": 1,
        "gamg_set_coordinates": true,
        "reorder": true,
        "hvp_eval_mode": "sfd_local_batched",
        "assembly_mode": "element",
        "element_reorder_mode": "block_xyz",
        "local_hessian_mode": "sfd_local",
        "distribution_strategy": "overlap_allgather",
        "assembler": "PLaplaceReorderedElementAssembler",
        "trust_subproblem_solver": "direct_linear_solve",
        "trust_subproblem_line_search": false
      },
      "newton": {
        "tolf": 0.0001,
        "tolg": 0.001,
        "tolg_rel": 0.001,
        "tolx_rel": 0.001,
        "tolx_abs": 1e-10,
        "maxit": 100,
        "require_all_convergence": true,
        "fail_on_nonfinite": true,
        "linesearch_interval": [
          -0.5,
          2.0
        ],
        "linesearch_tol": 0.1,
        "trust_region": false,
        "trust_radius_init": 1.0,
        "trust_radius_min": 1e-08,
        "trust_radius_max": 1000000.0,
        "trust_subproblem_line_search": false,
        "step_time_limit_s": null
      }
    }
  }
}
