An NVIDIA GPU may be present on this machine, but a CUDA-enabled jaxlib is not installed. Falling back to cpu.
An NVIDIA GPU may be present on this machine, but a CUDA-enabled jaxlib is not installed. Falling back to cpu.
An NVIDIA GPU may be present on this machine, but a CUDA-enabled jaxlib is not installed. Falling back to cpu.
An NVIDIA GPU may be present on this machine, but a CUDA-enabled jaxlib is not installed. Falling back to cpu.
An NVIDIA GPU may be present on this machine, but a CUDA-enabled jaxlib is not installed. Falling back to cpu.
An NVIDIA GPU may be present on this machine, but a CUDA-enabled jaxlib is not installed. Falling back to cpu.
An NVIDIA GPU may be present on this machine, but a CUDA-enabled jaxlib is not installed. Falling back to cpu.
An NVIDIA GPU may be present on this machine, but a CUDA-enabled jaxlib is not installed. Falling back to cpu.
An NVIDIA GPU may be present on this machine, but a CUDA-enabled jaxlib is not installed. Falling back to cpu.
An NVIDIA GPU may be present on this machine, but a CUDA-enabled jaxlib is not installed. Falling back to cpu.
An NVIDIA GPU may be present on this machine, but a CUDA-enabled jaxlib is not installed. Falling back to cpu.
An NVIDIA GPU may be present on this machine, but a CUDA-enabled jaxlib is not installed. Falling back to cpu.
An NVIDIA GPU may be present on this machine, but a CUDA-enabled jaxlib is not installed. Falling back to cpu.
An NVIDIA GPU may be present on this machine, but a CUDA-enabled jaxlib is not installed. Falling back to cpu.
An NVIDIA GPU may be present on this machine, but a CUDA-enabled jaxlib is not installed. Falling back to cpu.
An NVIDIA GPU may be present on this machine, but a CUDA-enabled jaxlib is not installed. Falling back to cpu.
{
  "case": {
    "problem": "plaplace",
    "backend": "element",
    "level": 5,
    "out": "/home/michal/repos/fenics_nonlinear_energies/experiment_results_cache/plaplace_final_suite/jax_petsc_element_l5_np16.json",
    "quiet": true,
    "save_history": true,
    "save_linear_timing": true,
    "steps": 1,
    "start_step": 1,
    "total_steps": 24,
    "ksp_type": "cg",
    "pc_type": "hypre",
    "ksp_rtol": 0.1,
    "ksp_max_it": 30,
    "profile": "performance",
    "coloring_trials": 10,
    "nproc_threads": 1,
    "hvp_eval_mode": "sequential",
    "element_reorder_mode": "block_xyz",
    "local_hessian_mode": "element",
    "tolf": 0.0001,
    "tolg": 0.001,
    "tolg_rel": 0.001,
    "tolx_rel": 0.001,
    "tolx_abs": 1e-10,
    "maxit": 100,
    "step_time_limit_s": null,
    "linesearch_a": -0.5,
    "linesearch_b": 2.0,
    "linesearch_tol": 0.1,
    "use_trust_region": false,
    "trust_radius_init": 1.0,
    "trust_radius_min": 1e-08,
    "trust_radius_max": 1000000.0,
    "trust_shrink": 0.5,
    "trust_expand": 1.5,
    "trust_eta_shrink": 0.05,
    "trust_eta_expand": 0.75,
    "trust_max_reject": 6,
    "trust_subproblem_line_search": false,
    "local_coloring": true,
    "retry_on_failure": false,
    "pc_setup_on_ksp_cap": false,
    "use_near_nullspace": true,
    "reorder": null,
    "gamg_threshold": 0.05,
    "gamg_agg_nsmooths": 1,
    "gamg_set_coordinates": true
  },
  "result": {
    "mesh_level": 5,
    "total_dofs": 3201,
    "free_dofs": 2945,
    "setup_time": 0.318879,
    "solve_time_total": 0.145588,
    "total_time": 0.533938,
    "steps": [
      {
        "step": 1,
        "time": 0.145588,
        "nit": 7,
        "linear_iters": 9,
        "energy": -7.94296871726917,
        "message": "Converged (energy, step, gradient)",
        "attempt": "primary",
        "ksp_rtol_used": 0.1,
        "ksp_max_it_used": 30,
        "linesearch_interval_used": [
          -0.5,
          2.0
        ],
        "history": [
          {
            "it": 1,
            "energy": -0.048141196040271395,
            "dE": 8662.126657907535,
            "grad_norm": 1796.1493529461623,
            "grad_target": 1.7961493529461623,
            "grad_norm_post": NaN,
            "alpha": 1.9569476828142078,
            "ksp_its": 1,
            "ls_evals": 9,
            "ls_repaired": false,
            "used_gradient_fallback": false,
            "accepted_step": true,
            "step_norm": 31.833167839272868,
            "step_rel": 1.0058183013427766,
            "pred_reduction": NaN,
            "actual_reduction": NaN,
            "trust_rejects": 0,
            "t_grad": 0.00037796900141984224,
            "t_hess": 0.02124549401924014,
            "t_ls": 0.005363714008126408,
            "t_update": 1.501990482211113e-06,
            "t_iter": 0.027045505004934967,
            "trust_radius": 1.0,
            "trust_ratio": NaN,
            "trust_qp": NaN
          },
          {
            "it": 2,
            "energy": -5.856179258626101,
            "dE": 5.80803806258583,
            "grad_norm": 1.3227864594905416,
            "grad_target": 1.7961493529461623,
            "grad_norm_post": NaN,
            "alpha": 0.21932689530684624,
            "ksp_its": 1,
            "ls_evals": 9,
            "ls_repaired": false,
            "used_gradient_fallback": false,
            "accepted_step": true,
            "step_norm": 17.503523108995523,
            "step_rel": 14.000531429143953,
            "pred_reduction": NaN,
            "actual_reduction": NaN,
            "trust_rejects": 0,
            "t_grad": 0.0003196310135535896,
            "t_hess": 0.013261043990496546,
            "t_ls": 0.004079381003975868,
            "t_update": 1.3320241123437881e-06,
            "t_iter": 0.017694258014671504,
            "trust_radius": 1.0,
            "trust_ratio": NaN,
            "trust_qp": NaN
          },
          {
            "it": 3,
            "energy": -7.685834678737499,
            "dE": 1.829655420111398,
            "grad_norm": 4.5078772084465175,
            "grad_target": 1.7961493529461623,
            "grad_norm_post": NaN,
            "alpha": 0.551182935941576,
            "ksp_its": 1,
            "ls_evals": 9,
            "ls_repaired": false,
            "used_gradient_fallback": false,
            "accepted_step": true,
            "step_norm": 7.135871386955169,
            "step_rel": 0.3911373698715668,
            "pred_reduction": NaN,
            "actual_reduction": NaN,
            "trust_rejects": 0,
            "t_grad": 0.0002200219896622002,
            "t_hess": 0.01769756298745051,
            "t_ls": 0.0051786560215987265,
            "t_update": 1.141976099461317e-06,
            "t_iter": 0.02314995101187378,
            "trust_radius": 1.0,
            "trust_ratio": NaN,
            "trust_qp": NaN
          },
          {
            "it": 4,
            "energy": -7.934887517423066,
            "dE": 0.24905283868556705,
            "grad_norm": 2.2347895351421543,
            "grad_target": 1.7961493529461623,
            "grad_norm_post": NaN,
            "alpha": 1.002032654688946,
            "ksp_its": 2,
            "ls_evals": 9,
            "ls_repaired": false,
            "used_gradient_fallback": false,
            "accepted_step": true,
            "step_norm": 1.1948976511144647,
            "step_rel": 0.047513098428498365,
            "pred_reduction": NaN,
            "actual_reduction": NaN,
            "trust_rejects": 0,
            "t_grad": 0.00032066297717392445,
            "t_hess": 0.017701368953566998,
            "t_ls": 0.004064269014634192,
            "t_update": 1.1119991540908813e-06,
            "t_iter": 0.022119710978586227,
            "trust_radius": 1.0,
            "trust_ratio": NaN,
            "trust_qp": NaN
          },
          {
            "it": 5,
            "energy": -7.942698464508725,
            "dE": 0.007810947085658881,
            "grad_norm": 0.30590368691023767,
            "grad_target": 1.7961493529461623,
            "grad_norm_post": NaN,
            "alpha": 1.002032654688946,
            "ksp_its": 1,
            "ls_evals": 9,
            "ls_repaired": false,
            "used_gradient_fallback": false,
            "accepted_step": true,
            "step_norm": 0.2286961994781207,
            "step_rel": 0.008734108069408357,
            "pred_reduction": NaN,
            "actual_reduction": NaN,
            "trust_rejects": 0,
            "t_grad": 0.00021370098693296313,
            "t_hess": 0.01346626301528886,
            "t_ls": 0.0040408329805359244,
            "t_update": 1.04197533801198e-06,
            "t_iter": 0.017754067957866937,
            "trust_radius": 1.0,
            "trust_ratio": NaN,
            "trust_qp": NaN
          },
          {
            "it": 6,
            "energy": -7.9429669969347,
            "dE": 0.0002685324259754651,
            "grad_norm": 0.048644181042599315,
            "grad_target": 1.7961493529461623,
            "grad_norm_post": NaN,
            "alpha": 1.088137289060528,
            "ksp_its": 2,
            "ls_evals": 9,
            "ls_repaired": false,
            "used_gradient_fallback": false,
            "accepted_step": true,
            "step_norm": 0.03824036140844339,
            "step_rel": 0.0014721829307440329,
            "pred_reduction": NaN,
            "actual_reduction": NaN,
            "trust_rejects": 0,
            "t_grad": 0.0002234260318800807,
            "t_hess": 0.014662875037174672,
            "t_ls": 0.004065049986820668,
            "t_update": 1.0420335456728935e-06,
            "t_iter": 0.0189843499683775,
            "trust_radius": 1.0,
            "trust_ratio": NaN,
            "trust_qp": NaN
          },
          {
            "it": 7,
            "energy": -7.94296871726917,
            "dE": 1.7203344695460032e-06,
            "grad_norm": 0.003594334898774937,
            "grad_target": 1.7961493529461623,
            "grad_norm_post": 7.39338344153824e-05,
            "alpha": 1.002032654688946,
            "ksp_its": 1,
            "ls_evals": 9,
            "ls_repaired": false,
            "used_gradient_fallback": false,
            "accepted_step": true,
            "step_norm": 0.0023454016965197663,
            "step_rel": 9.040088418948515e-05,
            "pred_reduction": NaN,
            "actual_reduction": NaN,
            "trust_rejects": 0,
            "t_grad": 0.00022183399414643645,
            "t_hess": 0.013467073964420706,
            "t_ls": 0.004058008955325931,
            "t_update": 1.2519885785877705e-06,
            "t_iter": 0.017780807975213975,
            "trust_radius": 1.0,
            "trust_ratio": NaN,
            "trust_qp": NaN
          }
        ],
        "linear_timing": [
          {
            "assemble_total_time": 0.0004149739979766309,
            "assemble_p2p_exchange": 8.673005504533648e-05,
            "assemble_hvp_compute": 0.0001330900122411549,
            "assemble_extraction": 4.227302270010114e-05,
            "assemble_coo_assembly": 0.00013854802818968892,
            "assemble_n_hvps": 0,
            "setop_time": 2.3730099201202393e-06,
            "set_tolerances_time": 1.801992766559124e-06,
            "pc_setup_time": 0.017103148973546922,
            "solve_time": 0.0036630850518122315,
            "linear_total_time": 0.021185383026022464,
            "ksp_its": 1
          },
          {
            "assemble_total_time": 0.0008983219740912318,
            "assemble_p2p_exchange": 9.806698653846979e-05,
            "assemble_hvp_compute": 0.00010798202129080892,
            "assemble_extraction": 4.658999387174845e-05,
            "assemble_coo_assembly": 0.0006331140175461769,
            "assemble_n_hvps": 0,
            "setop_time": 1.6730045899748802e-06,
            "set_tolerances_time": 1.7829588614404202e-06,
            "pc_setup_time": 0.010064611968118697,
            "solve_time": 0.0022586199920624495,
            "linear_total_time": 0.013225009897723794,
            "ksp_its": 1
          },
          {
            "assemble_total_time": 0.00026955601060763,
            "assemble_p2p_exchange": 5.715503357350826e-05,
            "assemble_hvp_compute": 0.0001056990004144609,
            "assemble_extraction": 3.36709781549871e-05,
            "assemble_coo_assembly": 6.409699562937021e-05,
            "assemble_n_hvps": 0,
            "setop_time": 7.110065780580044e-07,
            "set_tolerances_time": 1.3319659046828747e-06,
            "pc_setup_time": 0.014056431013159454,
            "solve_time": 0.0033163029584102333,
            "linear_total_time": 0.017644332954660058,
            "ksp_its": 1
          },
          {
            "assemble_total_time": 0.0004145040293224156,
            "assemble_p2p_exchange": 8.787197293713689e-05,
            "assemble_hvp_compute": 0.00010503799421712756,
            "assemble_extraction": 4.4988002628088e-05,
            "assemble_coo_assembly": 0.00016770203365013003,
            "assemble_n_hvps": 0,
            "setop_time": 6.00994098931551e-07,
            "set_tolerances_time": 1.061009243130684e-06,
            "pc_setup_time": 0.013824212015606463,
            "solve_time": 0.0034216810017824173,
            "linear_total_time": 0.017662059050053358,
            "ksp_its": 2
          },
          {
            "assemble_total_time": 0.00026513898046687245,
            "assemble_p2p_exchange": 5.708599928766489e-05,
            "assemble_hvp_compute": 0.00010172300972044468,
            "assemble_extraction": 3.350101178511977e-05,
            "assemble_coo_assembly": 6.421696161851287e-05,
            "assemble_n_hvps": 0,
            "setop_time": 6.100162863731384e-07,
            "set_tolerances_time": 1.3819662854075432e-06,
            "pc_setup_time": 0.01085507101379335,
            "solve_time": 0.0023116199881769717,
            "linear_total_time": 0.013433821965008974,
            "ksp_its": 1
          },
          {
            "assemble_total_time": 0.0002670620451681316,
            "assemble_p2p_exchange": 5.76859456487e-05,
            "assemble_hvp_compute": 0.00010256399400532246,
            "assemble_extraction": 3.242900129407644e-05,
            "assemble_coo_assembly": 6.575899897143245e-05,
            "assemble_n_hvps": 0,
            "setop_time": 7.110065780580044e-07,
            "set_tolerances_time": 9.210198186337948e-07,
            "pc_setup_time": 0.010978217993397266,
            "solve_time": 0.003378495981451124,
            "linear_total_time": 0.014625408046413213,
            "ksp_its": 2
          },
          {
            "assemble_total_time": 0.0002629760419949889,
            "assemble_p2p_exchange": 5.935004446655512e-05,
            "assemble_hvp_compute": 0.00010207295417785645,
            "assemble_extraction": 3.2359035685658455e-05,
            "assemble_coo_assembly": 6.075098644942045e-05,
            "assemble_n_hvps": 0,
            "setop_time": 6.610061973333359e-07,
            "set_tolerances_time": 8.720089681446552e-07,
            "pc_setup_time": 0.010800950054544955,
            "solve_time": 0.0023703289916738868,
            "linear_total_time": 0.01343578810337931,
            "ksp_its": 1
          }
        ]
      }
    ],
    "metadata": {
      "profile": "performance",
      "nprocs": 16,
      "nproc_threads": 1,
      "linear_solver": {
        "ksp_type": "cg",
        "pc_type": "hypre",
        "ksp_rtol": 0.1,
        "ksp_max_it": 30,
        "pc_setup_on_ksp_cap": false,
        "gamg_threshold": 0.05,
        "gamg_agg_nsmooths": 1,
        "gamg_set_coordinates": true,
        "reorder": true,
        "hvp_eval_mode": "element_overlap",
        "assembly_mode": "element",
        "element_reorder_mode": "block_xyz",
        "local_hessian_mode": "element",
        "distribution_strategy": "overlap_allgather",
        "assembler": "PLaplaceReorderedElementAssembler",
        "trust_subproblem_solver": "direct_linear_solve",
        "trust_subproblem_line_search": false
      },
      "newton": {
        "tolf": 0.0001,
        "tolg": 0.001,
        "tolg_rel": 0.001,
        "tolx_rel": 0.001,
        "tolx_abs": 1e-10,
        "maxit": 100,
        "require_all_convergence": true,
        "fail_on_nonfinite": true,
        "linesearch_interval": [
          -0.5,
          2.0
        ],
        "linesearch_tol": 0.1,
        "trust_region": false,
        "trust_radius_init": 1.0,
        "trust_radius_min": 1e-08,
        "trust_radius_max": 1000000.0,
        "trust_subproblem_line_search": false,
        "step_time_limit_s": null
      }
    }
  }
}
