An NVIDIA GPU may be present on this machine, but a CUDA-enabled jaxlib is not installed. Falling back to cpu.
An NVIDIA GPU may be present on this machine, but a CUDA-enabled jaxlib is not installed. Falling back to cpu.
An NVIDIA GPU may be present on this machine, but a CUDA-enabled jaxlib is not installed. Falling back to cpu.
An NVIDIA GPU may be present on this machine, but a CUDA-enabled jaxlib is not installed. Falling back to cpu.
An NVIDIA GPU may be present on this machine, but a CUDA-enabled jaxlib is not installed. Falling back to cpu.
An NVIDIA GPU may be present on this machine, but a CUDA-enabled jaxlib is not installed. Falling back to cpu.
An NVIDIA GPU may be present on this machine, but a CUDA-enabled jaxlib is not installed. Falling back to cpu.
An NVIDIA GPU may be present on this machine, but a CUDA-enabled jaxlib is not installed. Falling back to cpu.
An NVIDIA GPU may be present on this machine, but a CUDA-enabled jaxlib is not installed. Falling back to cpu.
An NVIDIA GPU may be present on this machine, but a CUDA-enabled jaxlib is not installed. Falling back to cpu.
An NVIDIA GPU may be present on this machine, but a CUDA-enabled jaxlib is not installed. Falling back to cpu.
An NVIDIA GPU may be present on this machine, but a CUDA-enabled jaxlib is not installed. Falling back to cpu.
An NVIDIA GPU may be present on this machine, but a CUDA-enabled jaxlib is not installed. Falling back to cpu.
An NVIDIA GPU may be present on this machine, but a CUDA-enabled jaxlib is not installed. Falling back to cpu.
An NVIDIA GPU may be present on this machine, but a CUDA-enabled jaxlib is not installed. Falling back to cpu.
An NVIDIA GPU may be present on this machine, but a CUDA-enabled jaxlib is not installed. Falling back to cpu.
An NVIDIA GPU may be present on this machine, but a CUDA-enabled jaxlib is not installed. Falling back to cpu.
An NVIDIA GPU may be present on this machine, but a CUDA-enabled jaxlib is not installed. Falling back to cpu.
An NVIDIA GPU may be present on this machine, but a CUDA-enabled jaxlib is not installed. Falling back to cpu.
An NVIDIA GPU may be present on this machine, but a CUDA-enabled jaxlib is not installed. Falling back to cpu.
An NVIDIA GPU may be present on this machine, but a CUDA-enabled jaxlib is not installed. Falling back to cpu.
An NVIDIA GPU may be present on this machine, but a CUDA-enabled jaxlib is not installed. Falling back to cpu.
An NVIDIA GPU may be present on this machine, but a CUDA-enabled jaxlib is not installed. Falling back to cpu.
An NVIDIA GPU may be present on this machine, but a CUDA-enabled jaxlib is not installed. Falling back to cpu.
An NVIDIA GPU may be present on this machine, but a CUDA-enabled jaxlib is not installed. Falling back to cpu.
An NVIDIA GPU may be present on this machine, but a CUDA-enabled jaxlib is not installed. Falling back to cpu.
An NVIDIA GPU may be present on this machine, but a CUDA-enabled jaxlib is not installed. Falling back to cpu.
An NVIDIA GPU may be present on this machine, but a CUDA-enabled jaxlib is not installed. Falling back to cpu.
An NVIDIA GPU may be present on this machine, but a CUDA-enabled jaxlib is not installed. Falling back to cpu.
An NVIDIA GPU may be present on this machine, but a CUDA-enabled jaxlib is not installed. Falling back to cpu.
An NVIDIA GPU may be present on this machine, but a CUDA-enabled jaxlib is not installed. Falling back to cpu.
An NVIDIA GPU may be present on this machine, but a CUDA-enabled jaxlib is not installed. Falling back to cpu.
{
  "case": {
    "problem": "plaplace",
    "backend": "element",
    "level": 7,
    "out": "/home/michal/repos/fenics_nonlinear_energies/experiment_results_cache/plaplace_final_suite/jax_petsc_local_sfd_l7_np32.json",
    "quiet": true,
    "save_history": true,
    "save_linear_timing": true,
    "steps": 1,
    "start_step": 1,
    "total_steps": 24,
    "ksp_type": "cg",
    "pc_type": "hypre",
    "ksp_rtol": 0.1,
    "ksp_max_it": 30,
    "profile": "performance",
    "coloring_trials": 10,
    "nproc_threads": 1,
    "hvp_eval_mode": "sequential",
    "element_reorder_mode": "block_xyz",
    "local_hessian_mode": "sfd_local",
    "tolf": 0.0001,
    "tolg": 0.001,
    "tolg_rel": 0.001,
    "tolx_rel": 0.001,
    "tolx_abs": 1e-10,
    "maxit": 100,
    "step_time_limit_s": null,
    "linesearch_a": -0.5,
    "linesearch_b": 2.0,
    "linesearch_tol": 0.1,
    "use_trust_region": false,
    "trust_radius_init": 1.0,
    "trust_radius_min": 1e-08,
    "trust_radius_max": 1000000.0,
    "trust_shrink": 0.5,
    "trust_expand": 1.5,
    "trust_eta_shrink": 0.05,
    "trust_eta_expand": 0.75,
    "trust_max_reject": 6,
    "trust_subproblem_line_search": false,
    "local_coloring": true,
    "retry_on_failure": false,
    "pc_setup_on_ksp_cap": false,
    "use_near_nullspace": true,
    "reorder": null,
    "gamg_threshold": 0.05,
    "gamg_agg_nsmooths": 1,
    "gamg_set_coordinates": true
  },
  "result": {
    "mesh_level": 7,
    "total_dofs": 49665,
    "free_dofs": 48641,
    "setup_time": 0.824193,
    "solve_time_total": 0.362221,
    "total_time": 1.302035,
    "steps": [
      {
        "step": 1,
        "time": 0.362221,
        "nit": 7,
        "linear_iters": 14,
        "energy": -7.958292393427902,
        "message": "Converged (energy, step, gradient)",
        "attempt": "primary",
        "ksp_rtol_used": 0.1,
        "ksp_max_it_used": 30,
        "linesearch_interval_used": [
          -0.5,
          2.0
        ],
        "history": [
          {
            "it": 1,
            "energy": 5.393330760063505,
            "dE": 521138.9137121686,
            "grad_norm": 28062.385990695082,
            "grad_target": 28.062385990695084,
            "grad_norm_post": NaN,
            "alpha": 1.9569476828142078,
            "ksp_its": 2,
            "ls_evals": 9,
            "ls_repaired": false,
            "used_gradient_fallback": false,
            "accepted_step": true,
            "step_norm": 125.01265405928983,
            "step_rel": 0.9847616739170978,
            "pred_reduction": NaN,
            "actual_reduction": NaN,
            "trust_rejects": 0,
            "t_grad": 0.0007280360441654921,
            "t_hess": 0.04533766501117498,
            "t_ls": 0.010579058027360588,
            "t_update": 2.563989255577326e-06,
            "t_iter": 0.056699462002143264,
            "trust_radius": 1.0,
            "trust_ratio": NaN,
            "trust_qp": NaN
          },
          {
            "it": 2,
            "energy": -3.9528875136219925,
            "dE": 9.346218273685498,
            "grad_norm": 13.016851477030357,
            "grad_target": 28.062385990695084,
            "grad_norm_post": NaN,
            "alpha": 0.8627124296868427,
            "ksp_its": 2,
            "ls_evals": 9,
            "ls_repaired": false,
            "used_gradient_fallback": false,
            "accepted_step": true,
            "step_norm": 89.16382992620387,
            "step_rel": 40.91443757351213,
            "pred_reduction": NaN,
            "actual_reduction": NaN,
            "trust_rejects": 0,
            "t_grad": 0.0007848329842090607,
            "t_hess": 0.041366314981132746,
            "t_ls": 0.01091700600227341,
            "t_update": 2.4929759092628956e-06,
            "t_iter": 0.05312064604368061,
            "trust_radius": 1.0,
            "trust_ratio": NaN,
            "trust_qp": NaN
          },
          {
            "it": 3,
            "energy": -7.349718597881337,
            "dE": 3.396831084259344,
            "grad_norm": 9.225147945905729,
            "grad_target": 28.062385990695084,
            "grad_norm_post": NaN,
            "alpha": 0.8094968390563215,
            "ksp_its": 2,
            "ls_evals": 9,
            "ls_repaired": false,
            "used_gradient_fallback": false,
            "accepted_step": true,
            "step_norm": 24.542843861381293,
            "step_rel": 0.2780390193928307,
            "pred_reduction": NaN,
            "actual_reduction": NaN,
            "trust_rejects": 0,
            "t_grad": 0.0007138749933801591,
            "t_hess": 0.03809633303899318,
            "t_ls": 0.010780135984532535,
            "t_update": 2.1129962988197803e-06,
            "t_iter": 0.049646990024484694,
            "trust_radius": 1.0,
            "trust_ratio": NaN,
            "trust_qp": NaN
          },
          {
            "it": 4,
            "energy": -7.928308497728946,
            "dE": 0.5785898998476098,
            "grad_norm": 3.1394286293953937,
            "grad_target": 28.062385990695084,
            "grad_norm_post": NaN,
            "alpha": 1.002032654688946,
            "ksp_its": 2,
            "ls_evals": 9,
            "ls_repaired": false,
            "used_gradient_fallback": false,
            "accepted_step": true,
            "step_norm": 6.636426284511602,
            "step_rel": 0.05921127667171692,
            "pred_reduction": NaN,
            "actual_reduction": NaN,
            "trust_rejects": 0,
            "t_grad": 0.000631547998636961,
            "t_hess": 0.03761765896342695,
            "t_ls": 0.010773935995530337,
            "t_update": 3.4559634514153004e-06,
            "t_iter": 0.049086962011642754,
            "trust_radius": 1.0,
            "trust_ratio": NaN,
            "trust_qp": NaN
          },
          {
            "it": 5,
            "energy": -7.957662974176475,
            "dE": 0.0293544764475282,
            "grad_norm": 0.6348692240562324,
            "grad_target": 28.062385990695084,
            "grad_norm_post": NaN,
            "alpha": 1.0552482453194671,
            "ksp_its": 2,
            "ls_evals": 9,
            "ls_repaired": false,
            "used_gradient_fallback": false,
            "accepted_step": true,
            "step_norm": 2.164993148879244,
            "step_rel": 0.020422454304051457,
            "pred_reduction": NaN,
            "actual_reduction": NaN,
            "trust_rejects": 0,
            "t_grad": 0.0007156669744290411,
            "t_hess": 0.03833591000875458,
            "t_ls": 0.01043459598440677,
            "t_update": 3.9460137486457825e-06,
            "t_iter": 0.04953883501002565,
            "trust_radius": 1.0,
            "trust_ratio": NaN,
            "trust_qp": NaN
          },
          {
            "it": 6,
            "energy": -7.958284729055283,
            "dE": 0.0006217548788081118,
            "grad_norm": 0.08038888343192858,
            "grad_target": 28.062385990695084,
            "grad_norm_post": NaN,
            "alpha": 1.088137289060528,
            "ksp_its": 2,
            "ls_evals": 9,
            "ls_repaired": false,
            "used_gradient_fallback": false,
            "accepted_step": true,
            "step_norm": 0.0707168728484279,
            "step_rel": 0.0006806463185838188,
            "pred_reduction": NaN,
            "actual_reduction": NaN,
            "trust_rejects": 0,
            "t_grad": 0.0007109100115485489,
            "t_hess": 0.038351464027073234,
            "t_ls": 0.010306239011697471,
            "t_update": 2.955028321594e-06,
            "t_iter": 0.04942081402987242,
            "trust_radius": 1.0,
            "trust_ratio": NaN,
            "trust_qp": NaN
          },
          {
            "it": 7,
            "energy": -7.958292393427902,
            "dE": 7.664372619231585e-06,
            "grad_norm": 0.007279652676807959,
            "grad_target": 28.062385990695084,
            "grad_norm_post": 0.00036505625046640185,
            "alpha": 1.0552482453194671,
            "ksp_its": 2,
            "ls_evals": 9,
            "ls_repaired": false,
            "used_gradient_fallback": false,
            "accepted_step": true,
            "step_norm": 0.006776281814131479,
            "step_rel": 6.522368868529938e-05,
            "pred_reduction": NaN,
            "actual_reduction": NaN,
            "trust_rejects": 0,
            "t_grad": 0.0007161580142565072,
            "t_hess": 0.041226450994145125,
            "t_ls": 0.010425372049212456,
            "t_update": 3.3150427043437958e-06,
            "t_iter": 0.052420881984289736,
            "trust_radius": 1.0,
            "trust_ratio": NaN,
            "trust_qp": NaN
          }
        ],
        "linear_timing": [
          {
            "assemble_total_time": 0.0011515050427988172,
            "assemble_p2p_exchange": 0.00037627696292474866,
            "assemble_hvp_compute": 0.0004109599976800382,
            "assemble_extraction": 7.386296056210995e-05,
            "assemble_coo_assembly": 0.0002721880446188152,
            "assemble_n_hvps": 7,
            "setop_time": 2.8139911592006683e-06,
            "set_tolerances_time": 1.8730061128735542e-06,
            "pc_setup_time": 0.03479705500649288,
            "solve_time": 0.009321249963250011,
            "linear_total_time": 0.045274497009813786,
            "ksp_its": 2
          },
          {
            "assemble_total_time": 0.0016685280133970082,
            "assemble_p2p_exchange": 0.0003789909533225,
            "assemble_hvp_compute": 0.0004187219892628491,
            "assemble_extraction": 7.952196756377816e-05,
            "assemble_coo_assembly": 0.0007724740426056087,
            "assemble_n_hvps": 7,
            "setop_time": 2.2640451788902283e-06,
            "set_tolerances_time": 2.0730076357722282e-06,
            "pc_setup_time": 0.030421908013522625,
            "solve_time": 0.009213855024427176,
            "linear_total_time": 0.04130862810416147,
            "ksp_its": 2
          },
          {
            "assemble_total_time": 0.001291720021981746,
            "assemble_p2p_exchange": 0.0003849299973808229,
            "assemble_hvp_compute": 0.00040085497312247753,
            "assemble_extraction": 5.974201485514641e-05,
            "assemble_coo_assembly": 0.00043058005394414067,
            "assemble_n_hvps": 7,
            "setop_time": 1.9129947759211063e-06,
            "set_tolerances_time": 1.7829588614404202e-06,
            "pc_setup_time": 0.028253433003555983,
            "solve_time": 0.00848414603387937,
            "linear_total_time": 0.03803299501305446,
            "ksp_its": 2
          },
          {
            "assemble_total_time": 0.0012873439700342715,
            "assemble_p2p_exchange": 0.0004024480003863573,
            "assemble_hvp_compute": 0.0004090570146217942,
            "assemble_extraction": 5.0197006203234196e-05,
            "assemble_coo_assembly": 0.0004098190111108124,
            "assemble_n_hvps": 7,
            "setop_time": 2.3339525796473026e-06,
            "set_tolerances_time": 1.701992005109787e-06,
            "pc_setup_time": 0.027856624976266176,
            "solve_time": 0.008401570026762784,
            "linear_total_time": 0.03754957491764799,
            "ksp_its": 2
          },
          {
            "assemble_total_time": 0.001329949009232223,
            "assemble_p2p_exchange": 0.0004057220066897571,
            "assemble_hvp_compute": 0.00044203700963407755,
            "assemble_extraction": 5.8890029322355986e-05,
            "assemble_coo_assembly": 0.00040561199421063066,
            "assemble_n_hvps": 7,
            "setop_time": 1.8230057321488857e-06,
            "set_tolerances_time": 1.4120014384388924e-06,
            "pc_setup_time": 0.028275226999539882,
            "solve_time": 0.008677122998051345,
            "linear_total_time": 0.03828553401399404,
            "ksp_its": 2
          },
          {
            "assemble_total_time": 0.0014619510038755834,
            "assemble_p2p_exchange": 0.0004217959940433502,
            "assemble_hvp_compute": 0.0006942839827388525,
            "assemble_extraction": 4.993699258193374e-05,
            "assemble_coo_assembly": 0.0002789470017887652,
            "assemble_n_hvps": 7,
            "setop_time": 1.6820267774164677e-06,
            "set_tolerances_time": 1.9730068743228912e-06,
            "pc_setup_time": 0.02898873999947682,
            "solve_time": 0.007846688968129456,
            "linear_total_time": 0.0383010350051336,
            "ksp_its": 2
          },
          {
            "assemble_total_time": 0.0012553840060718358,
            "assemble_p2p_exchange": 0.00038353900890797377,
            "assemble_hvp_compute": 0.00043698999797925353,
            "assemble_extraction": 5.2029965445399284e-05,
            "assemble_coo_assembly": 0.0003654899774119258,
            "assemble_n_hvps": 7,
            "setop_time": 2.082961145788431e-06,
            "set_tolerances_time": 1.7030397430062294e-06,
            "pc_setup_time": 0.03109201497863978,
            "solve_time": 0.008822735049761832,
            "linear_total_time": 0.041173920035362244,
            "ksp_its": 2
          }
        ]
      }
    ],
    "metadata": {
      "profile": "performance",
      "nprocs": 32,
      "nproc_threads": 1,
      "linear_solver": {
        "ksp_type": "cg",
        "pc_type": "hypre",
        "ksp_rtol": 0.1,
        "ksp_max_it": 30,
        "pc_setup_on_ksp_cap": false,
        "gamg_threshold": 0.05,
        "gamg_agg_nsmooths": 1,
        "gamg_set_coordinates": true,
        "reorder": true,
        "hvp_eval_mode": "sfd_local_batched",
        "assembly_mode": "element",
        "element_reorder_mode": "block_xyz",
        "local_hessian_mode": "sfd_local",
        "distribution_strategy": "overlap_allgather",
        "assembler": "PLaplaceReorderedElementAssembler",
        "trust_subproblem_solver": "direct_linear_solve",
        "trust_subproblem_line_search": false
      },
      "newton": {
        "tolf": 0.0001,
        "tolg": 0.001,
        "tolg_rel": 0.001,
        "tolx_rel": 0.001,
        "tolx_abs": 1e-10,
        "maxit": 100,
        "require_all_convergence": true,
        "fail_on_nonfinite": true,
        "linesearch_interval": [
          -0.5,
          2.0
        ],
        "linesearch_tol": 0.1,
        "trust_region": false,
        "trust_radius_init": 1.0,
        "trust_radius_min": 1e-08,
        "trust_radius_max": 1000000.0,
        "trust_subproblem_line_search": false,
        "step_time_limit_s": null
      }
    }
  }
}
