An NVIDIA GPU may be present on this machine, but a CUDA-enabled jaxlib is not installed. Falling back to cpu.
An NVIDIA GPU may be present on this machine, but a CUDA-enabled jaxlib is not installed. Falling back to cpu.
An NVIDIA GPU may be present on this machine, but a CUDA-enabled jaxlib is not installed. Falling back to cpu.
An NVIDIA GPU may be present on this machine, but a CUDA-enabled jaxlib is not installed. Falling back to cpu.
An NVIDIA GPU may be present on this machine, but a CUDA-enabled jaxlib is not installed. Falling back to cpu.
An NVIDIA GPU may be present on this machine, but a CUDA-enabled jaxlib is not installed. Falling back to cpu.
An NVIDIA GPU may be present on this machine, but a CUDA-enabled jaxlib is not installed. Falling back to cpu.
An NVIDIA GPU may be present on this machine, but a CUDA-enabled jaxlib is not installed. Falling back to cpu.
{
  "case": {
    "problem": "plaplace",
    "backend": "element",
    "level": 9,
    "out": "/home/michal/repos/fenics_nonlinear_energies/experiment_results_cache/plaplace_final_suite/jax_petsc_local_sfd_l9_np8.json",
    "quiet": true,
    "save_history": true,
    "save_linear_timing": true,
    "steps": 1,
    "start_step": 1,
    "total_steps": 24,
    "ksp_type": "cg",
    "pc_type": "hypre",
    "ksp_rtol": 0.1,
    "ksp_max_it": 30,
    "profile": "performance",
    "coloring_trials": 10,
    "nproc_threads": 1,
    "hvp_eval_mode": "sequential",
    "element_reorder_mode": "block_xyz",
    "local_hessian_mode": "sfd_local",
    "tolf": 0.0001,
    "tolg": 0.001,
    "tolg_rel": 0.001,
    "tolx_rel": 0.001,
    "tolx_abs": 1e-10,
    "maxit": 100,
    "step_time_limit_s": null,
    "linesearch_a": -0.5,
    "linesearch_b": 2.0,
    "linesearch_tol": 0.1,
    "use_trust_region": false,
    "trust_radius_init": 1.0,
    "trust_radius_min": 1e-08,
    "trust_radius_max": 1000000.0,
    "trust_shrink": 0.5,
    "trust_expand": 1.5,
    "trust_eta_shrink": 0.05,
    "trust_eta_expand": 0.75,
    "trust_max_reject": 6,
    "trust_subproblem_line_search": false,
    "local_coloring": true,
    "retry_on_failure": false,
    "pc_setup_on_ksp_cap": false,
    "use_near_nullspace": true,
    "reorder": null,
    "gamg_threshold": 0.05,
    "gamg_agg_nsmooths": 1,
    "gamg_set_coordinates": true
  },
  "result": {
    "mesh_level": 9,
    "total_dofs": 788481,
    "free_dofs": 784385,
    "setup_time": 2.731689,
    "solve_time_total": 2.647728,
    "total_time": 5.853241,
    "steps": [
      {
        "step": 1,
        "time": 2.647728,
        "nit": 6,
        "linear_iters": 11,
        "energy": -7.960005337349324,
        "message": "Converged (energy, step, gradient)",
        "attempt": "primary",
        "ksp_rtol_used": 0.1,
        "ksp_max_it_used": 30,
        "linesearch_interval_used": [
          -0.5,
          2.0
        ],
        "history": [
          {
            "it": 1,
            "energy": 331.4471280172511,
            "dE": 33077101.43523527,
            "grad_norm": 448769.7866275505,
            "grad_target": 448.7697866275505,
            "grad_norm_post": NaN,
            "alpha": 1.9569476828142078,
            "ksp_its": 2,
            "ls_evals": 9,
            "ls_repaired": false,
            "used_gradient_fallback": false,
            "accepted_step": true,
            "step_norm": 481.8516175069723,
            "step_rel": 0.9419162295410598,
            "pred_reduction": NaN,
            "actual_reduction": NaN,
            "trust_rejects": 0,
            "t_grad": 0.012729515961837023,
            "t_hess": 0.3546961019746959,
            "t_ls": 0.09674468101002276,
            "t_update": 0.00012003298616036773,
            "t_iter": 0.46447563398396596,
            "trust_radius": 1.0,
            "trust_ratio": NaN,
            "trust_qp": NaN
          },
          {
            "it": 2,
            "energy": -4.960074491572544,
            "dE": 336.4072025088236,
            "grad_norm": 208.09803952479027,
            "grad_target": 448.7697866275505,
            "grad_norm_post": NaN,
            "alpha": 1.9569476828142078,
            "ksp_its": 2,
            "ls_evals": 9,
            "ls_repaired": false,
            "used_gradient_fallback": false,
            "accepted_step": true,
            "step_norm": 228.59079884052966,
            "step_rel": 6.972364782802378,
            "pred_reduction": NaN,
            "actual_reduction": NaN,
            "trust_rejects": 0,
            "t_grad": 0.01291832298738882,
            "t_hess": 0.33805608795955777,
            "t_ls": 0.09759135398780927,
            "t_update": 0.0001103790127672255,
            "t_iter": 0.44885851396247745,
            "trust_radius": 1.0,
            "trust_ratio": NaN,
            "trust_qp": NaN
          },
          {
            "it": 3,
            "energy": -7.532000261270772,
            "dE": 2.571925769698228,
            "grad_norm": 2.319551739587208,
            "grad_target": 448.7697866275505,
            "grad_norm_post": NaN,
            "alpha": 0.41186271093947224,
            "ksp_its": 1,
            "ls_evals": 9,
            "ls_repaired": false,
            "used_gradient_fallback": false,
            "accepted_step": true,
            "step_norm": 173.45526421039332,
            "step_rel": 0.8771253896856953,
            "pred_reduction": NaN,
            "actual_reduction": NaN,
            "trust_rejects": 0,
            "t_grad": 0.012847445963416249,
            "t_hess": 0.31474677700316533,
            "t_ls": 0.09684677299810573,
            "t_update": 0.00010849599493667483,
            "t_iter": 0.42473021702608094,
            "trust_radius": 1.0,
            "trust_ratio": NaN,
            "trust_qp": NaN
          },
          {
            "it": 4,
            "energy": -7.951637352700368,
            "dE": 0.41963709142959615,
            "grad_norm": 2.329233317161206,
            "grad_target": 448.7697866275505,
            "grad_norm_post": NaN,
            "alpha": 0.9488170640584248,
            "ksp_its": 2,
            "ls_evals": 9,
            "ls_repaired": false,
            "used_gradient_fallback": false,
            "accepted_step": true,
            "step_norm": 52.0208281677031,
            "step_rel": 0.14080452340936522,
            "pred_reduction": NaN,
            "actual_reduction": NaN,
            "trust_rejects": 0,
            "t_grad": 0.012722553976345807,
            "t_hess": 0.32510198798263445,
            "t_ls": 0.09800141700543463,
            "t_update": 0.00010913697769865394,
            "t_iter": 0.4361283630132675,
            "trust_radius": 1.0,
            "trust_ratio": NaN,
            "trust_qp": NaN
          },
          {
            "it": 5,
            "energy": -7.959971049984421,
            "dE": 0.008333697284053088,
            "grad_norm": 0.31476445935386493,
            "grad_target": 448.7697866275505,
            "grad_norm_post": NaN,
            "alpha": 1.088137289060528,
            "ksp_its": 2,
            "ls_evals": 9,
            "ls_repaired": false,
            "used_gradient_fallback": false,
            "accepted_step": true,
            "step_norm": 5.74068529712991,
            "step_rel": 0.013637521549736145,
            "pred_reduction": NaN,
            "actual_reduction": NaN,
            "trust_rejects": 0,
            "t_grad": 0.013094833004288375,
            "t_hess": 0.3200302650220692,
            "t_ls": 0.0960099590010941,
            "t_update": 0.00010645296424627304,
            "t_iter": 0.4294396340264939,
            "trust_radius": 1.0,
            "trust_ratio": NaN,
            "trust_qp": NaN
          },
          {
            "it": 6,
            "energy": -7.960005337349324,
            "dE": 3.428736490285189e-05,
            "grad_norm": 0.01712555272498611,
            "grad_target": 448.7697866275505,
            "grad_norm_post": 0.0011443721245464695,
            "alpha": 1.0552482453194671,
            "ksp_its": 2,
            "ls_evals": 9,
            "ls_repaired": false,
            "used_gradient_fallback": false,
            "accepted_step": true,
            "step_norm": 0.3358647172907921,
            "step_rel": 0.0008086834715054507,
            "pred_reduction": NaN,
            "actual_reduction": NaN,
            "trust_rejects": 0,
            "t_grad": 0.012866102973930538,
            "t_hess": 0.31349301600130275,
            "t_ls": 0.09607169503578916,
            "t_update": 0.0001103979884646833,
            "t_iter": 0.4227329650311731,
            "trust_radius": 1.0,
            "trust_ratio": NaN,
            "trust_qp": NaN
          }
        ],
        "linear_timing": [
          {
            "assemble_total_time": 0.07959752500755712,
            "assemble_p2p_exchange": 0.003077073022723198,
            "assemble_hvp_compute": 0.06362489197636023,
            "assemble_extraction": 0.007663402007892728,
            "assemble_coo_assembly": 0.005059172981418669,
            "assemble_n_hvps": 8,
            "setop_time": 2.9840157367289066e-06,
            "set_tolerances_time": 2.5240005925297737e-06,
            "pc_setup_time": 0.1812111139879562,
            "solve_time": 0.09357763902517036,
            "linear_total_time": 0.35439178603701293,
            "ksp_its": 2
          },
          {
            "assemble_total_time": 0.07990636501926929,
            "assemble_p2p_exchange": 0.00312891200883314,
            "assemble_hvp_compute": 0.06388424703618512,
            "assemble_extraction": 0.007662952004466206,
            "assemble_coo_assembly": 0.00505518598947674,
            "assemble_n_hvps": 8,
            "setop_time": 2.6840134523808956e-06,
            "set_tolerances_time": 2.3840111680328846e-06,
            "pc_setup_time": 0.16440446802880615,
            "solve_time": 0.09341649297857657,
            "linear_total_time": 0.3377323940512724,
            "ksp_its": 2
          },
          {
            "assemble_total_time": 0.08005578303709626,
            "assemble_p2p_exchange": 0.003216126060578972,
            "assemble_hvp_compute": 0.06464622198836878,
            "assemble_extraction": 0.007591422006953508,
            "assemble_coo_assembly": 0.004444491991307586,
            "assemble_n_hvps": 8,
            "setop_time": 2.5840126909315586e-06,
            "set_tolerances_time": 1.9529834389686584e-06,
            "pc_setup_time": 0.17186352401040494,
            "solve_time": 0.06253763695713133,
            "linear_total_time": 0.31446148100076243,
            "ksp_its": 1
          },
          {
            "assemble_total_time": 0.08020632102852687,
            "assemble_p2p_exchange": 0.003128651005681604,
            "assemble_hvp_compute": 0.06631366902729496,
            "assemble_extraction": 0.006951153045520186,
            "assemble_coo_assembly": 0.003643197997007519,
            "assemble_n_hvps": 8,
            "setop_time": 2.53401231020689e-06,
            "set_tolerances_time": 1.962995156645775e-06,
            "pc_setup_time": 0.1530902209924534,
            "solve_time": 0.09151269000722095,
            "linear_total_time": 0.3248137290356681,
            "ksp_its": 2
          },
          {
            "assemble_total_time": 0.07946855301270261,
            "assemble_p2p_exchange": 0.00323065702104941,
            "assemble_hvp_compute": 0.06490551598835737,
            "assemble_extraction": 0.0072712230030447245,
            "assemble_coo_assembly": 0.0039031659835018218,
            "assemble_n_hvps": 8,
            "setop_time": 2.603977918624878e-06,
            "set_tolerances_time": 2.2440217435359955e-06,
            "pc_setup_time": 0.14869787701172754,
            "solve_time": 0.09155295899836347,
            "linear_total_time": 0.3197242370224558,
            "ksp_its": 2
          },
          {
            "assemble_total_time": 0.0796453800285235,
            "assemble_p2p_exchange": 0.0032929530716501176,
            "assemble_hvp_compute": 0.06524714600527659,
            "assemble_extraction": 0.007089455029927194,
            "assemble_coo_assembly": 0.0038561029941774905,
            "assemble_n_hvps": 8,
            "setop_time": 2.7050264179706573e-06,
            "set_tolerances_time": 1.9329600036144257e-06,
            "pc_setup_time": 0.14357041602488607,
            "solve_time": 0.08996893797302619,
            "linear_total_time": 0.31318937201285735,
            "ksp_its": 2
          }
        ]
      }
    ],
    "metadata": {
      "profile": "performance",
      "nprocs": 8,
      "nproc_threads": 1,
      "linear_solver": {
        "ksp_type": "cg",
        "pc_type": "hypre",
        "ksp_rtol": 0.1,
        "ksp_max_it": 30,
        "pc_setup_on_ksp_cap": false,
        "gamg_threshold": 0.05,
        "gamg_agg_nsmooths": 1,
        "gamg_set_coordinates": true,
        "reorder": true,
        "hvp_eval_mode": "sfd_local_batched",
        "assembly_mode": "element",
        "element_reorder_mode": "block_xyz",
        "local_hessian_mode": "sfd_local",
        "distribution_strategy": "overlap_allgather",
        "assembler": "PLaplaceReorderedElementAssembler",
        "trust_subproblem_solver": "direct_linear_solve",
        "trust_subproblem_line_search": false
      },
      "newton": {
        "tolf": 0.0001,
        "tolg": 0.001,
        "tolg_rel": 0.001,
        "tolx_rel": 0.001,
        "tolx_abs": 1e-10,
        "maxit": 100,
        "require_all_convergence": true,
        "fail_on_nonfinite": true,
        "linesearch_interval": [
          -0.5,
          2.0
        ],
        "linesearch_tol": 0.1,
        "trust_region": false,
        "trust_radius_init": 1.0,
        "trust_radius_min": 1e-08,
        "trust_radius_max": 1000000.0,
        "trust_subproblem_line_search": false,
        "step_time_limit_s": null
      }
    }
  }
}
