An NVIDIA GPU may be present on this machine, but a CUDA-enabled jaxlib is not installed. Falling back to cpu.
An NVIDIA GPU may be present on this machine, but a CUDA-enabled jaxlib is not installed. Falling back to cpu.
An NVIDIA GPU may be present on this machine, but a CUDA-enabled jaxlib is not installed. Falling back to cpu.
An NVIDIA GPU may be present on this machine, but a CUDA-enabled jaxlib is not installed. Falling back to cpu.
An NVIDIA GPU may be present on this machine, but a CUDA-enabled jaxlib is not installed. Falling back to cpu.
An NVIDIA GPU may be present on this machine, but a CUDA-enabled jaxlib is not installed. Falling back to cpu.
An NVIDIA GPU may be present on this machine, but a CUDA-enabled jaxlib is not installed. Falling back to cpu.
An NVIDIA GPU may be present on this machine, but a CUDA-enabled jaxlib is not installed. Falling back to cpu.
An NVIDIA GPU may be present on this machine, but a CUDA-enabled jaxlib is not installed. Falling back to cpu.
An NVIDIA GPU may be present on this machine, but a CUDA-enabled jaxlib is not installed. Falling back to cpu.
An NVIDIA GPU may be present on this machine, but a CUDA-enabled jaxlib is not installed. Falling back to cpu.
An NVIDIA GPU may be present on this machine, but a CUDA-enabled jaxlib is not installed. Falling back to cpu.
An NVIDIA GPU may be present on this machine, but a CUDA-enabled jaxlib is not installed. Falling back to cpu.
An NVIDIA GPU may be present on this machine, but a CUDA-enabled jaxlib is not installed. Falling back to cpu.
An NVIDIA GPU may be present on this machine, but a CUDA-enabled jaxlib is not installed. Falling back to cpu.
An NVIDIA GPU may be present on this machine, but a CUDA-enabled jaxlib is not installed. Falling back to cpu.
An NVIDIA GPU may be present on this machine, but a CUDA-enabled jaxlib is not installed. Falling back to cpu.
An NVIDIA GPU may be present on this machine, but a CUDA-enabled jaxlib is not installed. Falling back to cpu.
An NVIDIA GPU may be present on this machine, but a CUDA-enabled jaxlib is not installed. Falling back to cpu.
An NVIDIA GPU may be present on this machine, but a CUDA-enabled jaxlib is not installed. Falling back to cpu.
An NVIDIA GPU may be present on this machine, but a CUDA-enabled jaxlib is not installed. Falling back to cpu.
An NVIDIA GPU may be present on this machine, but a CUDA-enabled jaxlib is not installed. Falling back to cpu.
An NVIDIA GPU may be present on this machine, but a CUDA-enabled jaxlib is not installed. Falling back to cpu.
An NVIDIA GPU may be present on this machine, but a CUDA-enabled jaxlib is not installed. Falling back to cpu.
An NVIDIA GPU may be present on this machine, but a CUDA-enabled jaxlib is not installed. Falling back to cpu.
An NVIDIA GPU may be present on this machine, but a CUDA-enabled jaxlib is not installed. Falling back to cpu.
An NVIDIA GPU may be present on this machine, but a CUDA-enabled jaxlib is not installed. Falling back to cpu.
An NVIDIA GPU may be present on this machine, but a CUDA-enabled jaxlib is not installed. Falling back to cpu.
An NVIDIA GPU may be present on this machine, but a CUDA-enabled jaxlib is not installed. Falling back to cpu.
An NVIDIA GPU may be present on this machine, but a CUDA-enabled jaxlib is not installed. Falling back to cpu.
An NVIDIA GPU may be present on this machine, but a CUDA-enabled jaxlib is not installed. Falling back to cpu.
An NVIDIA GPU may be present on this machine, but a CUDA-enabled jaxlib is not installed. Falling back to cpu.
{
  "case": {
    "problem": "plaplace",
    "backend": "element",
    "level": 9,
    "out": "/home/michal/repos/fenics_nonlinear_energies/experiment_results_cache/plaplace_final_suite/jax_petsc_element_l9_np32.json",
    "quiet": true,
    "save_history": true,
    "save_linear_timing": true,
    "steps": 1,
    "start_step": 1,
    "total_steps": 24,
    "ksp_type": "cg",
    "pc_type": "hypre",
    "ksp_rtol": 0.1,
    "ksp_max_it": 30,
    "profile": "performance",
    "coloring_trials": 10,
    "nproc_threads": 1,
    "hvp_eval_mode": "sequential",
    "element_reorder_mode": "block_xyz",
    "local_hessian_mode": "element",
    "tolf": 0.0001,
    "tolg": 0.001,
    "tolg_rel": 0.001,
    "tolx_rel": 0.001,
    "tolx_abs": 1e-10,
    "maxit": 100,
    "step_time_limit_s": null,
    "linesearch_a": -0.5,
    "linesearch_b": 2.0,
    "linesearch_tol": 0.1,
    "use_trust_region": false,
    "trust_radius_init": 1.0,
    "trust_radius_min": 1e-08,
    "trust_radius_max": 1000000.0,
    "trust_shrink": 0.5,
    "trust_expand": 1.5,
    "trust_eta_shrink": 0.05,
    "trust_eta_expand": 0.75,
    "trust_max_reject": 6,
    "trust_subproblem_line_search": false,
    "local_coloring": true,
    "retry_on_failure": false,
    "pc_setup_on_ksp_cap": false,
    "use_near_nullspace": true,
    "reorder": null,
    "gamg_threshold": 0.05,
    "gamg_agg_nsmooths": 1,
    "gamg_set_coordinates": true
  },
  "result": {
    "mesh_level": 9,
    "total_dofs": 788481,
    "free_dofs": 784385,
    "setup_time": 1.055858,
    "solve_time_total": 1.051041,
    "total_time": 2.589857,
    "steps": [
      {
        "step": 1,
        "time": 1.051041,
        "nit": 6,
        "linear_iters": 11,
        "energy": -7.9600034469239045,
        "message": "Converged (energy, step, gradient)",
        "attempt": "primary",
        "ksp_rtol_used": 0.1,
        "ksp_max_it_used": 30,
        "linesearch_interval_used": [
          -0.5,
          2.0
        ],
        "history": [
          {
            "it": 1,
            "energy": 331.49688535162426,
            "dE": 33077101.385477934,
            "grad_norm": 448769.78662755055,
            "grad_target": 448.76978662755056,
            "grad_norm_post": NaN,
            "alpha": 1.9569476828142078,
            "ksp_its": 2,
            "ls_evals": 9,
            "ls_repaired": false,
            "used_gradient_fallback": false,
            "accepted_step": true,
            "step_norm": 481.2139074676027,
            "step_rel": 0.9406696436336985,
            "pred_reduction": NaN,
            "actual_reduction": NaN,
            "trust_rejects": 0,
            "t_grad": 0.00455085001885891,
            "t_hess": 0.1245044189854525,
            "t_ls": 0.05408654297934845,
            "t_update": 3.25489672832191e-05,
            "t_iter": 0.1832994290161878,
            "trust_radius": 1.0,
            "trust_ratio": NaN,
            "trust_qp": NaN
          },
          {
            "it": 2,
            "energy": -4.9481243167150035,
            "dE": 336.44500966833925,
            "grad_norm": 208.10912074361335,
            "grad_target": 448.76978662755056,
            "grad_norm_post": NaN,
            "alpha": 1.9569476828142078,
            "ksp_its": 2,
            "ls_evals": 9,
            "ls_repaired": false,
            "used_gradient_fallback": false,
            "accepted_step": true,
            "step_norm": 228.68552752416878,
            "step_rel": 6.793494943744457,
            "pred_reduction": NaN,
            "actual_reduction": NaN,
            "trust_rejects": 0,
            "t_grad": 0.004805714008398354,
            "t_hess": 0.12282855599187315,
            "t_ls": 0.05306941200979054,
            "t_update": 3.1517003662884235e-05,
            "t_iter": 0.18082902999594808,
            "trust_radius": 1.0,
            "trust_ratio": NaN,
            "trust_qp": NaN
          },
          {
            "it": 3,
            "energy": -7.527004444232251,
            "dE": 2.5788801275172473,
            "grad_norm": 2.3122186184922944,
            "grad_target": 448.76978662755056,
            "grad_norm_post": NaN,
            "alpha": 0.41186271093947224,
            "ksp_its": 1,
            "ls_evals": 9,
            "ls_repaired": false,
            "used_gradient_fallback": false,
            "accepted_step": true,
            "step_norm": 174.95869751731183,
            "step_rel": 0.8890091749228306,
            "pred_reduction": NaN,
            "actual_reduction": NaN,
            "trust_rejects": 0,
            "t_grad": 0.004409777990076691,
            "t_hess": 0.10878620896255597,
            "t_ls": 0.05256521300179884,
            "t_update": 2.9425020329654217e-05,
            "t_iter": 0.16587972902925685,
            "trust_radius": 1.0,
            "trust_ratio": NaN,
            "trust_qp": NaN
          },
          {
            "it": 4,
            "energy": -7.951224238996041,
            "dE": 0.4242197947637898,
            "grad_norm": 2.3456856056287734,
            "grad_target": 448.76978662755056,
            "grad_norm_post": NaN,
            "alpha": 0.9488170640584248,
            "ksp_its": 2,
            "ls_evals": 9,
            "ls_repaired": false,
            "used_gradient_fallback": false,
            "accepted_step": true,
            "step_norm": 51.494068675651555,
            "step_rel": 0.1391671194748049,
            "pred_reduction": NaN,
            "actual_reduction": NaN,
            "trust_rejects": 0,
            "t_grad": 0.0049392449436709285,
            "t_hess": 0.11497813899768516,
            "t_ls": 0.05317421001382172,
            "t_update": 3.090599784627557e-05,
            "t_iter": 0.17321517004165798,
            "trust_radius": 1.0,
            "trust_ratio": NaN,
            "trust_qp": NaN
          },
          {
            "it": 5,
            "energy": -7.959941114115326,
            "dE": 0.008716875119285206,
            "grad_norm": 0.3177025116619611,
            "grad_target": 448.76978662755056,
            "grad_norm_post": NaN,
            "alpha": 1.088137289060528,
            "ksp_its": 2,
            "ls_evals": 9,
            "ls_repaired": false,
            "used_gradient_fallback": false,
            "accepted_step": true,
            "step_norm": 5.745284763630468,
            "step_rel": 0.013647640530445591,
            "pred_reduction": NaN,
            "actual_reduction": NaN,
            "trust_rejects": 0,
            "t_grad": 0.004705252998974174,
            "t_hess": 0.11058499600039795,
            "t_ls": 0.052665653987787664,
            "t_update": 3.162800567224622e-05,
            "t_iter": 0.16808975400635973,
            "trust_radius": 1.0,
            "trust_ratio": NaN,
            "trust_qp": NaN
          },
          {
            "it": 6,
            "energy": -7.9600034469239045,
            "dE": 6.233280857870227e-05,
            "grad_norm": 0.019544495274826774,
            "grad_target": 448.76978662755056,
            "grad_norm_post": 0.002605688324617176,
            "alpha": 1.088137289060528,
            "ksp_its": 2,
            "ls_evals": 9,
            "ls_repaired": false,
            "used_gradient_fallback": false,
            "accepted_step": true,
            "step_norm": 0.3301036354384033,
            "step_rel": 0.0007947881015922154,
            "pred_reduction": NaN,
            "actual_reduction": NaN,
            "trust_rejects": 0,
            "t_grad": 0.004430638975463808,
            "t_hess": 0.11282702104654163,
            "t_ls": 0.05328339402331039,
            "t_update": 3.034499241039157e-05,
            "t_iter": 0.17066829599207267,
            "trust_radius": 1.0,
            "trust_ratio": NaN,
            "trust_qp": NaN
          }
        ],
        "linear_timing": [
          {
            "assemble_total_time": 0.016684464004356414,
            "assemble_p2p_exchange": 0.0022112280130386353,
            "assemble_hvp_compute": 0.0032335169962607324,
            "assemble_extraction": 0.009793141041882336,
            "assemble_coo_assembly": 0.0013842839980497956,
            "assemble_n_hvps": 0,
            "setop_time": 3.6749988794326782e-06,
            "set_tolerances_time": 3.0139926820993423e-06,
            "pc_setup_time": 0.08594414597610012,
            "solve_time": 0.021719322947319597,
            "linear_total_time": 0.12435462191933766,
            "ksp_its": 2
          },
          {
            "assemble_total_time": 0.01851913600694388,
            "assemble_p2p_exchange": 0.0022398409782908857,
            "assemble_hvp_compute": 0.0025926329544745386,
            "assemble_extraction": 0.00887567998142913,
            "assemble_coo_assembly": 0.004736569011583924,
            "assemble_n_hvps": 0,
            "setop_time": 3.7450226955115795e-06,
            "set_tolerances_time": 3.09402821585536e-06,
            "pc_setup_time": 0.0800254869973287,
            "solve_time": 0.024151552992407233,
            "linear_total_time": 0.12270301504759118,
            "ksp_its": 2
          },
          {
            "assemble_total_time": 0.01703172700945288,
            "assemble_p2p_exchange": 0.002134051057510078,
            "assemble_hvp_compute": 0.002899553976021707,
            "assemble_extraction": 0.00903518998529762,
            "assemble_coo_assembly": 0.0028952170396223664,
            "assemble_n_hvps": 0,
            "setop_time": 2.863991539925337e-06,
            "set_tolerances_time": 2.7240021154284477e-06,
            "pc_setup_time": 0.07700941804796457,
            "solve_time": 0.014614858024287969,
            "linear_total_time": 0.10866159107536077,
            "ksp_its": 1
          },
          {
            "assemble_total_time": 0.01683065399993211,
            "assemble_p2p_exchange": 0.00221885007340461,
            "assemble_hvp_compute": 0.002836148953065276,
            "assemble_extraction": 0.008774448011536151,
            "assemble_coo_assembly": 0.002936560020316392,
            "assemble_n_hvps": 0,
            "setop_time": 2.963992301374674e-06,
            "set_tolerances_time": 2.5830231606960297e-06,
            "pc_setup_time": 0.07595863501774147,
            "solve_time": 0.022070870967581868,
            "linear_total_time": 0.11486570700071752,
            "ksp_its": 2
          },
          {
            "assemble_total_time": 0.017459219961892813,
            "assemble_p2p_exchange": 0.0023050099844112992,
            "assemble_hvp_compute": 0.0036398479714989662,
            "assemble_extraction": 0.008728819026146084,
            "assemble_coo_assembly": 0.0027183109777979553,
            "assemble_n_hvps": 0,
            "setop_time": 2.863991539925337e-06,
            "set_tolerances_time": 2.663990017026663e-06,
            "pc_setup_time": 0.07182212895713747,
            "solve_time": 0.021181673044338822,
            "linear_total_time": 0.11046854994492605,
            "ksp_its": 2
          },
          {
            "assemble_total_time": 0.017058926983736455,
            "assemble_p2p_exchange": 0.00227717706002295,
            "assemble_hvp_compute": 0.0035933589679189026,
            "assemble_extraction": 0.008493625035043806,
            "assemble_coo_assembly": 0.0026301390025764704,
            "assemble_n_hvps": 0,
            "setop_time": 2.7240021154284477e-06,
            "set_tolerances_time": 2.4529872462153435e-06,
            "pc_setup_time": 0.07338575302856043,
            "solve_time": 0.022260526951868087,
            "linear_total_time": 0.11271038395352662,
            "ksp_its": 2
          }
        ]
      }
    ],
    "metadata": {
      "profile": "performance",
      "nprocs": 32,
      "nproc_threads": 1,
      "linear_solver": {
        "ksp_type": "cg",
        "pc_type": "hypre",
        "ksp_rtol": 0.1,
        "ksp_max_it": 30,
        "pc_setup_on_ksp_cap": false,
        "gamg_threshold": 0.05,
        "gamg_agg_nsmooths": 1,
        "gamg_set_coordinates": true,
        "reorder": true,
        "hvp_eval_mode": "element_overlap",
        "assembly_mode": "element",
        "element_reorder_mode": "block_xyz",
        "local_hessian_mode": "element",
        "distribution_strategy": "overlap_allgather",
        "assembler": "PLaplaceReorderedElementAssembler",
        "trust_subproblem_solver": "direct_linear_solve",
        "trust_subproblem_line_search": false
      },
      "newton": {
        "tolf": 0.0001,
        "tolg": 0.001,
        "tolg_rel": 0.001,
        "tolx_rel": 0.001,
        "tolx_abs": 1e-10,
        "maxit": 100,
        "require_all_convergence": true,
        "fail_on_nonfinite": true,
        "linesearch_interval": [
          -0.5,
          2.0
        ],
        "linesearch_tol": 0.1,
        "trust_region": false,
        "trust_radius_init": 1.0,
        "trust_radius_min": 1e-08,
        "trust_radius_max": 1000000.0,
        "trust_subproblem_line_search": false,
        "step_time_limit_s": null
      }
    }
  }
}
