An NVIDIA GPU may be present on this machine, but a CUDA-enabled jaxlib is not installed. Falling back to cpu.
An NVIDIA GPU may be present on this machine, but a CUDA-enabled jaxlib is not installed. Falling back to cpu.
An NVIDIA GPU may be present on this machine, but a CUDA-enabled jaxlib is not installed. Falling back to cpu.
An NVIDIA GPU may be present on this machine, but a CUDA-enabled jaxlib is not installed. Falling back to cpu.
An NVIDIA GPU may be present on this machine, but a CUDA-enabled jaxlib is not installed. Falling back to cpu.
An NVIDIA GPU may be present on this machine, but a CUDA-enabled jaxlib is not installed. Falling back to cpu.
An NVIDIA GPU may be present on this machine, but a CUDA-enabled jaxlib is not installed. Falling back to cpu.
An NVIDIA GPU may be present on this machine, but a CUDA-enabled jaxlib is not installed. Falling back to cpu.
An NVIDIA GPU may be present on this machine, but a CUDA-enabled jaxlib is not installed. Falling back to cpu.
An NVIDIA GPU may be present on this machine, but a CUDA-enabled jaxlib is not installed. Falling back to cpu.
An NVIDIA GPU may be present on this machine, but a CUDA-enabled jaxlib is not installed. Falling back to cpu.
An NVIDIA GPU may be present on this machine, but a CUDA-enabled jaxlib is not installed. Falling back to cpu.
An NVIDIA GPU may be present on this machine, but a CUDA-enabled jaxlib is not installed. Falling back to cpu.
An NVIDIA GPU may be present on this machine, but a CUDA-enabled jaxlib is not installed. Falling back to cpu.
An NVIDIA GPU may be present on this machine, but a CUDA-enabled jaxlib is not installed. Falling back to cpu.
An NVIDIA GPU may be present on this machine, but a CUDA-enabled jaxlib is not installed. Falling back to cpu.
{
  "case": {
    "problem": "plaplace",
    "backend": "element",
    "level": 6,
    "out": "/home/michal/repos/fenics_nonlinear_energies/experiment_results_cache/plaplace_final_suite/jax_petsc_local_sfd_l6_np16.json",
    "quiet": true,
    "save_history": true,
    "save_linear_timing": true,
    "steps": 1,
    "start_step": 1,
    "total_steps": 24,
    "ksp_type": "cg",
    "pc_type": "hypre",
    "ksp_rtol": 0.1,
    "ksp_max_it": 30,
    "profile": "performance",
    "coloring_trials": 10,
    "nproc_threads": 1,
    "hvp_eval_mode": "sequential",
    "element_reorder_mode": "block_xyz",
    "local_hessian_mode": "sfd_local",
    "tolf": 0.0001,
    "tolg": 0.001,
    "tolg_rel": 0.001,
    "tolx_rel": 0.001,
    "tolx_abs": 1e-10,
    "maxit": 100,
    "step_time_limit_s": null,
    "linesearch_a": -0.5,
    "linesearch_b": 2.0,
    "linesearch_tol": 0.1,
    "use_trust_region": false,
    "trust_radius_init": 1.0,
    "trust_radius_min": 1e-08,
    "trust_radius_max": 1000000.0,
    "trust_shrink": 0.5,
    "trust_expand": 1.5,
    "trust_eta_shrink": 0.05,
    "trust_eta_expand": 0.75,
    "trust_max_reject": 6,
    "trust_subproblem_line_search": false,
    "local_coloring": true,
    "retry_on_failure": false,
    "pc_setup_on_ksp_cap": false,
    "use_near_nullspace": true,
    "reorder": null,
    "gamg_threshold": 0.05,
    "gamg_agg_nsmooths": 1,
    "gamg_set_coordinates": true
  },
  "result": {
    "mesh_level": 6,
    "total_dofs": 12545,
    "free_dofs": 12033,
    "setup_time": 0.710879,
    "solve_time_total": 0.161827,
    "total_time": 0.951992,
    "steps": [
      {
        "step": 1,
        "time": 0.161827,
        "nit": 7,
        "linear_iters": 11,
        "energy": -7.954563580649787,
        "message": "Converged (energy, step, gradient)",
        "attempt": "primary",
        "ksp_rtol_used": 0.1,
        "ksp_max_it_used": 30,
        "linesearch_interval_used": [
          -0.5,
          2.0
        ],
        "history": [
          {
            "it": 1,
            "energy": 0.2132464509061925,
            "dE": 65342.79295987132,
            "grad_norm": 6978.482874326118,
            "grad_target": 6.978482874326118,
            "grad_norm_post": NaN,
            "alpha": 1.9569476828142078,
            "ksp_its": 2,
            "ls_evals": 9,
            "ls_repaired": false,
            "used_gradient_fallback": false,
            "accepted_step": true,
            "step_norm": 64.12070679881272,
            "step_rel": 1.0179867923737544,
            "pred_reduction": NaN,
            "actual_reduction": NaN,
            "trust_rejects": 0,
            "t_grad": 0.00038161600241437554,
            "t_hess": 0.021052595984656364,
            "t_ls": 0.005046467995271087,
            "t_update": 1.5730038285255432e-06,
            "t_iter": 0.02652090199990198,
            "trust_radius": 1.0,
            "trust_ratio": NaN,
            "trust_qp": NaN
          },
          {
            "it": 2,
            "energy": -5.793648639103012,
            "dE": 6.006895090009205,
            "grad_norm": 3.267612018019752,
            "grad_target": 6.978482874326118,
            "grad_norm_post": NaN,
            "alpha": 0.41186271093947224,
            "ksp_its": 1,
            "ls_evals": 9,
            "ls_repaired": false,
            "used_gradient_fallback": false,
            "accepted_step": true,
            "step_norm": 38.55769281677831,
            "step_rel": 16.286843674611283,
            "pred_reduction": NaN,
            "actual_reduction": NaN,
            "trust_rejects": 0,
            "t_grad": 0.00029216898838058114,
            "t_hess": 0.01795745297567919,
            "t_ls": 0.004845020011998713,
            "t_update": 1.5629921108484268e-06,
            "t_iter": 0.023130476009100676,
            "trust_radius": 1.0,
            "trust_ratio": NaN,
            "trust_qp": NaN
          },
          {
            "it": 3,
            "energy": -7.699670472295048,
            "dE": 1.9060218331920353,
            "grad_norm": 5.482086676895856,
            "grad_target": 6.978482874326118,
            "grad_norm_post": NaN,
            "alpha": 0.6372875703131574,
            "ksp_its": 2,
            "ls_evals": 9,
            "ls_repaired": false,
            "used_gradient_fallback": false,
            "accepted_step": true,
            "step_norm": 13.035228810469443,
            "step_rel": 0.3198023442139461,
            "pred_reduction": NaN,
            "actual_reduction": NaN,
            "trust_rejects": 0,
            "t_grad": 0.00027754600159823895,
            "t_hess": 0.01771912694675848,
            "t_ls": 0.004811658000107855,
            "t_update": 1.3420358300209045e-06,
            "t_iter": 0.02284288394730538,
            "trust_radius": 1.0,
            "trust_ratio": NaN,
            "trust_qp": NaN
          },
          {
            "it": 4,
            "energy": -7.940680938829427,
            "dE": 0.2410104665343793,
            "grad_norm": 2.198814229602513,
            "grad_target": 6.978482874326118,
            "grad_norm_post": NaN,
            "alpha": 0.9488170640584248,
            "ksp_its": 2,
            "ls_evals": 9,
            "ls_repaired": false,
            "used_gradient_fallback": false,
            "accepted_step": true,
            "step_norm": 1.224262442843567,
            "step_rel": 0.02291547642949139,
            "pred_reduction": NaN,
            "actual_reduction": NaN,
            "trust_rejects": 0,
            "t_grad": 0.00027551298262551427,
            "t_hess": 0.018125080037862062,
            "t_ls": 0.004823635972570628,
            "t_update": 1.2519885785877705e-06,
            "t_iter": 0.023259102017618716,
            "trust_radius": 1.0,
            "trust_ratio": NaN,
            "trust_qp": NaN
          },
          {
            "it": 5,
            "energy": -7.954308742652073,
            "dE": 0.013627803822646278,
            "grad_norm": 0.49341324698068967,
            "grad_target": 6.978482874326118,
            "grad_norm_post": NaN,
            "alpha": 1.088137289060528,
            "ksp_its": 2,
            "ls_evals": 9,
            "ls_repaired": false,
            "used_gradient_fallback": false,
            "accepted_step": true,
            "step_norm": 0.5961624719707111,
            "step_rel": 0.011360380790250315,
            "pred_reduction": NaN,
            "actual_reduction": NaN,
            "trust_rejects": 0,
            "t_grad": 0.00028085202211514115,
            "t_hess": 0.017333994968794286,
            "t_ls": 0.00479709601495415,
            "t_update": 1.2110103853046894e-06,
            "t_iter": 0.02244757697917521,
            "trust_radius": 1.0,
            "trust_ratio": NaN,
            "trust_qp": NaN
          },
          {
            "it": 6,
            "energy": -7.954562288580307,
            "dE": 0.00025354592823401134,
            "grad_norm": 0.05771896667992117,
            "grad_target": 6.978482874326118,
            "grad_norm_post": NaN,
            "alpha": 1.088137289060528,
            "ksp_its": 1,
            "ls_evals": 9,
            "ls_repaired": false,
            "used_gradient_fallback": false,
            "accepted_step": true,
            "step_norm": 0.028068484906894776,
            "step_rel": 0.0005407300331904574,
            "pred_reduction": NaN,
            "actual_reduction": NaN,
            "trust_rejects": 0,
            "t_grad": 0.00027435203082859516,
            "t_hess": 0.015737503010313958,
            "t_ls": 0.004776554007548839,
            "t_update": 1.5219557099044323e-06,
            "t_iter": 0.02082263201009482,
            "trust_radius": 1.0,
            "trust_ratio": NaN,
            "trust_qp": NaN
          },
          {
            "it": 7,
            "energy": -7.954563580649787,
            "dE": 1.2920694798523868e-06,
            "grad_norm": 0.003125301633293472,
            "grad_target": 6.978482874326118,
            "grad_norm_post": 9.317939287142437e-05,
            "alpha": 1.002032654688946,
            "ksp_its": 1,
            "ls_evals": 9,
            "ls_repaired": false,
            "used_gradient_fallback": false,
            "accepted_step": true,
            "step_norm": 0.0017524380790600296,
            "step_rel": 3.3746306589382834e-05,
            "pred_reduction": NaN,
            "actual_reduction": NaN,
            "trust_rejects": 0,
            "t_grad": 0.0002720479969866574,
            "t_hess": 0.016537270974367857,
            "t_ls": 0.004810024984180927,
            "t_update": 1.241976860910654e-06,
            "t_iter": 0.02165465900907293,
            "trust_radius": 1.0,
            "trust_ratio": NaN,
            "trust_qp": NaN
          }
        ],
        "linear_timing": [
          {
            "assemble_total_time": 0.0005883729900233448,
            "assemble_p2p_exchange": 9.688897989690304e-05,
            "assemble_hvp_compute": 0.00031128799309954047,
            "assemble_extraction": 5.1870010793209076e-05,
            "assemble_coo_assembly": 0.00011116097448393703,
            "assemble_n_hvps": 8,
            "setop_time": 2.503977157175541e-06,
            "set_tolerances_time": 1.4320248737931252e-06,
            "pc_setup_time": 0.015979406016413122,
            "solve_time": 0.004438806034158915,
            "linear_total_time": 0.02101052104262635,
            "ksp_its": 2
          },
          {
            "assemble_total_time": 0.0005381259834393859,
            "assemble_p2p_exchange": 9.678001515567303e-05,
            "assemble_hvp_compute": 0.00028047995874658227,
            "assemble_extraction": 5.38029707968235e-05,
            "assemble_coo_assembly": 9.19620506465435e-05,
            "assemble_n_hvps": 8,
            "setop_time": 1.842970959842205e-06,
            "set_tolerances_time": 1.5230034478008747e-06,
            "pc_setup_time": 0.01445035805227235,
            "solve_time": 0.0029291370301507413,
            "linear_total_time": 0.01792098704027012,
            "ksp_its": 1
          },
          {
            "assemble_total_time": 0.0005073790089227259,
            "assemble_p2p_exchange": 0.00011206208728253841,
            "assemble_hvp_compute": 0.00027161702746525407,
            "assemble_extraction": 3.812898648902774e-05,
            "assemble_coo_assembly": 7.160002132877707e-05,
            "assemble_n_hvps": 8,
            "setop_time": 1.2119999155402184e-06,
            "set_tolerances_time": 1.2119999155402184e-06,
            "pc_setup_time": 0.01328390697017312,
            "solve_time": 0.0038919049547985196,
            "linear_total_time": 0.017685614933725446,
            "ksp_its": 2
          },
          {
            "assemble_total_time": 0.0004858560278080404,
            "assemble_p2p_exchange": 7.751997327432036e-05,
            "assemble_hvp_compute": 0.0002630339586175978,
            "assemble_extraction": 3.557500895112753e-05,
            "assemble_coo_assembly": 9.850197238847613e-05,
            "assemble_n_hvps": 8,
            "setop_time": 1.1619995348155499e-06,
            "set_tolerances_time": 1.1820229701697826e-06,
            "pc_setup_time": 0.01357887894846499,
            "solve_time": 0.004024669004138559,
            "linear_total_time": 0.018091748002916574,
            "ksp_its": 2
          },
          {
            "assemble_total_time": 0.0004730760119855404,
            "assemble_p2p_exchange": 8.939794497564435e-05,
            "assemble_hvp_compute": 0.0002607310307212174,
            "assemble_extraction": 3.5074015613645315e-05,
            "assemble_coo_assembly": 7.634697249159217e-05,
            "assemble_n_hvps": 8,
            "setop_time": 9.810319170355797e-07,
            "set_tolerances_time": 1.152046024799347e-06,
            "pc_setup_time": 0.012996295001357794,
            "solve_time": 0.0038293699617497623,
            "linear_total_time": 0.01730087405303493,
            "ksp_its": 2
          },
          {
            "assemble_total_time": 0.0005416410276666284,
            "assemble_p2p_exchange": 9.024905739352107e-05,
            "assemble_hvp_compute": 0.0002585470210760832,
            "assemble_extraction": 3.4634023904800415e-05,
            "assemble_coo_assembly": 0.00014716602163389325,
            "assemble_n_hvps": 8,
            "setop_time": 1.1719530448317528e-06,
            "set_tolerances_time": 1.3020471669733524e-06,
            "pc_setup_time": 0.01259026100160554,
            "solve_time": 0.002570386976003647,
            "linear_total_time": 0.01570476300548762,
            "ksp_its": 1
          },
          {
            "assemble_total_time": 0.00046274001942947507,
            "assemble_p2p_exchange": 7.554597686976194e-05,
            "assemble_hvp_compute": 0.0002592079690657556,
            "assemble_extraction": 3.3592048566788435e-05,
            "assemble_coo_assembly": 8.348800474777818e-05,
            "assemble_n_hvps": 8,
            "setop_time": 1.0210205800831318e-06,
            "set_tolerances_time": 1.101987436413765e-06,
            "pc_setup_time": 0.013435107946861535,
            "solve_time": 0.0026041879900731146,
            "linear_total_time": 0.016504158964380622,
            "ksp_its": 1
          }
        ]
      }
    ],
    "metadata": {
      "profile": "performance",
      "nprocs": 16,
      "nproc_threads": 1,
      "linear_solver": {
        "ksp_type": "cg",
        "pc_type": "hypre",
        "ksp_rtol": 0.1,
        "ksp_max_it": 30,
        "pc_setup_on_ksp_cap": false,
        "gamg_threshold": 0.05,
        "gamg_agg_nsmooths": 1,
        "gamg_set_coordinates": true,
        "reorder": true,
        "hvp_eval_mode": "sfd_local_batched",
        "assembly_mode": "element",
        "element_reorder_mode": "block_xyz",
        "local_hessian_mode": "sfd_local",
        "distribution_strategy": "overlap_allgather",
        "assembler": "PLaplaceReorderedElementAssembler",
        "trust_subproblem_solver": "direct_linear_solve",
        "trust_subproblem_line_search": false
      },
      "newton": {
        "tolf": 0.0001,
        "tolg": 0.001,
        "tolg_rel": 0.001,
        "tolx_rel": 0.001,
        "tolx_abs": 1e-10,
        "maxit": 100,
        "require_all_convergence": true,
        "fail_on_nonfinite": true,
        "linesearch_interval": [
          -0.5,
          2.0
        ],
        "linesearch_tol": 0.1,
        "trust_region": false,
        "trust_radius_init": 1.0,
        "trust_radius_min": 1e-08,
        "trust_radius_max": 1000000.0,
        "trust_subproblem_line_search": false,
        "step_time_limit_s": null
      }
    }
  }
}
