{
  "case": {
    "problem": "gl",
    "backend": "fenics",
    "level": 7,
    "out": "/home/michal/repos/fenics_nonlinear_energies/experiment_results_cache/gl_final_suite/fenics_custom_l7_np8.json",
    "quiet": true,
    "save_history": true,
    "save_linear_timing": true,
    "steps": 1,
    "start_step": 1,
    "total_steps": 24,
    "ksp_type": "gmres",
    "pc_type": "hypre",
    "ksp_rtol": 0.001,
    "ksp_max_it": 200,
    "profile": "reference",
    "coloring_trials": 10,
    "nproc_threads": 1,
    "hvp_eval_mode": "sequential",
    "element_reorder_mode": null,
    "local_hessian_mode": null,
    "tolf": 1e-06,
    "tolg": 1e-05,
    "tolg_rel": 0.001,
    "tolx_rel": 0.001,
    "tolx_abs": 1e-10,
    "maxit": 100,
    "step_time_limit_s": null,
    "linesearch_a": -0.5,
    "linesearch_b": 2.0,
    "linesearch_tol": 0.001,
    "use_trust_region": false,
    "trust_radius_init": 1.0,
    "trust_radius_min": 1e-08,
    "trust_radius_max": 1000000.0,
    "trust_shrink": 0.5,
    "trust_expand": 1.5,
    "trust_eta_shrink": 0.05,
    "trust_eta_expand": 0.75,
    "trust_max_reject": 6,
    "trust_subproblem_line_search": false,
    "local_coloring": true,
    "retry_on_failure": false,
    "pc_setup_on_ksp_cap": false,
    "use_near_nullspace": true,
    "reorder": null,
    "gamg_threshold": 0.05,
    "gamg_agg_nsmooths": 1,
    "gamg_set_coordinates": true
  },
  "result": {
    "mesh_level": 7,
    "total_dofs": 66049,
    "free_dofs": 65916,
    "setup_time": 0.1788,
    "solve_time_total": 0.365998,
    "total_time": 0.544893,
    "steps": [
      {
        "step": 1,
        "time": 0.365998,
        "nit": 8,
        "linear_iters": 34,
        "energy": 0.34566226111288545,
        "message": "Converged (energy, step, gradient)",
        "attempt": "primary",
        "ksp_rtol_used": 0.001,
        "ksp_max_it_used": 200,
        "linesearch_interval_used": [
          -0.5,
          2.0
        ],
        "history": [
          {
            "it": 1,
            "energy": 0.5590074635208717,
            "dE": 0.10630221894586223,
            "grad_norm": 0.00370460376965253,
            "grad_target": 1e-05,
            "grad_norm_post": NaN,
            "alpha": -0.27055941146961116,
            "ksp_its": 9,
            "ls_evals": 19,
            "ls_repaired": false,
            "used_gradient_fallback": false,
            "accepted_step": true,
            "step_norm": 64.93711824603801,
            "step_rel": 0.507321236297172,
            "pred_reduction": NaN,
            "actual_reduction": NaN,
            "trust_rejects": 0,
            "t_grad": 0.001112407015170902,
            "t_hess": 0.0411771850194782,
            "t_ls": 0.012372536992188543,
            "t_update": 1.9619998056441545e-05,
            "t_iter": 0.0547288489760831,
            "trust_radius": 1.0,
            "trust_ratio": NaN,
            "trust_qp": NaN
          },
          {
            "it": 2,
            "energy": 0.5101984273298092,
            "dE": 0.04880903619106247,
            "grad_norm": 0.004045335238364926,
            "grad_target": 1e-05,
            "grad_norm_post": NaN,
            "alpha": 0.33147294517641523,
            "ksp_its": 6,
            "ls_evals": 19,
            "ls_repaired": false,
            "used_gradient_fallback": false,
            "accepted_step": true,
            "step_norm": 51.65564341235554,
            "step_rel": 0.31929934659384185,
            "pred_reduction": NaN,
            "actual_reduction": NaN,
            "trust_rejects": 0,
            "t_grad": 0.0010473279980942607,
            "t_hess": 0.032427581027150154,
            "t_ls": 0.012239433999639004,
            "t_update": 2.1562969777733088e-05,
            "t_iter": 0.045789937023073435,
            "trust_radius": 1.0,
            "trust_ratio": NaN,
            "trust_qp": NaN
          },
          {
            "it": 3,
            "energy": 0.44967856766345143,
            "dE": 0.06051985966635781,
            "grad_norm": 0.002243980061417418,
            "grad_target": 1e-05,
            "grad_norm_post": NaN,
            "alpha": -0.29481905381379636,
            "ksp_its": 5,
            "ls_evals": 19,
            "ls_repaired": false,
            "used_gradient_fallback": false,
            "accepted_step": true,
            "step_norm": 63.187743728524964,
            "step_rel": 0.337849546838511,
            "pred_reduction": NaN,
            "actual_reduction": NaN,
            "trust_rejects": 0,
            "t_grad": 0.0010169409797526896,
            "t_hess": 0.030804810987319797,
            "t_ls": 0.012131080962717533,
            "t_update": 1.8858001567423344e-05,
            "t_iter": 0.04400859703309834,
            "trust_radius": 1.0,
            "trust_ratio": NaN,
            "trust_qp": NaN
          },
          {
            "it": 4,
            "energy": 0.3994704838306068,
            "dE": 0.05020808383284464,
            "grad_norm": 0.0035189545818461367,
            "grad_target": 1e-05,
            "grad_norm_post": NaN,
            "alpha": 0.08458877927871977,
            "ksp_its": 5,
            "ls_evals": 19,
            "ls_repaired": false,
            "used_gradient_fallback": false,
            "accepted_step": true,
            "step_norm": 46.221388771561095,
            "step_rel": 0.2317477118278394,
            "pred_reduction": NaN,
            "actual_reduction": NaN,
            "trust_rejects": 0,
            "t_grad": 0.0010101720108650625,
            "t_hess": 0.03189559397287667,
            "t_ls": 0.012257081980351359,
            "t_update": 2.075202064588666e-05,
            "t_iter": 0.04521784099051729,
            "trust_radius": 1.0,
            "trust_ratio": NaN,
            "trust_qp": NaN
          },
          {
            "it": 5,
            "energy": 0.3593478630617263,
            "dE": 0.04012262076888051,
            "grad_norm": 0.0034693628440023057,
            "grad_target": 1e-05,
            "grad_norm_post": NaN,
            "alpha": 0.353364927379929,
            "ksp_its": 3,
            "ls_evals": 19,
            "ls_repaired": false,
            "used_gradient_fallback": false,
            "accepted_step": true,
            "step_norm": 35.02318234846958,
            "step_rel": 0.1674169338370883,
            "pred_reduction": NaN,
            "actual_reduction": NaN,
            "trust_rejects": 0,
            "t_grad": 0.001018723996821791,
            "t_hess": 0.027384985995013267,
            "t_ls": 0.014730360999237746,
            "t_update": 1.8948980141431093e-05,
            "t_iter": 0.04319073702208698,
            "trust_radius": 1.0,
            "trust_ratio": NaN,
            "trust_qp": NaN
          },
          {
            "it": 6,
            "energy": 0.3458368932025319,
            "dE": 0.013510969859194366,
            "grad_norm": 0.0021465552209874827,
            "grad_target": 1e-05,
            "grad_norm_post": NaN,
            "alpha": 1.00224899252863,
            "ksp_its": 2,
            "ls_evals": 19,
            "ls_repaired": false,
            "used_gradient_fallback": false,
            "accepted_step": true,
            "step_norm": 13.947621803492492,
            "step_rel": 0.06412582253707122,
            "pred_reduction": NaN,
            "actual_reduction": NaN,
            "trust_rejects": 0,
            "t_grad": 0.0010493710287846625,
            "t_hess": 0.025312073004897684,
            "t_ls": 0.01218118699034676,
            "t_update": 1.959002111107111e-05,
            "t_iter": 0.03859799500787631,
            "trust_radius": 1.0,
            "trust_ratio": NaN,
            "trust_qp": NaN
          },
          {
            "it": 7,
            "energy": 0.34566227738893884,
            "dE": 0.00017461581359307088,
            "grad_norm": 0.00021586214613080113,
            "grad_target": 1e-05,
            "grad_norm_post": NaN,
            "alpha": 1.0214427797835948,
            "ksp_its": 2,
            "ls_evals": 19,
            "ls_repaired": false,
            "used_gradient_fallback": false,
            "accepted_step": true,
            "step_norm": 1.8158516306929593,
            "step_rel": 0.008237585172882495,
            "pred_reduction": NaN,
            "actual_reduction": NaN,
            "trust_rejects": 0,
            "t_grad": 0.0010169720044359565,
            "t_hess": 0.024900860036723316,
            "t_ls": 0.012221898010466248,
            "t_update": 1.8468010239303112e-05,
            "t_iter": 0.03819511301117018,
            "trust_radius": 1.0,
            "trust_ratio": NaN,
            "trust_qp": NaN
          },
          {
            "it": 8,
            "energy": 0.34566226111288545,
            "dE": 1.6276053393937673e-08,
            "grad_norm": 2.083549596026195e-06,
            "grad_target": 1e-05,
            "grad_norm_post": 3.859914664840549e-09,
            "alpha": 1.000416148939007,
            "ksp_its": 2,
            "ls_evals": 19,
            "ls_repaired": false,
            "used_gradient_fallback": false,
            "accepted_step": true,
            "step_norm": 0.017568129562644152,
            "step_rel": 8.016113757579755e-05,
            "pred_reduction": NaN,
            "actual_reduction": NaN,
            "trust_rejects": 0,
            "t_grad": 0.0010132359457202256,
            "t_hess": 0.02503765799337998,
            "t_ls": 0.012227096012793481,
            "t_update": 1.9190018065273762e-05,
            "t_iter": 0.03833409503567964,
            "trust_radius": 1.0,
            "trust_ratio": NaN,
            "trust_qp": NaN
          }
        ],
        "linear_timing": [
          {
            "assemble_total_time": 0.003825659048743546,
            "setop_time": 2.1939631551504135e-06,
            "set_tolerances_time": 2.0230072550475597e-06,
            "pc_setup_time": 0.018507828004658222,
            "solve_time": 0.01873231801437214,
            "linear_total_time": 0.041070022038184106,
            "ksp_its": 9
          },
          {
            "assemble_total_time": 0.003416871011722833,
            "setop_time": 1.7529819160699844e-06,
            "set_tolerances_time": 1.9230064935982227e-06,
            "pc_setup_time": 0.01634312601527199,
            "solve_time": 0.012577557994518429,
            "linear_total_time": 0.03234123100992292,
            "ksp_its": 6
          },
          {
            "assemble_total_time": 0.0033574000117368996,
            "setop_time": 1.5719560906291008e-06,
            "set_tolerances_time": 1.4519901014864445e-06,
            "pc_setup_time": 0.016456348006613553,
            "solve_time": 0.010904250957537442,
            "linear_total_time": 0.03072102292208001,
            "ksp_its": 5
          },
          {
            "assemble_total_time": 0.0033551559899933636,
            "setop_time": 1.061009243130684e-06,
            "set_tolerances_time": 1.5730038285255432e-06,
            "pc_setup_time": 0.016972379991784692,
            "solve_time": 0.011483899026643485,
            "linear_total_time": 0.031814069021493196,
            "ksp_its": 5
          },
          {
            "assemble_total_time": 0.003364870965015143,
            "setop_time": 1.5120021998882294e-06,
            "set_tolerances_time": 1.6630510799586773e-06,
            "pc_setup_time": 0.016552953980863094,
            "solve_time": 0.007378817012067884,
            "linear_total_time": 0.02729981701122597,
            "ksp_its": 3
          },
          {
            "assemble_total_time": 0.0033487260225228965,
            "setop_time": 1.2620002962648869e-06,
            "set_tolerances_time": 1.7730053514242172e-06,
            "pc_setup_time": 0.016316535999067128,
            "solve_time": 0.0055654169991612434,
            "linear_total_time": 0.025233714026398957,
            "ksp_its": 2
          },
          {
            "assemble_total_time": 0.0033486559987068176,
            "setop_time": 1.301988959312439e-06,
            "set_tolerances_time": 1.5220139175653458e-06,
            "pc_setup_time": 0.01593090099049732,
            "solve_time": 0.005536192969884723,
            "linear_total_time": 0.02481857396196574,
            "ksp_its": 2
          },
          {
            "assemble_total_time": 0.003360263945069164,
            "setop_time": 1.2110103853046894e-06,
            "set_tolerances_time": 1.8120044842362404e-06,
            "pc_setup_time": 0.016092226025648415,
            "solve_time": 0.00550228200154379,
            "linear_total_time": 0.02495779498713091,
            "ksp_its": 2
          }
        ]
      }
    ],
    "metadata": {
      "nprocs": 8,
      "linear_solver": {
        "ksp_type": "gmres",
        "pc_type": "hypre",
        "ksp_rtol": 0.001,
        "ksp_max_it": 200,
        "pc_setup_on_ksp_cap": false,
        "gamg_threshold": 0.05,
        "gamg_agg_nsmooths": 1,
        "gamg_set_coordinates": true,
        "assembly_mode": "fenics",
        "assembler": "FEniCSFormAssembly",
        "distribution_strategy": "dolfinx_mesh_partition",
        "trust_subproblem_solver": "direct_linear_solve",
        "trust_subproblem_line_search": false
      },
      "newton": {
        "tolf": 1e-06,
        "tolg": 1e-05,
        "tolg_rel": 0.001,
        "tolx_rel": 0.001,
        "tolx_abs": 1e-10,
        "maxit": 100,
        "require_all_convergence": true,
        "fail_on_nonfinite": true,
        "linesearch_interval": [
          -0.5,
          2.0
        ],
        "linesearch_tol": 0.001,
        "trust_region": false,
        "trust_radius_init": 1.0,
        "trust_radius_min": 1e-08,
        "trust_radius_max": 1000000.0,
        "trust_subproblem_line_search": false,
        "step_time_limit_s": null
      }
    }
  }
}
