{
  "case": {
    "problem": "gl",
    "backend": "fenics",
    "level": 6,
    "out": "/home/michal/repos/fenics_nonlinear_energies/experiment_results_cache/gl_final_suite/fenics_custom_l6_np2.json",
    "quiet": true,
    "save_history": true,
    "save_linear_timing": true,
    "steps": 1,
    "start_step": 1,
    "total_steps": 24,
    "ksp_type": "gmres",
    "pc_type": "hypre",
    "ksp_rtol": 0.001,
    "ksp_max_it": 200,
    "profile": "reference",
    "coloring_trials": 10,
    "nproc_threads": 1,
    "hvp_eval_mode": "sequential",
    "element_reorder_mode": null,
    "local_hessian_mode": null,
    "tolf": 1e-06,
    "tolg": 1e-05,
    "tolg_rel": 0.001,
    "tolx_rel": 0.001,
    "tolx_abs": 1e-10,
    "maxit": 100,
    "step_time_limit_s": null,
    "linesearch_a": -0.5,
    "linesearch_b": 2.0,
    "linesearch_tol": 0.001,
    "use_trust_region": false,
    "trust_radius_init": 1.0,
    "trust_radius_min": 1e-08,
    "trust_radius_max": 1000000.0,
    "trust_shrink": 0.5,
    "trust_expand": 1.5,
    "trust_eta_shrink": 0.05,
    "trust_eta_expand": 0.75,
    "trust_max_reject": 6,
    "trust_subproblem_line_search": false,
    "local_coloring": true,
    "retry_on_failure": false,
    "pc_setup_on_ksp_cap": false,
    "use_near_nullspace": true,
    "reorder": null,
    "gamg_threshold": 0.05,
    "gamg_agg_nsmooths": 1,
    "gamg_set_coordinates": true
  },
  "result": {
    "mesh_level": 6,
    "total_dofs": 16641,
    "free_dofs": 16385,
    "setup_time": 0.060051,
    "solve_time_total": 0.204014,
    "total_time": 0.264124,
    "steps": [
      {
        "step": 1,
        "time": 0.204014,
        "nit": 8,
        "linear_iters": 22,
        "energy": 0.345776669110353,
        "message": "Converged (energy, step, gradient)",
        "attempt": "primary",
        "ksp_rtol_used": 0.001,
        "ksp_max_it_used": 200,
        "linesearch_interval_used": [
          -0.5,
          2.0
        ],
        "history": [
          {
            "it": 1,
            "energy": 0.507296048980607,
            "dE": 0.15804564787227826,
            "grad_norm": 0.007407961445041549,
            "grad_target": 1e-05,
            "grad_norm_post": NaN,
            "alpha": -0.49964995802247814,
            "ksp_its": 3,
            "ls_evals": 19,
            "ls_repaired": false,
            "used_gradient_fallback": false,
            "accepted_step": true,
            "step_norm": 28.09248017453645,
            "step_rel": 0.43894500272713205,
            "pred_reduction": NaN,
            "actual_reduction": NaN,
            "trust_rejects": 0,
            "t_grad": 0.0009845460299402475,
            "t_hess": 0.014707986963912845,
            "t_ls": 0.011706166958902031,
            "t_update": 7.861002814024687e-06,
            "t_iter": 0.027428256056737155,
            "trust_radius": 1.0,
            "trust_ratio": NaN,
            "trust_qp": NaN
          },
          {
            "it": 2,
            "energy": 0.49093513043014914,
            "dE": 0.016360918550457848,
            "grad_norm": 0.008138365919453152,
            "grad_target": 1e-05,
            "grad_norm_post": NaN,
            "alpha": -0.04723480396105717,
            "ksp_its": 4,
            "ls_evals": 19,
            "ls_repaired": false,
            "used_gradient_fallback": false,
            "accepted_step": true,
            "step_norm": 14.612120864119731,
            "step_rel": 0.18132653049613723,
            "pred_reduction": NaN,
            "actual_reduction": NaN,
            "trust_rejects": 0,
            "t_grad": 0.0009321370162069798,
            "t_hess": 0.013167968019843102,
            "t_ls": 0.010778867988847196,
            "t_update": 9.104027412831783e-06,
            "t_iter": 0.02490269800182432,
            "trust_radius": 1.0,
            "trust_ratio": NaN,
            "trust_qp": NaN
          },
          {
            "it": 3,
            "energy": 0.4766778433203606,
            "dE": 0.014257287109788519,
            "grad_norm": 0.008040005802764438,
            "grad_target": 1e-05,
            "grad_norm_post": NaN,
            "alpha": -0.0860550541503925,
            "ksp_its": 3,
            "ls_evals": 19,
            "ls_repaired": false,
            "used_gradient_fallback": false,
            "accepted_step": true,
            "step_norm": 13.576287151225173,
            "step_rel": 0.16320921173647515,
            "pred_reduction": NaN,
            "actual_reduction": NaN,
            "trust_rejects": 0,
            "t_grad": 0.0009193969890475273,
            "t_hess": 0.012407722999341786,
            "t_ls": 0.010709923051763326,
            "t_update": 8.383009117096663e-06,
            "t_iter": 0.024059226969256997,
            "trust_radius": 1.0,
            "trust_ratio": NaN,
            "trust_qp": NaN
          },
          {
            "it": 4,
            "energy": 0.4321766119616287,
            "dE": 0.04450123135873191,
            "grad_norm": 0.008368821066804,
            "grad_target": 1e-05,
            "grad_norm_post": NaN,
            "alpha": 0.04690128872393162,
            "ksp_its": 4,
            "ls_evals": 19,
            "ls_repaired": false,
            "used_gradient_fallback": false,
            "accepted_step": true,
            "step_norm": 17.282516748227525,
            "step_rel": 0.20422216058655368,
            "pred_reduction": NaN,
            "actual_reduction": NaN,
            "trust_rejects": 0,
            "t_grad": 0.0009223809465765953,
            "t_hess": 0.013284475018735975,
            "t_ls": 0.010805297992192209,
            "t_update": 8.743023499846458e-06,
            "t_iter": 0.025034288002643734,
            "trust_radius": 1.0,
            "trust_ratio": NaN,
            "trust_qp": NaN
          },
          {
            "it": 5,
            "energy": 0.34991566559246545,
            "dE": 0.08226094636916326,
            "grad_norm": 0.008001611141617987,
            "grad_target": 1e-05,
            "grad_norm_post": NaN,
            "alpha": 0.551666682056868,
            "ksp_its": 2,
            "ls_evals": 19,
            "ls_repaired": false,
            "used_gradient_fallback": false,
            "accepted_step": true,
            "step_norm": 21.663600263220154,
            "step_rel": 0.23481951583269645,
            "pred_reduction": NaN,
            "actual_reduction": NaN,
            "trust_rejects": 0,
            "t_grad": 0.0009359719697386026,
            "t_hess": 0.011465932009741664,
            "t_ls": 0.010868773970287293,
            "t_update": 7.661001291126013e-06,
            "t_iter": 0.023293773003388196,
            "trust_radius": 1.0,
            "trust_ratio": NaN,
            "trust_qp": NaN
          },
          {
            "it": 6,
            "energy": 0.3458088778153528,
            "dE": 0.004106787777112653,
            "grad_norm": 0.0025671912789976977,
            "grad_target": 1e-05,
            "grad_norm_post": NaN,
            "alpha": 1.0374035555386818,
            "ksp_its": 2,
            "ls_evals": 19,
            "ls_repaired": false,
            "used_gradient_fallback": false,
            "accepted_step": true,
            "step_norm": 4.071679337465727,
            "step_rel": 0.03725478158824125,
            "pred_reduction": NaN,
            "actual_reduction": NaN,
            "trust_rejects": 0,
            "t_grad": 0.0009279200457967818,
            "t_hess": 0.011191024037543684,
            "t_ls": 0.01082073204452172,
            "t_update": 7.221009582281113e-06,
            "t_iter": 0.022962430026382208,
            "trust_radius": 1.0,
            "trust_ratio": NaN,
            "trust_qp": NaN
          },
          {
            "it": 7,
            "energy": 0.3457766717280788,
            "dE": 3.220608727400043e-05,
            "grad_norm": 0.0001824346478391266,
            "grad_target": 1e-05,
            "grad_norm_post": NaN,
            "alpha": 1.0148114893802307,
            "ksp_its": 2,
            "ls_evals": 19,
            "ls_repaired": false,
            "used_gradient_fallback": false,
            "accepted_step": true,
            "step_norm": 0.3987366043104756,
            "step_rel": 0.0036306464084000963,
            "pred_reduction": NaN,
            "actual_reduction": NaN,
            "trust_rejects": 0,
            "t_grad": 0.0009134779684245586,
            "t_hess": 0.011409926984924823,
            "t_ls": 0.010777926014270633,
            "t_update": 7.08096195012331e-06,
            "t_iter": 0.02312379505019635,
            "trust_radius": 1.0,
            "trust_ratio": NaN,
            "trust_qp": NaN
          },
          {
            "it": 8,
            "energy": 0.345776669110353,
            "dE": 2.617725813891525e-09,
            "grad_norm": 1.7723892890182874e-06,
            "grad_target": 1e-05,
            "grad_norm_post": 2.3758979457185237e-09,
            "alpha": 1.000416148939007,
            "ksp_its": 2,
            "ls_evals": 19,
            "ls_repaired": false,
            "used_gradient_fallback": false,
            "accepted_step": true,
            "step_norm": 0.0035481735955030834,
            "step_rel": 3.237711425628829e-05,
            "pred_reduction": NaN,
            "actual_reduction": NaN,
            "trust_rejects": 0,
            "t_grad": 0.0009198570041917264,
            "t_hess": 0.011392671032808721,
            "t_ls": 0.010697543970309198,
            "t_update": 7.3820119723677635e-06,
            "t_iter": 0.02303290698910132,
            "trust_radius": 1.0,
            "trust_ratio": NaN,
            "trust_qp": NaN
          }
        ],
        "linear_timing": [
          {
            "assemble_total_time": 0.0033700299682095647,
            "setop_time": 3.5249977372586727e-06,
            "set_tolerances_time": 1.7620041035115719e-06,
            "pc_setup_time": 0.007872471993323416,
            "solve_time": 0.0034090299741365016,
            "linear_total_time": 0.014656818937510252,
            "ksp_its": 3
          },
          {
            "assemble_total_time": 0.0029701130115427077,
            "setop_time": 7.409835234284401e-07,
            "set_tolerances_time": 1.301988959312439e-06,
            "pc_setup_time": 0.00588360003894195,
            "solve_time": 0.004266933014150709,
            "linear_total_time": 0.013122689037118107,
            "ksp_its": 4
          },
          {
            "assemble_total_time": 0.0029600870329886675,
            "setop_time": 5.00003807246685e-07,
            "set_tolerances_time": 9.420327842235565e-07,
            "pc_setup_time": 0.0059918639599345624,
            "solve_time": 0.00341244600713253,
            "linear_total_time": 0.01236583903664723,
            "ksp_its": 3
          },
          {
            "assemble_total_time": 0.0029831830179318786,
            "setop_time": 6.00994098931551e-07,
            "set_tolerances_time": 9.209616109728813e-07,
            "pc_setup_time": 0.006031263968907297,
            "solve_time": 0.004226482007652521,
            "linear_total_time": 0.0132424509502016,
            "ksp_its": 4
          },
          {
            "assemble_total_time": 0.002971073961816728,
            "setop_time": 5.299807526171207e-07,
            "set_tolerances_time": 8.119968697428703e-07,
            "pc_setup_time": 0.005886783997993916,
            "solve_time": 0.0025657480000518262,
            "linear_total_time": 0.01142494793748483,
            "ksp_its": 2
          },
          {
            "assemble_total_time": 0.00299983803415671,
            "setop_time": 5.710171535611153e-07,
            "set_tolerances_time": 8.219503797590733e-07,
            "pc_setup_time": 0.005663295043632388,
            "solve_time": 0.0024846650194376707,
            "linear_total_time": 0.011149191064760089,
            "ksp_its": 2
          },
          {
            "assemble_total_time": 0.0029735679854638875,
            "setop_time": 4.91039827466011e-07,
            "set_tolerances_time": 7.00994860380888e-07,
            "pc_setup_time": 0.00583458598703146,
            "solve_time": 0.0025588779826648533,
            "linear_total_time": 0.011368223989848047,
            "ksp_its": 2
          },
          {
            "assemble_total_time": 0.0029739890014752746,
            "setop_time": 4.6100467443466187e-07,
            "set_tolerances_time": 7.110065780580044e-07,
            "pc_setup_time": 0.005814595031552017,
            "solve_time": 0.002561733010224998,
            "linear_total_time": 0.011351489054504782,
            "ksp_its": 2
          }
        ]
      }
    ],
    "metadata": {
      "nprocs": 2,
      "linear_solver": {
        "ksp_type": "gmres",
        "pc_type": "hypre",
        "ksp_rtol": 0.001,
        "ksp_max_it": 200,
        "pc_setup_on_ksp_cap": false,
        "gamg_threshold": 0.05,
        "gamg_agg_nsmooths": 1,
        "gamg_set_coordinates": true,
        "assembly_mode": "fenics",
        "assembler": "FEniCSFormAssembly",
        "distribution_strategy": "dolfinx_mesh_partition",
        "trust_subproblem_solver": "direct_linear_solve",
        "trust_subproblem_line_search": false
      },
      "newton": {
        "tolf": 1e-06,
        "tolg": 1e-05,
        "tolg_rel": 0.001,
        "tolx_rel": 0.001,
        "tolx_abs": 1e-10,
        "maxit": 100,
        "require_all_convergence": true,
        "fail_on_nonfinite": true,
        "linesearch_interval": [
          -0.5,
          2.0
        ],
        "linesearch_tol": 0.001,
        "trust_region": false,
        "trust_radius_init": 1.0,
        "trust_radius_min": 1e-08,
        "trust_radius_max": 1000000.0,
        "trust_subproblem_line_search": false,
        "step_time_limit_s": null
      }
    }
  }
}
