{
  "case": {
    "problem": "gl",
    "backend": "fenics",
    "level": 5,
    "out": "/home/michal/repos/fenics_nonlinear_energies/experiment_results_cache/gl_final_suite/fenics_custom_l5_np16.json",
    "quiet": true,
    "save_history": true,
    "save_linear_timing": true,
    "steps": 1,
    "start_step": 1,
    "total_steps": 24,
    "ksp_type": "gmres",
    "pc_type": "hypre",
    "ksp_rtol": 0.001,
    "ksp_max_it": 200,
    "profile": "reference",
    "coloring_trials": 10,
    "nproc_threads": 1,
    "hvp_eval_mode": "sequential",
    "element_reorder_mode": null,
    "local_hessian_mode": null,
    "tolf": 1e-06,
    "tolg": 1e-05,
    "tolg_rel": 0.001,
    "tolx_rel": 0.001,
    "tolx_abs": 1e-10,
    "maxit": 100,
    "step_time_limit_s": null,
    "linesearch_a": -0.5,
    "linesearch_b": 2.0,
    "linesearch_tol": 0.001,
    "use_trust_region": false,
    "trust_radius_init": 1.0,
    "trust_radius_min": 1e-08,
    "trust_radius_max": 1000000.0,
    "trust_shrink": 0.5,
    "trust_expand": 1.5,
    "trust_eta_shrink": 0.05,
    "trust_eta_expand": 0.75,
    "trust_max_reject": 6,
    "trust_subproblem_line_search": false,
    "local_coloring": true,
    "retry_on_failure": false,
    "pc_setup_on_ksp_cap": false,
    "use_near_nullspace": true,
    "reorder": null,
    "gamg_threshold": 0.05,
    "gamg_agg_nsmooths": 1,
    "gamg_set_coordinates": true
  },
  "result": {
    "mesh_level": 5,
    "total_dofs": 4225,
    "free_dofs": 4225,
    "setup_time": 0.026598,
    "solve_time_total": 0.172558,
    "total_time": 0.199235,
    "steps": [
      {
        "step": 1,
        "time": 0.172558,
        "nit": 7,
        "linear_iters": 29,
        "energy": 0.3462323651268969,
        "message": "Converged (energy, step, gradient)",
        "attempt": "primary",
        "ksp_rtol_used": 0.001,
        "ksp_max_it_used": 200,
        "linesearch_interval_used": [
          -0.5,
          2.0
        ],
        "history": [
          {
            "it": 1,
            "energy": 0.5630427573537058,
            "dE": 0.10242699691190538,
            "grad_norm": 0.014805984450788214,
            "grad_target": 1.4805984450788214e-05,
            "grad_norm_post": NaN,
            "alpha": -0.2627953614317441,
            "ksp_its": 9,
            "ls_evals": 19,
            "ls_repaired": false,
            "used_gradient_fallback": false,
            "accepted_step": true,
            "step_norm": 16.14830202841865,
            "step_rel": 0.5046344383880829,
            "pred_reduction": NaN,
            "actual_reduction": NaN,
            "trust_rejects": 0,
            "t_grad": 0.00026426202384755015,
            "t_hess": 0.026133520994335413,
            "t_ls": 0.002070841030217707,
            "t_update": 1.4892022591084242e-05,
            "t_iter": 0.02851184899918735,
            "trust_radius": 1.0,
            "trust_ratio": NaN,
            "trust_qp": NaN
          },
          {
            "it": 2,
            "energy": 0.5094724279850966,
            "dE": 0.05357032936860917,
            "grad_norm": 0.016137741640912456,
            "grad_target": 1.4805984450788214e-05,
            "grad_norm_post": NaN,
            "alpha": 0.3381042355797351,
            "ksp_its": 5,
            "ls_evals": 19,
            "ls_repaired": false,
            "used_gradient_fallback": false,
            "accepted_step": true,
            "step_norm": 13.13015619391167,
            "step_rel": 0.32668792962513155,
            "pred_reduction": NaN,
            "actual_reduction": NaN,
            "trust_rejects": 0,
            "t_grad": 0.00016434001736342907,
            "t_hess": 0.020352296996861696,
            "t_ls": 0.0020371690043248236,
            "t_update": 1.515302574262023e-05,
            "t_iter": 0.022587947023566812,
            "trust_radius": 1.0,
            "trust_ratio": NaN,
            "trust_qp": NaN
          },
          {
            "it": 3,
            "energy": 0.43227640328178063,
            "dE": 0.07719602470331599,
            "grad_norm": 0.007885087279049298,
            "grad_target": 1.4805984450788214e-05,
            "grad_norm_post": NaN,
            "alpha": -0.43910299303359224,
            "ksp_its": 5,
            "ls_evals": 19,
            "ls_repaired": false,
            "used_gradient_fallback": false,
            "accepted_step": true,
            "step_norm": 18.19747725022569,
            "step_rel": 0.3869391795662983,
            "pred_reduction": NaN,
            "actual_reduction": NaN,
            "trust_rejects": 0,
            "t_grad": 0.00015009799972176552,
            "t_hess": 0.019404255028348416,
            "t_ls": 0.0020224960171617568,
            "t_update": 1.482199877500534e-05,
            "t_iter": 0.021609519026242197,
            "trust_radius": 1.0,
            "trust_ratio": NaN,
            "trust_qp": NaN
          },
          {
            "it": 4,
            "energy": 0.3665464699651758,
            "dE": 0.06572993331660482,
            "grad_norm": 0.013339764931278903,
            "grad_target": 1.4805984450788214e-05,
            "grad_norm_post": NaN,
            "alpha": 0.22617452354991785,
            "ksp_its": 4,
            "ls_evals": 19,
            "ls_repaired": false,
            "used_gradient_fallback": false,
            "accepted_step": true,
            "step_norm": 12.927476085382315,
            "step_rel": 0.2537664165897285,
            "pred_reduction": NaN,
            "actual_reduction": NaN,
            "trust_rejects": 0,
            "t_grad": 0.0001713009551167488,
            "t_hess": 0.017438504961319268,
            "t_ls": 0.0020307290251366794,
            "t_update": 1.4702032785862684e-05,
            "t_iter": 0.019673054048325866,
            "trust_radius": 1.0,
            "trust_ratio": NaN,
            "trust_qp": NaN
          },
          {
            "it": 5,
            "energy": 0.3467985867664082,
            "dE": 0.019747883198767635,
            "grad_norm": 0.010247916091402324,
            "grad_target": 1.4805984450788214e-05,
            "grad_norm_post": NaN,
            "alpha": 0.9168444421121753,
            "ksp_its": 2,
            "ls_evals": 19,
            "ls_repaired": false,
            "used_gradient_fallback": false,
            "accepted_step": true,
            "step_norm": 4.473411263957639,
            "step_rel": 0.08278260966552382,
            "pred_reduction": NaN,
            "actual_reduction": NaN,
            "trust_rejects": 0,
            "t_grad": 0.00015762000111863017,
            "t_hess": 0.019313217024318874,
            "t_ls": 0.0033297849586233497,
            "t_update": 2.7041009161621332e-05,
            "t_iter": 0.022858178010210395,
            "trust_radius": 1.0,
            "trust_ratio": NaN,
            "trust_qp": NaN
          },
          {
            "it": 6,
            "energy": 0.34623257108471817,
            "dE": 0.000566015681690013,
            "grad_norm": 0.001555398747784747,
            "grad_target": 1.4805984450788214e-05,
            "grad_norm_post": NaN,
            "alpha": 1.0509335446211694,
            "ksp_its": 2,
            "ls_evals": 19,
            "ls_repaired": false,
            "used_gradient_fallback": false,
            "accepted_step": true,
            "step_norm": 0.8386250233798097,
            "step_rel": 0.01519234433871713,
            "pred_reduction": NaN,
            "actual_reduction": NaN,
            "trust_rejects": 0,
            "t_grad": 0.00022788700880482793,
            "t_hess": 0.02078385400818661,
            "t_ls": 0.0032657170086167753,
            "t_update": 2.5357992853969336e-05,
            "t_iter": 0.0243353649857454,
            "trust_radius": 1.0,
            "trust_ratio": NaN,
            "trust_qp": NaN
          },
          {
            "it": 7,
            "energy": 0.3462323651268969,
            "dE": 2.059578212421087e-07,
            "grad_norm": 3.3355622378183924e-05,
            "grad_target": 1.4805984450788214e-05,
            "grad_norm_post": 2.7810928877247976e-08,
            "alpha": 1.000416148939007,
            "ksp_its": 2,
            "ls_evals": 19,
            "ls_repaired": false,
            "used_gradient_fallback": false,
            "accepted_step": true,
            "step_norm": 0.014874284534379124,
            "step_rel": 0.00027139432156949846,
            "pred_reduction": NaN,
            "actual_reduction": NaN,
            "trust_rejects": 0,
            "t_grad": 0.0002396240015514195,
            "t_hess": 0.014576441957615316,
            "t_ls": 0.002020832966081798,
            "t_update": 1.4671997632831335e-05,
            "t_iter": 0.016871711995918304,
            "trust_radius": 1.0,
            "trust_ratio": NaN,
            "trust_qp": NaN
          }
        ],
        "linear_timing": [
          {
            "assemble_total_time": 0.0005281229969114065,
            "setop_time": 7.360999006778002e-06,
            "set_tolerances_time": 1.493026502430439e-06,
            "pc_setup_time": 0.012153876014053822,
            "solve_time": 0.013344787992537022,
            "linear_total_time": 0.026035641029011458,
            "ksp_its": 9
          },
          {
            "assemble_total_time": 0.0003080880269408226,
            "setop_time": 8.610077202320099e-07,
            "set_tolerances_time": 1.5819678083062172e-06,
            "pc_setup_time": 0.011869042995385826,
            "solve_time": 0.00808848295127973,
            "linear_total_time": 0.020268056949134916,
            "ksp_its": 5
          },
          {
            "assemble_total_time": 0.0002579520223662257,
            "setop_time": 6.710179150104523e-07,
            "set_tolerances_time": 1.000997144728899e-06,
            "pc_setup_time": 0.011048946005757898,
            "solve_time": 0.008014089951757342,
            "linear_total_time": 0.019322659994941205,
            "ksp_its": 5
          },
          {
            "assemble_total_time": 0.00023843301460146904,
            "setop_time": 5.909823812544346e-07,
            "set_tolerances_time": 9.919749572873116e-07,
            "pc_setup_time": 0.010459189012181014,
            "solve_time": 0.006632158008869737,
            "linear_total_time": 0.017331362992990762,
            "ksp_its": 4
          },
          {
            "assemble_total_time": 0.0002434909692965448,
            "setop_time": 4.809699021279812e-07,
            "set_tolerances_time": 8.710194379091263e-07,
            "pc_setup_time": 0.012769263004884124,
            "solve_time": 0.0061862199800089,
            "linear_total_time": 0.019200325943529606,
            "ksp_its": 2
          },
          {
            "assemble_total_time": 0.00038676802068948746,
            "setop_time": 7.210182957351208e-07,
            "set_tolerances_time": 1.1110096238553524e-06,
            "pc_setup_time": 0.014594199019484222,
            "solve_time": 0.005653950036503375,
            "linear_total_time": 0.020636749104596674,
            "ksp_its": 2
          },
          {
            "assemble_total_time": 0.000383552978746593,
            "setop_time": 1.3320241123437881e-06,
            "set_tolerances_time": 1.3720127753913403e-06,
            "pc_setup_time": 0.010504257981665432,
            "solve_time": 0.003567415988072753,
            "linear_total_time": 0.014457930985372514,
            "ksp_its": 2
          }
        ]
      }
    ],
    "metadata": {
      "nprocs": 16,
      "linear_solver": {
        "ksp_type": "gmres",
        "pc_type": "hypre",
        "ksp_rtol": 0.001,
        "ksp_max_it": 200,
        "pc_setup_on_ksp_cap": false,
        "gamg_threshold": 0.05,
        "gamg_agg_nsmooths": 1,
        "gamg_set_coordinates": true,
        "assembly_mode": "fenics",
        "assembler": "FEniCSFormAssembly",
        "distribution_strategy": "dolfinx_mesh_partition",
        "trust_subproblem_solver": "direct_linear_solve",
        "trust_subproblem_line_search": false
      },
      "newton": {
        "tolf": 1e-06,
        "tolg": 1e-05,
        "tolg_rel": 0.001,
        "tolx_rel": 0.001,
        "tolx_abs": 1e-10,
        "maxit": 100,
        "require_all_convergence": true,
        "fail_on_nonfinite": true,
        "linesearch_interval": [
          -0.5,
          2.0
        ],
        "linesearch_tol": 0.001,
        "trust_region": false,
        "trust_radius_init": 1.0,
        "trust_radius_min": 1e-08,
        "trust_radius_max": 1000000.0,
        "trust_subproblem_line_search": false,
        "step_time_limit_s": null
      }
    }
  }
}
