{
  "case": {
    "problem": "gl",
    "backend": "fenics",
    "level": 7,
    "out": "/home/michal/repos/fenics_nonlinear_energies/experiment_results_cache/gl_final_suite/fenics_custom_l7_np1.json",
    "quiet": true,
    "save_history": true,
    "save_linear_timing": true,
    "steps": 1,
    "start_step": 1,
    "total_steps": 24,
    "ksp_type": "gmres",
    "pc_type": "hypre",
    "ksp_rtol": 0.001,
    "ksp_max_it": 200,
    "profile": "reference",
    "coloring_trials": 10,
    "nproc_threads": 1,
    "hvp_eval_mode": "sequential",
    "element_reorder_mode": null,
    "local_hessian_mode": null,
    "tolf": 1e-06,
    "tolg": 1e-05,
    "tolg_rel": 0.001,
    "tolx_rel": 0.001,
    "tolx_abs": 1e-10,
    "maxit": 100,
    "step_time_limit_s": null,
    "linesearch_a": -0.5,
    "linesearch_b": 2.0,
    "linesearch_tol": 0.001,
    "use_trust_region": false,
    "trust_radius_init": 1.0,
    "trust_radius_min": 1e-08,
    "trust_radius_max": 1000000.0,
    "trust_shrink": 0.5,
    "trust_expand": 1.5,
    "trust_eta_shrink": 0.05,
    "trust_eta_expand": 0.75,
    "trust_max_reject": 6,
    "trust_subproblem_line_search": false,
    "local_coloring": true,
    "retry_on_failure": false,
    "pc_setup_on_ksp_cap": false,
    "use_near_nullspace": true,
    "reorder": null,
    "gamg_threshold": 0.05,
    "gamg_agg_nsmooths": 1,
    "gamg_set_coordinates": true
  },
  "result": {
    "mesh_level": 7,
    "total_dofs": 66049,
    "free_dofs": 65025,
    "setup_time": 0.165532,
    "solve_time_total": 1.128877,
    "total_time": 1.294536,
    "steps": [
      {
        "step": 1,
        "time": 1.128877,
        "nit": 7,
        "linear_iters": 28,
        "energy": 0.3456622611129734,
        "message": "Converged (energy, step, gradient)",
        "attempt": "primary",
        "ksp_rtol_used": 0.001,
        "ksp_max_it_used": 200,
        "linesearch_interval_used": [
          -0.5,
          2.0
        ],
        "history": [
          {
            "it": 1,
            "energy": 0.5624212972540518,
            "dE": 0.10288838521266419,
            "grad_norm": 0.0037046037696525295,
            "grad_target": 1e-05,
            "grad_norm_post": NaN,
            "alpha": -0.26716113256596963,
            "ksp_its": 8,
            "ls_evals": 19,
            "ls_repaired": false,
            "used_gradient_fallback": false,
            "accepted_step": true,
            "step_norm": 64.37353604049129,
            "step_rel": 0.5029182503163382,
            "pred_reduction": NaN,
            "actual_reduction": NaN,
            "trust_rejects": 0,
            "t_grad": 0.006826726952567697,
            "t_hess": 0.10007523203967139,
            "t_ls": 0.08233706996543333,
            "t_update": 1.8418009858578444e-05,
            "t_iter": 0.1893066720222123,
            "trust_radius": 1.0,
            "trust_ratio": NaN,
            "trust_qp": NaN
          },
          {
            "it": 2,
            "energy": 0.5084742213682293,
            "dE": 0.05394707588582248,
            "grad_norm": 0.004055109542416227,
            "grad_target": 1e-05,
            "grad_norm_post": NaN,
            "alpha": 0.32737458231773,
            "ksp_its": 6,
            "ls_evals": 19,
            "ls_repaired": false,
            "used_gradient_fallback": false,
            "accepted_step": true,
            "step_norm": 52.88093560079281,
            "step_rel": 0.3289689258366406,
            "pred_reduction": NaN,
            "actual_reduction": NaN,
            "trust_rejects": 0,
            "t_grad": 0.00690248201135546,
            "t_hess": 0.07921479298966005,
            "t_ls": 0.0807668570196256,
            "t_update": 1.7345999367535114e-05,
            "t_iter": 0.1669432230410166,
            "trust_radius": 1.0,
            "trust_ratio": NaN,
            "trust_qp": NaN
          },
          {
            "it": 3,
            "energy": 0.441292393907435,
            "dE": 0.06718182746079426,
            "grad_norm": 0.0021939728269363954,
            "grad_target": 1e-05,
            "grad_norm_post": NaN,
            "alpha": -0.30894698597944303,
            "ksp_its": 5,
            "ls_evals": 19,
            "ls_repaired": false,
            "used_gradient_fallback": false,
            "accepted_step": true,
            "step_norm": 67.47761469889959,
            "step_rel": 0.35983635267679737,
            "pred_reduction": NaN,
            "actual_reduction": NaN,
            "trust_rejects": 0,
            "t_grad": 0.006566833006218076,
            "t_hess": 0.07404700299957767,
            "t_ls": 0.08128387195756659,
            "t_update": 1.7066020518541336e-05,
            "t_iter": 0.16195561602944508,
            "trust_radius": 1.0,
            "trust_ratio": NaN,
            "trust_qp": NaN
          },
          {
            "it": 4,
            "energy": 0.36518476708956915,
            "dE": 0.07610762681786587,
            "grad_norm": 0.003413940426038609,
            "grad_target": 1e-05,
            "grad_norm_post": NaN,
            "alpha": 0.2926526949870799,
            "ksp_its": 3,
            "ls_evals": 19,
            "ls_repaired": false,
            "used_gradient_fallback": false,
            "accepted_step": true,
            "step_norm": 56.6056590974751,
            "step_rel": 0.28045430402464416,
            "pred_reduction": NaN,
            "actual_reduction": NaN,
            "trust_rejects": 0,
            "t_grad": 0.0065786209888756275,
            "t_hess": 0.06426989904139191,
            "t_ls": 0.08139810600550845,
            "t_update": 1.7176964320242405e-05,
            "t_iter": 0.152302399976179,
            "trust_radius": 1.0,
            "trust_ratio": NaN,
            "trust_qp": NaN
          },
          {
            "it": 5,
            "energy": 0.3460251659575763,
            "dE": 0.01915960113199283,
            "grad_norm": 0.0025349269039782784,
            "grad_target": 1e-05,
            "grad_norm_post": NaN,
            "alpha": 0.9376036646810035,
            "ksp_its": 2,
            "ls_evals": 19,
            "ls_repaired": false,
            "used_gradient_fallback": false,
            "accepted_step": true,
            "step_norm": 16.858400718631128,
            "step_rel": 0.07792036596245061,
            "pred_reduction": NaN,
            "actual_reduction": NaN,
            "trust_rejects": 0,
            "t_grad": 0.006671051029115915,
            "t_hess": 0.05826125299790874,
            "t_ls": 0.08226228604326025,
            "t_update": 1.9008992239832878e-05,
            "t_iter": 0.14725189801538363,
            "trust_radius": 1.0,
            "trust_ratio": NaN,
            "trust_qp": NaN
          },
          {
            "it": 6,
            "energy": 0.34566237004250927,
            "dE": 0.000362795915067049,
            "grad_norm": 0.00031418782440384646,
            "grad_target": 1e-05,
            "grad_norm_post": NaN,
            "alpha": 1.0381036394938092,
            "ksp_its": 2,
            "ls_evals": 19,
            "ls_repaired": false,
            "used_gradient_fallback": false,
            "accepted_step": true,
            "step_norm": 2.6588532979917874,
            "step_rel": 0.012049508768613815,
            "pred_reduction": NaN,
            "actual_reduction": NaN,
            "trust_rejects": 0,
            "t_grad": 0.006947931018657982,
            "t_hess": 0.0596793339936994,
            "t_ls": 0.08028502605156973,
            "t_update": 1.8278020434081554e-05,
            "t_iter": 0.1469672149978578,
            "trust_radius": 1.0,
            "trust_ratio": NaN,
            "trust_qp": NaN
          },
          {
            "it": 7,
            "energy": 0.3456622611129734,
            "dE": 1.0892953589136667e-07,
            "grad_norm": 5.684335789521342e-06,
            "grad_target": 1e-05,
            "grad_norm_post": 1.4667266868986253e-08,
            "alpha": 1.0011162328941345,
            "ksp_its": 2,
            "ls_evals": 19,
            "ls_repaired": false,
            "used_gradient_fallback": false,
            "accepted_step": true,
            "step_norm": 0.04515613519793394,
            "step_rel": 0.00020604826708862912,
            "pred_reduction": NaN,
            "actual_reduction": NaN,
            "trust_rejects": 0,
            "t_grad": 0.0066669550142250955,
            "t_hess": 0.05828918400220573,
            "t_ls": 0.08051793900085613,
            "t_update": 1.8468010239303112e-05,
            "t_iter": 0.14553031203104183,
            "trust_radius": 1.0,
            "trust_ratio": NaN,
            "trust_qp": NaN
          }
        ],
        "linear_timing": [
          {
            "assemble_total_time": 0.02314603701233864,
            "setop_time": 1.933018211275339e-06,
            "set_tolerances_time": 1.942971721291542e-06,
            "pc_setup_time": 0.030228150950279087,
            "solve_time": 0.04662080196430907,
            "linear_total_time": 0.09999886591685936,
            "ksp_its": 8
          },
          {
            "assemble_total_time": 0.021660953003447503,
            "setop_time": 2.372951712459326e-06,
            "set_tolerances_time": 2.3140455596148968e-06,
            "pc_setup_time": 0.02213566395221278,
            "solve_time": 0.0353444839711301,
            "linear_total_time": 0.07914578792406246,
            "ksp_its": 6
          },
          {
            "assemble_total_time": 0.02171227097278461,
            "setop_time": 1.6730045899748802e-06,
            "set_tolerances_time": 1.9230064935982227e-06,
            "pc_setup_time": 0.021782928030006588,
            "solve_time": 0.030482437985483557,
            "linear_total_time": 0.07398123299935833,
            "ksp_its": 5
          },
          {
            "assemble_total_time": 0.02183105202857405,
            "setop_time": 1.6329577192664146e-06,
            "set_tolerances_time": 1.8129940144717693e-06,
            "pc_setup_time": 0.021812052989844233,
            "solve_time": 0.020562065998092294,
            "linear_total_time": 0.06420861696824431,
            "ksp_its": 3
          },
          {
            "assemble_total_time": 0.021573661011643708,
            "setop_time": 1.8529826775193214e-06,
            "set_tolerances_time": 1.9129947759211063e-06,
            "pc_setup_time": 0.021760345029179007,
            "solve_time": 0.01485981495352462,
            "linear_total_time": 0.058197586971800774,
            "ksp_its": 2
          },
          {
            "assemble_total_time": 0.022664977004751563,
            "setop_time": 1.501990482211113e-06,
            "set_tolerances_time": 1.7129932530224323e-06,
            "pc_setup_time": 0.022117034997791052,
            "solve_time": 0.014827857026830316,
            "linear_total_time": 0.059613084013108164,
            "ksp_its": 2
          },
          {
            "assemble_total_time": 0.021692932001315057,
            "setop_time": 1.5120021998882294e-06,
            "set_tolerances_time": 1.8819700926542282e-06,
            "pc_setup_time": 0.021704960032366216,
            "solve_time": 0.014828366984147578,
            "linear_total_time": 0.058229652990121394,
            "ksp_its": 2
          }
        ]
      }
    ],
    "metadata": {
      "nprocs": 1,
      "linear_solver": {
        "ksp_type": "gmres",
        "pc_type": "hypre",
        "ksp_rtol": 0.001,
        "ksp_max_it": 200,
        "pc_setup_on_ksp_cap": false,
        "gamg_threshold": 0.05,
        "gamg_agg_nsmooths": 1,
        "gamg_set_coordinates": true,
        "assembly_mode": "fenics",
        "assembler": "FEniCSFormAssembly",
        "distribution_strategy": "dolfinx_mesh_partition",
        "trust_subproblem_solver": "direct_linear_solve",
        "trust_subproblem_line_search": false
      },
      "newton": {
        "tolf": 1e-06,
        "tolg": 1e-05,
        "tolg_rel": 0.001,
        "tolx_rel": 0.001,
        "tolx_abs": 1e-10,
        "maxit": 100,
        "require_all_convergence": true,
        "fail_on_nonfinite": true,
        "linesearch_interval": [
          -0.5,
          2.0
        ],
        "linesearch_tol": 0.001,
        "trust_region": false,
        "trust_radius_init": 1.0,
        "trust_radius_min": 1e-08,
        "trust_radius_max": 1000000.0,
        "trust_subproblem_line_search": false,
        "step_time_limit_s": null
      }
    }
  }
}
