{
  "case": {
    "problem": "gl",
    "backend": "fenics",
    "level": 8,
    "out": "/home/michal/repos/fenics_nonlinear_energies/experiment_results_cache/gl_final_suite/fenics_custom_l8_np4.json",
    "quiet": true,
    "save_history": true,
    "save_linear_timing": true,
    "steps": 1,
    "start_step": 1,
    "total_steps": 24,
    "ksp_type": "gmres",
    "pc_type": "hypre",
    "ksp_rtol": 0.001,
    "ksp_max_it": 200,
    "profile": "reference",
    "coloring_trials": 10,
    "nproc_threads": 1,
    "hvp_eval_mode": "sequential",
    "element_reorder_mode": null,
    "local_hessian_mode": null,
    "tolf": 1e-06,
    "tolg": 1e-05,
    "tolg_rel": 0.001,
    "tolx_rel": 0.001,
    "tolx_abs": 1e-10,
    "maxit": 100,
    "step_time_limit_s": null,
    "linesearch_a": -0.5,
    "linesearch_b": 2.0,
    "linesearch_tol": 0.001,
    "use_trust_region": false,
    "trust_radius_init": 1.0,
    "trust_radius_min": 1e-08,
    "trust_radius_max": 1000000.0,
    "trust_shrink": 0.5,
    "trust_expand": 1.5,
    "trust_eta_shrink": 0.05,
    "trust_eta_expand": 0.75,
    "trust_max_reject": 6,
    "trust_subproblem_line_search": false,
    "local_coloring": true,
    "retry_on_failure": false,
    "pc_setup_on_ksp_cap": false,
    "use_near_nullspace": true,
    "reorder": null,
    "gamg_threshold": 0.05,
    "gamg_agg_nsmooths": 1,
    "gamg_set_coordinates": true
  },
  "result": {
    "mesh_level": 8,
    "total_dofs": 263169,
    "free_dofs": 262562,
    "setup_time": 0.746875,
    "solve_time_total": 1.991357,
    "total_time": 2.738385,
    "steps": [
      {
        "step": 1,
        "time": 1.991357,
        "nit": 10,
        "linear_iters": 33,
        "energy": 0.3456336284987402,
        "message": "Converged (energy, step, gradient)",
        "attempt": "primary",
        "ksp_rtol_used": 0.001,
        "ksp_max_it_used": 200,
        "linesearch_interval_used": [
          -0.5,
          2.0
        ],
        "history": [
          {
            "it": 1,
            "energy": 0.49742324471342225,
            "dE": 0.16787843415536208,
            "grad_norm": 0.0018523798253277845,
            "grad_target": 1e-05,
            "grad_norm_post": NaN,
            "alpha": -0.313745432793172,
            "ksp_its": 7,
            "ls_evals": 19,
            "ls_repaired": false,
            "used_gradient_fallback": false,
            "accepted_step": true,
            "step_norm": 155.13783737073572,
            "step_rel": 0.6060071772294364,
            "pred_reduction": NaN,
            "actual_reduction": NaN,
            "trust_rejects": 0,
            "t_grad": 0.007127730990760028,
            "t_hess": 0.1453112000017427,
            "t_ls": 0.0873650599969551,
            "t_update": 6.411701906472445e-05,
            "t_iter": 0.23996100795920938,
            "trust_radius": 1.0,
            "trust_ratio": NaN,
            "trust_qp": NaN
          },
          {
            "it": 2,
            "energy": 0.4887317274257159,
            "dE": 0.00869151728770634,
            "grad_norm": 0.0017936945786934594,
            "grad_target": 1e-05,
            "grad_norm_post": NaN,
            "alpha": -0.457164020653961,
            "ksp_its": 5,
            "ls_evals": 19,
            "ls_repaired": false,
            "used_gradient_fallback": false,
            "accepted_step": true,
            "step_norm": 81.30755464208478,
            "step_rel": 0.22279907435026164,
            "pred_reduction": NaN,
            "actual_reduction": NaN,
            "trust_rejects": 0,
            "t_grad": 0.007159248983953148,
            "t_hess": 0.11465340398717672,
            "t_ls": 0.08703331701690331,
            "t_update": 5.641597090288997e-05,
            "t_iter": 0.20897399401292205,
            "trust_radius": 1.0,
            "trust_ratio": NaN,
            "trust_qp": NaN
          },
          {
            "it": 3,
            "energy": 0.46936338805222355,
            "dE": 0.01936833937349236,
            "grad_norm": 0.0025816881908604797,
            "grad_target": 1e-05,
            "grad_norm_post": NaN,
            "alpha": 0.030673104693153763,
            "ksp_its": 5,
            "ls_evals": 19,
            "ls_repaired": false,
            "used_gradient_fallback": false,
            "accepted_step": true,
            "step_norm": 73.40515158188671,
            "step_rel": 0.2025645575023932,
            "pred_reduction": NaN,
            "actual_reduction": NaN,
            "trust_rejects": 0,
            "t_grad": 0.007053569017443806,
            "t_hess": 0.11482795799383894,
            "t_ls": 0.08535438502440229,
            "t_update": 5.652499385178089e-05,
            "t_iter": 0.20736332598607987,
            "trust_radius": 1.0,
            "trust_ratio": NaN,
            "trust_qp": NaN
          },
          {
            "it": 4,
            "energy": 0.40329395628950804,
            "dE": 0.06606943176271551,
            "grad_norm": 0.002397529125102267,
            "grad_target": 1e-05,
            "grad_norm_post": NaN,
            "alpha": 0.4228087020412291,
            "ksp_its": 3,
            "ls_evals": 19,
            "ls_repaired": false,
            "used_gradient_fallback": false,
            "accepted_step": true,
            "step_norm": 86.36053128930553,
            "step_rel": 0.22829227725879886,
            "pred_reduction": NaN,
            "actual_reduction": NaN,
            "trust_rejects": 0,
            "t_grad": 0.007802722975611687,
            "t_hess": 0.09844084596261382,
            "t_ls": 0.08556053595384583,
            "t_update": 5.578499985858798e-05,
            "t_iter": 0.19193929096218199,
            "trust_radius": 1.0,
            "trust_ratio": NaN,
            "trust_qp": NaN
          },
          {
            "it": 5,
            "energy": 0.39163331841647964,
            "dE": 0.011660637873028401,
            "grad_norm": 0.0013040297006041896,
            "grad_target": 1e-05,
            "grad_norm_post": NaN,
            "alpha": -0.12077694148104257,
            "ksp_its": 2,
            "ls_evals": 19,
            "ls_repaired": false,
            "used_gradient_fallback": false,
            "accepted_step": true,
            "step_norm": 60.55598520199634,
            "step_rel": 0.14283674794403994,
            "pred_reduction": NaN,
            "actual_reduction": NaN,
            "trust_rejects": 0,
            "t_grad": 0.006871482997667044,
            "t_hess": 0.09188466100022197,
            "t_ls": 0.08569393801735714,
            "t_update": 5.6074990425258875e-05,
            "t_iter": 0.1845786159974523,
            "trust_radius": 1.0,
            "trust_ratio": NaN,
            "trust_qp": NaN
          },
          {
            "it": 6,
            "energy": 0.3612794435867466,
            "dE": 0.030353874829733063,
            "grad_norm": 0.0015112751510683012,
            "grad_target": 1e-05,
            "grad_norm_post": NaN,
            "alpha": 0.4527321425581502,
            "ksp_its": 3,
            "ls_evals": 19,
            "ls_repaired": false,
            "used_gradient_fallback": false,
            "accepted_step": true,
            "step_norm": 73.49639071315343,
            "step_rel": 0.17105752453774123,
            "pred_reduction": NaN,
            "actual_reduction": NaN,
            "trust_rejects": 0,
            "t_grad": 0.007008270011283457,
            "t_hess": 0.09859770396724343,
            "t_ls": 0.08574755897279829,
            "t_update": 5.692604463547468e-05,
            "t_iter": 0.1914888800238259,
            "trust_radius": 1.0,
            "trust_ratio": NaN,
            "trust_qp": NaN
          },
          {
            "it": 7,
            "energy": 0.34711268244613247,
            "dE": 0.014166761140614104,
            "grad_norm": 0.0011716644058402136,
            "grad_target": 1e-05,
            "grad_norm_post": NaN,
            "alpha": 0.698050873141795,
            "ksp_its": 2,
            "ls_evals": 19,
            "ls_repaired": false,
            "used_gradient_fallback": false,
            "accepted_step": true,
            "step_norm": 33.82714555406256,
            "step_rel": 0.07706505326951199,
            "pred_reduction": NaN,
            "actual_reduction": NaN,
            "trust_rejects": 0,
            "t_grad": 0.006888489006087184,
            "t_hess": 0.09186806599609554,
            "t_ls": 0.08538005297305062,
            "t_update": 5.760701606050134e-05,
            "t_iter": 0.18426290899515152,
            "trust_radius": 1.0,
            "trust_ratio": NaN,
            "trust_qp": NaN
          },
          {
            "it": 8,
            "energy": 0.3456366345027634,
            "dE": 0.0014760479433690854,
            "grad_norm": 0.00035195526462929595,
            "grad_target": 1e-05,
            "grad_norm_post": NaN,
            "alpha": 1.0764912140037388,
            "ksp_its": 2,
            "ls_evals": 19,
            "ls_repaired": false,
            "used_gradient_fallback": false,
            "accepted_step": true,
            "step_norm": 10.157466265682007,
            "step_rel": 0.023043741858791284,
            "pred_reduction": NaN,
            "actual_reduction": NaN,
            "trust_rejects": 0,
            "t_grad": 0.007770353986416012,
            "t_hess": 0.09206819901010022,
            "t_ls": 0.08548302896087989,
            "t_update": 5.8068020734936e-05,
            "t_iter": 0.18545720702968538,
            "trust_radius": 1.0,
            "trust_ratio": NaN,
            "trust_qp": NaN
          },
          {
            "it": 9,
            "energy": 0.3456336285264348,
            "dE": 3.0059763285739116e-06,
            "grad_norm": 1.718989834387706e-05,
            "grad_target": 1e-05,
            "grad_norm_post": NaN,
            "alpha": 1.0029490764837574,
            "ksp_its": 2,
            "ls_evals": 19,
            "ls_repaired": false,
            "used_gradient_fallback": false,
            "accepted_step": true,
            "step_norm": 0.45898816119151215,
            "step_rel": 0.00104678267672947,
            "pred_reduction": NaN,
            "actual_reduction": NaN,
            "trust_rejects": 0,
            "t_grad": 0.006890663004014641,
            "t_hess": 0.09177057800116017,
            "t_ls": 0.08660787099506706,
            "t_update": 5.871901521459222e-05,
            "t_iter": 0.18539490102557465,
            "trust_radius": 1.0,
            "trust_ratio": NaN,
            "trust_qp": NaN
          },
          {
            "it": 10,
            "energy": 0.3456336284987402,
            "dE": 2.7694624371576992e-11,
            "grad_norm": 5.59485638591441e-08,
            "grad_target": 1e-05,
            "grad_norm_post": 2.2207503259589546e-10,
            "alpha": 1.0036491604388849,
            "ksp_its": 2,
            "ls_evals": 19,
            "ls_repaired": false,
            "used_gradient_fallback": false,
            "accepted_step": true,
            "step_norm": 0.0014472397147280917,
            "step_rel": 3.3017440409066253e-06,
            "pred_reduction": NaN,
            "actual_reduction": NaN,
            "trust_rejects": 0,
            "t_grad": 0.007088610960636288,
            "t_hess": 0.09164137201150879,
            "t_ls": 0.08758470002794638,
            "t_update": 5.8998994063586e-05,
            "t_iter": 0.1864412740105763,
            "trust_radius": 1.0,
            "trust_ratio": NaN,
            "trust_qp": NaN
          }
        ],
        "linear_timing": [
          {
            "assemble_total_time": 0.026966876990627497,
            "setop_time": 6.058951839804649e-06,
            "set_tolerances_time": 2.895016223192215e-06,
            "pc_setup_time": 0.05595827999059111,
            "solve_time": 0.062205408001318574,
            "linear_total_time": 0.14513951895060018,
            "ksp_its": 7
          },
          {
            "assemble_total_time": 0.02511980099370703,
            "setop_time": 2.263986971229315e-06,
            "set_tolerances_time": 2.935004886239767e-06,
            "pc_setup_time": 0.04405737202614546,
            "solve_time": 0.04530660400632769,
            "linear_total_time": 0.11448897601803765,
            "ksp_its": 5
          },
          {
            "assemble_total_time": 0.025186661980114877,
            "setop_time": 1.4819670468568802e-06,
            "set_tolerances_time": 1.7529819160699844e-06,
            "pc_setup_time": 0.04415723303100094,
            "solve_time": 0.04532198701053858,
            "linear_total_time": 0.11466911697061732,
            "ksp_its": 5
          },
          {
            "assemble_total_time": 0.025091297982726246,
            "setop_time": 1.533015165477991e-06,
            "set_tolerances_time": 1.8129940144717693e-06,
            "pc_setup_time": 0.0433563599945046,
            "solve_time": 0.029831933963578194,
            "linear_total_time": 0.09828293794998899,
            "ksp_its": 3
          },
          {
            "assemble_total_time": 0.025122695020399988,
            "setop_time": 1.79302878677845e-06,
            "set_tolerances_time": 1.8330174498260021e-06,
            "pc_setup_time": 0.04430521704489365,
            "solve_time": 0.022298118972685188,
            "linear_total_time": 0.09172965708421543,
            "ksp_its": 2
          },
          {
            "assemble_total_time": 0.025018316984642297,
            "setop_time": 1.5819678083062172e-06,
            "set_tolerances_time": 2.0129955373704433e-06,
            "pc_setup_time": 0.043589744018390775,
            "solve_time": 0.029832025000359863,
            "linear_total_time": 0.09844368096673861,
            "ksp_its": 3
          },
          {
            "assemble_total_time": 0.025213262008037418,
            "setop_time": 1.4730030670762062e-06,
            "set_tolerances_time": 1.7819693312048912e-06,
            "pc_setup_time": 0.04428676801035181,
            "solve_time": 0.022207170957699418,
            "linear_total_time": 0.09171045594848692,
            "ksp_its": 2
          },
          {
            "assemble_total_time": 0.025413335009943694,
            "setop_time": 1.6230042092502117e-06,
            "set_tolerances_time": 1.7220154404640198e-06,
            "pc_setup_time": 0.044252998020965606,
            "solve_time": 0.022236365010030568,
            "linear_total_time": 0.09190604306058958,
            "ksp_its": 2
          },
          {
            "assemble_total_time": 0.025198360031936318,
            "setop_time": 1.5819678083062172e-06,
            "set_tolerances_time": 1.7120037227869034e-06,
            "pc_setup_time": 0.04418092896230519,
            "solve_time": 0.0222287829965353,
            "linear_total_time": 0.0916113659623079,
            "ksp_its": 2
          },
          {
            "assemble_total_time": 0.025211259024217725,
            "setop_time": 1.5230034478008747e-06,
            "set_tolerances_time": 1.4719553291797638e-06,
            "pc_setup_time": 0.044067176000680774,
            "solve_time": 0.02220135199604556,
            "linear_total_time": 0.09148278197972104,
            "ksp_its": 2
          }
        ]
      }
    ],
    "metadata": {
      "nprocs": 4,
      "linear_solver": {
        "ksp_type": "gmres",
        "pc_type": "hypre",
        "ksp_rtol": 0.001,
        "ksp_max_it": 200,
        "pc_setup_on_ksp_cap": false,
        "gamg_threshold": 0.05,
        "gamg_agg_nsmooths": 1,
        "gamg_set_coordinates": true,
        "assembly_mode": "fenics",
        "assembler": "FEniCSFormAssembly",
        "distribution_strategy": "dolfinx_mesh_partition",
        "trust_subproblem_solver": "direct_linear_solve",
        "trust_subproblem_line_search": false
      },
      "newton": {
        "tolf": 1e-06,
        "tolg": 1e-05,
        "tolg_rel": 0.001,
        "tolx_rel": 0.001,
        "tolx_abs": 1e-10,
        "maxit": 100,
        "require_all_convergence": true,
        "fail_on_nonfinite": true,
        "linesearch_interval": [
          -0.5,
          2.0
        ],
        "linesearch_tol": 0.001,
        "trust_region": false,
        "trust_radius_init": 1.0,
        "trust_radius_min": 1e-08,
        "trust_radius_max": 1000000.0,
        "trust_subproblem_line_search": false,
        "step_time_limit_s": null
      }
    }
  }
}
