{
  "case": {
    "problem": "gl",
    "backend": "fenics",
    "level": 8,
    "out": "/home/michal/repos/fenics_nonlinear_energies/experiment_results_cache/gl_final_suite/fenics_custom_l8_np1.json",
    "quiet": true,
    "save_history": true,
    "save_linear_timing": true,
    "steps": 1,
    "start_step": 1,
    "total_steps": 24,
    "ksp_type": "gmres",
    "pc_type": "hypre",
    "ksp_rtol": 0.001,
    "ksp_max_it": 200,
    "profile": "reference",
    "coloring_trials": 10,
    "nproc_threads": 1,
    "hvp_eval_mode": "sequential",
    "element_reorder_mode": null,
    "local_hessian_mode": null,
    "tolf": 1e-06,
    "tolg": 1e-05,
    "tolg_rel": 0.001,
    "tolx_rel": 0.001,
    "tolx_abs": 1e-10,
    "maxit": 100,
    "step_time_limit_s": null,
    "linesearch_a": -0.5,
    "linesearch_b": 2.0,
    "linesearch_tol": 0.001,
    "use_trust_region": false,
    "trust_radius_init": 1.0,
    "trust_radius_min": 1e-08,
    "trust_radius_max": 1000000.0,
    "trust_shrink": 0.5,
    "trust_expand": 1.5,
    "trust_eta_shrink": 0.05,
    "trust_eta_expand": 0.75,
    "trust_max_reject": 6,
    "trust_subproblem_line_search": false,
    "local_coloring": true,
    "retry_on_failure": false,
    "pc_setup_on_ksp_cap": false,
    "use_near_nullspace": true,
    "reorder": null,
    "gamg_threshold": 0.05,
    "gamg_agg_nsmooths": 1,
    "gamg_set_coordinates": true
  },
  "result": {
    "mesh_level": 8,
    "total_dofs": 263169,
    "free_dofs": 261121,
    "setup_time": 0.632691,
    "solve_time_total": 4.335151,
    "total_time": 4.968225,
    "steps": [
      {
        "step": 1,
        "time": 4.335151,
        "nit": 7,
        "linear_iters": 20,
        "energy": 0.3456336284987043,
        "message": "Converged (energy, step, gradient)",
        "attempt": "primary",
        "ksp_rtol_used": 0.001,
        "ksp_max_it_used": 200,
        "linesearch_interval_used": [
          -0.5,
          2.0
        ],
        "history": [
          {
            "it": 1,
            "energy": 0.5052169595237681,
            "dE": 0.16008471934504265,
            "grad_norm": 0.0018523798253277848,
            "grad_target": 1e-05,
            "grad_norm_post": NaN,
            "alpha": -0.49964995802247814,
            "ksp_its": 3,
            "ls_evals": 19,
            "ls_repaired": false,
            "used_gradient_fallback": false,
            "accepted_step": true,
            "step_norm": 109.15920267217915,
            "step_rel": 0.4264031354381998,
            "pred_reduction": NaN,
            "actual_reduction": NaN,
            "trust_rejects": 0,
            "t_grad": 0.026380172988865525,
            "t_hess": 0.28066224697977304,
            "t_ls": 0.3298354859580286,
            "t_update": 7.273099618032575e-05,
            "t_iter": 0.6370410029776394,
            "trust_radius": 1.0,
            "trust_ratio": NaN,
            "trust_qp": NaN
          },
          {
            "it": 2,
            "energy": 0.4892364597629562,
            "dE": 0.015980499760811895,
            "grad_norm": 0.002068553866801352,
            "grad_target": 1e-05,
            "grad_norm_post": NaN,
            "alpha": 4.958022118894956e-05,
            "ksp_its": 6,
            "ls_evals": 19,
            "ls_repaired": false,
            "used_gradient_fallback": false,
            "accepted_step": true,
            "step_norm": 19.98120109344528,
            "step_rel": 0.062391377603472575,
            "pred_reduction": NaN,
            "actual_reduction": NaN,
            "trust_rejects": 0,
            "t_grad": 0.026816444005817175,
            "t_hess": 0.3233208760502748,
            "t_ls": 0.3272420459543355,
            "t_update": 7.348100189119577e-05,
            "t_iter": 0.6775700149592012,
            "trust_radius": 1.0,
            "trust_ratio": NaN,
            "trust_qp": NaN
          },
          {
            "it": 3,
            "energy": 0.40401112598883715,
            "dE": 0.08522533377411906,
            "grad_norm": 0.0020507983414819833,
            "grad_target": 1e-05,
            "grad_norm_post": NaN,
            "alpha": 0.11424481152010058,
            "ksp_its": 3,
            "ls_evals": 19,
            "ls_repaired": false,
            "used_gradient_fallback": false,
            "accepted_step": true,
            "step_norm": 95.29820909585014,
            "step_rel": 0.29197518529954275,
            "pred_reduction": NaN,
            "actual_reduction": NaN,
            "trust_rejects": 0,
            "t_grad": 0.02643770899157971,
            "t_hess": 0.2593944009859115,
            "t_ls": 0.3366187260253355,
            "t_update": 8.266500663012266e-05,
            "t_iter": 0.6225999920279719,
            "trust_radius": 1.0,
            "trust_ratio": NaN,
            "trust_qp": NaN
          },
          {
            "it": 4,
            "energy": 0.3477943534392622,
            "dE": 0.05621677254957497,
            "grad_norm": 0.0017707831630545635,
            "grad_target": 1e-05,
            "grad_norm_post": NaN,
            "alpha": 0.6936851020075695,
            "ksp_its": 2,
            "ls_evals": 19,
            "ls_repaired": false,
            "used_gradient_fallback": false,
            "accepted_step": true,
            "step_norm": 70.44453946940983,
            "step_rel": 0.18236994793534198,
            "pred_reduction": NaN,
            "actual_reduction": NaN,
            "trust_rejects": 0,
            "t_grad": 0.026713987987022847,
            "t_hess": 0.23622306901961565,
            "t_ls": 0.32408873102394864,
            "t_update": 7.198902312666178e-05,
            "t_iter": 0.5871797009604052,
            "trust_radius": 1.0,
            "trust_ratio": NaN,
            "trust_qp": NaN
          },
          {
            "it": 5,
            "energy": 0.3456394242015269,
            "dE": 0.0021549292377353035,
            "grad_norm": 0.0004402375560059644,
            "grad_target": 1e-05,
            "grad_norm_post": NaN,
            "alpha": 1.0876535429450847,
            "ksp_its": 2,
            "ls_evals": 19,
            "ls_repaired": false,
            "used_gradient_fallback": false,
            "accepted_step": true,
            "step_norm": 12.035850775785319,
            "step_rel": 0.0273174621670564,
            "pred_reduction": NaN,
            "actual_reduction": NaN,
            "trust_rejects": 0,
            "t_grad": 0.026322885998524725,
            "t_hess": 0.23493758699623868,
            "t_ls": 0.324659873964265,
            "t_update": 7.763801841065288e-05,
            "t_iter": 0.5860627830261365,
            "trust_radius": 1.0,
            "trust_ratio": NaN,
            "trust_qp": NaN
          },
          {
            "it": 6,
            "energy": 0.3456336285504018,
            "dE": 5.795651125073409e-06,
            "grad_norm": 2.610006279579178e-05,
            "grad_target": 1e-05,
            "grad_norm_post": NaN,
            "alpha": 1.0033817521631254,
            "ksp_its": 2,
            "ls_evals": 19,
            "ls_repaired": false,
            "used_gradient_fallback": false,
            "accepted_step": true,
            "step_norm": 0.6255835404558221,
            "step_rel": 0.0014263319365023421,
            "pred_reduction": NaN,
            "actual_reduction": NaN,
            "trust_rejects": 0,
            "t_grad": 0.02629710698965937,
            "t_hess": 0.2348816210287623,
            "t_ls": 0.3266575160087086,
            "t_update": 7.127702701836824e-05,
            "t_iter": 0.5879775480134413,
            "trust_radius": 1.0,
            "trust_ratio": NaN,
            "trust_qp": NaN
          },
          {
            "it": 7,
            "energy": 0.3456336284987043,
            "dE": 5.169747963051918e-11,
            "grad_norm": 7.876530605718731e-08,
            "grad_target": 1e-05,
            "grad_norm_post": 3.265755775090678e-10,
            "alpha": 1.0045145117976209,
            "ksp_its": 2,
            "ls_evals": 19,
            "ls_repaired": false,
            "used_gradient_fallback": false,
            "accepted_step": true,
            "step_norm": 0.0019101899942105432,
            "step_rel": 4.357921884648361e-06,
            "pred_reduction": NaN,
            "actual_reduction": NaN,
            "trust_rejects": 0,
            "t_grad": 0.0270347929908894,
            "t_hess": 0.23565812595188618,
            "t_ls": 0.3239414910203777,
            "t_update": 7.816898869350553e-05,
            "t_iter": 0.58679360098904,
            "trust_radius": 1.0,
            "trust_ratio": NaN,
            "trust_qp": NaN
          }
        ],
        "linear_timing": [
          {
            "assemble_total_time": 0.08979441097471863,
            "setop_time": 3.174995072185993e-06,
            "set_tolerances_time": 4.01597935706377e-06,
            "pc_setup_time": 0.10655488102929667,
            "solve_time": 0.08412061398848891,
            "linear_total_time": 0.28047709696693346,
            "ksp_its": 3
          },
          {
            "assemble_total_time": 0.08517739502713084,
            "setop_time": 2.694025170058012e-06,
            "set_tolerances_time": 3.1739473342895508e-06,
            "pc_setup_time": 0.09313991799717769,
            "solve_time": 0.14478680700995028,
            "linear_total_time": 0.32310998800676316,
            "ksp_its": 6
          },
          {
            "assemble_total_time": 0.08475973102031276,
            "setop_time": 2.093031071126461e-06,
            "set_tolerances_time": 2.7549685910344124e-06,
            "pc_setup_time": 0.09092539001721889,
            "solve_time": 0.08349316200474277,
            "linear_total_time": 0.2591831310419366,
            "ksp_its": 3
          },
          {
            "assemble_total_time": 0.08497865300159901,
            "setop_time": 2.334010787308216e-06,
            "set_tolerances_time": 2.46299896389246e-06,
            "pc_setup_time": 0.0905461169895716,
            "solve_time": 0.06049803702626377,
            "linear_total_time": 0.2360276040271856,
            "ksp_its": 2
          },
          {
            "assemble_total_time": 0.08411703497404233,
            "setop_time": 2.3230095393955708e-06,
            "set_tolerances_time": 2.5539775379002094e-06,
            "pc_setup_time": 0.09032142499927431,
            "solve_time": 0.060303910984657705,
            "linear_total_time": 0.23474724794505164,
            "ksp_its": 2
          },
          {
            "assemble_total_time": 0.08434217603644356,
            "setop_time": 2.1529849618673325e-06,
            "set_tolerances_time": 2.102984581142664e-06,
            "pc_setup_time": 0.09006629697978497,
            "solve_time": 0.06028497201623395,
            "linear_total_time": 0.2346977010020055,
            "ksp_its": 2
          },
          {
            "assemble_total_time": 0.08547215699218214,
            "setop_time": 2.53401231020689e-06,
            "set_tolerances_time": 2.9949587769806385e-06,
            "pc_setup_time": 0.08991472702473402,
            "solve_time": 0.06009049800923094,
            "linear_total_time": 0.23548291099723428,
            "ksp_its": 2
          }
        ]
      }
    ],
    "metadata": {
      "nprocs": 1,
      "linear_solver": {
        "ksp_type": "gmres",
        "pc_type": "hypre",
        "ksp_rtol": 0.001,
        "ksp_max_it": 200,
        "pc_setup_on_ksp_cap": false,
        "gamg_threshold": 0.05,
        "gamg_agg_nsmooths": 1,
        "gamg_set_coordinates": true,
        "assembly_mode": "fenics",
        "assembler": "FEniCSFormAssembly",
        "distribution_strategy": "dolfinx_mesh_partition",
        "trust_subproblem_solver": "direct_linear_solve",
        "trust_subproblem_line_search": false
      },
      "newton": {
        "tolf": 1e-06,
        "tolg": 1e-05,
        "tolg_rel": 0.001,
        "tolx_rel": 0.001,
        "tolx_abs": 1e-10,
        "maxit": 100,
        "require_all_convergence": true,
        "fail_on_nonfinite": true,
        "linesearch_interval": [
          -0.5,
          2.0
        ],
        "linesearch_tol": 0.001,
        "trust_region": false,
        "trust_radius_init": 1.0,
        "trust_radius_min": 1e-08,
        "trust_radius_max": 1000000.0,
        "trust_subproblem_line_search": false,
        "step_time_limit_s": null
      }
    }
  }
}
