{
  "case": {
    "problem": "gl",
    "backend": "fenics",
    "level": 7,
    "out": "/home/michal/repos/fenics_nonlinear_energies/experiment_results_cache/gl_final_suite/fenics_custom_l7_np16.json",
    "quiet": true,
    "save_history": true,
    "save_linear_timing": true,
    "steps": 1,
    "start_step": 1,
    "total_steps": 24,
    "ksp_type": "gmres",
    "pc_type": "hypre",
    "ksp_rtol": 0.001,
    "ksp_max_it": 200,
    "profile": "reference",
    "coloring_trials": 10,
    "nproc_threads": 1,
    "hvp_eval_mode": "sequential",
    "element_reorder_mode": null,
    "local_hessian_mode": null,
    "tolf": 1e-06,
    "tolg": 1e-05,
    "tolg_rel": 0.001,
    "tolx_rel": 0.001,
    "tolx_abs": 1e-10,
    "maxit": 100,
    "step_time_limit_s": null,
    "linesearch_a": -0.5,
    "linesearch_b": 2.0,
    "linesearch_tol": 0.001,
    "use_trust_region": false,
    "trust_radius_init": 1.0,
    "trust_radius_min": 1e-08,
    "trust_radius_max": 1000000.0,
    "trust_shrink": 0.5,
    "trust_expand": 1.5,
    "trust_eta_shrink": 0.05,
    "trust_eta_expand": 0.75,
    "trust_max_reject": 6,
    "trust_subproblem_line_search": false,
    "local_coloring": true,
    "retry_on_failure": false,
    "pc_setup_on_ksp_cap": false,
    "use_near_nullspace": true,
    "reorder": null,
    "gamg_threshold": 0.05,
    "gamg_agg_nsmooths": 1,
    "gamg_set_coordinates": true
  },
  "result": {
    "mesh_level": 7,
    "total_dofs": 66049,
    "free_dofs": 65898,
    "setup_time": 0.174109,
    "solve_time_total": 0.303786,
    "total_time": 0.477991,
    "steps": [
      {
        "step": 1,
        "time": 0.303786,
        "nit": 7,
        "linear_iters": 30,
        "energy": 0.34566226111360876,
        "message": "Converged (energy, step, gradient)",
        "attempt": "primary",
        "ksp_rtol_used": 0.001,
        "ksp_max_it_used": 200,
        "linesearch_interval_used": [
          -0.5,
          2.0
        ],
        "history": [
          {
            "it": 1,
            "energy": 0.5340481770057659,
            "dE": 0.1312615054609687,
            "grad_norm": 0.00370460376965253,
            "grad_target": 1e-05,
            "grad_norm_post": NaN,
            "alpha": -0.29935009235198506,
            "ksp_its": 9,
            "ls_evals": 19,
            "ls_repaired": false,
            "used_gradient_fallback": false,
            "accepted_step": true,
            "step_norm": 70.15693127145839,
            "step_rel": 0.5481010255582687,
            "pred_reduction": NaN,
            "actual_reduction": NaN,
            "trust_rejects": 0,
            "t_grad": 0.0008585010073147714,
            "t_hess": 0.04610895400401205,
            "t_ls": 0.007945462013594806,
            "t_update": 1.1606956832110882e-05,
            "t_iter": 0.05496940400917083,
            "trust_radius": 1.0,
            "trust_ratio": NaN,
            "trust_qp": NaN
          },
          {
            "it": 2,
            "energy": 0.5103731077687419,
            "dE": 0.023675069237024005,
            "grad_norm": 0.0039012554339461995,
            "grad_target": 1e-05,
            "grad_norm_post": NaN,
            "alpha": 0.3529322517004255,
            "ksp_its": 6,
            "ls_evals": 19,
            "ls_repaired": false,
            "used_gradient_fallback": false,
            "accepted_step": true,
            "step_norm": 42.355871809221064,
            "step_rel": 0.24975523743613606,
            "pred_reduction": NaN,
            "actual_reduction": NaN,
            "trust_rejects": 0,
            "t_grad": 0.000615892990026623,
            "t_hess": 0.036592310993000865,
            "t_ls": 0.007316318980883807,
            "t_update": 1.1897995136678219e-05,
            "t_iter": 0.04456372297136113,
            "trust_radius": 1.0,
            "trust_ratio": NaN,
            "trust_qp": NaN
          },
          {
            "it": 3,
            "energy": 0.44020601794562225,
            "dE": 0.07016708982311964,
            "grad_norm": 0.002325472082975332,
            "grad_target": 1e-05,
            "grad_norm_post": NaN,
            "alpha": -0.4553311770643701,
            "ksp_its": 5,
            "ls_evals": 19,
            "ls_repaired": false,
            "used_gradient_fallback": false,
            "accepted_step": true,
            "step_norm": 70.335628270536,
            "step_rel": 0.3774923199378412,
            "pred_reduction": NaN,
            "actual_reduction": NaN,
            "trust_rejects": 0,
            "t_grad": 0.0005865889834240079,
            "t_hess": 0.03451200801646337,
            "t_ls": 0.007178939995355904,
            "t_update": 1.1797994375228882e-05,
            "t_iter": 0.042316646955441684,
            "trust_radius": 1.0,
            "trust_ratio": NaN,
            "trust_qp": NaN
          },
          {
            "it": 4,
            "energy": 0.36940560683416834,
            "dE": 0.07080041111145391,
            "grad_norm": 0.003790848103296563,
            "grad_target": 1e-05,
            "grad_norm_post": NaN,
            "alpha": 0.23830434472201045,
            "ksp_its": 4,
            "ls_evals": 19,
            "ls_repaired": false,
            "used_gradient_fallback": false,
            "accepted_step": true,
            "step_norm": 52.5001499679309,
            "step_rel": 0.26238427358185384,
            "pred_reduction": NaN,
            "actual_reduction": NaN,
            "trust_rejects": 0,
            "t_grad": 0.0006109660025686026,
            "t_hess": 0.03157180204289034,
            "t_ls": 0.007191248994786292,
            "t_update": 1.1818017810583115e-05,
            "t_iter": 0.039412474958226085,
            "trust_radius": 1.0,
            "trust_ratio": NaN,
            "trust_qp": NaN
          },
          {
            "it": 5,
            "energy": 0.3461646374630179,
            "dE": 0.023240969371150444,
            "grad_norm": 0.0027732414712895496,
            "grad_target": 1e-05,
            "grad_norm_post": NaN,
            "alpha": 0.9116133196190661,
            "ksp_its": 2,
            "ls_evals": 19,
            "ls_repaired": false,
            "used_gradient_fallback": false,
            "accepted_step": true,
            "step_norm": 18.745112840412304,
            "step_rel": 0.08734893255591618,
            "pred_reduction": NaN,
            "actual_reduction": NaN,
            "trust_rejects": 0,
            "t_grad": 0.0006035149563103914,
            "t_hess": 0.02681511198170483,
            "t_ls": 0.007266753993462771,
            "t_update": 1.1897995136678219e-05,
            "t_iter": 0.034723708988167346,
            "trust_radius": 1.0,
            "trust_ratio": NaN,
            "trust_qp": NaN
          },
          {
            "it": 6,
            "energy": 0.3456625872284603,
            "dE": 0.0005020502345575717,
            "grad_norm": 0.00038035270558345997,
            "grad_target": 1e-05,
            "grad_norm_post": NaN,
            "alpha": 1.0431694945833099,
            "ksp_its": 2,
            "ls_evals": 19,
            "ls_repaired": false,
            "used_gradient_fallback": false,
            "accepted_step": true,
            "step_norm": 3.0510593592802286,
            "step_rel": 0.01380665204614744,
            "pred_reduction": NaN,
            "actual_reduction": NaN,
            "trust_rejects": 0,
            "t_grad": 0.0005852770409546793,
            "t_hess": 0.02746095199836418,
            "t_ls": 0.008328733965754509,
            "t_update": 1.6605015844106674e-05,
            "t_iter": 0.03641643503215164,
            "trust_radius": 1.0,
            "trust_ratio": NaN,
            "trust_qp": NaN
          },
          {
            "it": 7,
            "energy": 0.34566226111360876,
            "dE": 3.261148515676382e-07,
            "grad_norm": 9.587088206143044e-06,
            "grad_target": 1e-05,
            "grad_norm_post": 2.8509064188238873e-08,
            "alpha": 1.0015489085735025,
            "ksp_its": 2,
            "ls_evals": 19,
            "ls_repaired": false,
            "used_gradient_fallback": false,
            "accepted_step": true,
            "step_norm": 0.07971629780227917,
            "step_rel": 0.00036375793891287744,
            "pred_reduction": NaN,
            "actual_reduction": NaN,
            "trust_rejects": 0,
            "t_grad": 0.0005805300315842032,
            "t_hess": 0.026238518010359257,
            "t_ls": 0.007226122019346803,
            "t_update": 1.1857948265969753e-05,
            "t_iter": 0.03408266697078943,
            "trust_radius": 1.0,
            "trust_ratio": NaN,
            "trust_qp": NaN
          }
        ],
        "linear_timing": [
          {
            "assemble_total_time": 0.0022689890465699136,
            "setop_time": 6.679969374090433e-06,
            "set_tolerances_time": 1.8929713405668736e-06,
            "pc_setup_time": 0.02164471597643569,
            "solve_time": 0.022045113029889762,
            "linear_total_time": 0.045967390993610024,
            "ksp_its": 9
          },
          {
            "assemble_total_time": 0.0018171740230172873,
            "setop_time": 1.2919772416353226e-06,
            "set_tolerances_time": 1.6320263966917992e-06,
            "pc_setup_time": 0.01974161103134975,
            "solve_time": 0.014941244968213141,
            "linear_total_time": 0.036502954026218504,
            "ksp_its": 6
          },
          {
            "assemble_total_time": 0.0017888920265249908,
            "setop_time": 1.1320225894451141e-06,
            "set_tolerances_time": 1.2219534255564213e-06,
            "pc_setup_time": 0.019519765046425164,
            "solve_time": 0.01311540900496766,
            "linear_total_time": 0.034426420053932816,
            "ksp_its": 5
          },
          {
            "assemble_total_time": 0.001793687988538295,
            "setop_time": 9.809737093746662e-07,
            "set_tolerances_time": 1.1820229701697826e-06,
            "pc_setup_time": 0.019142283010296524,
            "solve_time": 0.01054892799584195,
            "linear_total_time": 0.03148706199135631,
            "ksp_its": 4
          },
          {
            "assemble_total_time": 0.0018074699910357594,
            "setop_time": 1.0809744708240032e-06,
            "set_tolerances_time": 1.1209631338715553e-06,
            "pc_setup_time": 0.01860448799561709,
            "solve_time": 0.006315632024779916,
            "linear_total_time": 0.026729791949037462,
            "ksp_its": 2
          },
          {
            "assemble_total_time": 0.0017839340143837035,
            "setop_time": 8.110073395073414e-07,
            "set_tolerances_time": 1.201988197863102e-06,
            "pc_setup_time": 0.019165448029525578,
            "solve_time": 0.006423786981031299,
            "linear_total_time": 0.02737518202047795,
            "ksp_its": 2
          },
          {
            "assemble_total_time": 0.0017969429609365761,
            "setop_time": 8.110073395073414e-07,
            "set_tolerances_time": 1.392036210745573e-06,
            "pc_setup_time": 0.018388549971859902,
            "solve_time": 0.00596636300906539,
            "linear_total_time": 0.02615405898541212,
            "ksp_its": 2
          }
        ]
      }
    ],
    "metadata": {
      "nprocs": 16,
      "linear_solver": {
        "ksp_type": "gmres",
        "pc_type": "hypre",
        "ksp_rtol": 0.001,
        "ksp_max_it": 200,
        "pc_setup_on_ksp_cap": false,
        "gamg_threshold": 0.05,
        "gamg_agg_nsmooths": 1,
        "gamg_set_coordinates": true,
        "assembly_mode": "fenics",
        "assembler": "FEniCSFormAssembly",
        "distribution_strategy": "dolfinx_mesh_partition",
        "trust_subproblem_solver": "direct_linear_solve",
        "trust_subproblem_line_search": false
      },
      "newton": {
        "tolf": 1e-06,
        "tolg": 1e-05,
        "tolg_rel": 0.001,
        "tolx_rel": 0.001,
        "tolx_abs": 1e-10,
        "maxit": 100,
        "require_all_convergence": true,
        "fail_on_nonfinite": true,
        "linesearch_interval": [
          -0.5,
          2.0
        ],
        "linesearch_tol": 0.001,
        "trust_region": false,
        "trust_radius_init": 1.0,
        "trust_radius_min": 1e-08,
        "trust_radius_max": 1000000.0,
        "trust_subproblem_line_search": false,
        "step_time_limit_s": null
      }
    }
  }
}
