An NVIDIA GPU may be present on this machine, but a CUDA-enabled jaxlib is not installed. Falling back to cpu.
An NVIDIA GPU may be present on this machine, but a CUDA-enabled jaxlib is not installed. Falling back to cpu.
An NVIDIA GPU may be present on this machine, but a CUDA-enabled jaxlib is not installed. Falling back to cpu.
An NVIDIA GPU may be present on this machine, but a CUDA-enabled jaxlib is not installed. Falling back to cpu.
{
  "case": {
    "problem": "gl",
    "backend": "element",
    "level": 8,
    "out": "/home/michal/repos/fenics_nonlinear_energies/experiment_results_cache/gl_final_suite/jax_petsc_local_sfd_l8_np4.json",
    "quiet": true,
    "save_history": true,
    "save_linear_timing": true,
    "steps": 1,
    "start_step": 1,
    "total_steps": 24,
    "ksp_type": "gmres",
    "pc_type": "hypre",
    "ksp_rtol": 0.001,
    "ksp_max_it": 200,
    "profile": "reference",
    "coloring_trials": 10,
    "nproc_threads": 1,
    "hvp_eval_mode": "sequential",
    "element_reorder_mode": "block_xyz",
    "local_hessian_mode": "sfd_local",
    "tolf": 1e-06,
    "tolg": 1e-05,
    "tolg_rel": 0.001,
    "tolx_rel": 0.001,
    "tolx_abs": 1e-10,
    "maxit": 100,
    "step_time_limit_s": null,
    "linesearch_a": -0.5,
    "linesearch_b": 2.0,
    "linesearch_tol": 0.001,
    "use_trust_region": false,
    "trust_radius_init": 1.0,
    "trust_radius_min": 1e-08,
    "trust_radius_max": 1000000.0,
    "trust_shrink": 0.5,
    "trust_expand": 1.5,
    "trust_eta_shrink": 0.05,
    "trust_eta_expand": 0.75,
    "trust_max_reject": 6,
    "trust_subproblem_line_search": false,
    "local_coloring": true,
    "retry_on_failure": false,
    "pc_setup_on_ksp_cap": false,
    "use_near_nullspace": true,
    "reorder": null,
    "gamg_threshold": 0.05,
    "gamg_agg_nsmooths": 1,
    "gamg_set_coordinates": true
  },
  "result": {
    "mesh_level": 8,
    "total_dofs": 263169,
    "free_dofs": 261121,
    "setup_time": 1.854934,
    "solve_time_total": 1.452441,
    "total_time": 3.493274,
    "steps": [
      {
        "step": 1,
        "time": 1.452441,
        "nit": 7,
        "linear_iters": 24,
        "energy": 0.3456336282715494,
        "message": "Converged (energy, step, gradient)",
        "attempt": "primary",
        "ksp_rtol_used": 0.001,
        "ksp_max_it_used": 200,
        "linesearch_interval_used": [
          -0.5,
          2.0
        ],
        "history": [
          {
            "it": 1,
            "energy": 0.5015164623346353,
            "dE": 0.1637852165329623,
            "grad_norm": 0.0018523798253574071,
            "grad_target": 1e-05,
            "grad_norm_post": NaN,
            "alpha": -0.3277080975548555,
            "ksp_its": 6,
            "ls_evals": 19,
            "ls_repaired": false,
            "used_gradient_fallback": false,
            "accepted_step": true,
            "step_norm": 153.2742542309945,
            "step_rel": 0.5987275555898223,
            "pred_reduction": NaN,
            "actual_reduction": NaN,
            "trust_rejects": 0,
            "t_grad": 0.004070071037858725,
            "t_hess": 0.16092003002995625,
            "t_ls": 0.06555158802075312,
            "t_update": 4.114297917112708e-05,
            "t_iter": 0.230666799005121,
            "trust_radius": 1.0,
            "trust_ratio": NaN,
            "trust_qp": NaN
          },
          {
            "it": 2,
            "energy": 0.5003570157831574,
            "dE": 0.0011594465514779273,
            "grad_norm": 0.00184653185953025,
            "grad_target": 1e-05,
            "grad_norm_post": NaN,
            "alpha": -0.2648956132968753,
            "ksp_its": 5,
            "ls_evals": 19,
            "ls_repaired": false,
            "used_gradient_fallback": false,
            "accepted_step": true,
            "step_norm": 49.17298595237794,
            "step_rel": 0.1361599288346078,
            "pred_reduction": NaN,
            "actual_reduction": NaN,
            "trust_rejects": 0,
            "t_grad": 0.0040764110162854195,
            "t_hess": 0.14701183699071407,
            "t_ls": 0.06570156500674784,
            "t_update": 4.099204670637846e-05,
            "t_iter": 0.2169079520390369,
            "trust_radius": 1.0,
            "trust_ratio": NaN,
            "trust_qp": NaN
          },
          {
            "it": 3,
            "energy": 0.46649635566628667,
            "dE": 0.03386066011687072,
            "grad_norm": 0.002323702122316639,
            "grad_target": 1e-05,
            "grad_norm_post": NaN,
            "alpha": -0.16002986734988134,
            "ksp_its": 5,
            "ls_evals": 19,
            "ls_repaired": false,
            "used_gradient_fallback": false,
            "accepted_step": true,
            "step_norm": 79.05615648957642,
            "step_rel": 0.22181287449822645,
            "pred_reduction": NaN,
            "actual_reduction": NaN,
            "trust_rejects": 0,
            "t_grad": 0.003920084040146321,
            "t_hess": 0.14713859895709902,
            "t_ls": 0.0650944960070774,
            "t_update": 3.982102498412132e-05,
            "t_iter": 0.21627076697768643,
            "trust_radius": 1.0,
            "trust_ratio": NaN,
            "trust_qp": NaN
          },
          {
            "it": 4,
            "energy": 0.35844985594565,
            "dE": 0.10804649972063668,
            "grad_norm": 0.002635482494422775,
            "grad_target": 1e-05,
            "grad_norm_post": NaN,
            "alpha": 0.43747145075795635,
            "ksp_its": 2,
            "ls_evals": 19,
            "ls_repaired": false,
            "used_gradient_fallback": false,
            "accepted_step": true,
            "step_norm": 95.37781247653105,
            "step_rel": 0.2534604876571529,
            "pred_reduction": NaN,
            "actual_reduction": NaN,
            "trust_rejects": 0,
            "t_grad": 0.004050299990922213,
            "t_hess": 0.12826272600796074,
            "t_ls": 0.06605314696207643,
            "t_update": 3.9579987060278654e-05,
            "t_iter": 0.1985050740186125,
            "trust_radius": 1.0,
            "trust_ratio": NaN,
            "trust_qp": NaN
          },
          {
            "it": 5,
            "energy": 0.3457449453832797,
            "dE": 0.012704910562370275,
            "grad_norm": 0.0012405345982030192,
            "grad_target": 1e-05,
            "grad_norm_post": NaN,
            "alpha": 1.032439841321332,
            "ksp_its": 2,
            "ls_evals": 19,
            "ls_repaired": false,
            "used_gradient_fallback": false,
            "accepted_step": true,
            "step_norm": 25.924140946905695,
            "step_rel": 0.05891382181629682,
            "pred_reduction": NaN,
            "actual_reduction": NaN,
            "trust_rejects": 0,
            "t_grad": 0.004018352017737925,
            "t_hess": 0.12757455400424078,
            "t_ls": 0.06532071699621156,
            "t_update": 3.966002259403467e-05,
            "t_iter": 0.1970340259722434,
            "trust_radius": 1.0,
            "trust_ratio": NaN,
            "trust_qp": NaN
          },
          {
            "it": 6,
            "energy": 0.3456336300692024,
            "dE": 0.00011131531407732043,
            "grad_norm": 8.989009056299917e-05,
            "grad_target": 1e-05,
            "grad_norm_post": NaN,
            "alpha": 1.0125459701112398,
            "ksp_its": 2,
            "ls_evals": 19,
            "ls_repaired": false,
            "used_gradient_fallback": false,
            "accepted_step": true,
            "step_norm": 2.76501155217031,
            "step_rel": 0.0062760959036498075,
            "pred_reduction": NaN,
            "actual_reduction": NaN,
            "trust_rejects": 0,
            "t_grad": 0.004022769047878683,
            "t_hess": 0.12479441397590563,
            "t_ls": 0.06513818097300828,
            "t_update": 3.822799772024155e-05,
            "t_iter": 0.19408096396364272,
            "trust_radius": 1.0,
            "trust_ratio": NaN,
            "trust_qp": NaN
          },
          {
            "it": 7,
            "energy": 0.3456336282715494,
            "dE": 1.7976529709251565e-09,
            "grad_norm": 4.853557605442413e-07,
            "grad_target": 1e-05,
            "grad_norm_post": 8.697336462127742e-10,
            "alpha": 0.9999834732596391,
            "ksp_its": 2,
            "ls_evals": 19,
            "ls_repaired": false,
            "used_gradient_fallback": false,
            "accepted_step": true,
            "step_norm": 0.010704421441592026,
            "step_rel": 2.4421317720448213e-05,
            "pred_reduction": NaN,
            "actual_reduction": NaN,
            "trust_rejects": 0,
            "t_grad": 0.003997440973762423,
            "t_hess": 0.12259867996908724,
            "t_ls": 0.06474751001223922,
            "t_update": 4.0161015931516886e-05,
            "t_iter": 0.19146056799218059,
            "trust_radius": 1.0,
            "trust_ratio": NaN,
            "trust_qp": NaN
          }
        ],
        "linear_timing": [
          {
            "assemble_total_time": 0.0628310390166007,
            "assemble_p2p_exchange": 0.000824838993139565,
            "assemble_hvp_compute": 0.05613891000393778,
            "assemble_extraction": 0.0014470710302703083,
            "assemble_coo_assembly": 0.00433364900527522,
            "assemble_n_hvps": 7,
            "setop_time": 5.568028427660465e-06,
            "set_tolerances_time": 1.9630533643066883e-06,
            "pc_setup_time": 0.05285096203442663,
            "solve_time": 0.04513789701741189,
            "linear_total_time": 0.16082742915023118,
            "ksp_its": 6
          },
          {
            "assemble_total_time": 0.06346035201568156,
            "assemble_p2p_exchange": 0.0008267210214398801,
            "assemble_hvp_compute": 0.05616037198342383,
            "assemble_extraction": 0.002063623978756368,
            "assemble_coo_assembly": 0.004325497022364289,
            "assemble_n_hvps": 7,
            "setop_time": 3.174995072185993e-06,
            "set_tolerances_time": 2.373999450355768e-06,
            "pc_setup_time": 0.045527637004852295,
            "solve_time": 0.03792833298211917,
            "linear_total_time": 0.14692187099717557,
            "ksp_its": 5
          },
          {
            "assemble_total_time": 0.06395987898577005,
            "assemble_p2p_exchange": 0.0008360050269402564,
            "assemble_hvp_compute": 0.05614921497181058,
            "assemble_extraction": 0.0017860940424725413,
            "assemble_coo_assembly": 0.005112178041599691,
            "assemble_n_hvps": 7,
            "setop_time": 2.8740032576024532e-06,
            "set_tolerances_time": 1.7330166883766651e-06,
            "pc_setup_time": 0.04532587097492069,
            "solve_time": 0.037764895998407155,
            "linear_total_time": 0.14705525297904387,
            "ksp_its": 5
          },
          {
            "assemble_total_time": 0.06348416797118261,
            "assemble_p2p_exchange": 0.0008158840355463326,
            "assemble_hvp_compute": 0.05761441303184256,
            "assemble_extraction": 0.0012796869850717485,
            "assemble_coo_assembly": 0.0037006920319981873,
            "assemble_n_hvps": 7,
            "setop_time": 2.554035745561123e-06,
            "set_tolerances_time": 2.142973244190216e-06,
            "pc_setup_time": 0.04620066500501707,
            "solve_time": 0.018487836001440883,
            "linear_total_time": 0.12817736598663032,
            "ksp_its": 2
          },
          {
            "assemble_total_time": 0.06256794196087867,
            "assemble_p2p_exchange": 0.0008165559847839177,
            "assemble_hvp_compute": 0.055816942011006176,
            "assemble_extraction": 0.0015793609782122076,
            "assemble_coo_assembly": 0.0042743709636852145,
            "assemble_n_hvps": 7,
            "setop_time": 2.2239983081817627e-06,
            "set_tolerances_time": 2.133019734174013e-06,
            "pc_setup_time": 0.0459923209855333,
            "solve_time": 0.018928483012132347,
            "linear_total_time": 0.12749310297658667,
            "ksp_its": 2
          },
          {
            "assemble_total_time": 0.060686102020554245,
            "assemble_p2p_exchange": 0.0007753830286674201,
            "assemble_hvp_compute": 0.05332831497071311,
            "assemble_extraction": 0.0018821190460585058,
            "assemble_coo_assembly": 0.004624930035788566,
            "assemble_n_hvps": 7,
            "setop_time": 2.6539782993495464e-06,
            "set_tolerances_time": 1.7829588614404202e-06,
            "pc_setup_time": 0.04527196899289265,
            "solve_time": 0.0187466069473885,
            "linear_total_time": 0.12470911489799619,
            "ksp_its": 2
          },
          {
            "assemble_total_time": 0.05937261402141303,
            "assemble_p2p_exchange": 0.000777606968767941,
            "assemble_hvp_compute": 0.05434739601332694,
            "assemble_extraction": 0.0012571319821290672,
            "assemble_coo_assembly": 0.002917907026130706,
            "assemble_n_hvps": 7,
            "setop_time": 2.734013833105564e-06,
            "set_tolerances_time": 1.893029548227787e-06,
            "pc_setup_time": 0.044834827014710754,
            "solve_time": 0.018301994015928358,
            "linear_total_time": 0.12251406209543347,
            "ksp_its": 2
          }
        ]
      }
    ],
    "metadata": {
      "profile": "reference",
      "nprocs": 4,
      "nproc_threads": 1,
      "linear_solver": {
        "ksp_type": "gmres",
        "pc_type": "hypre",
        "ksp_rtol": 0.001,
        "ksp_max_it": 200,
        "pc_setup_on_ksp_cap": false,
        "gamg_threshold": 0.05,
        "gamg_agg_nsmooths": 1,
        "gamg_set_coordinates": true,
        "reorder": true,
        "hvp_eval_mode": "sfd_local_batched",
        "assembly_mode": "element",
        "element_reorder_mode": "block_xyz",
        "local_hessian_mode": "sfd_local",
        "distribution_strategy": "overlap_allgather",
        "assembler": "GLReorderedElementAssembler",
        "trust_subproblem_solver": "direct_linear_solve",
        "trust_subproblem_line_search": false
      },
      "newton": {
        "tolf": 1e-06,
        "tolg": 1e-05,
        "tolg_rel": 0.001,
        "tolx_rel": 0.001,
        "tolx_abs": 1e-10,
        "maxit": 100,
        "require_all_convergence": true,
        "fail_on_nonfinite": true,
        "linesearch_interval": [
          -0.5,
          2.0
        ],
        "linesearch_tol": 0.001,
        "trust_region": false,
        "trust_radius_init": 1.0,
        "trust_radius_min": 1e-08,
        "trust_radius_max": 1000000.0,
        "trust_subproblem_line_search": false,
        "step_time_limit_s": null
      }
    }
  }
}
