An NVIDIA GPU may be present on this machine, but a CUDA-enabled jaxlib is not installed. Falling back to cpu.
An NVIDIA GPU may be present on this machine, but a CUDA-enabled jaxlib is not installed. Falling back to cpu.
{
  "case": {
    "problem": "gl",
    "backend": "element",
    "level": 8,
    "out": "/home/michal/repos/fenics_nonlinear_energies/experiment_results_cache/gl_final_suite/jax_petsc_local_sfd_l8_np2.json",
    "quiet": true,
    "save_history": true,
    "save_linear_timing": true,
    "steps": 1,
    "start_step": 1,
    "total_steps": 24,
    "ksp_type": "gmres",
    "pc_type": "hypre",
    "ksp_rtol": 0.001,
    "ksp_max_it": 200,
    "profile": "reference",
    "coloring_trials": 10,
    "nproc_threads": 1,
    "hvp_eval_mode": "sequential",
    "element_reorder_mode": "block_xyz",
    "local_hessian_mode": "sfd_local",
    "tolf": 1e-06,
    "tolg": 1e-05,
    "tolg_rel": 0.001,
    "tolx_rel": 0.001,
    "tolx_abs": 1e-10,
    "maxit": 100,
    "step_time_limit_s": null,
    "linesearch_a": -0.5,
    "linesearch_b": 2.0,
    "linesearch_tol": 0.001,
    "use_trust_region": false,
    "trust_radius_init": 1.0,
    "trust_radius_min": 1e-08,
    "trust_radius_max": 1000000.0,
    "trust_shrink": 0.5,
    "trust_expand": 1.5,
    "trust_eta_shrink": 0.05,
    "trust_eta_expand": 0.75,
    "trust_max_reject": 6,
    "trust_subproblem_line_search": false,
    "local_coloring": true,
    "retry_on_failure": false,
    "pc_setup_on_ksp_cap": false,
    "use_near_nullspace": true,
    "reorder": null,
    "gamg_threshold": 0.05,
    "gamg_agg_nsmooths": 1,
    "gamg_set_coordinates": true
  },
  "result": {
    "mesh_level": 8,
    "total_dofs": 263169,
    "free_dofs": 261121,
    "setup_time": 2.49083,
    "solve_time_total": 1.782104,
    "total_time": 4.447643,
    "steps": [
      {
        "step": 1,
        "time": 1.782104,
        "nit": 7,
        "linear_iters": 30,
        "energy": 0.34563362827179656,
        "message": "Converged (energy, step, gradient)",
        "attempt": "primary",
        "ksp_rtol_used": 0.001,
        "ksp_max_it_used": 200,
        "linesearch_interval_used": [
          -0.5,
          2.0
        ],
        "history": [
          {
            "it": 1,
            "energy": 0.5480061423464686,
            "dE": 0.117295536521129,
            "grad_norm": 0.0018523798253574073,
            "grad_target": 1e-05,
            "grad_norm_post": NaN,
            "alpha": -0.28565483586584184,
            "ksp_its": 9,
            "ls_evals": 19,
            "ls_repaired": false,
            "used_gradient_fallback": false,
            "accepted_step": true,
            "step_norm": 135.39141679668757,
            "step_rel": 0.5288727218620608,
            "pred_reduction": NaN,
            "actual_reduction": NaN,
            "trust_rejects": 0,
            "t_grad": 0.005107072007376701,
            "t_hess": 0.2256044290261343,
            "t_ls": 0.07524771202588454,
            "t_update": 4.4988002628088e-05,
            "t_iter": 0.3060911530046724,
            "trust_radius": 1.0,
            "trust_ratio": NaN,
            "trust_qp": NaN
          },
          {
            "it": 2,
            "energy": 0.5097369307783963,
            "dE": 0.03826921156807228,
            "grad_norm": 0.0019808499819499907,
            "grad_target": 1e-05,
            "grad_norm_post": NaN,
            "alpha": 0.3492665645212437,
            "ksp_its": 6,
            "ls_evals": 19,
            "ls_repaired": false,
            "used_gradient_fallback": false,
            "accepted_step": true,
            "step_norm": 95.37050660505069,
            "step_rel": 0.2886046263709471,
            "pred_reduction": NaN,
            "actual_reduction": NaN,
            "trust_rejects": 0,
            "t_grad": 0.0050637570093385875,
            "t_hess": 0.18730922497343272,
            "t_ls": 0.07558085699565709,
            "t_update": 4.5669032260775566e-05,
            "t_iter": 0.2680813829647377,
            "trust_radius": 1.0,
            "trust_ratio": NaN,
            "trust_qp": NaN
          },
          {
            "it": 3,
            "energy": 0.44223534308413914,
            "dE": 0.06750158769425718,
            "grad_norm": 0.0011149253243434203,
            "grad_target": 1e-05,
            "grad_norm_post": NaN,
            "alpha": -0.34436895726513683,
            "ksp_its": 5,
            "ls_evals": 19,
            "ls_repaired": false,
            "used_gradient_fallback": false,
            "accepted_step": true,
            "step_norm": 135.7187254307466,
            "step_rel": 0.36260420210119026,
            "pred_reduction": NaN,
            "actual_reduction": NaN,
            "trust_rejects": 0,
            "t_grad": 0.005014912982005626,
            "t_hess": 0.1792070849915035,
            "t_ls": 0.07540607202099636,
            "t_update": 4.500802606344223e-05,
            "t_iter": 0.2597562939627096,
            "trust_radius": 1.0,
            "trust_ratio": NaN,
            "trust_qp": NaN
          },
          {
            "it": 4,
            "energy": 0.3659890135090281,
            "dE": 0.07624632957511102,
            "grad_norm": 0.001751197909641278,
            "grad_target": 1e-05,
            "grad_norm_post": NaN,
            "alpha": 0.2807902820905276,
            "ksp_its": 4,
            "ls_evals": 19,
            "ls_repaired": false,
            "used_gradient_fallback": false,
            "accepted_step": true,
            "step_norm": 112.8805196488801,
            "step_rel": 0.2802559107548766,
            "pred_reduction": NaN,
            "actual_reduction": NaN,
            "trust_rejects": 0,
            "t_grad": 0.005030105996411294,
            "t_hess": 0.16800837899791077,
            "t_ls": 0.07527658500475809,
            "t_update": 4.693103255704045e-05,
            "t_iter": 0.24843920901184902,
            "trust_radius": 1.0,
            "trust_ratio": NaN,
            "trust_qp": NaN
          },
          {
            "it": 5,
            "energy": 0.3460212523450884,
            "dE": 0.019967761163939723,
            "grad_norm": 0.0012934452671754196,
            "grad_target": 1e-05,
            "grad_norm_post": NaN,
            "alpha": 0.9357708210913807,
            "ksp_its": 2,
            "ls_evals": 19,
            "ls_repaired": false,
            "used_gradient_fallback": false,
            "accepted_step": true,
            "step_norm": 34.35260318967446,
            "step_rel": 0.07948487217547887,
            "pred_reduction": NaN,
            "actual_reduction": NaN,
            "trust_rejects": 0,
            "t_grad": 0.005001793033443391,
            "t_hess": 0.14953533897642046,
            "t_ls": 0.0765330379945226,
            "t_update": 4.560902016237378e-05,
            "t_iter": 0.23120173899224028,
            "trust_radius": 1.0,
            "trust_ratio": NaN,
            "trust_qp": NaN
          },
          {
            "it": 6,
            "energy": 0.34563382323375125,
            "dE": 0.0003874291113371564,
            "grad_norm": 0.00016328833985461408,
            "grad_target": 1e-05,
            "grad_norm_post": NaN,
            "alpha": 1.041769326673055,
            "ksp_its": 2,
            "ls_evals": 19,
            "ls_repaired": false,
            "used_gradient_fallback": false,
            "accepted_step": true,
            "step_norm": 5.462653172620827,
            "step_rel": 0.01237337269143283,
            "pred_reduction": NaN,
            "actual_reduction": NaN,
            "trust_rejects": 0,
            "t_grad": 0.005173262034077197,
            "t_hess": 0.1493110900046304,
            "t_ls": 0.07540698297088966,
            "t_update": 4.439696203917265e-05,
            "t_iter": 0.2300148420035839,
            "trust_radius": 1.0,
            "trust_ratio": NaN,
            "trust_qp": NaN
          },
          {
            "it": 7,
            "energy": 0.34563362827179656,
            "dE": 1.9496195469148603e-07,
            "grad_norm": 3.663275564313802e-06,
            "grad_target": 1e-05,
            "grad_norm_post": 1.0219774201827089e-08,
            "alpha": 1.0011162328941345,
            "ksp_its": 2,
            "ls_evals": 19,
            "ls_repaired": false,
            "used_gradient_fallback": false,
            "accepted_step": true,
            "step_norm": 0.12339858796726928,
            "step_rel": 0.00028154790939676546,
            "pred_reduction": NaN,
            "actual_reduction": NaN,
            "trust_rejects": 0,
            "t_grad": 0.00494377501308918,
            "t_hess": 0.14998861402273178,
            "t_ls": 0.07475109799997881,
            "t_update": 5.1888986490666866e-05,
            "t_iter": 0.22980744601227343,
            "trust_radius": 1.0,
            "trust_ratio": NaN,
            "trust_qp": NaN
          }
        ],
        "linear_timing": [
          {
            "assemble_total_time": 0.060117073997389525,
            "assemble_p2p_exchange": 0.0008174979593604803,
            "assemble_hvp_compute": 0.054093984013888985,
            "assemble_extraction": 0.002485784003511071,
            "assemble_coo_assembly": 0.0026209079660475254,
            "assemble_n_hvps": 7,
            "setop_time": 3.6460114642977715e-06,
            "set_tolerances_time": 2.1929736249148846e-06,
            "pc_setup_time": 0.07078313297824934,
            "solve_time": 0.09457954304525629,
            "linear_total_time": 0.22548558900598437,
            "ksp_its": 9
          },
          {
            "assemble_total_time": 0.06098731100792065,
            "assemble_p2p_exchange": 0.0010057929903268814,
            "assemble_hvp_compute": 0.05455519194947556,
            "assemble_extraction": 0.0031907709781080484,
            "assemble_coo_assembly": 0.002153551031369716,
            "assemble_n_hvps": 7,
            "setop_time": 3.736000508069992e-06,
            "set_tolerances_time": 2.2830208763480186e-06,
            "pc_setup_time": 0.061126400949433446,
            "solve_time": 0.06509098497917876,
            "linear_total_time": 0.18721071595791727,
            "ksp_its": 6
          },
          {
            "assemble_total_time": 0.061297189036849886,
            "assemble_p2p_exchange": 0.0009788619936443865,
            "assemble_hvp_compute": 0.05516596604138613,
            "assemble_extraction": 0.0024867350002750754,
            "assemble_coo_assembly": 0.002589311043266207,
            "assemble_n_hvps": 7,
            "setop_time": 2.442975528538227e-06,
            "set_tolerances_time": 1.9030412659049034e-06,
            "pc_setup_time": 0.061667969974223524,
            "solve_time": 0.0561330399941653,
            "linear_total_time": 0.17910254502203315,
            "ksp_its": 5
          },
          {
            "assemble_total_time": 0.06068132701329887,
            "assemble_p2p_exchange": 0.0010092880111187696,
            "assemble_hvp_compute": 0.054366626020055264,
            "assemble_extraction": 0.002493243955541402,
            "assemble_coo_assembly": 0.00273600296350196,
            "assemble_n_hvps": 7,
            "setop_time": 2.454034984111786e-06,
            "set_tolerances_time": 1.9230064935982227e-06,
            "pc_setup_time": 0.06119869096437469,
            "solve_time": 0.04603037401102483,
            "linear_total_time": 0.1679147690301761,
            "ksp_its": 4
          },
          {
            "assemble_total_time": 0.0606825080467388,
            "assemble_p2p_exchange": 0.0009992030099965632,
            "assemble_hvp_compute": 0.053794358973391354,
            "assemble_extraction": 0.0026968030142597854,
            "assemble_coo_assembly": 0.0031156870536506176,
            "assemble_n_hvps": 7,
            "setop_time": 2.5240005925297737e-06,
            "set_tolerances_time": 2.062995918095112e-06,
            "pc_setup_time": 0.06208925799001008,
            "solve_time": 0.02666444203350693,
            "linear_total_time": 0.14944079506676644,
            "ksp_its": 2
          },
          {
            "assemble_total_time": 0.06100939400494099,
            "assemble_p2p_exchange": 0.0009984630160033703,
            "assemble_hvp_compute": 0.05495225201593712,
            "assemble_extraction": 0.0024920940049923956,
            "assemble_coo_assembly": 0.002490511047653854,
            "assemble_n_hvps": 7,
            "setop_time": 2.4329638108611107e-06,
            "set_tolerances_time": 1.7720158211886883e-06,
            "pc_setup_time": 0.06125697901006788,
            "solve_time": 0.026946870028041303,
            "linear_total_time": 0.14921744802268222,
            "ksp_its": 2
          },
          {
            "assemble_total_time": 0.06061235297238454,
            "assemble_p2p_exchange": 0.0009804649744182825,
            "assemble_hvp_compute": 0.05475733702769503,
            "assemble_extraction": 0.002186550002079457,
            "assemble_coo_assembly": 0.0026146189775317907,
            "assemble_n_hvps": 7,
            "setop_time": 2.53401231020689e-06,
            "set_tolerances_time": 2.033018972724676e-06,
            "pc_setup_time": 0.06209121004212648,
            "solve_time": 0.027182386023923755,
            "linear_total_time": 0.1498905160697177,
            "ksp_its": 2
          }
        ]
      }
    ],
    "metadata": {
      "profile": "reference",
      "nprocs": 2,
      "nproc_threads": 1,
      "linear_solver": {
        "ksp_type": "gmres",
        "pc_type": "hypre",
        "ksp_rtol": 0.001,
        "ksp_max_it": 200,
        "pc_setup_on_ksp_cap": false,
        "gamg_threshold": 0.05,
        "gamg_agg_nsmooths": 1,
        "gamg_set_coordinates": true,
        "reorder": true,
        "hvp_eval_mode": "sfd_local_batched",
        "assembly_mode": "element",
        "element_reorder_mode": "block_xyz",
        "local_hessian_mode": "sfd_local",
        "distribution_strategy": "overlap_allgather",
        "assembler": "GLReorderedElementAssembler",
        "trust_subproblem_solver": "direct_linear_solve",
        "trust_subproblem_line_search": false
      },
      "newton": {
        "tolf": 1e-06,
        "tolg": 1e-05,
        "tolg_rel": 0.001,
        "tolx_rel": 0.001,
        "tolx_abs": 1e-10,
        "maxit": 100,
        "require_all_convergence": true,
        "fail_on_nonfinite": true,
        "linesearch_interval": [
          -0.5,
          2.0
        ],
        "linesearch_tol": 0.001,
        "trust_region": false,
        "trust_radius_init": 1.0,
        "trust_radius_min": 1e-08,
        "trust_radius_max": 1000000.0,
        "trust_subproblem_line_search": false,
        "step_time_limit_s": null
      }
    }
  }
}
