An NVIDIA GPU may be present on this machine, but a CUDA-enabled jaxlib is not installed. Falling back to cpu.
{
  "case": {
    "problem": "gl",
    "backend": "element",
    "level": 9,
    "out": "/home/michal/repos/fenics_nonlinear_energies/experiment_results_cache/gl_final_suite/jax_petsc_local_sfd_l9_np1.json",
    "quiet": true,
    "save_history": true,
    "save_linear_timing": true,
    "steps": 1,
    "start_step": 1,
    "total_steps": 24,
    "ksp_type": "gmres",
    "pc_type": "hypre",
    "ksp_rtol": 0.001,
    "ksp_max_it": 200,
    "profile": "reference",
    "coloring_trials": 10,
    "nproc_threads": 1,
    "hvp_eval_mode": "sequential",
    "element_reorder_mode": "block_xyz",
    "local_hessian_mode": "sfd_local",
    "tolf": 1e-06,
    "tolg": 1e-05,
    "tolg_rel": 0.001,
    "tolx_rel": 0.001,
    "tolx_abs": 1e-10,
    "maxit": 100,
    "step_time_limit_s": null,
    "linesearch_a": -0.5,
    "linesearch_b": 2.0,
    "linesearch_tol": 0.001,
    "use_trust_region": false,
    "trust_radius_init": 1.0,
    "trust_radius_min": 1e-08,
    "trust_radius_max": 1000000.0,
    "trust_shrink": 0.5,
    "trust_expand": 1.5,
    "trust_eta_shrink": 0.05,
    "trust_eta_expand": 0.75,
    "trust_max_reject": 6,
    "trust_subproblem_line_search": false,
    "local_coloring": true,
    "retry_on_failure": false,
    "pc_setup_on_ksp_cap": false,
    "use_near_nullspace": true,
    "reorder": null,
    "gamg_threshold": 0.05,
    "gamg_agg_nsmooths": 1,
    "gamg_set_coordinates": true
  },
  "result": {
    "mesh_level": 9,
    "total_dofs": 1050625,
    "free_dofs": 1046529,
    "setup_time": 14.931842,
    "solve_time_total": 16.011462,
    "total_time": 31.402187,
    "steps": [
      {
        "step": 1,
        "time": 16.011462,
        "nit": 9,
        "linear_iters": 33,
        "energy": 0.3456264684117145,
        "message": "Converged (energy, step, gradient)",
        "attempt": "primary",
        "ksp_rtol_used": 0.001,
        "ksp_max_it_used": 200,
        "linesearch_interval_used": [
          -0.5,
          2.0
        ],
        "history": [
          {
            "it": 1,
            "energy": 0.4959384028382081,
            "dE": 0.16936127513096577,
            "grad_norm": 0.0009261996570956124,
            "grad_target": 1e-05,
            "grad_norm_post": NaN,
            "alpha": -0.34410154898959655,
            "ksp_its": 7,
            "ls_evals": 19,
            "ls_repaired": false,
            "used_gradient_fallback": false,
            "accepted_step": true,
            "step_norm": 311.27609499013295,
            "step_rel": 0.6079611230276034,
            "pred_reduction": NaN,
            "actual_reduction": NaN,
            "trust_rejects": 0,
            "t_grad": 0.03793506696820259,
            "t_hess": 1.543842273997143,
            "t_ls": 0.4870778640033677,
            "t_update": 0.00026686303317546844,
            "t_iter": 2.0693490899866447,
            "trust_radius": 1.0,
            "trust_ratio": NaN,
            "trust_qp": NaN
          },
          {
            "it": 2,
            "energy": 0.48863721001260085,
            "dE": 0.007301192825607261,
            "grad_norm": 0.0009062824172711645,
            "grad_target": 1e-05,
            "grad_norm_post": NaN,
            "alpha": -0.3968844639406154,
            "ksp_its": 5,
            "ls_evals": 19,
            "ls_repaired": false,
            "used_gradient_fallback": false,
            "accepted_step": true,
            "step_norm": 147.61210778775236,
            "step_rel": 0.20261657166273342,
            "pred_reduction": NaN,
            "actual_reduction": NaN,
            "trust_rejects": 0,
            "t_grad": 0.03661325800931081,
            "t_hess": 1.3519094620132819,
            "t_ls": 0.4864371769945137,
            "t_update": 0.00024939700961112976,
            "t_iter": 1.8754387599765323,
            "trust_radius": 1.0,
            "trust_ratio": NaN,
            "trust_qp": NaN
          },
          {
            "it": 3,
            "energy": 0.4711408465949978,
            "dE": 0.017496363417603078,
            "grad_norm": 0.0012468337032690267,
            "grad_target": 1e-05,
            "grad_norm_post": NaN,
            "alpha": -0.014345760219998005,
            "ksp_its": 5,
            "ls_evals": 19,
            "ls_repaired": false,
            "used_gradient_fallback": false,
            "accepted_step": true,
            "step_norm": 100.5343548749755,
            "step_rel": 0.1389100185985413,
            "pred_reduction": NaN,
            "actual_reduction": NaN,
            "trust_rejects": 0,
            "t_grad": 0.03709149995120242,
            "t_hess": 1.3517684339894913,
            "t_ls": 0.4869800690212287,
            "t_update": 0.0002686859806999564,
            "t_iter": 1.8763228310272098,
            "trust_radius": 1.0,
            "trust_ratio": NaN,
            "trust_qp": NaN
          },
          {
            "it": 4,
            "energy": 0.46362986488855007,
            "dE": 0.007510981706447706,
            "grad_norm": 0.0012411642550008207,
            "grad_target": 1e-05,
            "grad_norm_post": NaN,
            "alpha": -0.02777360843060095,
            "ksp_its": 4,
            "ls_evals": 19,
            "ls_repaired": false,
            "used_gradient_fallback": false,
            "accepted_step": true,
            "step_norm": 81.39070984620477,
            "step_rel": 0.10915708974271773,
            "pred_reduction": NaN,
            "actual_reduction": NaN,
            "trust_rejects": 0,
            "t_grad": 0.037045400007627904,
            "t_hess": 1.2542705169762485,
            "t_ls": 0.48735073901480064,
            "t_update": 0.0002619460574351251,
            "t_iter": 1.7791373580112122,
            "trust_radius": 1.0,
            "trust_ratio": NaN,
            "trust_qp": NaN
          },
          {
            "it": 5,
            "energy": 0.42287979320098856,
            "dE": 0.04075007168756151,
            "grad_norm": 0.0012503042867366095,
            "grad_target": 1e-05,
            "grad_norm_post": NaN,
            "alpha": -0.022975161616871964,
            "ksp_its": 4,
            "ls_evals": 19,
            "ls_repaired": false,
            "used_gradient_fallback": false,
            "accepted_step": true,
            "step_norm": 146.73248754327258,
            "step_rel": 0.19414968488409032,
            "pred_reduction": NaN,
            "actual_reduction": NaN,
            "trust_rejects": 0,
            "t_grad": 0.03729184198891744,
            "t_hess": 1.2544043689849786,
            "t_ls": 0.4847124820225872,
            "t_update": 0.00026473001344129443,
            "t_iter": 1.7768872570013627,
            "trust_radius": 1.0,
            "trust_ratio": NaN,
            "trust_qp": NaN
          },
          {
            "it": 6,
            "energy": 0.34951400641802954,
            "dE": 0.07336578678295902,
            "grad_norm": 0.001238958332282575,
            "grad_target": 1e-05,
            "grad_norm_post": NaN,
            "alpha": 0.7103459617178508,
            "ksp_its": 2,
            "ls_evals": 19,
            "ls_repaired": false,
            "used_gradient_fallback": false,
            "accepted_step": true,
            "step_norm": 141.73631024281264,
            "step_rel": 0.17654712165310346,
            "pred_reduction": NaN,
            "actual_reduction": NaN,
            "trust_rejects": 0,
            "t_grad": 0.03721378301270306,
            "t_hess": 1.1368310819962062,
            "t_ls": 0.4880762500106357,
            "t_update": 0.00026224699104204774,
            "t_iter": 1.6625827430398203,
            "trust_radius": 1.0,
            "trust_ratio": NaN,
            "trust_qp": NaN
          },
          {
            "it": 7,
            "energy": 0.34563278124599,
            "dE": 0.0038812251720395374,
            "grad_norm": 0.0003358696913509559,
            "grad_target": 1e-05,
            "grad_norm_post": NaN,
            "alpha": 1.0860881076312212,
            "ksp_its": 2,
            "ls_evals": 19,
            "ls_repaired": false,
            "used_gradient_fallback": false,
            "accepted_step": true,
            "step_norm": 29.617570336444807,
            "step_rel": 0.0332095165952307,
            "pred_reduction": NaN,
            "actual_reduction": NaN,
            "trust_rejects": 0,
            "t_grad": 0.03701752598863095,
            "t_hess": 1.116710119007621,
            "t_ls": 0.4868183210492134,
            "t_update": 0.00026253703981637955,
            "t_iter": 1.6410153260221705,
            "trust_radius": 1.0,
            "trust_ratio": NaN,
            "trust_qp": NaN
          },
          {
            "it": 8,
            "energy": 0.3456264685032027,
            "dE": 6.312742787284442e-06,
            "grad_norm": 1.7976814315183662e-05,
            "grad_target": 1e-05,
            "grad_norm_post": NaN,
            "alpha": 1.0033817521631254,
            "ksp_its": 2,
            "ls_evals": 19,
            "ls_repaired": false,
            "used_gradient_fallback": false,
            "accepted_step": true,
            "step_norm": 1.21518338561722,
            "step_rel": 0.0013859198372756652,
            "pred_reduction": NaN,
            "actual_reduction": NaN,
            "trust_rejects": 0,
            "t_grad": 0.0368866270291619,
            "t_hess": 1.1095254920073785,
            "t_ls": 0.486244275001809,
            "t_update": 0.0002634979900904,
            "t_iter": 1.633118592959363,
            "trust_radius": 1.0,
            "trust_ratio": NaN,
            "trust_qp": NaN
          },
          {
            "it": 9,
            "energy": 0.3456264684117145,
            "dE": 9.148820589999218e-11,
            "grad_norm": 5.785984775738699e-08,
            "grad_target": 1e-05,
            "grad_norm_post": 1.2818585898997027e-10,
            "alpha": 1.000416148939007,
            "ksp_its": 2,
            "ls_evals": 19,
            "ls_repaired": false,
            "used_gradient_fallback": false,
            "accepted_step": true,
            "step_norm": 0.004593851908389841,
            "step_rel": 5.24023963047857e-06,
            "pred_reduction": NaN,
            "actual_reduction": NaN,
            "trust_rejects": 0,
            "t_grad": 0.037373572995420545,
            "t_hess": 1.1107026539975777,
            "t_ls": 0.48538343695690855,
            "t_update": 0.00025922199711203575,
            "t_iter": 1.6339424949837849,
            "trust_radius": 1.0,
            "trust_ratio": NaN,
            "trust_qp": NaN
          }
        ],
        "linear_timing": [
          {
            "assemble_total_time": 0.5223645740188658,
            "assemble_p2p_exchange": 0.005790863942820579,
            "assemble_hvp_compute": 0.46586540300631896,
            "assemble_extraction": 0.022664262040052563,
            "assemble_coo_assembly": 0.027259778988081962,
            "assemble_n_hvps": 8,
            "setop_time": 3.0539813451468945e-06,
            "set_tolerances_time": 2.2230087779462337e-06,
            "pc_setup_time": 0.4466485410230234,
            "solve_time": 0.5743335400475189,
            "linear_total_time": 1.5433519320795313,
            "ksp_its": 7
          },
          {
            "assemble_total_time": 0.5249104910180904,
            "assemble_p2p_exchange": 0.006376350007485598,
            "assemble_hvp_compute": 0.46528896200470626,
            "assemble_extraction": 0.0253796559991315,
            "assemble_coo_assembly": 0.026921807031612843,
            "assemble_n_hvps": 8,
            "setop_time": 2.994027454406023e-06,
            "set_tolerances_time": 2.5230110622942448e-06,
            "pc_setup_time": 0.39965754601871595,
            "solve_time": 0.4268472469993867,
            "linear_total_time": 1.3514208010747097,
            "ksp_its": 5
          },
          {
            "assemble_total_time": 0.527093120967038,
            "assemble_p2p_exchange": 0.006361576961353421,
            "assemble_hvp_compute": 0.4670183669659309,
            "assemble_extraction": 0.02498505002586171,
            "assemble_coo_assembly": 0.0278416569926776,
            "assemble_n_hvps": 8,
            "setop_time": 2.3840111680328846e-06,
            "set_tolerances_time": 2.2830208763480186e-06,
            "pc_setup_time": 0.3924670600099489,
            "solve_time": 0.4317251820466481,
            "linear_total_time": 1.3512900300556794,
            "ksp_its": 5
          },
          {
            "assemble_total_time": 0.49337351898429915,
            "assemble_p2p_exchange": 0.006296366977039725,
            "assemble_hvp_compute": 0.4335027750348672,
            "assemble_extraction": 0.02452447294490412,
            "assemble_coo_assembly": 0.02826311398530379,
            "assemble_n_hvps": 8,
            "setop_time": 2.9539805836975574e-06,
            "set_tolerances_time": 2.4529872462153435e-06,
            "pc_setup_time": 0.39930011302931234,
            "solve_time": 0.3611184919718653,
            "linear_total_time": 1.2537975309533067,
            "ksp_its": 4
          },
          {
            "assemble_total_time": 0.49295397696550936,
            "assemble_p2p_exchange": 0.005616119015030563,
            "assemble_hvp_compute": 0.4337265669601038,
            "assemble_extraction": 0.024417711014393717,
            "assemble_coo_assembly": 0.028403175994753838,
            "assemble_n_hvps": 8,
            "setop_time": 2.9650400392711163e-06,
            "set_tolerances_time": 2.53401231020689e-06,
            "pc_setup_time": 0.4000707590021193,
            "solve_time": 0.3608922359999269,
            "linear_total_time": 1.253922471019905,
            "ksp_its": 4
          },
          {
            "assemble_total_time": 0.5225427760160528,
            "assemble_p2p_exchange": 0.005781369982287288,
            "assemble_hvp_compute": 0.4660930560203269,
            "assemble_extraction": 0.022654595028143376,
            "assemble_coo_assembly": 0.027213425957597792,
            "assemble_n_hvps": 8,
            "setop_time": 2.9949587769806385e-06,
            "set_tolerances_time": 1.953041646629572e-06,
            "pc_setup_time": 0.40047881903592497,
            "solve_time": 0.21330247999867424,
            "linear_total_time": 1.1363290230510756,
            "ksp_its": 2
          },
          {
            "assemble_total_time": 0.49637533200439066,
            "assemble_p2p_exchange": 0.005749741045292467,
            "assemble_hvp_compute": 0.4366932059638202,
            "assemble_extraction": 0.02460650500142947,
            "assemble_coo_assembly": 0.028535514953546226,
            "assemble_n_hvps": 8,
            "setop_time": 3.455032128840685e-06,
            "set_tolerances_time": 2.65403650701046e-06,
            "pc_setup_time": 0.40402750798966736,
            "solve_time": 0.21579047798877582,
            "linear_total_time": 1.1161994270514697,
            "ksp_its": 2
          },
          {
            "assemble_total_time": 0.49243365600705147,
            "assemble_p2p_exchange": 0.005606243968941271,
            "assemble_hvp_compute": 0.43338857498019934,
            "assemble_extraction": 0.024393492960371077,
            "assemble_coo_assembly": 0.028226866968907416,
            "assemble_n_hvps": 8,
            "setop_time": 3.135006409138441e-06,
            "set_tolerances_time": 2.65403650701046e-06,
            "pc_setup_time": 0.403512573975604,
            "solve_time": 0.21303678199183196,
            "linear_total_time": 1.1089888010174036,
            "ksp_its": 2
          },
          {
            "assemble_total_time": 0.49001962097827345,
            "assemble_p2p_exchange": 0.005643410957418382,
            "assemble_hvp_compute": 0.4310195180005394,
            "assemble_extraction": 0.02461458696052432,
            "assemble_coo_assembly": 0.027930949989240617,
            "assemble_n_hvps": 8,
            "setop_time": 2.663990017026663e-06,
            "set_tolerances_time": 2.2239983081817627e-06,
            "pc_setup_time": 0.4053449549828656,
            "solve_time": 0.21483654994517565,
            "linear_total_time": 1.11020601389464,
            "ksp_its": 2
          }
        ]
      }
    ],
    "metadata": {
      "profile": "reference",
      "nprocs": 1,
      "nproc_threads": 1,
      "linear_solver": {
        "ksp_type": "gmres",
        "pc_type": "hypre",
        "ksp_rtol": 0.001,
        "ksp_max_it": 200,
        "pc_setup_on_ksp_cap": false,
        "gamg_threshold": 0.05,
        "gamg_agg_nsmooths": 1,
        "gamg_set_coordinates": true,
        "reorder": true,
        "hvp_eval_mode": "sfd_local_batched",
        "assembly_mode": "element",
        "element_reorder_mode": "block_xyz",
        "local_hessian_mode": "sfd_local",
        "distribution_strategy": "overlap_allgather",
        "assembler": "GLReorderedElementAssembler",
        "trust_subproblem_solver": "direct_linear_solve",
        "trust_subproblem_line_search": false
      },
      "newton": {
        "tolf": 1e-06,
        "tolg": 1e-05,
        "tolg_rel": 0.001,
        "tolx_rel": 0.001,
        "tolx_abs": 1e-10,
        "maxit": 100,
        "require_all_convergence": true,
        "fail_on_nonfinite": true,
        "linesearch_interval": [
          -0.5,
          2.0
        ],
        "linesearch_tol": 0.001,
        "trust_region": false,
        "trust_radius_init": 1.0,
        "trust_radius_min": 1e-08,
        "trust_radius_max": 1000000.0,
        "trust_subproblem_line_search": false,
        "step_time_limit_s": null
      }
    }
  }
}
