An NVIDIA GPU may be present on this machine, but a CUDA-enabled jaxlib is not installed. Falling back to cpu.
An NVIDIA GPU may be present on this machine, but a CUDA-enabled jaxlib is not installed. Falling back to cpu.
{
  "case": {
    "problem": "gl",
    "backend": "element",
    "level": 7,
    "out": "/home/michal/repos/fenics_nonlinear_energies/experiment_results_cache/gl_final_suite/jax_petsc_element_l7_np2.json",
    "quiet": true,
    "save_history": true,
    "save_linear_timing": true,
    "steps": 1,
    "start_step": 1,
    "total_steps": 24,
    "ksp_type": "gmres",
    "pc_type": "hypre",
    "ksp_rtol": 0.001,
    "ksp_max_it": 200,
    "profile": "reference",
    "coloring_trials": 10,
    "nproc_threads": 1,
    "hvp_eval_mode": "sequential",
    "element_reorder_mode": "block_xyz",
    "local_hessian_mode": "element",
    "tolf": 1e-06,
    "tolg": 1e-05,
    "tolg_rel": 0.001,
    "tolx_rel": 0.001,
    "tolx_abs": 1e-10,
    "maxit": 100,
    "step_time_limit_s": null,
    "linesearch_a": -0.5,
    "linesearch_b": 2.0,
    "linesearch_tol": 0.001,
    "use_trust_region": false,
    "trust_radius_init": 1.0,
    "trust_radius_min": 1e-08,
    "trust_radius_max": 1000000.0,
    "trust_shrink": 0.5,
    "trust_expand": 1.5,
    "trust_eta_shrink": 0.05,
    "trust_eta_expand": 0.75,
    "trust_max_reject": 6,
    "trust_subproblem_line_search": false,
    "local_coloring": true,
    "retry_on_failure": false,
    "pc_setup_on_ksp_cap": false,
    "use_near_nullspace": true,
    "reorder": null,
    "gamg_threshold": 0.05,
    "gamg_agg_nsmooths": 1,
    "gamg_set_coordinates": true
  },
  "result": {
    "mesh_level": 7,
    "total_dofs": 66049,
    "free_dofs": 65025,
    "setup_time": 0.779719,
    "solve_time_total": 0.307171,
    "total_time": 1.177808,
    "steps": [
      {
        "step": 1,
        "time": 0.307171,
        "nit": 6,
        "linear_iters": 21,
        "energy": 0.3456622574803874,
        "message": "Converged (energy, step, gradient)",
        "attempt": "primary",
        "ksp_rtol_used": 0.001,
        "ksp_max_it_used": 200,
        "linesearch_interval_used": [
          -0.5,
          2.0
        ],
        "history": [
          {
            "it": 1,
            "energy": 0.4898810599686245,
            "dE": 0.1754286224787528,
            "grad_norm": 0.0037046037706002784,
            "grad_target": 1e-05,
            "grad_norm_post": NaN,
            "alpha": -0.3270080135998118,
            "ksp_its": 7,
            "ls_evals": 19,
            "ls_repaired": false,
            "used_gradient_fallback": false,
            "accepted_step": true,
            "step_norm": 79.53335881198849,
            "step_rel": 0.6213543657186601,
            "pred_reduction": NaN,
            "actual_reduction": NaN,
            "trust_rejects": 0,
            "t_grad": 0.0013862919877283275,
            "t_hess": 0.04653970303479582,
            "t_ls": 0.017186584998853505,
            "t_update": 1.1827971320599318e-05,
            "t_iter": 0.06516892701620236,
            "trust_radius": 1.0,
            "trust_ratio": NaN,
            "trust_qp": NaN
          },
          {
            "it": 2,
            "energy": 0.4700529760073629,
            "dE": 0.019828083961261622,
            "grad_norm": 0.00338440746764373,
            "grad_target": 1e-05,
            "grad_norm_post": NaN,
            "alpha": -0.49964995802247814,
            "ksp_its": 5,
            "ls_evals": 19,
            "ls_repaired": false,
            "used_gradient_fallback": false,
            "accepted_step": true,
            "step_norm": 43.42088224414869,
            "step_rel": 0.23500034389359228,
            "pred_reduction": NaN,
            "actual_reduction": NaN,
            "trust_rejects": 0,
            "t_grad": 0.0010608489974401891,
            "t_hess": 0.03612882399465889,
            "t_ls": 0.016487856046296656,
            "t_update": 1.1026975698769093e-05,
            "t_iter": 0.05373127001803368,
            "trust_radius": 1.0,
            "trust_ratio": NaN,
            "trust_qp": NaN
          },
          {
            "it": 3,
            "energy": 0.3779640624960803,
            "dE": 0.09208891351128262,
            "grad_norm": 0.004974155810167005,
            "grad_target": 1e-05,
            "grad_norm_post": NaN,
            "alpha": 0.17845746368816828,
            "ksp_its": 3,
            "ls_evals": 19,
            "ls_repaired": false,
            "used_gradient_fallback": false,
            "accepted_step": true,
            "step_norm": 50.117367256100806,
            "step_rel": 0.2706653540549372,
            "pred_reduction": NaN,
            "actual_reduction": NaN,
            "trust_rejects": 0,
            "t_grad": 0.0010832730331458151,
            "t_hess": 0.030186292016878724,
            "t_ls": 0.01638995698885992,
            "t_update": 1.0906951501965523e-05,
            "t_iter": 0.04771880095358938,
            "trust_radius": 1.0,
            "trust_ratio": NaN,
            "trust_qp": NaN
          },
          {
            "it": 4,
            "energy": 0.34643171933320316,
            "dE": 0.03153234316287712,
            "grad_norm": 0.0037475869497374504,
            "grad_target": 1e-05,
            "grad_norm_post": NaN,
            "alpha": 0.9157116824776799,
            "ksp_its": 2,
            "ls_evals": 19,
            "ls_repaired": false,
            "used_gradient_fallback": false,
            "accepted_step": true,
            "step_norm": 21.522357318668114,
            "step_rel": 0.10116154868255241,
            "pred_reduction": NaN,
            "actual_reduction": NaN,
            "trust_rejects": 0,
            "t_grad": 0.0010498029878363013,
            "t_hess": 0.027694101037923247,
            "t_ls": 0.01661290496122092,
            "t_update": 1.0575982742011547e-05,
            "t_iter": 0.045408828009385616,
            "trust_radius": 1.0,
            "trust_ratio": NaN,
            "trust_qp": NaN
          },
          {
            "it": 5,
            "energy": 0.34566263220658777,
            "dE": 0.0007690871266153865,
            "grad_norm": 0.0005061471851859753,
            "grad_target": 1e-05,
            "grad_norm_post": NaN,
            "alpha": 1.041336650993687,
            "ksp_its": 2,
            "ls_evals": 19,
            "ls_repaired": false,
            "used_gradient_fallback": false,
            "accepted_step": true,
            "step_norm": 3.590952523791808,
            "step_rel": 0.016189885157268172,
            "pred_reduction": NaN,
            "actual_reduction": NaN,
            "trust_rejects": 0,
            "t_grad": 0.0010478689800947905,
            "t_hess": 0.02856638398952782,
            "t_ls": 0.016334963962435722,
            "t_update": 9.934999980032444e-06,
            "t_iter": 0.04600190796190873,
            "trust_radius": 1.0,
            "trust_ratio": NaN,
            "trust_qp": NaN
          },
          {
            "it": 6,
            "energy": 0.3456622574803874,
            "dE": 3.747262003472862e-07,
            "grad_norm": 1.2037359028669953e-05,
            "grad_target": 1e-05,
            "grad_norm_post": 2.5906584982211112e-08,
            "alpha": 1.0011162328941345,
            "ksp_its": 2,
            "ls_evals": 19,
            "ls_repaired": false,
            "used_gradient_fallback": false,
            "accepted_step": true,
            "step_norm": 0.0842003727366914,
            "step_rel": 0.0003842239334755264,
            "pred_reduction": NaN,
            "actual_reduction": NaN,
            "trust_rejects": 0,
            "t_grad": 0.0010459660552442074,
            "t_hess": 0.028316455020103604,
            "t_ls": 0.016458450991194695,
            "t_update": 1.1046999134123325e-05,
            "t_iter": 0.045874414034187794,
            "trust_radius": 1.0,
            "trust_ratio": NaN,
            "trust_qp": NaN
          }
        ],
        "linear_timing": [
          {
            "assemble_total_time": 0.007692006009165198,
            "assemble_p2p_exchange": 0.00022001401521265507,
            "assemble_hvp_compute": 0.0020157769904471934,
            "assemble_extraction": 0.0037868439685553312,
            "assemble_coo_assembly": 0.0016294720117002726,
            "assemble_n_hvps": 0,
            "setop_time": 3.27499583363533e-06,
            "set_tolerances_time": 3.1349482014775276e-06,
            "pc_setup_time": 0.021427617990411818,
            "solve_time": 0.017354400013573468,
            "linear_total_time": 0.046480433957185596,
            "ksp_its": 7
          },
          {
            "assemble_total_time": 0.0071092409780249,
            "assemble_p2p_exchange": 0.0001935139880515635,
            "assemble_hvp_compute": 0.0012860999559052289,
            "assemble_extraction": 0.004750053980387747,
            "assemble_coo_assembly": 0.0008434890187345445,
            "assemble_n_hvps": 0,
            "setop_time": 2.6040361262857914e-06,
            "set_tolerances_time": 2.7740024961531162e-06,
            "pc_setup_time": 0.016664543945807964,
            "solve_time": 0.012295957945752889,
            "linear_total_time": 0.03607512090820819,
            "ksp_its": 5
          },
          {
            "assemble_total_time": 0.00521942600607872,
            "assemble_p2p_exchange": 0.0002171589876525104,
            "assemble_hvp_compute": 0.001252479967661202,
            "assemble_extraction": 0.0031692360062152147,
            "assemble_coo_assembly": 0.0005485520232468843,
            "assemble_n_hvps": 0,
            "setop_time": 2.5140470825135708e-06,
            "set_tolerances_time": 2.343964297324419e-06,
            "pc_setup_time": 0.01666583598125726,
            "solve_time": 0.008252296014688909,
            "linear_total_time": 0.030142416013404727,
            "ksp_its": 3
          },
          {
            "assemble_total_time": 0.005052121996413916,
            "assemble_p2p_exchange": 0.0001944060204550624,
            "assemble_hvp_compute": 0.0013384200283326209,
            "assemble_extraction": 0.0031136019970290363,
            "assemble_coo_assembly": 0.00037362700095400214,
            "assemble_n_hvps": 0,
            "setop_time": 1.8629943951964378e-06,
            "set_tolerances_time": 2.2539752535521984e-06,
            "pc_setup_time": 0.016486884036567062,
            "solve_time": 0.006104998989030719,
            "linear_total_time": 0.027648121991660446,
            "ksp_its": 2
          },
          {
            "assemble_total_time": 0.005484677967615426,
            "assemble_p2p_exchange": 0.00019652798073366284,
            "assemble_hvp_compute": 0.0012405419838614762,
            "assemble_extraction": 0.0033805370330810547,
            "assemble_coo_assembly": 0.0006281230016611516,
            "assemble_n_hvps": 0,
            "setop_time": 2.2730091586709023e-06,
            "set_tolerances_time": 2.262997440993786e-06,
            "pc_setup_time": 0.01683523302199319,
            "solve_time": 0.006198099988978356,
            "linear_total_time": 0.028522546985186636,
            "ksp_its": 2
          },
          {
            "assemble_total_time": 0.005342361982911825,
            "assemble_p2p_exchange": 0.00019865203648805618,
            "assemble_hvp_compute": 0.0013002320192754269,
            "assemble_extraction": 0.00339577003614977,
            "assemble_coo_assembly": 0.00041430897545069456,
            "assemble_n_hvps": 0,
            "setop_time": 2.3030443117022514e-06,
            "set_tolerances_time": 2.4730106815695763e-06,
            "pc_setup_time": 0.01671596197411418,
            "solve_time": 0.006201705953571945,
            "linear_total_time": 0.028264805965591222,
            "ksp_its": 2
          }
        ]
      }
    ],
    "metadata": {
      "profile": "reference",
      "nprocs": 2,
      "nproc_threads": 1,
      "linear_solver": {
        "ksp_type": "gmres",
        "pc_type": "hypre",
        "ksp_rtol": 0.001,
        "ksp_max_it": 200,
        "pc_setup_on_ksp_cap": false,
        "gamg_threshold": 0.05,
        "gamg_agg_nsmooths": 1,
        "gamg_set_coordinates": true,
        "reorder": true,
        "hvp_eval_mode": "element_overlap",
        "assembly_mode": "element",
        "element_reorder_mode": "block_xyz",
        "local_hessian_mode": "element",
        "distribution_strategy": "overlap_allgather",
        "assembler": "GLReorderedElementAssembler",
        "trust_subproblem_solver": "direct_linear_solve",
        "trust_subproblem_line_search": false
      },
      "newton": {
        "tolf": 1e-06,
        "tolg": 1e-05,
        "tolg_rel": 0.001,
        "tolx_rel": 0.001,
        "tolx_abs": 1e-10,
        "maxit": 100,
        "require_all_convergence": true,
        "fail_on_nonfinite": true,
        "linesearch_interval": [
          -0.5,
          2.0
        ],
        "linesearch_tol": 0.001,
        "trust_region": false,
        "trust_radius_init": 1.0,
        "trust_radius_min": 1e-08,
        "trust_radius_max": 1000000.0,
        "trust_subproblem_line_search": false,
        "step_time_limit_s": null
      }
    }
  }
}
