An NVIDIA GPU may be present on this machine, but a CUDA-enabled jaxlib is not installed. Falling back to cpu.
An NVIDIA GPU may be present on this machine, but a CUDA-enabled jaxlib is not installed. Falling back to cpu.
An NVIDIA GPU may be present on this machine, but a CUDA-enabled jaxlib is not installed. Falling back to cpu.
An NVIDIA GPU may be present on this machine, but a CUDA-enabled jaxlib is not installed. Falling back to cpu.
An NVIDIA GPU may be present on this machine, but a CUDA-enabled jaxlib is not installed. Falling back to cpu.
An NVIDIA GPU may be present on this machine, but a CUDA-enabled jaxlib is not installed. Falling back to cpu.
An NVIDIA GPU may be present on this machine, but a CUDA-enabled jaxlib is not installed. Falling back to cpu.
An NVIDIA GPU may be present on this machine, but a CUDA-enabled jaxlib is not installed. Falling back to cpu.
An NVIDIA GPU may be present on this machine, but a CUDA-enabled jaxlib is not installed. Falling back to cpu.
An NVIDIA GPU may be present on this machine, but a CUDA-enabled jaxlib is not installed. Falling back to cpu.
An NVIDIA GPU may be present on this machine, but a CUDA-enabled jaxlib is not installed. Falling back to cpu.
An NVIDIA GPU may be present on this machine, but a CUDA-enabled jaxlib is not installed. Falling back to cpu.
An NVIDIA GPU may be present on this machine, but a CUDA-enabled jaxlib is not installed. Falling back to cpu.
An NVIDIA GPU may be present on this machine, but a CUDA-enabled jaxlib is not installed. Falling back to cpu.
An NVIDIA GPU may be present on this machine, but a CUDA-enabled jaxlib is not installed. Falling back to cpu.
An NVIDIA GPU may be present on this machine, but a CUDA-enabled jaxlib is not installed. Falling back to cpu.
An NVIDIA GPU may be present on this machine, but a CUDA-enabled jaxlib is not installed. Falling back to cpu.
An NVIDIA GPU may be present on this machine, but a CUDA-enabled jaxlib is not installed. Falling back to cpu.
An NVIDIA GPU may be present on this machine, but a CUDA-enabled jaxlib is not installed. Falling back to cpu.
An NVIDIA GPU may be present on this machine, but a CUDA-enabled jaxlib is not installed. Falling back to cpu.
An NVIDIA GPU may be present on this machine, but a CUDA-enabled jaxlib is not installed. Falling back to cpu.
An NVIDIA GPU may be present on this machine, but a CUDA-enabled jaxlib is not installed. Falling back to cpu.
An NVIDIA GPU may be present on this machine, but a CUDA-enabled jaxlib is not installed. Falling back to cpu.
An NVIDIA GPU may be present on this machine, but a CUDA-enabled jaxlib is not installed. Falling back to cpu.
An NVIDIA GPU may be present on this machine, but a CUDA-enabled jaxlib is not installed. Falling back to cpu.
An NVIDIA GPU may be present on this machine, but a CUDA-enabled jaxlib is not installed. Falling back to cpu.
An NVIDIA GPU may be present on this machine, but a CUDA-enabled jaxlib is not installed. Falling back to cpu.
An NVIDIA GPU may be present on this machine, but a CUDA-enabled jaxlib is not installed. Falling back to cpu.
An NVIDIA GPU may be present on this machine, but a CUDA-enabled jaxlib is not installed. Falling back to cpu.
An NVIDIA GPU may be present on this machine, but a CUDA-enabled jaxlib is not installed. Falling back to cpu.
An NVIDIA GPU may be present on this machine, but a CUDA-enabled jaxlib is not installed. Falling back to cpu.
An NVIDIA GPU may be present on this machine, but a CUDA-enabled jaxlib is not installed. Falling back to cpu.
{
  "case": {
    "problem": "gl",
    "backend": "element",
    "level": 7,
    "out": "/home/michal/repos/fenics_nonlinear_energies/experiment_results_cache/gl_final_suite/jax_petsc_element_l7_np32.json",
    "quiet": true,
    "save_history": true,
    "save_linear_timing": true,
    "steps": 1,
    "start_step": 1,
    "total_steps": 24,
    "ksp_type": "gmres",
    "pc_type": "hypre",
    "ksp_rtol": 0.001,
    "ksp_max_it": 200,
    "profile": "reference",
    "coloring_trials": 10,
    "nproc_threads": 1,
    "hvp_eval_mode": "sequential",
    "element_reorder_mode": "block_xyz",
    "local_hessian_mode": "element",
    "tolf": 1e-06,
    "tolg": 1e-05,
    "tolg_rel": 0.001,
    "tolx_rel": 0.001,
    "tolx_abs": 1e-10,
    "maxit": 100,
    "step_time_limit_s": null,
    "linesearch_a": -0.5,
    "linesearch_b": 2.0,
    "linesearch_tol": 0.001,
    "use_trust_region": false,
    "trust_radius_init": 1.0,
    "trust_radius_min": 1e-08,
    "trust_radius_max": 1000000.0,
    "trust_shrink": 0.5,
    "trust_expand": 1.5,
    "trust_eta_shrink": 0.05,
    "trust_eta_expand": 0.75,
    "trust_max_reject": 6,
    "trust_subproblem_line_search": false,
    "local_coloring": true,
    "retry_on_failure": false,
    "pc_setup_on_ksp_cap": false,
    "use_near_nullspace": true,
    "reorder": null,
    "gamg_threshold": 0.05,
    "gamg_agg_nsmooths": 1,
    "gamg_set_coordinates": true
  },
  "result": {
    "mesh_level": 7,
    "total_dofs": 66049,
    "free_dofs": 65025,
    "setup_time": 0.655773,
    "solve_time_total": 0.430551,
    "total_time": 1.194022,
    "steps": [
      {
        "step": 1,
        "time": 0.430551,
        "nit": 7,
        "linear_iters": 32,
        "energy": 0.34566225747971896,
        "message": "Converged (energy, step, gradient)",
        "attempt": "primary",
        "ksp_rtol_used": 0.001,
        "ksp_max_it_used": 200,
        "linesearch_interval_used": [
          -0.5,
          2.0
        ],
        "history": [
          {
            "it": 1,
            "energy": 0.5632548106763152,
            "dE": 0.1020548717710622,
            "grad_norm": 0.0037046037706002784,
            "grad_target": 1e-05,
            "grad_norm_post": NaN,
            "alpha": -0.27055941146961116,
            "ksp_its": 9,
            "ls_evals": 19,
            "ls_repaired": false,
            "used_gradient_fallback": false,
            "accepted_step": true,
            "step_norm": 64.64796607259926,
            "step_rel": 0.5050622349421817,
            "pred_reduction": NaN,
            "actual_reduction": NaN,
            "trust_rejects": 0,
            "t_grad": 0.0008230769890360534,
            "t_hess": 0.05731870699673891,
            "t_ls": 0.019842665002215654,
            "t_update": 3.796012606471777e-06,
            "t_iter": 0.07806188601534814,
            "trust_radius": 1.0,
            "trust_ratio": NaN,
            "trust_qp": NaN
          },
          {
            "it": 2,
            "energy": 0.5079299440026328,
            "dE": 0.055324866673682416,
            "grad_norm": 0.004127308431395062,
            "grad_target": 1e-05,
            "grad_norm_post": NaN,
            "alpha": 0.33783682730419484,
            "ksp_its": 6,
            "ls_evals": 19,
            "ls_repaired": false,
            "used_gradient_fallback": false,
            "accepted_step": true,
            "step_norm": 52.526402499463764,
            "step_rel": 0.3281402267523552,
            "pred_reduction": NaN,
            "actual_reduction": NaN,
            "trust_rejects": 0,
            "t_grad": 0.0008434479823336005,
            "t_hess": 0.04374032298801467,
            "t_ls": 0.020258565025869757,
            "t_update": 3.464985638856888e-06,
            "t_iter": 0.06491179100703448,
            "trust_radius": 1.0,
            "trust_ratio": NaN,
            "trust_qp": NaN
          },
          {
            "it": 3,
            "energy": 0.4402875701820019,
            "dE": 0.06764237382063093,
            "grad_norm": 0.002195850815465357,
            "grad_target": 1e-05,
            "grad_norm_post": NaN,
            "alpha": -0.29681716480735043,
            "ksp_its": 6,
            "ls_evals": 19,
            "ls_repaired": false,
            "used_gradient_fallback": false,
            "accepted_step": true,
            "step_norm": 67.5509393536494,
            "step_rel": 0.3597224311861193,
            "pred_reduction": NaN,
            "actual_reduction": NaN,
            "trust_rejects": 0,
            "t_grad": 0.0007326999912038445,
            "t_hess": 0.042113748961128294,
            "t_ls": 0.0192770580179058,
            "t_update": 3.975990694016218e-06,
            "t_iter": 0.06217514496529475,
            "trust_radius": 1.0,
            "trust_ratio": NaN,
            "trust_qp": NaN
          },
          {
            "it": 4,
            "energy": 0.36317562255750746,
            "dE": 0.07711194762449441,
            "grad_norm": 0.0034120516530204517,
            "grad_target": 1e-05,
            "grad_norm_post": NaN,
            "alpha": 0.30154950465949415,
            "ksp_its": 4,
            "ls_evals": 19,
            "ls_repaired": false,
            "used_gradient_fallback": false,
            "accepted_step": true,
            "step_norm": 57.37793546868479,
            "step_rel": 0.2835540376860006,
            "pred_reduction": NaN,
            "actual_reduction": NaN,
            "trust_rejects": 0,
            "t_grad": 0.0008900979883037508,
            "t_hess": 0.03681564098224044,
            "t_ls": 0.018863190023694187,
            "t_update": 3.9959559217095375e-06,
            "t_iter": 0.05662124999798834,
            "trust_radius": 1.0,
            "trust_ratio": NaN,
            "trust_qp": NaN
          },
          {
            "it": 5,
            "energy": 0.3458814056765412,
            "dE": 0.017294216880966273,
            "grad_norm": 0.0024615763591016413,
            "grad_target": 1e-05,
            "grad_norm_post": NaN,
            "alpha": 0.9652615859289553,
            "ksp_its": 3,
            "ls_evals": 19,
            "ls_repaired": false,
            "used_gradient_fallback": false,
            "accepted_step": true,
            "step_norm": 15.512717620206166,
            "step_rel": 0.07151604265012496,
            "pred_reduction": NaN,
            "actual_reduction": NaN,
            "trust_rejects": 0,
            "t_grad": 0.0008067419985309243,
            "t_hess": 0.0341466770041734,
            "t_ls": 0.019546024966984987,
            "t_update": 4.215980879962444e-06,
            "t_iter": 0.054553336987737566,
            "trust_radius": 1.0,
            "trust_ratio": NaN,
            "trust_qp": NaN
          },
          {
            "it": 6,
            "energy": 0.34566228218916395,
            "dE": 0.00021912348737723741,
            "grad_norm": 0.00024332900459354606,
            "grad_target": 1e-05,
            "grad_norm_post": NaN,
            "alpha": 1.023975707328345,
            "ksp_its": 2,
            "ls_evals": 19,
            "ls_repaired": false,
            "used_gradient_fallback": false,
            "accepted_step": true,
            "step_norm": 2.0638072339886087,
            "step_rel": 0.009357426589344388,
            "pred_reduction": NaN,
            "actual_reduction": NaN,
            "trust_rejects": 0,
            "t_grad": 0.0007779079605825245,
            "t_hess": 0.03785735002020374,
            "t_ls": 0.019864237983711064,
            "t_update": 3.7559657357633114e-06,
            "t_iter": 0.05857126496266574,
            "trust_radius": 1.0,
            "trust_ratio": NaN,
            "trust_qp": NaN
          },
          {
            "it": 7,
            "energy": 0.34566225747971896,
            "dE": 2.4709444990111962e-08,
            "grad_norm": 2.9229583778178377e-06,
            "grad_target": 1e-05,
            "grad_norm_post": 1.4130810791945273e-08,
            "alpha": 0.9999834732596391,
            "ksp_its": 2,
            "ls_evals": 19,
            "ls_repaired": false,
            "used_gradient_fallback": false,
            "accepted_step": true,
            "step_norm": 0.02119574379582665,
            "step_rel": 9.671341554858902e-05,
            "pred_reduction": NaN,
            "actual_reduction": NaN,
            "trust_rejects": 0,
            "t_grad": 0.000929759000428021,
            "t_hess": 0.03330137598095462,
            "t_ls": 0.019213652005419135,
            "t_update": 4.57599526271224e-06,
            "t_iter": 0.0534973360481672,
            "trust_radius": 1.0,
            "trust_ratio": NaN,
            "trust_qp": NaN
          }
        ],
        "linear_timing": [
          {
            "assemble_total_time": 0.0013227550080046058,
            "assemble_p2p_exchange": 0.0003968499950133264,
            "assemble_hvp_compute": 0.00023994402727112174,
            "assemble_extraction": 0.00022897700546309352,
            "assemble_coo_assembly": 0.0004372919793240726,
            "assemble_n_hvps": 0,
            "setop_time": 2.703978680074215e-06,
            "set_tolerances_time": 2.054031938314438e-06,
            "pc_setup_time": 0.030661245982628316,
            "solve_time": 0.025236797984689474,
            "linear_total_time": 0.057225556985940784,
            "ksp_its": 9
          },
          {
            "assemble_total_time": 0.0016647829907014966,
            "assemble_p2p_exchange": 0.0004746189806610346,
            "assemble_hvp_compute": 0.00029024999821558595,
            "assemble_extraction": 0.00023007899289950728,
            "assemble_coo_assembly": 0.000650756002869457,
            "assemble_n_hvps": 0,
            "setop_time": 2.734013833105564e-06,
            "set_tolerances_time": 2.5539775379002094e-06,
            "pc_setup_time": 0.025175585004035383,
            "solve_time": 0.01681022997945547,
            "linear_total_time": 0.04365588596556336,
            "ksp_its": 6
          },
          {
            "assemble_total_time": 0.0012164729996584356,
            "assemble_p2p_exchange": 0.0004495909670367837,
            "assemble_hvp_compute": 0.0002719530020840466,
            "assemble_extraction": 0.00027758098440244794,
            "assemble_coo_assembly": 0.00020267802756279707,
            "assemble_n_hvps": 0,
            "setop_time": 2.5840126909315586e-06,
            "set_tolerances_time": 1.982960384339094e-06,
            "pc_setup_time": 0.023728711996227503,
            "solve_time": 0.017111206951085478,
            "linear_total_time": 0.04206095892004669,
            "ksp_its": 6
          },
          {
            "assemble_total_time": 0.001451528980396688,
            "assemble_p2p_exchange": 0.00041560898534953594,
            "assemble_hvp_compute": 0.00028076599119231105,
            "assemble_extraction": 0.0002881260006688535,
            "assemble_coo_assembly": 0.0004479879862628877,
            "assemble_n_hvps": 0,
            "setop_time": 1.8629943951964378e-06,
            "set_tolerances_time": 1.5219557099044323e-06,
            "pc_setup_time": 0.023890326963737607,
            "solve_time": 0.011418551031965762,
            "linear_total_time": 0.03676379192620516,
            "ksp_its": 4
          },
          {
            "assemble_total_time": 0.0012681710068136454,
            "assemble_p2p_exchange": 0.00044459302444010973,
            "assemble_hvp_compute": 0.00025862199254333973,
            "assemble_extraction": 0.00022034399444237351,
            "assemble_coo_assembly": 0.0003269349690526724,
            "assemble_n_hvps": 0,
            "setop_time": 1.9030412659049034e-06,
            "set_tolerances_time": 2.073997166007757e-06,
            "pc_setup_time": 0.02232153998920694,
            "solve_time": 0.010502863966394216,
            "linear_total_time": 0.034096552000846714,
            "ksp_its": 3
          },
          {
            "assemble_total_time": 0.001370566023979336,
            "assemble_p2p_exchange": 0.0004706819890998304,
            "assemble_hvp_compute": 0.00025715900119394064,
            "assemble_extraction": 0.00024476100225001574,
            "assemble_coo_assembly": 0.00038248900091275573,
            "assemble_n_hvps": 0,
            "setop_time": 2.6939669623970985e-06,
            "set_tolerances_time": 2.162996679544449e-06,
            "pc_setup_time": 0.028157012013252825,
            "solve_time": 0.008254126994870603,
            "linear_total_time": 0.037786561995744705,
            "ksp_its": 2
          },
          {
            "assemble_total_time": 0.0014889459707774222,
            "assemble_p2p_exchange": 0.0004676089738495648,
            "assemble_hvp_compute": 0.00027970399241894484,
            "assemble_extraction": 0.0002423879923298955,
            "assemble_coo_assembly": 0.0004798569716513157,
            "assemble_n_hvps": 0,
            "setop_time": 2.0430306904017925e-06,
            "set_tolerances_time": 1.8320279195904732e-06,
            "pc_setup_time": 0.024468123039696366,
            "solve_time": 0.007290795969311148,
            "linear_total_time": 0.03325174003839493,
            "ksp_its": 2
          }
        ]
      }
    ],
    "metadata": {
      "profile": "reference",
      "nprocs": 32,
      "nproc_threads": 1,
      "linear_solver": {
        "ksp_type": "gmres",
        "pc_type": "hypre",
        "ksp_rtol": 0.001,
        "ksp_max_it": 200,
        "pc_setup_on_ksp_cap": false,
        "gamg_threshold": 0.05,
        "gamg_agg_nsmooths": 1,
        "gamg_set_coordinates": true,
        "reorder": true,
        "hvp_eval_mode": "element_overlap",
        "assembly_mode": "element",
        "element_reorder_mode": "block_xyz",
        "local_hessian_mode": "element",
        "distribution_strategy": "overlap_allgather",
        "assembler": "GLReorderedElementAssembler",
        "trust_subproblem_solver": "direct_linear_solve",
        "trust_subproblem_line_search": false
      },
      "newton": {
        "tolf": 1e-06,
        "tolg": 1e-05,
        "tolg_rel": 0.001,
        "tolx_rel": 0.001,
        "tolx_abs": 1e-10,
        "maxit": 100,
        "require_all_convergence": true,
        "fail_on_nonfinite": true,
        "linesearch_interval": [
          -0.5,
          2.0
        ],
        "linesearch_tol": 0.001,
        "trust_region": false,
        "trust_radius_init": 1.0,
        "trust_radius_min": 1e-08,
        "trust_radius_max": 1000000.0,
        "trust_subproblem_line_search": false,
        "step_time_limit_s": null
      }
    }
  }
}
