An NVIDIA GPU may be present on this machine, but a CUDA-enabled jaxlib is not installed. Falling back to cpu.
An NVIDIA GPU may be present on this machine, but a CUDA-enabled jaxlib is not installed. Falling back to cpu.
An NVIDIA GPU may be present on this machine, but a CUDA-enabled jaxlib is not installed. Falling back to cpu.
An NVIDIA GPU may be present on this machine, but a CUDA-enabled jaxlib is not installed. Falling back to cpu.
An NVIDIA GPU may be present on this machine, but a CUDA-enabled jaxlib is not installed. Falling back to cpu.
An NVIDIA GPU may be present on this machine, but a CUDA-enabled jaxlib is not installed. Falling back to cpu.
An NVIDIA GPU may be present on this machine, but a CUDA-enabled jaxlib is not installed. Falling back to cpu.
An NVIDIA GPU may be present on this machine, but a CUDA-enabled jaxlib is not installed. Falling back to cpu.
An NVIDIA GPU may be present on this machine, but a CUDA-enabled jaxlib is not installed. Falling back to cpu.
An NVIDIA GPU may be present on this machine, but a CUDA-enabled jaxlib is not installed. Falling back to cpu.
An NVIDIA GPU may be present on this machine, but a CUDA-enabled jaxlib is not installed. Falling back to cpu.
An NVIDIA GPU may be present on this machine, but a CUDA-enabled jaxlib is not installed. Falling back to cpu.
An NVIDIA GPU may be present on this machine, but a CUDA-enabled jaxlib is not installed. Falling back to cpu.
An NVIDIA GPU may be present on this machine, but a CUDA-enabled jaxlib is not installed. Falling back to cpu.
An NVIDIA GPU may be present on this machine, but a CUDA-enabled jaxlib is not installed. Falling back to cpu.
An NVIDIA GPU may be present on this machine, but a CUDA-enabled jaxlib is not installed. Falling back to cpu.
{
  "case": {
    "problem": "gl",
    "backend": "element",
    "level": 6,
    "out": "/home/michal/repos/fenics_nonlinear_energies/experiment_results_cache/gl_final_suite/jax_petsc_local_sfd_l6_np16.json",
    "quiet": true,
    "save_history": true,
    "save_linear_timing": true,
    "steps": 1,
    "start_step": 1,
    "total_steps": 24,
    "ksp_type": "gmres",
    "pc_type": "hypre",
    "ksp_rtol": 0.001,
    "ksp_max_it": 200,
    "profile": "reference",
    "coloring_trials": 10,
    "nproc_threads": 1,
    "hvp_eval_mode": "sequential",
    "element_reorder_mode": "block_xyz",
    "local_hessian_mode": "sfd_local",
    "tolf": 1e-06,
    "tolg": 1e-05,
    "tolg_rel": 0.001,
    "tolx_rel": 0.001,
    "tolx_abs": 1e-10,
    "maxit": 100,
    "step_time_limit_s": null,
    "linesearch_a": -0.5,
    "linesearch_b": 2.0,
    "linesearch_tol": 0.001,
    "use_trust_region": false,
    "trust_radius_init": 1.0,
    "trust_radius_min": 1e-08,
    "trust_radius_max": 1000000.0,
    "trust_shrink": 0.5,
    "trust_expand": 1.5,
    "trust_eta_shrink": 0.05,
    "trust_eta_expand": 0.75,
    "trust_max_reject": 6,
    "trust_subproblem_line_search": false,
    "local_coloring": true,
    "retry_on_failure": false,
    "pc_setup_on_ksp_cap": false,
    "use_near_nullspace": true,
    "reorder": null,
    "gamg_threshold": 0.05,
    "gamg_agg_nsmooths": 1,
    "gamg_set_coordinates": true
  },
  "result": {
    "mesh_level": 6,
    "total_dofs": 16641,
    "free_dofs": 16129,
    "setup_time": 0.982609,
    "solve_time_total": 0.220337,
    "total_time": 1.282378,
    "steps": [
      {
        "step": 1,
        "time": 0.220337,
        "nit": 8,
        "linear_iters": 33,
        "energy": 0.3457766110902367,
        "message": "Converged (energy, step, gradient)",
        "attempt": "primary",
        "ksp_rtol_used": 0.001,
        "ksp_max_it_used": 200,
        "linesearch_interval_used": [
          -0.5,
          2.0
        ],
        "history": [
          {
            "it": 1,
            "energy": 0.5643460778155595,
            "dE": 0.10099561872768203,
            "grad_norm": 0.007407961475354023,
            "grad_target": 1e-05,
            "grad_norm_post": NaN,
            "alpha": -0.2682938922005168,
            "ksp_its": 10,
            "ls_evals": 19,
            "ls_repaired": false,
            "used_gradient_fallback": false,
            "accepted_step": true,
            "step_norm": 32.26863673628475,
            "step_rel": 0.5041974490044492,
            "pred_reduction": NaN,
            "actual_reduction": NaN,
            "trust_rejects": 0,
            "t_grad": 0.00043886597268283367,
            "t_hess": 0.02645413199206814,
            "t_ls": 0.009610715962480754,
            "t_update": 1.90298305824399e-06,
            "t_iter": 0.036559219006448984,
            "trust_radius": 1.0,
            "trust_ratio": NaN,
            "trust_qp": NaN
          },
          {
            "it": 2,
            "energy": 0.5091424975747862,
            "dE": 0.05520358024077321,
            "grad_norm": 0.008273386560991277,
            "grad_target": 1e-05,
            "grad_norm_post": NaN,
            "alpha": 0.3355713080351005,
            "ksp_its": 6,
            "ls_evals": 19,
            "ls_repaired": false,
            "used_gradient_fallback": false,
            "accepted_step": true,
            "step_norm": 26.23950874948069,
            "step_rel": 0.32835410145730315,
            "pred_reduction": NaN,
            "actual_reduction": NaN,
            "trust_rejects": 0,
            "t_grad": 0.0003093890263698995,
            "t_hess": 0.02124759997241199,
            "t_ls": 0.00914418901083991,
            "t_update": 2.002983819693327e-06,
            "t_iter": 0.03073881601449102,
            "trust_radius": 1.0,
            "trust_ratio": NaN,
            "trust_qp": NaN
          },
          {
            "it": 3,
            "energy": 0.442989890448836,
            "dE": 0.06615260712595022,
            "grad_norm": 0.004418370969026035,
            "grad_target": 1e-05,
            "grad_norm_post": NaN,
            "alpha": -0.2764906179178873,
            "ksp_its": 5,
            "ls_evals": 19,
            "ls_repaired": false,
            "used_gradient_fallback": false,
            "accepted_step": true,
            "step_norm": 33.39186115677162,
            "step_rel": 0.3558232263910659,
            "pred_reduction": NaN,
            "actual_reduction": NaN,
            "trust_rejects": 0,
            "t_grad": 0.00030473299557343125,
            "t_hess": 0.01940211799228564,
            "t_ls": 0.009311032015830278,
            "t_update": 1.7829588614404202e-06,
            "t_iter": 0.02905412798281759,
            "trust_radius": 1.0,
            "trust_ratio": NaN,
            "trust_qp": NaN
          },
          {
            "it": 4,
            "energy": 0.3701147921335636,
            "dE": 0.07287509831527245,
            "grad_norm": 0.00681397815218535,
            "grad_target": 1e-05,
            "grad_norm_post": NaN,
            "alpha": 0.2752917513217549,
            "ksp_its": 4,
            "ls_evals": 19,
            "ls_repaired": false,
            "used_gradient_fallback": false,
            "accepted_step": true,
            "step_norm": 27.577904525998413,
            "step_rel": 0.27296556484132306,
            "pred_reduction": NaN,
            "actual_reduction": NaN,
            "trust_rejects": 0,
            "t_grad": 0.0003032399690710008,
            "t_hess": 0.017625041014980525,
            "t_ls": 0.009058428986463696,
            "t_update": 1.4219549484550953e-06,
            "t_iter": 0.027021583984605968,
            "trust_radius": 1.0,
            "trust_ratio": NaN,
            "trust_qp": NaN
          },
          {
            "it": 5,
            "energy": 0.3469391803698383,
            "dE": 0.02317561176372529,
            "grad_norm": 0.005533101790891418,
            "grad_target": 1e-05,
            "grad_norm_post": NaN,
            "alpha": 0.8455678238611848,
            "ksp_its": 2,
            "ls_evals": 19,
            "ls_repaired": false,
            "used_gradient_fallback": false,
            "accepted_step": true,
            "step_norm": 10.14781063824696,
            "step_rel": 0.09415662809023875,
            "pred_reduction": NaN,
            "actual_reduction": NaN,
            "trust_rejects": 0,
            "t_grad": 0.00030083704041317105,
            "t_hess": 0.014285121986176819,
            "t_ls": 0.009184230002574623,
            "t_update": 1.442967914044857e-06,
            "t_iter": 0.023805831966456026,
            "trust_radius": 1.0,
            "trust_ratio": NaN,
            "trust_qp": NaN
          },
          {
            "it": 6,
            "energy": 0.34577773510147336,
            "dE": 0.0011614452683649246,
            "grad_norm": 0.0011597714071308243,
            "grad_target": 1e-05,
            "grad_norm_post": NaN,
            "alpha": 1.0716927671899976,
            "ksp_its": 2,
            "ls_evals": 19,
            "ls_repaired": false,
            "used_gradient_fallback": false,
            "accepted_step": true,
            "step_norm": 2.318376963637906,
            "step_rel": 0.021004181273266403,
            "pred_reduction": NaN,
            "actual_reduction": NaN,
            "trust_rejects": 0,
            "t_grad": 0.0003023790195584297,
            "t_hess": 0.015055201016366482,
            "t_ls": 0.009131299972068518,
            "t_update": 1.3720127753913403e-06,
            "t_iter": 0.02452431299025193,
            "trust_radius": 1.0,
            "trust_ratio": NaN,
            "trust_qp": NaN
          },
          {
            "it": 7,
            "energy": 0.34577661109461677,
            "dE": 1.1240068565898653e-06,
            "grad_norm": 3.7691214490461046e-05,
            "grad_target": 1e-05,
            "grad_norm_post": NaN,
            "alpha": 1.0011162328941345,
            "ksp_its": 2,
            "ls_evals": 19,
            "ls_repaired": false,
            "used_gradient_fallback": false,
            "accepted_step": true,
            "step_norm": 0.0708205624995938,
            "step_rel": 0.000646164349625624,
            "pred_reduction": NaN,
            "actual_reduction": NaN,
            "trust_rejects": 0,
            "t_grad": 0.0003120439941994846,
            "t_hess": 0.014295006985776126,
            "t_ls": 0.009044117003213614,
            "t_update": 1.3519893400371075e-06,
            "t_iter": 0.02368677203776315,
            "trust_radius": 1.0,
            "trust_ratio": NaN,
            "trust_qp": NaN
          },
          {
            "it": 8,
            "energy": 0.3457766110902367,
            "dE": 4.3800518767511676e-12,
            "grad_norm": 8.320592333408194e-08,
            "grad_target": 1e-05,
            "grad_norm_post": 2.003828133795783e-10,
            "alpha": 1.00224899252863,
            "ksp_its": 2,
            "ls_evals": 19,
            "ls_repaired": false,
            "used_gradient_fallback": false,
            "accepted_step": true,
            "step_norm": 0.00015006828572375683,
            "step_rel": 1.3693554721763612e-06,
            "pred_reduction": NaN,
            "actual_reduction": NaN,
            "trust_rejects": 0,
            "t_grad": 0.0003050029627047479,
            "t_hess": 0.014277801034040749,
            "t_ls": 0.009019138989970088,
            "t_update": 1.2820237316191196e-06,
            "t_iter": 0.023636764963157475,
            "trust_radius": 1.0,
            "trust_ratio": NaN,
            "trust_qp": NaN
          }
        ],
        "linear_timing": [
          {
            "assemble_total_time": 0.0011061889817938209,
            "assemble_p2p_exchange": 9.744800627231598e-05,
            "assemble_hvp_compute": 0.0006406420143321157,
            "assemble_extraction": 5.701702320948243e-05,
            "assemble_coo_assembly": 0.0002907710149884224,
            "assemble_n_hvps": 8,
            "setop_time": 2.5240005925297737e-06,
            "set_tolerances_time": 1.6430276446044445e-06,
            "pc_setup_time": 0.01254453998990357,
            "solve_time": 0.012754019000567496,
            "linear_total_time": 0.02640891500050202,
            "ksp_its": 10
          },
          {
            "assemble_total_time": 0.0007701590075157583,
            "assemble_p2p_exchange": 0.00012192502617835999,
            "assemble_hvp_compute": 0.0004120759549550712,
            "assemble_extraction": 5.258002784103155e-05,
            "assemble_coo_assembly": 0.00016676302766427398,
            "assemble_n_hvps": 8,
            "setop_time": 2.062995918095112e-06,
            "set_tolerances_time": 1.5730038285255432e-06,
            "pc_setup_time": 0.01209219399606809,
            "solve_time": 0.008340950007550418,
            "linear_total_time": 0.021206939010880888,
            "ksp_its": 6
          },
          {
            "assemble_total_time": 0.0007020559860393405,
            "assemble_p2p_exchange": 9.050703374668956e-05,
            "assemble_hvp_compute": 0.00046208204003050923,
            "assemble_extraction": 4.305498441681266e-05,
            "assemble_coo_assembly": 9.342102566733956e-05,
            "assemble_n_hvps": 8,
            "setop_time": 1.4519901014864445e-06,
            "set_tolerances_time": 1.3420358300209045e-06,
            "pc_setup_time": 0.011454014980699867,
            "solve_time": 0.0072088009910658,
            "linear_total_time": 0.019367665983736515,
            "ksp_its": 5
          },
          {
            "assemble_total_time": 0.0006628659903071821,
            "assemble_p2p_exchange": 8.868396980687976e-05,
            "assemble_hvp_compute": 0.00043355795787647367,
            "assemble_extraction": 4.057202022522688e-05,
            "assemble_coo_assembly": 8.788297418504953e-05,
            "assemble_n_hvps": 8,
            "setop_time": 1.4919787645339966e-06,
            "set_tolerances_time": 1.2519885785877705e-06,
            "pc_setup_time": 0.011173609003890306,
            "solve_time": 0.005751018994487822,
            "linear_total_time": 0.01759023795602843,
            "ksp_its": 4
          },
          {
            "assemble_total_time": 0.0006929109804332256,
            "assemble_p2p_exchange": 9.175902232527733e-05,
            "assemble_hvp_compute": 0.00043310702312737703,
            "assemble_extraction": 4.0632032323628664e-05,
            "assemble_coo_assembly": 0.00011546502355486155,
            "assemble_n_hvps": 8,
            "setop_time": 1.0909861885011196e-06,
            "set_tolerances_time": 1.2220116332173347e-06,
            "pc_setup_time": 0.010458864970132709,
            "solve_time": 0.0030820280080661178,
            "linear_total_time": 0.01423611695645377,
            "ksp_its": 2
          },
          {
            "assemble_total_time": 0.000653261027764529,
            "assemble_p2p_exchange": 8.994602831080556e-05,
            "assemble_hvp_compute": 0.0003722549881786108,
            "assemble_extraction": 4.7362002078443766e-05,
            "assemble_coo_assembly": 0.00013133900938555598,
            "assemble_n_hvps": 8,
            "setop_time": 1.2320233508944511e-06,
            "set_tolerances_time": 1.241976860910654e-06,
            "pc_setup_time": 0.010995758988428861,
            "solve_time": 0.003369014011695981,
            "linear_total_time": 0.015020508028101176,
            "ksp_its": 2
          },
          {
            "assemble_total_time": 0.0006794810178689659,
            "assemble_p2p_exchange": 8.827401325106621e-05,
            "assemble_hvp_compute": 0.0003587640239857137,
            "assemble_extraction": 5.0636997912079096e-05,
            "assemble_coo_assembly": 0.00016935699386522174,
            "assemble_n_hvps": 8,
            "setop_time": 1.2519885785877705e-06,
            "set_tolerances_time": 1.1720112524926662e-06,
            "pc_setup_time": 0.01035485597094521,
            "solve_time": 0.003223212028387934,
            "linear_total_time": 0.01425997301703319,
            "ksp_its": 2
          },
          {
            "assemble_total_time": 0.0006801319541409612,
            "assemble_p2p_exchange": 9.182898793369532e-05,
            "assemble_hvp_compute": 0.00042088900227099657,
            "assemble_extraction": 4.096201155334711e-05,
            "assemble_coo_assembly": 0.00011427397839725018,
            "assemble_n_hvps": 8,
            "setop_time": 1.241976860910654e-06,
            "set_tolerances_time": 1.0819640010595322e-06,
            "pc_setup_time": 0.010313423990737647,
            "solve_time": 0.0032473590108565986,
            "linear_total_time": 0.014243238896597177,
            "ksp_its": 2
          }
        ]
      }
    ],
    "metadata": {
      "profile": "reference",
      "nprocs": 16,
      "nproc_threads": 1,
      "linear_solver": {
        "ksp_type": "gmres",
        "pc_type": "hypre",
        "ksp_rtol": 0.001,
        "ksp_max_it": 200,
        "pc_setup_on_ksp_cap": false,
        "gamg_threshold": 0.05,
        "gamg_agg_nsmooths": 1,
        "gamg_set_coordinates": true,
        "reorder": true,
        "hvp_eval_mode": "sfd_local_batched",
        "assembly_mode": "element",
        "element_reorder_mode": "block_xyz",
        "local_hessian_mode": "sfd_local",
        "distribution_strategy": "overlap_allgather",
        "assembler": "GLReorderedElementAssembler",
        "trust_subproblem_solver": "direct_linear_solve",
        "trust_subproblem_line_search": false
      },
      "newton": {
        "tolf": 1e-06,
        "tolg": 1e-05,
        "tolg_rel": 0.001,
        "tolx_rel": 0.001,
        "tolx_abs": 1e-10,
        "maxit": 100,
        "require_all_convergence": true,
        "fail_on_nonfinite": true,
        "linesearch_interval": [
          -0.5,
          2.0
        ],
        "linesearch_tol": 0.001,
        "trust_region": false,
        "trust_radius_init": 1.0,
        "trust_radius_min": 1e-08,
        "trust_radius_max": 1000000.0,
        "trust_subproblem_line_search": false,
        "step_time_limit_s": null
      }
    }
  }
}
