An NVIDIA GPU may be present on this machine, but a CUDA-enabled jaxlib is not installed. Falling back to cpu.
An NVIDIA GPU may be present on this machine, but a CUDA-enabled jaxlib is not installed. Falling back to cpu.
An NVIDIA GPU may be present on this machine, but a CUDA-enabled jaxlib is not installed. Falling back to cpu.
An NVIDIA GPU may be present on this machine, but a CUDA-enabled jaxlib is not installed. Falling back to cpu.
An NVIDIA GPU may be present on this machine, but a CUDA-enabled jaxlib is not installed. Falling back to cpu.
An NVIDIA GPU may be present on this machine, but a CUDA-enabled jaxlib is not installed. Falling back to cpu.
An NVIDIA GPU may be present on this machine, but a CUDA-enabled jaxlib is not installed. Falling back to cpu.
An NVIDIA GPU may be present on this machine, but a CUDA-enabled jaxlib is not installed. Falling back to cpu.
{
  "case": {
    "problem": "gl",
    "backend": "element",
    "level": 9,
    "out": "/home/michal/repos/fenics_nonlinear_energies/experiment_results_cache/gl_final_suite/jax_petsc_element_l9_np8.json",
    "quiet": true,
    "save_history": true,
    "save_linear_timing": true,
    "steps": 1,
    "start_step": 1,
    "total_steps": 24,
    "ksp_type": "gmres",
    "pc_type": "hypre",
    "ksp_rtol": 0.001,
    "ksp_max_it": 200,
    "profile": "reference",
    "coloring_trials": 10,
    "nproc_threads": 1,
    "hvp_eval_mode": "sequential",
    "element_reorder_mode": "block_xyz",
    "local_hessian_mode": "element",
    "tolf": 1e-06,
    "tolg": 1e-05,
    "tolg_rel": 0.001,
    "tolx_rel": 0.001,
    "tolx_abs": 1e-10,
    "maxit": 100,
    "step_time_limit_s": null,
    "linesearch_a": -0.5,
    "linesearch_b": 2.0,
    "linesearch_tol": 0.001,
    "use_trust_region": false,
    "trust_radius_init": 1.0,
    "trust_radius_min": 1e-08,
    "trust_radius_max": 1000000.0,
    "trust_shrink": 0.5,
    "trust_expand": 1.5,
    "trust_eta_shrink": 0.05,
    "trust_eta_expand": 0.75,
    "trust_max_reject": 6,
    "trust_subproblem_line_search": false,
    "local_coloring": true,
    "retry_on_failure": false,
    "pc_setup_on_ksp_cap": false,
    "use_near_nullspace": true,
    "reorder": null,
    "gamg_threshold": 0.05,
    "gamg_agg_nsmooths": 1,
    "gamg_set_coordinates": true
  },
  "result": {
    "mesh_level": 9,
    "total_dofs": 1050625,
    "free_dofs": 1046529,
    "setup_time": 2.703367,
    "solve_time_total": 6.265552,
    "total_time": 9.57248,
    "steps": [
      {
        "step": 1,
        "time": 6.265552,
        "nit": 8,
        "linear_iters": 35,
        "energy": 0.34562646841171807,
        "message": "Converged (energy, step, gradient)",
        "attempt": "primary",
        "ksp_rtol_used": 0.001,
        "ksp_max_it_used": 200,
        "linesearch_interval_used": [
          -0.5,
          2.0
        ],
        "history": [
          {
            "it": 1,
            "energy": 0.5619889135450001,
            "dE": 0.10331076442417353,
            "grad_norm": 0.0009261996570956121,
            "grad_target": 1e-05,
            "grad_norm_post": NaN,
            "alpha": -0.26969406011060426,
            "ksp_its": 9,
            "ls_evals": 19,
            "ls_repaired": false,
            "used_gradient_fallback": false,
            "accepted_step": true,
            "step_norm": 260.4908064032198,
            "step_rel": 0.5087711062562886,
            "pred_reduction": NaN,
            "actual_reduction": NaN,
            "trust_rejects": 0,
            "t_grad": 0.02202159201260656,
            "t_hess": 0.6343468080158345,
            "t_ls": 0.3218960160156712,
            "t_update": 0.00018867501057684422,
            "t_iter": 0.9786661120015197,
            "trust_radius": 1.0,
            "trust_ratio": NaN,
            "trust_qp": NaN
          },
          {
            "it": 2,
            "energy": 0.5100365460359044,
            "dE": 0.05195236750909571,
            "grad_norm": 0.0010307731051411202,
            "grad_target": 1e-05,
            "grad_norm_post": NaN,
            "alpha": 0.33670406766964767,
            "ksp_its": 6,
            "ls_evals": 19,
            "ls_repaired": false,
            "used_gradient_fallback": false,
            "accepted_step": true,
            "step_norm": 203.82573494268624,
            "step_rel": 0.31718321523708665,
            "pred_reduction": NaN,
            "actual_reduction": NaN,
            "trust_rejects": 0,
            "t_grad": 0.022052056971006095,
            "t_hess": 0.4875207250006497,
            "t_ls": 0.32278118102112785,
            "t_update": 0.0001895260065793991,
            "t_iter": 0.8327510940143839,
            "trust_radius": 1.0,
            "trust_ratio": NaN,
            "trust_qp": NaN
          },
          {
            "it": 3,
            "energy": 0.4478719778743504,
            "dE": 0.062164568161554024,
            "grad_norm": 0.0005641931751075337,
            "grad_target": 1e-05,
            "grad_norm_post": NaN,
            "alpha": -0.24063597095269007,
            "ksp_its": 6,
            "ls_evals": 19,
            "ls_repaired": false,
            "used_gradient_fallback": false,
            "accepted_step": true,
            "step_norm": 256.25156278196323,
            "step_rel": 0.34163622203926836,
            "pred_reduction": NaN,
            "actual_reduction": NaN,
            "trust_rejects": 0,
            "t_grad": 0.022189073963090777,
            "t_hess": 0.4864628550130874,
            "t_ls": 0.32255432702368125,
            "t_update": 0.00018371798796579242,
            "t_iter": 0.8316172559862025,
            "trust_radius": 1.0,
            "trust_ratio": NaN,
            "trust_qp": NaN
          },
          {
            "it": 4,
            "energy": 0.38871368053005706,
            "dE": 0.05915829734429334,
            "grad_norm": 0.0008570509126754562,
            "grad_target": 1e-05,
            "grad_norm_post": NaN,
            "alpha": 0.17339160859889902,
            "ksp_its": 5,
            "ls_evals": 19,
            "ls_repaired": false,
            "used_gradient_fallback": false,
            "accepted_step": true,
            "step_norm": 197.113199546135,
            "step_rel": 0.24493049357572333,
            "pred_reduction": NaN,
            "actual_reduction": NaN,
            "trust_rejects": 0,
            "t_grad": 0.022368886042386293,
            "t_hess": 0.44737689598696306,
            "t_ls": 0.33130960795097053,
            "t_update": 0.000176216010004282,
            "t_iter": 0.8014604629715905,
            "trust_radius": 1.0,
            "trust_ratio": NaN,
            "trust_qp": NaN
          },
          {
            "it": 5,
            "energy": 0.3536401038735689,
            "dE": 0.03507357665648814,
            "grad_norm": 0.0008185545816401302,
            "grad_target": 1e-05,
            "grad_norm_post": NaN,
            "alpha": 0.4600635169165138,
            "ksp_its": 3,
            "ls_evals": 19,
            "ls_repaired": false,
            "used_gradient_fallback": false,
            "accepted_step": true,
            "step_norm": 123.36877936497989,
            "step_rel": 0.14551773216991543,
            "pred_reduction": NaN,
            "actual_reduction": NaN,
            "trust_rejects": 0,
            "t_grad": 0.02225901000201702,
            "t_hess": 0.3707285660202615,
            "t_ls": 0.3301574059878476,
            "t_update": 0.0001837780000641942,
            "t_iter": 0.7235180650022812,
            "trust_radius": 1.0,
            "trust_ratio": NaN,
            "trust_qp": NaN
          },
          {
            "it": 6,
            "energy": 0.3456898629209186,
            "dE": 0.007950240952650345,
            "grad_norm": 0.00041463712949252367,
            "grad_target": 1e-05,
            "grad_norm_post": NaN,
            "alpha": 1.0383710477695687,
            "ksp_its": 2,
            "ls_evals": 19,
            "ls_repaired": false,
            "used_gradient_fallback": false,
            "accepted_step": true,
            "step_norm": 43.12201968671841,
            "step_rel": 0.04916748581199813,
            "pred_reduction": NaN,
            "actual_reduction": NaN,
            "trust_rejects": 0,
            "t_grad": 0.022029493004083633,
            "t_hess": 0.3342992119723931,
            "t_ls": 0.32968960801372305,
            "t_update": 0.00021620700135827065,
            "t_iter": 0.6864097439683974,
            "trust_radius": 1.0,
            "trust_ratio": NaN,
            "trust_qp": NaN
          },
          {
            "it": 7,
            "energy": 0.3456264710178767,
            "dE": 6.339190304188724e-05,
            "grad_norm": 3.2122288877341734e-05,
            "grad_target": 1e-05,
            "grad_norm_post": NaN,
            "alpha": 1.0132460540663673,
            "ksp_its": 2,
            "ls_evals": 19,
            "ls_repaired": false,
            "used_gradient_fallback": false,
            "accepted_step": true,
            "step_norm": 4.396219671525957,
            "step_rel": 0.004997332867229364,
            "pred_reduction": NaN,
            "actual_reduction": NaN,
            "trust_rejects": 0,
            "t_grad": 0.022114582010544837,
            "t_hess": 0.3343675820506178,
            "t_ls": 0.3281588650424965,
            "t_update": 0.00019948097178712487,
            "t_iter": 0.6850575280259363,
            "trust_radius": 1.0,
            "trust_ratio": NaN,
            "trust_qp": NaN
          },
          {
            "it": 8,
            "energy": 0.34562646841171807,
            "dE": 2.6061586222425603e-09,
            "grad_norm": 2.877752063256643e-07,
            "grad_target": 1e-05,
            "grad_norm_post": 1.4538775420908884e-09,
            "alpha": 1.000416148939007,
            "ksp_its": 2,
            "ls_evals": 19,
            "ls_repaired": false,
            "used_gradient_fallback": false,
            "accepted_step": true,
            "step_norm": 0.02754512964930816,
            "step_rel": 3.142130605641579e-05,
            "pred_reduction": NaN,
            "actual_reduction": NaN,
            "trust_rejects": 0,
            "t_grad": 0.021730660984758288,
            "t_hess": 0.33543416199972853,
            "t_ls": 0.3308384389965795,
            "t_update": 0.0002150350483134389,
            "t_iter": 0.6884025870240293,
            "trust_radius": 1.0,
            "trust_ratio": NaN,
            "trust_qp": NaN
          }
        ],
        "linear_timing": [
          {
            "assemble_total_time": 0.09701436199247837,
            "assemble_p2p_exchange": 0.004676813026890159,
            "assemble_hvp_compute": 0.027371473028324544,
            "assemble_extraction": 0.055364742991514504,
            "assemble_coo_assembly": 0.009316121053416282,
            "assemble_n_hvps": 0,
            "setop_time": 9.994953870773315e-06,
            "set_tolerances_time": 2.563989255577326e-06,
            "pc_setup_time": 0.1558958480018191,
            "solve_time": 0.3811037460109219,
            "linear_total_time": 0.6340265149483457,
            "ksp_its": 9
          },
          {
            "assemble_total_time": 0.09640188596677035,
            "assemble_p2p_exchange": 0.004224581003654748,
            "assemble_hvp_compute": 0.027446234948001802,
            "assemble_extraction": 0.059976059012115,
            "assemble_coo_assembly": 0.0044505829573608935,
            "assemble_n_hvps": 0,
            "setop_time": 3.2249954529106617e-06,
            "set_tolerances_time": 2.943968866020441e-06,
            "pc_setup_time": 0.1303355289855972,
            "solve_time": 0.2604458900168538,
            "linear_total_time": 0.4871894739335403,
            "ksp_its": 6
          },
          {
            "assemble_total_time": 0.09494561603059992,
            "assemble_p2p_exchange": 0.004461588978301734,
            "assemble_hvp_compute": 0.02035217999946326,
            "assemble_extraction": 0.0622632930171676,
            "assemble_coo_assembly": 0.00760479603195563,
            "assemble_n_hvps": 0,
            "setop_time": 2.6539782993495464e-06,
            "set_tolerances_time": 2.3939646780490875e-06,
            "pc_setup_time": 0.1301600139704533,
            "solve_time": 0.26104140700772405,
            "linear_total_time": 0.48615208495175466,
            "ksp_its": 6
          },
          {
            "assemble_total_time": 0.09489224600838497,
            "assemble_p2p_exchange": 0.004499716975260526,
            "assemble_hvp_compute": 0.020023184013552964,
            "assemble_extraction": 0.06168383703334257,
            "assemble_coo_assembly": 0.008466407016385347,
            "assemble_n_hvps": 0,
            "setop_time": 2.154032699763775e-06,
            "set_tolerances_time": 2.6840134523808956e-06,
            "pc_setup_time": 0.12933424598304555,
            "solve_time": 0.2228471870184876,
            "linear_total_time": 0.44707851705607027,
            "ksp_its": 5
          },
          {
            "assemble_total_time": 0.09431137703359127,
            "assemble_p2p_exchange": 0.004709432017989457,
            "assemble_hvp_compute": 0.021532551967538893,
            "assemble_extraction": 0.06105166202178225,
            "assemble_coo_assembly": 0.006760401010978967,
            "assemble_n_hvps": 0,
            "setop_time": 2.7939677238464355e-06,
            "set_tolerances_time": 2.683955244719982e-06,
            "pc_setup_time": 0.12958592601353303,
            "solve_time": 0.14648724300786853,
            "linear_total_time": 0.3703900239779614,
            "ksp_its": 3
          },
          {
            "assemble_total_time": 0.09591597999678925,
            "assemble_p2p_exchange": 0.004697844968177378,
            "assemble_hvp_compute": 0.030470583005808294,
            "assemble_extraction": 0.05444971000542864,
            "assemble_coo_assembly": 0.00534417200833559,
            "assemble_n_hvps": 0,
            "setop_time": 2.2394000552594662e-05,
            "set_tolerances_time": 7.801980245858431e-06,
            "pc_setup_time": 0.12892747001023963,
            "solve_time": 0.10906229697866365,
            "linear_total_time": 0.333935942966491,
            "ksp_its": 2
          },
          {
            "assemble_total_time": 0.09575562697136775,
            "assemble_p2p_exchange": 0.004668872046750039,
            "assemble_hvp_compute": 0.03163503098767251,
            "assemble_extraction": 0.05446017498616129,
            "assemble_coo_assembly": 0.004082035040482879,
            "assemble_n_hvps": 0,
            "setop_time": 1.017499016597867e-05,
            "set_tolerances_time": 8.433009497821331e-06,
            "pc_setup_time": 0.12911340000573546,
            "solve_time": 0.10917199100367725,
            "linear_total_time": 0.33405962598044425,
            "ksp_its": 2
          },
          {
            "assemble_total_time": 0.09639666596194729,
            "assemble_p2p_exchange": 0.004958419012837112,
            "assemble_hvp_compute": 0.0304011280531995,
            "assemble_extraction": 0.05192116100806743,
            "assemble_coo_assembly": 0.007606177998241037,
            "assemble_n_hvps": 0,
            "setop_time": 1.0354968253523111e-05,
            "set_tolerances_time": 6.7309592850506306e-06,
            "pc_setup_time": 0.1289519359706901,
            "solve_time": 0.10974549601087347,
            "linear_total_time": 0.33511118387104943,
            "ksp_its": 2
          }
        ]
      }
    ],
    "metadata": {
      "profile": "reference",
      "nprocs": 8,
      "nproc_threads": 1,
      "linear_solver": {
        "ksp_type": "gmres",
        "pc_type": "hypre",
        "ksp_rtol": 0.001,
        "ksp_max_it": 200,
        "pc_setup_on_ksp_cap": false,
        "gamg_threshold": 0.05,
        "gamg_agg_nsmooths": 1,
        "gamg_set_coordinates": true,
        "reorder": true,
        "hvp_eval_mode": "element_overlap",
        "assembly_mode": "element",
        "element_reorder_mode": "block_xyz",
        "local_hessian_mode": "element",
        "distribution_strategy": "overlap_allgather",
        "assembler": "GLReorderedElementAssembler",
        "trust_subproblem_solver": "direct_linear_solve",
        "trust_subproblem_line_search": false
      },
      "newton": {
        "tolf": 1e-06,
        "tolg": 1e-05,
        "tolg_rel": 0.001,
        "tolx_rel": 0.001,
        "tolx_abs": 1e-10,
        "maxit": 100,
        "require_all_convergence": true,
        "fail_on_nonfinite": true,
        "linesearch_interval": [
          -0.5,
          2.0
        ],
        "linesearch_tol": 0.001,
        "trust_region": false,
        "trust_radius_init": 1.0,
        "trust_radius_min": 1e-08,
        "trust_radius_max": 1000000.0,
        "trust_subproblem_line_search": false,
        "step_time_limit_s": null
      }
    }
  }
}
