An NVIDIA GPU may be present on this machine, but a CUDA-enabled jaxlib is not installed. Falling back to cpu.
An NVIDIA GPU may be present on this machine, but a CUDA-enabled jaxlib is not installed. Falling back to cpu.
An NVIDIA GPU may be present on this machine, but a CUDA-enabled jaxlib is not installed. Falling back to cpu.
An NVIDIA GPU may be present on this machine, but a CUDA-enabled jaxlib is not installed. Falling back to cpu.
{
  "case": {
    "problem": "gl",
    "backend": "element",
    "level": 7,
    "out": "/home/michal/repos/fenics_nonlinear_energies/experiment_results_cache/gl_final_suite/jax_petsc_local_sfd_l7_np4.json",
    "quiet": true,
    "save_history": true,
    "save_linear_timing": true,
    "steps": 1,
    "start_step": 1,
    "total_steps": 24,
    "ksp_type": "gmres",
    "pc_type": "hypre",
    "ksp_rtol": 0.001,
    "ksp_max_it": 200,
    "profile": "reference",
    "coloring_trials": 10,
    "nproc_threads": 1,
    "hvp_eval_mode": "sequential",
    "element_reorder_mode": "block_xyz",
    "local_hessian_mode": "sfd_local",
    "tolf": 1e-06,
    "tolg": 1e-05,
    "tolg_rel": 0.001,
    "tolx_rel": 0.001,
    "tolx_abs": 1e-10,
    "maxit": 100,
    "step_time_limit_s": null,
    "linesearch_a": -0.5,
    "linesearch_b": 2.0,
    "linesearch_tol": 0.001,
    "use_trust_region": false,
    "trust_radius_init": 1.0,
    "trust_radius_min": 1e-08,
    "trust_radius_max": 1000000.0,
    "trust_shrink": 0.5,
    "trust_expand": 1.5,
    "trust_eta_shrink": 0.05,
    "trust_eta_expand": 0.75,
    "trust_max_reject": 6,
    "trust_subproblem_line_search": false,
    "local_coloring": true,
    "retry_on_failure": false,
    "pc_setup_on_ksp_cap": false,
    "use_near_nullspace": true,
    "reorder": null,
    "gamg_threshold": 0.05,
    "gamg_agg_nsmooths": 1,
    "gamg_set_coordinates": true
  },
  "result": {
    "mesh_level": 7,
    "total_dofs": 66049,
    "free_dofs": 65025,
    "setup_time": 1.107319,
    "solve_time_total": 0.275444,
    "total_time": 1.479295,
    "steps": [
      {
        "step": 1,
        "time": 0.275444,
        "nit": 6,
        "linear_iters": 21,
        "energy": 0.34566225747969764,
        "message": "Converged (energy, step, gradient)",
        "attempt": "primary",
        "ksp_rtol_used": 0.001,
        "ksp_max_it_used": 200,
        "linesearch_interval_used": [
          -0.5,
          2.0
        ],
        "history": [
          {
            "it": 1,
            "energy": 0.4945345445466438,
            "dE": 0.1707751379007335,
            "grad_norm": 0.0037046037706002784,
            "grad_target": 1e-05,
            "grad_norm_post": NaN,
            "alpha": -0.33110637645849705,
            "ksp_its": 7,
            "ls_evals": 19,
            "ls_repaired": false,
            "used_gradient_fallback": false,
            "accepted_step": true,
            "step_norm": 78.65585341824026,
            "step_rel": 0.614498854830002,
            "pred_reduction": NaN,
            "actual_reduction": NaN,
            "trust_rejects": 0,
            "t_grad": 0.0009681480005383492,
            "t_hess": 0.03781616303604096,
            "t_ls": 0.015882109000813216,
            "t_update": 1.0556017514318228e-05,
            "t_iter": 0.05472509900573641,
            "trust_radius": 1.0,
            "trust_ratio": NaN,
            "trust_qp": NaN
          },
          {
            "it": 2,
            "energy": 0.48232650043441677,
            "dE": 0.012208044112227034,
            "grad_norm": 0.003515566236077566,
            "grad_target": 1e-05,
            "grad_norm_post": NaN,
            "alpha": -0.4962516791188366,
            "ksp_its": 5,
            "ls_evals": 19,
            "ls_repaired": false,
            "used_gradient_fallback": false,
            "accepted_step": true,
            "step_norm": 44.308321589180146,
            "step_rel": 0.24203051107494694,
            "pred_reduction": NaN,
            "actual_reduction": NaN,
            "trust_rejects": 0,
            "t_grad": 0.000867545953951776,
            "t_hess": 0.031055493047460914,
            "t_ls": 0.015174425963778049,
            "t_update": 9.534007403999567e-06,
            "t_iter": 0.0471518769627437,
            "trust_radius": 1.0,
            "trust_ratio": NaN,
            "trust_qp": NaN
          },
          {
            "it": 3,
            "energy": 0.376069080117343,
            "dE": 0.10625742031707375,
            "grad_norm": 0.005124169849633644,
            "grad_target": 1e-05,
            "grad_norm_post": NaN,
            "alpha": 0.1987840105776314,
            "ksp_its": 3,
            "ls_evals": 19,
            "ls_repaired": false,
            "used_gradient_fallback": false,
            "accepted_step": true,
            "step_norm": 53.362351605231055,
            "step_rel": 0.29224332867599545,
            "pred_reduction": NaN,
            "actual_reduction": NaN,
            "trust_rejects": 0,
            "t_grad": 0.0008797639748081565,
            "t_hess": 0.02812911703949794,
            "t_ls": 0.014694139012135565,
            "t_update": 9.82498750090599e-06,
            "t_iter": 0.043767207011114806,
            "trust_radius": 1.0,
            "trust_ratio": NaN,
            "trust_qp": NaN
          },
          {
            "it": 4,
            "energy": 0.346285968918132,
            "dE": 0.02978311119921101,
            "grad_norm": 0.0036444909921459173,
            "grad_target": 1e-05,
            "grad_norm_post": NaN,
            "alpha": 0.913446163208689,
            "ksp_its": 2,
            "ls_evals": 19,
            "ls_repaired": false,
            "used_gradient_fallback": false,
            "accepted_step": true,
            "step_norm": 20.505152078983098,
            "step_rel": 0.09572475364168773,
            "pred_reduction": NaN,
            "actual_reduction": NaN,
            "trust_rejects": 0,
            "t_grad": 0.0007964179967530072,
            "t_hess": 0.026694672007579356,
            "t_ls": 0.01475587097229436,
            "t_update": 9.874987881630659e-06,
            "t_iter": 0.04229892900912091,
            "trust_radius": 1.0,
            "trust_ratio": NaN,
            "trust_qp": NaN
          },
          {
            "it": 5,
            "energy": 0.3456623254673722,
            "dE": 0.0006236434507598254,
            "grad_norm": 0.00046949015341621477,
            "grad_target": 1e-05,
            "grad_norm_post": NaN,
            "alpha": 1.0287741541420863,
            "ksp_its": 2,
            "ls_evals": 19,
            "ls_repaired": false,
            "used_gradient_fallback": false,
            "accepted_step": true,
            "step_norm": 3.1377485203938598,
            "step_rel": 0.01415696073429542,
            "pred_reduction": NaN,
            "actual_reduction": NaN,
            "trust_rejects": 0,
            "t_grad": 0.0008104880107566714,
            "t_hess": 0.026687341975048184,
            "t_ls": 0.014729491027537733,
            "t_update": 1.0306015610694885e-05,
            "t_iter": 0.04228017100831494,
            "trust_radius": 1.0,
            "trust_ratio": NaN,
            "trust_qp": NaN
          },
          {
            "it": 6,
            "energy": 0.34566225747969764,
            "dE": 6.798767454574417e-08,
            "grad_norm": 6.456091758093388e-06,
            "grad_target": 1e-05,
            "grad_norm_post": 8.301856652992993e-09,
            "alpha": 1.000416148939007,
            "ksp_its": 2,
            "ls_evals": 19,
            "ls_repaired": false,
            "used_gradient_fallback": false,
            "accepted_step": true,
            "step_norm": 0.032727705964323915,
            "step_rel": 0.00014933080563110963,
            "pred_reduction": NaN,
            "actual_reduction": NaN,
            "trust_rejects": 0,
            "t_grad": 0.0008075039950199425,
            "t_hess": 0.0264938980108127,
            "t_ls": 0.01572087500244379,
            "t_update": 1.0555959306657314e-05,
            "t_iter": 0.04307513701496646,
            "trust_radius": 1.0,
            "trust_ratio": NaN,
            "trust_qp": NaN
          }
        ],
        "linear_timing": [
          {
            "assemble_total_time": 0.008551806036848575,
            "assemble_p2p_exchange": 0.0001892169821076095,
            "assemble_hvp_compute": 0.006990097986999899,
            "assemble_extraction": 0.0003323139972053468,
            "assemble_coo_assembly": 0.0010025199735537171,
            "assemble_n_hvps": 8,
            "setop_time": 3.074994310736656e-06,
            "set_tolerances_time": 2.3929751478135586e-06,
            "pc_setup_time": 0.01679570396663621,
            "solve_time": 0.01240757101913914,
            "linear_total_time": 0.03776054899208248,
            "ksp_its": 7
          },
          {
            "assemble_total_time": 0.007486410031560808,
            "assemble_p2p_exchange": 0.00016691302880644798,
            "assemble_hvp_compute": 0.006068009999580681,
            "assemble_extraction": 0.0004916460020467639,
            "assemble_coo_assembly": 0.0007251190254464746,
            "assemble_n_hvps": 8,
            "setop_time": 2.362998202443123e-06,
            "set_tolerances_time": 2.4229520931839943e-06,
            "pc_setup_time": 0.014578873990103602,
            "solve_time": 0.008937691047322005,
            "linear_total_time": 0.031007761019282043,
            "ksp_its": 5
          },
          {
            "assemble_total_time": 0.007654274988453835,
            "assemble_p2p_exchange": 0.00017663795733824372,
            "assemble_hvp_compute": 0.006922595028299838,
            "assemble_extraction": 0.0002810059813782573,
            "assemble_coo_assembly": 0.00024796498473733664,
            "assemble_n_hvps": 8,
            "setop_time": 2.543965820223093e-06,
            "set_tolerances_time": 2.1229498088359833e-06,
            "pc_setup_time": 0.014456106990110129,
            "solve_time": 0.005972165032289922,
            "linear_total_time": 0.028087213926482946,
            "ksp_its": 3
          },
          {
            "assemble_total_time": 0.007950122992042452,
            "assemble_p2p_exchange": 0.0001661619753576815,
            "assemble_hvp_compute": 0.006869195029139519,
            "assemble_extraction": 0.0003453930257819593,
            "assemble_coo_assembly": 0.0005357220070436597,
            "assemble_n_hvps": 8,
            "setop_time": 2.803979441523552e-06,
            "set_tolerances_time": 2.234010025858879e-06,
            "pc_setup_time": 0.014302883995696902,
            "solve_time": 0.004394742951262742,
            "linear_total_time": 0.02665278792846948,
            "ksp_its": 2
          },
          {
            "assemble_total_time": 0.007490435964427888,
            "assemble_p2p_exchange": 0.00017144996672868729,
            "assemble_hvp_compute": 0.006373041949700564,
            "assemble_extraction": 0.0003142259665764868,
            "assemble_coo_assembly": 0.0005996390245854855,
            "assemble_n_hvps": 8,
            "setop_time": 2.503977157175541e-06,
            "set_tolerances_time": 2.0830193534493446e-06,
            "pc_setup_time": 0.014505221974104643,
            "solve_time": 0.004644560976885259,
            "linear_total_time": 0.026644805911928415,
            "ksp_its": 2
          },
          {
            "assemble_total_time": 0.007515294011682272,
            "assemble_p2p_exchange": 0.00016626203432679176,
            "assemble_hvp_compute": 0.006224496988579631,
            "assemble_extraction": 0.00032434199238196015,
            "assemble_coo_assembly": 0.0007689159829169512,
            "assemble_n_hvps": 8,
            "setop_time": 2.3239990696310997e-06,
            "set_tolerances_time": 1.9229482859373093e-06,
            "pc_setup_time": 0.014448515023104846,
            "solve_time": 0.00448399898596108,
            "linear_total_time": 0.026452054968103766,
            "ksp_its": 2
          }
        ]
      }
    ],
    "metadata": {
      "profile": "reference",
      "nprocs": 4,
      "nproc_threads": 1,
      "linear_solver": {
        "ksp_type": "gmres",
        "pc_type": "hypre",
        "ksp_rtol": 0.001,
        "ksp_max_it": 200,
        "pc_setup_on_ksp_cap": false,
        "gamg_threshold": 0.05,
        "gamg_agg_nsmooths": 1,
        "gamg_set_coordinates": true,
        "reorder": true,
        "hvp_eval_mode": "sfd_local_batched",
        "assembly_mode": "element",
        "element_reorder_mode": "block_xyz",
        "local_hessian_mode": "sfd_local",
        "distribution_strategy": "overlap_allgather",
        "assembler": "GLReorderedElementAssembler",
        "trust_subproblem_solver": "direct_linear_solve",
        "trust_subproblem_line_search": false
      },
      "newton": {
        "tolf": 1e-06,
        "tolg": 1e-05,
        "tolg_rel": 0.001,
        "tolx_rel": 0.001,
        "tolx_abs": 1e-10,
        "maxit": 100,
        "require_all_convergence": true,
        "fail_on_nonfinite": true,
        "linesearch_interval": [
          -0.5,
          2.0
        ],
        "linesearch_tol": 0.001,
        "trust_region": false,
        "trust_radius_init": 1.0,
        "trust_radius_min": 1e-08,
        "trust_radius_max": 1000000.0,
        "trust_subproblem_line_search": false,
        "step_time_limit_s": null
      }
    }
  }
}
