An NVIDIA GPU may be present on this machine, but a CUDA-enabled jaxlib is not installed. Falling back to cpu.
An NVIDIA GPU may be present on this machine, but a CUDA-enabled jaxlib is not installed. Falling back to cpu.
{
  "case": {
    "problem": "gl",
    "backend": "element",
    "level": 6,
    "out": "/home/michal/repos/fenics_nonlinear_energies/experiment_results_cache/gl_final_suite/jax_petsc_element_l6_np2.json",
    "quiet": true,
    "save_history": true,
    "save_linear_timing": true,
    "steps": 1,
    "start_step": 1,
    "total_steps": 24,
    "ksp_type": "gmres",
    "pc_type": "hypre",
    "ksp_rtol": 0.001,
    "ksp_max_it": 200,
    "profile": "reference",
    "coloring_trials": 10,
    "nproc_threads": 1,
    "hvp_eval_mode": "sequential",
    "element_reorder_mode": "block_xyz",
    "local_hessian_mode": "element",
    "tolf": 1e-06,
    "tolg": 1e-05,
    "tolg_rel": 0.001,
    "tolx_rel": 0.001,
    "tolx_abs": 1e-10,
    "maxit": 100,
    "step_time_limit_s": null,
    "linesearch_a": -0.5,
    "linesearch_b": 2.0,
    "linesearch_tol": 0.001,
    "use_trust_region": false,
    "trust_radius_init": 1.0,
    "trust_radius_min": 1e-08,
    "trust_radius_max": 1000000.0,
    "trust_shrink": 0.5,
    "trust_expand": 1.5,
    "trust_eta_shrink": 0.05,
    "trust_eta_expand": 0.75,
    "trust_max_reject": 6,
    "trust_subproblem_line_search": false,
    "local_coloring": true,
    "retry_on_failure": false,
    "pc_setup_on_ksp_cap": false,
    "use_near_nullspace": true,
    "reorder": null,
    "gamg_threshold": 0.05,
    "gamg_agg_nsmooths": 1,
    "gamg_set_coordinates": true
  },
  "result": {
    "mesh_level": 6,
    "total_dofs": 16641,
    "free_dofs": 16129,
    "setup_time": 0.574823,
    "solve_time_total": 0.13706,
    "total_time": 0.778406,
    "steps": [
      {
        "step": 1,
        "time": 0.13706,
        "nit": 7,
        "linear_iters": 28,
        "energy": 0.3457766110961945,
        "message": "Converged (energy, step, gradient)",
        "attempt": "primary",
        "ksp_rtol_used": 0.001,
        "ksp_max_it_used": 200,
        "linesearch_interval_used": [
          -0.5,
          2.0
        ],
        "history": [
          {
            "it": 1,
            "energy": 0.5456685497516581,
            "dE": 0.11967314679158336,
            "grad_norm": 0.007407961475354023,
            "grad_target": 1e-05,
            "grad_norm_post": NaN,
            "alpha": -0.2842546679557544,
            "ksp_its": 8,
            "ls_evals": 19,
            "ls_repaired": false,
            "used_gradient_fallback": false,
            "accepted_step": true,
            "step_norm": 34.04177683227415,
            "step_rel": 0.5319027630042836,
            "pred_reduction": NaN,
            "actual_reduction": NaN,
            "trust_rejects": 0,
            "t_grad": 0.000542244000826031,
            "t_hess": 0.01655850699171424,
            "t_ls": 0.008351317956112325,
            "t_update": 4.025991074740887e-06,
            "t_iter": 0.025486640981398523,
            "trust_radius": 1.0,
            "trust_ratio": NaN,
            "trust_qp": NaN
          },
          {
            "it": 2,
            "energy": 0.5121786635286991,
            "dE": 0.03348988622295901,
            "grad_norm": 0.007910541978060447,
            "grad_target": 1e-05,
            "grad_norm_post": NaN,
            "alpha": 0.3474337209316528,
            "ksp_its": 6,
            "ls_evals": 19,
            "ls_repaired": false,
            "used_gradient_fallback": false,
            "accepted_step": true,
            "step_norm": 23.336871104701828,
            "step_rel": 0.28087267416184986,
            "pred_reduction": NaN,
            "actual_reduction": NaN,
            "trust_rejects": 0,
            "t_grad": 0.0004303839523345232,
            "t_hess": 0.01236247201450169,
            "t_ls": 0.00811014202190563,
            "t_update": 4.7869980335235596e-06,
            "t_iter": 0.020931611012201756,
            "trust_radius": 1.0,
            "trust_ratio": NaN,
            "trust_qp": NaN
          },
          {
            "it": 3,
            "energy": 0.444412658937791,
            "dE": 0.06776600459090809,
            "grad_norm": 0.00456201318298224,
            "grad_target": 1e-05,
            "grad_norm_post": NaN,
            "alpha": -0.37952352027529035,
            "ksp_its": 5,
            "ls_evals": 19,
            "ls_repaired": false,
            "used_gradient_fallback": false,
            "accepted_step": true,
            "step_norm": 34.34386336021423,
            "step_rel": 0.3682488115800177,
            "pred_reduction": NaN,
            "actual_reduction": NaN,
            "trust_rejects": 0,
            "t_grad": 0.0004323769826442003,
            "t_hess": 0.010882794042117894,
            "t_ls": 0.008082860033027828,
            "t_update": 4.527042619884014e-06,
            "t_iter": 0.019431311986409128,
            "trust_radius": 1.0,
            "trust_ratio": NaN,
            "trust_qp": NaN
          },
          {
            "it": 4,
            "energy": 0.37013614852635734,
            "dE": 0.07427651041143368,
            "grad_norm": 0.007234938408097669,
            "grad_target": 1e-05,
            "grad_norm_post": NaN,
            "alpha": 0.24493563512533034,
            "ksp_its": 3,
            "ls_evals": 19,
            "ls_repaired": false,
            "used_gradient_fallback": false,
            "accepted_step": true,
            "step_norm": 27.602306079478364,
            "step_rel": 0.2753428156411049,
            "pred_reduction": NaN,
            "actual_reduction": NaN,
            "trust_rejects": 0,
            "t_grad": 0.0004234529915265739,
            "t_hess": 0.009164814022369683,
            "t_ls": 0.008214099972974509,
            "t_update": 4.48600621894002e-06,
            "t_iter": 0.017829288030043244,
            "trust_radius": 1.0,
            "trust_ratio": NaN,
            "trust_qp": NaN
          },
          {
            "it": 5,
            "energy": 0.34658407740726943,
            "dE": 0.023552071119087914,
            "grad_norm": 0.00550087193080224,
            "grad_target": 1e-05,
            "grad_norm_post": NaN,
            "alpha": 0.8850881580056098,
            "ksp_its": 2,
            "ls_evals": 19,
            "ls_repaired": false,
            "used_gradient_fallback": false,
            "accepted_step": true,
            "step_norm": 9.754238642592522,
            "step_rel": 0.09073754537094059,
            "pred_reduction": NaN,
            "actual_reduction": NaN,
            "trust_rejects": 0,
            "t_grad": 0.00044745003106072545,
            "t_hess": 0.008697494980879128,
            "t_ls": 0.008300760993734002,
            "t_update": 3.956025466322899e-06,
            "t_iter": 0.01747261598939076,
            "trust_radius": 1.0,
            "trust_ratio": NaN,
            "trust_qp": NaN
          },
          {
            "it": 6,
            "energy": 0.3457775784892363,
            "dE": 0.0008064989180331383,
            "grad_norm": 0.000944492253401047,
            "grad_target": 1e-05,
            "grad_norm_post": NaN,
            "alpha": 1.065761560741761,
            "ksp_its": 2,
            "ls_evals": 19,
            "ls_repaired": false,
            "used_gradient_fallback": false,
            "accepted_step": true,
            "step_norm": 1.9600591935441622,
            "step_rel": 0.017743912538443398,
            "pred_reduction": NaN,
            "actual_reduction": NaN,
            "trust_rejects": 0,
            "t_grad": 0.0004278300330042839,
            "t_hess": 0.008712186012417078,
            "t_ls": 0.008133738010656089,
            "t_update": 4.336994607001543e-06,
            "t_iter": 0.01729984302073717,
            "trust_radius": 1.0,
            "trust_ratio": NaN,
            "trust_qp": NaN
          },
          {
            "it": 7,
            "energy": 0.3457766110961945,
            "dE": 9.673930417841703e-07,
            "grad_norm": 3.3293295796885746e-05,
            "grad_target": 1e-05,
            "grad_norm_post": 1.0368874193444244e-07,
            "alpha": 1.001816316849262,
            "ksp_its": 2,
            "ls_evals": 19,
            "ls_repaired": false,
            "used_gradient_fallback": false,
            "accepted_step": true,
            "step_norm": 0.06765479897478702,
            "step_rel": 0.0006173993456377958,
            "pred_reduction": NaN,
            "actual_reduction": NaN,
            "trust_rejects": 0,
            "t_grad": 0.00044396502198651433,
            "t_hess": 0.008700778998900205,
            "t_ls": 0.008193248009774834,
            "t_update": 4.156026989221573e-06,
            "t_iter": 0.01736437203362584,
            "trust_radius": 1.0,
            "trust_ratio": NaN,
            "trust_qp": NaN
          }
        ],
        "linear_timing": [
          {
            "assemble_total_time": 0.00256826204713434,
            "assemble_p2p_exchange": 8.357700426131487e-05,
            "assemble_hvp_compute": 0.000977225019596517,
            "assemble_extraction": 0.0011923109996132553,
            "assemble_coo_assembly": 0.0002961999853141606,
            "assemble_n_hvps": 0,
            "setop_time": 2.8850045055150986e-06,
            "set_tolerances_time": 2.142973244190216e-06,
            "pc_setup_time": 0.0073633670108392835,
            "solve_time": 0.0065873280400410295,
            "linear_total_time": 0.016523985075764358,
            "ksp_its": 8
          },
          {
            "assemble_total_time": 0.002126730978488922,
            "assemble_p2p_exchange": 9.781902190297842e-05,
            "assemble_hvp_compute": 0.0003548390232026577,
            "assemble_extraction": 0.001364392985124141,
            "assemble_coo_assembly": 0.0002935859956778586,
            "assemble_n_hvps": 0,
            "setop_time": 2.062995918095112e-06,
            "set_tolerances_time": 2.3640459403395653e-06,
            "pc_setup_time": 0.0056676110252738,
            "solve_time": 0.004533848026767373,
            "linear_total_time": 0.01233261707238853,
            "ksp_its": 6
          },
          {
            "assemble_total_time": 0.0012741649989038706,
            "assemble_p2p_exchange": 6.480806041508913e-05,
            "assemble_hvp_compute": 0.0003622709773480892,
            "assemble_extraction": 0.0006644090171903372,
            "assemble_coo_assembly": 0.00016863597556948662,
            "assemble_n_hvps": 0,
            "setop_time": 1.7120037227869034e-06,
            "set_tolerances_time": 2.082961145788431e-06,
            "pc_setup_time": 0.005682974006049335,
            "solve_time": 0.003896229958627373,
            "linear_total_time": 0.010857163928449154,
            "ksp_its": 5
          },
          {
            "assemble_total_time": 0.0012067740317434072,
            "assemble_p2p_exchange": 6.40070647932589e-05,
            "assemble_hvp_compute": 0.00035424798261374235,
            "assemble_extraction": 0.0006520310416817665,
            "assemble_coo_assembly": 0.00012373802019283175,
            "assemble_n_hvps": 0,
            "setop_time": 1.3519893400371075e-06,
            "set_tolerances_time": 1.5020486898720264e-06,
            "pc_setup_time": 0.005415196996182203,
            "solve_time": 0.0025130879948846996,
            "linear_total_time": 0.00913791306084022,
            "ksp_its": 3
          },
          {
            "assemble_total_time": 0.0012468239874579012,
            "assemble_p2p_exchange": 6.608100375160575e-05,
            "assemble_hvp_compute": 0.00035389797994866967,
            "assemble_extraction": 0.0006329520256258547,
            "assemble_coo_assembly": 0.00018115597777068615,
            "assemble_n_hvps": 0,
            "setop_time": 1.6820267774164677e-06,
            "set_tolerances_time": 1.7230049706995487e-06,
            "pc_setup_time": 0.0055199769558385015,
            "solve_time": 0.0019022499909624457,
            "linear_total_time": 0.008672455966006964,
            "ksp_its": 2
          },
          {
            "assemble_total_time": 0.0012589030084200203,
            "assemble_p2p_exchange": 6.64619728922844e-05,
            "assemble_hvp_compute": 0.000357322976924479,
            "assemble_extraction": 0.0006364270229823887,
            "assemble_coo_assembly": 0.0001856719609349966,
            "assemble_n_hvps": 0,
            "setop_time": 1.3519893400371075e-06,
            "set_tolerances_time": 1.5220139175653458e-06,
            "pc_setup_time": 0.0054950189660303295,
            "solve_time": 0.0019289510091766715,
            "linear_total_time": 0.008685746986884624,
            "ksp_its": 2
          },
          {
            "assemble_total_time": 0.001322670024819672,
            "assemble_p2p_exchange": 6.64109829813242e-05,
            "assemble_hvp_compute": 0.000349892012309283,
            "assemble_extraction": 0.0006495570414699614,
            "assemble_coo_assembly": 0.00024405104340985417,
            "assemble_n_hvps": 0,
            "setop_time": 1.502980012446642e-06,
            "set_tolerances_time": 1.7519923858344555e-06,
            "pc_setup_time": 0.00541945401346311,
            "solve_time": 0.0019285500166006386,
            "linear_total_time": 0.008673929027281702,
            "ksp_its": 2
          }
        ]
      }
    ],
    "metadata": {
      "profile": "reference",
      "nprocs": 2,
      "nproc_threads": 1,
      "linear_solver": {
        "ksp_type": "gmres",
        "pc_type": "hypre",
        "ksp_rtol": 0.001,
        "ksp_max_it": 200,
        "pc_setup_on_ksp_cap": false,
        "gamg_threshold": 0.05,
        "gamg_agg_nsmooths": 1,
        "gamg_set_coordinates": true,
        "reorder": true,
        "hvp_eval_mode": "element_overlap",
        "assembly_mode": "element",
        "element_reorder_mode": "block_xyz",
        "local_hessian_mode": "element",
        "distribution_strategy": "overlap_allgather",
        "assembler": "GLReorderedElementAssembler",
        "trust_subproblem_solver": "direct_linear_solve",
        "trust_subproblem_line_search": false
      },
      "newton": {
        "tolf": 1e-06,
        "tolg": 1e-05,
        "tolg_rel": 0.001,
        "tolx_rel": 0.001,
        "tolx_abs": 1e-10,
        "maxit": 100,
        "require_all_convergence": true,
        "fail_on_nonfinite": true,
        "linesearch_interval": [
          -0.5,
          2.0
        ],
        "linesearch_tol": 0.001,
        "trust_region": false,
        "trust_radius_init": 1.0,
        "trust_radius_min": 1e-08,
        "trust_radius_max": 1000000.0,
        "trust_subproblem_line_search": false,
        "step_time_limit_s": null
      }
    }
  }
}
