An NVIDIA GPU may be present on this machine, but a CUDA-enabled jaxlib is not installed. Falling back to cpu.
An NVIDIA GPU may be present on this machine, but a CUDA-enabled jaxlib is not installed. Falling back to cpu.
An NVIDIA GPU may be present on this machine, but a CUDA-enabled jaxlib is not installed. Falling back to cpu.
An NVIDIA GPU may be present on this machine, but a CUDA-enabled jaxlib is not installed. Falling back to cpu.
An NVIDIA GPU may be present on this machine, but a CUDA-enabled jaxlib is not installed. Falling back to cpu.
An NVIDIA GPU may be present on this machine, but a CUDA-enabled jaxlib is not installed. Falling back to cpu.
An NVIDIA GPU may be present on this machine, but a CUDA-enabled jaxlib is not installed. Falling back to cpu.
An NVIDIA GPU may be present on this machine, but a CUDA-enabled jaxlib is not installed. Falling back to cpu.
{
  "case": {
    "problem": "gl",
    "backend": "element",
    "level": 7,
    "out": "/home/michal/repos/fenics_nonlinear_energies/experiment_results_cache/gl_final_suite/jax_petsc_element_l7_np8.json",
    "quiet": true,
    "save_history": true,
    "save_linear_timing": true,
    "steps": 1,
    "start_step": 1,
    "total_steps": 24,
    "ksp_type": "gmres",
    "pc_type": "hypre",
    "ksp_rtol": 0.001,
    "ksp_max_it": 200,
    "profile": "reference",
    "coloring_trials": 10,
    "nproc_threads": 1,
    "hvp_eval_mode": "sequential",
    "element_reorder_mode": "block_xyz",
    "local_hessian_mode": "element",
    "tolf": 1e-06,
    "tolg": 1e-05,
    "tolg_rel": 0.001,
    "tolx_rel": 0.001,
    "tolx_abs": 1e-10,
    "maxit": 100,
    "step_time_limit_s": null,
    "linesearch_a": -0.5,
    "linesearch_b": 2.0,
    "linesearch_tol": 0.001,
    "use_trust_region": false,
    "trust_radius_init": 1.0,
    "trust_radius_min": 1e-08,
    "trust_radius_max": 1000000.0,
    "trust_shrink": 0.5,
    "trust_expand": 1.5,
    "trust_eta_shrink": 0.05,
    "trust_eta_expand": 0.75,
    "trust_max_reject": 6,
    "trust_subproblem_line_search": false,
    "local_coloring": true,
    "retry_on_failure": false,
    "pc_setup_on_ksp_cap": false,
    "use_near_nullspace": true,
    "reorder": null,
    "gamg_threshold": 0.05,
    "gamg_agg_nsmooths": 1,
    "gamg_set_coordinates": true
  },
  "result": {
    "mesh_level": 7,
    "total_dofs": 66049,
    "free_dofs": 65025,
    "setup_time": 0.660031,
    "solve_time_total": 0.306576,
    "total_time": 1.071737,
    "steps": [
      {
        "step": 1,
        "time": 0.306576,
        "nit": 8,
        "linear_iters": 29,
        "energy": 0.3456622574796962,
        "message": "Converged (energy, step, gradient)",
        "attempt": "primary",
        "ksp_rtol_used": 0.001,
        "ksp_max_it_used": 200,
        "linesearch_interval_used": [
          -0.5,
          2.0
        ],
        "history": [
          {
            "it": 1,
            "energy": 0.4791811995398394,
            "dE": 0.18612848290753803,
            "grad_norm": 0.0037046037706002784,
            "grad_target": 1e-05,
            "grad_norm_post": NaN,
            "alpha": -0.45306565779527574,
            "ksp_its": 6,
            "ls_evals": 19,
            "ls_repaired": false,
            "used_gradient_fallback": false,
            "accepted_step": true,
            "step_norm": 80.38803096585849,
            "step_rel": 0.6280314919207695,
            "pred_reduction": NaN,
            "actual_reduction": NaN,
            "trust_rejects": 0,
            "t_grad": 0.0008665730128996074,
            "t_hess": 0.027451294008642435,
            "t_ls": 0.015229867014568299,
            "t_update": 8.433009497821331e-06,
            "t_iter": 0.04361135000362992,
            "trust_radius": 1.0,
            "trust_ratio": NaN,
            "trust_qp": NaN
          },
          {
            "it": 2,
            "energy": 0.456504916865613,
            "dE": 0.02267628267422639,
            "grad_norm": 0.004176207694789049,
            "grad_target": 1e-05,
            "grad_norm_post": NaN,
            "alpha": -0.15593150449119608,
            "ksp_its": 6,
            "ls_evals": 19,
            "ls_repaired": false,
            "used_gradient_fallback": false,
            "accepted_step": true,
            "step_norm": 33.21824873877089,
            "step_rel": 0.17964022722278095,
            "pred_reduction": NaN,
            "actual_reduction": NaN,
            "trust_rejects": 0,
            "t_grad": 0.0006962560000829399,
            "t_hess": 0.025296146981418133,
            "t_ls": 0.015137817012146115,
            "t_update": 7.871014531701803e-06,
            "t_iter": 0.041190309973899275,
            "trust_radius": 1.0,
            "trust_ratio": NaN,
            "trust_qp": NaN
          },
          {
            "it": 3,
            "energy": 0.4384052631797407,
            "dE": 0.018099653685872297,
            "grad_norm": 0.00471410271404393,
            "grad_target": 1e-05,
            "grad_norm_post": NaN,
            "alpha": -0.03510498278896457,
            "ksp_its": 4,
            "ls_evals": 19,
            "ls_repaired": false,
            "used_gradient_fallback": false,
            "accepted_step": true,
            "step_norm": 25.919515839827692,
            "step_rel": 0.1362732637583294,
            "pred_reduction": NaN,
            "actual_reduction": NaN,
            "trust_rejects": 0,
            "t_grad": 0.0007253100047819316,
            "t_hess": 0.02321413002209738,
            "t_ls": 0.014894007006660104,
            "t_update": 8.132017683237791e-06,
            "t_iter": 0.038890875002834946,
            "trust_radius": 1.0,
            "trust_ratio": NaN,
            "trust_qp": NaN
          },
          {
            "it": 4,
            "energy": 0.4222101514159651,
            "dE": 0.016195111763775638,
            "grad_norm": 0.004789474408071152,
            "grad_target": 1e-05,
            "grad_norm_post": NaN,
            "alpha": -0.010412664765275914,
            "ksp_its": 4,
            "ls_evals": 19,
            "ls_repaired": false,
            "used_gradient_fallback": false,
            "accepted_step": true,
            "step_norm": 24.495689554473415,
            "step_rel": 0.12534799990497428,
            "pred_reduction": NaN,
            "actual_reduction": NaN,
            "trust_rejects": 0,
            "t_grad": 0.0006875019753351808,
            "t_hess": 0.02246293204370886,
            "t_ls": 0.01478285901248455,
            "t_update": 7.651979103684425e-06,
            "t_iter": 0.03799025900661945,
            "trust_radius": 1.0,
            "trust_ratio": NaN,
            "trust_qp": NaN
          },
          {
            "it": 5,
            "energy": 0.36306330258286174,
            "dE": 0.05914684883310334,
            "grad_norm": 0.004762292320361464,
            "grad_target": 1e-05,
            "grad_norm_post": NaN,
            "alpha": 0.4461008521548303,
            "ksp_its": 3,
            "ls_evals": 19,
            "ls_repaired": false,
            "used_gradient_fallback": false,
            "accepted_step": true,
            "step_norm": 35.41815641745764,
            "step_rel": 0.17692185898482024,
            "pred_reduction": NaN,
            "actual_reduction": NaN,
            "trust_rejects": 0,
            "t_grad": 0.0006985189975239336,
            "t_hess": 0.021369213005527854,
            "t_ls": 0.014853565022349358,
            "t_update": 8.082017302513123e-06,
            "t_iter": 0.03697975701652467,
            "trust_radius": 1.0,
            "trust_ratio": NaN,
            "trust_qp": NaN
          },
          {
            "it": 6,
            "energy": 0.3459396009416039,
            "dE": 0.017123701641257816,
            "grad_norm": 0.0026509971250700546,
            "grad_target": 1e-05,
            "grad_norm_post": NaN,
            "alpha": 1.041769326673055,
            "ksp_its": 2,
            "ls_evals": 19,
            "ls_repaired": false,
            "used_gradient_fallback": false,
            "accepted_step": true,
            "step_norm": 15.9097040714908,
            "step_rel": 0.0729129000665455,
            "pred_reduction": NaN,
            "actual_reduction": NaN,
            "trust_rejects": 0,
            "t_grad": 0.0006788289756514132,
            "t_hess": 0.01979572797426954,
            "t_ls": 0.014729428046848625,
            "t_update": 7.831957191228867e-06,
            "t_iter": 0.03526000998681411,
            "trust_radius": 1.0,
            "trust_ratio": NaN,
            "trust_qp": NaN
          },
          {
            "it": 7,
            "energy": 0.34566229021974154,
            "dE": 0.00027731072186237826,
            "grad_norm": 0.00027399422530901174,
            "grad_target": 1e-05,
            "grad_norm_post": NaN,
            "alpha": 1.0232756233732176,
            "ksp_its": 2,
            "ls_evals": 19,
            "ls_repaired": false,
            "used_gradient_fallback": false,
            "accepted_step": true,
            "step_norm": 2.209604575861431,
            "step_rel": 0.010002299177446997,
            "pred_reduction": NaN,
            "actual_reduction": NaN,
            "trust_rejects": 0,
            "t_grad": 0.0006922190077602863,
            "t_hess": 0.01994454296072945,
            "t_ls": 0.014678490988444537,
            "t_update": 6.900052540004253e-06,
            "t_iter": 0.0353727110195905,
            "trust_radius": 1.0,
            "trust_ratio": NaN,
            "trust_qp": NaN
          },
          {
            "it": 8,
            "energy": 0.3456622574796962,
            "dE": 3.274004534148389e-08,
            "grad_norm": 3.2689909822127726e-06,
            "grad_target": 1e-05,
            "grad_norm_post": 6.936745566173919e-09,
            "alpha": 1.000416148939007,
            "ksp_its": 2,
            "ls_evals": 19,
            "ls_repaired": false,
            "used_gradient_fallback": false,
            "accepted_step": true,
            "step_norm": 0.023819777800989036,
            "step_rel": 0.00010868766329102798,
            "pred_reduction": NaN,
            "actual_reduction": NaN,
            "trust_rejects": 0,
            "t_grad": 0.0006823749863542616,
            "t_hess": 0.01977717998670414,
            "t_ls": 0.014646171999629587,
            "t_update": 8.423055987805128e-06,
            "t_iter": 0.03516203101025894,
            "trust_radius": 1.0,
            "trust_ratio": NaN,
            "trust_qp": NaN
          }
        ],
        "linear_timing": [
          {
            "assemble_total_time": 0.0036236029700376093,
            "assemble_p2p_exchange": 0.00020179507555440068,
            "assemble_hvp_compute": 0.0007885049562901258,
            "assemble_extraction": 0.0014827169943600893,
            "assemble_coo_assembly": 0.001113787991926074,
            "assemble_n_hvps": 0,
            "setop_time": 3.2150419428944588e-06,
            "set_tolerances_time": 2.5640474632382393e-06,
            "pc_setup_time": 0.014897141954861581,
            "solve_time": 0.008864397997967899,
            "linear_total_time": 0.027390922012273222,
            "ksp_its": 6
          },
          {
            "assemble_total_time": 0.00372308399528265,
            "assemble_p2p_exchange": 0.00017550599295645952,
            "assemble_hvp_compute": 0.0009854439995251596,
            "assemble_extraction": 0.002146765007637441,
            "assemble_coo_assembly": 0.0003767809830605984,
            "assemble_n_hvps": 0,
            "setop_time": 2.8240028768777847e-06,
            "set_tolerances_time": 2.663990017026663e-06,
            "pc_setup_time": 0.013135342043824494,
            "solve_time": 0.008378401049412787,
            "linear_total_time": 0.025242315081413835,
            "ksp_its": 6
          },
          {
            "assemble_total_time": 0.004055587982293218,
            "assemble_p2p_exchange": 0.00017277197912335396,
            "assemble_hvp_compute": 0.0009995850268751383,
            "assemble_extraction": 0.0021941569866612554,
            "assemble_coo_assembly": 0.0006557239685207605,
            "assemble_n_hvps": 0,
            "setop_time": 2.563989255577326e-06,
            "set_tolerances_time": 2.3129978217184544e-06,
            "pc_setup_time": 0.013014408003073186,
            "solve_time": 0.006090111972298473,
            "linear_total_time": 0.023164984944742173,
            "ksp_its": 4
          },
          {
            "assemble_total_time": 0.0033858829992823303,
            "assemble_p2p_exchange": 0.0001767580397427082,
            "assemble_hvp_compute": 0.0009889290085993707,
            "assemble_extraction": 0.0017428320134058595,
            "assemble_coo_assembly": 0.00044664699817076325,
            "assemble_n_hvps": 0,
            "setop_time": 1.9329600036144257e-06,
            "set_tolerances_time": 1.8030405044555664e-06,
            "pc_setup_time": 0.012971212971024215,
            "solve_time": 0.006053015007637441,
            "linear_total_time": 0.022413846978452057,
            "ksp_its": 4
          },
          {
            "assemble_total_time": 0.003489079012069851,
            "assemble_p2p_exchange": 0.00017653696704655886,
            "assemble_hvp_compute": 0.0009662539814598858,
            "assemble_extraction": 0.0018619020120240748,
            "assemble_coo_assembly": 0.0004545290139503777,
            "assemble_n_hvps": 0,
            "setop_time": 2.563989255577326e-06,
            "set_tolerances_time": 2.4329638108611107e-06,
            "pc_setup_time": 0.012988459027837962,
            "solve_time": 0.0048381449887529016,
            "linear_total_time": 0.021320679981727153,
            "ksp_its": 3
          },
          {
            "assemble_total_time": 0.0033610750106163323,
            "assemble_p2p_exchange": 0.00017426401609554887,
            "assemble_hvp_compute": 0.0010729959467425942,
            "assemble_extraction": 0.0019613929907791317,
            "assemble_coo_assembly": 0.00012630096171051264,
            "assemble_n_hvps": 0,
            "setop_time": 2.563989255577326e-06,
            "set_tolerances_time": 2.474000211805105e-06,
            "pc_setup_time": 0.012821124983020127,
            "solve_time": 0.0035625399905256927,
            "linear_total_time": 0.019749777973629534,
            "ksp_its": 2
          },
          {
            "assemble_total_time": 0.0033541040029376745,
            "assemble_p2p_exchange": 0.0001696969266049564,
            "assemble_hvp_compute": 0.0009729849989525974,
            "assemble_extraction": 0.0017440140363760293,
            "assemble_coo_assembly": 0.000431124004535377,
            "assemble_n_hvps": 0,
            "setop_time": 2.594024408608675e-06,
            "set_tolerances_time": 2.4529872462153435e-06,
            "pc_setup_time": 0.012889259029179811,
            "solve_time": 0.0036478000110946596,
            "linear_total_time": 0.01989621005486697,
            "ksp_its": 2
          },
          {
            "assemble_total_time": 0.0033371280296705663,
            "assemble_p2p_exchange": 0.0001808350207284093,
            "assemble_hvp_compute": 0.0009299200028181076,
            "assemble_extraction": 0.00169601000379771,
            "assemble_coo_assembly": 0.0004990969900973141,
            "assemble_n_hvps": 0,
            "setop_time": 2.4640467017889023e-06,
            "set_tolerances_time": 2.3840111680328846e-06,
            "pc_setup_time": 0.01280368899460882,
            "solve_time": 0.003586217004340142,
            "linear_total_time": 0.01973188208648935,
            "ksp_its": 2
          }
        ]
      }
    ],
    "metadata": {
      "profile": "reference",
      "nprocs": 8,
      "nproc_threads": 1,
      "linear_solver": {
        "ksp_type": "gmres",
        "pc_type": "hypre",
        "ksp_rtol": 0.001,
        "ksp_max_it": 200,
        "pc_setup_on_ksp_cap": false,
        "gamg_threshold": 0.05,
        "gamg_agg_nsmooths": 1,
        "gamg_set_coordinates": true,
        "reorder": true,
        "hvp_eval_mode": "element_overlap",
        "assembly_mode": "element",
        "element_reorder_mode": "block_xyz",
        "local_hessian_mode": "element",
        "distribution_strategy": "overlap_allgather",
        "assembler": "GLReorderedElementAssembler",
        "trust_subproblem_solver": "direct_linear_solve",
        "trust_subproblem_line_search": false
      },
      "newton": {
        "tolf": 1e-06,
        "tolg": 1e-05,
        "tolg_rel": 0.001,
        "tolx_rel": 0.001,
        "tolx_abs": 1e-10,
        "maxit": 100,
        "require_all_convergence": true,
        "fail_on_nonfinite": true,
        "linesearch_interval": [
          -0.5,
          2.0
        ],
        "linesearch_tol": 0.001,
        "trust_region": false,
        "trust_radius_init": 1.0,
        "trust_radius_min": 1e-08,
        "trust_radius_max": 1000000.0,
        "trust_subproblem_line_search": false,
        "step_time_limit_s": null
      }
    }
  }
}
