An NVIDIA GPU may be present on this machine, but a CUDA-enabled jaxlib is not installed. Falling back to cpu.
An NVIDIA GPU may be present on this machine, but a CUDA-enabled jaxlib is not installed. Falling back to cpu.
{
  "case": {
    "problem": "gl",
    "backend": "element",
    "level": 7,
    "out": "/home/michal/repos/fenics_nonlinear_energies/experiment_results_cache/gl_final_suite/jax_petsc_local_sfd_l7_np2.json",
    "quiet": true,
    "save_history": true,
    "save_linear_timing": true,
    "steps": 1,
    "start_step": 1,
    "total_steps": 24,
    "ksp_type": "gmres",
    "pc_type": "hypre",
    "ksp_rtol": 0.001,
    "ksp_max_it": 200,
    "profile": "reference",
    "coloring_trials": 10,
    "nproc_threads": 1,
    "hvp_eval_mode": "sequential",
    "element_reorder_mode": "block_xyz",
    "local_hessian_mode": "sfd_local",
    "tolf": 1e-06,
    "tolg": 1e-05,
    "tolg_rel": 0.001,
    "tolx_rel": 0.001,
    "tolx_abs": 1e-10,
    "maxit": 100,
    "step_time_limit_s": null,
    "linesearch_a": -0.5,
    "linesearch_b": 2.0,
    "linesearch_tol": 0.001,
    "use_trust_region": false,
    "trust_radius_init": 1.0,
    "trust_radius_min": 1e-08,
    "trust_radius_max": 1000000.0,
    "trust_shrink": 0.5,
    "trust_expand": 1.5,
    "trust_eta_shrink": 0.05,
    "trust_eta_expand": 0.75,
    "trust_max_reject": 6,
    "trust_subproblem_line_search": false,
    "local_coloring": true,
    "retry_on_failure": false,
    "pc_setup_on_ksp_cap": false,
    "use_near_nullspace": true,
    "reorder": null,
    "gamg_threshold": 0.05,
    "gamg_agg_nsmooths": 1,
    "gamg_set_coordinates": true
  },
  "result": {
    "mesh_level": 7,
    "total_dofs": 66049,
    "free_dofs": 65025,
    "setup_time": 1.226009,
    "solve_time_total": 0.327876,
    "total_time": 1.645421,
    "steps": [
      {
        "step": 1,
        "time": 0.327876,
        "nit": 6,
        "linear_iters": 21,
        "energy": 0.3456622574803874,
        "message": "Converged (energy, step, gradient)",
        "attempt": "primary",
        "ksp_rtol_used": 0.001,
        "ksp_max_it_used": 200,
        "linesearch_interval_used": [
          -0.5,
          2.0
        ],
        "history": [
          {
            "it": 1,
            "energy": 0.4898810599687572,
            "dE": 0.17542862247862012,
            "grad_norm": 0.0037046037706002784,
            "grad_target": 1e-05,
            "grad_norm_post": NaN,
            "alpha": -0.3270080135998118,
            "ksp_its": 7,
            "ls_evals": 19,
            "ls_repaired": false,
            "used_gradient_fallback": false,
            "accepted_step": true,
            "step_norm": 79.5333588121553,
            "step_rel": 0.6213543657199633,
            "pred_reduction": NaN,
            "actual_reduction": NaN,
            "trust_rejects": 0,
            "t_grad": 0.0012600809568539262,
            "t_hess": 0.04905915696872398,
            "t_ls": 0.017024377011694014,
            "t_update": 1.08070089481771e-05,
            "t_iter": 0.06740106304641813,
            "trust_radius": 1.0,
            "trust_ratio": NaN,
            "trust_qp": NaN
          },
          {
            "it": 2,
            "energy": 0.47005297600767953,
            "dE": 0.019828083961077658,
            "grad_norm": 0.0033844074676486645,
            "grad_target": 1e-05,
            "grad_norm_post": NaN,
            "alpha": -0.49964995802247814,
            "ksp_its": 5,
            "ls_evals": 19,
            "ls_repaired": false,
            "used_gradient_fallback": false,
            "accepted_step": true,
            "step_norm": 43.42088224412823,
            "step_rel": 0.23500034389332244,
            "pred_reduction": NaN,
            "actual_reduction": NaN,
            "trust_rejects": 0,
            "t_grad": 0.0010443439823575318,
            "t_hess": 0.03888817300321534,
            "t_ls": 0.016644310962874442,
            "t_update": 1.1347001418471336e-05,
            "t_iter": 0.056630759965628386,
            "trust_radius": 1.0,
            "trust_ratio": NaN,
            "trust_qp": NaN
          },
          {
            "it": 3,
            "energy": 0.3779640624965238,
            "dE": 0.09208891351115572,
            "grad_norm": 0.004974155810180199,
            "grad_target": 1e-05,
            "grad_norm_post": NaN,
            "alpha": 0.17845746368816828,
            "ksp_its": 3,
            "ls_evals": 19,
            "ls_repaired": false,
            "used_gradient_fallback": false,
            "accepted_step": true,
            "step_norm": 50.11736725673062,
            "step_rel": 0.27066535405811615,
            "pred_reduction": NaN,
            "actual_reduction": NaN,
            "trust_rejects": 0,
            "t_grad": 0.0010688710026443005,
            "t_hess": 0.03386358299758285,
            "t_ls": 0.01694216299802065,
            "t_update": 1.1558004189282656e-05,
            "t_iter": 0.05192693596472964,
            "trust_radius": 1.0,
            "trust_ratio": NaN,
            "trust_qp": NaN
          },
          {
            "it": 4,
            "energy": 0.34643171933324035,
            "dE": 0.03153234316328346,
            "grad_norm": 0.003747586949768662,
            "grad_target": 1e-05,
            "grad_norm_post": NaN,
            "alpha": 0.9157116824776799,
            "ksp_its": 2,
            "ls_evals": 19,
            "ls_repaired": false,
            "used_gradient_fallback": false,
            "accepted_step": true,
            "step_norm": 21.522357318605135,
            "step_rel": 0.10116154868204885,
            "pred_reduction": NaN,
            "actual_reduction": NaN,
            "trust_rejects": 0,
            "t_grad": 0.001511431997641921,
            "t_hess": 0.03184095595497638,
            "t_ls": 0.016558100003749132,
            "t_update": 1.0937044862657785e-05,
            "t_iter": 0.049963539000600576,
            "trust_radius": 1.0,
            "trust_ratio": NaN,
            "trust_qp": NaN
          },
          {
            "it": 5,
            "energy": 0.3456626322065879,
            "dE": 0.0007690871266524679,
            "grad_norm": 0.0005061471851961785,
            "grad_target": 1e-05,
            "grad_norm_post": NaN,
            "alpha": 1.041336650993687,
            "ksp_its": 2,
            "ls_evals": 19,
            "ls_repaired": false,
            "used_gradient_fallback": false,
            "accepted_step": true,
            "step_norm": 3.5909525238801794,
            "step_rel": 0.0161898851576644,
            "pred_reduction": NaN,
            "actual_reduction": NaN,
            "trust_rejects": 0,
            "t_grad": 0.0010478380136191845,
            "t_hess": 0.03168056404683739,
            "t_ls": 0.016515485011041164,
            "t_update": 1.0585994459688663e-05,
            "t_iter": 0.04929577698931098,
            "trust_radius": 1.0,
            "trust_ratio": NaN,
            "trust_qp": NaN
          },
          {
            "it": 6,
            "energy": 0.3456622574803874,
            "dE": 3.747262004583085e-07,
            "grad_norm": 1.2037359029374646e-05,
            "grad_target": 1e-05,
            "grad_norm_post": 2.5906584984930634e-08,
            "alpha": 1.0011162328941345,
            "ksp_its": 2,
            "ls_evals": 19,
            "ls_repaired": false,
            "used_gradient_fallback": false,
            "accepted_step": true,
            "step_norm": 0.08420037274702012,
            "step_rel": 0.0003842239335226532,
            "pred_reduction": NaN,
            "actual_reduction": NaN,
            "trust_rejects": 0,
            "t_grad": 0.0010701929568313062,
            "t_hess": 0.032145628007128835,
            "t_ls": 0.01692284399177879,
            "t_update": 1.1436990462243557e-05,
            "t_iter": 0.050190653011668473,
            "trust_radius": 1.0,
            "trust_ratio": NaN,
            "trust_qp": NaN
          }
        ],
        "linear_timing": [
          {
            "assemble_total_time": 0.00965718604857102,
            "assemble_p2p_exchange": 0.00022183603141456842,
            "assemble_hvp_compute": 0.00843260803958401,
            "assemble_extraction": 0.0006095849676057696,
            "assemble_coo_assembly": 0.0003530850517563522,
            "assemble_n_hvps": 7,
            "setop_time": 3.174995072185993e-06,
            "set_tolerances_time": 2.2730091586709023e-06,
            "pc_setup_time": 0.021711575041990727,
            "solve_time": 0.017630496993660927,
            "linear_total_time": 0.04900470608845353,
            "ksp_its": 7
          },
          {
            "assemble_total_time": 0.009762645000591874,
            "assemble_p2p_exchange": 0.00021100998856127262,
            "assemble_hvp_compute": 0.007435475999955088,
            "assemble_extraction": 0.0009576720185577869,
            "assemble_coo_assembly": 0.001120889966841787,
            "assemble_n_hvps": 7,
            "setop_time": 3.3549731597304344e-06,
            "set_tolerances_time": 2.2040330804884434e-06,
            "pc_setup_time": 0.016718093014787883,
            "solve_time": 0.012353793950751424,
            "linear_total_time": 0.0388400909723714,
            "ksp_its": 5
          },
          {
            "assemble_total_time": 0.008949192008003592,
            "assemble_p2p_exchange": 0.0002002629335038364,
            "assemble_hvp_compute": 0.00772596598835662,
            "assemble_extraction": 0.0005784870008938015,
            "assemble_coo_assembly": 0.00041227502515539527,
            "assemble_n_hvps": 7,
            "setop_time": 2.403976395726204e-06,
            "set_tolerances_time": 1.853040885180235e-06,
            "pc_setup_time": 0.016588926955591887,
            "solve_time": 0.00828018703032285,
            "linear_total_time": 0.033822563011199236,
            "ksp_its": 3
          },
          {
            "assemble_total_time": 0.00916719197994098,
            "assemble_p2p_exchange": 0.00021954294061288238,
            "assemble_hvp_compute": 0.008102347026579082,
            "assemble_extraction": 0.0005020109820179641,
            "assemble_coo_assembly": 0.00031004095217213035,
            "assemble_n_hvps": 7,
            "setop_time": 2.633023541420698e-06,
            "set_tolerances_time": 2.0230072550475597e-06,
            "pc_setup_time": 0.016471398004796356,
            "solve_time": 0.006155494949780405,
            "linear_total_time": 0.03179874096531421,
            "ksp_its": 2
          },
          {
            "assemble_total_time": 0.008678231039084494,
            "assemble_p2p_exchange": 0.00020314805442467332,
            "assemble_hvp_compute": 0.007453883008565754,
            "assemble_extraction": 0.000530283956322819,
            "assemble_coo_assembly": 0.0004571329918690026,
            "assemble_n_hvps": 7,
            "setop_time": 2.474000211805105e-06,
            "set_tolerances_time": 2.0430306904017925e-06,
            "pc_setup_time": 0.016782561026047915,
            "solve_time": 0.006172430003061891,
            "linear_total_time": 0.03163773909909651,
            "ksp_its": 2
          },
          {
            "assemble_total_time": 0.00922208500560373,
            "assemble_p2p_exchange": 0.00020108401076868176,
            "assemble_hvp_compute": 0.00802624097559601,
            "assemble_extraction": 0.0006025939946994185,
            "assemble_coo_assembly": 0.0003574730362743139,
            "assemble_n_hvps": 7,
            "setop_time": 2.543965820223093e-06,
            "set_tolerances_time": 2.263986971229315e-06,
            "pc_setup_time": 0.016650839999783784,
            "solve_time": 0.006226622965186834,
            "linear_total_time": 0.0321043559233658,
            "ksp_its": 2
          }
        ]
      }
    ],
    "metadata": {
      "profile": "reference",
      "nprocs": 2,
      "nproc_threads": 1,
      "linear_solver": {
        "ksp_type": "gmres",
        "pc_type": "hypre",
        "ksp_rtol": 0.001,
        "ksp_max_it": 200,
        "pc_setup_on_ksp_cap": false,
        "gamg_threshold": 0.05,
        "gamg_agg_nsmooths": 1,
        "gamg_set_coordinates": true,
        "reorder": true,
        "hvp_eval_mode": "sfd_local_batched",
        "assembly_mode": "element",
        "element_reorder_mode": "block_xyz",
        "local_hessian_mode": "sfd_local",
        "distribution_strategy": "overlap_allgather",
        "assembler": "GLReorderedElementAssembler",
        "trust_subproblem_solver": "direct_linear_solve",
        "trust_subproblem_line_search": false
      },
      "newton": {
        "tolf": 1e-06,
        "tolg": 1e-05,
        "tolg_rel": 0.001,
        "tolx_rel": 0.001,
        "tolx_abs": 1e-10,
        "maxit": 100,
        "require_all_convergence": true,
        "fail_on_nonfinite": true,
        "linesearch_interval": [
          -0.5,
          2.0
        ],
        "linesearch_tol": 0.001,
        "trust_region": false,
        "trust_radius_init": 1.0,
        "trust_radius_min": 1e-08,
        "trust_radius_max": 1000000.0,
        "trust_subproblem_line_search": false,
        "step_time_limit_s": null
      }
    }
  }
}
