An NVIDIA GPU may be present on this machine, but a CUDA-enabled jaxlib is not installed. Falling back to cpu.
An NVIDIA GPU may be present on this machine, but a CUDA-enabled jaxlib is not installed. Falling back to cpu.
{
  "case": {
    "problem": "gl",
    "backend": "element",
    "level": 6,
    "out": "/home/michal/repos/fenics_nonlinear_energies/experiment_results_cache/gl_final_suite/jax_petsc_local_sfd_l6_np2.json",
    "quiet": true,
    "save_history": true,
    "save_linear_timing": true,
    "steps": 1,
    "start_step": 1,
    "total_steps": 24,
    "ksp_type": "gmres",
    "pc_type": "hypre",
    "ksp_rtol": 0.001,
    "ksp_max_it": 200,
    "profile": "reference",
    "coloring_trials": 10,
    "nproc_threads": 1,
    "hvp_eval_mode": "sequential",
    "element_reorder_mode": "block_xyz",
    "local_hessian_mode": "sfd_local",
    "tolf": 1e-06,
    "tolg": 1e-05,
    "tolg_rel": 0.001,
    "tolx_rel": 0.001,
    "tolx_abs": 1e-10,
    "maxit": 100,
    "step_time_limit_s": null,
    "linesearch_a": -0.5,
    "linesearch_b": 2.0,
    "linesearch_tol": 0.001,
    "use_trust_region": false,
    "trust_radius_init": 1.0,
    "trust_radius_min": 1e-08,
    "trust_radius_max": 1000000.0,
    "trust_shrink": 0.5,
    "trust_expand": 1.5,
    "trust_eta_shrink": 0.05,
    "trust_eta_expand": 0.75,
    "trust_max_reject": 6,
    "trust_subproblem_line_search": false,
    "local_coloring": true,
    "retry_on_failure": false,
    "pc_setup_on_ksp_cap": false,
    "use_near_nullspace": true,
    "reorder": null,
    "gamg_threshold": 0.05,
    "gamg_agg_nsmooths": 1,
    "gamg_set_coordinates": true
  },
  "result": {
    "mesh_level": 6,
    "total_dofs": 16641,
    "free_dofs": 16129,
    "setup_time": 0.959619,
    "solve_time_total": 0.141723,
    "total_time": 1.167911,
    "steps": [
      {
        "step": 1,
        "time": 0.141723,
        "nit": 7,
        "linear_iters": 28,
        "energy": 0.3457766110961945,
        "message": "Converged (energy, step, gradient)",
        "attempt": "primary",
        "ksp_rtol_used": 0.001,
        "ksp_max_it_used": 200,
        "linesearch_interval_used": [
          -0.5,
          2.0
        ],
        "history": [
          {
            "it": 1,
            "energy": 0.5456685497517938,
            "dE": 0.1196731467914477,
            "grad_norm": 0.007407961475354023,
            "grad_target": 1e-05,
            "grad_norm_post": NaN,
            "alpha": -0.2842546679557544,
            "ksp_its": 8,
            "ls_evals": 19,
            "ls_repaired": false,
            "used_gradient_fallback": false,
            "accepted_step": true,
            "step_norm": 34.04177683228154,
            "step_rel": 0.5319027630043991,
            "pred_reduction": NaN,
            "actual_reduction": NaN,
            "trust_rejects": 0,
            "t_grad": 0.0005502160056494176,
            "t_hess": 0.01667342899600044,
            "t_ls": 0.008296423999127,
            "t_update": 3.5149860195815563e-06,
            "t_iter": 0.02555609302362427,
            "trust_radius": 1.0,
            "trust_ratio": NaN,
            "trust_qp": NaN
          },
          {
            "it": 2,
            "energy": 0.5121786635287111,
            "dE": 0.03348988622308269,
            "grad_norm": 0.00791054197806505,
            "grad_target": 1e-05,
            "grad_norm_post": NaN,
            "alpha": 0.3474337209316528,
            "ksp_its": 6,
            "ls_evals": 19,
            "ls_repaired": false,
            "used_gradient_fallback": false,
            "accepted_step": true,
            "step_norm": 23.33687110472785,
            "step_rel": 0.2808726741621821,
            "pred_reduction": NaN,
            "actual_reduction": NaN,
            "trust_rejects": 0,
            "t_grad": 0.0004393580020405352,
            "t_hess": 0.012668704963289201,
            "t_ls": 0.008060424996074289,
            "t_update": 3.174995072185993e-06,
            "t_iter": 0.021200045011937618,
            "trust_radius": 1.0,
            "trust_ratio": NaN,
            "trust_qp": NaN
          },
          {
            "it": 3,
            "energy": 0.44441265893782106,
            "dE": 0.06776600459089005,
            "grad_norm": 0.004562013182983029,
            "grad_target": 1e-05,
            "grad_norm_post": NaN,
            "alpha": -0.37952352027529035,
            "ksp_its": 5,
            "ls_evals": 19,
            "ls_repaired": false,
            "used_gradient_fallback": false,
            "accepted_step": true,
            "step_norm": 34.343863360292914,
            "step_rel": 0.3682488115808159,
            "pred_reduction": NaN,
            "actual_reduction": NaN,
            "trust_rejects": 0,
            "t_grad": 0.0004566330462694168,
            "t_hess": 0.011821257008705288,
            "t_ls": 0.008096570032648742,
            "t_update": 3.4050317481160164e-06,
            "t_iter": 0.020405207993462682,
            "trust_radius": 1.0,
            "trust_ratio": NaN,
            "trust_qp": NaN
          },
          {
            "it": 4,
            "energy": 0.37013614852632876,
            "dE": 0.0742765104114923,
            "grad_norm": 0.0072349384081150945,
            "grad_target": 1e-05,
            "grad_norm_post": NaN,
            "alpha": 0.24493563512533034,
            "ksp_its": 3,
            "ls_evals": 19,
            "ls_repaired": false,
            "used_gradient_fallback": false,
            "accepted_step": true,
            "step_norm": 27.602306079274378,
            "step_rel": 0.2753428156389345,
            "pred_reduction": NaN,
            "actual_reduction": NaN,
            "trust_rejects": 0,
            "t_grad": 0.0004265769966877997,
            "t_hess": 0.010268608981277794,
            "t_ls": 0.008069559000432491,
            "t_update": 3.235007170587778e-06,
            "t_iter": 0.018796193005982786,
            "trust_radius": 1.0,
            "trust_ratio": NaN,
            "trust_qp": NaN
          },
          {
            "it": 5,
            "energy": 0.3465840774072829,
            "dE": 0.023552071119045837,
            "grad_norm": 0.00550087193078998,
            "grad_target": 1e-05,
            "grad_norm_post": NaN,
            "alpha": 0.8850881580056098,
            "ksp_its": 2,
            "ls_evals": 19,
            "ls_repaired": false,
            "used_gradient_fallback": false,
            "accepted_step": true,
            "step_norm": 9.754238642656702,
            "step_rel": 0.09073754537156938,
            "pred_reduction": NaN,
            "actual_reduction": NaN,
            "trust_rejects": 0,
            "t_grad": 0.0004730989458039403,
            "t_hess": 0.009731593017932028,
            "t_ls": 0.008024951035622507,
            "t_update": 3.3950200304389e-06,
            "t_iter": 0.018260009004734457,
            "trust_radius": 1.0,
            "trust_ratio": NaN,
            "trust_qp": NaN
          },
          {
            "it": 6,
            "energy": 0.3457775784892364,
            "dE": 0.0008064989180465165,
            "grad_norm": 0.0009444922534069157,
            "grad_target": 1e-05,
            "grad_norm_post": NaN,
            "alpha": 1.065761560741761,
            "ksp_its": 2,
            "ls_evals": 19,
            "ls_repaired": false,
            "used_gradient_fallback": false,
            "accepted_step": true,
            "step_norm": 1.9600591935616491,
            "step_rel": 0.017743912538601504,
            "pred_reduction": NaN,
            "actual_reduction": NaN,
            "trust_rejects": 0,
            "t_grad": 0.000429551990237087,
            "t_hess": 0.009595076029654592,
            "t_ls": 0.008104232023470104,
            "t_update": 3.095017746090889e-06,
            "t_iter": 0.01815863500814885,
            "trust_radius": 1.0,
            "trust_ratio": NaN,
            "trust_qp": NaN
          },
          {
            "it": 7,
            "energy": 0.3457766110961945,
            "dE": 9.673930418951926e-07,
            "grad_norm": 3.3293295798166934e-05,
            "grad_target": 1e-05,
            "grad_norm_post": 1.0368874194501995e-07,
            "alpha": 1.001816316849262,
            "ksp_its": 2,
            "ls_evals": 19,
            "ls_repaired": false,
            "used_gradient_fallback": false,
            "accepted_step": true,
            "step_norm": 0.0676547989794687,
            "step_rel": 0.0006173993456805161,
            "pred_reduction": NaN,
            "actual_reduction": NaN,
            "trust_rejects": 0,
            "t_grad": 0.0004344999906606972,
            "t_hess": 0.009564239997416735,
            "t_ls": 0.008051401004195213,
            "t_update": 3.3149844966828823e-06,
            "t_iter": 0.01808015600545332,
            "trust_radius": 1.0,
            "trust_ratio": NaN,
            "trust_qp": NaN
          }
        ],
        "linear_timing": [
          {
            "assemble_total_time": 0.0030160919995978475,
            "assemble_p2p_exchange": 8.830404840409756e-05,
            "assemble_hvp_compute": 0.0025073589640669525,
            "assemble_extraction": 0.00014800502685829997,
            "assemble_coo_assembly": 0.0002498500398360193,
            "assemble_n_hvps": 8,
            "setop_time": 3.2450188882648945e-06,
            "set_tolerances_time": 1.802982296794653e-06,
            "pc_setup_time": 0.007435715990141034,
            "solve_time": 0.006179296993650496,
            "linear_total_time": 0.016636152984574437,
            "ksp_its": 8
          },
          {
            "assemble_total_time": 0.0023988750181160867,
            "assemble_p2p_exchange": 8.631194941699505e-05,
            "assemble_hvp_compute": 0.0017998039838857949,
            "assemble_extraction": 0.0002448519808240235,
            "assemble_coo_assembly": 0.00024744600523263216,
            "assemble_n_hvps": 8,
            "setop_time": 2.273998688906431e-06,
            "set_tolerances_time": 2.0329607650637627e-06,
            "pc_setup_time": 0.00569553195964545,
            "solve_time": 0.004538665001746267,
            "linear_total_time": 0.012637378938961774,
            "ksp_its": 6
          },
          {
            "assemble_total_time": 0.00219880003714934,
            "assemble_p2p_exchange": 6.420700810849667e-05,
            "assemble_hvp_compute": 0.001841406978201121,
            "assemble_extraction": 0.00015323201660066843,
            "assemble_coo_assembly": 0.0001224260195158422,
            "assemble_n_hvps": 8,
            "setop_time": 1.6730045899748802e-06,
            "set_tolerances_time": 1.6629928722977638e-06,
            "pc_setup_time": 0.005696693959180266,
            "solve_time": 0.0038958279765211046,
            "linear_total_time": 0.011794657970312983,
            "ksp_its": 5
          },
          {
            "assemble_total_time": 0.0022428270312957466,
            "assemble_p2p_exchange": 6.570102414116263e-05,
            "assemble_hvp_compute": 0.0018500809674151242,
            "assemble_extraction": 0.0001527620479464531,
            "assemble_coo_assembly": 0.00015669799176976085,
            "assemble_n_hvps": 8,
            "setop_time": 1.853040885180235e-06,
            "set_tolerances_time": 1.7629936337471008e-06,
            "pc_setup_time": 0.0054564589518122375,
            "solve_time": 0.002524055016692728,
            "linear_total_time": 0.01022695703431964,
            "ksp_its": 3
          },
          {
            "assemble_total_time": 0.0022479849867522717,
            "assemble_p2p_exchange": 6.783398566767573e-05,
            "assemble_hvp_compute": 0.0019043339998461306,
            "assemble_extraction": 0.00015261198859661818,
            "assemble_coo_assembly": 0.00010568002471700311,
            "assemble_n_hvps": 8,
            "setop_time": 2.0830193534493446e-06,
            "set_tolerances_time": 1.501990482211113e-06,
            "pc_setup_time": 0.0055339569807983935,
            "solve_time": 0.0019190949969924986,
            "linear_total_time": 0.009704621974378824,
            "ksp_its": 2
          },
          {
            "assemble_total_time": 0.0021905279718339443,
            "assemble_p2p_exchange": 6.480800220742822e-05,
            "assemble_hvp_compute": 0.001824291015509516,
            "assemble_extraction": 0.00015460397116839886,
            "assemble_coo_assembly": 0.00012942601460963488,
            "assemble_n_hvps": 8,
            "setop_time": 2.033018972724676e-06,
            "set_tolerances_time": 1.9929721020162106e-06,
            "pc_setup_time": 0.005469658994115889,
            "solve_time": 0.0019049440161325037,
            "linear_total_time": 0.009569156973157078,
            "ksp_its": 2
          },
          {
            "assemble_total_time": 0.002142574987374246,
            "assemble_p2p_exchange": 6.556900916621089e-05,
            "assemble_hvp_compute": 0.0017833990277722478,
            "assemble_extraction": 0.00016513100126758218,
            "assemble_coo_assembly": 0.00010675296653062105,
            "assemble_n_hvps": 8,
            "setop_time": 1.953041646629572e-06,
            "set_tolerances_time": 1.7529819160699844e-06,
            "pc_setup_time": 0.005472262972034514,
            "solve_time": 0.0019191159517504275,
            "linear_total_time": 0.009537659934721887,
            "ksp_its": 2
          }
        ]
      }
    ],
    "metadata": {
      "profile": "reference",
      "nprocs": 2,
      "nproc_threads": 1,
      "linear_solver": {
        "ksp_type": "gmres",
        "pc_type": "hypre",
        "ksp_rtol": 0.001,
        "ksp_max_it": 200,
        "pc_setup_on_ksp_cap": false,
        "gamg_threshold": 0.05,
        "gamg_agg_nsmooths": 1,
        "gamg_set_coordinates": true,
        "reorder": true,
        "hvp_eval_mode": "sfd_local_batched",
        "assembly_mode": "element",
        "element_reorder_mode": "block_xyz",
        "local_hessian_mode": "sfd_local",
        "distribution_strategy": "overlap_allgather",
        "assembler": "GLReorderedElementAssembler",
        "trust_subproblem_solver": "direct_linear_solve",
        "trust_subproblem_line_search": false
      },
      "newton": {
        "tolf": 1e-06,
        "tolg": 1e-05,
        "tolg_rel": 0.001,
        "tolx_rel": 0.001,
        "tolx_abs": 1e-10,
        "maxit": 100,
        "require_all_convergence": true,
        "fail_on_nonfinite": true,
        "linesearch_interval": [
          -0.5,
          2.0
        ],
        "linesearch_tol": 0.001,
        "trust_region": false,
        "trust_radius_init": 1.0,
        "trust_radius_min": 1e-08,
        "trust_radius_max": 1000000.0,
        "trust_subproblem_line_search": false,
        "step_time_limit_s": null
      }
    }
  }
}
