An NVIDIA GPU may be present on this machine, but a CUDA-enabled jaxlib is not installed. Falling back to cpu.
An NVIDIA GPU may be present on this machine, but a CUDA-enabled jaxlib is not installed. Falling back to cpu.
{
  "case": {
    "problem": "gl",
    "backend": "element",
    "level": 9,
    "out": "/home/michal/repos/fenics_nonlinear_energies/experiment_results_cache/gl_final_suite/jax_petsc_element_l9_np2.json",
    "quiet": true,
    "save_history": true,
    "save_linear_timing": true,
    "steps": 1,
    "start_step": 1,
    "total_steps": 24,
    "ksp_type": "gmres",
    "pc_type": "hypre",
    "ksp_rtol": 0.001,
    "ksp_max_it": 200,
    "profile": "reference",
    "coloring_trials": 10,
    "nproc_threads": 1,
    "hvp_eval_mode": "sequential",
    "element_reorder_mode": "block_xyz",
    "local_hessian_mode": "element",
    "tolf": 1e-06,
    "tolg": 1e-05,
    "tolg_rel": 0.001,
    "tolx_rel": 0.001,
    "tolx_abs": 1e-10,
    "maxit": 100,
    "step_time_limit_s": null,
    "linesearch_a": -0.5,
    "linesearch_b": 2.0,
    "linesearch_tol": 0.001,
    "use_trust_region": false,
    "trust_radius_init": 1.0,
    "trust_radius_min": 1e-08,
    "trust_radius_max": 1000000.0,
    "trust_shrink": 0.5,
    "trust_expand": 1.5,
    "trust_eta_shrink": 0.05,
    "trust_eta_expand": 0.75,
    "trust_max_reject": 6,
    "trust_subproblem_line_search": false,
    "local_coloring": true,
    "retry_on_failure": false,
    "pc_setup_on_ksp_cap": false,
    "use_near_nullspace": true,
    "reorder": null,
    "gamg_threshold": 0.05,
    "gamg_agg_nsmooths": 1,
    "gamg_set_coordinates": true
  },
  "result": {
    "mesh_level": 9,
    "total_dofs": 1050625,
    "free_dofs": 1046529,
    "setup_time": 5.48257,
    "solve_time_total": 7.40708,
    "total_time": 13.367941,
    "steps": [
      {
        "step": 1,
        "time": 7.40708,
        "nit": 7,
        "linear_iters": 29,
        "energy": 0.34562646841171507,
        "message": "Converged (energy, step, gradient)",
        "attempt": "primary",
        "ksp_rtol_used": 0.001,
        "ksp_max_it_used": 200,
        "linesearch_interval_used": [
          -0.5,
          2.0
        ],
        "history": [
          {
            "it": 1,
            "energy": 0.536130177606517,
            "dE": 0.12916950036265673,
            "grad_norm": 0.0009261996570956125,
            "grad_target": 1e-05,
            "grad_norm_post": NaN,
            "alpha": -0.29681716480735043,
            "ksp_its": 8,
            "ls_evals": 19,
            "ls_repaired": false,
            "used_gradient_fallback": false,
            "accepted_step": true,
            "step_norm": 280.37544145091795,
            "step_rel": 0.5476082840838242,
            "pred_reduction": NaN,
            "actual_reduction": NaN,
            "trust_rejects": 0,
            "t_grad": 0.026837848010472953,
            "t_hess": 0.8738694599596784,
            "t_ls": 0.35143720800988376,
            "t_update": 0.00021863996516913176,
            "t_iter": 1.2525476849987172,
            "trust_radius": 1.0,
            "trust_ratio": NaN,
            "trust_qp": NaN
          },
          {
            "it": 2,
            "energy": 0.5098755464594691,
            "dE": 0.026254631147047958,
            "grad_norm": 0.0009695151244096228,
            "grad_target": 1e-05,
            "grad_norm_post": NaN,
            "alpha": 0.35546517924506016,
            "ksp_its": 6,
            "ls_evals": 19,
            "ls_repaired": false,
            "used_gradient_fallback": false,
            "accepted_step": true,
            "step_norm": 171.04256749577485,
            "step_rel": 0.25307710166083913,
            "pred_reduction": NaN,
            "actual_reduction": NaN,
            "trust_rejects": 0,
            "t_grad": 0.02537411596858874,
            "t_hess": 0.7469465429894626,
            "t_ls": 0.3484425399801694,
            "t_update": 0.00017852999735623598,
            "t_iter": 1.1211569029837847,
            "trust_radius": 1.0,
            "trust_ratio": NaN,
            "trust_qp": NaN
          },
          {
            "it": 3,
            "energy": 0.43976383340117137,
            "dE": 0.07011171305829772,
            "grad_norm": 0.000569995173154226,
            "grad_target": 1e-05,
            "grad_norm_post": NaN,
            "alpha": -0.42680790445753647,
            "ksp_its": 5,
            "ls_evals": 19,
            "ls_repaired": false,
            "used_gradient_fallback": false,
            "accepted_step": true,
            "step_norm": 280.07841033360575,
            "step_rel": 0.37516501450514417,
            "pred_reduction": NaN,
            "actual_reduction": NaN,
            "trust_rejects": 0,
            "t_grad": 0.025949335016775876,
            "t_hess": 0.7164017459726892,
            "t_ls": 0.3532735960325226,
            "t_update": 0.00020721298642456532,
            "t_iter": 1.0960197739768773,
            "trust_radius": 1.0,
            "trust_ratio": NaN,
            "trust_qp": NaN
          },
          {
            "it": 4,
            "energy": 0.3652015461438818,
            "dE": 0.07456228725728958,
            "grad_norm": 0.0009208384664661693,
            "grad_target": 1e-05,
            "grad_norm_post": NaN,
            "alpha": 0.268660460918435,
            "ksp_its": 4,
            "ls_evals": 19,
            "ls_repaired": false,
            "used_gradient_fallback": false,
            "accepted_step": true,
            "step_norm": 218.09165806440876,
            "step_rel": 0.27160849556198285,
            "pred_reduction": NaN,
            "actual_reduction": NaN,
            "trust_rejects": 0,
            "t_grad": 0.026325582002755255,
            "t_hess": 0.6627713640336879,
            "t_ls": 0.352735758991912,
            "t_update": 0.0002261619665659964,
            "t_iter": 1.042221924988553,
            "trust_radius": 1.0,
            "trust_ratio": NaN,
            "trust_qp": NaN
          },
          {
            "it": 5,
            "energy": 0.3458491397352505,
            "dE": 0.019352406408631284,
            "grad_norm": 0.0006375693559832325,
            "grad_target": 1e-05,
            "grad_norm_post": NaN,
            "alpha": 0.9567974519359683,
            "ksp_its": 2,
            "ls_evals": 19,
            "ls_repaired": false,
            "used_gradient_fallback": false,
            "accepted_step": true,
            "step_norm": 65.44732553370605,
            "step_rel": 0.07585505844383321,
            "pred_reduction": NaN,
            "actual_reduction": NaN,
            "trust_rejects": 0,
            "t_grad": 0.025670022005215287,
            "t_hess": 0.570360949030146,
            "t_ls": 0.3482737239683047,
            "t_update": 0.00022603198885917664,
            "t_iter": 0.9446846999926493,
            "trust_radius": 1.0,
            "trust_ratio": NaN,
            "trust_qp": NaN
          },
          {
            "it": 6,
            "energy": 0.3456264761863691,
            "dE": 0.0002226635488813966,
            "grad_norm": 6.405118108367736e-05,
            "grad_target": 1e-05,
            "grad_norm_post": NaN,
            "alpha": 1.0166443329698536,
            "ksp_its": 2,
            "ls_evals": 19,
            "ls_repaired": false,
            "used_gradient_fallback": false,
            "accepted_step": true,
            "step_norm": 7.758663541307011,
            "step_rel": 0.008784878718354459,
            "pred_reduction": NaN,
            "actual_reduction": NaN,
            "trust_rejects": 0,
            "t_grad": 0.025628498988226056,
            "t_hess": 0.5726083099725656,
            "t_ls": 0.3543093329644762,
            "t_update": 0.00021353299962356687,
            "t_iter": 0.9529348199721426,
            "trust_radius": 1.0,
            "trust_ratio": NaN,
            "trust_qp": NaN
          },
          {
            "it": 7,
            "energy": 0.34562646841171507,
            "dE": 7.774654031678097e-09,
            "grad_norm": 4.087464945752924e-07,
            "grad_target": 1e-05,
            "grad_norm_post": 8.891300422506511e-10,
            "alpha": 0.9999834732596391,
            "ksp_its": 2,
            "ls_evals": 19,
            "ls_repaired": false,
            "used_gradient_fallback": false,
            "accepted_step": true,
            "step_norm": 0.04628215186570544,
            "step_rel": 5.2794853074489897e-05,
            "pred_reduction": NaN,
            "actual_reduction": NaN,
            "trust_rejects": 0,
            "t_grad": 0.026164698996581137,
            "t_hess": 0.5743843990494497,
            "t_ls": 0.35438185901148245,
            "t_update": 0.0002276439918205142,
            "t_iter": 0.9553164599929005,
            "trust_radius": 1.0,
            "trust_ratio": NaN,
            "trust_qp": NaN
          }
        ],
        "linear_timing": [
          {
            "assemble_total_time": 0.13932869699783623,
            "assemble_p2p_exchange": 0.0051675899885594845,
            "assemble_hvp_compute": 0.02981251396704465,
            "assemble_extraction": 0.08829532499657944,
            "assemble_coo_assembly": 0.014709439012221992,
            "assemble_n_hvps": 0,
            "setop_time": 4.76703280583024e-06,
            "set_tolerances_time": 3.0150404199957848e-06,
            "pc_setup_time": 0.3400374329648912,
            "solve_time": 0.39414333598688245,
            "linear_total_time": 0.8735172480228357,
            "ksp_its": 8
          },
          {
            "assemble_total_time": 0.13786647701635957,
            "assemble_p2p_exchange": 0.004123702994547784,
            "assemble_hvp_compute": 0.02995039097731933,
            "assemble_extraction": 0.08744393603410572,
            "assemble_coo_assembly": 0.015013388998340815,
            "assemble_n_hvps": 0,
            "setop_time": 3.6460114642977715e-06,
            "set_tolerances_time": 2.243963535875082e-06,
            "pc_setup_time": 0.3033156329765916,
            "solve_time": 0.3054297179915011,
            "linear_total_time": 0.7466177179594524,
            "ksp_its": 6
          },
          {
            "assemble_total_time": 0.1399429920129478,
            "assemble_p2p_exchange": 0.004109689965844154,
            "assemble_hvp_compute": 0.03004981199046597,
            "assemble_extraction": 0.08987495896872133,
            "assemble_coo_assembly": 0.014700916013680398,
            "assemble_n_hvps": 0,
            "setop_time": 2.8549693524837494e-06,
            "set_tolerances_time": 2.694025170058012e-06,
            "pc_setup_time": 0.3098405309719965,
            "solve_time": 0.26629434403730556,
            "linear_total_time": 0.7160834160167724,
            "ksp_its": 5
          },
          {
            "assemble_total_time": 0.13928756001405418,
            "assemble_p2p_exchange": 0.004069651011377573,
            "assemble_hvp_compute": 0.030738310946617275,
            "assemble_extraction": 0.0885963260079734,
            "assemble_coo_assembly": 0.015069953980855644,
            "assemble_n_hvps": 0,
            "setop_time": 3.143970388919115e-06,
            "set_tolerances_time": 3.3450196497142315e-06,
            "pc_setup_time": 0.30399430298712105,
            "solve_time": 0.21914013201603666,
            "linear_total_time": 0.6624284840072505,
            "ksp_its": 4
          },
          {
            "assemble_total_time": 0.13911675103008747,
            "assemble_p2p_exchange": 0.004072082985658199,
            "assemble_hvp_compute": 0.030553361983038485,
            "assemble_extraction": 0.08842309296596795,
            "assemble_coo_assembly": 0.01528088201303035,
            "assemble_n_hvps": 0,
            "setop_time": 2.9050279408693314e-06,
            "set_tolerances_time": 2.803979441523552e-06,
            "pc_setup_time": 0.3008445909945294,
            "solve_time": 0.13006004400085658,
            "linear_total_time": 0.5700270950328559,
            "ksp_its": 2
          },
          {
            "assemble_total_time": 0.13792932499200106,
            "assemble_p2p_exchange": 0.0038918519858270884,
            "assemble_hvp_compute": 0.030387861013878137,
            "assemble_extraction": 0.08723043097415939,
            "assemble_coo_assembly": 0.015553975012153387,
            "assemble_n_hvps": 0,
            "setop_time": 2.6740017347037792e-06,
            "set_tolerances_time": 2.854038029909134e-06,
            "pc_setup_time": 0.30535158998100087,
            "solve_time": 0.12894135201349854,
            "linear_total_time": 0.5722277950262651,
            "ksp_its": 2
          },
          {
            "assemble_total_time": 0.13795775698963553,
            "assemble_p2p_exchange": 0.004175118985585868,
            "assemble_hvp_compute": 0.0297919400036335,
            "assemble_extraction": 0.0875224510091357,
            "assemble_coo_assembly": 0.01558731502154842,
            "assemble_n_hvps": 0,
            "setop_time": 3.0650408007204533e-06,
            "set_tolerances_time": 2.9249931685626507e-06,
            "pc_setup_time": 0.30529099400155246,
            "solve_time": 0.13076446700142696,
            "linear_total_time": 0.5740192080265842,
            "ksp_its": 2
          }
        ]
      }
    ],
    "metadata": {
      "profile": "reference",
      "nprocs": 2,
      "nproc_threads": 1,
      "linear_solver": {
        "ksp_type": "gmres",
        "pc_type": "hypre",
        "ksp_rtol": 0.001,
        "ksp_max_it": 200,
        "pc_setup_on_ksp_cap": false,
        "gamg_threshold": 0.05,
        "gamg_agg_nsmooths": 1,
        "gamg_set_coordinates": true,
        "reorder": true,
        "hvp_eval_mode": "element_overlap",
        "assembly_mode": "element",
        "element_reorder_mode": "block_xyz",
        "local_hessian_mode": "element",
        "distribution_strategy": "overlap_allgather",
        "assembler": "GLReorderedElementAssembler",
        "trust_subproblem_solver": "direct_linear_solve",
        "trust_subproblem_line_search": false
      },
      "newton": {
        "tolf": 1e-06,
        "tolg": 1e-05,
        "tolg_rel": 0.001,
        "tolx_rel": 0.001,
        "tolx_abs": 1e-10,
        "maxit": 100,
        "require_all_convergence": true,
        "fail_on_nonfinite": true,
        "linesearch_interval": [
          -0.5,
          2.0
        ],
        "linesearch_tol": 0.001,
        "trust_region": false,
        "trust_radius_init": 1.0,
        "trust_radius_min": 1e-08,
        "trust_radius_max": 1000000.0,
        "trust_subproblem_line_search": false,
        "step_time_limit_s": null
      }
    }
  }
}
