An NVIDIA GPU may be present on this machine, but a CUDA-enabled jaxlib is not installed. Falling back to cpu.
An NVIDIA GPU may be present on this machine, but a CUDA-enabled jaxlib is not installed. Falling back to cpu.
{
  "case": {
    "problem": "gl",
    "backend": "element",
    "level": 5,
    "out": "/home/michal/repos/fenics_nonlinear_energies/experiment_results_cache/gl_final_suite/jax_petsc_element_l5_np2.json",
    "quiet": true,
    "save_history": true,
    "save_linear_timing": true,
    "steps": 1,
    "start_step": 1,
    "total_steps": 24,
    "ksp_type": "gmres",
    "pc_type": "hypre",
    "ksp_rtol": 0.001,
    "ksp_max_it": 200,
    "profile": "reference",
    "coloring_trials": 10,
    "nproc_threads": 1,
    "hvp_eval_mode": "sequential",
    "element_reorder_mode": "block_xyz",
    "local_hessian_mode": "element",
    "tolf": 1e-06,
    "tolg": 1e-05,
    "tolg_rel": 0.001,
    "tolx_rel": 0.001,
    "tolx_abs": 1e-10,
    "maxit": 100,
    "step_time_limit_s": null,
    "linesearch_a": -0.5,
    "linesearch_b": 2.0,
    "linesearch_tol": 0.001,
    "use_trust_region": false,
    "trust_radius_init": 1.0,
    "trust_radius_min": 1e-08,
    "trust_radius_max": 1000000.0,
    "trust_shrink": 0.5,
    "trust_expand": 1.5,
    "trust_eta_shrink": 0.05,
    "trust_eta_expand": 0.75,
    "trust_max_reject": 6,
    "trust_subproblem_line_search": false,
    "local_coloring": true,
    "retry_on_failure": false,
    "pc_setup_on_ksp_cap": false,
    "use_near_nullspace": true,
    "reorder": null,
    "gamg_threshold": 0.05,
    "gamg_agg_nsmooths": 1,
    "gamg_set_coordinates": true
  },
  "result": {
    "mesh_level": 5,
    "total_dofs": 4225,
    "free_dofs": 3969,
    "setup_time": 0.544624,
    "solve_time_total": 0.080432,
    "total_time": 0.688475,
    "steps": [
      {
        "step": 1,
        "time": 0.080432,
        "nit": 8,
        "linear_iters": 33,
        "energy": 0.3462314437821238,
        "message": "Converged (energy, step, gradient)",
        "attempt": "primary",
        "ksp_rtol_used": 0.001,
        "ksp_max_it_used": 200,
        "linesearch_interval_used": [
          -0.5,
          2.0
        ],
        "history": [
          {
            "it": 1,
            "energy": 0.5669387202969435,
            "dE": 0.09853102901914557,
            "grad_norm": 0.014805985418835032,
            "grad_target": 1.4805985418835032e-05,
            "grad_norm_post": NaN,
            "alpha": -0.25686415498346793,
            "ksp_its": 9,
            "ls_evals": 19,
            "ls_repaired": false,
            "used_gradient_fallback": false,
            "accepted_step": true,
            "step_norm": 15.8982374938292,
            "step_rel": 0.4968199216821625,
            "pred_reduction": NaN,
            "actual_reduction": NaN,
            "trust_rejects": 0,
            "t_grad": 0.0002967520267702639,
            "t_hess": 0.007317690993659198,
            "t_ls": 0.005390117003116757,
            "t_update": 2.2929743863642216e-06,
            "t_iter": 0.013033824041485786,
            "trust_radius": 1.0,
            "trust_ratio": NaN,
            "trust_qp": NaN
          },
          {
            "it": 2,
            "energy": 0.5111314496538484,
            "dE": 0.0558072706430951,
            "grad_norm": 0.016193049237672178,
            "grad_target": 1.4805985418835032e-05,
            "grad_norm_post": NaN,
            "alpha": 0.31847777264531574,
            "ksp_its": 6,
            "ls_evals": 19,
            "ls_repaired": false,
            "used_gradient_fallback": false,
            "accepted_step": true,
            "step_norm": 13.474898079842983,
            "step_rel": 0.3376776097687034,
            "pred_reduction": NaN,
            "actual_reduction": NaN,
            "trust_rejects": 0,
            "t_grad": 0.0002045310102403164,
            "t_hess": 0.005488636961672455,
            "t_ls": 0.0050865140510722995,
            "t_update": 2.334010787308216e-06,
            "t_iter": 0.010803507990203798,
            "trust_radius": 1.0,
            "trust_ratio": NaN,
            "trust_qp": NaN
          },
          {
            "it": 3,
            "energy": 0.4292104968510665,
            "dE": 0.08192095280278189,
            "grad_norm": 0.008793195279625961,
            "grad_target": 1.4805985418835032e-05,
            "grad_norm_post": NaN,
            "alpha": -0.3201093149209516,
            "ksp_its": 4,
            "ls_evals": 19,
            "ls_repaired": false,
            "used_gradient_fallback": false,
            "accepted_step": true,
            "step_norm": 17.942929025584572,
            "step_rel": 0.3836529279603333,
            "pred_reduction": NaN,
            "actual_reduction": NaN,
            "trust_rejects": 0,
            "t_grad": 0.0001965390401892364,
            "t_hess": 0.004562867048662156,
            "t_ls": 0.005060805007815361,
            "t_update": 1.9230064935982227e-06,
            "t_iter": 0.00984174496261403,
            "trust_radius": 1.0,
            "trust_ratio": NaN,
            "trust_qp": NaN
          },
          {
            "it": 4,
            "energy": 0.38658794948800074,
            "dE": 0.042622547363065755,
            "grad_norm": 0.012843735435113758,
            "grad_target": 1.4805985418835032e-05,
            "grad_norm_post": NaN,
            "alpha": 0.08868714213740503,
            "ksp_its": 5,
            "ls_evals": 19,
            "ls_repaired": false,
            "used_gradient_fallback": false,
            "accepted_step": true,
            "step_norm": 10.199975174362384,
            "step_rel": 0.19697951298468153,
            "pred_reduction": NaN,
            "actual_reduction": NaN,
            "trust_rejects": 0,
            "t_grad": 0.00019397499272599816,
            "t_hess": 0.004441722994670272,
            "t_ls": 0.005041406024247408,
            "t_update": 1.8129940144717693e-06,
            "t_iter": 0.009698897018097341,
            "trust_radius": 1.0,
            "trust_ratio": NaN,
            "trust_qp": NaN
          },
          {
            "it": 5,
            "energy": 0.3535217739873924,
            "dE": 0.033066175500608364,
            "grad_norm": 0.011966366034193763,
            "grad_target": 1.4805985418835032e-05,
            "grad_norm_post": NaN,
            "alpha": 0.39541818906894266,
            "ksp_its": 3,
            "ls_evals": 19,
            "ls_repaired": false,
            "used_gradient_fallback": false,
            "accepted_step": true,
            "step_norm": 7.920815760095485,
            "step_rel": 0.1477595153994762,
            "pred_reduction": NaN,
            "actual_reduction": NaN,
            "trust_rejects": 0,
            "t_grad": 0.00019242300186306238,
            "t_hess": 0.004005839000456035,
            "t_ls": 0.005112453945912421,
            "t_update": 1.842970959842205e-06,
            "t_iter": 0.009332669025752693,
            "trust_radius": 1.0,
            "trust_ratio": NaN,
            "trust_qp": NaN
          },
          {
            "it": 6,
            "energy": 0.34628628981392995,
            "dE": 0.007235484173462425,
            "grad_norm": 0.006394622357116628,
            "grad_target": 1.4805985418835032e-05,
            "grad_norm_post": NaN,
            "alpha": 1.0491007010315465,
            "ksp_its": 2,
            "ls_evals": 19,
            "ls_repaired": false,
            "used_gradient_fallback": false,
            "accepted_step": true,
            "step_norm": 2.612780373627473,
            "step_rel": 0.04742712589864958,
            "pred_reduction": NaN,
            "actual_reduction": NaN,
            "trust_rejects": 0,
            "t_grad": 0.00019242300186306238,
            "t_hess": 0.0037420979933813214,
            "t_ls": 0.005021144985221326,
            "t_update": 1.7230049706995487e-06,
            "t_iter": 0.008977669000159949,
            "trust_radius": 1.0,
            "trust_ratio": NaN,
            "trust_qp": NaN
          },
          {
            "it": 7,
            "energy": 0.3462314470122918,
            "dE": 5.4842801638144145e-05,
            "grad_norm": 0.00047439841615341143,
            "grad_target": 1.4805985418835032e-05,
            "grad_norm_post": NaN,
            "alpha": 1.0132460540663673,
            "ksp_its": 2,
            "ls_evals": 19,
            "ls_repaired": false,
            "used_gradient_fallback": false,
            "accepted_step": true,
            "step_norm": 0.25590140161016034,
            "step_rel": 0.004654677751839221,
            "pred_reduction": NaN,
            "actual_reduction": NaN,
            "trust_rejects": 0,
            "t_grad": 0.0001911009894683957,
            "t_hess": 0.003703308990225196,
            "t_ls": 0.005030389002058655,
            "t_update": 1.8529826775193214e-06,
            "t_iter": 0.008946401008870453,
            "trust_radius": 1.0,
            "trust_ratio": NaN,
            "trust_qp": NaN
          },
          {
            "it": 8,
            "energy": 0.3462314437821238,
            "dE": 3.230168021950419e-09,
            "grad_norm": 3.6609661781718843e-06,
            "grad_target": 1.4805985418835032e-05,
            "grad_norm_post": 2.030409095127657e-09,
            "alpha": 0.9999834732596391,
            "ksp_its": 2,
            "ls_evals": 19,
            "ls_repaired": false,
            "used_gradient_fallback": false,
            "accepted_step": true,
            "step_norm": 0.0020229139205112856,
            "step_rel": 3.6908345087674344e-05,
            "pred_reduction": NaN,
            "actual_reduction": NaN,
            "trust_rejects": 0,
            "t_grad": 0.00019272294593974948,
            "t_hess": 0.0037240799865685403,
            "t_ls": 0.005009157001040876,
            "t_update": 1.8330174498260021e-06,
            "t_iter": 0.00894752296153456,
            "trust_radius": 1.0,
            "trust_ratio": NaN,
            "trust_qp": NaN
          }
        ],
        "linear_timing": [
          {
            "assemble_total_time": 0.0008133079973049462,
            "assemble_p2p_exchange": 5.7887984439730644e-05,
            "assemble_hvp_compute": 0.00039884698344394565,
            "assemble_extraction": 0.00024159799795597792,
            "assemble_coo_assembly": 9.911099914461374e-05,
            "assemble_n_hvps": 0,
            "setop_time": 3.0050287023186684e-06,
            "set_tolerances_time": 1.9830185920000076e-06,
            "pc_setup_time": 0.0032450309954583645,
            "solve_time": 0.003220534010324627,
            "linear_total_time": 0.0072838610503822565,
            "ksp_its": 9
          },
          {
            "assemble_total_time": 0.0006190129788592458,
            "assemble_p2p_exchange": 6.0421996749937534e-05,
            "assemble_hvp_compute": 0.00020238797878846526,
            "assemble_extraction": 0.00026682595489546657,
            "assemble_coo_assembly": 7.703801384195685e-05,
            "assemble_n_hvps": 0,
            "setop_time": 1.953041646629572e-06,
            "set_tolerances_time": 1.8129940144717693e-06,
            "pc_setup_time": 0.002755936002358794,
            "solve_time": 0.0020837030024267733,
            "linear_total_time": 0.005462418019305915,
            "ksp_its": 6
          },
          {
            "assemble_total_time": 0.00045873800991103053,
            "assemble_p2p_exchange": 4.02920413762331e-05,
            "assemble_hvp_compute": 0.0001925030373968184,
            "assemble_extraction": 0.00015937199350446463,
            "assemble_coo_assembly": 5.679595051333308e-05,
            "assemble_n_hvps": 0,
            "setop_time": 9.909854270517826e-07,
            "set_tolerances_time": 1.1719530448317528e-06,
            "pc_setup_time": 0.002630275033880025,
            "solve_time": 0.0014503579586744308,
            "linear_total_time": 0.00454153394093737,
            "ksp_its": 4
          },
          {
            "assemble_total_time": 0.00043183803791180253,
            "assemble_p2p_exchange": 3.973004641011357e-05,
            "assemble_hvp_compute": 0.00018759595695883036,
            "assemble_extraction": 0.00014955800725147128,
            "assemble_coo_assembly": 4.613003693521023e-05,
            "assemble_n_hvps": 0,
            "setop_time": 6.210175342857838e-07,
            "set_tolerances_time": 9.919749572873116e-07,
            "pc_setup_time": 0.0023924720007926226,
            "solve_time": 0.0015901809674687684,
            "linear_total_time": 0.0044161039986647666,
            "ksp_its": 5
          },
          {
            "assemble_total_time": 0.00042455701623111963,
            "assemble_p2p_exchange": 4.02319710701704e-05,
            "assemble_hvp_compute": 0.00018068501958623528,
            "assemble_extraction": 0.0001469639828428626,
            "assemble_coo_assembly": 4.7942972742021084e-05,
            "assemble_n_hvps": 0,
            "setop_time": 5.709589459002018e-07,
            "set_tolerances_time": 8.41973815113306e-07,
            "pc_setup_time": 0.0024675159947946668,
            "solve_time": 0.0010912809520959854,
            "linear_total_time": 0.003984766895882785,
            "ksp_its": 3
          },
          {
            "assemble_total_time": 0.000423424004111439,
            "assemble_p2p_exchange": 3.9019971154630184e-05,
            "assemble_hvp_compute": 0.00018227699911221862,
            "assemble_extraction": 0.0001511399750597775,
            "assemble_coo_assembly": 4.255498060956597e-05,
            "assemble_n_hvps": 0,
            "setop_time": 6.309710443019867e-07,
            "set_tolerances_time": 8.00995621830225e-07,
            "pc_setup_time": 0.0024769610026851296,
            "solve_time": 0.0008199979783967137,
            "linear_total_time": 0.0037218149518594146,
            "ksp_its": 2
          },
          {
            "assemble_total_time": 0.0004245970048941672,
            "assemble_p2p_exchange": 4.0670973248779774e-05,
            "assemble_hvp_compute": 0.00018016400281339884,
            "assemble_extraction": 0.0001464629895053804,
            "assemble_coo_assembly": 4.8644025810062885e-05,
            "assemble_n_hvps": 0,
            "setop_time": 5.710171535611153e-07,
            "set_tolerances_time": 8.309725672006607e-07,
            "pc_setup_time": 0.0024417780223302543,
            "solve_time": 0.0008154019596986473,
            "linear_total_time": 0.0036831789766438305,
            "ksp_its": 2
          },
          {
            "assemble_total_time": 0.00041822699131444097,
            "assemble_p2p_exchange": 4.034099401906133e-05,
            "assemble_hvp_compute": 0.0001775299897417426,
            "assemble_extraction": 0.0001462720101699233,
            "assemble_coo_assembly": 4.527898272499442e-05,
            "assemble_n_hvps": 0,
            "setop_time": 5.210167728364468e-07,
            "set_tolerances_time": 8.709612302482128e-07,
            "pc_setup_time": 0.0024626500089652836,
            "solve_time": 0.0008217510185204446,
            "linear_total_time": 0.003704019996803254,
            "ksp_its": 2
          }
        ]
      }
    ],
    "metadata": {
      "profile": "reference",
      "nprocs": 2,
      "nproc_threads": 1,
      "linear_solver": {
        "ksp_type": "gmres",
        "pc_type": "hypre",
        "ksp_rtol": 0.001,
        "ksp_max_it": 200,
        "pc_setup_on_ksp_cap": false,
        "gamg_threshold": 0.05,
        "gamg_agg_nsmooths": 1,
        "gamg_set_coordinates": true,
        "reorder": true,
        "hvp_eval_mode": "element_overlap",
        "assembly_mode": "element",
        "element_reorder_mode": "block_xyz",
        "local_hessian_mode": "element",
        "distribution_strategy": "overlap_allgather",
        "assembler": "GLReorderedElementAssembler",
        "trust_subproblem_solver": "direct_linear_solve",
        "trust_subproblem_line_search": false
      },
      "newton": {
        "tolf": 1e-06,
        "tolg": 1e-05,
        "tolg_rel": 0.001,
        "tolx_rel": 0.001,
        "tolx_abs": 1e-10,
        "maxit": 100,
        "require_all_convergence": true,
        "fail_on_nonfinite": true,
        "linesearch_interval": [
          -0.5,
          2.0
        ],
        "linesearch_tol": 0.001,
        "trust_region": false,
        "trust_radius_init": 1.0,
        "trust_radius_min": 1e-08,
        "trust_radius_max": 1000000.0,
        "trust_subproblem_line_search": false,
        "step_time_limit_s": null
      }
    }
  }
}
