An NVIDIA GPU may be present on this machine, but a CUDA-enabled jaxlib is not installed. Falling back to cpu.
An NVIDIA GPU may be present on this machine, but a CUDA-enabled jaxlib is not installed. Falling back to cpu.
An NVIDIA GPU may be present on this machine, but a CUDA-enabled jaxlib is not installed. Falling back to cpu.
An NVIDIA GPU may be present on this machine, but a CUDA-enabled jaxlib is not installed. Falling back to cpu.
An NVIDIA GPU may be present on this machine, but a CUDA-enabled jaxlib is not installed. Falling back to cpu.
An NVIDIA GPU may be present on this machine, but a CUDA-enabled jaxlib is not installed. Falling back to cpu.
An NVIDIA GPU may be present on this machine, but a CUDA-enabled jaxlib is not installed. Falling back to cpu.
An NVIDIA GPU may be present on this machine, but a CUDA-enabled jaxlib is not installed. Falling back to cpu.
An NVIDIA GPU may be present on this machine, but a CUDA-enabled jaxlib is not installed. Falling back to cpu.
An NVIDIA GPU may be present on this machine, but a CUDA-enabled jaxlib is not installed. Falling back to cpu.
An NVIDIA GPU may be present on this machine, but a CUDA-enabled jaxlib is not installed. Falling back to cpu.
An NVIDIA GPU may be present on this machine, but a CUDA-enabled jaxlib is not installed. Falling back to cpu.
An NVIDIA GPU may be present on this machine, but a CUDA-enabled jaxlib is not installed. Falling back to cpu.
An NVIDIA GPU may be present on this machine, but a CUDA-enabled jaxlib is not installed. Falling back to cpu.
An NVIDIA GPU may be present on this machine, but a CUDA-enabled jaxlib is not installed. Falling back to cpu.
An NVIDIA GPU may be present on this machine, but a CUDA-enabled jaxlib is not installed. Falling back to cpu.
{
  "case": {
    "problem": "gl",
    "backend": "element",
    "level": 7,
    "out": "/home/michal/repos/fenics_nonlinear_energies/experiment_results_cache/gl_final_suite/jax_petsc_element_l7_np16.json",
    "quiet": true,
    "save_history": true,
    "save_linear_timing": true,
    "steps": 1,
    "start_step": 1,
    "total_steps": 24,
    "ksp_type": "gmres",
    "pc_type": "hypre",
    "ksp_rtol": 0.001,
    "ksp_max_it": 200,
    "profile": "reference",
    "coloring_trials": 10,
    "nproc_threads": 1,
    "hvp_eval_mode": "sequential",
    "element_reorder_mode": "block_xyz",
    "local_hessian_mode": "element",
    "tolf": 1e-06,
    "tolg": 1e-05,
    "tolg_rel": 0.001,
    "tolx_rel": 0.001,
    "tolx_abs": 1e-10,
    "maxit": 100,
    "step_time_limit_s": null,
    "linesearch_a": -0.5,
    "linesearch_b": 2.0,
    "linesearch_tol": 0.001,
    "use_trust_region": false,
    "trust_radius_init": 1.0,
    "trust_radius_min": 1e-08,
    "trust_radius_max": 1000000.0,
    "trust_shrink": 0.5,
    "trust_expand": 1.5,
    "trust_eta_shrink": 0.05,
    "trust_eta_expand": 0.75,
    "trust_max_reject": 6,
    "trust_subproblem_line_search": false,
    "local_coloring": true,
    "retry_on_failure": false,
    "pc_setup_on_ksp_cap": false,
    "use_near_nullspace": true,
    "reorder": null,
    "gamg_threshold": 0.05,
    "gamg_agg_nsmooths": 1,
    "gamg_set_coordinates": true
  },
  "result": {
    "mesh_level": 7,
    "total_dofs": 66049,
    "free_dofs": 65025,
    "setup_time": 0.636617,
    "solve_time_total": 0.25024,
    "total_time": 0.993449,
    "steps": [
      {
        "step": 1,
        "time": 0.25024,
        "nit": 6,
        "linear_iters": 21,
        "energy": 0.3456622574797168,
        "message": "Converged (energy, step, gradient)",
        "attempt": "primary",
        "ksp_rtol_used": 0.001,
        "ksp_max_it_used": 200,
        "linesearch_interval_used": [
          -0.5,
          2.0
        ],
        "history": [
          {
            "it": 1,
            "energy": 0.48718227163309935,
            "dE": 0.17812741081427808,
            "grad_norm": 0.0037046037706002784,
            "grad_target": 1e-05,
            "grad_norm_post": NaN,
            "alpha": -0.3429687893550494,
            "ksp_its": 6,
            "ls_evals": 19,
            "ls_repaired": false,
            "used_gradient_fallback": false,
            "accepted_step": true,
            "step_norm": 79.7725017840069,
            "step_rel": 0.623222670187554,
            "pred_reduction": NaN,
            "actual_reduction": NaN,
            "trust_rejects": 0,
            "t_grad": 0.0008669039816595614,
            "t_hess": 0.028694166976492852,
            "t_ls": 0.01712573500117287,
            "t_update": 5.157955456525087e-06,
            "t_iter": 0.04674298001918942,
            "trust_radius": 1.0,
            "trust_ratio": NaN,
            "trust_qp": NaN
          },
          {
            "it": 2,
            "energy": 0.4625675221274339,
            "dE": 0.024614749505665445,
            "grad_norm": 0.0034964784455831298,
            "grad_target": 1e-05,
            "grad_norm_post": NaN,
            "alpha": -0.49964995802247814,
            "ksp_its": 6,
            "ls_evals": 19,
            "ls_repaired": false,
            "used_gradient_fallback": false,
            "accepted_step": true,
            "step_norm": 44.6884689946412,
            "step_rel": 0.2410038579108156,
            "pred_reduction": NaN,
            "actual_reduction": NaN,
            "trust_rejects": 0,
            "t_grad": 0.0007158649968914688,
            "t_hess": 0.02731110097374767,
            "t_ls": 0.017143511038739234,
            "t_update": 5.659007001668215e-06,
            "t_iter": 0.04523271101061255,
            "trust_radius": 1.0,
            "trust_ratio": NaN,
            "trust_qp": NaN
          },
          {
            "it": 3,
            "energy": 0.37142078988484256,
            "dE": 0.09114673224259134,
            "grad_norm": 0.005069275299928703,
            "grad_target": 1e-05,
            "grad_norm_post": NaN,
            "alpha": 0.2453683108048338,
            "ksp_its": 3,
            "ls_evals": 19,
            "ls_repaired": false,
            "used_gradient_fallback": false,
            "accepted_step": true,
            "step_norm": 49.45440314098384,
            "step_rel": 0.2645431287240932,
            "pred_reduction": NaN,
            "actual_reduction": NaN,
            "trust_rejects": 0,
            "t_grad": 0.0006936319987289608,
            "t_hess": 0.023351590032689273,
            "t_ls": 0.016846790967974812,
            "t_update": 4.3370528146624565e-06,
            "t_iter": 0.040938984020613134,
            "trust_radius": 1.0,
            "trust_ratio": NaN,
            "trust_qp": NaN
          },
          {
            "it": 4,
            "energy": 0.3461836570991138,
            "dE": 0.025237132785728755,
            "grad_norm": 0.003498289999941311,
            "grad_target": 1e-05,
            "grad_norm_post": NaN,
            "alpha": 0.9652615859289553,
            "ksp_its": 2,
            "ls_evals": 19,
            "ls_repaired": false,
            "used_gradient_fallback": false,
            "accepted_step": true,
            "step_norm": 19.09631955185196,
            "step_rel": 0.0888541516324292,
            "pred_reduction": NaN,
            "actual_reduction": NaN,
            "trust_rejects": 0,
            "t_grad": 0.0006826239987276495,
            "t_hess": 0.021674727962817997,
            "t_ls": 0.01628479000646621,
            "t_update": 4.277040716260672e-06,
            "t_iter": 0.038689865032210946,
            "trust_radius": 1.0,
            "trust_ratio": NaN,
            "trust_qp": NaN
          },
          {
            "it": 5,
            "energy": 0.34566232405875486,
            "dE": 0.0005213330403589511,
            "grad_norm": 0.00038862315852659403,
            "grad_target": 1e-05,
            "grad_norm_post": NaN,
            "alpha": 1.0299069137765817,
            "ksp_its": 2,
            "ls_evals": 19,
            "ls_repaired": false,
            "used_gradient_fallback": false,
            "accepted_step": true,
            "step_norm": 2.994823162997775,
            "step_rel": 0.01352067182875328,
            "pred_reduction": NaN,
            "actual_reduction": NaN,
            "trust_rejects": 0,
            "t_grad": 0.0006836060201749206,
            "t_hess": 0.02112912101438269,
            "t_ls": 0.016462348983623087,
            "t_update": 4.075991455465555e-06,
            "t_iter": 0.03832305897958577,
            "trust_radius": 1.0,
            "trust_ratio": NaN,
            "trust_qp": NaN
          },
          {
            "it": 6,
            "energy": 0.3456622574797168,
            "dE": 6.657903806051024e-08,
            "grad_norm": 4.772192809258457e-06,
            "grad_target": 1e-05,
            "grad_norm_post": 1.2068312960462093e-08,
            "alpha": 0.9999834732596391,
            "ksp_its": 2,
            "ls_evals": 19,
            "ls_repaired": false,
            "used_gradient_fallback": false,
            "accepted_step": true,
            "step_norm": 0.033989610458679875,
            "step_rel": 0.0001550928168941879,
            "pred_reduction": NaN,
            "actual_reduction": NaN,
            "trust_rejects": 0,
            "t_grad": 0.0006807119934819639,
            "t_hess": 0.020845120947342366,
            "t_ls": 0.016702983004506677,
            "t_update": 4.3460167944431305e-06,
            "t_iter": 0.038276890001725405,
            "trust_radius": 1.0,
            "trust_ratio": NaN,
            "trust_qp": NaN
          }
        ],
        "linear_timing": [
          {
            "assemble_total_time": 0.0017671780078671873,
            "assemble_p2p_exchange": 0.0002734740264713764,
            "assemble_hvp_compute": 0.0006440959987230599,
            "assemble_extraction": 0.0005525570013560355,
            "assemble_coo_assembly": 0.000257039035204798,
            "assemble_n_hvps": 0,
            "setop_time": 2.703978680074215e-06,
            "set_tolerances_time": 2.373999450355768e-06,
            "pc_setup_time": 0.0167227839701809,
            "solve_time": 0.010141720005776733,
            "linear_total_time": 0.02863675996195525,
            "ksp_its": 6
          },
          {
            "assemble_total_time": 0.0016161400126293302,
            "assemble_p2p_exchange": 0.0002722429926507175,
            "assemble_hvp_compute": 0.00040856999112293124,
            "assemble_extraction": 0.0006072210380807519,
            "assemble_coo_assembly": 0.00028700497932732105,
            "assemble_n_hvps": 0,
            "setop_time": 2.7240021154284477e-06,
            "set_tolerances_time": 2.4440232664346695e-06,
            "pc_setup_time": 0.01563363301102072,
            "solve_time": 0.010008108045440167,
            "linear_total_time": 0.02726304909447208,
            "ksp_its": 6
          },
          {
            "assemble_total_time": 0.0016407769871875644,
            "assemble_p2p_exchange": 0.00028658402152359486,
            "assemble_hvp_compute": 0.00037261401303112507,
            "assemble_extraction": 0.0006574969738721848,
            "assemble_coo_assembly": 0.0003008360508829355,
            "assemble_n_hvps": 0,
            "setop_time": 2.343964297324419e-06,
            "set_tolerances_time": 2.1730083972215652e-06,
            "pc_setup_time": 0.01599093497497961,
            "solve_time": 0.005671644990798086,
            "linear_total_time": 0.023307873925659806,
            "ksp_its": 3
          },
          {
            "assemble_total_time": 0.001517630007583648,
            "assemble_p2p_exchange": 0.00022577197523787618,
            "assemble_hvp_compute": 0.00036601501051336527,
            "assemble_extraction": 0.0006241259980015457,
            "assemble_coo_assembly": 0.0002797440392896533,
            "assemble_n_hvps": 0,
            "setop_time": 1.9529834389686584e-06,
            "set_tolerances_time": 2.0329607650637627e-06,
            "pc_setup_time": 0.015769878984428942,
            "solve_time": 0.004339786944910884,
            "linear_total_time": 0.021631281881127506,
            "ksp_its": 2
          },
          {
            "assemble_total_time": 0.0015359969693236053,
            "assemble_p2p_exchange": 0.0001883849618025124,
            "assemble_hvp_compute": 0.00033064099261537194,
            "assemble_extraction": 0.0006320180254988372,
            "assemble_coo_assembly": 0.0003595349844545126,
            "assemble_n_hvps": 0,
            "setop_time": 1.801992766559124e-06,
            "set_tolerances_time": 2.2239983081817627e-06,
            "pc_setup_time": 0.015266707050614059,
            "solve_time": 0.004278673965018243,
            "linear_total_time": 0.021085403976030648,
            "ksp_its": 2
          },
          {
            "assemble_total_time": 0.001561907003633678,
            "assemble_p2p_exchange": 0.0002823580289259553,
            "assemble_hvp_compute": 0.0003110309480689466,
            "assemble_extraction": 0.000522372021805495,
            "assemble_coo_assembly": 0.00042550399666652083,
            "assemble_n_hvps": 0,
            "setop_time": 2.6440247893333435e-06,
            "set_tolerances_time": 2.4239998310804367e-06,
            "pc_setup_time": 0.01513141201576218,
            "solve_time": 0.0041028380510397255,
            "linear_total_time": 0.020801225095055997,
            "ksp_its": 2
          }
        ]
      }
    ],
    "metadata": {
      "profile": "reference",
      "nprocs": 16,
      "nproc_threads": 1,
      "linear_solver": {
        "ksp_type": "gmres",
        "pc_type": "hypre",
        "ksp_rtol": 0.001,
        "ksp_max_it": 200,
        "pc_setup_on_ksp_cap": false,
        "gamg_threshold": 0.05,
        "gamg_agg_nsmooths": 1,
        "gamg_set_coordinates": true,
        "reorder": true,
        "hvp_eval_mode": "element_overlap",
        "assembly_mode": "element",
        "element_reorder_mode": "block_xyz",
        "local_hessian_mode": "element",
        "distribution_strategy": "overlap_allgather",
        "assembler": "GLReorderedElementAssembler",
        "trust_subproblem_solver": "direct_linear_solve",
        "trust_subproblem_line_search": false
      },
      "newton": {
        "tolf": 1e-06,
        "tolg": 1e-05,
        "tolg_rel": 0.001,
        "tolx_rel": 0.001,
        "tolx_abs": 1e-10,
        "maxit": 100,
        "require_all_convergence": true,
        "fail_on_nonfinite": true,
        "linesearch_interval": [
          -0.5,
          2.0
        ],
        "linesearch_tol": 0.001,
        "trust_region": false,
        "trust_radius_init": 1.0,
        "trust_radius_min": 1e-08,
        "trust_radius_max": 1000000.0,
        "trust_subproblem_line_search": false,
        "step_time_limit_s": null
      }
    }
  }
}
