{
  "case": {
    "problem": "gl",
    "backend": "fenics",
    "level": 5,
    "out": "/home/michal/repos/fenics_nonlinear_energies/experiment_results_cache/gl_final_suite/fenics_custom_l5_np4.json",
    "quiet": true,
    "save_history": true,
    "save_linear_timing": true,
    "steps": 1,
    "start_step": 1,
    "total_steps": 24,
    "ksp_type": "gmres",
    "pc_type": "hypre",
    "ksp_rtol": 0.001,
    "ksp_max_it": 200,
    "profile": "reference",
    "coloring_trials": 10,
    "nproc_threads": 1,
    "hvp_eval_mode": "sequential",
    "element_reorder_mode": null,
    "local_hessian_mode": null,
    "tolf": 1e-06,
    "tolg": 1e-05,
    "tolg_rel": 0.001,
    "tolx_rel": 0.001,
    "tolx_abs": 1e-10,
    "maxit": 100,
    "step_time_limit_s": null,
    "linesearch_a": -0.5,
    "linesearch_b": 2.0,
    "linesearch_tol": 0.001,
    "use_trust_region": false,
    "trust_radius_init": 1.0,
    "trust_radius_min": 1e-08,
    "trust_radius_max": 1000000.0,
    "trust_shrink": 0.5,
    "trust_expand": 1.5,
    "trust_eta_shrink": 0.05,
    "trust_eta_expand": 0.75,
    "trust_max_reject": 6,
    "trust_subproblem_line_search": false,
    "local_coloring": true,
    "retry_on_failure": false,
    "pc_setup_on_ksp_cap": false,
    "use_near_nullspace": true,
    "reorder": null,
    "gamg_threshold": 0.05,
    "gamg_agg_nsmooths": 1,
    "gamg_set_coordinates": true
  },
  "result": {
    "mesh_level": 5,
    "total_dofs": 4225,
    "free_dofs": 4181,
    "setup_time": 0.020978,
    "solve_time_total": 0.087458,
    "total_time": 0.108493,
    "steps": [
      {
        "step": 1,
        "time": 0.087458,
        "nit": 7,
        "linear_iters": 27,
        "energy": 0.34623236512797767,
        "message": "Converged (energy, step, gradient)",
        "attempt": "primary",
        "ksp_rtol_used": 0.001,
        "ksp_max_it_used": 200,
        "linesearch_interval_used": [
          -0.5,
          2.0
        ],
        "history": [
          {
            "it": 1,
            "energy": 0.5042883994093523,
            "dE": 0.16118135485625928,
            "grad_norm": 0.014805984450788214,
            "grad_target": 1.4805984450788214e-05,
            "grad_norm_post": NaN,
            "alpha": -0.30598138275530495,
            "ksp_its": 8,
            "ls_evals": 19,
            "ls_repaired": false,
            "used_gradient_fallback": false,
            "accepted_step": true,
            "step_norm": 18.869196871995577,
            "step_rel": 0.5896624022498618,
            "pred_reduction": NaN,
            "actual_reduction": NaN,
            "trust_rejects": 0,
            "t_grad": 0.00030374201014637947,
            "t_hess": 0.011439032037742436,
            "t_ls": 0.002264335984364152,
            "t_update": 7.981958333402872e-06,
            "t_iter": 0.014037095999810845,
            "trust_radius": 1.0,
            "trust_ratio": NaN,
            "trust_qp": NaN
          },
          {
            "it": 2,
            "energy": 0.5031776826030958,
            "dE": 0.0011107168062565176,
            "grad_norm": 0.014312044324845945,
            "grad_target": 1.4805984450788214e-05,
            "grad_norm_post": NaN,
            "alpha": -0.2523331164452792,
            "ksp_its": 5,
            "ls_evals": 19,
            "ls_repaired": false,
            "used_gradient_fallback": false,
            "accepted_step": true,
            "step_norm": 5.9276017940024825,
            "step_rel": 0.1314984334443819,
            "pred_reduction": NaN,
            "actual_reduction": NaN,
            "trust_rejects": 0,
            "t_grad": 0.00021467701299116015,
            "t_hess": 0.008939428022131324,
            "t_ls": 0.0021547089563682675,
            "t_update": 8.021946996450424e-06,
            "t_iter": 0.011333972972352058,
            "trust_radius": 1.0,
            "trust_ratio": NaN,
            "trust_qp": NaN
          },
          {
            "it": 3,
            "energy": 0.468743443197542,
            "dE": 0.03443423940555379,
            "grad_norm": 0.017845981839959224,
            "grad_target": 1.4805984450788214e-05,
            "grad_norm_post": NaN,
            "alpha": -0.17512529174611202,
            "ksp_its": 6,
            "ls_evals": 19,
            "ls_repaired": false,
            "used_gradient_fallback": false,
            "accepted_step": true,
            "step_norm": 10.07676138204165,
            "step_rel": 0.2263045462013625,
            "pred_reduction": NaN,
            "actual_reduction": NaN,
            "trust_rejects": 0,
            "t_grad": 0.00020413001766428351,
            "t_hess": 0.009548484988044947,
            "t_ls": 0.0021513039828278124,
            "t_update": 7.882015779614449e-06,
            "t_iter": 0.011928275984246284,
            "trust_radius": 1.0,
            "trust_ratio": NaN,
            "trust_qp": NaN
          },
          {
            "it": 4,
            "energy": 0.3852971936086039,
            "dE": 0.08344624958893809,
            "grad_norm": 0.02036001234967818,
            "grad_target": 1.4805984450788214e-05,
            "grad_norm_post": NaN,
            "alpha": 0.2672602930083475,
            "ksp_its": 2,
            "ls_evals": 19,
            "ls_repaired": false,
            "used_gradient_fallback": false,
            "accepted_step": true,
            "step_norm": 10.429229703585106,
            "step_rel": 0.22158660149266216,
            "pred_reduction": NaN,
            "actual_reduction": NaN,
            "trust_rejects": 0,
            "t_grad": 0.00022587401326745749,
            "t_hess": 0.007372902997303754,
            "t_ls": 0.0021370930480770767,
            "t_update": 7.71199120208621e-06,
            "t_iter": 0.009765253984369338,
            "trust_radius": 1.0,
            "trust_ratio": NaN,
            "trust_qp": NaN
          },
          {
            "it": 5,
            "energy": 0.3474496270779096,
            "dE": 0.03784756653069432,
            "grad_norm": 0.01467120384485832,
            "grad_target": 1.4805984450788214e-05,
            "grad_norm_post": NaN,
            "alpha": 0.90541470489507,
            "ksp_its": 2,
            "ls_evals": 19,
            "ls_repaired": false,
            "used_gradient_fallback": false,
            "accepted_step": true,
            "step_norm": 6.132699811083719,
            "step_rel": 0.1158224363236389,
            "pred_reduction": NaN,
            "actual_reduction": NaN,
            "trust_rejects": 0,
            "t_grad": 0.0002030489849857986,
            "t_hess": 0.007003962004091591,
            "t_ls": 0.002167799975723028,
            "t_update": 8.051982149481773e-06,
            "t_iter": 0.009398956957738847,
            "trust_radius": 1.0,
            "trust_ratio": NaN,
            "trust_qp": NaN
          },
          {
            "it": 6,
            "energy": 0.3462329442813208,
            "dE": 0.0012166827965888194,
            "grad_norm": 0.0024178367376811146,
            "grad_target": 1.4805984450788214e-05,
            "grad_norm_post": NaN,
            "alpha": 1.050233460666042,
            "ksp_its": 2,
            "ls_evals": 19,
            "ls_repaired": false,
            "used_gradient_fallback": false,
            "accepted_step": true,
            "step_norm": 1.1358247569697864,
            "step_rel": 0.020408241731179,
            "pred_reduction": NaN,
            "actual_reduction": NaN,
            "trust_rejects": 0,
            "t_grad": 0.0002018379746004939,
            "t_hess": 0.006785058008972555,
            "t_ls": 0.0021469679777510464,
            "t_update": 7.761991582810879e-06,
            "t_iter": 0.009158419969026,
            "trust_radius": 1.0,
            "trust_ratio": NaN,
            "trust_qp": NaN
          },
          {
            "it": 7,
            "energy": 0.34623236512797767,
            "dE": 5.791533431165341e-07,
            "grad_norm": 5.71854268571884e-05,
            "grad_target": 1.4805984450788214e-05,
            "grad_norm_post": 7.722912577971541e-08,
            "alpha": 1.0011162328941345,
            "ksp_its": 2,
            "ls_evals": 19,
            "ls_repaired": false,
            "used_gradient_fallback": false,
            "accepted_step": true,
            "step_norm": 0.02545017629247242,
            "step_rel": 0.00046440379245375366,
            "pred_reduction": NaN,
            "actual_reduction": NaN,
            "trust_rejects": 0,
            "t_grad": 0.00019899301696568727,
            "t_hess": 0.006965031963773072,
            "t_ls": 0.0021230409620329738,
            "t_update": 8.502975106239319e-06,
            "t_iter": 0.009310872002970427,
            "trust_radius": 1.0,
            "trust_ratio": NaN,
            "trust_qp": NaN
          }
        ],
        "linear_timing": [
          {
            "assemble_total_time": 0.0007370520033873618,
            "setop_time": 1.6620033420622349e-06,
            "set_tolerances_time": 1.502980012446642e-06,
            "pc_setup_time": 0.005480943014845252,
            "solve_time": 0.005155607010237873,
            "linear_total_time": 0.011376767011824995,
            "ksp_its": 8
          },
          {
            "assemble_total_time": 0.0004836859880015254,
            "setop_time": 6.309710443019867e-07,
            "set_tolerances_time": 1.001986674964428e-06,
            "pc_setup_time": 0.0049763149581849575,
            "solve_time": 0.0034235610510222614,
            "linear_total_time": 0.00888519495492801,
            "ksp_its": 5
          },
          {
            "assemble_total_time": 0.00048426701687276363,
            "setop_time": 4.3999170884490013e-07,
            "set_tolerances_time": 7.220078259706497e-07,
            "pc_setup_time": 0.005096497014164925,
            "solve_time": 0.003914818982593715,
            "linear_total_time": 0.009496745013166219,
            "ksp_its": 6
          },
          {
            "assemble_total_time": 0.0004823339986614883,
            "setop_time": 4.6100467443466187e-07,
            "set_tolerances_time": 6.909831427037716e-07,
            "pc_setup_time": 0.005071108986157924,
            "solve_time": 0.0017594380187802017,
            "linear_total_time": 0.007314032991416752,
            "ksp_its": 2
          },
          {
            "assemble_total_time": 0.0004771769745275378,
            "setop_time": 4.809699021279812e-07,
            "set_tolerances_time": 7.00994860380888e-07,
            "pc_setup_time": 0.00485947699053213,
            "solve_time": 0.0016135559999383986,
            "linear_total_time": 0.006951391929760575,
            "ksp_its": 2
          },
          {
            "assemble_total_time": 0.0004760450101457536,
            "setop_time": 4.6100467443466187e-07,
            "set_tolerances_time": 6.909831427037716e-07,
            "pc_setup_time": 0.004606090951710939,
            "solve_time": 0.0016489900299347937,
            "linear_total_time": 0.006732277979608625,
            "ksp_its": 2
          },
          {
            "assemble_total_time": 0.0004769560182467103,
            "setop_time": 4.6996865421533585e-07,
            "set_tolerances_time": 6.809714250266552e-07,
            "pc_setup_time": 0.004803821968380362,
            "solve_time": 0.0016316529945470393,
            "linear_total_time": 0.006913581921253353,
            "ksp_its": 2
          }
        ]
      }
    ],
    "metadata": {
      "nprocs": 4,
      "linear_solver": {
        "ksp_type": "gmres",
        "pc_type": "hypre",
        "ksp_rtol": 0.001,
        "ksp_max_it": 200,
        "pc_setup_on_ksp_cap": false,
        "gamg_threshold": 0.05,
        "gamg_agg_nsmooths": 1,
        "gamg_set_coordinates": true,
        "assembly_mode": "fenics",
        "assembler": "FEniCSFormAssembly",
        "distribution_strategy": "dolfinx_mesh_partition",
        "trust_subproblem_solver": "direct_linear_solve",
        "trust_subproblem_line_search": false
      },
      "newton": {
        "tolf": 1e-06,
        "tolg": 1e-05,
        "tolg_rel": 0.001,
        "tolx_rel": 0.001,
        "tolx_abs": 1e-10,
        "maxit": 100,
        "require_all_convergence": true,
        "fail_on_nonfinite": true,
        "linesearch_interval": [
          -0.5,
          2.0
        ],
        "linesearch_tol": 0.001,
        "trust_region": false,
        "trust_radius_init": 1.0,
        "trust_radius_min": 1e-08,
        "trust_radius_max": 1000000.0,
        "trust_subproblem_line_search": false,
        "step_time_limit_s": null
      }
    }
  }
}
