{
  "case": {
    "problem": "gl",
    "backend": "fenics",
    "level": 5,
    "out": "/home/michal/repos/fenics_nonlinear_energies/experiment_results_cache/gl_final_suite/fenics_custom_l5_np32.json",
    "quiet": true,
    "save_history": true,
    "save_linear_timing": true,
    "steps": 1,
    "start_step": 1,
    "total_steps": 24,
    "ksp_type": "gmres",
    "pc_type": "hypre",
    "ksp_rtol": 0.001,
    "ksp_max_it": 200,
    "profile": "reference",
    "coloring_trials": 10,
    "nproc_threads": 1,
    "hvp_eval_mode": "sequential",
    "element_reorder_mode": null,
    "local_hessian_mode": null,
    "tolf": 1e-06,
    "tolg": 1e-05,
    "tolg_rel": 0.001,
    "tolx_rel": 0.001,
    "tolx_abs": 1e-10,
    "maxit": 100,
    "step_time_limit_s": null,
    "linesearch_a": -0.5,
    "linesearch_b": 2.0,
    "linesearch_tol": 0.001,
    "use_trust_region": false,
    "trust_radius_init": 1.0,
    "trust_radius_min": 1e-08,
    "trust_radius_max": 1000000.0,
    "trust_shrink": 0.5,
    "trust_expand": 1.5,
    "trust_eta_shrink": 0.05,
    "trust_eta_expand": 0.75,
    "trust_max_reject": 6,
    "trust_subproblem_line_search": false,
    "local_coloring": true,
    "retry_on_failure": false,
    "pc_setup_on_ksp_cap": false,
    "use_near_nullspace": true,
    "reorder": null,
    "gamg_threshold": 0.05,
    "gamg_agg_nsmooths": 1,
    "gamg_set_coordinates": true
  },
  "result": {
    "mesh_level": 5,
    "total_dofs": 4225,
    "free_dofs": 4225,
    "setup_time": 0.035455,
    "solve_time_total": 0.317356,
    "total_time": 0.35288,
    "steps": [
      {
        "step": 1,
        "time": 0.317356,
        "nit": 10,
        "linear_iters": 38,
        "energy": 0.34623236512674443,
        "message": "Converged (energy, step, gradient)",
        "attempt": "primary",
        "ksp_rtol_used": 0.001,
        "ksp_max_it_used": 200,
        "linesearch_interval_used": [
          -0.5,
          2.0
        ],
        "history": [
          {
            "it": 1,
            "energy": 0.5663433932518755,
            "dE": 0.09912636101373573,
            "grad_norm": 0.014805984450788215,
            "grad_target": 1.4805984450788215e-05,
            "grad_norm_post": NaN,
            "alpha": -0.2591296742525623,
            "ksp_its": 10,
            "ls_evals": 19,
            "ls_repaired": false,
            "used_gradient_fallback": false,
            "accepted_step": true,
            "step_norm": 16.01074421721553,
            "step_rel": 0.5003357567879854,
            "pred_reduction": NaN,
            "actual_reduction": NaN,
            "trust_rejects": 0,
            "t_grad": 0.0003367320168763399,
            "t_hess": 0.037632949999533594,
            "t_ls": 0.0022481480264104903,
            "t_update": 1.714599784463644e-05,
            "t_iter": 0.040286385046783835,
            "trust_radius": 1.0,
            "trust_ratio": NaN,
            "trust_qp": NaN
          },
          {
            "it": 2,
            "energy": 0.5114536420074001,
            "dE": 0.05488975124447548,
            "grad_norm": 0.016339653603941687,
            "grad_target": 1.4805984450788215e-05,
            "grad_norm_post": NaN,
            "alpha": 0.344735525983055,
            "ksp_its": 5,
            "ls_evals": 19,
            "ls_repaired": false,
            "used_gradient_fallback": false,
            "accepted_step": true,
            "step_norm": 13.129882545124964,
            "step_rel": 0.3290452588445868,
            "pred_reduction": NaN,
            "actual_reduction": NaN,
            "trust_rejects": 0,
            "t_grad": 0.0001896979520097375,
            "t_hess": 0.03050147701287642,
            "t_ls": 0.0026347870007157326,
            "t_update": 1.832697307690978e-05,
            "t_iter": 0.03338421997614205,
            "trust_radius": 1.0,
            "trust_ratio": NaN,
            "trust_qp": NaN
          },
          {
            "it": 3,
            "energy": 0.4324179968816017,
            "dE": 0.07903564512579836,
            "grad_norm": 0.007957099341558065,
            "grad_target": 1.4805984450788215e-05,
            "grad_norm_post": NaN,
            "alpha": -0.4925859919396548,
            "ksp_its": 2,
            "ls_evals": 19,
            "ls_repaired": false,
            "used_gradient_fallback": false,
            "accepted_step": true,
            "step_norm": 17.502962748745013,
            "step_rel": 0.37379814255903265,
            "pred_reduction": NaN,
            "actual_reduction": NaN,
            "trust_rejects": 0,
            "t_grad": 0.0001821870100684464,
            "t_hess": 0.02334893197985366,
            "t_ls": 0.0023368330439552665,
            "t_update": 1.681596040725708e-05,
            "t_iter": 0.025908623007126153,
            "trust_radius": 1.0,
            "trust_ratio": NaN,
            "trust_qp": NaN
          },
          {
            "it": 4,
            "energy": 0.40171303428047916,
            "dE": 0.030704962601122543,
            "grad_norm": 0.013571900882951312,
            "grad_target": 1.4805984450788215e-05,
            "grad_norm_post": NaN,
            "alpha": 0.04140275795515891,
            "ksp_its": 6,
            "ls_evals": 19,
            "ls_repaired": false,
            "used_gradient_fallback": false,
            "accepted_step": true,
            "step_norm": 9.62843216796259,
            "step_rel": 0.1882122593770795,
            "pred_reduction": NaN,
            "actual_reduction": NaN,
            "trust_rejects": 0,
            "t_grad": 0.0002638010191731155,
            "t_hess": 0.03184491000138223,
            "t_ls": 0.002708178013563156,
            "t_update": 1.672597136348486e-05,
            "t_iter": 0.03486219700425863,
            "trust_radius": 1.0,
            "trust_ratio": NaN,
            "trust_qp": NaN
          },
          {
            "it": 5,
            "energy": 0.3994275849264263,
            "dE": 0.0022854493540528376,
            "grad_norm": 0.013126588241902697,
            "grad_target": 1.4805984450788215e-05,
            "grad_norm_post": NaN,
            "alpha": 0.17479177650898647,
            "ksp_its": 3,
            "ls_evals": 19,
            "ls_repaired": false,
            "used_gradient_fallback": false,
            "accepted_step": true,
            "step_norm": 4.749563095721338,
            "step_rel": 0.0901955349995146,
            "pred_reduction": NaN,
            "actual_reduction": NaN,
            "trust_rejects": 0,
            "t_grad": 0.0002746779937297106,
            "t_hess": 0.02503252198221162,
            "t_ls": 0.002111630979925394,
            "t_update": 1.707597402855754e-05,
            "t_iter": 0.027463097008876503,
            "trust_radius": 1.0,
            "trust_ratio": NaN,
            "trust_qp": NaN
          },
          {
            "it": 6,
            "energy": 0.37913691649757053,
            "dE": 0.020290668428855796,
            "grad_norm": 0.010901617910943176,
            "grad_target": 1.4805984450788215e-05,
            "grad_norm_post": NaN,
            "alpha": 0.09305291327163057,
            "ksp_its": 3,
            "ls_evals": 19,
            "ls_repaired": false,
            "used_gradient_fallback": false,
            "accepted_step": true,
            "step_norm": 8.46496725788489,
            "step_rel": 0.15986125873496412,
            "pred_reduction": NaN,
            "actual_reduction": NaN,
            "trust_rejects": 0,
            "t_grad": 0.00016836600843816996,
            "t_hess": 0.025278265005908906,
            "t_ls": 0.002575436024926603,
            "t_update": 1.6676029190421104e-05,
            "t_iter": 0.028081317024771124,
            "trust_radius": 1.0,
            "trust_ratio": NaN,
            "trust_qp": NaN
          },
          {
            "it": 7,
            "energy": 0.3536561680737582,
            "dE": 0.025480748423812316,
            "grad_norm": 0.011680782320658206,
            "grad_target": 1.4805984450788215e-05,
            "grad_norm_post": NaN,
            "alpha": 0.38878689866562277,
            "ksp_its": 3,
            "ls_evals": 19,
            "ls_repaired": false,
            "used_gradient_fallback": false,
            "accepted_step": true,
            "step_norm": 6.968954739419712,
            "step_rel": 0.1289919233398199,
            "pred_reduction": NaN,
            "actual_reduction": NaN,
            "trust_rejects": 0,
            "t_grad": 0.00023656000848859549,
            "t_hess": 0.024162229034118354,
            "t_ls": 0.0024946630001068115,
            "t_update": 1.6925972886383533e-05,
            "t_iter": 0.026934943976812065,
            "trust_radius": 1.0,
            "trust_ratio": NaN,
            "trust_qp": NaN
          },
          {
            "it": 8,
            "energy": 0.34631561796800536,
            "dE": 0.007340550105752852,
            "grad_norm": 0.00668692074446403,
            "grad_target": 1.4805984450788215e-05,
            "grad_norm_post": NaN,
            "alpha": 1.034705360590323,
            "ksp_its": 2,
            "ls_evals": 19,
            "ls_repaired": false,
            "used_gradient_fallback": false,
            "accepted_step": true,
            "step_norm": 2.5855414074464473,
            "step_rel": 0.04703694786645505,
            "pred_reduction": NaN,
            "actual_reduction": NaN,
            "trust_rejects": 0,
            "t_grad": 0.0002686590305529535,
            "t_hess": 0.022004137048497796,
            "t_ls": 0.0023342989734373987,
            "t_update": 3.222899977117777e-05,
            "t_iter": 0.024667357036378235,
            "trust_radius": 1.0,
            "trust_ratio": NaN,
            "trust_qp": NaN
          },
          {
            "it": 9,
            "energy": 0.34623237203072715,
            "dE": 8.324593727820906e-05,
            "grad_norm": 0.0005610644732583544,
            "grad_target": 1.4805984450788215e-05,
            "grad_norm_post": NaN,
            "alpha": 1.0232756233732176,
            "ksp_its": 2,
            "ls_evals": 19,
            "ls_repaired": false,
            "used_gradient_fallback": false,
            "accepted_step": true,
            "step_norm": 0.3344428995936856,
            "step_rel": 0.006083889787450198,
            "pred_reduction": NaN,
            "actual_reduction": NaN,
            "trust_rejects": 0,
            "t_grad": 0.00016921700444072485,
            "t_hess": 0.024405858013778925,
            "t_ls": 0.0027609779499471188,
            "t_update": 1.9920000340789557e-05,
            "t_iter": 0.02740399702452123,
            "trust_radius": 1.0,
            "trust_ratio": NaN,
            "trust_qp": NaN
          },
          {
            "it": 10,
            "energy": 0.34623236512674443,
            "dE": 6.903982718853285e-09,
            "grad_norm": 5.728800269564676e-06,
            "grad_target": 1.4805984450788215e-05,
            "grad_norm_post": 2.44258274957972e-09,
            "alpha": 0.9999834732596391,
            "ksp_its": 2,
            "ls_evals": 19,
            "ls_repaired": false,
            "used_gradient_fallback": false,
            "accepted_step": true,
            "step_norm": 0.002829300423557089,
            "step_rel": 5.1621500456393373e-05,
            "pred_reduction": NaN,
            "actual_reduction": NaN,
            "trust_rejects": 0,
            "t_grad": 0.0002649929956533015,
            "t_hess": 0.02748759399401024,
            "t_ls": 0.002778044028673321,
            "t_update": 2.5799032300710678e-05,
            "t_iter": 0.030597531993407756,
            "trust_radius": 1.0,
            "trust_ratio": NaN,
            "trust_qp": NaN
          }
        ],
        "linear_timing": [
          {
            "assemble_total_time": 0.000793607032392174,
            "setop_time": 1.7529819160699844e-06,
            "set_tolerances_time": 1.8830178305506706e-06,
            "pc_setup_time": 0.016050455044023693,
            "solve_time": 0.02059493400156498,
            "linear_total_time": 0.03744263207772747,
            "ksp_its": 10
          },
          {
            "assemble_total_time": 0.00026044598780572414,
            "setop_time": 1.0020448826253414e-06,
            "set_tolerances_time": 1.5720142982900143e-06,
            "pc_setup_time": 0.017330180970020592,
            "solve_time": 0.012749655987136066,
            "linear_total_time": 0.030342857004143298,
            "ksp_its": 5
          },
          {
            "assemble_total_time": 0.00025301502319052815,
            "setop_time": 6.610061973333359e-07,
            "set_tolerances_time": 1.0519870556890965e-06,
            "pc_setup_time": 0.01771600602660328,
            "solve_time": 0.005263983970507979,
            "linear_total_time": 0.02323471801355481,
            "ksp_its": 2
          },
          {
            "assemble_total_time": 0.00035137496888637543,
            "setop_time": 5.210167728364468e-07,
            "set_tolerances_time": 8.110073395073414e-07,
            "pc_setup_time": 0.01766267605125904,
            "solve_time": 0.013683244993444532,
            "linear_total_time": 0.03169862803770229,
            "ksp_its": 6
          },
          {
            "assemble_total_time": 0.0003611290012486279,
            "setop_time": 5.909823812544346e-07,
            "set_tolerances_time": 7.820199243724346e-07,
            "pc_setup_time": 0.01671804895158857,
            "solve_time": 0.007796713965944946,
            "linear_total_time": 0.02487726492108777,
            "ksp_its": 3
          },
          {
            "assemble_total_time": 0.00023512798361480236,
            "setop_time": 5.310284905135632e-07,
            "set_tolerances_time": 7.110065780580044e-07,
            "pc_setup_time": 0.01634666498284787,
            "solve_time": 0.008556379994843155,
            "linear_total_time": 0.0251394149963744,
            "ksp_its": 3
          },
          {
            "assemble_total_time": 0.00023749098181724548,
            "setop_time": 5.410402081906796e-07,
            "set_tolerances_time": 6.610061973333359e-07,
            "pc_setup_time": 0.016652048972900957,
            "solve_time": 0.007155489991419017,
            "linear_total_time": 0.024046231992542744,
            "ksp_its": 3
          },
          {
            "assemble_total_time": 0.000360989011824131,
            "setop_time": 5.610054358839989e-07,
            "set_tolerances_time": 7.210182957351208e-07,
            "pc_setup_time": 0.015514048980548978,
            "solve_time": 0.005949385988060385,
            "linear_total_time": 0.021825706004165113,
            "ksp_its": 2
          },
          {
            "assemble_total_time": 0.00023598800180479884,
            "setop_time": 5.200272426009178e-07,
            "set_tolerances_time": 7.820199243724346e-07,
            "pc_setup_time": 0.01705529203172773,
            "solve_time": 0.006965701002627611,
            "linear_total_time": 0.024258283083327115,
            "ksp_its": 2
          },
          {
            "assemble_total_time": 0.00037522095954045653,
            "setop_time": 5.00993337482214e-07,
            "set_tolerances_time": 8.410424925386906e-07,
            "pc_setup_time": 0.01994170097168535,
            "solve_time": 0.006979152036365122,
            "linear_total_time": 0.02729741600342095,
            "ksp_its": 2
          }
        ]
      }
    ],
    "metadata": {
      "nprocs": 32,
      "linear_solver": {
        "ksp_type": "gmres",
        "pc_type": "hypre",
        "ksp_rtol": 0.001,
        "ksp_max_it": 200,
        "pc_setup_on_ksp_cap": false,
        "gamg_threshold": 0.05,
        "gamg_agg_nsmooths": 1,
        "gamg_set_coordinates": true,
        "assembly_mode": "fenics",
        "assembler": "FEniCSFormAssembly",
        "distribution_strategy": "dolfinx_mesh_partition",
        "trust_subproblem_solver": "direct_linear_solve",
        "trust_subproblem_line_search": false
      },
      "newton": {
        "tolf": 1e-06,
        "tolg": 1e-05,
        "tolg_rel": 0.001,
        "tolx_rel": 0.001,
        "tolx_abs": 1e-10,
        "maxit": 100,
        "require_all_convergence": true,
        "fail_on_nonfinite": true,
        "linesearch_interval": [
          -0.5,
          2.0
        ],
        "linesearch_tol": 0.001,
        "trust_region": false,
        "trust_radius_init": 1.0,
        "trust_radius_min": 1e-08,
        "trust_radius_max": 1000000.0,
        "trust_subproblem_line_search": false,
        "step_time_limit_s": null
      }
    }
  }
}
