{
  "case": {
    "problem": "gl",
    "backend": "fenics",
    "level": 7,
    "out": "/home/michal/repos/fenics_nonlinear_energies/experiment_results_cache/gl_final_suite/fenics_custom_l7_np4.json",
    "quiet": true,
    "save_history": true,
    "save_linear_timing": true,
    "steps": 1,
    "start_step": 1,
    "total_steps": 24,
    "ksp_type": "gmres",
    "pc_type": "hypre",
    "ksp_rtol": 0.001,
    "ksp_max_it": 200,
    "profile": "reference",
    "coloring_trials": 10,
    "nproc_threads": 1,
    "hvp_eval_mode": "sequential",
    "element_reorder_mode": null,
    "local_hessian_mode": null,
    "tolf": 1e-06,
    "tolg": 1e-05,
    "tolg_rel": 0.001,
    "tolx_rel": 0.001,
    "tolx_abs": 1e-10,
    "maxit": 100,
    "step_time_limit_s": null,
    "linesearch_a": -0.5,
    "linesearch_b": 2.0,
    "linesearch_tol": 0.001,
    "use_trust_region": false,
    "trust_radius_init": 1.0,
    "trust_radius_min": 1e-08,
    "trust_radius_max": 1000000.0,
    "trust_shrink": 0.5,
    "trust_expand": 1.5,
    "trust_eta_shrink": 0.05,
    "trust_eta_expand": 0.75,
    "trust_max_reject": 6,
    "trust_subproblem_line_search": false,
    "local_coloring": true,
    "retry_on_failure": false,
    "pc_setup_on_ksp_cap": false,
    "use_near_nullspace": true,
    "reorder": null,
    "gamg_threshold": 0.05,
    "gamg_agg_nsmooths": 1,
    "gamg_set_coordinates": true
  },
  "result": {
    "mesh_level": 7,
    "total_dofs": 66049,
    "free_dofs": 65735,
    "setup_time": 0.190862,
    "solve_time_total": 0.504599,
    "total_time": 0.69556,
    "steps": [
      {
        "step": 1,
        "time": 0.504599,
        "nit": 8,
        "linear_iters": 34,
        "energy": 0.34566226111288245,
        "message": "Converged (energy, step, gradient)",
        "attempt": "primary",
        "ksp_rtol_used": 0.001,
        "ksp_max_it_used": 200,
        "linesearch_interval_used": [
          -0.5,
          2.0
        ],
        "history": [
          {
            "it": 1,
            "energy": 0.5437172470643404,
            "dE": 0.1215924354023925,
            "grad_norm": 0.00370460376965253,
            "grad_target": 1e-05,
            "grad_norm_post": NaN,
            "alpha": -0.286787595500389,
            "ksp_its": 9,
            "ls_evals": 19,
            "ls_repaired": false,
            "used_gradient_fallback": false,
            "accepted_step": true,
            "step_norm": 68.0704395879016,
            "step_rel": 0.5318003092804813,
            "pred_reduction": NaN,
            "actual_reduction": NaN,
            "trust_rejects": 0,
            "t_grad": 0.002055015997029841,
            "t_hess": 0.053029201983008534,
            "t_ls": 0.022447729017585516,
            "t_update": 1.4421995729207993e-05,
            "t_iter": 0.07760224398225546,
            "trust_radius": 1.0,
            "trust_ratio": NaN,
            "trust_qp": NaN
          },
          {
            "it": 2,
            "energy": 0.5109624873377372,
            "dE": 0.032754759726603244,
            "grad_norm": 0.003944684348088658,
            "grad_target": 1e-05,
            "grad_norm_post": NaN,
            "alpha": 0.3506667324313312,
            "ksp_its": 6,
            "ls_evals": 19,
            "ls_repaired": false,
            "used_gradient_fallback": false,
            "accepted_step": true,
            "step_norm": 45.97249910308747,
            "step_rel": 0.27588260422128297,
            "pred_reduction": NaN,
            "actual_reduction": NaN,
            "trust_rejects": 0,
            "t_grad": 0.0020611759973689914,
            "t_hess": 0.040976405958645046,
            "t_ls": 0.022247846005484462,
            "t_update": 1.589400926604867e-05,
            "t_iter": 0.06535266898572445,
            "trust_radius": 1.0,
            "trust_ratio": NaN,
            "trust_qp": NaN
          },
          {
            "it": 3,
            "energy": 0.44467712836419093,
            "dE": 0.06628535897354626,
            "grad_norm": 0.002287896275333152,
            "grad_target": 1e-05,
            "grad_norm_post": NaN,
            "alpha": -0.3687938670132852,
            "ksp_its": 6,
            "ls_evals": 19,
            "ls_repaired": false,
            "used_gradient_fallback": false,
            "accepted_step": true,
            "step_norm": 67.43100691535254,
            "step_rel": 0.3611390844086494,
            "pred_reduction": NaN,
            "actual_reduction": NaN,
            "trust_rejects": 0,
            "t_grad": 0.0018410920165479183,
            "t_hess": 0.039569581975229084,
            "t_ls": 0.02235942496918142,
            "t_update": 1.6975041944533587e-05,
            "t_iter": 0.0638309420319274,
            "trust_radius": 1.0,
            "trust_ratio": NaN,
            "trust_qp": NaN
          },
          {
            "it": 4,
            "energy": 0.38008666498941246,
            "dE": 0.06459046337477847,
            "grad_norm": 0.003621268133599983,
            "grad_target": 1e-05,
            "grad_norm_post": NaN,
            "alpha": 0.1939855637639024,
            "ksp_its": 4,
            "ls_evals": 19,
            "ls_repaired": false,
            "used_gradient_fallback": false,
            "accepted_step": true,
            "step_norm": 50.59000629086001,
            "step_rel": 0.2523998471629872,
            "pred_reduction": NaN,
            "actual_reduction": NaN,
            "trust_rejects": 0,
            "t_grad": 0.0018057480338029563,
            "t_hess": 0.035013432963751256,
            "t_ls": 0.022254266019444913,
            "t_update": 1.566304126754403e-05,
            "t_iter": 0.05913883697940037,
            "trust_radius": 1.0,
            "trust_ratio": NaN,
            "trust_qp": NaN
          },
          {
            "it": 5,
            "energy": 0.34979256607839776,
            "dE": 0.0302940989110147,
            "grad_norm": 0.003115066452174983,
            "grad_target": 1e-05,
            "grad_norm_post": NaN,
            "alpha": 0.6493663210494615,
            "ksp_its": 3,
            "ls_evals": 19,
            "ls_repaired": false,
            "used_gradient_fallback": false,
            "accepted_step": true,
            "step_norm": 25.312614282494888,
            "step_rel": 0.11892437086966597,
            "pred_reduction": NaN,
            "actual_reduction": NaN,
            "trust_rejects": 0,
            "t_grad": 0.0018281019874848425,
            "t_hess": 0.03261801099870354,
            "t_ls": 0.022333905973937362,
            "t_update": 1.7125974409282207e-05,
            "t_iter": 0.05684203398413956,
            "trust_radius": 1.0,
            "trust_ratio": NaN,
            "trust_qp": NaN
          },
          {
            "it": 6,
            "energy": 0.345682868940425,
            "dE": 0.004109697137972768,
            "grad_norm": 0.0011435426929733588,
            "grad_target": 1e-05,
            "grad_norm_post": NaN,
            "alpha": 1.0698599236003747,
            "ksp_its": 2,
            "ls_evals": 19,
            "ls_repaired": false,
            "used_gradient_fallback": false,
            "accepted_step": true,
            "step_norm": 8.080191356516279,
            "step_rel": 0.036708036133332775,
            "pred_reduction": NaN,
            "actual_reduction": NaN,
            "trust_rejects": 0,
            "t_grad": 0.0018073610262945294,
            "t_hess": 0.030647233012132347,
            "t_ls": 0.02252840099390596,
            "t_update": 1.6945996321737766e-05,
            "t_iter": 0.05504321597982198,
            "trust_radius": 1.0,
            "trust_ratio": NaN,
            "trust_qp": NaN
          },
          {
            "it": 7,
            "energy": 0.3456622620804243,
            "dE": 2.0606860000715876e-05,
            "grad_norm": 7.20705937063704e-05,
            "grad_target": 1e-05,
            "grad_norm_post": NaN,
            "alpha": 1.009312958611362,
            "ksp_its": 2,
            "ls_evals": 19,
            "ls_repaired": false,
            "used_gradient_fallback": false,
            "accepted_step": true,
            "step_norm": 0.6297588160277564,
            "step_rel": 0.0028687215162062104,
            "pred_reduction": NaN,
            "actual_reduction": NaN,
            "trust_rejects": 0,
            "t_grad": 0.0018019519629888237,
            "t_hess": 0.030126544006634504,
            "t_ls": 0.02283062902279198,
            "t_update": 2.636999124661088e-05,
            "t_iter": 0.05482220102567226,
            "trust_radius": 1.0,
            "trust_ratio": NaN,
            "trust_qp": NaN
          },
          {
            "it": 8,
            "energy": 0.34566226111288245,
            "dE": 9.675418244370348e-10,
            "grad_norm": 5.184762187775973e-07,
            "grad_target": 1e-05,
            "grad_norm_post": 1.130246671789678e-09,
            "alpha": 0.9988507136251437,
            "ksp_its": 2,
            "ls_evals": 19,
            "ls_repaired": false,
            "used_gradient_fallback": false,
            "accepted_step": true,
            "step_norm": 0.004321923430883647,
            "step_rel": 1.9719909680307812e-05,
            "pred_reduction": NaN,
            "actual_reduction": NaN,
            "trust_rejects": 0,
            "t_grad": 0.0018748529837466776,
            "t_hess": 0.031148674024734646,
            "t_ls": 0.022611827997025102,
            "t_update": 1.635501394048333e-05,
            "t_iter": 0.05569555499823764,
            "trust_radius": 1.0,
            "trust_ratio": NaN,
            "trust_qp": NaN
          }
        ],
        "linear_timing": [
          {
            "assemble_total_time": 0.0077002859907224774,
            "setop_time": 1.933018211275339e-06,
            "set_tolerances_time": 1.5719560906291008e-06,
            "pc_setup_time": 0.019994137983303517,
            "solve_time": 0.025214635010343045,
            "linear_total_time": 0.052912563958670944,
            "ksp_its": 9
          },
          {
            "assemble_total_time": 0.007799997983966023,
            "setop_time": 1.5230034478008747e-06,
            "set_tolerances_time": 1.6720150597393513e-06,
            "pc_setup_time": 0.016351816011592746,
            "solve_time": 0.01672538201091811,
            "linear_total_time": 0.04088039102498442,
            "ksp_its": 6
          },
          {
            "assemble_total_time": 0.0070257330080494285,
            "setop_time": 1.2210221029818058e-06,
            "set_tolerances_time": 1.5620025806128979e-06,
            "pc_setup_time": 0.015817234991118312,
            "solve_time": 0.016633954015560448,
            "linear_total_time": 0.03947970503941178,
            "ksp_its": 6
          },
          {
            "assemble_total_time": 0.007029088970739394,
            "setop_time": 1.001986674964428e-06,
            "set_tolerances_time": 1.2420350685715675e-06,
            "pc_setup_time": 0.016043207957409322,
            "solve_time": 0.011844179010950029,
            "linear_total_time": 0.03491871996084228,
            "ksp_its": 4
          },
          {
            "assemble_total_time": 0.006960093975067139,
            "setop_time": 1.192034687846899e-06,
            "set_tolerances_time": 1.2220116332173347e-06,
            "pc_setup_time": 0.01611241203499958,
            "solve_time": 0.00945271400269121,
            "linear_total_time": 0.03252763405907899,
            "ksp_its": 3
          },
          {
            "assemble_total_time": 0.007140307978261262,
            "setop_time": 1.0110088624060154e-06,
            "set_tolerances_time": 1.3220123946666718e-06,
            "pc_setup_time": 0.016241898003499955,
            "solve_time": 0.007173718011472374,
            "linear_total_time": 0.030558257014490664,
            "ksp_its": 2
          },
          {
            "assemble_total_time": 0.0070044309832155704,
            "setop_time": 1.192034687846899e-06,
            "set_tolerances_time": 1.3819662854075432e-06,
            "pc_setup_time": 0.015980213007424027,
            "solve_time": 0.0070503909955732524,
            "linear_total_time": 0.030037608987186104,
            "ksp_its": 2
          },
          {
            "assemble_total_time": 0.007174930011387914,
            "setop_time": 1.2119999155402184e-06,
            "set_tolerances_time": 1.1519878171384335e-06,
            "pc_setup_time": 0.016650358971673995,
            "solve_time": 0.007230554008856416,
            "linear_total_time": 0.031058206979651004,
            "ksp_its": 2
          }
        ]
      }
    ],
    "metadata": {
      "nprocs": 4,
      "linear_solver": {
        "ksp_type": "gmres",
        "pc_type": "hypre",
        "ksp_rtol": 0.001,
        "ksp_max_it": 200,
        "pc_setup_on_ksp_cap": false,
        "gamg_threshold": 0.05,
        "gamg_agg_nsmooths": 1,
        "gamg_set_coordinates": true,
        "assembly_mode": "fenics",
        "assembler": "FEniCSFormAssembly",
        "distribution_strategy": "dolfinx_mesh_partition",
        "trust_subproblem_solver": "direct_linear_solve",
        "trust_subproblem_line_search": false
      },
      "newton": {
        "tolf": 1e-06,
        "tolg": 1e-05,
        "tolg_rel": 0.001,
        "tolx_rel": 0.001,
        "tolx_abs": 1e-10,
        "maxit": 100,
        "require_all_convergence": true,
        "fail_on_nonfinite": true,
        "linesearch_interval": [
          -0.5,
          2.0
        ],
        "linesearch_tol": 0.001,
        "trust_region": false,
        "trust_radius_init": 1.0,
        "trust_radius_min": 1e-08,
        "trust_radius_max": 1000000.0,
        "trust_subproblem_line_search": false,
        "step_time_limit_s": null
      }
    }
  }
}
