{
  "case": {
    "problem": "gl",
    "backend": "fenics",
    "level": 8,
    "out": "/home/michal/repos/fenics_nonlinear_energies/experiment_results_cache/gl_final_suite/fenics_custom_l8_np16.json",
    "quiet": true,
    "save_history": true,
    "save_linear_timing": true,
    "steps": 1,
    "start_step": 1,
    "total_steps": 24,
    "ksp_type": "gmres",
    "pc_type": "hypre",
    "ksp_rtol": 0.001,
    "ksp_max_it": 200,
    "profile": "reference",
    "coloring_trials": 10,
    "nproc_threads": 1,
    "hvp_eval_mode": "sequential",
    "element_reorder_mode": null,
    "local_hessian_mode": null,
    "tolf": 1e-06,
    "tolg": 1e-05,
    "tolg_rel": 0.001,
    "tolx_rel": 0.001,
    "tolx_abs": 1e-10,
    "maxit": 100,
    "step_time_limit_s": null,
    "linesearch_a": -0.5,
    "linesearch_b": 2.0,
    "linesearch_tol": 0.001,
    "use_trust_region": false,
    "trust_radius_init": 1.0,
    "trust_radius_min": 1e-08,
    "trust_radius_max": 1000000.0,
    "trust_shrink": 0.5,
    "trust_expand": 1.5,
    "trust_eta_shrink": 0.05,
    "trust_eta_expand": 0.75,
    "trust_max_reject": 6,
    "trust_subproblem_line_search": false,
    "local_coloring": true,
    "retry_on_failure": false,
    "pc_setup_on_ksp_cap": false,
    "use_near_nullspace": true,
    "reorder": null,
    "gamg_threshold": 0.05,
    "gamg_agg_nsmooths": 1,
    "gamg_set_coordinates": true
  },
  "result": {
    "mesh_level": 8,
    "total_dofs": 263169,
    "free_dofs": 263084,
    "setup_time": 0.666553,
    "solve_time_total": 0.921909,
    "total_time": 1.588574,
    "steps": [
      {
        "step": 1,
        "time": 0.921909,
        "nit": 10,
        "linear_iters": 35,
        "energy": 0.34563362849873136,
        "message": "Converged (energy, step, gradient)",
        "attempt": "primary",
        "ksp_rtol_used": 0.001,
        "ksp_max_it_used": 200,
        "linesearch_interval_used": [
          -0.5,
          2.0
        ],
        "history": [
          {
            "it": 1,
            "energy": 0.49579275941999024,
            "dE": 0.16950891944881563,
            "grad_norm": 0.0018523798253277848,
            "grad_target": 1e-05,
            "grad_norm_post": NaN,
            "alpha": -0.340703270085955,
            "ksp_its": 6,
            "ls_evals": 19,
            "ls_repaired": false,
            "used_gradient_fallback": false,
            "accepted_step": true,
            "step_norm": 154.66713435359569,
            "step_rel": 0.6041684935687331,
            "pred_reduction": NaN,
            "actual_reduction": NaN,
            "trust_rejects": 0,
            "t_grad": 0.0021156719885766506,
            "t_hess": 0.07895678601926193,
            "t_ls": 0.024378692032769322,
            "t_update": 2.4137028958648443e-05,
            "t_iter": 0.10555671999463812,
            "trust_radius": 1.0,
            "trust_ratio": NaN,
            "trust_qp": NaN
          },
          {
            "it": 2,
            "energy": 0.4886883620081367,
            "dE": 0.007104397411853536,
            "grad_norm": 0.0019510606765585925,
            "grad_target": 1e-05,
            "grad_norm_post": NaN,
            "alpha": -0.37132679455791984,
            "ksp_its": 6,
            "ls_evals": 19,
            "ls_repaired": false,
            "used_gradient_fallback": false,
            "accepted_step": true,
            "step_norm": 70.94778258355848,
            "step_rel": 0.19482912425471793,
            "pred_reduction": NaN,
            "actual_reduction": NaN,
            "trust_rejects": 0,
            "t_grad": 0.0019340270082466304,
            "t_hess": 0.07331822300329804,
            "t_ls": 0.027020320005249232,
            "t_update": 3.204902168363333e-05,
            "t_iter": 0.10237198096001521,
            "trust_radius": 1.0,
            "trust_ratio": NaN,
            "trust_qp": NaN
          },
          {
            "it": 3,
            "energy": 0.4655471159064987,
            "dE": 0.02314124610163798,
            "grad_norm": 0.0026153905538487186,
            "grad_target": 1e-05,
            "grad_norm_post": NaN,
            "alpha": 0.03843715473102083,
            "ksp_its": 5,
            "ls_evals": 19,
            "ls_repaired": false,
            "used_gradient_fallback": false,
            "accepted_step": true,
            "step_norm": 79.10895656449426,
            "step_rel": 0.21817828737362996,
            "pred_reduction": NaN,
            "actual_reduction": NaN,
            "trust_rejects": 0,
            "t_grad": 0.002233731036540121,
            "t_hess": 0.06864010402932763,
            "t_ls": 0.02862475800793618,
            "t_update": 2.4145992938429117e-05,
            "t_iter": 0.09959787304978818,
            "trust_radius": 1.0,
            "trust_ratio": NaN,
            "trust_qp": NaN
          },
          {
            "it": 4,
            "energy": 0.400037501172132,
            "dE": 0.06550961473436673,
            "grad_norm": 0.0024339990253682124,
            "grad_target": 1e-05,
            "grad_norm_post": NaN,
            "alpha": 0.4911197170679821,
            "ksp_its": 4,
            "ls_evals": 19,
            "ls_repaired": false,
            "used_gradient_fallback": false,
            "accepted_step": true,
            "step_norm": 82.29395618578562,
            "step_rel": 0.2155924400845107,
            "pred_reduction": NaN,
            "actual_reduction": NaN,
            "trust_rejects": 0,
            "t_grad": 0.0019411070388741791,
            "t_hess": 0.06269586796406657,
            "t_ls": 0.02866419800557196,
            "t_update": 2.1962972823530436e-05,
            "t_iter": 0.09340025403071195,
            "trust_radius": 1.0,
            "trust_ratio": NaN,
            "trust_qp": NaN
          },
          {
            "it": 5,
            "energy": 0.38680803067483727,
            "dE": 0.013229470497294726,
            "grad_norm": 0.0011415446595016453,
            "grad_target": 1e-05,
            "grad_norm_post": NaN,
            "alpha": -0.060662652171660114,
            "ksp_its": 3,
            "ls_evals": 19,
            "ls_repaired": false,
            "used_gradient_fallback": false,
            "accepted_step": true,
            "step_norm": 62.46235631973762,
            "step_rel": 0.14634721262037612,
            "pred_reduction": NaN,
            "actual_reduction": NaN,
            "trust_rejects": 0,
            "t_grad": 0.001952754973899573,
            "t_hess": 0.05844722897745669,
            "t_ls": 0.024311419983860105,
            "t_update": 2.1872983779758215e-05,
            "t_iter": 0.08482952398480847,
            "trust_radius": 1.0,
            "trust_ratio": NaN,
            "trust_qp": NaN
          },
          {
            "it": 6,
            "energy": 0.3597866708046036,
            "dE": 0.027021359870233685,
            "grad_norm": 0.0012922599364118073,
            "grad_target": 1e-05,
            "grad_norm_post": NaN,
            "alpha": 0.49068704138847863,
            "ksp_its": 3,
            "ls_evals": 19,
            "ls_repaired": false,
            "used_gradient_fallback": false,
            "accepted_step": true,
            "step_norm": 72.48109302630523,
            "step_rel": 0.16733777070971897,
            "pred_reduction": NaN,
            "actual_reduction": NaN,
            "trust_rejects": 0,
            "t_grad": 0.0020968439639545977,
            "t_hess": 0.05989157396834344,
            "t_ls": 0.02877062902553007,
            "t_update": 2.363603562116623e-05,
            "t_iter": 0.0908547299914062,
            "trust_radius": 1.0,
            "trust_ratio": NaN,
            "trust_qp": NaN
          },
          {
            "it": 7,
            "energy": 0.34713688671973875,
            "dE": 0.012649784084864835,
            "grad_norm": 0.0010437877465759933,
            "grad_target": 1e-05,
            "grad_norm_post": NaN,
            "alpha": 0.6000838258736613,
            "ksp_its": 2,
            "ls_evals": 19,
            "ls_repaired": false,
            "used_gradient_fallback": false,
            "accepted_step": true,
            "step_norm": 34.75060195354919,
            "step_rel": 0.07899859333699936,
            "pred_reduction": NaN,
            "actual_reduction": NaN,
            "trust_rejects": 0,
            "t_grad": 0.0019338370184414089,
            "t_hess": 0.05178723996505141,
            "t_ls": 0.028637787967454642,
            "t_update": 2.363603562116623e-05,
            "t_iter": 0.08246451301965863,
            "trust_radius": 1.0,
            "trust_ratio": NaN,
            "trust_qp": NaN
          },
          {
            "it": 8,
            "energy": 0.34563638341712977,
            "dE": 0.0015005033026089798,
            "grad_norm": 0.000367519014587639,
            "grad_target": 1e-05,
            "grad_norm_post": NaN,
            "alpha": 1.0787567332727297,
            "ksp_its": 2,
            "ls_evals": 19,
            "ls_repaired": false,
            "used_gradient_fallback": false,
            "accepted_step": true,
            "step_norm": 10.017314274779293,
            "step_rel": 0.022709059795467675,
            "pred_reduction": NaN,
            "actual_reduction": NaN,
            "trust_rejects": 0,
            "t_grad": 0.0019433109555393457,
            "t_hess": 0.05357620696304366,
            "t_ls": 0.02419954095967114,
            "t_update": 2.404599217697978e-05,
            "t_iter": 0.07981528399977833,
            "trust_radius": 1.0,
            "trust_ratio": NaN,
            "trust_qp": NaN
          },
          {
            "it": 9,
            "energy": 0.34563362851535795,
            "dE": 2.754901771817586e-06,
            "grad_norm": 1.8023140594899692e-05,
            "grad_target": 1e-05,
            "grad_norm_post": NaN,
            "alpha": 1.001816316849262,
            "ksp_its": 2,
            "ls_evals": 19,
            "ls_repaired": false,
            "used_gradient_fallback": false,
            "accepted_step": true,
            "step_norm": 0.41966555151597024,
            "step_rel": 0.0009571710737506474,
            "pred_reduction": NaN,
            "actual_reduction": NaN,
            "trust_rejects": 0,
            "t_grad": 0.001942550006788224,
            "t_hess": 0.0531009070109576,
            "t_ls": 0.029028928955085576,
            "t_update": 2.3896980565041304e-05,
            "t_iter": 0.08416939299786463,
            "trust_radius": 1.0,
            "trust_ratio": NaN,
            "trust_qp": NaN
          },
          {
            "it": 10,
            "energy": 0.34563362849873136,
            "dE": 1.6626588994483882e-11,
            "grad_norm": 5.700699990657784e-08,
            "grad_target": 1e-05,
            "grad_norm_post": 2.8508309205395825e-10,
            "alpha": 1.0054820040285077,
            "ksp_its": 2,
            "ls_evals": 19,
            "ls_repaired": false,
            "used_gradient_fallback": false,
            "accepted_step": true,
            "step_norm": 0.001114484211781488,
            "step_rel": 2.54259213938203e-06,
            "pred_reduction": NaN,
            "actual_reduction": NaN,
            "trust_rejects": 0,
            "t_grad": 0.0021184959914535284,
            "t_hess": 0.05293902201810852,
            "t_ls": 0.024230868963059038,
            "t_update": 2.8192996978759766e-05,
            "t_iter": 0.07938310998724774,
            "trust_radius": 1.0,
            "trust_ratio": NaN,
            "trust_qp": NaN
          }
        ],
        "linear_timing": [
          {
            "assemble_total_time": 0.008408383990172297,
            "setop_time": 5.928974132984877e-06,
            "set_tolerances_time": 1.9529834389686584e-06,
            "pc_setup_time": 0.03708319895667955,
            "solve_time": 0.03328006301308051,
            "linear_total_time": 0.07877952791750431,
            "ksp_its": 6
          },
          {
            "assemble_total_time": 0.007454751001205295,
            "setop_time": 1.8330174498260021e-06,
            "set_tolerances_time": 2.2239983081817627e-06,
            "pc_setup_time": 0.03255012899171561,
            "solve_time": 0.03316336701391265,
            "linear_total_time": 0.07317230402259156,
            "ksp_its": 6
          },
          {
            "assemble_total_time": 0.007510174997150898,
            "setop_time": 1.4829565770924091e-06,
            "set_tolerances_time": 2.102984581142664e-06,
            "pc_setup_time": 0.03262372995959595,
            "solve_time": 0.02835016301833093,
            "linear_total_time": 0.06848765391623601,
            "ksp_its": 5
          },
          {
            "assemble_total_time": 0.00748858303995803,
            "setop_time": 1.5820260159671307e-06,
            "set_tolerances_time": 1.7629936337471008e-06,
            "pc_setup_time": 0.0319538859766908,
            "solve_time": 0.02310555602889508,
            "linear_total_time": 0.06255137006519362,
            "ksp_its": 4
          },
          {
            "assemble_total_time": 0.007464505964890122,
            "setop_time": 1.6129924915730953e-06,
            "set_tolerances_time": 1.801992766559124e-06,
            "pc_setup_time": 0.032277285994496197,
            "solve_time": 0.018556671973783523,
            "linear_total_time": 0.058301878918427974,
            "ksp_its": 3
          },
          {
            "assemble_total_time": 0.008111976028885692,
            "setop_time": 1.401989720761776e-06,
            "set_tolerances_time": 1.7730053514242172e-06,
            "pc_setup_time": 0.03296301298541948,
            "solve_time": 0.018670113990083337,
            "linear_total_time": 0.0597482779994607,
            "ksp_its": 3
          },
          {
            "assemble_total_time": 0.007442703004926443,
            "setop_time": 1.4730030670762062e-06,
            "set_tolerances_time": 1.7919810488820076e-06,
            "pc_setup_time": 0.031014364038128406,
            "solve_time": 0.013184682989958674,
            "linear_total_time": 0.05164501501712948,
            "ksp_its": 2
          },
          {
            "assemble_total_time": 0.0075780380284413695,
            "setop_time": 1.3620010577142239e-06,
            "set_tolerances_time": 1.8829596228897572e-06,
            "pc_setup_time": 0.032240379019640386,
            "solve_time": 0.01360820303671062,
            "linear_total_time": 0.05342986504547298,
            "ksp_its": 2
          },
          {
            "assemble_total_time": 0.007489092997275293,
            "setop_time": 1.3519893400371075e-06,
            "set_tolerances_time": 1.8230057321488857e-06,
            "pc_setup_time": 0.03190781601006165,
            "solve_time": 0.013558298000134528,
            "linear_total_time": 0.05295838200254366,
            "ksp_its": 2
          },
          {
            "assemble_total_time": 0.007660541974473745,
            "setop_time": 1.1919764801859856e-06,
            "set_tolerances_time": 2.0230072550475597e-06,
            "pc_setup_time": 0.03166009101551026,
            "solve_time": 0.01347076497040689,
            "linear_total_time": 0.05279461294412613,
            "ksp_its": 2
          }
        ]
      }
    ],
    "metadata": {
      "nprocs": 16,
      "linear_solver": {
        "ksp_type": "gmres",
        "pc_type": "hypre",
        "ksp_rtol": 0.001,
        "ksp_max_it": 200,
        "pc_setup_on_ksp_cap": false,
        "gamg_threshold": 0.05,
        "gamg_agg_nsmooths": 1,
        "gamg_set_coordinates": true,
        "assembly_mode": "fenics",
        "assembler": "FEniCSFormAssembly",
        "distribution_strategy": "dolfinx_mesh_partition",
        "trust_subproblem_solver": "direct_linear_solve",
        "trust_subproblem_line_search": false
      },
      "newton": {
        "tolf": 1e-06,
        "tolg": 1e-05,
        "tolg_rel": 0.001,
        "tolx_rel": 0.001,
        "tolx_abs": 1e-10,
        "maxit": 100,
        "require_all_convergence": true,
        "fail_on_nonfinite": true,
        "linesearch_interval": [
          -0.5,
          2.0
        ],
        "linesearch_tol": 0.001,
        "trust_region": false,
        "trust_radius_init": 1.0,
        "trust_radius_min": 1e-08,
        "trust_radius_max": 1000000.0,
        "trust_subproblem_line_search": false,
        "step_time_limit_s": null
      }
    }
  }
}
