{
  "case": {
    "problem": "gl",
    "backend": "fenics",
    "level": 5,
    "out": "/home/michal/repos/fenics_nonlinear_energies/experiment_results_cache/gl_final_suite/fenics_custom_l5_np2.json",
    "quiet": true,
    "save_history": true,
    "save_linear_timing": true,
    "steps": 1,
    "start_step": 1,
    "total_steps": 24,
    "ksp_type": "gmres",
    "pc_type": "hypre",
    "ksp_rtol": 0.001,
    "ksp_max_it": 200,
    "profile": "reference",
    "coloring_trials": 10,
    "nproc_threads": 1,
    "hvp_eval_mode": "sequential",
    "element_reorder_mode": null,
    "local_hessian_mode": null,
    "tolf": 1e-06,
    "tolg": 1e-05,
    "tolg_rel": 0.001,
    "tolx_rel": 0.001,
    "tolx_abs": 1e-10,
    "maxit": 100,
    "step_time_limit_s": null,
    "linesearch_a": -0.5,
    "linesearch_b": 2.0,
    "linesearch_tol": 0.001,
    "use_trust_region": false,
    "trust_radius_init": 1.0,
    "trust_radius_min": 1e-08,
    "trust_radius_max": 1000000.0,
    "trust_shrink": 0.5,
    "trust_expand": 1.5,
    "trust_eta_shrink": 0.05,
    "trust_eta_expand": 0.75,
    "trust_max_reject": 6,
    "trust_subproblem_line_search": false,
    "local_coloring": true,
    "retry_on_failure": false,
    "pc_setup_on_ksp_cap": false,
    "use_near_nullspace": true,
    "reorder": null,
    "gamg_threshold": 0.05,
    "gamg_agg_nsmooths": 1,
    "gamg_set_coordinates": true
  },
  "result": {
    "mesh_level": 5,
    "total_dofs": 4225,
    "free_dofs": 4102,
    "setup_time": 0.020932,
    "solve_time_total": 0.071647,
    "total_time": 0.092636,
    "steps": [
      {
        "step": 1,
        "time": 0.071647,
        "nit": 7,
        "linear_iters": 28,
        "energy": 0.3462323651279827,
        "message": "Converged (energy, step, gradient)",
        "attempt": "primary",
        "ksp_rtol_used": 0.001,
        "ksp_max_it_used": 200,
        "linesearch_interval_used": [
          -0.5,
          2.0
        ],
        "history": [
          {
            "it": 1,
            "energy": 0.503393951800426,
            "dE": 0.16207580246518571,
            "grad_norm": 0.014805984450788215,
            "grad_target": 1.4805984450788215e-05,
            "grad_norm_post": NaN,
            "alpha": -0.31924396356194473,
            "ksp_its": 8,
            "ls_evals": 19,
            "ls_repaired": false,
            "used_gradient_fallback": false,
            "accepted_step": true,
            "step_norm": 18.93019300155056,
            "step_rel": 0.591568531298455,
            "pred_reduction": NaN,
            "actual_reduction": NaN,
            "trust_rejects": 0,
            "t_grad": 0.00034856097772717476,
            "t_hess": 0.00784861104330048,
            "t_ls": 0.0031872830004431307,
            "t_update": 5.237990990281105e-06,
            "t_iter": 0.011411096027586609,
            "trust_radius": 1.0,
            "trust_ratio": NaN,
            "trust_qp": NaN
          },
          {
            "it": 2,
            "energy": 0.5009268230404611,
            "dE": 0.0024671287599649094,
            "grad_norm": 0.014536435467357138,
            "grad_target": 1.4805984450788215e-05,
            "grad_norm_post": NaN,
            "alpha": -0.28198914868666003,
            "ksp_its": 6,
            "ls_evals": 19,
            "ls_repaired": false,
            "used_gradient_fallback": false,
            "accepted_step": true,
            "step_norm": 6.872290165529177,
            "step_rel": 0.15232324914312376,
            "pred_reduction": NaN,
            "actual_reduction": NaN,
            "trust_rejects": 0,
            "t_grad": 0.0003095410065725446,
            "t_hess": 0.005976731015834957,
            "t_ls": 0.0031120090279728174,
            "t_update": 7.231021299958229e-06,
            "t_iter": 0.009432492952328175,
            "trust_radius": 1.0,
            "trust_ratio": NaN,
            "trust_qp": NaN
          },
          {
            "it": 3,
            "energy": 0.4563368910590836,
            "dE": 0.044589931981377506,
            "grad_norm": 0.018336809035944385,
            "grad_target": 1.4805984450788215e-05,
            "grad_norm_post": NaN,
            "alpha": -0.06912678616457091,
            "ksp_its": 5,
            "ls_evals": 19,
            "ls_repaired": false,
            "used_gradient_fallback": false,
            "accepted_step": true,
            "step_norm": 9.447413672621954,
            "step_rel": 0.21138936184735382,
            "pred_reduction": NaN,
            "actual_reduction": NaN,
            "trust_rejects": 0,
            "t_grad": 0.00029077299404889345,
            "t_hess": 0.005694271007087082,
            "t_ls": 0.0030858279787935317,
            "t_update": 6.520014721900225e-06,
            "t_iter": 0.009091674000956118,
            "trust_radius": 1.0,
            "trust_ratio": NaN,
            "trust_qp": NaN
          },
          {
            "it": 4,
            "energy": 0.39262522673087247,
            "dE": 0.06371166432821113,
            "grad_norm": 0.019270649247981497,
            "grad_target": 1.4805984450788215e-05,
            "grad_norm_post": NaN,
            "alpha": 0.14147005708842386,
            "ksp_its": 3,
            "ls_evals": 19,
            "ls_repaired": false,
            "used_gradient_fallback": false,
            "accepted_step": true,
            "step_norm": 10.301491757532085,
            "step_rel": 0.21492686507557457,
            "pred_reduction": NaN,
            "actual_reduction": NaN,
            "trust_rejects": 0,
            "t_grad": 0.0002874869969673455,
            "t_hess": 0.005172746023163199,
            "t_ls": 0.003088503028266132,
            "t_update": 4.968023858964443e-06,
            "t_iter": 0.008569849014747888,
            "trust_radius": 1.0,
            "trust_ratio": NaN,
            "trust_qp": NaN
          },
          {
            "it": 5,
            "energy": 0.34849338899437643,
            "dE": 0.04413183773649604,
            "grad_norm": 0.01574041872098299,
            "grad_target": 1.4805984450788215e-05,
            "grad_norm_post": NaN,
            "alpha": 0.8138115397546193,
            "ksp_its": 2,
            "ls_evals": 19,
            "ls_repaired": false,
            "used_gradient_fallback": false,
            "accepted_step": true,
            "step_norm": 6.785029465154782,
            "step_rel": 0.1291671958097151,
            "pred_reduction": NaN,
            "actual_reduction": NaN,
            "trust_rejects": 0,
            "t_grad": 0.00030330196022987366,
            "t_hess": 0.004517269029747695,
            "t_ls": 0.003109254001174122,
            "t_update": 5.498004611581564e-06,
            "t_iter": 0.007951348030474037,
            "trust_radius": 1.0,
            "trust_ratio": NaN,
            "trust_qp": NaN
          },
          {
            "it": 6,
            "energy": 0.34623331837865867,
            "dE": 0.0022600706157177575,
            "grad_norm": 0.003506597751790231,
            "grad_target": 1.4805984450788215e-05,
            "grad_norm_post": NaN,
            "alpha": 1.0664616446968884,
            "ksp_its": 2,
            "ls_evals": 19,
            "ls_repaired": false,
            "used_gradient_fallback": false,
            "accepted_step": true,
            "step_norm": 1.527923038581059,
            "step_rel": 0.02745136641246143,
            "pred_reduction": NaN,
            "actual_reduction": NaN,
            "trust_rejects": 0,
            "t_grad": 0.0002992160152643919,
            "t_hess": 0.004665715037845075,
            "t_ls": 0.003082563984207809,
            "t_update": 5.126988980919123e-06,
            "t_iter": 0.008068597002420574,
            "trust_radius": 1.0,
            "trust_ratio": NaN,
            "trust_qp": NaN
          },
          {
            "it": 7,
            "energy": 0.3462323651279827,
            "dE": 9.532506759502013e-07,
            "grad_norm": 0.00011043542925881283,
            "grad_target": 1.4805984450788215e-05,
            "grad_norm_post": 8.8523276849271e-08,
            "alpha": 1.0006835572147665,
            "ksp_its": 2,
            "ls_evals": 19,
            "ls_repaired": false,
            "used_gradient_fallback": false,
            "accepted_step": true,
            "step_norm": 0.02885653685496492,
            "step_rel": 0.0005264353816606608,
            "pred_reduction": NaN,
            "actual_reduction": NaN,
            "trust_rejects": 0,
            "t_grad": 0.0002968409680761397,
            "t_hess": 0.004522916977293789,
            "t_ls": 0.0030666099628433585,
            "t_update": 5.108013283461332e-06,
            "t_iter": 0.007907179999165237,
            "trust_radius": 1.0,
            "trust_ratio": NaN,
            "trust_qp": NaN
          }
        ],
        "linear_timing": [
          {
            "assemble_total_time": 0.001032151049003005,
            "setop_time": 1.4320248737931252e-06,
            "set_tolerances_time": 1.3819662854075432e-06,
            "pc_setup_time": 0.003542585007380694,
            "solve_time": 0.0032271139789372683,
            "linear_total_time": 0.007804664026480168,
            "ksp_its": 8
          },
          {
            "assemble_total_time": 0.0007968739955686033,
            "setop_time": 6.110058166086674e-07,
            "set_tolerances_time": 1.252046786248684e-06,
            "pc_setup_time": 0.0028023269842378795,
            "solve_time": 0.002328083966858685,
            "linear_total_time": 0.005929147999268025,
            "ksp_its": 6
          },
          {
            "assemble_total_time": 0.0008118160185404122,
            "setop_time": 4.91039827466011e-07,
            "set_tolerances_time": 7.310300134122372e-07,
            "pc_setup_time": 0.0028680680552497506,
            "solve_time": 0.001973936043214053,
            "linear_total_time": 0.005655042186845094,
            "ksp_its": 5
          },
          {
            "assemble_total_time": 0.0008090009796433151,
            "setop_time": 4.899920895695686e-07,
            "set_tolerances_time": 6.919726729393005e-07,
            "pc_setup_time": 0.0029512130422517657,
            "solve_time": 0.0013725599856115878,
            "linear_total_time": 0.0051339559722691774,
            "ksp_its": 3
          },
          {
            "assemble_total_time": 0.0007900840137153864,
            "setop_time": 5.00993337482214e-07,
            "set_tolerances_time": 7.110065780580044e-07,
            "pc_setup_time": 0.002726210979744792,
            "solve_time": 0.000959280994720757,
            "linear_total_time": 0.004476787988096476,
            "ksp_its": 2
          },
          {
            "assemble_total_time": 0.0007928069680929184,
            "setop_time": 5.209585651755333e-07,
            "set_tolerances_time": 6.509944796562195e-07,
            "pc_setup_time": 0.0028190130251459777,
            "solve_time": 0.0010132629540748894,
            "linear_total_time": 0.004626254900358617,
            "ksp_its": 2
          },
          {
            "assemble_total_time": 0.0007952110026963055,
            "setop_time": 4.91039827466011e-07,
            "set_tolerances_time": 6.409827619791031e-07,
            "pc_setup_time": 0.0027272230363450944,
            "solve_time": 0.0009597319876775146,
            "linear_total_time": 0.00448329804930836,
            "ksp_its": 2
          }
        ]
      }
    ],
    "metadata": {
      "nprocs": 2,
      "linear_solver": {
        "ksp_type": "gmres",
        "pc_type": "hypre",
        "ksp_rtol": 0.001,
        "ksp_max_it": 200,
        "pc_setup_on_ksp_cap": false,
        "gamg_threshold": 0.05,
        "gamg_agg_nsmooths": 1,
        "gamg_set_coordinates": true,
        "assembly_mode": "fenics",
        "assembler": "FEniCSFormAssembly",
        "distribution_strategy": "dolfinx_mesh_partition",
        "trust_subproblem_solver": "direct_linear_solve",
        "trust_subproblem_line_search": false
      },
      "newton": {
        "tolf": 1e-06,
        "tolg": 1e-05,
        "tolg_rel": 0.001,
        "tolx_rel": 0.001,
        "tolx_abs": 1e-10,
        "maxit": 100,
        "require_all_convergence": true,
        "fail_on_nonfinite": true,
        "linesearch_interval": [
          -0.5,
          2.0
        ],
        "linesearch_tol": 0.001,
        "trust_region": false,
        "trust_radius_init": 1.0,
        "trust_radius_min": 1e-08,
        "trust_radius_max": 1000000.0,
        "trust_subproblem_line_search": false,
        "step_time_limit_s": null
      }
    }
  }
}
