{
  "case": {
    "problem": "gl",
    "backend": "fenics",
    "level": 9,
    "out": "/home/michal/repos/fenics_nonlinear_energies/experiment_results_cache/gl_final_suite/fenics_custom_l9_np8.json",
    "quiet": true,
    "save_history": true,
    "save_linear_timing": true,
    "steps": 1,
    "start_step": 1,
    "total_steps": 24,
    "ksp_type": "gmres",
    "pc_type": "hypre",
    "ksp_rtol": 0.001,
    "ksp_max_it": 200,
    "profile": "reference",
    "coloring_trials": 10,
    "nproc_threads": 1,
    "hvp_eval_mode": "sequential",
    "element_reorder_mode": null,
    "local_hessian_mode": null,
    "tolf": 1e-06,
    "tolg": 1e-05,
    "tolg_rel": 0.001,
    "tolx_rel": 0.001,
    "tolx_abs": 1e-10,
    "maxit": 100,
    "step_time_limit_s": null,
    "linesearch_a": -0.5,
    "linesearch_b": 2.0,
    "linesearch_tol": 0.001,
    "use_trust_region": false,
    "trust_radius_init": 1.0,
    "trust_radius_min": 1e-08,
    "trust_radius_max": 1000000.0,
    "trust_shrink": 0.5,
    "trust_expand": 1.5,
    "trust_eta_shrink": 0.05,
    "trust_eta_expand": 0.75,
    "trust_max_reject": 6,
    "trust_subproblem_line_search": false,
    "local_coloring": true,
    "retry_on_failure": false,
    "pc_setup_on_ksp_cap": false,
    "use_near_nullspace": true,
    "reorder": null,
    "gamg_threshold": 0.05,
    "gamg_agg_nsmooths": 1,
    "gamg_set_coordinates": true
  },
  "result": {
    "mesh_level": 9,
    "total_dofs": 1050625,
    "free_dofs": 1050257,
    "setup_time": 3.045591,
    "solve_time_total": 4.674295,
    "total_time": 7.720371,
    "steps": [
      {
        "step": 1,
        "time": 4.674295,
        "nit": 8,
        "linear_iters": 32,
        "energy": 0.34562646842590866,
        "message": "Converged (energy, step, gradient)",
        "attempt": "primary",
        "ksp_rtol_used": 0.001,
        "ksp_max_it_used": 200,
        "linesearch_interval_used": [
          -0.5,
          2.0
        ],
        "history": [
          {
            "it": 1,
            "energy": 0.5067903698632794,
            "dE": 0.15850930810598018,
            "grad_norm": 0.0009261996570946856,
            "grad_target": 1e-05,
            "grad_norm_post": NaN,
            "alpha": -0.3048486231207578,
            "ksp_its": 7,
            "ls_evals": 19,
            "ls_repaired": false,
            "used_gradient_fallback": false,
            "accepted_step": true,
            "step_norm": 299.4877384901874,
            "step_rel": 0.5849369892386472,
            "pred_reduction": NaN,
            "actual_reduction": NaN,
            "trust_rejects": 0,
            "t_grad": 0.016467314038891345,
            "t_hess": 0.4973978089983575,
            "t_ls": 0.2031399259576574,
            "t_update": 0.0003278150106780231,
            "t_iter": 0.7176575739867985,
            "trust_radius": 1.0,
            "trust_ratio": NaN,
            "trust_qp": NaN
          },
          {
            "it": 2,
            "energy": 0.506204489124013,
            "dE": 0.0005858807392664644,
            "grad_norm": 0.0009809139541410864,
            "grad_target": 1e-05,
            "grad_norm_post": NaN,
            "alpha": 0.16632764251607568,
            "ksp_its": 6,
            "ls_evals": 19,
            "ls_repaired": false,
            "used_gradient_fallback": false,
            "accepted_step": true,
            "step_norm": 62.8630278115887,
            "step_rel": 0.08772032136015856,
            "pred_reduction": NaN,
            "actual_reduction": NaN,
            "trust_rejects": 0,
            "t_grad": 0.016407382965553552,
            "t_hess": 0.43048961902968585,
            "t_ls": 0.2022587539977394,
            "t_update": 0.0003406649921089411,
            "t_iter": 0.6495537589653395,
            "trust_radius": 1.0,
            "trust_ratio": NaN,
            "trust_qp": NaN
          },
          {
            "it": 3,
            "energy": 0.4796001276482176,
            "dE": 0.02660436147579537,
            "grad_norm": 0.0008156228156205636,
            "grad_target": 1e-05,
            "grad_norm_post": NaN,
            "alpha": -0.49964995802247814,
            "ksp_its": 5,
            "ls_evals": 19,
            "ls_repaired": false,
            "used_gradient_fallback": false,
            "accepted_step": true,
            "step_norm": 168.06283487379244,
            "step_rel": 0.23011232097718104,
            "pred_reduction": NaN,
            "actual_reduction": NaN,
            "trust_rejects": 0,
            "t_grad": 0.015172437997534871,
            "t_hess": 0.3930929600028321,
            "t_ls": 0.19953139300923795,
            "t_update": 0.00033498601987957954,
            "t_iter": 0.6081927480408922,
            "trust_radius": 1.0,
            "trust_ratio": NaN,
            "trust_qp": NaN
          },
          {
            "it": 4,
            "energy": 0.4306991861992456,
            "dE": 0.048900941448972,
            "grad_norm": 0.0012076183587872678,
            "grad_target": 1e-05,
            "grad_norm_post": NaN,
            "alpha": -0.07689083620243797,
            "ksp_its": 6,
            "ls_evals": 19,
            "ls_repaired": false,
            "used_gradient_fallback": false,
            "accepted_step": true,
            "step_norm": 177.86635820925233,
            "step_rel": 0.24497222629489962,
            "pred_reduction": NaN,
            "actual_reduction": NaN,
            "trust_rejects": 0,
            "t_grad": 0.015199268993455917,
            "t_hess": 0.4281927570118569,
            "t_ls": 0.1994981609750539,
            "t_update": 0.0003297080402262509,
            "t_iter": 0.6432965300045907,
            "trust_radius": 1.0,
            "trust_ratio": NaN,
            "trust_qp": NaN
          },
          {
            "it": 5,
            "energy": 0.3503283674917685,
            "dE": 0.08037081870747709,
            "grad_norm": 0.001260134764507178,
            "grad_target": 1e-05,
            "grad_norm_post": NaN,
            "alpha": 0.6437025228767256,
            "ksp_its": 2,
            "ls_evals": 19,
            "ls_repaired": false,
            "used_gradient_fallback": false,
            "accepted_step": true,
            "step_norm": 153.8179292186328,
            "step_rel": 0.19637584974991135,
            "pred_reduction": NaN,
            "actual_reduction": NaN,
            "trust_rejects": 0,
            "t_grad": 0.015199047978967428,
            "t_hess": 0.2850967280101031,
            "t_ls": 0.20316751400241628,
            "t_update": 0.00032826600363478065,
            "t_iter": 0.503876473987475,
            "trust_radius": 1.0,
            "trust_ratio": NaN,
            "trust_qp": NaN
          },
          {
            "it": 6,
            "energy": 0.3456389936000384,
            "dE": 0.004689373891730075,
            "grad_norm": 0.00039158633375749167,
            "grad_target": 1e-05,
            "grad_norm_post": NaN,
            "alpha": 1.0849553479967258,
            "ksp_its": 2,
            "ls_evals": 19,
            "ls_repaired": false,
            "used_gradient_fallback": false,
            "accepted_step": true,
            "step_norm": 31.661687396925053,
            "step_rel": 0.03566648272904634,
            "pred_reduction": NaN,
            "actual_reduction": NaN,
            "trust_rejects": 0,
            "t_grad": 0.015171305974945426,
            "t_hess": 0.2837708150036633,
            "t_ls": 0.2025637810002081,
            "t_update": 0.0003254020120948553,
            "t_iter": 0.5019023710046895,
            "trust_radius": 1.0,
            "trust_ratio": NaN,
            "trust_qp": NaN
          },
          {
            "it": 7,
            "energy": 0.3456264686404722,
            "dE": 1.2524959566218019e-05,
            "grad_norm": 2.3948509210011903e-05,
            "grad_target": 1e-05,
            "grad_norm_post": NaN,
            "alpha": 1.0047819200733803,
            "ksp_its": 2,
            "ls_evals": 19,
            "ls_repaired": false,
            "used_gradient_fallback": false,
            "accepted_step": true,
            "step_norm": 1.7174154155918153,
            "step_rel": 0.001957391681350716,
            "pred_reduction": NaN,
            "actual_reduction": NaN,
            "trust_rejects": 0,
            "t_grad": 0.015269905037712306,
            "t_hess": 0.2852729019941762,
            "t_ls": 0.20328303700080141,
            "t_update": 0.00033406500006094575,
            "t_iter": 0.5042342109954916,
            "trust_radius": 1.0,
            "trust_ratio": NaN,
            "trust_qp": NaN
          },
          {
            "it": 8,
            "energy": 0.34562646842590866,
            "dE": 2.1456353360704838e-10,
            "grad_norm": 1.32058357558296e-07,
            "grad_target": 1e-05,
            "grad_norm_post": 5.379420279836866e-10,
            "alpha": 0.9995507975802711,
            "ksp_its": 2,
            "ls_evals": 19,
            "ls_repaired": false,
            "used_gradient_fallback": false,
            "accepted_step": true,
            "step_norm": 0.00687412161043832,
            "step_rel": 7.841362870701298e-06,
            "pred_reduction": NaN,
            "actual_reduction": NaN,
            "trust_rejects": 0,
            "t_grad": 0.015356636024080217,
            "t_hess": 0.2854683870100416,
            "t_ls": 0.2027352279983461,
            "t_update": 0.0003285260172560811,
            "t_iter": 0.5039554779650643,
            "trust_radius": 1.0,
            "trust_ratio": NaN,
            "trust_qp": NaN
          }
        ],
        "linear_timing": [
          {
            "assemble_total_time": 0.05644946900429204,
            "setop_time": 7.592025212943554e-06,
            "set_tolerances_time": 3.3850083127617836e-06,
            "pc_setup_time": 0.15663517999928445,
            "solve_time": 0.28380952001316473,
            "linear_total_time": 0.4969051460502669,
            "ksp_its": 7
          },
          {
            "assemble_total_time": 0.05250586097827181,
            "setop_time": 3.0949595384299755e-06,
            "set_tolerances_time": 3.3949618227779865e-06,
            "pc_setup_time": 0.12939387100050226,
            "solve_time": 0.24804076802683994,
            "linear_total_time": 0.4299469899269752,
            "ksp_its": 6
          },
          {
            "assemble_total_time": 0.05259143002331257,
            "setop_time": 2.983957529067993e-06,
            "set_tolerances_time": 2.394022885710001e-06,
            "pc_setup_time": 0.13035814702743664,
            "solve_time": 0.20959889004006982,
            "linear_total_time": 0.3925538450712338,
            "ksp_its": 5
          },
          {
            "assemble_total_time": 0.05239437200361863,
            "setop_time": 1.9329600036144257e-06,
            "set_tolerances_time": 2.9249931685626507e-06,
            "pc_setup_time": 0.12936192099004984,
            "solve_time": 0.2458921709912829,
            "linear_total_time": 0.42765332193812355,
            "ksp_its": 6
          },
          {
            "assemble_total_time": 0.052379069034941494,
            "setop_time": 2.763990778476e-06,
            "set_tolerances_time": 2.843968104571104e-06,
            "pc_setup_time": 0.12901447602780536,
            "solve_time": 0.1031464830157347,
            "linear_total_time": 0.2845456360373646,
            "ksp_its": 2
          },
          {
            "assemble_total_time": 0.052529304986819625,
            "setop_time": 1.9630533643066883e-06,
            "set_tolerances_time": 2.242974005639553e-06,
            "pc_setup_time": 0.128008987987414,
            "solve_time": 0.10268277203431353,
            "linear_total_time": 0.2832252710359171,
            "ksp_its": 2
          },
          {
            "assemble_total_time": 0.05244739097543061,
            "setop_time": 2.6440247893333435e-06,
            "set_tolerances_time": 2.53401231020689e-06,
            "pc_setup_time": 0.12907429499318823,
            "solve_time": 0.10319105896633118,
            "linear_total_time": 0.28471792297204956,
            "ksp_its": 2
          },
          {
            "assemble_total_time": 0.05237436102470383,
            "setop_time": 2.363987732678652e-06,
            "set_tolerances_time": 2.6840134523808956e-06,
            "pc_setup_time": 0.12942618696251884,
            "solve_time": 0.1031345939845778,
            "linear_total_time": 0.28494018997298554,
            "ksp_its": 2
          }
        ]
      }
    ],
    "metadata": {
      "nprocs": 8,
      "linear_solver": {
        "ksp_type": "gmres",
        "pc_type": "hypre",
        "ksp_rtol": 0.001,
        "ksp_max_it": 200,
        "pc_setup_on_ksp_cap": false,
        "gamg_threshold": 0.05,
        "gamg_agg_nsmooths": 1,
        "gamg_set_coordinates": true,
        "assembly_mode": "fenics",
        "assembler": "FEniCSFormAssembly",
        "distribution_strategy": "dolfinx_mesh_partition",
        "trust_subproblem_solver": "direct_linear_solve",
        "trust_subproblem_line_search": false
      },
      "newton": {
        "tolf": 1e-06,
        "tolg": 1e-05,
        "tolg_rel": 0.001,
        "tolx_rel": 0.001,
        "tolx_abs": 1e-10,
        "maxit": 100,
        "require_all_convergence": true,
        "fail_on_nonfinite": true,
        "linesearch_interval": [
          -0.5,
          2.0
        ],
        "linesearch_tol": 0.001,
        "trust_region": false,
        "trust_radius_init": 1.0,
        "trust_radius_min": 1e-08,
        "trust_radius_max": 1000000.0,
        "trust_subproblem_line_search": false,
        "step_time_limit_s": null
      }
    }
  }
}
