{
  "case": {
    "problem": "gl",
    "backend": "fenics",
    "level": 8,
    "out": "/home/michal/repos/fenics_nonlinear_energies/experiment_results_cache/gl_final_suite/fenics_custom_l8_np8.json",
    "quiet": true,
    "save_history": true,
    "save_linear_timing": true,
    "steps": 1,
    "start_step": 1,
    "total_steps": 24,
    "ksp_type": "gmres",
    "pc_type": "hypre",
    "ksp_rtol": 0.001,
    "ksp_max_it": 200,
    "profile": "reference",
    "coloring_trials": 10,
    "nproc_threads": 1,
    "hvp_eval_mode": "sequential",
    "element_reorder_mode": null,
    "local_hessian_mode": null,
    "tolf": 1e-06,
    "tolg": 1e-05,
    "tolg_rel": 0.001,
    "tolx_rel": 0.001,
    "tolx_abs": 1e-10,
    "maxit": 100,
    "step_time_limit_s": null,
    "linesearch_a": -0.5,
    "linesearch_b": 2.0,
    "linesearch_tol": 0.001,
    "use_trust_region": false,
    "trust_radius_init": 1.0,
    "trust_radius_min": 1e-08,
    "trust_radius_max": 1000000.0,
    "trust_shrink": 0.5,
    "trust_expand": 1.5,
    "trust_eta_shrink": 0.05,
    "trust_eta_expand": 0.75,
    "trust_max_reject": 6,
    "trust_subproblem_line_search": false,
    "local_coloring": true,
    "retry_on_failure": false,
    "pc_setup_on_ksp_cap": false,
    "use_near_nullspace": true,
    "reorder": null,
    "gamg_threshold": 0.05,
    "gamg_agg_nsmooths": 1,
    "gamg_set_coordinates": true
  },
  "result": {
    "mesh_level": 8,
    "total_dofs": 263169,
    "free_dofs": 262977,
    "setup_time": 0.694745,
    "solve_time_total": 1.735529,
    "total_time": 2.43042,
    "steps": [
      {
        "step": 1,
        "time": 1.735529,
        "nit": 13,
        "linear_iters": 48,
        "energy": 0.345633628501026,
        "message": "Converged (energy, step, gradient)",
        "attempt": "primary",
        "ksp_rtol_used": 0.001,
        "ksp_max_it_used": 200,
        "linesearch_interval_used": [
          -0.5,
          2.0
        ],
        "history": [
          {
            "it": 1,
            "energy": 0.5006031341836942,
            "dE": 0.16469854468509781,
            "grad_norm": 0.0018523798253277845,
            "grad_target": 1e-05,
            "grad_norm_post": NaN,
            "alpha": -0.3680937830582415,
            "ksp_its": 6,
            "ls_evals": 19,
            "ls_repaired": false,
            "used_gradient_fallback": false,
            "accepted_step": true,
            "step_norm": 149.6170428927427,
            "step_rel": 0.5844415737997761,
            "pred_reduction": NaN,
            "actual_reduction": NaN,
            "trust_rejects": 0,
            "t_grad": 0.004048308008350432,
            "t_hess": 0.10439227300230414,
            "t_ls": 0.047184961033053696,
            "t_update": 6.62800157442689e-05,
            "t_iter": 0.15576521295588464,
            "trust_radius": 1.0,
            "trust_ratio": NaN,
            "trust_qp": NaN
          },
          {
            "it": 2,
            "energy": 0.49668429998358027,
            "dE": 0.003918834200113908,
            "grad_norm": 0.0021089297011044382,
            "grad_target": 1e-05,
            "grad_norm_post": NaN,
            "alpha": -0.2664610486109259,
            "ksp_its": 6,
            "ls_evals": 19,
            "ls_repaired": false,
            "used_gradient_fallback": false,
            "accepted_step": true,
            "step_norm": 56.89806827480139,
            "step_rel": 0.15828115166020015,
            "pred_reduction": NaN,
            "actual_reduction": NaN,
            "trust_rejects": 0,
            "t_grad": 0.0037750740302726626,
            "t_hess": 0.09632691496517509,
            "t_ls": 0.046844796044752,
            "t_update": 6.335601210594177e-05,
            "t_iter": 0.14707720099249855,
            "trust_radius": 1.0,
            "trust_ratio": NaN,
            "trust_qp": NaN
          },
          {
            "it": 3,
            "energy": 0.49580075823091097,
            "dE": 0.0008835417526693035,
            "grad_norm": 0.0026322600811783635,
            "grad_target": 1e-05,
            "grad_norm_post": NaN,
            "alpha": -0.017043955168595804,
            "ksp_its": 6,
            "ls_evals": 19,
            "ls_repaired": false,
            "used_gradient_fallback": false,
            "accepted_step": true,
            "step_norm": 28.44398657847236,
            "step_rel": 0.07964429430053424,
            "pred_reduction": NaN,
            "actual_reduction": NaN,
            "trust_rejects": 0,
            "t_grad": 0.0037811630172654986,
            "t_hess": 0.0950956599554047,
            "t_ls": 0.04662795696640387,
            "t_update": 6.071198731660843e-05,
            "t_iter": 0.1456339550204575,
            "trust_radius": 1.0,
            "trust_ratio": NaN,
            "trust_qp": NaN
          },
          {
            "it": 4,
            "energy": 0.47911049995064375,
            "dE": 0.01669025828026721,
            "grad_norm": 0.0026550729753320066,
            "grad_target": 1e-05,
            "grad_norm_post": NaN,
            "alpha": -0.0125129166304071,
            "ksp_its": 5,
            "ls_evals": 19,
            "ls_repaired": false,
            "used_gradient_fallback": false,
            "accepted_step": true,
            "step_norm": 49.604333334083826,
            "step_rel": 0.1384387464549235,
            "pred_reduction": NaN,
            "actual_reduction": NaN,
            "trust_rejects": 0,
            "t_grad": 0.0037549230037257075,
            "t_hess": 0.0894634950091131,
            "t_ls": 0.046744854014832526,
            "t_update": 6.483797915279865e-05,
            "t_iter": 0.14009244804037735,
            "trust_radius": 1.0,
            "trust_ratio": NaN,
            "trust_qp": NaN
          },
          {
            "it": 5,
            "energy": 0.4601424189173841,
            "dE": 0.018968081033259643,
            "grad_norm": 0.002641835987420336,
            "grad_target": 1e-05,
            "grad_norm_post": NaN,
            "alpha": -0.028906368065148125,
            "ksp_its": 4,
            "ls_evals": 19,
            "ls_repaired": false,
            "used_gradient_fallback": false,
            "accepted_step": true,
            "step_norm": 52.864519553545186,
            "step_rel": 0.1433096455271715,
            "pred_reduction": NaN,
            "actual_reduction": NaN,
            "trust_rejects": 0,
            "t_grad": 0.003753170953132212,
            "t_hess": 0.08254164701793343,
            "t_ls": 0.0468059370177798,
            "t_update": 6.502901669591665e-05,
            "t_iter": 0.13323158299317583,
            "trust_radius": 1.0,
            "trust_ratio": NaN,
            "trust_qp": NaN
          },
          {
            "it": 6,
            "energy": 0.42283337756145484,
            "dE": 0.03730904135592927,
            "grad_norm": 0.002675929708340819,
            "grad_target": 1e-05,
            "grad_norm_post": NaN,
            "alpha": 0.3709932793207943,
            "ksp_its": 3,
            "ls_evals": 19,
            "ls_repaired": false,
            "used_gradient_fallback": false,
            "accepted_step": true,
            "step_norm": 107.28914273734205,
            "step_rel": 0.28203857424194234,
            "pred_reduction": NaN,
            "actual_reduction": NaN,
            "trust_rejects": 0,
            "t_grad": 0.004084931977558881,
            "t_hess": 0.07637349097058177,
            "t_ls": 0.04653652897104621,
            "t_update": 6.069202208891511e-05,
            "t_iter": 0.12714711297303438,
            "trust_radius": 1.0,
            "trust_ratio": NaN,
            "trust_qp": NaN
          },
          {
            "it": 7,
            "energy": 0.42145427884697156,
            "dE": 0.0013790987144832734,
            "grad_norm": 0.0016299648432804746,
            "grad_target": 1e-05,
            "grad_norm_post": NaN,
            "alpha": 0.21431211065336553,
            "ksp_its": 4,
            "ls_evals": 19,
            "ls_repaired": false,
            "used_gradient_fallback": false,
            "accepted_step": true,
            "step_norm": 33.3633937265936,
            "step_rel": 0.08113112218786514,
            "pred_reduction": NaN,
            "actual_reduction": NaN,
            "trust_rejects": 0,
            "t_grad": 0.0037530609988607466,
            "t_hess": 0.08111597900278866,
            "t_ls": 0.04661829303950071,
            "t_update": 6.44379761070013e-05,
            "t_iter": 0.13161604799097404,
            "trust_radius": 1.0,
            "trust_ratio": NaN,
            "trust_qp": NaN
          },
          {
            "it": 8,
            "energy": 0.4137762547401319,
            "dE": 0.007678024106839654,
            "grad_norm": 0.0012831312472526652,
            "grad_target": 1e-05,
            "grad_norm_post": NaN,
            "alpha": -0.12670814792931873,
            "ksp_its": 3,
            "ls_evals": 19,
            "ls_repaired": false,
            "used_gradient_fallback": false,
            "accepted_step": true,
            "step_norm": 55.69222422536448,
            "step_rel": 0.13432956944738433,
            "pred_reduction": NaN,
            "actual_reduction": NaN,
            "trust_rejects": 0,
            "t_grad": 0.003763056010939181,
            "t_hess": 0.076344346976839,
            "t_ls": 0.0466779230046086,
            "t_update": 6.420700810849667e-05,
            "t_iter": 0.12691541301319376,
            "trust_radius": 1.0,
            "trust_ratio": NaN,
            "trust_qp": NaN
          },
          {
            "it": 9,
            "energy": 0.3838694581179794,
            "dE": 0.02990679662215251,
            "grad_norm": 0.0014769689465647037,
            "grad_target": 1e-05,
            "grad_norm_post": NaN,
            "alpha": 0.6925523423730223,
            "ksp_its": 3,
            "ls_evals": 19,
            "ls_repaired": false,
            "used_gradient_fallback": false,
            "accepted_step": true,
            "step_norm": 76.91594730437055,
            "step_rel": 0.18351835195140423,
            "pred_reduction": NaN,
            "actual_reduction": NaN,
            "trust_rejects": 0,
            "t_grad": 0.0037474920391105115,
            "t_hess": 0.07656112499535084,
            "t_ls": 0.04669324599672109,
            "t_update": 6.617995677515864e-05,
            "t_iter": 0.12713216099655256,
            "trust_radius": 1.0,
            "trust_ratio": NaN,
            "trust_qp": NaN
          },
          {
            "it": 10,
            "energy": 0.35713061599975604,
            "dE": 0.02673884211822336,
            "grad_norm": 0.0009883707761162454,
            "grad_target": 1e-05,
            "grad_norm_post": NaN,
            "alpha": 0.5580305641846476,
            "ksp_its": 2,
            "ls_evals": 19,
            "ls_repaired": false,
            "used_gradient_fallback": false,
            "accepted_step": true,
            "step_norm": 74.07009006881304,
            "step_rel": 0.17076041002818304,
            "pred_reduction": NaN,
            "actual_reduction": NaN,
            "trust_rejects": 0,
            "t_grad": 0.003718858992215246,
            "t_hess": 0.06884154997533187,
            "t_ls": 0.046701106999535114,
            "t_update": 6.469798972830176e-05,
            "t_iter": 0.11939807300223038,
            "trust_radius": 1.0,
            "trust_ratio": NaN,
            "trust_qp": NaN
          },
          {
            "it": 11,
            "energy": 0.34678668662780576,
            "dE": 0.010343929371950278,
            "grad_norm": 0.0008624199303421661,
            "grad_target": 1e-05,
            "grad_norm_post": NaN,
            "alpha": 0.5758241835294761,
            "ksp_its": 2,
            "ls_evals": 19,
            "ls_repaired": false,
            "used_gradient_fallback": false,
            "accepted_step": true,
            "step_norm": 32.156245293365,
            "step_rel": 0.07319992743585758,
            "pred_reduction": NaN,
            "actual_reduction": NaN,
            "trust_rejects": 0,
            "t_grad": 0.00373725697863847,
            "t_hess": 0.06926395796472207,
            "t_ls": 0.046783241035882384,
            "t_update": 6.624002708122134e-05,
            "t_iter": 0.11991347302682698,
            "trust_radius": 1.0,
            "trust_ratio": NaN,
            "trust_qp": NaN
          },
          {
            "it": 12,
            "energy": 0.34563436301285144,
            "dE": 0.0011523236149543203,
            "grad_norm": 0.00029953522121968073,
            "grad_target": 1e-05,
            "grad_norm_post": NaN,
            "alpha": 1.0942848333484487,
            "ksp_its": 2,
            "ls_evals": 19,
            "ls_repaired": false,
            "used_gradient_fallback": false,
            "accepted_step": true,
            "step_norm": 8.818847710500632,
            "step_rel": 0.020013485218149253,
            "pred_reduction": NaN,
            "actual_reduction": NaN,
            "trust_rejects": 0,
            "t_grad": 0.003740752988960594,
            "t_hess": 0.0689845560118556,
            "t_ls": 0.046662868990097195,
            "t_update": 6.507901707664132e-05,
            "t_iter": 0.1195206280099228,
            "trust_radius": 1.0,
            "trust_ratio": NaN,
            "trust_qp": NaN
          },
          {
            "it": 13,
            "energy": 0.345633628501026,
            "dE": 7.345118254176164e-07,
            "grad_norm": 9.078472130966918e-06,
            "grad_target": 1e-05,
            "grad_norm_post": 2.368427325473074e-08,
            "alpha": 0.9999834732596391,
            "ksp_its": 2,
            "ls_evals": 19,
            "ls_repaired": false,
            "used_gradient_fallback": false,
            "accepted_step": true,
            "step_norm": 0.20842002220054046,
            "step_rel": 0.0004754438339549869,
            "pred_reduction": NaN,
            "actual_reduction": NaN,
            "trust_rejects": 0,
            "t_grad": 0.0037274010246619582,
            "t_hess": 0.0691858499776572,
            "t_ls": 0.046472330985125154,
            "t_update": 6.561999907717109e-05,
            "t_iter": 0.11951598996529356,
            "trust_radius": 1.0,
            "trust_ratio": NaN,
            "trust_qp": NaN
          }
        ],
        "linear_timing": [
          {
            "assemble_total_time": 0.014922648028004915,
            "setop_time": 3.344961442053318e-06,
            "set_tolerances_time": 3.204972017556429e-06,
            "pc_setup_time": 0.04503213195130229,
            "solve_time": 0.04425265302415937,
            "linear_total_time": 0.10421398293692619,
            "ksp_its": 6
          },
          {
            "assemble_total_time": 0.013648689026013017,
            "setop_time": 2.273998688906431e-06,
            "set_tolerances_time": 2.7339556254446507e-06,
            "pc_setup_time": 0.037414912949316204,
            "solve_time": 0.045091811974998564,
            "linear_total_time": 0.09616042190464213,
            "ksp_its": 6
          },
          {
            "assemble_total_time": 0.013598472985904664,
            "setop_time": 2.3230095393955708e-06,
            "set_tolerances_time": 2.394022885710001e-06,
            "pc_setup_time": 0.03684860497014597,
            "solve_time": 0.04448290099389851,
            "linear_total_time": 0.09493469598237425,
            "ksp_its": 6
          },
          {
            "assemble_total_time": 0.013628849002998322,
            "setop_time": 1.8329592421650887e-06,
            "set_tolerances_time": 2.133019734174013e-06,
            "pc_setup_time": 0.03740269399713725,
            "solve_time": 0.03826261596987024,
            "linear_total_time": 0.08929812494898215,
            "ksp_its": 5
          },
          {
            "assemble_total_time": 0.013611132046207786,
            "setop_time": 2.253043930977583e-06,
            "set_tolerances_time": 2.1129962988197803e-06,
            "pc_setup_time": 0.0370941570145078,
            "solve_time": 0.031659671978559345,
            "linear_total_time": 0.08236932707950473,
            "ksp_its": 4
          },
          {
            "assemble_total_time": 0.013777244021184742,
            "setop_time": 2.2730091586709023e-06,
            "set_tolerances_time": 2.3230095393955708e-06,
            "pc_setup_time": 0.03714849898824468,
            "solve_time": 0.025283870985731483,
            "linear_total_time": 0.07621421001385897,
            "ksp_its": 3
          },
          {
            "assemble_total_time": 0.013619053992442787,
            "setop_time": 1.6120029613375664e-06,
            "set_tolerances_time": 1.9529834389686584e-06,
            "pc_setup_time": 0.03613895102171227,
            "solve_time": 0.031194385956041515,
            "linear_total_time": 0.08095595595659688,
            "ksp_its": 4
          },
          {
            "assemble_total_time": 0.013743743009399623,
            "setop_time": 2.1230080164968967e-06,
            "set_tolerances_time": 2.1939631551504135e-06,
            "pc_setup_time": 0.037327209021896124,
            "solve_time": 0.025101083039771765,
            "linear_total_time": 0.07617635204223916,
            "ksp_its": 3
          },
          {
            "assemble_total_time": 0.013623340986669064,
            "setop_time": 2.102984581142664e-06,
            "set_tolerances_time": 2.1230080164968967e-06,
            "pc_setup_time": 0.03741848800564185,
            "solve_time": 0.025353886012453586,
            "linear_total_time": 0.07639994099736214,
            "ksp_its": 3
          },
          {
            "assemble_total_time": 0.013651513960212469,
            "setop_time": 1.8030405044555664e-06,
            "set_tolerances_time": 2.3129978217184544e-06,
            "pc_setup_time": 0.03655626199906692,
            "solve_time": 0.01846937503432855,
            "linear_total_time": 0.06868126703193411,
            "ksp_its": 2
          },
          {
            "assemble_total_time": 0.013657170988153666,
            "setop_time": 1.9230064935982227e-06,
            "set_tolerances_time": 2.493034116923809e-06,
            "pc_setup_time": 0.03687413298757747,
            "solve_time": 0.018566351966001093,
            "linear_total_time": 0.06910207198234275,
            "ksp_its": 2
          },
          {
            "assemble_total_time": 0.013610391004476696,
            "setop_time": 1.8830178305506706e-06,
            "set_tolerances_time": 2.394022885710001e-06,
            "pc_setup_time": 0.03683405200717971,
            "solve_time": 0.01837800699286163,
            "linear_total_time": 0.06882672704523429,
            "ksp_its": 2
          },
          {
            "assemble_total_time": 0.013649209984578192,
            "setop_time": 1.5319674275815487e-06,
            "set_tolerances_time": 2.1230080164968967e-06,
            "pc_setup_time": 0.0368690459872596,
            "solve_time": 0.018488474015612155,
            "linear_total_time": 0.06901038496289402,
            "ksp_its": 2
          }
        ]
      }
    ],
    "metadata": {
      "nprocs": 8,
      "linear_solver": {
        "ksp_type": "gmres",
        "pc_type": "hypre",
        "ksp_rtol": 0.001,
        "ksp_max_it": 200,
        "pc_setup_on_ksp_cap": false,
        "gamg_threshold": 0.05,
        "gamg_agg_nsmooths": 1,
        "gamg_set_coordinates": true,
        "assembly_mode": "fenics",
        "assembler": "FEniCSFormAssembly",
        "distribution_strategy": "dolfinx_mesh_partition",
        "trust_subproblem_solver": "direct_linear_solve",
        "trust_subproblem_line_search": false
      },
      "newton": {
        "tolf": 1e-06,
        "tolg": 1e-05,
        "tolg_rel": 0.001,
        "tolx_rel": 0.001,
        "tolx_abs": 1e-10,
        "maxit": 100,
        "require_all_convergence": true,
        "fail_on_nonfinite": true,
        "linesearch_interval": [
          -0.5,
          2.0
        ],
        "linesearch_tol": 0.001,
        "trust_region": false,
        "trust_radius_init": 1.0,
        "trust_radius_min": 1e-08,
        "trust_radius_max": 1000000.0,
        "trust_subproblem_line_search": false,
        "step_time_limit_s": null
      }
    }
  }
}
