An NVIDIA GPU may be present on this machine, but a CUDA-enabled jaxlib is not installed. Falling back to cpu.
An NVIDIA GPU may be present on this machine, but a CUDA-enabled jaxlib is not installed. Falling back to cpu.
An NVIDIA GPU may be present on this machine, but a CUDA-enabled jaxlib is not installed. Falling back to cpu.
An NVIDIA GPU may be present on this machine, but a CUDA-enabled jaxlib is not installed. Falling back to cpu.
An NVIDIA GPU may be present on this machine, but a CUDA-enabled jaxlib is not installed. Falling back to cpu.
An NVIDIA GPU may be present on this machine, but a CUDA-enabled jaxlib is not installed. Falling back to cpu.
An NVIDIA GPU may be present on this machine, but a CUDA-enabled jaxlib is not installed. Falling back to cpu.
An NVIDIA GPU may be present on this machine, but a CUDA-enabled jaxlib is not installed. Falling back to cpu.
An NVIDIA GPU may be present on this machine, but a CUDA-enabled jaxlib is not installed. Falling back to cpu.
An NVIDIA GPU may be present on this machine, but a CUDA-enabled jaxlib is not installed. Falling back to cpu.
An NVIDIA GPU may be present on this machine, but a CUDA-enabled jaxlib is not installed. Falling back to cpu.
An NVIDIA GPU may be present on this machine, but a CUDA-enabled jaxlib is not installed. Falling back to cpu.
An NVIDIA GPU may be present on this machine, but a CUDA-enabled jaxlib is not installed. Falling back to cpu.
An NVIDIA GPU may be present on this machine, but a CUDA-enabled jaxlib is not installed. Falling back to cpu.
An NVIDIA GPU may be present on this machine, but a CUDA-enabled jaxlib is not installed. Falling back to cpu.
An NVIDIA GPU may be present on this machine, but a CUDA-enabled jaxlib is not installed. Falling back to cpu.
An NVIDIA GPU may be present on this machine, but a CUDA-enabled jaxlib is not installed. Falling back to cpu.
An NVIDIA GPU may be present on this machine, but a CUDA-enabled jaxlib is not installed. Falling back to cpu.
An NVIDIA GPU may be present on this machine, but a CUDA-enabled jaxlib is not installed. Falling back to cpu.
An NVIDIA GPU may be present on this machine, but a CUDA-enabled jaxlib is not installed. Falling back to cpu.
An NVIDIA GPU may be present on this machine, but a CUDA-enabled jaxlib is not installed. Falling back to cpu.
An NVIDIA GPU may be present on this machine, but a CUDA-enabled jaxlib is not installed. Falling back to cpu.
An NVIDIA GPU may be present on this machine, but a CUDA-enabled jaxlib is not installed. Falling back to cpu.
An NVIDIA GPU may be present on this machine, but a CUDA-enabled jaxlib is not installed. Falling back to cpu.
An NVIDIA GPU may be present on this machine, but a CUDA-enabled jaxlib is not installed. Falling back to cpu.
An NVIDIA GPU may be present on this machine, but a CUDA-enabled jaxlib is not installed. Falling back to cpu.
An NVIDIA GPU may be present on this machine, but a CUDA-enabled jaxlib is not installed. Falling back to cpu.
An NVIDIA GPU may be present on this machine, but a CUDA-enabled jaxlib is not installed. Falling back to cpu.
An NVIDIA GPU may be present on this machine, but a CUDA-enabled jaxlib is not installed. Falling back to cpu.
An NVIDIA GPU may be present on this machine, but a CUDA-enabled jaxlib is not installed. Falling back to cpu.
An NVIDIA GPU may be present on this machine, but a CUDA-enabled jaxlib is not installed. Falling back to cpu.
An NVIDIA GPU may be present on this machine, but a CUDA-enabled jaxlib is not installed. Falling back to cpu.
{
  "case": {
    "problem": "gl",
    "backend": "element",
    "level": 6,
    "out": "/home/michal/repos/fenics_nonlinear_energies/experiment_results_cache/gl_final_suite/jax_petsc_local_sfd_l6_np32.json",
    "quiet": true,
    "save_history": true,
    "save_linear_timing": true,
    "steps": 1,
    "start_step": 1,
    "total_steps": 24,
    "ksp_type": "gmres",
    "pc_type": "hypre",
    "ksp_rtol": 0.001,
    "ksp_max_it": 200,
    "profile": "reference",
    "coloring_trials": 10,
    "nproc_threads": 1,
    "hvp_eval_mode": "sequential",
    "element_reorder_mode": "block_xyz",
    "local_hessian_mode": "sfd_local",
    "tolf": 1e-06,
    "tolg": 1e-05,
    "tolg_rel": 0.001,
    "tolx_rel": 0.001,
    "tolx_abs": 1e-10,
    "maxit": 100,
    "step_time_limit_s": null,
    "linesearch_a": -0.5,
    "linesearch_b": 2.0,
    "linesearch_tol": 0.001,
    "use_trust_region": false,
    "trust_radius_init": 1.0,
    "trust_radius_min": 1e-08,
    "trust_radius_max": 1000000.0,
    "trust_shrink": 0.5,
    "trust_expand": 1.5,
    "trust_eta_shrink": 0.05,
    "trust_eta_expand": 0.75,
    "trust_max_reject": 6,
    "trust_subproblem_line_search": false,
    "local_coloring": true,
    "retry_on_failure": false,
    "pc_setup_on_ksp_cap": false,
    "use_near_nullspace": true,
    "reorder": null,
    "gamg_threshold": 0.05,
    "gamg_agg_nsmooths": 1,
    "gamg_set_coordinates": true
  },
  "result": {
    "mesh_level": 6,
    "total_dofs": 16641,
    "free_dofs": 16129,
    "setup_time": 1.058025,
    "solve_time_total": 0.360177,
    "total_time": 1.498315,
    "steps": [
      {
        "step": 1,
        "time": 0.360177,
        "nit": 8,
        "linear_iters": 35,
        "energy": 0.34577661109023916,
        "message": "Converged (energy, step, gradient)",
        "attempt": "primary",
        "ksp_rtol_used": 0.001,
        "ksp_max_it_used": 200,
        "linesearch_interval_used": [
          -0.5,
          2.0
        ],
        "history": [
          {
            "it": 1,
            "energy": 0.5649603073355791,
            "dE": 0.10038138920766237,
            "grad_norm": 0.007407961475354023,
            "grad_target": 1e-05,
            "grad_norm_post": NaN,
            "alpha": -0.26602837293142245,
            "ksp_its": 10,
            "ls_evals": 19,
            "ls_repaired": false,
            "used_gradient_fallback": false,
            "accepted_step": true,
            "step_norm": 32.35642022987069,
            "step_rel": 0.5055690660917296,
            "pred_reduction": NaN,
            "actual_reduction": NaN,
            "trust_rejects": 0,
            "t_grad": 0.0005638659931719303,
            "t_hess": 0.06333821499720216,
            "t_ls": 0.013063972000963986,
            "t_update": 2.273998688906431e-06,
            "t_iter": 0.07704572397051379,
            "trust_radius": 1.0,
            "trust_ratio": NaN,
            "trust_qp": NaN
          },
          {
            "it": 2,
            "energy": 0.5100949442187792,
            "dE": 0.0548653631167999,
            "grad_norm": 0.008265700991808232,
            "grad_target": 1e-05,
            "grad_norm_post": NaN,
            "alpha": 0.3292074259073209,
            "ksp_its": 6,
            "ls_evals": 19,
            "ls_repaired": false,
            "used_gradient_fallback": false,
            "accepted_step": true,
            "step_norm": 26.07671319690802,
            "step_rel": 0.3264734898404624,
            "pred_reduction": NaN,
            "actual_reduction": NaN,
            "trust_rejects": 0,
            "t_grad": 0.0004738090210594237,
            "t_hess": 0.04182375897653401,
            "t_ls": 0.011230049945879728,
            "t_update": 2.4030450731515884e-06,
            "t_iter": 0.05357747303787619,
            "trust_radius": 1.0,
            "trust_ratio": NaN,
            "trust_qp": NaN
          },
          {
            "it": 3,
            "energy": 0.44814188156028895,
            "dE": 0.061953062658490266,
            "grad_norm": 0.00449159653664846,
            "grad_target": 1e-05,
            "grad_norm_post": NaN,
            "alpha": -0.2579969146180151,
            "ksp_its": 5,
            "ls_evals": 19,
            "ls_repaired": false,
            "used_gradient_fallback": false,
            "accepted_step": true,
            "step_norm": 31.937935316559674,
            "step_rel": 0.34093504934243096,
            "pred_reduction": NaN,
            "actual_reduction": NaN,
            "trust_rejects": 0,
            "t_grad": 0.00047756399726495147,
            "t_hess": 0.03053591202478856,
            "t_ls": 0.012366454000584781,
            "t_update": 2.7740024961531162e-06,
            "t_iter": 0.043450177006889135,
            "trust_radius": 1.0,
            "trust_ratio": NaN,
            "trust_qp": NaN
          },
          {
            "it": 4,
            "energy": 0.37952429773898416,
            "dE": 0.06861758382130478,
            "grad_norm": 0.0069525545817329375,
            "grad_target": 1e-05,
            "grad_norm_post": NaN,
            "alpha": 0.17662462009857738,
            "ksp_its": 5,
            "ls_evals": 19,
            "ls_repaired": false,
            "used_gradient_fallback": false,
            "accepted_step": true,
            "step_norm": 27.75513731822069,
            "step_rel": 0.2768086105844998,
            "pred_reduction": NaN,
            "actual_reduction": NaN,
            "trust_rejects": 0,
            "t_grad": 0.00033361598616465926,
            "t_hess": 0.030639679986052215,
            "t_ls": 0.011372694978490472,
            "t_update": 2.4440232664346695e-06,
            "t_iter": 0.04239351401338354,
            "trust_radius": 1.0,
            "trust_ratio": NaN,
            "trust_qp": NaN
          },
          {
            "it": 5,
            "energy": 0.35204218501001694,
            "dE": 0.027482112728967223,
            "grad_norm": 0.006305002395847297,
            "grad_target": 1e-05,
            "grad_norm_post": NaN,
            "alpha": 0.5432025480639572,
            "ksp_its": 3,
            "ls_evals": 19,
            "ls_repaired": false,
            "used_gradient_fallback": false,
            "accepted_step": true,
            "step_norm": 12.292178420242477,
            "step_rel": 0.11497885968187774,
            "pred_reduction": NaN,
            "actual_reduction": NaN,
            "trust_rejects": 0,
            "t_grad": 0.00043487001676112413,
            "t_hess": 0.02517196402186528,
            "t_ls": 0.012346202973276377,
            "t_update": 2.5939662009477615e-06,
            "t_iter": 0.037998485029675066,
            "trust_radius": 1.0,
            "trust_ratio": NaN,
            "trust_qp": NaN
          },
          {
            "it": 6,
            "energy": 0.34582430479447857,
            "dE": 0.006217880215538374,
            "grad_norm": 0.0029030234077230704,
            "grad_target": 1e-05,
            "grad_norm_post": NaN,
            "alpha": 1.0472678574419236,
            "ksp_its": 2,
            "ls_evals": 19,
            "ls_repaired": false,
            "used_gradient_fallback": false,
            "accepted_step": true,
            "step_norm": 4.795424451602264,
            "step_rel": 0.04371710587414647,
            "pred_reduction": NaN,
            "actual_reduction": NaN,
            "trust_rejects": 0,
            "t_grad": 0.00038283102912828326,
            "t_hess": 0.022604006982874125,
            "t_ls": 0.012161883001681417,
            "t_update": 2.8240028768777847e-06,
            "t_iter": 0.035192097013350576,
            "trust_radius": 1.0,
            "trust_ratio": NaN,
            "trust_qp": NaN
          },
          {
            "it": 7,
            "energy": 0.34577661589146225,
            "dE": 4.768890301631856e-05,
            "grad_norm": 0.00021187873988630376,
            "grad_target": 1e-05,
            "grad_norm_post": NaN,
            "alpha": 1.0162116572904856,
            "ksp_its": 2,
            "ls_evals": 19,
            "ls_repaired": false,
            "used_gradient_fallback": false,
            "accepted_step": true,
            "step_norm": 0.496855521724513,
            "step_rel": 0.00452167597077847,
            "pred_reduction": NaN,
            "actual_reduction": NaN,
            "trust_rejects": 0,
            "t_grad": 0.0003345379955135286,
            "t_hess": 0.021109519992023706,
            "t_ls": 0.011717738991137594,
            "t_update": 2.4939654394984245e-06,
            "t_iter": 0.03320727503160015,
            "trust_radius": 1.0,
            "trust_ratio": NaN,
            "trust_qp": NaN
          },
          {
            "it": 8,
            "energy": 0.34577661109023916,
            "dE": 4.8012230857708005e-09,
            "grad_norm": 2.27832107686515e-06,
            "grad_target": 1e-05,
            "grad_norm_post": 7.140257796246504e-09,
            "alpha": 0.9999834732596391,
            "ksp_its": 2,
            "ls_evals": 19,
            "ls_repaired": false,
            "used_gradient_fallback": false,
            "accepted_step": true,
            "step_norm": 0.004842970762876018,
            "step_rel": 4.4192249877440747e-05,
            "pred_reduction": NaN,
            "actual_reduction": NaN,
            "trust_rejects": 0,
            "t_grad": 0.0003378819674253464,
            "t_hess": 0.02372694102814421,
            "t_ls": 0.011473208025563508,
            "t_update": 2.242974005639553e-06,
            "t_iter": 0.035601378011051565,
            "trust_radius": 1.0,
            "trust_ratio": NaN,
            "trust_qp": NaN
          }
        ],
        "linear_timing": [
          {
            "assemble_total_time": 0.00086011498933658,
            "assemble_p2p_exchange": 0.00015718798385933042,
            "assemble_hvp_compute": 0.0003692900063470006,
            "assemble_extraction": 3.958999877795577e-05,
            "assemble_coo_assembly": 0.00027258298359811306,
            "assemble_n_hvps": 8,
            "setop_time": 2.434011548757553e-06,
            "set_tolerances_time": 1.7230049706995487e-06,
            "pc_setup_time": 0.030574872042052448,
            "solve_time": 0.031813741952646524,
            "linear_total_time": 0.06325288600055501,
            "ksp_its": 10
          },
          {
            "assemble_total_time": 0.0011783280060626566,
            "assemble_p2p_exchange": 0.00016503996448591352,
            "assemble_hvp_compute": 0.0003066349891014397,
            "assemble_extraction": 4.244397860020399e-05,
            "assemble_coo_assembly": 0.0006459910073317587,
            "assemble_n_hvps": 8,
            "setop_time": 2.3129978217184544e-06,
            "set_tolerances_time": 1.7830170691013336e-06,
            "pc_setup_time": 0.02660540904616937,
            "solve_time": 0.013980944000650197,
            "linear_total_time": 0.041768777067773044,
            "ksp_its": 6
          },
          {
            "assemble_total_time": 0.0009851250215433538,
            "assemble_p2p_exchange": 0.00015349197201430798,
            "assemble_hvp_compute": 0.0003115920117124915,
            "assemble_extraction": 3.717700019478798e-05,
            "assemble_coo_assembly": 0.00046882196329534054,
            "assemble_n_hvps": 8,
            "setop_time": 2.202985342592001e-06,
            "set_tolerances_time": 1.7630518414080143e-06,
            "pc_setup_time": 0.01883400703081861,
            "solve_time": 0.01064104598481208,
            "linear_total_time": 0.030464144074358046,
            "ksp_its": 5
          },
          {
            "assemble_total_time": 0.0006803029682487249,
            "assemble_p2p_exchange": 0.00012965797213837504,
            "assemble_hvp_compute": 0.0002989040222018957,
            "assemble_extraction": 3.541400656104088e-05,
            "assemble_coo_assembly": 0.0002027879818342626,
            "assemble_n_hvps": 8,
            "setop_time": 1.753040123730898e-06,
            "set_tolerances_time": 1.241976860910654e-06,
            "pc_setup_time": 0.017982674995437264,
            "solve_time": 0.011924693011678755,
            "linear_total_time": 0.030590665992349386,
            "ksp_its": 5
          },
          {
            "assemble_total_time": 0.0008806160185486078,
            "assemble_p2p_exchange": 0.00015366397565230727,
            "assemble_hvp_compute": 0.00031155202304944396,
            "assemble_extraction": 4.94449632242322e-05,
            "assemble_coo_assembly": 0.0003493300173431635,
            "assemble_n_hvps": 8,
            "setop_time": 2.0230072550475597e-06,
            "set_tolerances_time": 1.341977622359991e-06,
            "pc_setup_time": 0.017351867980323732,
            "solve_time": 0.006888592033647001,
            "linear_total_time": 0.025124441017396748,
            "ksp_its": 3
          },
          {
            "assemble_total_time": 0.0006591299897991121,
            "assemble_p2p_exchange": 0.00014448905130848289,
            "assemble_hvp_compute": 0.0003095989814028144,
            "assemble_extraction": 3.787799505516887e-05,
            "assemble_coo_assembly": 0.00015255098696798086,
            "assemble_n_hvps": 8,
            "setop_time": 1.8619466572999954e-06,
            "set_tolerances_time": 1.3120006769895554e-06,
            "pc_setup_time": 0.016852200031280518,
            "solve_time": 0.005039745999965817,
            "linear_total_time": 0.022554249968379736,
            "ksp_its": 2
          },
          {
            "assemble_total_time": 0.0007463420042768121,
            "assemble_p2p_exchange": 0.0001247599720954895,
            "assemble_hvp_compute": 0.0005002690013498068,
            "assemble_extraction": 3.283994738012552e-05,
            "assemble_coo_assembly": 7.491401629522443e-05,
            "assemble_n_hvps": 8,
            "setop_time": 1.8220162019133568e-06,
            "set_tolerances_time": 1.4829565770924091e-06,
            "pc_setup_time": 0.015720602998044342,
            "solve_time": 0.004592619021423161,
            "linear_total_time": 0.02106286899652332,
            "ksp_its": 2
          },
          {
            "assemble_total_time": 0.0006496160058304667,
            "assemble_p2p_exchange": 0.00011665798956528306,
            "assemble_hvp_compute": 0.00030801701359450817,
            "assemble_extraction": 3.5634031519293785e-05,
            "assemble_coo_assembly": 0.00017618801211938262,
            "assemble_n_hvps": 8,
            "setop_time": 1.9929721020162106e-06,
            "set_tolerances_time": 1.441978383809328e-06,
            "pc_setup_time": 0.018014423025306314,
            "solve_time": 0.004993947979528457,
            "linear_total_time": 0.023661421961151063,
            "ksp_its": 2
          }
        ]
      }
    ],
    "metadata": {
      "profile": "reference",
      "nprocs": 32,
      "nproc_threads": 1,
      "linear_solver": {
        "ksp_type": "gmres",
        "pc_type": "hypre",
        "ksp_rtol": 0.001,
        "ksp_max_it": 200,
        "pc_setup_on_ksp_cap": false,
        "gamg_threshold": 0.05,
        "gamg_agg_nsmooths": 1,
        "gamg_set_coordinates": true,
        "reorder": true,
        "hvp_eval_mode": "sfd_local_batched",
        "assembly_mode": "element",
        "element_reorder_mode": "block_xyz",
        "local_hessian_mode": "sfd_local",
        "distribution_strategy": "overlap_allgather",
        "assembler": "GLReorderedElementAssembler",
        "trust_subproblem_solver": "direct_linear_solve",
        "trust_subproblem_line_search": false
      },
      "newton": {
        "tolf": 1e-06,
        "tolg": 1e-05,
        "tolg_rel": 0.001,
        "tolx_rel": 0.001,
        "tolx_abs": 1e-10,
        "maxit": 100,
        "require_all_convergence": true,
        "fail_on_nonfinite": true,
        "linesearch_interval": [
          -0.5,
          2.0
        ],
        "linesearch_tol": 0.001,
        "trust_region": false,
        "trust_radius_init": 1.0,
        "trust_radius_min": 1e-08,
        "trust_radius_max": 1000000.0,
        "trust_subproblem_line_search": false,
        "step_time_limit_s": null
      }
    }
  }
}
