An NVIDIA GPU may be present on this machine, but a CUDA-enabled jaxlib is not installed. Falling back to cpu.
An NVIDIA GPU may be present on this machine, but a CUDA-enabled jaxlib is not installed. Falling back to cpu.
An NVIDIA GPU may be present on this machine, but a CUDA-enabled jaxlib is not installed. Falling back to cpu.
An NVIDIA GPU may be present on this machine, but a CUDA-enabled jaxlib is not installed. Falling back to cpu.
An NVIDIA GPU may be present on this machine, but a CUDA-enabled jaxlib is not installed. Falling back to cpu.
An NVIDIA GPU may be present on this machine, but a CUDA-enabled jaxlib is not installed. Falling back to cpu.
An NVIDIA GPU may be present on this machine, but a CUDA-enabled jaxlib is not installed. Falling back to cpu.
An NVIDIA GPU may be present on this machine, but a CUDA-enabled jaxlib is not installed. Falling back to cpu.
{
  "case": {
    "problem": "gl",
    "backend": "element",
    "level": 8,
    "out": "/home/michal/repos/fenics_nonlinear_energies/experiment_results_cache/gl_final_suite/jax_petsc_local_sfd_l8_np8.json",
    "quiet": true,
    "save_history": true,
    "save_linear_timing": true,
    "steps": 1,
    "start_step": 1,
    "total_steps": 24,
    "ksp_type": "gmres",
    "pc_type": "hypre",
    "ksp_rtol": 0.001,
    "ksp_max_it": 200,
    "profile": "reference",
    "coloring_trials": 10,
    "nproc_threads": 1,
    "hvp_eval_mode": "sequential",
    "element_reorder_mode": "block_xyz",
    "local_hessian_mode": "sfd_local",
    "tolf": 1e-06,
    "tolg": 1e-05,
    "tolg_rel": 0.001,
    "tolx_rel": 0.001,
    "tolx_abs": 1e-10,
    "maxit": 100,
    "step_time_limit_s": null,
    "linesearch_a": -0.5,
    "linesearch_b": 2.0,
    "linesearch_tol": 0.001,
    "use_trust_region": false,
    "trust_radius_init": 1.0,
    "trust_radius_min": 1e-08,
    "trust_radius_max": 1000000.0,
    "trust_shrink": 0.5,
    "trust_expand": 1.5,
    "trust_eta_shrink": 0.05,
    "trust_eta_expand": 0.75,
    "trust_max_reject": 6,
    "trust_subproblem_line_search": false,
    "local_coloring": true,
    "retry_on_failure": false,
    "pc_setup_on_ksp_cap": false,
    "use_near_nullspace": true,
    "reorder": null,
    "gamg_threshold": 0.05,
    "gamg_agg_nsmooths": 1,
    "gamg_set_coordinates": true
  },
  "result": {
    "mesh_level": 8,
    "total_dofs": 263169,
    "free_dofs": 261121,
    "setup_time": 1.565378,
    "solve_time_total": 1.121866,
    "total_time": 2.898699,
    "steps": [
      {
        "step": 1,
        "time": 1.121866,
        "nit": 6,
        "linear_iters": 20,
        "energy": 0.3456336282715499,
        "message": "Converged (energy, step, gradient)",
        "attempt": "primary",
        "ksp_rtol_used": 0.001,
        "ksp_max_it_used": 200,
        "linesearch_interval_used": [
          -0.5,
          2.0
        ],
        "history": [
          {
            "it": 1,
            "energy": 0.4696954007441151,
            "dE": 0.19560627812348252,
            "grad_norm": 0.0018523798253574071,
            "grad_target": 1e-05,
            "grad_norm_post": NaN,
            "alpha": -0.49964995802247814,
            "ksp_its": 5,
            "ls_evals": 19,
            "ls_repaired": false,
            "used_gradient_fallback": false,
            "accepted_step": true,
            "step_norm": 121.34994351232984,
            "step_rel": 0.4740232168450385,
            "pred_reduction": NaN,
            "actual_reduction": NaN,
            "trust_rejects": 0,
            "t_grad": 0.003945981967262924,
            "t_hess": 0.1301902619889006,
            "t_ls": 0.0667426289874129,
            "t_update": 3.615499008446932e-05,
            "t_iter": 0.20100212894612923,
            "trust_radius": 1.0,
            "trust_ratio": NaN,
            "trust_qp": NaN
          },
          {
            "it": 2,
            "energy": 0.4143867437202401,
            "dE": 0.055308657023874996,
            "grad_norm": 0.0019883950599397207,
            "grad_target": 1e-05,
            "grad_norm_post": NaN,
            "alpha": 0.048466724037982245,
            "ksp_its": 7,
            "ls_evals": 19,
            "ls_repaired": false,
            "used_gradient_fallback": false,
            "accepted_step": true,
            "step_norm": 83.17695862605045,
            "step_rel": 0.2462915112061983,
            "pred_reduction": NaN,
            "actual_reduction": NaN,
            "trust_rejects": 0,
            "t_grad": 0.0038996420335024595,
            "t_hess": 0.13394319999497384,
            "t_ls": 0.06707390898372978,
            "t_update": 3.731698961928487e-05,
            "t_iter": 0.20504989300388843,
            "trust_radius": 1.0,
            "trust_ratio": NaN,
            "trust_qp": NaN
          },
          {
            "it": 3,
            "energy": 0.34872970213986487,
            "dE": 0.06565704158037522,
            "grad_norm": 0.0018770703809120122,
            "grad_target": 1e-05,
            "grad_norm_post": NaN,
            "alpha": 0.609413311225579,
            "ksp_its": 2,
            "ls_evals": 19,
            "ls_repaired": false,
            "used_gradient_fallback": false,
            "accepted_step": true,
            "step_norm": 78.47321872136116,
            "step_rel": 0.20871266215721784,
            "pred_reduction": NaN,
            "actual_reduction": NaN,
            "trust_rejects": 0,
            "t_grad": 0.0039031769847497344,
            "t_hess": 0.10539406398311257,
            "t_ls": 0.06645291001768783,
            "t_update": 3.6645971704274416e-05,
            "t_iter": 0.175868459045887,
            "trust_radius": 1.0,
            "trust_ratio": NaN,
            "trust_qp": NaN
          },
          {
            "it": 4,
            "energy": 0.3456531247621216,
            "dE": 0.0030765773777432504,
            "grad_norm": 0.0005640691643198601,
            "grad_target": 1e-05,
            "grad_norm_post": NaN,
            "alpha": 1.0495333767109145,
            "ksp_its": 2,
            "ls_evals": 19,
            "ls_repaired": false,
            "used_gradient_fallback": false,
            "accepted_step": true,
            "step_norm": 14.636541212823639,
            "step_rel": 0.033451304231995445,
            "pred_reduction": NaN,
            "actual_reduction": NaN,
            "trust_rejects": 0,
            "t_grad": 0.0037980980123393238,
            "t_hess": 0.106159913004376,
            "t_ls": 0.06687600997975096,
            "t_update": 3.615400055423379e-05,
            "t_iter": 0.17697372200200334,
            "trust_radius": 1.0,
            "trust_ratio": NaN,
            "trust_qp": NaN
          },
          {
            "it": 5,
            "energy": 0.3456336293467316,
            "dE": 1.9495415390036186e-05,
            "grad_norm": 3.7113233425256455e-05,
            "grad_target": 1e-05,
            "grad_norm_post": NaN,
            "alpha": 1.0118458861561124,
            "ksp_its": 2,
            "ls_evals": 19,
            "ls_repaired": false,
            "used_gradient_fallback": false,
            "accepted_step": true,
            "step_norm": 1.2631936276977827,
            "step_rel": 0.0028770310410652783,
            "pred_reduction": NaN,
            "actual_reduction": NaN,
            "trust_rejects": 0,
            "t_grad": 0.0038309480296447873,
            "t_hess": 0.10488101694500074,
            "t_ls": 0.06791938899550587,
            "t_update": 3.751600161194801e-05,
            "t_iter": 0.1767496030079201,
            "trust_radius": 1.0,
            "trust_ratio": NaN,
            "trust_qp": NaN
          },
          {
            "it": 6,
            "energy": 0.3456336282715499,
            "dE": 1.0751816659215763e-09,
            "grad_norm": 3.3640984710960316e-07,
            "grad_target": 1e-05,
            "grad_norm_post": 1.293661335145123e-09,
            "alpha": 0.9999834732596391,
            "ksp_its": 2,
            "ls_evals": 19,
            "ls_repaired": false,
            "used_gradient_fallback": false,
            "accepted_step": true,
            "step_norm": 0.009143503259295874,
            "step_rel": 2.0860248681198582e-05,
            "pred_reduction": NaN,
            "actual_reduction": NaN,
            "trust_rejects": 0,
            "t_grad": 0.0039018349489197135,
            "t_hess": 0.10662225197302178,
            "t_ls": 0.06812199600972235,
            "t_update": 3.635499160736799e-05,
            "t_iter": 0.17876444198191166,
            "trust_radius": 1.0,
            "trust_ratio": NaN,
            "trust_qp": NaN
          }
        ],
        "linear_timing": [
          {
            "assemble_total_time": 0.06281141901854426,
            "assemble_p2p_exchange": 0.0009956769063137472,
            "assemble_hvp_compute": 0.06054247502470389,
            "assemble_extraction": 0.0007006400264799595,
            "assemble_coo_assembly": 0.0004858050378970802,
            "assemble_n_hvps": 8,
            "setop_time": 3.155029844492674e-06,
            "set_tolerances_time": 2.543965820223093e-06,
            "pc_setup_time": 0.03760793700348586,
            "solve_time": 0.0296768739935942,
            "linear_total_time": 0.13010192901128903,
            "ksp_its": 5
          },
          {
            "assemble_total_time": 0.05934865801827982,
            "assemble_p2p_exchange": 0.001032151049003005,
            "assemble_hvp_compute": 0.05596896295901388,
            "assemble_extraction": 0.0011949490290135145,
            "assemble_coo_assembly": 0.00107867200858891,
            "assemble_n_hvps": 8,
            "setop_time": 2.763990778476e-06,
            "set_tolerances_time": 2.614047843962908e-06,
            "pc_setup_time": 0.033570375002454966,
            "solve_time": 0.04092797002522275,
            "linear_total_time": 0.13385238108457997,
            "ksp_its": 7
          },
          {
            "assemble_total_time": 0.057770179002545774,
            "assemble_p2p_exchange": 0.0010078749619424343,
            "assemble_hvp_compute": 0.054747534974012524,
            "assemble_extraction": 0.001114086015149951,
            "assemble_coo_assembly": 0.0008362549706362188,
            "assemble_n_hvps": 8,
            "setop_time": 2.362998202443123e-06,
            "set_tolerances_time": 2.033018972724676e-06,
            "pc_setup_time": 0.032953121000900865,
            "solve_time": 0.01458739599911496,
            "linear_total_time": 0.10531509201973677,
            "ksp_its": 2
          },
          {
            "assemble_total_time": 0.059475841000676155,
            "assemble_p2p_exchange": 0.0009304980630986392,
            "assemble_hvp_compute": 0.05701913294615224,
            "assemble_extraction": 0.0007552229799330235,
            "assemble_coo_assembly": 0.000702282995916903,
            "assemble_n_hvps": 8,
            "setop_time": 2.64396658167243e-06,
            "set_tolerances_time": 2.162996679544449e-06,
            "pc_setup_time": 0.03215752699179575,
            "solve_time": 0.014441174978855997,
            "linear_total_time": 0.10607934993458912,
            "ksp_its": 2
          },
          {
            "assemble_total_time": 0.05838073301129043,
            "assemble_p2p_exchange": 0.0009620159980840981,
            "assemble_hvp_compute": 0.056183677981607616,
            "assemble_extraction": 0.0006966540240682662,
            "assemble_coo_assembly": 0.0004617689992301166,
            "assemble_n_hvps": 8,
            "setop_time": 2.5840126909315586e-06,
            "set_tolerances_time": 2.2730091586709023e-06,
            "pc_setup_time": 0.03208613902097568,
            "solve_time": 0.014329666970297694,
            "linear_total_time": 0.1048013960244134,
            "ksp_its": 2
          },
          {
            "assemble_total_time": 0.0599266630015336,
            "assemble_p2p_exchange": 0.0010678060352802277,
            "assemble_hvp_compute": 0.05766470899106935,
            "assemble_extraction": 0.0007138000219129026,
            "assemble_coo_assembly": 0.0004129449953325093,
            "assemble_n_hvps": 8,
            "setop_time": 2.5240005925297737e-06,
            "set_tolerances_time": 2.1529849618673325e-06,
            "pc_setup_time": 0.032236345985438675,
            "solve_time": 0.014374485006555915,
            "linear_total_time": 0.10654217097908258,
            "ksp_its": 2
          }
        ]
      }
    ],
    "metadata": {
      "profile": "reference",
      "nprocs": 8,
      "nproc_threads": 1,
      "linear_solver": {
        "ksp_type": "gmres",
        "pc_type": "hypre",
        "ksp_rtol": 0.001,
        "ksp_max_it": 200,
        "pc_setup_on_ksp_cap": false,
        "gamg_threshold": 0.05,
        "gamg_agg_nsmooths": 1,
        "gamg_set_coordinates": true,
        "reorder": true,
        "hvp_eval_mode": "sfd_local_batched",
        "assembly_mode": "element",
        "element_reorder_mode": "block_xyz",
        "local_hessian_mode": "sfd_local",
        "distribution_strategy": "overlap_allgather",
        "assembler": "GLReorderedElementAssembler",
        "trust_subproblem_solver": "direct_linear_solve",
        "trust_subproblem_line_search": false
      },
      "newton": {
        "tolf": 1e-06,
        "tolg": 1e-05,
        "tolg_rel": 0.001,
        "tolx_rel": 0.001,
        "tolx_abs": 1e-10,
        "maxit": 100,
        "require_all_convergence": true,
        "fail_on_nonfinite": true,
        "linesearch_interval": [
          -0.5,
          2.0
        ],
        "linesearch_tol": 0.001,
        "trust_region": false,
        "trust_radius_init": 1.0,
        "trust_radius_min": 1e-08,
        "trust_radius_max": 1000000.0,
        "trust_subproblem_line_search": false,
        "step_time_limit_s": null
      }
    }
  }
}
