An NVIDIA GPU may be present on this machine, but a CUDA-enabled jaxlib is not installed. Falling back to cpu.
An NVIDIA GPU may be present on this machine, but a CUDA-enabled jaxlib is not installed. Falling back to cpu.
{
  "case": {
    "problem": "gl",
    "backend": "element",
    "level": 8,
    "out": "/home/michal/repos/fenics_nonlinear_energies/experiment_results_cache/gl_final_suite/jax_petsc_element_l8_np2.json",
    "quiet": true,
    "save_history": true,
    "save_linear_timing": true,
    "steps": 1,
    "start_step": 1,
    "total_steps": 24,
    "ksp_type": "gmres",
    "pc_type": "hypre",
    "ksp_rtol": 0.001,
    "ksp_max_it": 200,
    "profile": "reference",
    "coloring_trials": 10,
    "nproc_threads": 1,
    "hvp_eval_mode": "sequential",
    "element_reorder_mode": "block_xyz",
    "local_hessian_mode": "element",
    "tolf": 1e-06,
    "tolg": 1e-05,
    "tolg_rel": 0.001,
    "tolx_rel": 0.001,
    "tolx_abs": 1e-10,
    "maxit": 100,
    "step_time_limit_s": null,
    "linesearch_a": -0.5,
    "linesearch_b": 2.0,
    "linesearch_tol": 0.001,
    "use_trust_region": false,
    "trust_radius_init": 1.0,
    "trust_radius_min": 1e-08,
    "trust_radius_max": 1000000.0,
    "trust_shrink": 0.5,
    "trust_expand": 1.5,
    "trust_eta_shrink": 0.05,
    "trust_eta_expand": 0.75,
    "trust_max_reject": 6,
    "trust_subproblem_line_search": false,
    "local_coloring": true,
    "retry_on_failure": false,
    "pc_setup_on_ksp_cap": false,
    "use_near_nullspace": true,
    "reorder": null,
    "gamg_threshold": 0.05,
    "gamg_agg_nsmooths": 1,
    "gamg_set_coordinates": true
  },
  "result": {
    "mesh_level": 8,
    "total_dofs": 263169,
    "free_dofs": 261121,
    "setup_time": 1.655031,
    "solve_time_total": 1.582619,
    "total_time": 3.419774,
    "steps": [
      {
        "step": 1,
        "time": 1.582619,
        "nit": 7,
        "linear_iters": 30,
        "energy": 0.3456336282717965,
        "message": "Converged (energy, step, gradient)",
        "attempt": "primary",
        "ksp_rtol_used": 0.001,
        "ksp_max_it_used": 200,
        "linesearch_interval_used": [
          -0.5,
          2.0
        ],
        "history": [
          {
            "it": 1,
            "energy": 0.5480061423469165,
            "dE": 0.11729553652068114,
            "grad_norm": 0.0018523798253574073,
            "grad_target": 1e-05,
            "grad_norm_post": NaN,
            "alpha": -0.28565483586584184,
            "ksp_its": 9,
            "ls_evals": 19,
            "ls_repaired": false,
            "used_gradient_fallback": false,
            "accepted_step": true,
            "step_norm": 135.391416796697,
            "step_rel": 0.5288727218620977,
            "pred_reduction": NaN,
            "actual_reduction": NaN,
            "trust_rejects": 0,
            "t_grad": 0.004991198016796261,
            "t_hess": 0.20067587296944112,
            "t_ls": 0.07861646503442898,
            "t_update": 4.467798862606287e-05,
            "t_iter": 0.2844234069925733,
            "trust_radius": 1.0,
            "trust_ratio": NaN,
            "trust_qp": NaN
          },
          {
            "it": 2,
            "energy": 0.5097369307783965,
            "dE": 0.03826921156851992,
            "grad_norm": 0.001980849981953171,
            "grad_target": 1e-05,
            "grad_norm_post": NaN,
            "alpha": 0.3492665645212437,
            "ksp_its": 6,
            "ls_evals": 19,
            "ls_repaired": false,
            "used_gradient_fallback": false,
            "accepted_step": true,
            "step_norm": 95.37050660546738,
            "step_rel": 0.28860462637233364,
            "pred_reduction": NaN,
            "actual_reduction": NaN,
            "trust_rejects": 0,
            "t_grad": 0.005042164993938059,
            "t_hess": 0.15747550397645682,
            "t_ls": 0.07618926797294989,
            "t_update": 4.5708962716162205e-05,
            "t_iter": 0.23883261799346656,
            "trust_radius": 1.0,
            "trust_ratio": NaN,
            "trust_qp": NaN
          },
          {
            "it": 3,
            "energy": 0.44223534308424306,
            "dE": 0.06750158769415349,
            "grad_norm": 0.0011149253243432058,
            "grad_target": 1e-05,
            "grad_norm_post": NaN,
            "alpha": -0.34436895726513683,
            "ksp_its": 5,
            "ls_evals": 19,
            "ls_repaired": false,
            "used_gradient_fallback": false,
            "accepted_step": true,
            "step_norm": 135.71872543208477,
            "step_rel": 0.36260420210461697,
            "pred_reduction": NaN,
            "actual_reduction": NaN,
            "trust_rejects": 0,
            "t_grad": 0.00492186303017661,
            "t_hess": 0.14580223901430145,
            "t_ls": 0.07646248198579997,
            "t_update": 4.3786014430224895e-05,
            "t_iter": 0.2273116129799746,
            "trust_radius": 1.0,
            "trust_ratio": NaN,
            "trust_qp": NaN
          },
          {
            "it": 4,
            "energy": 0.3659890135086201,
            "dE": 0.07624632957562294,
            "grad_norm": 0.0017511979096596385,
            "grad_target": 1e-05,
            "grad_norm_post": NaN,
            "alpha": 0.2807902820905276,
            "ksp_its": 4,
            "ls_evals": 19,
            "ls_repaired": false,
            "used_gradient_fallback": false,
            "accepted_step": true,
            "step_norm": 112.88051964517602,
            "step_rel": 0.28025591074515893,
            "pred_reduction": NaN,
            "actual_reduction": NaN,
            "trust_rejects": 0,
            "t_grad": 0.00504433800233528,
            "t_hess": 0.13696730096125975,
            "t_ls": 0.07647029403597116,
            "t_update": 4.330597585067153e-05,
            "t_iter": 0.2186178180272691,
            "trust_radius": 1.0,
            "trust_ratio": NaN,
            "trust_qp": NaN
          },
          {
            "it": 5,
            "energy": 0.3460212523450883,
            "dE": 0.019967761163531828,
            "grad_norm": 0.0012934452671513124,
            "grad_target": 1e-05,
            "grad_norm_post": NaN,
            "alpha": 0.9357708210913807,
            "ksp_its": 2,
            "ls_evals": 19,
            "ls_repaired": false,
            "used_gradient_fallback": false,
            "accepted_step": true,
            "step_norm": 34.35260319028034,
            "step_rel": 0.07948487217702677,
            "pred_reduction": NaN,
            "actual_reduction": NaN,
            "trust_rejects": 0,
            "t_grad": 0.0049847979680635035,
            "t_hess": 0.12036245601484552,
            "t_ls": 0.07711080403532833,
            "t_update": 4.593998892232776e-05,
            "t_iter": 0.2025837890105322,
            "trust_radius": 1.0,
            "trust_ratio": NaN,
            "trust_qp": NaN
          },
          {
            "it": 6,
            "energy": 0.34563382323375136,
            "dE": 0.00038742911133693436,
            "grad_norm": 0.00016328833985218067,
            "grad_target": 1e-05,
            "grad_norm_post": NaN,
            "alpha": 1.041769326673055,
            "ksp_its": 2,
            "ls_evals": 19,
            "ls_repaired": false,
            "used_gradient_fallback": false,
            "accepted_step": true,
            "step_norm": 5.462653172690823,
            "step_rel": 0.012373372691592763,
            "pred_reduction": NaN,
            "actual_reduction": NaN,
            "trust_rejects": 0,
            "t_grad": 0.005036276008468121,
            "t_hess": 0.11744657001690939,
            "t_ls": 0.07686758501222357,
            "t_update": 4.244397860020399e-05,
            "t_iter": 0.19947459897957742,
            "trust_radius": 1.0,
            "trust_ratio": NaN,
            "trust_qp": NaN
          },
          {
            "it": 7,
            "energy": 0.3456336282717965,
            "dE": 1.9496195485801948e-07,
            "grad_norm": 3.663275564995669e-06,
            "grad_target": 1e-05,
            "grad_norm_post": 1.0219774201638674e-08,
            "alpha": 1.0011162328941345,
            "ksp_its": 2,
            "ls_evals": 19,
            "ls_repaired": false,
            "used_gradient_fallback": false,
            "accepted_step": true,
            "step_norm": 0.12339858800393491,
            "step_rel": 0.00028154790948042087,
            "pred_reduction": NaN,
            "actual_reduction": NaN,
            "trust_rejects": 0,
            "t_grad": 0.005070126964710653,
            "t_hess": 0.11804480501450598,
            "t_ls": 0.07662643899675459,
            "t_update": 4.3255044147372246e-05,
            "t_iter": 0.19986602099379525,
            "trust_radius": 1.0,
            "trust_ratio": NaN,
            "trust_qp": NaN
          }
        ],
        "linear_timing": [
          {
            "assemble_total_time": 0.028352822992019355,
            "assemble_p2p_exchange": 0.0008381879888474941,
            "assemble_hvp_compute": 0.006999178032856435,
            "assemble_extraction": 0.016734189994167536,
            "assemble_coo_assembly": 0.0036828169832006097,
            "assemble_n_hvps": 0,
            "setop_time": 3.3249962143599987e-06,
            "set_tolerances_time": 2.7240021154284477e-06,
            "pc_setup_time": 0.07668723299866542,
            "solve_time": 0.09551611600909382,
            "linear_total_time": 0.2005622209981084,
            "ksp_its": 9
          },
          {
            "assemble_total_time": 0.02905226097209379,
            "assemble_p2p_exchange": 0.0010125330300070345,
            "assemble_hvp_compute": 0.007589632994495332,
            "assemble_extraction": 0.01672343397513032,
            "assemble_coo_assembly": 0.003648985002655536,
            "assemble_n_hvps": 0,
            "setop_time": 3.095017746090889e-06,
            "set_tolerances_time": 2.863991539925337e-06,
            "pc_setup_time": 0.062183049973100424,
            "solve_time": 0.06612653099000454,
            "linear_total_time": 0.15736780094448477,
            "ksp_its": 6
          },
          {
            "assemble_total_time": 0.02765231201192364,
            "assemble_p2p_exchange": 0.0009921029559336603,
            "assemble_hvp_compute": 0.007169206044636667,
            "assemble_extraction": 0.016892770014237612,
            "assemble_coo_assembly": 0.002525304036680609,
            "assemble_n_hvps": 0,
            "setop_time": 2.3129978217184544e-06,
            "set_tolerances_time": 2.5539775379002094e-06,
            "pc_setup_time": 0.06198348698671907,
            "solve_time": 0.05606267199618742,
            "linear_total_time": 0.14570333797018975,
            "ksp_its": 5
          },
          {
            "assemble_total_time": 0.027896732033696026,
            "assemble_p2p_exchange": 0.0010059120249934494,
            "assemble_hvp_compute": 0.007153371989261359,
            "assemble_extraction": 0.016703733010217547,
            "assemble_coo_assembly": 0.0029505379498004913,
            "assemble_n_hvps": 0,
            "setop_time": 2.2529857233166695e-06,
            "set_tolerances_time": 2.8149806894361973e-06,
            "pc_setup_time": 0.062422150978818536,
            "solve_time": 0.04654434899566695,
            "linear_total_time": 0.13686829997459427,
            "ksp_its": 4
          },
          {
            "assemble_total_time": 0.027977634978014976,
            "assemble_p2p_exchange": 0.0010398050071671605,
            "assemble_hvp_compute": 0.007203698041848838,
            "assemble_extraction": 0.016627707984298468,
            "assemble_coo_assembly": 0.0030339540098793805,
            "assemble_n_hvps": 0,
            "setop_time": 2.463988494127989e-06,
            "set_tolerances_time": 2.7440255507826805e-06,
            "pc_setup_time": 0.062410985003225505,
            "solve_time": 0.02986724500078708,
            "linear_total_time": 0.12026107299607247,
            "ksp_its": 2
          },
          {
            "assemble_total_time": 0.02789769397350028,
            "assemble_p2p_exchange": 0.0010529329883866012,
            "assemble_hvp_compute": 0.007203998044133186,
            "assemble_extraction": 0.016924237017519772,
            "assemble_coo_assembly": 0.002643893996719271,
            "assemble_n_hvps": 0,
            "setop_time": 2.6040361262857914e-06,
            "set_tolerances_time": 2.703978680074215e-06,
            "pc_setup_time": 0.06206731399288401,
            "solve_time": 0.027377085003536195,
            "linear_total_time": 0.11734740098472685,
            "ksp_its": 2
          },
          {
            "assemble_total_time": 0.02786520402878523,
            "assemble_p2p_exchange": 0.0010087379487231374,
            "assemble_hvp_compute": 0.008217803027946502,
            "assemble_extraction": 0.01586607500212267,
            "assemble_coo_assembly": 0.002702252008020878,
            "assemble_n_hvps": 0,
            "setop_time": 2.563989255577326e-06,
            "set_tolerances_time": 2.4640467017889023e-06,
            "pc_setup_time": 0.06238489400129765,
            "solve_time": 0.027691080002114177,
            "linear_total_time": 0.11794620606815442,
            "ksp_its": 2
          }
        ]
      }
    ],
    "metadata": {
      "profile": "reference",
      "nprocs": 2,
      "nproc_threads": 1,
      "linear_solver": {
        "ksp_type": "gmres",
        "pc_type": "hypre",
        "ksp_rtol": 0.001,
        "ksp_max_it": 200,
        "pc_setup_on_ksp_cap": false,
        "gamg_threshold": 0.05,
        "gamg_agg_nsmooths": 1,
        "gamg_set_coordinates": true,
        "reorder": true,
        "hvp_eval_mode": "element_overlap",
        "assembly_mode": "element",
        "element_reorder_mode": "block_xyz",
        "local_hessian_mode": "element",
        "distribution_strategy": "overlap_allgather",
        "assembler": "GLReorderedElementAssembler",
        "trust_subproblem_solver": "direct_linear_solve",
        "trust_subproblem_line_search": false
      },
      "newton": {
        "tolf": 1e-06,
        "tolg": 1e-05,
        "tolg_rel": 0.001,
        "tolx_rel": 0.001,
        "tolx_abs": 1e-10,
        "maxit": 100,
        "require_all_convergence": true,
        "fail_on_nonfinite": true,
        "linesearch_interval": [
          -0.5,
          2.0
        ],
        "linesearch_tol": 0.001,
        "trust_region": false,
        "trust_radius_init": 1.0,
        "trust_radius_min": 1e-08,
        "trust_radius_max": 1000000.0,
        "trust_subproblem_line_search": false,
        "step_time_limit_s": null
      }
    }
  }
}
