An NVIDIA GPU may be present on this machine, but a CUDA-enabled jaxlib is not installed. Falling back to cpu.
{
  "case": {
    "problem": "gl",
    "backend": "element",
    "level": 5,
    "out": "/home/michal/repos/fenics_nonlinear_energies/experiment_results_cache/gl_final_suite/jax_petsc_local_sfd_l5_np1.json",
    "quiet": true,
    "save_history": true,
    "save_linear_timing": true,
    "steps": 1,
    "start_step": 1,
    "total_steps": 24,
    "ksp_type": "gmres",
    "pc_type": "hypre",
    "ksp_rtol": 0.001,
    "ksp_max_it": 200,
    "profile": "reference",
    "coloring_trials": 10,
    "nproc_threads": 1,
    "hvp_eval_mode": "sequential",
    "element_reorder_mode": "block_xyz",
    "local_hessian_mode": "sfd_local",
    "tolf": 1e-06,
    "tolg": 1e-05,
    "tolg_rel": 0.001,
    "tolx_rel": 0.001,
    "tolx_abs": 1e-10,
    "maxit": 100,
    "step_time_limit_s": null,
    "linesearch_a": -0.5,
    "linesearch_b": 2.0,
    "linesearch_tol": 0.001,
    "use_trust_region": false,
    "trust_radius_init": 1.0,
    "trust_radius_min": 1e-08,
    "trust_radius_max": 1000000.0,
    "trust_shrink": 0.5,
    "trust_expand": 1.5,
    "trust_eta_shrink": 0.05,
    "trust_eta_expand": 0.75,
    "trust_max_reject": 6,
    "trust_subproblem_line_search": false,
    "local_coloring": true,
    "retry_on_failure": false,
    "pc_setup_on_ksp_cap": false,
    "use_near_nullspace": true,
    "reorder": null,
    "gamg_threshold": 0.05,
    "gamg_agg_nsmooths": 1,
    "gamg_set_coordinates": true
  },
  "result": {
    "mesh_level": 5,
    "total_dofs": 4225,
    "free_dofs": 3969,
    "setup_time": 0.897911,
    "solve_time_total": 0.074404,
    "total_time": 1.033666,
    "steps": [
      {
        "step": 1,
        "time": 0.074404,
        "nit": 8,
        "linear_iters": 33,
        "energy": 0.34623144378212395,
        "message": "Converged (energy, step, gradient)",
        "attempt": "primary",
        "ksp_rtol_used": 0.001,
        "ksp_max_it_used": 200,
        "linesearch_interval_used": [
          -0.5,
          2.0
        ],
        "history": [
          {
            "it": 1,
            "energy": 0.5637010002188847,
            "dE": 0.10176874909720435,
            "grad_norm": 0.014805985418835032,
            "grad_target": 1.4805985418835032e-05,
            "grad_norm_post": NaN,
            "alpha": -0.26052984216264974,
            "ksp_its": 9,
            "ls_evals": 19,
            "ls_repaired": false,
            "used_gradient_fallback": false,
            "accepted_step": true,
            "step_norm": 16.041276062940085,
            "step_rel": 0.5012898769668777,
            "pred_reduction": NaN,
            "actual_reduction": NaN,
            "trust_rejects": 0,
            "t_grad": 0.00032762903720140457,
            "t_hess": 0.006190107029397041,
            "t_ls": 0.005318991024978459,
            "t_update": 2.2230087779462337e-06,
            "t_iter": 0.011854614014737308,
            "trust_radius": 1.0,
            "trust_ratio": NaN,
            "trust_qp": NaN
          },
          {
            "it": 2,
            "energy": 0.5122262691048866,
            "dE": 0.05147473111399814,
            "grad_norm": 0.016163761900350817,
            "grad_target": 1.4805985418835032e-05,
            "grad_norm_post": NaN,
            "alpha": 0.3252743304525988,
            "ksp_its": 6,
            "ls_evals": 19,
            "ls_repaired": false,
            "used_gradient_fallback": false,
            "accepted_step": true,
            "step_norm": 13.267891808914628,
            "step_rel": 0.33037478950676286,
            "pred_reduction": NaN,
            "actual_reduction": NaN,
            "trust_rejects": 0,
            "t_grad": 0.000259766005910933,
            "t_hess": 0.004218363959807903,
            "t_ls": 0.005025733029469848,
            "t_update": 2.0529842004179955e-06,
            "t_iter": 0.009517934988252819,
            "trust_radius": 1.0,
            "trust_ratio": NaN,
            "trust_qp": NaN
          },
          {
            "it": 3,
            "energy": 0.44664305375063595,
            "dE": 0.0655832153542506,
            "grad_norm": 0.00888524026437125,
            "grad_target": 1.4805985418835032e-05,
            "grad_norm_post": NaN,
            "alpha": -0.31147991352407767,
            "ksp_its": 5,
            "ls_evals": 19,
            "ls_repaired": false,
            "used_gradient_fallback": false,
            "accepted_step": true,
            "step_norm": 16.71590871739735,
            "step_rel": 0.35774902170317785,
            "pred_reduction": NaN,
            "actual_reduction": NaN,
            "trust_rejects": 0,
            "t_grad": 0.0002557390253059566,
            "t_hess": 0.0038942000246606767,
            "t_ls": 0.0050068150158040226,
            "t_update": 1.60199124366045e-06,
            "t_iter": 0.009169944969471544,
            "trust_radius": 1.0,
            "trust_ratio": NaN,
            "trust_qp": NaN
          },
          {
            "it": 4,
            "energy": 0.4021831550645405,
            "dE": 0.044459898686095456,
            "grad_norm": 0.013807718966515328,
            "grad_target": 1.4805985418835032e-05,
            "grad_norm_post": NaN,
            "alpha": 0.10831360507182441,
            "ksp_its": 4,
            "ls_evals": 19,
            "ls_repaired": false,
            "used_gradient_fallback": false,
            "accepted_step": true,
            "step_norm": 10.23967684288108,
            "step_rel": 0.20397160244034268,
            "pred_reduction": NaN,
            "actual_reduction": NaN,
            "trust_rejects": 0,
            "t_grad": 0.0002576429978944361,
            "t_hess": 0.0036702289944514632,
            "t_ls": 0.005005983985029161,
            "t_update": 1.5320256352424622e-06,
            "t_iter": 0.008946545014623553,
            "trust_radius": 1.0,
            "trust_ratio": NaN,
            "trust_qp": NaN
          },
          {
            "it": 5,
            "energy": 0.3570607053939828,
            "dE": 0.045122449670557674,
            "grad_norm": 0.013271352607010524,
            "grad_target": 1.4805985418835032e-05,
            "grad_norm_post": NaN,
            "alpha": 0.35999621778324886,
            "ksp_its": 3,
            "ls_evals": 19,
            "ls_repaired": false,
            "used_gradient_fallback": false,
            "accepted_step": true,
            "step_norm": 9.551985584864005,
            "step_rel": 0.1829594108659131,
            "pred_reduction": NaN,
            "actual_reduction": NaN,
            "trust_rejects": 0,
            "t_grad": 0.0002556400140747428,
            "t_hess": 0.0035378869506530464,
            "t_ls": 0.004963438026607037,
            "t_update": 1.5720142982900143e-06,
            "t_iter": 0.008770376967731863,
            "trust_radius": 1.0,
            "trust_ratio": NaN,
            "trust_qp": NaN
          },
          {
            "it": 6,
            "energy": 0.346330027774865,
            "dE": 0.010730677619117834,
            "grad_norm": 0.007554629240025635,
            "grad_target": 1.4805985418835032e-05,
            "grad_norm_post": NaN,
            "alpha": 1.0129786457906078,
            "ksp_its": 2,
            "ls_evals": 19,
            "ls_repaired": false,
            "used_gradient_fallback": false,
            "accepted_step": true,
            "step_norm": 3.067524971724724,
            "step_rel": 0.05619642894660166,
            "pred_reduction": NaN,
            "actual_reduction": NaN,
            "trust_rejects": 0,
            "t_grad": 0.00024672597646713257,
            "t_hess": 0.0033422589767724276,
            "t_ls": 0.0049935050192289054,
            "t_update": 1.542968675494194e-06,
            "t_iter": 0.008595208986662328,
            "trust_radius": 1.0,
            "trust_ratio": NaN,
            "trust_qp": NaN
          },
          {
            "it": 7,
            "energy": 0.3462314478406304,
            "dE": 9.857993423456612e-05,
            "grad_norm": 0.0006549585121495208,
            "grad_target": 1.4805985418835032e-05,
            "grad_norm_post": NaN,
            "alpha": 1.0132460540663673,
            "ksp_its": 2,
            "ls_evals": 19,
            "ls_repaired": false,
            "used_gradient_fallback": false,
            "accepted_step": true,
            "step_norm": 0.326540392430934,
            "step_rel": 0.005929481110222346,
            "pred_reduction": NaN,
            "actual_reduction": NaN,
            "trust_rejects": 0,
            "t_grad": 0.00024881900753825903,
            "t_hess": 0.003159130981657654,
            "t_ls": 0.004945972003042698,
            "t_update": 1.5719560906291008e-06,
            "t_iter": 0.008367041999008507,
            "trust_radius": 1.0,
            "trust_ratio": NaN,
            "trust_qp": NaN
          },
          {
            "it": 8,
            "energy": 0.34623144378212395,
            "dE": 4.058506475335122e-09,
            "grad_norm": 4.038124258646475e-06,
            "grad_target": 1.4805985418835032e-05,
            "grad_norm_post": 3.5015620185625983e-09,
            "alpha": 0.9999834732596391,
            "ksp_its": 2,
            "ls_evals": 19,
            "ls_repaired": false,
            "used_gradient_fallback": false,
            "accepted_step": true,
            "step_norm": 0.002207549245633846,
            "step_rel": 4.027702188077835e-05,
            "pred_reduction": NaN,
            "actual_reduction": NaN,
            "trust_rejects": 0,
            "t_grad": 0.00024594401475042105,
            "t_hess": 0.003173783014062792,
            "t_ls": 0.004953112977091223,
            "t_update": 1.60199124366045e-06,
            "t_iter": 0.008385710010770708,
            "trust_radius": 1.0,
            "trust_ratio": NaN,
            "trust_qp": NaN
          }
        ],
        "linear_timing": [
          {
            "assemble_total_time": 0.0015246120165102184,
            "assemble_p2p_exchange": 5.170906661078334e-05,
            "assemble_hvp_compute": 0.0011722850031219423,
            "assemble_extraction": 0.00013488502008840442,
            "assemble_coo_assembly": 0.00014882604591548443,
            "assemble_n_hvps": 7,
            "setop_time": 2.8549693524837494e-06,
            "set_tolerances_time": 1.4720135368406773e-06,
            "pc_setup_time": 0.0024094489635899663,
            "solve_time": 0.0022279329714365304,
            "linear_total_time": 0.0061663209344260395,
            "ksp_its": 9
          },
          {
            "assemble_total_time": 0.0011471170000731945,
            "assemble_p2p_exchange": 4.719098797068e-05,
            "assemble_hvp_compute": 0.0008495940128341317,
            "assemble_extraction": 0.00012466002954170108,
            "assemble_coo_assembly": 0.00011255202116444707,
            "assemble_n_hvps": 7,
            "setop_time": 1.3120006769895554e-06,
            "set_tolerances_time": 1.2420350685715675e-06,
            "pc_setup_time": 0.0016478800098411739,
            "solve_time": 0.0014045790303498507,
            "linear_total_time": 0.00420213007600978,
            "ksp_its": 6
          },
          {
            "assemble_total_time": 0.0010109590366482735,
            "assemble_p2p_exchange": 3.277102950960398e-05,
            "assemble_hvp_compute": 0.0008492230554111302,
            "assemble_extraction": 7.12089822627604e-05,
            "assemble_coo_assembly": 4.7752982936799526e-05,
            "assemble_n_hvps": 7,
            "setop_time": 6.409827619791031e-07,
            "set_tolerances_time": 9.110081009566784e-07,
            "pc_setup_time": 0.0016573339817114174,
            "solve_time": 0.001211686001624912,
            "linear_total_time": 0.0038815310108475387,
            "ksp_its": 5
          },
          {
            "assemble_total_time": 0.0010041290079243481,
            "assemble_p2p_exchange": 3.32309864461422e-05,
            "assemble_hvp_compute": 0.0008313860162161291,
            "assemble_extraction": 7.836997974663973e-05,
            "assemble_coo_assembly": 5.076697561889887e-05,
            "assemble_n_hvps": 7,
            "setop_time": 6.100162863731384e-07,
            "set_tolerances_time": 6.610061973333359e-07,
            "pc_setup_time": 0.0016439330065622926,
            "solve_time": 0.001008716004434973,
            "linear_total_time": 0.00365804904140532,
            "ksp_its": 4
          },
          {
            "assemble_total_time": 0.0010727330227382481,
            "assemble_p2p_exchange": 3.3541000448167324e-05,
            "assemble_hvp_compute": 0.0009007509797811508,
            "assemble_extraction": 7.501395884901285e-05,
            "assemble_coo_assembly": 5.278998287394643e-05,
            "assemble_n_hvps": 7,
            "setop_time": 7.00994860380888e-07,
            "set_tolerances_time": 7.00994860380888e-07,
            "pc_setup_time": 0.001639135996811092,
            "solve_time": 0.0008118659607134759,
            "linear_total_time": 0.0035251369699835777,
            "ksp_its": 3
          },
          {
            "assemble_total_time": 0.0010691689676605165,
            "assemble_p2p_exchange": 3.301899414509535e-05,
            "assemble_hvp_compute": 0.0008992489892989397,
            "assemble_extraction": 7.002695929259062e-05,
            "assemble_coo_assembly": 5.721696652472019e-05,
            "assemble_n_hvps": 7,
            "setop_time": 5.309702828526497e-07,
            "set_tolerances_time": 6.410409696400166e-07,
            "pc_setup_time": 0.0016394059639424086,
            "solve_time": 0.0006202849908731878,
            "linear_total_time": 0.0033300319337286055,
            "ksp_its": 2
          },
          {
            "assemble_total_time": 0.0009816749952733517,
            "assemble_p2p_exchange": 3.327097510918975e-05,
            "assemble_hvp_compute": 0.0008262789924629033,
            "assemble_extraction": 6.977596785873175e-05,
            "assemble_coo_assembly": 4.256499232724309e-05,
            "assemble_n_hvps": 7,
            "setop_time": 5.509937182068825e-07,
            "set_tolerances_time": 6.610061973333359e-07,
            "pc_setup_time": 0.0015706010162830353,
            "solve_time": 0.0005936439847573638,
            "linear_total_time": 0.003147131996229291,
            "ksp_its": 2
          },
          {
            "assemble_total_time": 0.0009973289561457932,
            "assemble_p2p_exchange": 3.3101008739322424e-05,
            "assemble_hvp_compute": 0.0008431639871560037,
            "assemble_extraction": 6.979599129408598e-05,
            "assemble_coo_assembly": 4.1572959162294865e-05,
            "assemble_n_hvps": 7,
            "setop_time": 5.909823812544346e-07,
            "set_tolerances_time": 5.909823812544346e-07,
            "pc_setup_time": 0.0015804070280864835,
            "solve_time": 0.0005830880254507065,
            "linear_total_time": 0.003162005974445492,
            "ksp_its": 2
          }
        ]
      }
    ],
    "metadata": {
      "profile": "reference",
      "nprocs": 1,
      "nproc_threads": 1,
      "linear_solver": {
        "ksp_type": "gmres",
        "pc_type": "hypre",
        "ksp_rtol": 0.001,
        "ksp_max_it": 200,
        "pc_setup_on_ksp_cap": false,
        "gamg_threshold": 0.05,
        "gamg_agg_nsmooths": 1,
        "gamg_set_coordinates": true,
        "reorder": true,
        "hvp_eval_mode": "sfd_local_batched",
        "assembly_mode": "element",
        "element_reorder_mode": "block_xyz",
        "local_hessian_mode": "sfd_local",
        "distribution_strategy": "overlap_allgather",
        "assembler": "GLReorderedElementAssembler",
        "trust_subproblem_solver": "direct_linear_solve",
        "trust_subproblem_line_search": false
      },
      "newton": {
        "tolf": 1e-06,
        "tolg": 1e-05,
        "tolg_rel": 0.001,
        "tolx_rel": 0.001,
        "tolx_abs": 1e-10,
        "maxit": 100,
        "require_all_convergence": true,
        "fail_on_nonfinite": true,
        "linesearch_interval": [
          -0.5,
          2.0
        ],
        "linesearch_tol": 0.001,
        "trust_region": false,
        "trust_radius_init": 1.0,
        "trust_radius_min": 1e-08,
        "trust_radius_max": 1000000.0,
        "trust_subproblem_line_search": false,
        "step_time_limit_s": null
      }
    }
  }
}
