An NVIDIA GPU may be present on this machine, but a CUDA-enabled jaxlib is not installed. Falling back to cpu.
{
  "case": {
    "problem": "gl",
    "backend": "element",
    "level": 5,
    "out": "/home/michal/repos/fenics_nonlinear_energies/experiment_results_cache/gl_final_suite/jax_petsc_element_l5_np1.json",
    "quiet": true,
    "save_history": true,
    "save_linear_timing": true,
    "steps": 1,
    "start_step": 1,
    "total_steps": 24,
    "ksp_type": "gmres",
    "pc_type": "hypre",
    "ksp_rtol": 0.001,
    "ksp_max_it": 200,
    "profile": "reference",
    "coloring_trials": 10,
    "nproc_threads": 1,
    "hvp_eval_mode": "sequential",
    "element_reorder_mode": "block_xyz",
    "local_hessian_mode": "element",
    "tolf": 1e-06,
    "tolg": 1e-05,
    "tolg_rel": 0.001,
    "tolx_rel": 0.001,
    "tolx_abs": 1e-10,
    "maxit": 100,
    "step_time_limit_s": null,
    "linesearch_a": -0.5,
    "linesearch_b": 2.0,
    "linesearch_tol": 0.001,
    "use_trust_region": false,
    "trust_radius_init": 1.0,
    "trust_radius_min": 1e-08,
    "trust_radius_max": 1000000.0,
    "trust_shrink": 0.5,
    "trust_expand": 1.5,
    "trust_eta_shrink": 0.05,
    "trust_eta_expand": 0.75,
    "trust_max_reject": 6,
    "trust_subproblem_line_search": false,
    "local_coloring": true,
    "retry_on_failure": false,
    "pc_setup_on_ksp_cap": false,
    "use_near_nullspace": true,
    "reorder": null,
    "gamg_threshold": 0.05,
    "gamg_agg_nsmooths": 1,
    "gamg_set_coordinates": true
  },
  "result": {
    "mesh_level": 5,
    "total_dofs": 4225,
    "free_dofs": 3969,
    "setup_time": 0.546632,
    "solve_time_total": 0.074766,
    "total_time": 0.684151,
    "steps": [
      {
        "step": 1,
        "time": 0.074766,
        "nit": 8,
        "linear_iters": 33,
        "energy": 0.3462314437821239,
        "message": "Converged (energy, step, gradient)",
        "attempt": "primary",
        "ksp_rtol_used": 0.001,
        "ksp_max_it_used": 200,
        "linesearch_interval_used": [
          -0.5,
          2.0
        ],
        "history": [
          {
            "it": 1,
            "energy": 0.5637010002192784,
            "dE": 0.10176874909681066,
            "grad_norm": 0.014805985418835032,
            "grad_target": 1.4805985418835032e-05,
            "grad_norm_post": NaN,
            "alpha": -0.26052984216264974,
            "ksp_its": 9,
            "ls_evals": 19,
            "ls_repaired": false,
            "used_gradient_fallback": false,
            "accepted_step": true,
            "step_norm": 16.04127606294603,
            "step_rel": 0.5012898769670634,
            "pred_reduction": NaN,
            "actual_reduction": NaN,
            "trust_rejects": 0,
            "t_grad": 0.00032787997042760253,
            "t_hess": 0.005819884012453258,
            "t_ls": 0.005347054044250399,
            "t_update": 2.3840111680328846e-06,
            "t_iter": 0.011514446989167482,
            "trust_radius": 1.0,
            "trust_ratio": NaN,
            "trust_qp": NaN
          },
          {
            "it": 2,
            "energy": 0.5122262691048945,
            "dE": 0.05147473111438383,
            "grad_norm": 0.016163761900370895,
            "grad_target": 1.4805985418835032e-05,
            "grad_norm_post": NaN,
            "alpha": 0.3252743304525988,
            "ksp_its": 6,
            "ls_evals": 19,
            "ls_repaired": false,
            "used_gradient_fallback": false,
            "accepted_step": true,
            "step_norm": 13.26789180897653,
            "step_rel": 0.3303747895084116,
            "pred_reduction": NaN,
            "actual_reduction": NaN,
            "trust_rejects": 0,
            "t_grad": 0.00029926601564511657,
            "t_hess": 0.004592635028529912,
            "t_ls": 0.005141219997312874,
            "t_update": 1.933018211275339e-06,
            "t_iter": 0.010048563999589533,
            "trust_radius": 1.0,
            "trust_ratio": NaN,
            "trust_qp": NaN
          },
          {
            "it": 3,
            "energy": 0.446643053750934,
            "dE": 0.06558321535396056,
            "grad_norm": 0.008885240264370377,
            "grad_target": 1.4805985418835032e-05,
            "grad_norm_post": NaN,
            "alpha": -0.31147991352407767,
            "ksp_its": 5,
            "ls_evals": 19,
            "ls_repaired": false,
            "used_gradient_fallback": false,
            "accepted_step": true,
            "step_norm": 16.715908717686187,
            "step_rel": 0.35774902170914175,
            "pred_reduction": NaN,
            "actual_reduction": NaN,
            "trust_rejects": 0,
            "t_grad": 0.0002658350276760757,
            "t_hess": 0.003918819013051689,
            "t_ls": 0.005124605959281325,
            "t_update": 1.692038495093584e-06,
            "t_iter": 0.009322730009444058,
            "trust_radius": 1.0,
            "trust_ratio": NaN,
            "trust_qp": NaN
          },
          {
            "it": 4,
            "energy": 0.4021831550634669,
            "dE": 0.04445989868746708,
            "grad_norm": 0.013807718966797614,
            "grad_target": 1.4805985418835032e-05,
            "grad_norm_post": NaN,
            "alpha": 0.10831360507182441,
            "ksp_its": 4,
            "ls_evals": 19,
            "ls_repaired": false,
            "used_gradient_fallback": false,
            "accepted_step": true,
            "step_norm": 10.23967684208429,
            "step_rel": 0.2039716024238475,
            "pred_reduction": NaN,
            "actual_reduction": NaN,
            "trust_rejects": 0,
            "t_grad": 0.0002751889987848699,
            "t_hess": 0.0037494500284083188,
            "t_ls": 0.0049732960178516805,
            "t_update": 1.6220146790146828e-06,
            "t_iter": 0.009010825015138835,
            "trust_radius": 1.0,
            "trust_ratio": NaN,
            "trust_qp": NaN
          },
          {
            "it": 5,
            "energy": 0.3570607053929353,
            "dE": 0.04512244967053164,
            "grad_norm": 0.013271352606628458,
            "grad_target": 1.4805985418835032e-05,
            "grad_norm_post": NaN,
            "alpha": 0.35999621778324886,
            "ksp_its": 3,
            "ls_evals": 19,
            "ls_repaired": false,
            "used_gradient_fallback": false,
            "accepted_step": true,
            "step_norm": 9.551985584892247,
            "step_rel": 0.18295941086673057,
            "pred_reduction": NaN,
            "actual_reduction": NaN,
            "trust_rejects": 0,
            "t_grad": 0.0002493700012564659,
            "t_hess": 0.003307107021100819,
            "t_ls": 0.0050899130292236805,
            "t_update": 1.5829573385417461e-06,
            "t_iter": 0.008659579034429044,
            "trust_radius": 1.0,
            "trust_ratio": NaN,
            "trust_qp": NaN
          },
          {
            "it": 6,
            "energy": 0.346330027774832,
            "dE": 0.010730677618103257,
            "grad_norm": 0.007554629239634372,
            "grad_target": 1.4805985418835032e-05,
            "grad_norm_post": NaN,
            "alpha": 1.0129786457906078,
            "ksp_its": 2,
            "ls_evals": 19,
            "ls_repaired": false,
            "used_gradient_fallback": false,
            "accepted_step": true,
            "step_norm": 3.067524971611199,
            "step_rel": 0.0561964289445878,
            "pred_reduction": NaN,
            "actual_reduction": NaN,
            "trust_rejects": 0,
            "t_grad": 0.0002565199974924326,
            "t_hess": 0.003144969989079982,
            "t_ls": 0.004995588038582355,
            "t_update": 1.741980668157339e-06,
            "t_iter": 0.008409858972299844,
            "trust_radius": 1.0,
            "trust_ratio": NaN,
            "trust_qp": NaN
          },
          {
            "it": 7,
            "energy": 0.3462314478406305,
            "dE": 9.857993420153699e-05,
            "grad_norm": 0.0006549585120408251,
            "grad_target": 1.4805985418835032e-05,
            "grad_norm_post": NaN,
            "alpha": 1.0132460540663673,
            "ksp_its": 2,
            "ls_evals": 19,
            "ls_repaired": false,
            "used_gradient_fallback": false,
            "accepted_step": true,
            "step_norm": 0.32654039237391086,
            "step_rel": 0.005929481109189208,
            "pred_reduction": NaN,
            "actual_reduction": NaN,
            "trust_rejects": 0,
            "t_grad": 0.0003353710053488612,
            "t_hess": 0.003060501010622829,
            "t_ls": 0.005012593988794833,
            "t_update": 1.5819678083062172e-06,
            "t_iter": 0.008421166043262929,
            "trust_radius": 1.0,
            "trust_ratio": NaN,
            "trust_qp": NaN
          },
          {
            "it": 8,
            "energy": 0.3462314437821239,
            "dE": 4.058506586357424e-09,
            "grad_norm": 4.038124254539596e-06,
            "grad_target": 1.4805985418835032e-05,
            "grad_norm_post": 3.5015620112634875e-09,
            "alpha": 0.9999834732596391,
            "ksp_its": 2,
            "ls_evals": 19,
            "ls_repaired": false,
            "used_gradient_fallback": false,
            "accepted_step": true,
            "step_norm": 0.0022075492428325267,
            "step_rel": 4.0277021829668465e-05,
            "pred_reduction": NaN,
            "actual_reduction": NaN,
            "trust_rejects": 0,
            "t_grad": 0.000254607992246747,
            "t_hess": 0.003033399989362806,
            "t_ls": 0.005260451987851411,
            "t_update": 1.8030405044555664e-06,
            "t_iter": 0.008561259019188583,
            "trust_radius": 1.0,
            "trust_ratio": NaN,
            "trust_qp": NaN
          }
        ],
        "linear_timing": [
          {
            "assemble_total_time": 0.0013491650461219251,
            "assemble_p2p_exchange": 4.796299617737532e-05,
            "assemble_hvp_compute": 0.0005481650005094707,
            "assemble_extraction": 0.0005892780027352273,
            "assemble_coo_assembly": 0.00014716398436576128,
            "assemble_n_hvps": 0,
            "setop_time": 2.562999725341797e-06,
            "set_tolerances_time": 2.0230072550475597e-06,
            "pc_setup_time": 0.0022602929966524243,
            "solve_time": 0.0021854889928363264,
            "linear_total_time": 0.005799533042591065,
            "ksp_its": 9
          },
          {
            "assemble_total_time": 0.001327101024799049,
            "assemble_p2p_exchange": 5.385198164731264e-05,
            "assemble_hvp_compute": 0.0005160059663467109,
            "assemble_extraction": 0.0006264940020628273,
            "assemble_coo_assembly": 0.00011637702118605375,
            "assemble_n_hvps": 0,
            "setop_time": 1.3220123946666718e-06,
            "set_tolerances_time": 1.7830170691013336e-06,
            "pc_setup_time": 0.001761732972227037,
            "solve_time": 0.0014824679819867015,
            "linear_total_time": 0.004574407008476555,
            "ksp_its": 6
          },
          {
            "assemble_total_time": 0.0009191199787892401,
            "assemble_p2p_exchange": 3.346102312207222e-05,
            "assemble_hvp_compute": 0.0004710170323960483,
            "assemble_extraction": 0.0003259659861214459,
            "assemble_coo_assembly": 7.854995783418417e-05,
            "assemble_n_hvps": 0,
            "setop_time": 8.609495125710964e-07,
            "set_tolerances_time": 9.110081009566784e-07,
            "pc_setup_time": 0.0016733779921196401,
            "solve_time": 0.0013112580054439604,
            "linear_total_time": 0.0039055279339663684,
            "ksp_its": 5
          },
          {
            "assemble_total_time": 0.0009253090247511864,
            "assemble_p2p_exchange": 3.3261021599173546e-05,
            "assemble_hvp_compute": 0.0005097159883007407,
            "assemble_extraction": 0.0003225110122002661,
            "assemble_coo_assembly": 4.9584952648729086e-05,
            "assemble_n_hvps": 0,
            "setop_time": 6.810296326875687e-07,
            "set_tolerances_time": 9.509967640042305e-07,
            "pc_setup_time": 0.0017345119849778712,
            "solve_time": 0.0010752979433164,
            "linear_total_time": 0.0037367509794421494,
            "ksp_its": 4
          },
          {
            "assemble_total_time": 0.0008653480326756835,
            "assemble_p2p_exchange": 3.316003130748868e-05,
            "assemble_hvp_compute": 0.0004758749855682254,
            "assemble_extraction": 0.0003022800083272159,
            "assemble_coo_assembly": 4.407699452713132e-05,
            "assemble_n_hvps": 0,
            "setop_time": 6.609479896724224e-07,
            "set_tolerances_time": 1.0619987733662128e-06,
            "pc_setup_time": 0.001626406970899552,
            "solve_time": 0.0008004690171219409,
            "linear_total_time": 0.003293946967460215,
            "ksp_its": 3
          },
          {
            "assemble_total_time": 0.0008707760134711862,
            "assemble_p2p_exchange": 3.353005740791559e-05,
            "assemble_hvp_compute": 0.0004650779883377254,
            "assemble_extraction": 0.0003135770093649626,
            "assemble_coo_assembly": 4.883401561528444e-05,
            "assemble_n_hvps": 0,
            "setop_time": 7.410417310893536e-07,
            "set_tolerances_time": 9.320210665464401e-07,
            "pc_setup_time": 0.0016457659658044577,
            "solve_time": 0.0006146960076875985,
            "linear_total_time": 0.003132911049760878,
            "ksp_its": 2
          },
          {
            "assemble_total_time": 0.0008864700212143362,
            "assemble_p2p_exchange": 3.376096719875932e-05,
            "assemble_hvp_compute": 0.0004989199806004763,
            "assemble_extraction": 0.000301620049867779,
            "assemble_coo_assembly": 4.254496889188886e-05,
            "assemble_n_hvps": 0,
            "setop_time": 6.110058166086674e-07,
            "set_tolerances_time": 7.509952411055565e-07,
            "pc_setup_time": 0.0015800269902683794,
            "solve_time": 0.000580775027628988,
            "linear_total_time": 0.003048634040169418,
            "ksp_its": 2
          },
          {
            "assemble_total_time": 0.0008605010225437582,
            "assemble_p2p_exchange": 3.615597961470485e-05,
            "assemble_hvp_compute": 0.00047139800153672695,
            "assemble_extraction": 0.0003017190028913319,
            "assemble_coo_assembly": 4.1533028706908226e-05,
            "assemble_n_hvps": 0,
            "setop_time": 6.210175342857838e-07,
            "set_tolerances_time": 7.610069587826729e-07,
            "pc_setup_time": 0.0015611780108883977,
            "solve_time": 0.0005981909926049411,
            "linear_total_time": 0.0030212520505301654,
            "ksp_its": 2
          }
        ]
      }
    ],
    "metadata": {
      "profile": "reference",
      "nprocs": 1,
      "nproc_threads": 1,
      "linear_solver": {
        "ksp_type": "gmres",
        "pc_type": "hypre",
        "ksp_rtol": 0.001,
        "ksp_max_it": 200,
        "pc_setup_on_ksp_cap": false,
        "gamg_threshold": 0.05,
        "gamg_agg_nsmooths": 1,
        "gamg_set_coordinates": true,
        "reorder": true,
        "hvp_eval_mode": "element_overlap",
        "assembly_mode": "element",
        "element_reorder_mode": "block_xyz",
        "local_hessian_mode": "element",
        "distribution_strategy": "overlap_allgather",
        "assembler": "GLReorderedElementAssembler",
        "trust_subproblem_solver": "direct_linear_solve",
        "trust_subproblem_line_search": false
      },
      "newton": {
        "tolf": 1e-06,
        "tolg": 1e-05,
        "tolg_rel": 0.001,
        "tolx_rel": 0.001,
        "tolx_abs": 1e-10,
        "maxit": 100,
        "require_all_convergence": true,
        "fail_on_nonfinite": true,
        "linesearch_interval": [
          -0.5,
          2.0
        ],
        "linesearch_tol": 0.001,
        "trust_region": false,
        "trust_radius_init": 1.0,
        "trust_radius_min": 1e-08,
        "trust_radius_max": 1000000.0,
        "trust_subproblem_line_search": false,
        "step_time_limit_s": null
      }
    }
  }
}
