An NVIDIA GPU may be present on this machine, but a CUDA-enabled jaxlib is not installed. Falling back to cpu.
An NVIDIA GPU may be present on this machine, but a CUDA-enabled jaxlib is not installed. Falling back to cpu.
An NVIDIA GPU may be present on this machine, but a CUDA-enabled jaxlib is not installed. Falling back to cpu.
An NVIDIA GPU may be present on this machine, but a CUDA-enabled jaxlib is not installed. Falling back to cpu.
An NVIDIA GPU may be present on this machine, but a CUDA-enabled jaxlib is not installed. Falling back to cpu.
An NVIDIA GPU may be present on this machine, but a CUDA-enabled jaxlib is not installed. Falling back to cpu.
An NVIDIA GPU may be present on this machine, but a CUDA-enabled jaxlib is not installed. Falling back to cpu.
An NVIDIA GPU may be present on this machine, but a CUDA-enabled jaxlib is not installed. Falling back to cpu.
{
  "case": {
    "problem": "gl",
    "backend": "element",
    "level": 9,
    "out": "/home/michal/repos/fenics_nonlinear_energies/experiment_results_cache/gl_final_suite/jax_petsc_local_sfd_l9_np8.json",
    "quiet": true,
    "save_history": true,
    "save_linear_timing": true,
    "steps": 1,
    "start_step": 1,
    "total_steps": 24,
    "ksp_type": "gmres",
    "pc_type": "hypre",
    "ksp_rtol": 0.001,
    "ksp_max_it": 200,
    "profile": "reference",
    "coloring_trials": 10,
    "nproc_threads": 1,
    "hvp_eval_mode": "sequential",
    "element_reorder_mode": "block_xyz",
    "local_hessian_mode": "sfd_local",
    "tolf": 1e-06,
    "tolg": 1e-05,
    "tolg_rel": 0.001,
    "tolx_rel": 0.001,
    "tolx_abs": 1e-10,
    "maxit": 100,
    "step_time_limit_s": null,
    "linesearch_a": -0.5,
    "linesearch_b": 2.0,
    "linesearch_tol": 0.001,
    "use_trust_region": false,
    "trust_radius_init": 1.0,
    "trust_radius_min": 1e-08,
    "trust_radius_max": 1000000.0,
    "trust_shrink": 0.5,
    "trust_expand": 1.5,
    "trust_eta_shrink": 0.05,
    "trust_eta_expand": 0.75,
    "trust_max_reject": 6,
    "trust_subproblem_line_search": false,
    "local_coloring": true,
    "retry_on_failure": false,
    "pc_setup_on_ksp_cap": false,
    "use_near_nullspace": true,
    "reorder": null,
    "gamg_threshold": 0.05,
    "gamg_agg_nsmooths": 1,
    "gamg_set_coordinates": true
  },
  "result": {
    "mesh_level": 9,
    "total_dofs": 1050625,
    "free_dofs": 1046529,
    "setup_time": 3.882419,
    "solve_time_total": 7.939263,
    "total_time": 12.403733,
    "steps": [
      {
        "step": 1,
        "time": 7.939263,
        "nit": 8,
        "linear_iters": 35,
        "energy": 0.34562646841171807,
        "message": "Converged (energy, step, gradient)",
        "attempt": "primary",
        "ksp_rtol_used": 0.001,
        "ksp_max_it_used": 200,
        "linesearch_interval_used": [
          -0.5,
          2.0
        ],
        "history": [
          {
            "it": 1,
            "energy": 0.5619889135452982,
            "dE": 0.10331076442387543,
            "grad_norm": 0.0009261996570956121,
            "grad_target": 1e-05,
            "grad_norm_post": NaN,
            "alpha": -0.26969406011060426,
            "ksp_its": 9,
            "ls_evals": 19,
            "ls_repaired": false,
            "used_gradient_fallback": false,
            "accepted_step": true,
            "step_norm": 260.49080640323416,
            "step_rel": 0.5087711062563167,
            "pred_reduction": NaN,
            "actual_reduction": NaN,
            "trust_rejects": 0,
            "t_grad": 0.021756418980658054,
            "t_hess": 0.8443910509813577,
            "t_ls": 0.31991252198349684,
            "t_update": 0.00015642703510820866,
            "t_iter": 1.1864731559762731,
            "trust_radius": 1.0,
            "trust_ratio": NaN,
            "trust_qp": NaN
          },
          {
            "it": 2,
            "energy": 0.5100365460358849,
            "dE": 0.051952367509413344,
            "grad_norm": 0.0010307731051422046,
            "grad_target": 1e-05,
            "grad_norm_post": NaN,
            "alpha": 0.33670406766964767,
            "ksp_its": 6,
            "ls_evals": 19,
            "ls_repaired": false,
            "used_gradient_fallback": false,
            "accepted_step": true,
            "step_norm": 203.82573494335256,
            "step_rel": 0.3171832152382215,
            "pred_reduction": NaN,
            "actual_reduction": NaN,
            "trust_rejects": 0,
            "t_grad": 0.02162082400172949,
            "t_hess": 0.7087633169721812,
            "t_ls": 0.31370441400213167,
            "t_update": 0.00017992203356698155,
            "t_iter": 1.0444872670341283,
            "trust_radius": 1.0,
            "trust_ratio": NaN,
            "trust_qp": NaN
          },
          {
            "it": 3,
            "energy": 0.4478719778745549,
            "dE": 0.06216456816132998,
            "grad_norm": 0.0005641931751074855,
            "grad_target": 1e-05,
            "grad_norm_post": NaN,
            "alpha": -0.24063597095269007,
            "ksp_its": 6,
            "ls_evals": 19,
            "ls_repaired": false,
            "used_gradient_fallback": false,
            "accepted_step": true,
            "step_norm": 256.25156278536195,
            "step_rel": 0.34163622204365773,
            "pred_reduction": NaN,
            "actual_reduction": NaN,
            "trust_rejects": 0,
            "t_grad": 0.02155591599876061,
            "t_hess": 0.7094018060015514,
            "t_ls": 0.31715690600685775,
            "t_update": 0.00016552000306546688,
            "t_iter": 1.0485144010162912,
            "trust_radius": 1.0,
            "trust_ratio": NaN,
            "trust_qp": NaN
          },
          {
            "it": 4,
            "energy": 0.38871368052948524,
            "dE": 0.059158297345069666,
            "grad_norm": 0.000857050912689643,
            "grad_target": 1e-05,
            "grad_norm_post": NaN,
            "alpha": 0.17339160859889902,
            "ksp_its": 5,
            "ls_evals": 19,
            "ls_repaired": false,
            "used_gradient_fallback": false,
            "accepted_step": true,
            "step_norm": 197.11319953806031,
            "step_rel": 0.2449304935651743,
            "pred_reduction": NaN,
            "actual_reduction": NaN,
            "trust_rejects": 0,
            "t_grad": 0.021647404006216675,
            "t_hess": 0.6713577450136654,
            "t_ls": 0.3149671360151842,
            "t_update": 0.00016980600776150823,
            "t_iter": 1.0083645969862118,
            "trust_radius": 1.0,
            "trust_ratio": NaN,
            "trust_qp": NaN
          },
          {
            "it": 5,
            "energy": 0.35364010387307165,
            "dE": 0.035073576656413585,
            "grad_norm": 0.0008185545816205867,
            "grad_target": 1e-05,
            "grad_norm_post": NaN,
            "alpha": 0.4600635169165138,
            "ksp_its": 3,
            "ls_evals": 19,
            "ls_repaired": false,
            "used_gradient_fallback": false,
            "accepted_step": true,
            "step_norm": 123.36877936650457,
            "step_rel": 0.14551773217190458,
            "pred_reduction": NaN,
            "actual_reduction": NaN,
            "trust_rejects": 0,
            "t_grad": 0.02112433302681893,
            "t_hess": 0.5988507649744861,
            "t_ls": 0.3181998069630936,
            "t_update": 0.00017702800687402487,
            "t_iter": 0.9385793849942274,
            "trust_radius": 1.0,
            "trust_ratio": NaN,
            "trust_qp": NaN
          },
          {
            "it": 6,
            "energy": 0.3456898629209061,
            "dE": 0.007950240952165566,
            "grad_norm": 0.0004146371294768404,
            "grad_target": 1e-05,
            "grad_norm_post": NaN,
            "alpha": 1.0383710477695687,
            "ksp_its": 2,
            "ls_evals": 19,
            "ls_repaired": false,
            "used_gradient_fallback": false,
            "accepted_step": true,
            "step_norm": 43.12201968584819,
            "step_rel": 0.049167485811028845,
            "pred_reduction": NaN,
            "actual_reduction": NaN,
            "trust_rejects": 0,
            "t_grad": 0.021132374997250736,
            "t_hess": 0.5495805699611083,
            "t_ls": 0.32080836402019486,
            "t_update": 0.00016099301865324378,
            "t_iter": 0.8919058300089091,
            "trust_radius": 1.0,
            "trust_ratio": NaN,
            "trust_qp": NaN
          },
          {
            "it": 7,
            "energy": 0.3456264710178767,
            "dE": 6.339190302939723e-05,
            "grad_norm": 3.212228887386018e-05,
            "grad_target": 1e-05,
            "grad_norm_post": NaN,
            "alpha": 1.0132460540663673,
            "ksp_its": 2,
            "ls_evals": 19,
            "ls_repaired": false,
            "used_gradient_fallback": false,
            "accepted_step": true,
            "step_norm": 4.396219671119745,
            "step_rel": 0.004997332866768354,
            "pred_reduction": NaN,
            "actual_reduction": NaN,
            "trust_rejects": 0,
            "t_grad": 0.02182162698591128,
            "t_hess": 0.5498234740225598,
            "t_ls": 0.31904390698764473,
            "t_update": 0.00019298098050057888,
            "t_iter": 0.8910881800111383,
            "trust_radius": 1.0,
            "trust_ratio": NaN,
            "trust_qp": NaN
          },
          {
            "it": 8,
            "energy": 0.34562646841171807,
            "dE": 2.6061586222425603e-09,
            "grad_norm": 2.8777520626706814e-07,
            "grad_target": 1e-05,
            "grad_norm_post": 1.4538775373510638e-09,
            "alpha": 1.000416148939007,
            "ksp_its": 2,
            "ls_evals": 19,
            "ls_repaired": false,
            "used_gradient_fallback": false,
            "accepted_step": true,
            "step_norm": 0.02754512963596485,
            "step_rel": 3.1421306041194946e-05,
            "pred_reduction": NaN,
            "actual_reduction": NaN,
            "trust_rejects": 0,
            "t_grad": 0.021627562993671745,
            "t_hess": 0.5524466029601172,
            "t_ls": 0.31937194999773055,
            "t_update": 0.000171769002918154,
            "t_iter": 0.8938588380115107,
            "trust_radius": 1.0,
            "trust_ratio": NaN,
            "trust_qp": NaN
          }
        ],
        "linear_timing": [
          {
            "assemble_total_time": 0.3226689969887957,
            "assemble_p2p_exchange": 0.004469881008844823,
            "assemble_hvp_compute": 0.2968644740176387,
            "assemble_extraction": 0.004460257012397051,
            "assemble_coo_assembly": 0.01659253000980243,
            "assemble_n_hvps": 8,
            "setop_time": 3.4859986044466496e-06,
            "set_tolerances_time": 2.333021257072687e-06,
            "pc_setup_time": 0.1518767190282233,
            "solve_time": 0.36950789601542056,
            "linear_total_time": 0.8440594310523011,
            "ksp_its": 9
          },
          {
            "assemble_total_time": 0.32558459701249376,
            "assemble_p2p_exchange": 0.004522790026385337,
            "assemble_hvp_compute": 0.3086775520350784,
            "assemble_extraction": 0.006791576975956559,
            "assemble_coo_assembly": 0.005286734027322382,
            "assemble_n_hvps": 8,
            "setop_time": 3.535998985171318e-06,
            "set_tolerances_time": 1.8830178305506706e-06,
            "pc_setup_time": 0.1290813499945216,
            "solve_time": 0.25380422797752544,
            "linear_total_time": 0.7084755940013565,
            "ksp_its": 6
          },
          {
            "assemble_total_time": 0.3258422330254689,
            "assemble_p2p_exchange": 0.004244890937115997,
            "assemble_hvp_compute": 0.3057278750347905,
            "assemble_extraction": 0.007861343037802726,
            "assemble_coo_assembly": 0.007725036994088441,
            "assemble_n_hvps": 8,
            "setop_time": 2.6339548639953136e-06,
            "set_tolerances_time": 2.0030420273542404e-06,
            "pc_setup_time": 0.12925766501575708,
            "solve_time": 0.253983706003055,
            "linear_total_time": 0.7090882410411723,
            "ksp_its": 6
          },
          {
            "assemble_total_time": 0.32787525199819356,
            "assemble_p2p_exchange": 0.0043161779758520424,
            "assemble_hvp_compute": 0.3082439430290833,
            "assemble_extraction": 0.008198410971090198,
            "assemble_coo_assembly": 0.0068213120102882385,
            "assemble_n_hvps": 8,
            "setop_time": 2.7240021154284477e-06,
            "set_tolerances_time": 1.962995156645775e-06,
            "pc_setup_time": 0.12830778997158632,
            "solve_time": 0.21487072302261367,
            "linear_total_time": 0.6710584519896656,
            "ksp_its": 5
          },
          {
            "assemble_total_time": 0.3273444169899449,
            "assemble_p2p_exchange": 0.0044210359919816256,
            "assemble_hvp_compute": 0.3069962270092219,
            "assemble_extraction": 0.008698036021087319,
            "assemble_coo_assembly": 0.006918507977388799,
            "assemble_n_hvps": 8,
            "setop_time": 2.834014594554901e-06,
            "set_tolerances_time": 1.942971721291542e-06,
            "pc_setup_time": 0.12965061701834202,
            "solve_time": 0.14151973300613463,
            "linear_total_time": 0.5985195440007374,
            "ksp_its": 3
          },
          {
            "assemble_total_time": 0.31654271198203787,
            "assemble_p2p_exchange": 0.0042991930386051536,
            "assemble_hvp_compute": 0.2995191520312801,
            "assemble_extraction": 0.0049537920276634395,
            "assemble_coo_assembly": 0.007464643043931574,
            "assemble_n_hvps": 8,
            "setop_time": 2.273998688906431e-06,
            "set_tolerances_time": 1.8829596228897572e-06,
            "pc_setup_time": 0.12722565402509645,
            "solve_time": 0.10550576099194586,
            "linear_total_time": 0.549278283957392,
            "ksp_its": 2
          },
          {
            "assemble_total_time": 0.31495876802364364,
            "assemble_p2p_exchange": 0.004444892052561045,
            "assemble_hvp_compute": 0.29116449202410877,
            "assemble_extraction": 0.005329058039933443,
            "assemble_coo_assembly": 0.013734893000219017,
            "assemble_n_hvps": 8,
            "setop_time": 2.7139903977513313e-06,
            "set_tolerances_time": 2.162996679544449e-06,
            "pc_setup_time": 0.12830795801710337,
            "solve_time": 0.10621415101923048,
            "linear_total_time": 0.5494857540470548,
            "ksp_its": 2
          },
          {
            "assemble_total_time": 0.31691560201579705,
            "assemble_p2p_exchange": 0.004757525050081313,
            "assemble_hvp_compute": 0.28430540300905704,
            "assemble_extraction": 0.008331963035743684,
            "assemble_coo_assembly": 0.019218244997318834,
            "assemble_n_hvps": 8,
            "setop_time": 2.2840104065835476e-06,
            "set_tolerances_time": 1.9329600036144257e-06,
            "pc_setup_time": 0.12962111999513581,
            "solve_time": 0.10558446898357943,
            "linear_total_time": 0.5521254079649225,
            "ksp_its": 2
          }
        ]
      }
    ],
    "metadata": {
      "profile": "reference",
      "nprocs": 8,
      "nproc_threads": 1,
      "linear_solver": {
        "ksp_type": "gmres",
        "pc_type": "hypre",
        "ksp_rtol": 0.001,
        "ksp_max_it": 200,
        "pc_setup_on_ksp_cap": false,
        "gamg_threshold": 0.05,
        "gamg_agg_nsmooths": 1,
        "gamg_set_coordinates": true,
        "reorder": true,
        "hvp_eval_mode": "sfd_local_batched",
        "assembly_mode": "element",
        "element_reorder_mode": "block_xyz",
        "local_hessian_mode": "sfd_local",
        "distribution_strategy": "overlap_allgather",
        "assembler": "GLReorderedElementAssembler",
        "trust_subproblem_solver": "direct_linear_solve",
        "trust_subproblem_line_search": false
      },
      "newton": {
        "tolf": 1e-06,
        "tolg": 1e-05,
        "tolg_rel": 0.001,
        "tolx_rel": 0.001,
        "tolx_abs": 1e-10,
        "maxit": 100,
        "require_all_convergence": true,
        "fail_on_nonfinite": true,
        "linesearch_interval": [
          -0.5,
          2.0
        ],
        "linesearch_tol": 0.001,
        "trust_region": false,
        "trust_radius_init": 1.0,
        "trust_radius_min": 1e-08,
        "trust_radius_max": 1000000.0,
        "trust_subproblem_line_search": false,
        "step_time_limit_s": null
      }
    }
  }
}
