An NVIDIA GPU may be present on this machine, but a CUDA-enabled jaxlib is not installed. Falling back to cpu.
An NVIDIA GPU may be present on this machine, but a CUDA-enabled jaxlib is not installed. Falling back to cpu.
An NVIDIA GPU may be present on this machine, but a CUDA-enabled jaxlib is not installed. Falling back to cpu.
An NVIDIA GPU may be present on this machine, but a CUDA-enabled jaxlib is not installed. Falling back to cpu.
{
  "case": {
    "problem": "gl",
    "backend": "element",
    "level": 6,
    "out": "/home/michal/repos/fenics_nonlinear_energies/experiment_results_cache/gl_final_suite/jax_petsc_element_l6_np4.json",
    "quiet": true,
    "save_history": true,
    "save_linear_timing": true,
    "steps": 1,
    "start_step": 1,
    "total_steps": 24,
    "ksp_type": "gmres",
    "pc_type": "hypre",
    "ksp_rtol": 0.001,
    "ksp_max_it": 200,
    "profile": "reference",
    "coloring_trials": 10,
    "nproc_threads": 1,
    "hvp_eval_mode": "sequential",
    "element_reorder_mode": "block_xyz",
    "local_hessian_mode": "element",
    "tolf": 1e-06,
    "tolg": 1e-05,
    "tolg_rel": 0.001,
    "tolx_rel": 0.001,
    "tolx_abs": 1e-10,
    "maxit": 100,
    "step_time_limit_s": null,
    "linesearch_a": -0.5,
    "linesearch_b": 2.0,
    "linesearch_tol": 0.001,
    "use_trust_region": false,
    "trust_radius_init": 1.0,
    "trust_radius_min": 1e-08,
    "trust_radius_max": 1000000.0,
    "trust_shrink": 0.5,
    "trust_expand": 1.5,
    "trust_eta_shrink": 0.05,
    "trust_eta_expand": 0.75,
    "trust_max_reject": 6,
    "trust_subproblem_line_search": false,
    "local_coloring": true,
    "retry_on_failure": false,
    "pc_setup_on_ksp_cap": false,
    "use_near_nullspace": true,
    "reorder": null,
    "gamg_threshold": 0.05,
    "gamg_agg_nsmooths": 1,
    "gamg_set_coordinates": true
  },
  "result": {
    "mesh_level": 6,
    "total_dofs": 16641,
    "free_dofs": 16129,
    "setup_time": 0.562866,
    "solve_time_total": 0.091412,
    "total_time": 0.725024,
    "steps": [
      {
        "step": 1,
        "time": 0.091412,
        "nit": 5,
        "linear_iters": 12,
        "energy": 0.34577661109025815,
        "message": "Converged (energy, step, gradient)",
        "attempt": "primary",
        "ksp_rtol_used": 0.001,
        "ksp_max_it_used": 200,
        "linesearch_interval_used": [
          -0.5,
          2.0
        ],
        "history": [
          {
            "it": 1,
            "energy": 0.4998243322042659,
            "dE": 0.16551736433897557,
            "grad_norm": 0.007407961475354022,
            "grad_target": 1e-05,
            "grad_norm_post": NaN,
            "alpha": -0.49964995802247814,
            "ksp_its": 3,
            "ls_evals": 19,
            "ls_repaired": false,
            "used_gradient_fallback": false,
            "accepted_step": true,
            "step_norm": 26.570744508875183,
            "step_rel": 0.41516788295117474,
            "pred_reduction": NaN,
            "actual_reduction": NaN,
            "trust_rejects": 0,
            "t_grad": 0.0005075010121800005,
            "t_hess": 0.011744547984562814,
            "t_ls": 0.007486440998036414,
            "t_update": 2.594024408608675e-06,
            "t_iter": 0.019774805987253785,
            "trust_radius": 1.0,
            "trust_ratio": NaN,
            "trust_qp": NaN
          },
          {
            "it": 2,
            "energy": 0.3725828836261189,
            "dE": 0.127241448578147,
            "grad_norm": 0.008372996768970806,
            "grad_target": 1e-05,
            "grad_norm_post": NaN,
            "alpha": 0.2054153009809513,
            "ksp_its": 3,
            "ls_evals": 19,
            "ls_repaired": false,
            "used_gradient_fallback": false,
            "accepted_step": true,
            "step_norm": 30.440509523917648,
            "step_rel": 0.3803859044969306,
            "pred_reduction": NaN,
            "actual_reduction": NaN,
            "trust_rejects": 0,
            "t_grad": 0.00031817296985536814,
            "t_hess": 0.010914015991147608,
            "t_ls": 0.0075097259832546115,
            "t_update": 2.6240013539791107e-06,
            "t_iter": 0.01877590798540041,
            "trust_radius": 1.0,
            "trust_ratio": NaN,
            "trust_qp": NaN
          },
          {
            "it": 3,
            "energy": 0.3462138338666412,
            "dE": 0.026369049759477736,
            "grad_norm": 0.005338641291156887,
            "grad_target": 1e-05,
            "grad_norm_post": NaN,
            "alpha": 0.8428696289128259,
            "ksp_its": 2,
            "ls_evals": 19,
            "ls_repaired": false,
            "used_gradient_fallback": false,
            "accepted_step": true,
            "step_norm": 11.057527324553503,
            "step_rel": 0.1069084389607337,
            "pred_reduction": NaN,
            "actual_reduction": NaN,
            "trust_rejects": 0,
            "t_grad": 0.0003140270127914846,
            "t_hess": 0.008889961987733841,
            "t_ls": 0.007656970003154129,
            "t_update": 2.4040346033871174e-06,
            "t_iter": 0.016890624014195055,
            "trust_radius": 1.0,
            "trust_ratio": NaN,
            "trust_qp": NaN
          },
          {
            "it": 4,
            "energy": 0.34577670714029507,
            "dE": 0.0004371267263461043,
            "grad_norm": 0.0007614809343291102,
            "grad_target": 1e-05,
            "grad_norm_post": NaN,
            "alpha": 1.0369708798593138,
            "ksp_its": 2,
            "ls_evals": 19,
            "ls_repaired": false,
            "used_gradient_fallback": false,
            "accepted_step": true,
            "step_norm": 1.4238315139248159,
            "step_rel": 0.012903393171789216,
            "pred_reduction": NaN,
            "actual_reduction": NaN,
            "trust_rejects": 0,
            "t_grad": 0.0003263160469941795,
            "t_hess": 0.008894810045603663,
            "t_ls": 0.0077740870183333755,
            "t_update": 2.403976395726204e-06,
            "t_iter": 0.0170237859711051,
            "trust_radius": 1.0,
            "trust_ratio": NaN,
            "trust_qp": NaN
          },
          {
            "it": 5,
            "energy": 0.34577661109025815,
            "dE": 9.605003692403358e-08,
            "grad_norm": 1.652764480609303e-05,
            "grad_target": 1e-05,
            "grad_norm_post": 1.6519359298361254e-08,
            "alpha": 0.9999834732596391,
            "ksp_its": 2,
            "ls_evals": 19,
            "ls_repaired": false,
            "used_gradient_fallback": false,
            "accepted_step": true,
            "step_norm": 0.019814464878757078,
            "step_rel": 0.00018080715869768065,
            "pred_reduction": NaN,
            "actual_reduction": NaN,
            "trust_rejects": 0,
            "t_grad": 0.00033027102472260594,
            "t_hess": 0.00963628600584343,
            "t_ls": 0.00773985602427274,
            "t_update": 2.3529864847660065e-06,
            "t_iter": 0.01773634902201593,
            "trust_radius": 1.0,
            "trust_ratio": NaN,
            "trust_qp": NaN
          }
        ],
        "linear_timing": [
          {
            "assemble_total_time": 0.001436541962902993,
            "assemble_p2p_exchange": 9.03970212675631e-05,
            "assemble_hvp_compute": 0.0006008520140312612,
            "assemble_extraction": 0.0004143890109844506,
            "assemble_coo_assembly": 0.0003102310001850128,
            "assemble_n_hvps": 0,
            "setop_time": 4.497007466852665e-06,
            "set_tolerances_time": 2.102984581142664e-06,
            "pc_setup_time": 0.00759499502601102,
            "solve_time": 0.0026720690075308084,
            "linear_total_time": 0.011710205988492817,
            "ksp_its": 3
          },
          {
            "assemble_total_time": 0.001169755996670574,
            "assemble_p2p_exchange": 6.946705980226398e-05,
            "assemble_hvp_compute": 0.0002776720211841166,
            "assemble_extraction": 0.000620973005425185,
            "assemble_coo_assembly": 0.0001843200298026204,
            "assemble_n_hvps": 0,
            "setop_time": 1.933018211275339e-06,
            "set_tolerances_time": 1.8430291675031185e-06,
            "pc_setup_time": 0.00686425605090335,
            "solve_time": 0.0028443100163713098,
            "linear_total_time": 0.010882098111324012,
            "ksp_its": 3
          },
          {
            "assemble_total_time": 0.0009024409810081124,
            "assemble_p2p_exchange": 5.877797957509756e-05,
            "assemble_hvp_compute": 0.00027149199740961194,
            "assemble_extraction": 0.0004624419962055981,
            "assemble_coo_assembly": 9.685702389106154e-05,
            "assemble_n_hvps": 0,
            "setop_time": 1.441978383809328e-06,
            "set_tolerances_time": 1.5129917301237583e-06,
            "pc_setup_time": 0.0060741149936802685,
            "solve_time": 0.0018814380164258182,
            "linear_total_time": 0.008860948961228132,
            "ksp_its": 2
          },
          {
            "assemble_total_time": 0.0008953299839049578,
            "assemble_p2p_exchange": 6.248499266803265e-05,
            "assemble_hvp_compute": 0.00027652998687699437,
            "assemble_extraction": 0.00040989299304783344,
            "assemble_coo_assembly": 0.0001327010104432702,
            "assemble_n_hvps": 0,
            "setop_time": 1.5820260159671307e-06,
            "set_tolerances_time": 1.3720127753913403e-06,
            "pc_setup_time": 0.006087065034080297,
            "solve_time": 0.0018727550050243735,
            "linear_total_time": 0.008858104061800987,
            "ksp_its": 2
          },
          {
            "assemble_total_time": 0.0008815189939923584,
            "assemble_p2p_exchange": 6.248604040592909e-05,
            "assemble_hvp_compute": 0.00027419597608968616,
            "assemble_extraction": 0.00041011295979842544,
            "assemble_coo_assembly": 0.00012149498797953129,
            "assemble_n_hvps": 0,
            "setop_time": 1.5320256352424622e-06,
            "set_tolerances_time": 1.4919787645339966e-06,
            "pc_setup_time": 0.006664843007456511,
            "solve_time": 0.0020569939515553415,
            "linear_total_time": 0.009606379957403988,
            "ksp_its": 2
          }
        ]
      }
    ],
    "metadata": {
      "profile": "reference",
      "nprocs": 4,
      "nproc_threads": 1,
      "linear_solver": {
        "ksp_type": "gmres",
        "pc_type": "hypre",
        "ksp_rtol": 0.001,
        "ksp_max_it": 200,
        "pc_setup_on_ksp_cap": false,
        "gamg_threshold": 0.05,
        "gamg_agg_nsmooths": 1,
        "gamg_set_coordinates": true,
        "reorder": true,
        "hvp_eval_mode": "element_overlap",
        "assembly_mode": "element",
        "element_reorder_mode": "block_xyz",
        "local_hessian_mode": "element",
        "distribution_strategy": "overlap_allgather",
        "assembler": "GLReorderedElementAssembler",
        "trust_subproblem_solver": "direct_linear_solve",
        "trust_subproblem_line_search": false
      },
      "newton": {
        "tolf": 1e-06,
        "tolg": 1e-05,
        "tolg_rel": 0.001,
        "tolx_rel": 0.001,
        "tolx_abs": 1e-10,
        "maxit": 100,
        "require_all_convergence": true,
        "fail_on_nonfinite": true,
        "linesearch_interval": [
          -0.5,
          2.0
        ],
        "linesearch_tol": 0.001,
        "trust_region": false,
        "trust_radius_init": 1.0,
        "trust_radius_min": 1e-08,
        "trust_radius_max": 1000000.0,
        "trust_subproblem_line_search": false,
        "step_time_limit_s": null
      }
    }
  }
}
