An NVIDIA GPU may be present on this machine, but a CUDA-enabled jaxlib is not installed. Falling back to cpu.
An NVIDIA GPU may be present on this machine, but a CUDA-enabled jaxlib is not installed. Falling back to cpu.
An NVIDIA GPU may be present on this machine, but a CUDA-enabled jaxlib is not installed. Falling back to cpu.
An NVIDIA GPU may be present on this machine, but a CUDA-enabled jaxlib is not installed. Falling back to cpu.
An NVIDIA GPU may be present on this machine, but a CUDA-enabled jaxlib is not installed. Falling back to cpu.
An NVIDIA GPU may be present on this machine, but a CUDA-enabled jaxlib is not installed. Falling back to cpu.
An NVIDIA GPU may be present on this machine, but a CUDA-enabled jaxlib is not installed. Falling back to cpu.
An NVIDIA GPU may be present on this machine, but a CUDA-enabled jaxlib is not installed. Falling back to cpu.
An NVIDIA GPU may be present on this machine, but a CUDA-enabled jaxlib is not installed. Falling back to cpu.
An NVIDIA GPU may be present on this machine, but a CUDA-enabled jaxlib is not installed. Falling back to cpu.
An NVIDIA GPU may be present on this machine, but a CUDA-enabled jaxlib is not installed. Falling back to cpu.
An NVIDIA GPU may be present on this machine, but a CUDA-enabled jaxlib is not installed. Falling back to cpu.
An NVIDIA GPU may be present on this machine, but a CUDA-enabled jaxlib is not installed. Falling back to cpu.
An NVIDIA GPU may be present on this machine, but a CUDA-enabled jaxlib is not installed. Falling back to cpu.
An NVIDIA GPU may be present on this machine, but a CUDA-enabled jaxlib is not installed. Falling back to cpu.
An NVIDIA GPU may be present on this machine, but a CUDA-enabled jaxlib is not installed. Falling back to cpu.
An NVIDIA GPU may be present on this machine, but a CUDA-enabled jaxlib is not installed. Falling back to cpu.
An NVIDIA GPU may be present on this machine, but a CUDA-enabled jaxlib is not installed. Falling back to cpu.
An NVIDIA GPU may be present on this machine, but a CUDA-enabled jaxlib is not installed. Falling back to cpu.
An NVIDIA GPU may be present on this machine, but a CUDA-enabled jaxlib is not installed. Falling back to cpu.
An NVIDIA GPU may be present on this machine, but a CUDA-enabled jaxlib is not installed. Falling back to cpu.
An NVIDIA GPU may be present on this machine, but a CUDA-enabled jaxlib is not installed. Falling back to cpu.
An NVIDIA GPU may be present on this machine, but a CUDA-enabled jaxlib is not installed. Falling back to cpu.
An NVIDIA GPU may be present on this machine, but a CUDA-enabled jaxlib is not installed. Falling back to cpu.
An NVIDIA GPU may be present on this machine, but a CUDA-enabled jaxlib is not installed. Falling back to cpu.
An NVIDIA GPU may be present on this machine, but a CUDA-enabled jaxlib is not installed. Falling back to cpu.
An NVIDIA GPU may be present on this machine, but a CUDA-enabled jaxlib is not installed. Falling back to cpu.
An NVIDIA GPU may be present on this machine, but a CUDA-enabled jaxlib is not installed. Falling back to cpu.
An NVIDIA GPU may be present on this machine, but a CUDA-enabled jaxlib is not installed. Falling back to cpu.
An NVIDIA GPU may be present on this machine, but a CUDA-enabled jaxlib is not installed. Falling back to cpu.
An NVIDIA GPU may be present on this machine, but a CUDA-enabled jaxlib is not installed. Falling back to cpu.
An NVIDIA GPU may be present on this machine, but a CUDA-enabled jaxlib is not installed. Falling back to cpu.
{
  "case": {
    "problem": "gl",
    "backend": "element",
    "level": 5,
    "out": "/home/michal/repos/fenics_nonlinear_energies/experiment_results_cache/gl_final_suite/jax_petsc_element_l5_np32.json",
    "quiet": true,
    "save_history": true,
    "save_linear_timing": true,
    "steps": 1,
    "start_step": 1,
    "total_steps": 24,
    "ksp_type": "gmres",
    "pc_type": "hypre",
    "ksp_rtol": 0.001,
    "ksp_max_it": 200,
    "profile": "reference",
    "coloring_trials": 10,
    "nproc_threads": 1,
    "hvp_eval_mode": "sequential",
    "element_reorder_mode": "block_xyz",
    "local_hessian_mode": "element",
    "tolf": 1e-06,
    "tolg": 1e-05,
    "tolg_rel": 0.001,
    "tolx_rel": 0.001,
    "tolx_abs": 1e-10,
    "maxit": 100,
    "step_time_limit_s": null,
    "linesearch_a": -0.5,
    "linesearch_b": 2.0,
    "linesearch_tol": 0.001,
    "use_trust_region": false,
    "trust_radius_init": 1.0,
    "trust_radius_min": 1e-08,
    "trust_radius_max": 1000000.0,
    "trust_shrink": 0.5,
    "trust_expand": 1.5,
    "trust_eta_shrink": 0.05,
    "trust_eta_expand": 0.75,
    "trust_max_reject": 6,
    "trust_subproblem_line_search": false,
    "local_coloring": true,
    "retry_on_failure": false,
    "pc_setup_on_ksp_cap": false,
    "use_near_nullspace": true,
    "reorder": null,
    "gamg_threshold": 0.05,
    "gamg_agg_nsmooths": 1,
    "gamg_set_coordinates": true
  },
  "result": {
    "mesh_level": 5,
    "total_dofs": 4225,
    "free_dofs": 3969,
    "setup_time": 0.622036,
    "solve_time_total": 0.349613,
    "total_time": 1.045402,
    "steps": [
      {
        "step": 1,
        "time": 0.349613,
        "nit": 8,
        "linear_iters": 38,
        "energy": 0.3462314437821438,
        "message": "Converged (energy, step, gradient)",
        "attempt": "primary",
        "ksp_rtol_used": 0.001,
        "ksp_max_it_used": 200,
        "linesearch_interval_used": [
          -0.5,
          2.0
        ],
        "history": [
          {
            "it": 1,
            "energy": 0.5669098395089008,
            "dE": 0.0985599098071882,
            "grad_norm": 0.014805985418835032,
            "grad_target": 1.4805985418835032e-05,
            "grad_norm_post": NaN,
            "alpha": -0.2564314793039645,
            "ksp_its": 11,
            "ls_evals": 19,
            "ls_repaired": false,
            "used_gradient_fallback": false,
            "accepted_step": true,
            "step_norm": 15.912440648868747,
            "step_rel": 0.49726377027714835,
            "pred_reduction": NaN,
            "actual_reduction": NaN,
            "trust_rejects": 0,
            "t_grad": 0.0004331989912316203,
            "t_hess": 0.04442049196222797,
            "t_ls": 0.009966091020032763,
            "t_update": 1.5720142982900143e-06,
            "t_iter": 0.054868054983671755,
            "trust_radius": 1.0,
            "trust_ratio": NaN,
            "trust_qp": NaN
          },
          {
            "it": 2,
            "energy": 0.5122180697889713,
            "dE": 0.054691769719929506,
            "grad_norm": 0.016155713766638283,
            "grad_target": 1.4805985418835032e-05,
            "grad_norm_post": NaN,
            "alpha": 0.30974623037686466,
            "ksp_its": 6,
            "ls_evals": 19,
            "ls_repaired": false,
            "used_gradient_fallback": false,
            "accepted_step": true,
            "step_norm": 13.426888751099282,
            "step_rel": 0.336011907922128,
            "pred_reduction": NaN,
            "actual_reduction": NaN,
            "trust_rejects": 0,
            "t_grad": 0.00037588196573778987,
            "t_hess": 0.03522877802606672,
            "t_ls": 0.008784874982666224,
            "t_update": 1.502980012446642e-06,
            "t_iter": 0.044434672978241,
            "trust_radius": 1.0,
            "trust_ratio": NaN,
            "trust_qp": NaN
          },
          {
            "it": 3,
            "energy": 0.45071753835356343,
            "dE": 0.0615005314354079,
            "grad_norm": 0.008997306220737002,
            "grad_target": 1.4805985418835032e-05,
            "grad_norm_post": NaN,
            "alpha": -0.2904532826795708,
            "ksp_its": 5,
            "ls_evals": 19,
            "ls_repaired": false,
            "used_gradient_fallback": false,
            "accepted_step": true,
            "step_norm": 16.036398213228733,
            "step_rel": 0.3436433840107772,
            "pred_reduction": NaN,
            "actual_reduction": NaN,
            "trust_rejects": 0,
            "t_grad": 0.00024942902382463217,
            "t_hess": 0.03293695399770513,
            "t_ls": 0.010450617992319167,
            "t_update": 1.2320233508944511e-06,
            "t_iter": 0.043679655995219946,
            "trust_radius": 1.0,
            "trust_ratio": NaN,
            "trust_qp": NaN
          },
          {
            "it": 4,
            "energy": 0.40677548605645203,
            "dE": 0.0439420522971114,
            "grad_norm": 0.01390467013463693,
            "grad_target": 1.4805985418835032e-05,
            "grad_norm_post": NaN,
            "alpha": 0.052132411217164054,
            "ksp_its": 6,
            "ls_evals": 19,
            "ls_repaired": false,
            "used_gradient_fallback": false,
            "accepted_step": true,
            "step_norm": 11.09240024618981,
            "step_rel": 0.2224415199121487,
            "pred_reduction": NaN,
            "actual_reduction": NaN,
            "trust_rejects": 0,
            "t_grad": 0.00026598398108035326,
            "t_hess": 0.03180987999076024,
            "t_ls": 0.00907306297449395,
            "t_update": 1.2320233508944511e-06,
            "t_iter": 0.04119805298978463,
            "trust_radius": 1.0,
            "trust_ratio": NaN,
            "trust_qp": NaN
          },
          {
            "it": 5,
            "energy": 0.36400727248622594,
            "dE": 0.04276821357022609,
            "grad_norm": 0.013842330131817349,
            "grad_target": 1.4805985418835032e-05,
            "grad_norm_post": NaN,
            "alpha": 0.3019821803389976,
            "ksp_its": 4,
            "ls_evals": 19,
            "ls_repaired": false,
            "used_gradient_fallback": false,
            "accepted_step": true,
            "step_norm": 9.41297380327091,
            "step_rel": 0.18085547955481504,
            "pred_reduction": NaN,
            "actual_reduction": NaN,
            "trust_rejects": 0,
            "t_grad": 0.00034341204445809126,
            "t_hess": 0.03248402499593794,
            "t_ls": 0.010941935004666448,
            "t_update": 1.4120014384388924e-06,
            "t_iter": 0.04383238800801337,
            "trust_radius": 1.0,
            "trust_ratio": NaN,
            "trust_qp": NaN
          },
          {
            "it": 6,
            "energy": 0.3465509025127379,
            "dE": 0.01745636997348804,
            "grad_norm": 0.009533902387609778,
            "grad_target": 1.4805985418835032e-05,
            "grad_norm_post": NaN,
            "alpha": 0.9597630551600866,
            "ksp_its": 2,
            "ls_evals": 19,
            "ls_repaired": false,
            "used_gradient_fallback": false,
            "accepted_step": true,
            "step_norm": 4.075769096514875,
            "step_rel": 0.07531664529148334,
            "pred_reduction": NaN,
            "actual_reduction": NaN,
            "trust_rejects": 0,
            "t_grad": 0.00035310699604451656,
            "t_hess": 0.03541787603171542,
            "t_ls": 0.012400873005390167,
            "t_update": 1.7230049706995487e-06,
            "t_iter": 0.04823418997693807,
            "trust_radius": 1.0,
            "trust_ratio": NaN,
            "trust_qp": NaN
          },
          {
            "it": 7,
            "energy": 0.3462315072464439,
            "dE": 0.00031939526629398696,
            "grad_norm": 0.0011529819031151566,
            "grad_target": 1.4805985418835032e-05,
            "grad_norm_post": NaN,
            "alpha": 1.0340052766351955,
            "ksp_its": 2,
            "ls_evals": 19,
            "ls_repaired": false,
            "used_gradient_fallback": false,
            "accepted_step": true,
            "step_norm": 0.6292389144812266,
            "step_rel": 0.011401317122624093,
            "pred_reduction": NaN,
            "actual_reduction": NaN,
            "trust_rejects": 0,
            "t_grad": 0.00037574098678305745,
            "t_hess": 0.028264320048037916,
            "t_ls": 0.008629679039586335,
            "t_update": 1.0519870556890965e-06,
            "t_iter": 0.03732604597462341,
            "trust_radius": 1.0,
            "trust_ratio": NaN,
            "trust_qp": NaN
          },
          {
            "it": 8,
            "energy": 0.3462314437821438,
            "dE": 6.346430009296355e-08,
            "grad_norm": 1.7124239538504152e-05,
            "grad_target": 1.4805985418835032e-05,
            "grad_norm_post": 2.0870684885802036e-08,
            "alpha": 1.000416148939007,
            "ksp_its": 2,
            "ls_evals": 19,
            "ls_repaired": false,
            "used_gradient_fallback": false,
            "accepted_step": true,
            "step_norm": 0.008479240451445135,
            "step_rel": 0.00015471190849247445,
            "pred_reduction": NaN,
            "actual_reduction": NaN,
            "trust_rejects": 0,
            "t_grad": 0.0002458629896864295,
            "t_hess": 0.025804400036577135,
            "t_ls": 0.008655429002828896,
            "t_update": 1.1310330592095852e-06,
            "t_iter": 0.03476191801019013,
            "trust_radius": 1.0,
            "trust_ratio": NaN,
            "trust_qp": NaN
          }
        ],
        "linear_timing": [
          {
            "assemble_total_time": 0.0005308070103637874,
            "assemble_p2p_exchange": 9.931001113727689e-05,
            "assemble_hvp_compute": 0.00011572596849873662,
            "assemble_extraction": 3.3240008633583784e-05,
            "assemble_coo_assembly": 0.0002690289984457195,
            "assemble_n_hvps": 0,
            "setop_time": 2.362998202443123e-06,
            "set_tolerances_time": 1.802982296794653e-06,
            "pc_setup_time": 0.020707252027932554,
            "solve_time": 0.0231259890133515,
            "linear_total_time": 0.04436821403214708,
            "ksp_its": 11
          },
          {
            "assemble_total_time": 0.0004650169867090881,
            "assemble_p2p_exchange": 0.00011928100138902664,
            "assemble_hvp_compute": 0.00011101795826107264,
            "assemble_extraction": 3.1238014344125986e-05,
            "assemble_coo_assembly": 0.00019118102500215173,
            "assemble_n_hvps": 0,
            "setop_time": 1.2919772416353226e-06,
            "set_tolerances_time": 1.602980773895979e-06,
            "pc_setup_time": 0.019181380979716778,
            "solve_time": 0.0155286579974927,
            "linear_total_time": 0.0351779509219341,
            "ksp_its": 6
          },
          {
            "assemble_total_time": 0.00031603098614141345,
            "assemble_p2p_exchange": 7.741799345239997e-05,
            "assemble_hvp_compute": 0.00010793498950079083,
            "assemble_extraction": 2.946500899270177e-05,
            "assemble_coo_assembly": 9.142898488789797e-05,
            "assemble_n_hvps": 0,
            "setop_time": 1.1320225894451141e-06,
            "set_tolerances_time": 1.0119983926415443e-06,
            "pc_setup_time": 0.02078457799507305,
            "solve_time": 0.011790214048232883,
            "linear_total_time": 0.032892967050429434,
            "ksp_its": 5
          },
          {
            "assemble_total_time": 0.00031341699650511146,
            "assemble_p2p_exchange": 7.79389520175755e-05,
            "assemble_hvp_compute": 0.00010629196185618639,
            "assemble_extraction": 2.964597661048174e-05,
            "assemble_coo_assembly": 9.031698573380709e-05,
            "assemble_n_hvps": 0,
            "setop_time": 1.0519870556890965e-06,
            "set_tolerances_time": 1.0110088624060154e-06,
            "pc_setup_time": 0.01804684696253389,
            "solve_time": 0.013400372990872711,
            "linear_total_time": 0.03176269994582981,
            "ksp_its": 6
          },
          {
            "assemble_total_time": 0.0005079520051367581,
            "assemble_p2p_exchange": 0.00011665798956528306,
            "assemble_hvp_compute": 0.0001077939523383975,
            "assemble_extraction": 3.2329000532627106e-05,
            "assemble_coo_assembly": 0.0002411259920336306,
            "assemble_n_hvps": 0,
            "setop_time": 1.1720112524926662e-06,
            "set_tolerances_time": 1.3120006769895554e-06,
            "pc_setup_time": 0.02021243894705549,
            "solve_time": 0.011698293965309858,
            "linear_total_time": 0.03242116892943159,
            "ksp_its": 4
          },
          {
            "assemble_total_time": 0.00042433501221239567,
            "assemble_p2p_exchange": 0.00010615203063935041,
            "assemble_hvp_compute": 0.00010497996117919683,
            "assemble_extraction": 2.8454000130295753e-05,
            "assemble_coo_assembly": 0.00017556699458509684,
            "assemble_n_hvps": 0,
            "setop_time": 9.119976311922073e-07,
            "set_tolerances_time": 1.101987436413765e-06,
            "pc_setup_time": 0.026166841038502753,
            "solve_time": 0.008765306032728404,
            "linear_total_time": 0.03535849606851116,
            "ksp_its": 2
          },
          {
            "assemble_total_time": 0.0004440349875949323,
            "assemble_p2p_exchange": 0.00010464893421158195,
            "assemble_hvp_compute": 0.00010931695578619838,
            "assemble_extraction": 2.9324961360543966e-05,
            "assemble_coo_assembly": 0.00018040399299934506,
            "assemble_n_hvps": 0,
            "setop_time": 1.3519893400371075e-06,
            "set_tolerances_time": 1.101987436413765e-06,
            "pc_setup_time": 0.021079116966575384,
            "solve_time": 0.006677531986497343,
            "linear_total_time": 0.02820313791744411,
            "ksp_its": 2
          },
          {
            "assemble_total_time": 0.00031250499887391925,
            "assemble_p2p_exchange": 7.726799231022596e-05,
            "assemble_hvp_compute": 0.00010422896593809128,
            "assemble_extraction": 2.7511967346072197e-05,
            "assemble_coo_assembly": 9.473401587456465e-05,
            "assemble_n_hvps": 0,
            "setop_time": 7.509952411055565e-07,
            "set_tolerances_time": 1.000997144728899e-06,
            "pc_setup_time": 0.0186064779991284,
            "solve_time": 0.006824153999332339,
            "linear_total_time": 0.025744888989720494,
            "ksp_its": 2
          }
        ]
      }
    ],
    "metadata": {
      "profile": "reference",
      "nprocs": 32,
      "nproc_threads": 1,
      "linear_solver": {
        "ksp_type": "gmres",
        "pc_type": "hypre",
        "ksp_rtol": 0.001,
        "ksp_max_it": 200,
        "pc_setup_on_ksp_cap": false,
        "gamg_threshold": 0.05,
        "gamg_agg_nsmooths": 1,
        "gamg_set_coordinates": true,
        "reorder": true,
        "hvp_eval_mode": "element_overlap",
        "assembly_mode": "element",
        "element_reorder_mode": "block_xyz",
        "local_hessian_mode": "element",
        "distribution_strategy": "overlap_allgather",
        "assembler": "GLReorderedElementAssembler",
        "trust_subproblem_solver": "direct_linear_solve",
        "trust_subproblem_line_search": false
      },
      "newton": {
        "tolf": 1e-06,
        "tolg": 1e-05,
        "tolg_rel": 0.001,
        "tolx_rel": 0.001,
        "tolx_abs": 1e-10,
        "maxit": 100,
        "require_all_convergence": true,
        "fail_on_nonfinite": true,
        "linesearch_interval": [
          -0.5,
          2.0
        ],
        "linesearch_tol": 0.001,
        "trust_region": false,
        "trust_radius_init": 1.0,
        "trust_radius_min": 1e-08,
        "trust_radius_max": 1000000.0,
        "trust_subproblem_line_search": false,
        "step_time_limit_s": null
      }
    }
  }
}
