An NVIDIA GPU may be present on this machine, but a CUDA-enabled jaxlib is not installed. Falling back to cpu.
{
  "case": {
    "problem": "gl",
    "backend": "element",
    "level": 8,
    "out": "/home/michal/repos/fenics_nonlinear_energies/experiment_results_cache/gl_final_suite/jax_petsc_element_l8_np1.json",
    "quiet": true,
    "save_history": true,
    "save_linear_timing": true,
    "steps": 1,
    "start_step": 1,
    "total_steps": 24,
    "ksp_type": "gmres",
    "pc_type": "hypre",
    "ksp_rtol": 0.001,
    "ksp_max_it": 200,
    "profile": "reference",
    "coloring_trials": 10,
    "nproc_threads": 1,
    "hvp_eval_mode": "sequential",
    "element_reorder_mode": "block_xyz",
    "local_hessian_mode": "element",
    "tolf": 1e-06,
    "tolg": 1e-05,
    "tolg_rel": 0.001,
    "tolx_rel": 0.001,
    "tolx_abs": 1e-10,
    "maxit": 100,
    "step_time_limit_s": null,
    "linesearch_a": -0.5,
    "linesearch_b": 2.0,
    "linesearch_tol": 0.001,
    "use_trust_region": false,
    "trust_radius_init": 1.0,
    "trust_radius_min": 1e-08,
    "trust_radius_max": 1000000.0,
    "trust_shrink": 0.5,
    "trust_expand": 1.5,
    "trust_eta_shrink": 0.05,
    "trust_eta_expand": 0.75,
    "trust_max_reject": 6,
    "trust_subproblem_line_search": false,
    "local_coloring": true,
    "retry_on_failure": false,
    "pc_setup_on_ksp_cap": false,
    "use_near_nullspace": true,
    "reorder": null,
    "gamg_threshold": 0.05,
    "gamg_agg_nsmooths": 1,
    "gamg_set_coordinates": true
  },
  "result": {
    "mesh_level": 8,
    "total_dofs": 263169,
    "free_dofs": 261121,
    "setup_time": 2.69062,
    "solve_time_total": 2.259196,
    "total_time": 5.118445,
    "steps": [
      {
        "step": 1,
        "time": 2.259196,
        "nit": 7,
        "linear_iters": 25,
        "energy": 0.345633628272013,
        "message": "Converged (energy, step, gradient)",
        "attempt": "primary",
        "ksp_rtol_used": 0.001,
        "ksp_max_it_used": 200,
        "linesearch_interval_used": [
          -0.5,
          2.0
        ],
        "history": [
          {
            "it": 1,
            "energy": 0.5000782849300613,
            "dE": 0.16522339393753616,
            "grad_norm": 0.0018523798253574071,
            "grad_target": 1e-05,
            "grad_norm_post": NaN,
            "alpha": -0.33407197968263513,
            "ksp_its": 7,
            "ls_evals": 19,
            "ls_repaired": false,
            "used_gradient_fallback": false,
            "accepted_step": true,
            "step_norm": 152.81814989161484,
            "step_rel": 0.5969458980141206,
            "pred_reduction": NaN,
            "actual_reduction": NaN,
            "trust_rejects": 0,
            "t_grad": 0.008952981035690755,
            "t_hess": 0.2821041629649699,
            "t_ls": 0.10342632001265883,
            "t_update": 6.034201942384243e-05,
            "t_iter": 0.3946221960359253,
            "trust_radius": 1.0,
            "trust_ratio": NaN,
            "trust_qp": NaN
          },
          {
            "it": 2,
            "energy": 0.49864472410629845,
            "dE": 0.0014335608237628916,
            "grad_norm": 0.0018238851556567663,
            "grad_target": 1e-05,
            "grad_norm_post": NaN,
            "alpha": -0.25206570816973894,
            "ksp_its": 5,
            "ls_evals": 19,
            "ls_repaired": false,
            "used_gradient_fallback": false,
            "accepted_step": true,
            "step_norm": 48.13203659380347,
            "step_rel": 0.13328505598266333,
            "pred_reduction": NaN,
            "actual_reduction": NaN,
            "trust_rejects": 0,
            "t_grad": 0.008155603019986302,
            "t_hess": 0.23032413300825283,
            "t_ls": 0.10138471802929416,
            "t_update": 5.733699072152376e-05,
            "t_iter": 0.33999932900769636,
            "trust_radius": 1.0,
            "trust_ratio": NaN,
            "trust_qp": NaN
          },
          {
            "it": 3,
            "energy": 0.45782415991599007,
            "dE": 0.040820564190308384,
            "grad_norm": 0.00227208346914594,
            "grad_target": 1e-05,
            "grad_norm_post": NaN,
            "alpha": -0.13533754932619269,
            "ksp_its": 5,
            "ls_evals": 19,
            "ls_repaired": false,
            "used_gradient_fallback": false,
            "accepted_step": true,
            "step_norm": 82.71986730462218,
            "step_rel": 0.23171999531064275,
            "pred_reduction": NaN,
            "actual_reduction": NaN,
            "trust_rejects": 0,
            "t_grad": 0.008434094954282045,
            "t_hess": 0.2279378050006926,
            "t_ls": 0.10126829001819715,
            "t_update": 5.7827041018754244e-05,
            "t_iter": 0.33777313196333125,
            "trust_radius": 1.0,
            "trust_ratio": NaN,
            "trust_qp": NaN
          },
          {
            "it": 4,
            "energy": 0.3760555496223985,
            "dE": 0.08176861029359156,
            "grad_norm": 0.002510507296581637,
            "grad_target": 1e-05,
            "grad_norm_post": NaN,
            "alpha": 0.32667449836268625,
            "ksp_its": 2,
            "ls_evals": 19,
            "ls_repaired": false,
            "used_gradient_fallback": false,
            "accepted_step": true,
            "step_norm": 82.57277676216972,
            "step_rel": 0.21655029144182722,
            "pred_reduction": NaN,
            "actual_reduction": NaN,
            "trust_rejects": 0,
            "t_grad": 0.008403097977861762,
            "t_hess": 0.18313110701274127,
            "t_ls": 0.1011598760378547,
            "t_update": 6.150297122076154e-05,
            "t_iter": 0.2928264609654434,
            "trust_radius": 1.0,
            "trust_ratio": NaN,
            "trust_qp": NaN
          },
          {
            "it": 5,
            "energy": 0.34640213014617177,
            "dE": 0.02965341947622674,
            "grad_norm": 0.0016543483245887388,
            "grad_target": 1e-05,
            "grad_norm_post": NaN,
            "alpha": 0.9570648602117278,
            "ksp_its": 2,
            "ls_evals": 19,
            "ls_repaired": false,
            "used_gradient_fallback": false,
            "accepted_step": true,
            "step_norm": 42.30376079626117,
            "step_rel": 0.09870388672185106,
            "pred_reduction": NaN,
            "actual_reduction": NaN,
            "trust_rejects": 0,
            "t_grad": 0.00813224702142179,
            "t_hess": 0.18547798099461943,
            "t_ls": 0.10114489297848195,
            "t_update": 5.7747995015233755e-05,
            "t_iter": 0.29490294598508626,
            "trust_radius": 1.0,
            "trust_ratio": NaN,
            "trust_qp": NaN
          },
          {
            "it": 6,
            "energy": 0.3456339544743924,
            "dE": 0.0007681756717793919,
            "grad_norm": 0.00022993144638960953,
            "grad_target": 1e-05,
            "grad_norm_post": NaN,
            "alpha": 1.041336650993687,
            "ksp_its": 2,
            "ls_evals": 19,
            "ls_repaired": false,
            "used_gradient_fallback": false,
            "accepted_step": true,
            "step_norm": 7.368375689949316,
            "step_rel": 0.01659530936787973,
            "pred_reduction": NaN,
            "actual_reduction": NaN,
            "trust_rejects": 0,
            "t_grad": 0.008459643984679133,
            "t_hess": 0.18339627695968375,
            "t_ls": 0.10115655895788223,
            "t_update": 5.918001988902688e-05,
            "t_iter": 0.29314337798859924,
            "trust_radius": 1.0,
            "trust_ratio": NaN,
            "trust_qp": NaN
          },
          {
            "it": 7,
            "energy": 0.345633628272013,
            "dE": 3.2620237938596475e-07,
            "grad_norm": 4.697018045722241e-06,
            "grad_target": 1e-05,
            "grad_norm_post": 1.0080283272669396e-08,
            "alpha": 1.0011162328941345,
            "ksp_its": 2,
            "ls_evals": 19,
            "ls_repaired": false,
            "used_gradient_fallback": false,
            "accepted_step": true,
            "step_norm": 0.15692158312366467,
            "step_rel": 0.0003580457519575961,
            "pred_reduction": NaN,
            "actual_reduction": NaN,
            "trust_rejects": 0,
            "t_grad": 0.008236154972109944,
            "t_hess": 0.18274046201258898,
            "t_ls": 0.10110841604182497,
            "t_update": 5.798798520117998e-05,
            "t_iter": 0.29221541102742776,
            "trust_radius": 1.0,
            "trust_ratio": NaN,
            "trust_qp": NaN
          }
        ],
        "linear_timing": [
          {
            "assemble_total_time": 0.045214006036985666,
            "assemble_p2p_exchange": 0.00156310701277107,
            "assemble_hvp_compute": 0.010510731022804976,
            "assemble_extraction": 0.02716951398178935,
            "assemble_coo_assembly": 0.005570437991991639,
            "assemble_n_hvps": 0,
            "setop_time": 3.6160345189273357e-06,
            "set_tolerances_time": 3.0249939300119877e-06,
            "pc_setup_time": 0.1072451850050129,
            "solve_time": 0.1295027380110696,
            "linear_total_time": 0.2819685700815171,
            "ksp_its": 7
          },
          {
            "assemble_total_time": 0.044930566975381225,
            "assemble_p2p_exchange": 0.0016080960049293935,
            "assemble_hvp_compute": 0.010454014001879841,
            "assemble_extraction": 0.02694535395130515,
            "assemble_coo_assembly": 0.00552353699458763,
            "assemble_n_hvps": 0,
            "setop_time": 4.726985935121775e-06,
            "set_tolerances_time": 3.3450196497142315e-06,
            "pc_setup_time": 0.09018114797072485,
            "solve_time": 0.09506022796267644,
            "linear_total_time": 0.23018001491436735,
            "ksp_its": 5
          },
          {
            "assemble_total_time": 0.044363226974383,
            "assemble_p2p_exchange": 0.0012469379580579698,
            "assemble_hvp_compute": 0.010334594000596553,
            "assemble_extraction": 0.027094189019408077,
            "assemble_coo_assembly": 0.0052874989924021065,
            "assemble_n_hvps": 0,
            "setop_time": 2.5140470825135708e-06,
            "set_tolerances_time": 2.954038791358471e-06,
            "pc_setup_time": 0.08934507000958547,
            "solve_time": 0.0940910890349187,
            "linear_total_time": 0.22780485410476103,
            "ksp_its": 5
          },
          {
            "assemble_total_time": 0.046238737006206065,
            "assemble_p2p_exchange": 0.0010053429869003594,
            "assemble_hvp_compute": 0.010633166006300598,
            "assemble_extraction": 0.02840300102252513,
            "assemble_coo_assembly": 0.005782118998467922,
            "assemble_n_hvps": 0,
            "setop_time": 2.7840142138302326e-06,
            "set_tolerances_time": 2.7240021154284477e-06,
            "pc_setup_time": 0.09080223698401824,
            "solve_time": 0.04593648901209235,
            "linear_total_time": 0.1829829710186459,
            "ksp_its": 2
          },
          {
            "assemble_total_time": 0.04624236299423501,
            "assemble_p2p_exchange": 0.001042989024426788,
            "assemble_hvp_compute": 0.010715791024267673,
            "assemble_extraction": 0.02884256700053811,
            "assemble_coo_assembly": 0.005244172993116081,
            "assemble_n_hvps": 0,
            "setop_time": 2.774992026388645e-06,
            "set_tolerances_time": 2.863991539925337e-06,
            "pc_setup_time": 0.09161085198866203,
            "solve_time": 0.04748326202388853,
            "linear_total_time": 0.18534211599035189,
            "ksp_its": 2
          },
          {
            "assemble_total_time": 0.04556645796401426,
            "assemble_p2p_exchange": 0.0010495410533621907,
            "assemble_hvp_compute": 0.010400903993286192,
            "assemble_extraction": 0.028480248991400003,
            "assemble_coo_assembly": 0.005247518012765795,
            "assemble_n_hvps": 0,
            "setop_time": 2.763990778476e-06,
            "set_tolerances_time": 2.7139903977513313e-06,
            "pc_setup_time": 0.09157580800820142,
            "solve_time": 0.04611553903669119,
            "linear_total_time": 0.1832632829900831,
            "ksp_its": 2
          },
          {
            "assemble_total_time": 0.0459942760062404,
            "assemble_p2p_exchange": 0.000996209040749818,
            "assemble_hvp_compute": 0.010688078997191042,
            "assemble_extraction": 0.028567871020641178,
            "assemble_coo_assembly": 0.00534666795283556,
            "assemble_n_hvps": 0,
            "setop_time": 3.1850067898631096e-06,
            "set_tolerances_time": 3.1650415621697903e-06,
            "pc_setup_time": 0.09037066099699587,
            "solve_time": 0.04623653303133324,
            "linear_total_time": 0.18260782008292153,
            "ksp_its": 2
          }
        ]
      }
    ],
    "metadata": {
      "profile": "reference",
      "nprocs": 1,
      "nproc_threads": 1,
      "linear_solver": {
        "ksp_type": "gmres",
        "pc_type": "hypre",
        "ksp_rtol": 0.001,
        "ksp_max_it": 200,
        "pc_setup_on_ksp_cap": false,
        "gamg_threshold": 0.05,
        "gamg_agg_nsmooths": 1,
        "gamg_set_coordinates": true,
        "reorder": true,
        "hvp_eval_mode": "element_overlap",
        "assembly_mode": "element",
        "element_reorder_mode": "block_xyz",
        "local_hessian_mode": "element",
        "distribution_strategy": "overlap_allgather",
        "assembler": "GLReorderedElementAssembler",
        "trust_subproblem_solver": "direct_linear_solve",
        "trust_subproblem_line_search": false
      },
      "newton": {
        "tolf": 1e-06,
        "tolg": 1e-05,
        "tolg_rel": 0.001,
        "tolx_rel": 0.001,
        "tolx_abs": 1e-10,
        "maxit": 100,
        "require_all_convergence": true,
        "fail_on_nonfinite": true,
        "linesearch_interval": [
          -0.5,
          2.0
        ],
        "linesearch_tol": 0.001,
        "trust_region": false,
        "trust_radius_init": 1.0,
        "trust_radius_min": 1e-08,
        "trust_radius_max": 1000000.0,
        "trust_subproblem_line_search": false,
        "step_time_limit_s": null
      }
    }
  }
}
