{
  "case": {
    "problem": "plaplace",
    "backend": "fenics",
    "level": 9,
    "out": "/home/michal/repos/fenics_nonlinear_energies/experiment_results_cache/plaplace_final_suite/fenics_custom_l9_np2.json",
    "quiet": true,
    "save_history": true,
    "save_linear_timing": true,
    "steps": 1,
    "start_step": 1,
    "total_steps": 24,
    "ksp_type": "cg",
    "pc_type": "hypre",
    "ksp_rtol": 0.1,
    "ksp_max_it": 30,
    "profile": "performance",
    "coloring_trials": 10,
    "nproc_threads": 1,
    "hvp_eval_mode": "sequential",
    "element_reorder_mode": null,
    "local_hessian_mode": null,
    "tolf": 0.0001,
    "tolg": 0.001,
    "tolg_rel": 0.001,
    "tolx_rel": 0.001,
    "tolx_abs": 1e-10,
    "maxit": 100,
    "step_time_limit_s": null,
    "linesearch_a": -0.5,
    "linesearch_b": 2.0,
    "linesearch_tol": 0.1,
    "use_trust_region": false,
    "trust_radius_init": 1.0,
    "trust_radius_min": 1e-08,
    "trust_radius_max": 1000000.0,
    "trust_shrink": 0.5,
    "trust_expand": 1.5,
    "trust_eta_shrink": 0.05,
    "trust_eta_expand": 0.75,
    "trust_max_reject": 6,
    "trust_subproblem_line_search": false,
    "local_coloring": true,
    "retry_on_failure": false,
    "pc_setup_on_ksp_cap": false,
    "use_near_nullspace": true,
    "reorder": null,
    "gamg_threshold": 0.05,
    "gamg_agg_nsmooths": 1,
    "gamg_set_coordinates": true
  },
  "result": {
    "mesh_level": 9,
    "total_dofs": 788481,
    "free_dofs": 786335,
    "setup_time": 2.757475,
    "solve_time_total": 5.863944,
    "total_time": 8.621707,
    "steps": [
      {
        "step": 1,
        "time": 5.863944,
        "nit": 5,
        "linear_iters": 10,
        "energy": -7.96000494732152,
        "message": "Converged (energy, step, gradient)",
        "attempt": "primary",
        "ksp_rtol_used": 0.1,
        "ksp_max_it_used": 30,
        "linesearch_interval_used": [
          -0.5,
          2.0
        ],
        "history": [
          {
            "it": 1,
            "energy": -5.149756390110046,
            "dE": 38.34624493283482,
            "grad_norm": 44.83886128331897,
            "grad_target": 0.04483886128331897,
            "grad_norm_post": NaN,
            "alpha": 1.6783072328100033,
            "ksp_its": 2,
            "ls_evals": 9,
            "ls_repaired": false,
            "used_gradient_fallback": false,
            "accepted_step": true,
            "step_norm": 378.75124371113,
            "step_rel": 74.04520806033698,
            "pred_reduction": NaN,
            "actual_reduction": NaN,
            "trust_rejects": 0,
            "t_grad": 0.04912139498628676,
            "t_hess": 0.7630622340366244,
            "t_ls": 0.421281041984912,
            "t_update": 0.00024815398501232266,
            "t_iter": 1.2337928760098293,
            "trust_radius": 1.0,
            "trust_ratio": NaN,
            "trust_qp": NaN
          },
          {
            "it": 2,
            "energy": -7.54940545664998,
            "dE": 2.3996490665399346,
            "grad_norm": 8.548719567762454,
            "grad_target": 0.04483886128331897,
            "grad_norm_post": NaN,
            "alpha": 0.7233922046847389,
            "ksp_its": 2,
            "ls_evals": 9,
            "ls_repaired": false,
            "used_gradient_fallback": false,
            "accepted_step": true,
            "step_norm": 79.0446145252788,
            "step_rel": 0.21082694132085142,
            "pred_reduction": NaN,
            "actual_reduction": NaN,
            "trust_rejects": 0,
            "t_grad": 0.04812706803204492,
            "t_hess": 0.7416779979830608,
            "t_ls": 0.42783011100254953,
            "t_update": 0.0002464210265316069,
            "t_iter": 1.2179534870083444,
            "trust_radius": 1.0,
            "trust_ratio": NaN,
            "trust_qp": NaN
          },
          {
            "it": 3,
            "energy": -7.953125338987841,
            "dE": 0.40371988233786116,
            "grad_norm": 3.1095255106560065,
            "grad_target": 0.04483886128331897,
            "grad_norm_post": NaN,
            "alpha": 1.1413528796910493,
            "ksp_its": 2,
            "ls_evals": 9,
            "ls_repaired": false,
            "used_gradient_fallback": false,
            "accepted_step": true,
            "step_norm": 32.036117983499665,
            "step_rel": 0.07148352449050951,
            "pred_reduction": NaN,
            "actual_reduction": NaN,
            "trust_rejects": 0,
            "t_grad": 0.04796936101047322,
            "t_hess": 0.6328668050118722,
            "t_ls": 0.4217070230515674,
            "t_update": 0.0002455189824104309,
            "t_iter": 1.1028568799956702,
            "trust_radius": 1.0,
            "trust_ratio": NaN,
            "trust_qp": NaN
          },
          {
            "it": 4,
            "energy": -7.959908061928968,
            "dE": 0.006782722941126806,
            "grad_norm": 0.34842667169434965,
            "grad_target": 0.04483886128331897,
            "grad_norm_post": NaN,
            "alpha": 1.1413528796910493,
            "ksp_its": 2,
            "ls_evals": 9,
            "ls_repaired": false,
            "used_gradient_fallback": false,
            "accepted_step": true,
            "step_norm": 1.1352610660289992,
            "step_rel": 0.002726519637707161,
            "pred_reduction": NaN,
            "actual_reduction": NaN,
            "trust_rejects": 0,
            "t_grad": 0.047814897960051894,
            "t_hess": 0.6421344570117071,
            "t_ls": 0.42093024199130014,
            "t_update": 0.0002441580290906131,
            "t_iter": 1.1111964139854535,
            "trust_radius": 1.0,
            "trust_ratio": NaN,
            "trust_qp": NaN
          },
          {
            "it": 5,
            "energy": -7.96000494732152,
            "dE": 9.688539255225947e-05,
            "grad_norm": 0.03541051428999411,
            "grad_target": 0.04483886128331897,
            "grad_norm_post": 0.0027941400889307647,
            "alpha": 1.088137289060528,
            "ksp_its": 2,
            "ls_evals": 9,
            "ls_repaired": false,
            "used_gradient_fallback": false,
            "accepted_step": true,
            "step_norm": 0.06293247746993105,
            "step_rel": 0.00015140701407894073,
            "pred_reduction": NaN,
            "actual_reduction": NaN,
            "trust_rejects": 0,
            "t_grad": 0.047346511972136796,
            "t_hess": 0.6436714499723166,
            "t_ls": 0.4213653560145758,
            "t_update": 0.00024204404326155782,
            "t_iter": 1.1126984740258195,
            "trust_radius": 1.0,
            "trust_ratio": NaN,
            "trust_qp": NaN
          }
        ],
        "linear_timing": [
          {
            "assemble_total_time": 0.1369490540237166,
            "setop_time": 2.804968971759081e-06,
            "set_tolerances_time": 3.5450211726129055e-06,
            "pc_setup_time": 0.4666019659489393,
            "solve_time": 0.15899245301261544,
            "linear_total_time": 0.7625498229754157,
            "ksp_its": 2
          },
          {
            "assemble_total_time": 0.12748711899621412,
            "setop_time": 2.934015356004238e-06,
            "set_tolerances_time": 3.744964487850666e-06,
            "pc_setup_time": 0.4518005510326475,
            "solve_time": 0.16182999400189146,
            "linear_total_time": 0.7411243430105969,
            "ksp_its": 2
          },
          {
            "assemble_total_time": 0.12669900199398398,
            "setop_time": 2.4730106815695763e-06,
            "set_tolerances_time": 2.5840126909315586e-06,
            "pc_setup_time": 0.35959316696971655,
            "solve_time": 0.1460232560057193,
            "linear_total_time": 0.6323204819927923,
            "ksp_its": 2
          },
          {
            "assemble_total_time": 0.12686785694677383,
            "setop_time": 2.372951712459326e-06,
            "set_tolerances_time": 2.0529842004179955e-06,
            "pc_setup_time": 0.3633914750535041,
            "solve_time": 0.15132218302460387,
            "linear_total_time": 0.6415859409607947,
            "ksp_its": 2
          },
          {
            "assemble_total_time": 0.1265602229977958,
            "setop_time": 2.3929751478135586e-06,
            "set_tolerances_time": 2.744956873357296e-06,
            "pc_setup_time": 0.36319677002029493,
            "solve_time": 0.15336082299472764,
            "linear_total_time": 0.6431229539448395,
            "ksp_its": 2
          }
        ]
      }
    ],
    "metadata": {
      "nprocs": 2,
      "linear_solver": {
        "ksp_type": "cg",
        "pc_type": "hypre",
        "ksp_rtol": 0.1,
        "ksp_max_it": 30,
        "pc_setup_on_ksp_cap": false,
        "gamg_threshold": 0.05,
        "gamg_agg_nsmooths": 1,
        "gamg_set_coordinates": true,
        "assembly_mode": "fenics",
        "assembler": "FEniCSFormAssembly",
        "distribution_strategy": "dolfinx_mesh_partition",
        "trust_subproblem_solver": "direct_linear_solve",
        "trust_subproblem_line_search": false
      },
      "newton": {
        "tolf": 0.0001,
        "tolg": 0.001,
        "tolg_rel": 0.001,
        "tolx_rel": 0.001,
        "tolx_abs": 1e-10,
        "maxit": 100,
        "require_all_convergence": true,
        "fail_on_nonfinite": true,
        "linesearch_interval": [
          -0.5,
          2.0
        ],
        "linesearch_tol": 0.1,
        "trust_region": false,
        "trust_radius_init": 1.0,
        "trust_radius_min": 1e-08,
        "trust_radius_max": 1000000.0,
        "trust_subproblem_line_search": false,
        "step_time_limit_s": null
      }
    }
  }
}
