{
  "case": {
    "problem": "plaplace",
    "backend": "fenics",
    "level": 7,
    "out": "/home/michal/repos/fenics_nonlinear_energies/experiment_results_cache/plaplace_final_suite/fenics_custom_l7_np2.json",
    "quiet": true,
    "save_history": true,
    "save_linear_timing": true,
    "steps": 1,
    "start_step": 1,
    "total_steps": 24,
    "ksp_type": "cg",
    "pc_type": "hypre",
    "ksp_rtol": 0.1,
    "ksp_max_it": 30,
    "profile": "performance",
    "coloring_trials": 10,
    "nproc_threads": 1,
    "hvp_eval_mode": "sequential",
    "element_reorder_mode": null,
    "local_hessian_mode": null,
    "tolf": 0.0001,
    "tolg": 0.001,
    "tolg_rel": 0.001,
    "tolx_rel": 0.001,
    "tolx_abs": 1e-10,
    "maxit": 100,
    "step_time_limit_s": null,
    "linesearch_a": -0.5,
    "linesearch_b": 2.0,
    "linesearch_tol": 0.1,
    "use_trust_region": false,
    "trust_radius_init": 1.0,
    "trust_radius_min": 1e-08,
    "trust_radius_max": 1000000.0,
    "trust_shrink": 0.5,
    "trust_expand": 1.5,
    "trust_eta_shrink": 0.05,
    "trust_eta_expand": 0.75,
    "trust_max_reject": 6,
    "trust_subproblem_line_search": false,
    "local_coloring": true,
    "retry_on_failure": false,
    "pc_setup_on_ksp_cap": false,
    "use_near_nullspace": true,
    "reorder": null,
    "gamg_threshold": 0.05,
    "gamg_agg_nsmooths": 1,
    "gamg_set_coordinates": true
  },
  "result": {
    "mesh_level": 7,
    "total_dofs": 49665,
    "free_dofs": 49172,
    "setup_time": 0.168445,
    "solve_time_total": 0.456375,
    "total_time": 0.624889,
    "steps": [
      {
        "step": 1,
        "time": 0.456375,
        "nit": 6,
        "linear_iters": 11,
        "energy": -7.958292417312826,
        "message": "Converged (energy, step, gradient)",
        "attempt": "primary",
        "ksp_rtol_used": 0.1,
        "ksp_max_it_used": 30,
        "linesearch_interval_used": [
          -0.5,
          2.0
        ],
        "history": [
          {
            "it": 1,
            "energy": -5.395809574448918,
            "dE": 6.058701402482267,
            "grad_norm": 2.7852712233358954,
            "grad_target": 0.0027852712233358955,
            "grad_norm_post": NaN,
            "alpha": 0.35864712030894996,
            "ksp_its": 1,
            "ls_evals": 9,
            "ls_repaired": false,
            "used_gradient_fallback": false,
            "accepted_step": true,
            "step_norm": 77.35203707253814,
            "step_rel": 60.653380633371306,
            "pred_reduction": NaN,
            "actual_reduction": NaN,
            "trust_rejects": 0,
            "t_grad": 0.0032016109907999635,
            "t_hess": 0.048406545945908874,
            "t_ls": 0.026753754005767405,
            "t_update": 1.3270007912069559e-05,
            "t_iter": 0.07842063903808594,
            "trust_radius": 1.0,
            "trust_ratio": NaN,
            "trust_qp": NaN
          },
          {
            "it": 2,
            "energy": -7.6368899055972035,
            "dE": 2.241080331148286,
            "grad_norm": 6.072492202025211,
            "grad_target": 0.0027852712233358955,
            "grad_norm_post": NaN,
            "alpha": 0.5840719796826351,
            "ksp_its": 2,
            "ls_evals": 9,
            "ls_repaired": false,
            "used_gradient_fallback": false,
            "accepted_step": true,
            "step_norm": 30.19307142513401,
            "step_rel": 0.39524868556643156,
            "pred_reduction": NaN,
            "actual_reduction": NaN,
            "trust_rejects": 0,
            "t_grad": 0.003121009038295597,
            "t_hess": 0.04757276095915586,
            "t_ls": 0.026475094025954604,
            "t_update": 1.3370008673518896e-05,
            "t_iter": 0.0772175170131959,
            "trust_radius": 1.0,
            "trust_ratio": NaN,
            "trust_qp": NaN
          },
          {
            "it": 3,
            "energy": -7.941983475122242,
            "dE": 0.3050935695250381,
            "grad_norm": 2.6470678278952215,
            "grad_target": 0.0027852712233358955,
            "grad_norm_post": NaN,
            "alpha": 0.9488170640584248,
            "ksp_its": 2,
            "ls_evals": 9,
            "ls_repaired": false,
            "used_gradient_fallback": false,
            "accepted_step": true,
            "step_norm": 1.8645358828916656,
            "step_rel": 0.017596955887082894,
            "pred_reduction": NaN,
            "actual_reduction": NaN,
            "trust_rejects": 0,
            "t_grad": 0.003119206987321377,
            "t_hess": 0.04447595798410475,
            "t_ls": 0.026255042001139373,
            "t_update": 1.3190030585974455e-05,
            "t_iter": 0.07389668602263555,
            "trust_radius": 1.0,
            "trust_ratio": NaN,
            "trust_qp": NaN
          },
          {
            "it": 4,
            "energy": -7.958120588043759,
            "dE": 0.016137112921517094,
            "grad_norm": 0.5204519349965613,
            "grad_target": 0.0027852712233358955,
            "grad_norm_post": NaN,
            "alpha": 1.088137289060528,
            "ksp_its": 2,
            "ls_evals": 9,
            "ls_repaired": false,
            "used_gradient_fallback": false,
            "accepted_step": true,
            "step_norm": 1.3514286739110217,
            "step_rel": 0.01285087660167304,
            "pred_reduction": NaN,
            "actual_reduction": NaN,
            "trust_rejects": 0,
            "t_grad": 0.0030728569836355746,
            "t_hess": 0.04468982003163546,
            "t_ls": 0.026575956027954817,
            "t_update": 1.3150041922926903e-05,
            "t_iter": 0.07439020002493635,
            "trust_radius": 1.0,
            "trust_ratio": NaN,
            "trust_qp": NaN
          },
          {
            "it": 5,
            "energy": -7.958290883404966,
            "dE": 0.0001702953612072733,
            "grad_norm": 0.04235786041541611,
            "grad_target": 0.0027852712233358955,
            "grad_norm_post": NaN,
            "alpha": 1.088137289060528,
            "ksp_its": 2,
            "ls_evals": 9,
            "ls_repaired": false,
            "used_gradient_fallback": false,
            "accepted_step": true,
            "step_norm": 0.055098807576286574,
            "step_rel": 0.0005305788530170389,
            "pred_reduction": NaN,
            "actual_reduction": NaN,
            "trust_rejects": 0,
            "t_grad": 0.003116212028544396,
            "t_hess": 0.04336373304249719,
            "t_ls": 0.026420412003062665,
            "t_update": 1.2568954844027758e-05,
            "t_iter": 0.07294831902254373,
            "trust_radius": 1.0,
            "trust_ratio": NaN,
            "trust_qp": NaN
          },
          {
            "it": 6,
            "energy": -7.958292417312826,
            "dE": 1.5339078602849554e-06,
            "grad_norm": 0.0032133923308894246,
            "grad_target": 0.0027852712233358955,
            "grad_norm_post": 0.00012460493771180586,
            "alpha": 1.0552482453194671,
            "ksp_its": 2,
            "ls_evals": 9,
            "ls_repaired": false,
            "used_gradient_fallback": false,
            "accepted_step": true,
            "step_norm": 0.005103823677371672,
            "step_rel": 4.912504886253572e-05,
            "pred_reduction": NaN,
            "actual_reduction": NaN,
            "trust_rejects": 0,
            "t_grad": 0.003045645949896425,
            "t_hess": 0.04386172298109159,
            "t_ls": 0.02641577401664108,
            "t_update": 1.2678967323154211e-05,
            "t_iter": 0.07337064598686993,
            "trust_radius": 1.0,
            "trust_ratio": NaN,
            "trust_qp": NaN
          }
        ],
        "linear_timing": [
          {
            "assemble_total_time": 0.009596770047210157,
            "setop_time": 1.3120006769895554e-06,
            "set_tolerances_time": 1.2420350685715675e-06,
            "pc_setup_time": 0.03226011397782713,
            "solve_time": 0.00646844896255061,
            "linear_total_time": 0.04832788702333346,
            "ksp_its": 1
          },
          {
            "assemble_total_time": 0.008809113991446793,
            "setop_time": 2.1030427888035774e-06,
            "set_tolerances_time": 2.2129970602691174e-06,
            "pc_setup_time": 0.028475076018366963,
            "solve_time": 0.010210283973719925,
            "linear_total_time": 0.04749879002338275,
            "ksp_its": 2
          },
          {
            "assemble_total_time": 0.008744175953324884,
            "setop_time": 1.501990482211113e-06,
            "set_tolerances_time": 1.653039362281561e-06,
            "pc_setup_time": 0.025862421025522053,
            "solve_time": 0.00979389698477462,
            "linear_total_time": 0.04440364899346605,
            "ksp_its": 2
          },
          {
            "assemble_total_time": 0.008968012989498675,
            "setop_time": 1.2509990483522415e-06,
            "set_tolerances_time": 1.6919802874326706e-06,
            "pc_setup_time": 0.02563785295933485,
            "solve_time": 0.010011244041379541,
            "linear_total_time": 0.04462005296954885,
            "ksp_its": 2
          },
          {
            "assemble_total_time": 0.008967452042270452,
            "setop_time": 1.6219564713537693e-06,
            "set_tolerances_time": 1.753040123730898e-06,
            "pc_setup_time": 0.02442444599000737,
            "solve_time": 0.009896520990878344,
            "linear_total_time": 0.04329179401975125,
            "ksp_its": 2
          },
          {
            "assemble_total_time": 0.008878708991687745,
            "setop_time": 1.8230057321488857e-06,
            "set_tolerances_time": 1.4519901014864445e-06,
            "pc_setup_time": 0.024826792010571808,
            "solve_time": 0.010081360000185668,
            "linear_total_time": 0.043790135998278856,
            "ksp_its": 2
          }
        ]
      }
    ],
    "metadata": {
      "nprocs": 2,
      "linear_solver": {
        "ksp_type": "cg",
        "pc_type": "hypre",
        "ksp_rtol": 0.1,
        "ksp_max_it": 30,
        "pc_setup_on_ksp_cap": false,
        "gamg_threshold": 0.05,
        "gamg_agg_nsmooths": 1,
        "gamg_set_coordinates": true,
        "assembly_mode": "fenics",
        "assembler": "FEniCSFormAssembly",
        "distribution_strategy": "dolfinx_mesh_partition",
        "trust_subproblem_solver": "direct_linear_solve",
        "trust_subproblem_line_search": false
      },
      "newton": {
        "tolf": 0.0001,
        "tolg": 0.001,
        "tolg_rel": 0.001,
        "tolx_rel": 0.001,
        "tolx_abs": 1e-10,
        "maxit": 100,
        "require_all_convergence": true,
        "fail_on_nonfinite": true,
        "linesearch_interval": [
          -0.5,
          2.0
        ],
        "linesearch_tol": 0.1,
        "trust_region": false,
        "trust_radius_init": 1.0,
        "trust_radius_min": 1e-08,
        "trust_radius_max": 1000000.0,
        "trust_subproblem_line_search": false,
        "step_time_limit_s": null
      }
    }
  }
}
