{
  "case": {
    "problem": "plaplace",
    "backend": "fenics",
    "level": 7,
    "out": "/home/michal/repos/fenics_nonlinear_energies/experiment_results_cache/plaplace_final_suite/fenics_custom_l7_np1.json",
    "quiet": true,
    "save_history": true,
    "save_linear_timing": true,
    "steps": 1,
    "start_step": 1,
    "total_steps": 24,
    "ksp_type": "cg",
    "pc_type": "hypre",
    "ksp_rtol": 0.1,
    "ksp_max_it": 30,
    "profile": "performance",
    "coloring_trials": 10,
    "nproc_threads": 1,
    "hvp_eval_mode": "sequential",
    "element_reorder_mode": null,
    "local_hessian_mode": null,
    "tolf": 0.0001,
    "tolg": 0.001,
    "tolg_rel": 0.001,
    "tolx_rel": 0.001,
    "tolx_abs": 1e-10,
    "maxit": 100,
    "step_time_limit_s": null,
    "linesearch_a": -0.5,
    "linesearch_b": 2.0,
    "linesearch_tol": 0.1,
    "use_trust_region": false,
    "trust_radius_init": 1.0,
    "trust_radius_min": 1e-08,
    "trust_radius_max": 1000000.0,
    "trust_shrink": 0.5,
    "trust_expand": 1.5,
    "trust_eta_shrink": 0.05,
    "trust_eta_expand": 0.75,
    "trust_max_reject": 6,
    "trust_subproblem_line_search": false,
    "local_coloring": true,
    "retry_on_failure": false,
    "pc_setup_on_ksp_cap": false,
    "use_near_nullspace": true,
    "reorder": null,
    "gamg_threshold": 0.05,
    "gamg_agg_nsmooths": 1,
    "gamg_set_coordinates": true
  },
  "result": {
    "mesh_level": 7,
    "total_dofs": 49665,
    "free_dofs": 48641,
    "setup_time": 0.11857,
    "solve_time_total": 0.803388,
    "total_time": 0.922044,
    "steps": [
      {
        "step": 1,
        "time": 0.803388,
        "nit": 6,
        "linear_iters": 11,
        "energy": -7.958292412278825,
        "message": "Converged (energy, step, gradient)",
        "attempt": "primary",
        "ksp_rtol_used": 0.1,
        "ksp_max_it_used": 30,
        "linesearch_interval_used": [
          -0.5,
          2.0
        ],
        "history": [
          {
            "it": 1,
            "energy": -5.362796032765957,
            "dE": 6.031618744061305,
            "grad_norm": 2.814561373022224,
            "grad_target": 0.002814561373022224,
            "grad_norm_post": NaN,
            "alpha": 0.35864712030894996,
            "ksp_its": 1,
            "ls_evals": 9,
            "ls_repaired": false,
            "used_gradient_fallback": false,
            "accepted_step": true,
            "step_norm": 77.39443379900437,
            "step_rel": 60.911705191924504,
            "pred_reduction": NaN,
            "actual_reduction": NaN,
            "trust_rejects": 0,
            "t_grad": 0.005955166998319328,
            "t_hess": 0.07831860601436347,
            "t_ls": 0.05218329402850941,
            "t_update": 1.4793011359870434e-05,
            "t_iter": 0.13651202898472548,
            "trust_radius": 1.0,
            "trust_ratio": NaN,
            "trust_qp": NaN
          },
          {
            "it": 2,
            "energy": -7.624973439095966,
            "dE": 2.262177406330008,
            "grad_norm": 6.233213263747904,
            "grad_target": 0.002814561373022224,
            "grad_norm_post": NaN,
            "alpha": 0.5840719796826351,
            "ksp_its": 2,
            "ls_evals": 9,
            "ls_repaired": false,
            "used_gradient_fallback": false,
            "accepted_step": true,
            "step_norm": 30.18015842587562,
            "step_rel": 0.39480951858767094,
            "pred_reduction": NaN,
            "actual_reduction": NaN,
            "trust_rejects": 0,
            "t_grad": 0.006002989015541971,
            "t_hess": 0.07849490095395595,
            "t_ls": 0.05123893200652674,
            "t_update": 1.4761986676603556e-05,
            "t_iter": 0.13578242098446935,
            "trust_radius": 1.0,
            "trust_ratio": NaN,
            "trust_qp": NaN
          },
          {
            "it": 3,
            "energy": -7.940509921531313,
            "dE": 0.3155364824353475,
            "grad_norm": 2.7407840237112735,
            "grad_target": 0.002814561373022224,
            "grad_norm_post": NaN,
            "alpha": 0.9488170640584248,
            "ksp_its": 2,
            "ls_evals": 9,
            "ls_repaired": false,
            "used_gradient_fallback": false,
            "accepted_step": true,
            "step_norm": 1.8723499434369633,
            "step_rel": 0.017663353927068415,
            "pred_reduction": NaN,
            "actual_reduction": NaN,
            "trust_rejects": 0,
            "t_grad": 0.005985883006360382,
            "t_hess": 0.07236370904138312,
            "t_ls": 0.051500896050129086,
            "t_update": 1.4110992196947336e-05,
            "t_iter": 0.12989309302065521,
            "trust_radius": 1.0,
            "trust_ratio": NaN,
            "trust_qp": NaN
          },
          {
            "it": 4,
            "energy": -7.957957259965481,
            "dE": 0.01744733843416757,
            "grad_norm": 0.5614449280736705,
            "grad_target": 0.002814561373022224,
            "grad_norm_post": NaN,
            "alpha": 1.0552482453194671,
            "ksp_its": 2,
            "ls_evals": 9,
            "ls_repaired": false,
            "used_gradient_fallback": false,
            "accepted_step": true,
            "step_norm": 1.3414958077195955,
            "step_rel": 0.012752394682727111,
            "pred_reduction": NaN,
            "actual_reduction": NaN,
            "trust_rejects": 0,
            "t_grad": 0.005898541014175862,
            "t_hess": 0.07287672202801332,
            "t_ls": 0.05174860905390233,
            "t_update": 1.7035985365509987e-05,
            "t_iter": 0.13056613598018885,
            "trust_radius": 1.0,
            "trust_ratio": NaN,
            "trust_qp": NaN
          },
          {
            "it": 5,
            "energy": -7.958288842533531,
            "dE": 0.00033158256805077,
            "grad_norm": 0.06445682186311091,
            "grad_target": 0.002814561373022224,
            "grad_norm_post": NaN,
            "alpha": 1.1413528796910493,
            "ksp_its": 2,
            "ls_evals": 9,
            "ls_repaired": false,
            "used_gradient_fallback": false,
            "accepted_step": true,
            "step_norm": 0.04134159727596583,
            "step_rel": 0.00039793986609048106,
            "pred_reduction": NaN,
            "actual_reduction": NaN,
            "trust_rejects": 0,
            "t_grad": 0.005988717020954937,
            "t_hess": 0.07294421398546547,
            "t_ls": 0.05168030603090301,
            "t_update": 1.505197724327445e-05,
            "t_iter": 0.13066647696541622,
            "trust_radius": 1.0,
            "trust_ratio": NaN,
            "trust_qp": NaN
          },
          {
            "it": 6,
            "energy": -7.958292412278825,
            "dE": 3.5697452931415796e-06,
            "grad_norm": 0.0056553836547271925,
            "grad_target": 0.002814561373022224,
            "grad_norm_post": 0.0002566140580321135,
            "alpha": 1.0552482453194671,
            "ksp_its": 2,
            "ls_evals": 9,
            "ls_repaired": false,
            "used_gradient_fallback": false,
            "accepted_step": true,
            "step_norm": 0.003969826076574582,
            "step_rel": 3.8211161994896234e-05,
            "pred_reduction": NaN,
            "actual_reduction": NaN,
            "trust_rejects": 0,
            "t_grad": 0.006002398033160716,
            "t_hess": 0.0719162059831433,
            "t_ls": 0.05145575699862093,
            "t_update": 1.3700977433472872e-05,
            "t_iter": 0.12942129198927432,
            "trust_radius": 1.0,
            "trust_ratio": NaN,
            "trust_qp": NaN
          }
        ],
        "linear_timing": [
          {
            "assemble_total_time": 0.016364731010980904,
            "setop_time": 1.3820244930684566e-06,
            "set_tolerances_time": 1.1720112524926662e-06,
            "pc_setup_time": 0.05132791603682563,
            "solve_time": 0.01055880798958242,
            "linear_total_time": 0.07825400907313451,
            "ksp_its": 1
          },
          {
            "assemble_total_time": 0.015038384008221328,
            "setop_time": 2.0929728634655476e-06,
            "set_tolerances_time": 2.3040338419377804e-06,
            "pc_setup_time": 0.04663636104669422,
            "solve_time": 0.01676040602615103,
            "linear_total_time": 0.07843954808777198,
            "ksp_its": 2
          },
          {
            "assemble_total_time": 0.01503934501670301,
            "setop_time": 1.4020479284226894e-06,
            "set_tolerances_time": 1.8230057321488857e-06,
            "pc_setup_time": 0.041391374019440264,
            "solve_time": 0.015878887963481247,
            "linear_total_time": 0.07231283205328509,
            "ksp_its": 2
          },
          {
            "assemble_total_time": 0.015053887036629021,
            "setop_time": 1.2720120139420033e-06,
            "set_tolerances_time": 1.6919802874326706e-06,
            "pc_setup_time": 0.04157181503251195,
            "solve_time": 0.016197749006096274,
            "linear_total_time": 0.07282641506753862,
            "ksp_its": 2
          },
          {
            "assemble_total_time": 0.015043632010929286,
            "setop_time": 1.452048309147358e-06,
            "set_tolerances_time": 1.8230057321488857e-06,
            "pc_setup_time": 0.041314087982755154,
            "solve_time": 0.01652520301286131,
            "linear_total_time": 0.07288619806058705,
            "ksp_its": 2
          },
          {
            "assemble_total_time": 0.014998593018390238,
            "setop_time": 1.441978383809328e-06,
            "set_tolerances_time": 1.5720142982900143e-06,
            "pc_setup_time": 0.04056916601257399,
            "solve_time": 0.016294394969008863,
            "linear_total_time": 0.07186516799265519,
            "ksp_its": 2
          }
        ]
      }
    ],
    "metadata": {
      "nprocs": 1,
      "linear_solver": {
        "ksp_type": "cg",
        "pc_type": "hypre",
        "ksp_rtol": 0.1,
        "ksp_max_it": 30,
        "pc_setup_on_ksp_cap": false,
        "gamg_threshold": 0.05,
        "gamg_agg_nsmooths": 1,
        "gamg_set_coordinates": true,
        "assembly_mode": "fenics",
        "assembler": "FEniCSFormAssembly",
        "distribution_strategy": "dolfinx_mesh_partition",
        "trust_subproblem_solver": "direct_linear_solve",
        "trust_subproblem_line_search": false
      },
      "newton": {
        "tolf": 0.0001,
        "tolg": 0.001,
        "tolg_rel": 0.001,
        "tolx_rel": 0.001,
        "tolx_abs": 1e-10,
        "maxit": 100,
        "require_all_convergence": true,
        "fail_on_nonfinite": true,
        "linesearch_interval": [
          -0.5,
          2.0
        ],
        "linesearch_tol": 0.1,
        "trust_region": false,
        "trust_radius_init": 1.0,
        "trust_radius_min": 1e-08,
        "trust_radius_max": 1000000.0,
        "trust_subproblem_line_search": false,
        "step_time_limit_s": null
      }
    }
  }
}
