{
  "case": {
    "problem": "plaplace",
    "backend": "fenics",
    "level": 5,
    "out": "/home/michal/repos/fenics_nonlinear_energies/experiment_results_cache/plaplace_final_suite/fenics_custom_l5_np16.json",
    "quiet": true,
    "save_history": true,
    "save_linear_timing": true,
    "steps": 1,
    "start_step": 1,
    "total_steps": 24,
    "ksp_type": "cg",
    "pc_type": "hypre",
    "ksp_rtol": 0.1,
    "ksp_max_it": 30,
    "profile": "performance",
    "coloring_trials": 10,
    "nproc_threads": 1,
    "hvp_eval_mode": "sequential",
    "element_reorder_mode": null,
    "local_hessian_mode": null,
    "tolf": 0.0001,
    "tolg": 0.001,
    "tolg_rel": 0.001,
    "tolx_rel": 0.001,
    "tolx_abs": 1e-10,
    "maxit": 100,
    "step_time_limit_s": null,
    "linesearch_a": -0.5,
    "linesearch_b": 2.0,
    "linesearch_tol": 0.1,
    "use_trust_region": false,
    "trust_radius_init": 1.0,
    "trust_radius_min": 1e-08,
    "trust_radius_max": 1000000.0,
    "trust_shrink": 0.5,
    "trust_expand": 1.5,
    "trust_eta_shrink": 0.05,
    "trust_eta_expand": 0.75,
    "trust_max_reject": 6,
    "trust_subproblem_line_search": false,
    "local_coloring": true,
    "retry_on_failure": false,
    "pc_setup_on_ksp_cap": false,
    "use_near_nullspace": true,
    "reorder": null,
    "gamg_threshold": 0.05,
    "gamg_agg_nsmooths": 1,
    "gamg_set_coordinates": true
  },
  "result": {
    "mesh_level": 5,
    "total_dofs": 3201,
    "free_dofs": 3199,
    "setup_time": 0.043535,
    "solve_time_total": 0.074535,
    "total_time": 0.118118,
    "steps": [
      {
        "step": 1,
        "time": 0.074535,
        "nit": 5,
        "linear_iters": 5,
        "energy": -7.942968710892689,
        "message": "Converged (energy, step, gradient)",
        "attempt": "primary",
        "ksp_rtol_used": 0.1,
        "ksp_max_it_used": 30,
        "linesearch_interval_used": [
          -0.5,
          2.0
        ],
        "history": [
          {
            "it": 1,
            "energy": -6.050175410749167,
            "dE": 6.196774657621943,
            "grad_norm": 0.5657425178242104,
            "grad_target": 0.001,
            "grad_norm_post": NaN,
            "alpha": 0.10033321719420563,
            "ksp_its": 1,
            "ls_evals": 9,
            "ls_repaired": false,
            "used_gradient_fallback": false,
            "accepted_step": true,
            "step_norm": 20.623715678237165,
            "step_rel": 20.623715678237165,
            "pred_reduction": NaN,
            "actual_reduction": NaN,
            "trust_rejects": 0,
            "t_grad": 0.00023547402815893292,
            "t_hess": 0.01412665203679353,
            "t_ls": 0.0011461660033091903,
            "t_update": 1.2648990377783775e-05,
            "t_iter": 0.015546028967946768,
            "trust_radius": 1.0,
            "trust_ratio": NaN,
            "trust_qp": NaN
          },
          {
            "it": 2,
            "energy": -7.720877227165195,
            "dE": 1.6707018164160274,
            "grad_norm": 5.406680964196618,
            "grad_target": 0.001,
            "grad_norm_post": NaN,
            "alpha": 0.5840719796826351,
            "ksp_its": 1,
            "ls_evals": 9,
            "ls_repaired": false,
            "used_gradient_fallback": false,
            "accepted_step": true,
            "step_norm": 5.7390514688882,
            "step_rel": 0.2813591732260025,
            "pred_reduction": NaN,
            "actual_reduction": NaN,
            "trust_rejects": 0,
            "t_grad": 0.00014931400073692203,
            "t_hess": 0.013619437988381833,
            "t_ls": 0.0011213090037927032,
            "t_update": 1.2779026292264462e-05,
            "t_iter": 0.014923632028512657,
            "trust_radius": 1.0,
            "trust_ratio": NaN,
            "trust_qp": NaN
          },
          {
            "it": 3,
            "energy": -7.940906871668663,
            "dE": 0.22002964450346774,
            "grad_norm": 2.266325450221076,
            "grad_target": 0.001,
            "grad_norm_post": NaN,
            "alpha": 1.088137289060528,
            "ksp_its": 1,
            "ls_evals": 9,
            "ls_repaired": false,
            "used_gradient_fallback": false,
            "accepted_step": true,
            "step_norm": 0.5292809918698789,
            "step_rel": 0.020471449525156133,
            "pred_reduction": NaN,
            "actual_reduction": NaN,
            "trust_rejects": 0,
            "t_grad": 0.0001398900058120489,
            "t_hess": 0.012760595011059195,
            "t_ls": 0.0011328959953971207,
            "t_update": 1.2308999430388212e-05,
            "t_iter": 0.014065119030419737,
            "trust_radius": 1.0,
            "trust_ratio": NaN,
            "trust_qp": NaN
          },
          {
            "it": 4,
            "energy": -7.942964039049866,
            "dE": 0.0020571673812037616,
            "grad_norm": 0.16837211318318399,
            "grad_target": 0.001,
            "grad_norm_post": NaN,
            "alpha": 1.002032654688946,
            "ksp_its": 1,
            "ls_evals": 9,
            "ls_repaired": false,
            "used_gradient_fallback": false,
            "accepted_step": true,
            "step_norm": 0.17422037533302123,
            "step_rel": 0.006667537601819832,
            "pred_reduction": NaN,
            "actual_reduction": NaN,
            "trust_rejects": 0,
            "t_grad": 0.00013811798999086022,
            "t_hess": 0.013879248988814652,
            "t_ls": 0.0011184440227225423,
            "t_update": 1.2578966561704874e-05,
            "t_iter": 0.015167558973189443,
            "trust_radius": 1.0,
            "trust_ratio": NaN,
            "trust_qp": NaN
          },
          {
            "it": 5,
            "energy": -7.942968710892689,
            "dE": 4.67184282282318e-06,
            "grad_norm": 0.003945295792013243,
            "grad_target": 0.001,
            "grad_norm_post": 0.0002704361762532151,
            "alpha": 1.002032654688946,
            "ksp_its": 1,
            "ls_evals": 9,
            "ls_repaired": false,
            "used_gradient_fallback": false,
            "accepted_step": true,
            "step_norm": 0.013508687930365535,
            "step_rel": 0.000520366627014227,
            "pred_reduction": NaN,
            "actual_reduction": NaN,
            "trust_rejects": 0,
            "t_grad": 0.0001363950432278216,
            "t_hess": 0.012836228008382022,
            "t_ls": 0.0011313030263409019,
            "t_update": 1.2689037248492241e-05,
            "t_iter": 0.01413580501684919,
            "trust_radius": 1.0,
            "trust_ratio": NaN,
            "trust_qp": NaN
          }
        ],
        "linear_timing": [
          {
            "assemble_total_time": 0.0005793620366603136,
            "setop_time": 1.541979145258665e-06,
            "set_tolerances_time": 1.3720127753913403e-06,
            "pc_setup_time": 0.01086779503384605,
            "solve_time": 0.0025828589568845928,
            "linear_total_time": 0.014032930019311607,
            "ksp_its": 1
          },
          {
            "assemble_total_time": 0.00021192897111177444,
            "setop_time": 6.409827619791031e-07,
            "set_tolerances_time": 1.2119999155402184e-06,
            "pc_setup_time": 0.010645570000633597,
            "solve_time": 0.002680436009541154,
            "linear_total_time": 0.013539787963964045,
            "ksp_its": 1
          },
          {
            "assemble_total_time": 0.00020576996030285954,
            "setop_time": 5.310284905135632e-07,
            "set_tolerances_time": 8.919741958379745e-07,
            "pc_setup_time": 0.010009151010308415,
            "solve_time": 0.002464580989908427,
            "linear_total_time": 0.012680924963206053,
            "ksp_its": 1
          },
          {
            "assemble_total_time": 0.000204537995159626,
            "setop_time": 4.700268618762493e-07,
            "set_tolerances_time": 8.720089681446552e-07,
            "pc_setup_time": 0.010949307004921138,
            "solve_time": 0.002647146990057081,
            "linear_total_time": 0.013802334025967866,
            "ksp_its": 1
          },
          {
            "assemble_total_time": 0.00021119799930602312,
            "setop_time": 5.110050551593304e-07,
            "set_tolerances_time": 8.92032403498888e-07,
            "pc_setup_time": 0.010150163958314806,
            "solve_time": 0.002396168012637645,
            "linear_total_time": 0.012758933007717133,
            "ksp_its": 1
          }
        ]
      }
    ],
    "metadata": {
      "nprocs": 16,
      "linear_solver": {
        "ksp_type": "cg",
        "pc_type": "hypre",
        "ksp_rtol": 0.1,
        "ksp_max_it": 30,
        "pc_setup_on_ksp_cap": false,
        "gamg_threshold": 0.05,
        "gamg_agg_nsmooths": 1,
        "gamg_set_coordinates": true,
        "assembly_mode": "fenics",
        "assembler": "FEniCSFormAssembly",
        "distribution_strategy": "dolfinx_mesh_partition",
        "trust_subproblem_solver": "direct_linear_solve",
        "trust_subproblem_line_search": false
      },
      "newton": {
        "tolf": 0.0001,
        "tolg": 0.001,
        "tolg_rel": 0.001,
        "tolx_rel": 0.001,
        "tolx_abs": 1e-10,
        "maxit": 100,
        "require_all_convergence": true,
        "fail_on_nonfinite": true,
        "linesearch_interval": [
          -0.5,
          2.0
        ],
        "linesearch_tol": 0.1,
        "trust_region": false,
        "trust_radius_init": 1.0,
        "trust_radius_min": 1e-08,
        "trust_radius_max": 1000000.0,
        "trust_subproblem_line_search": false,
        "step_time_limit_s": null
      }
    }
  }
}
