{
  "case": {
    "problem": "plaplace",
    "backend": "fenics",
    "level": 6,
    "out": "/home/michal/repos/fenics_nonlinear_energies/experiment_results_cache/plaplace_final_suite/fenics_custom_l6_np16.json",
    "quiet": true,
    "save_history": true,
    "save_linear_timing": true,
    "steps": 1,
    "start_step": 1,
    "total_steps": 24,
    "ksp_type": "cg",
    "pc_type": "hypre",
    "ksp_rtol": 0.1,
    "ksp_max_it": 30,
    "profile": "performance",
    "coloring_trials": 10,
    "nproc_threads": 1,
    "hvp_eval_mode": "sequential",
    "element_reorder_mode": null,
    "local_hessian_mode": null,
    "tolf": 0.0001,
    "tolg": 0.001,
    "tolg_rel": 0.001,
    "tolx_rel": 0.001,
    "tolx_abs": 1e-10,
    "maxit": 100,
    "step_time_limit_s": null,
    "linesearch_a": -0.5,
    "linesearch_b": 2.0,
    "linesearch_tol": 0.1,
    "use_trust_region": false,
    "trust_radius_init": 1.0,
    "trust_radius_min": 1e-08,
    "trust_radius_max": 1000000.0,
    "trust_shrink": 0.5,
    "trust_expand": 1.5,
    "trust_eta_shrink": 0.05,
    "trust_eta_expand": 0.75,
    "trust_max_reject": 6,
    "trust_subproblem_line_search": false,
    "local_coloring": true,
    "retry_on_failure": false,
    "pc_setup_on_ksp_cap": false,
    "use_near_nullspace": true,
    "reorder": null,
    "gamg_threshold": 0.05,
    "gamg_agg_nsmooths": 1,
    "gamg_set_coordinates": true
  },
  "result": {
    "mesh_level": 6,
    "total_dofs": 12545,
    "free_dofs": 12527,
    "setup_time": 0.064185,
    "solve_time_total": 0.126793,
    "total_time": 0.19103,
    "steps": [
      {
        "step": 1,
        "time": 0.126793,
        "nit": 6,
        "linear_iters": 11,
        "energy": -7.954563582751723,
        "message": "Converged (energy, step, gradient)",
        "attempt": "primary",
        "ksp_rtol_used": 0.1,
        "ksp_max_it_used": 30,
        "linesearch_interval_used": [
          -0.5,
          2.0
        ],
        "history": [
          {
            "it": 1,
            "energy": -5.667517480345367,
            "dE": 5.881044187119454,
            "grad_norm": 0.7687286902939805,
            "grad_target": 0.001,
            "grad_norm_post": NaN,
            "alpha": 0.18643785156578707,
            "ksp_its": 1,
            "ls_evals": 9,
            "ls_repaired": false,
            "used_gradient_fallback": false,
            "accepted_step": true,
            "step_norm": 40.46123812405462,
            "step_rel": 40.46123812405462,
            "pred_reduction": NaN,
            "actual_reduction": NaN,
            "trust_rejects": 0,
            "t_grad": 0.0002917189849540591,
            "t_hess": 0.01732374500716105,
            "t_ls": 0.0018564060446806252,
            "t_update": 1.0035000741481781e-05,
            "t_iter": 0.01951037801336497,
            "trust_radius": 1.0,
            "trust_ratio": NaN,
            "trust_qp": NaN
          },
          {
            "it": 2,
            "energy": -7.6274577685996245,
            "dE": 1.9599402882542574,
            "grad_norm": 6.264691702639721,
            "grad_target": 0.001,
            "grad_norm_post": NaN,
            "alpha": 0.5840719796826351,
            "ksp_its": 2,
            "ls_evals": 9,
            "ls_repaired": false,
            "used_gradient_fallback": false,
            "accepted_step": true,
            "step_norm": 13.9622467279576,
            "step_rel": 0.3491378646092908,
            "pred_reduction": NaN,
            "actual_reduction": NaN,
            "trust_rejects": 0,
            "t_grad": 0.000225759984459728,
            "t_hess": 0.019865482987370342,
            "t_ls": 0.0017797800246626139,
            "t_update": 9.865034371614456e-06,
            "t_iter": 0.021904723020270467,
            "trust_radius": 1.0,
            "trust_ratio": NaN,
            "trust_qp": NaN
          },
          {
            "it": 3,
            "energy": -7.9491154217516735,
            "dE": 0.321657653152049,
            "grad_norm": 2.8730917775392983,
            "grad_target": 0.001,
            "grad_norm_post": NaN,
            "alpha": 1.088137289060528,
            "ksp_its": 2,
            "ls_evals": 9,
            "ls_repaired": false,
            "used_gradient_fallback": false,
            "accepted_step": true,
            "step_norm": 1.267059414178686,
            "step_rel": 0.023719239229657543,
            "pred_reduction": NaN,
            "actual_reduction": NaN,
            "trust_rejects": 0,
            "t_grad": 0.00021801801631227136,
            "t_hess": 0.01845104299718514,
            "t_ls": 0.0017597500118426979,
            "t_update": 1.0996009223163128e-05,
            "t_iter": 0.02046094898832962,
            "trust_radius": 1.0,
            "trust_ratio": NaN,
            "trust_qp": NaN
          },
          {
            "it": 4,
            "energy": -7.95451888181636,
            "dE": 0.005403460064686172,
            "grad_norm": 0.2957343273874542,
            "grad_target": 0.001,
            "grad_norm_post": NaN,
            "alpha": 1.088137289060528,
            "ksp_its": 2,
            "ls_evals": 9,
            "ls_repaired": false,
            "used_gradient_fallback": false,
            "accepted_step": true,
            "step_norm": 0.42370525554861066,
            "step_rel": 0.00809815357525245,
            "pred_reduction": NaN,
            "actual_reduction": NaN,
            "trust_rejects": 0,
            "t_grad": 0.00021892000222578645,
            "t_hess": 0.01899262797087431,
            "t_ls": 0.00180038099642843,
            "t_update": 1.0185991413891315e-05,
            "t_iter": 0.02104441699339077,
            "trust_radius": 1.0,
            "trust_ratio": NaN,
            "trust_qp": NaN
          },
          {
            "it": 5,
            "energy": -7.954563330796271,
            "dE": 4.444897991096042e-05,
            "grad_norm": 0.02176602028993551,
            "grad_target": 0.001,
            "grad_norm_post": 0.0012083573612860462,
            "alpha": 1.0552482453194671,
            "ksp_its": 2,
            "ls_evals": 9,
            "ls_repaired": false,
            "used_gradient_fallback": false,
            "accepted_step": true,
            "step_norm": 0.02632475047194439,
            "step_rel": 0.0005071561665314287,
            "pred_reduction": NaN,
            "actual_reduction": NaN,
            "trust_rejects": 0,
            "t_grad": 0.00021161895710974932,
            "t_hess": 0.019905362045392394,
            "t_ls": 0.001816926000174135,
            "t_update": 1.0865973308682442e-05,
            "t_iter": 0.021966566040646285,
            "trust_radius": 1.0,
            "trust_ratio": NaN,
            "trust_qp": NaN
          },
          {
            "it": 6,
            "energy": -7.954563582751723,
            "dE": 2.5195545205747294e-07,
            "grad_norm": 0.0012083573612860462,
            "grad_target": 0.001,
            "grad_norm_post": 4.8819065312000215e-05,
            "alpha": 1.0552482453194671,
            "ksp_its": 2,
            "ls_evals": 9,
            "ls_repaired": false,
            "used_gradient_fallback": false,
            "accepted_step": true,
            "step_norm": 0.001584528370062406,
            "step_rel": 3.0511949916592186e-05,
            "pred_reduction": NaN,
            "actual_reduction": NaN,
            "trust_rejects": 0,
            "t_grad": 0.00019480299670249224,
            "t_hess": 0.01883343799272552,
            "t_ls": 0.0018079329747706652,
            "t_update": 9.754032362252474e-06,
            "t_iter": 0.02086865302408114,
            "trust_radius": 1.0,
            "trust_ratio": NaN,
            "trust_qp": NaN
          }
        ],
        "linear_timing": [
          {
            "assemble_total_time": 0.0007005250081419945,
            "setop_time": 3.556022420525551e-06,
            "set_tolerances_time": 1.452048309147358e-06,
            "pc_setup_time": 0.013629343011416495,
            "solve_time": 0.0029050440061837435,
            "linear_total_time": 0.017239920096471906,
            "ksp_its": 1
          },
          {
            "assemble_total_time": 0.0004444990190677345,
            "setop_time": 9.00996383279562e-07,
            "set_tolerances_time": 1.5730038285255432e-06,
            "pc_setup_time": 0.014338730019517243,
            "solve_time": 0.004987158987205476,
            "linear_total_time": 0.019772862026002258,
            "ksp_its": 2
          },
          {
            "assemble_total_time": 0.0004352549440227449,
            "setop_time": 6.110058166086674e-07,
            "set_tolerances_time": 9.119976311922073e-07,
            "pc_setup_time": 0.013540118001401424,
            "solve_time": 0.004399794968776405,
            "linear_total_time": 0.018376690917648375,
            "ksp_its": 2
          },
          {
            "assemble_total_time": 0.0004290770157240331,
            "setop_time": 5.910405889153481e-07,
            "set_tolerances_time": 8.810311555862427e-07,
            "pc_setup_time": 0.013638695992995054,
            "solve_time": 0.004848711017984897,
            "linear_total_time": 0.018917956098448485,
            "ksp_its": 2
          },
          {
            "assemble_total_time": 0.0004314399557188153,
            "setop_time": 5.509937182068825e-07,
            "set_tolerances_time": 7.509952411055565e-07,
            "pc_setup_time": 0.014633553975727409,
            "solve_time": 0.00476429401896894,
            "linear_total_time": 0.019830589939374477,
            "ksp_its": 2
          },
          {
            "assemble_total_time": 0.00043548597022891045,
            "setop_time": 7.110065780580044e-07,
            "set_tolerances_time": 9.109498932957649e-07,
            "pc_setup_time": 0.013739798043388873,
            "solve_time": 0.004582099965773523,
            "linear_total_time": 0.01875900593586266,
            "ksp_its": 2
          }
        ]
      }
    ],
    "metadata": {
      "nprocs": 16,
      "linear_solver": {
        "ksp_type": "cg",
        "pc_type": "hypre",
        "ksp_rtol": 0.1,
        "ksp_max_it": 30,
        "pc_setup_on_ksp_cap": false,
        "gamg_threshold": 0.05,
        "gamg_agg_nsmooths": 1,
        "gamg_set_coordinates": true,
        "assembly_mode": "fenics",
        "assembler": "FEniCSFormAssembly",
        "distribution_strategy": "dolfinx_mesh_partition",
        "trust_subproblem_solver": "direct_linear_solve",
        "trust_subproblem_line_search": false
      },
      "newton": {
        "tolf": 0.0001,
        "tolg": 0.001,
        "tolg_rel": 0.001,
        "tolx_rel": 0.001,
        "tolx_abs": 1e-10,
        "maxit": 100,
        "require_all_convergence": true,
        "fail_on_nonfinite": true,
        "linesearch_interval": [
          -0.5,
          2.0
        ],
        "linesearch_tol": 0.1,
        "trust_region": false,
        "trust_radius_init": 1.0,
        "trust_radius_min": 1e-08,
        "trust_radius_max": 1000000.0,
        "trust_subproblem_line_search": false,
        "step_time_limit_s": null
      }
    }
  }
}
