{
  "case": {
    "problem": "plaplace",
    "backend": "fenics",
    "level": 9,
    "out": "/home/michal/repos/fenics_nonlinear_energies/experiment_results_cache/plaplace_final_suite/fenics_custom_l9_np8.json",
    "quiet": true,
    "save_history": true,
    "save_linear_timing": true,
    "steps": 1,
    "start_step": 1,
    "total_steps": 24,
    "ksp_type": "cg",
    "pc_type": "hypre",
    "ksp_rtol": 0.1,
    "ksp_max_it": 30,
    "profile": "performance",
    "coloring_trials": 10,
    "nproc_threads": 1,
    "hvp_eval_mode": "sequential",
    "element_reorder_mode": null,
    "local_hessian_mode": null,
    "tolf": 0.0001,
    "tolg": 0.001,
    "tolg_rel": 0.001,
    "tolx_rel": 0.001,
    "tolx_abs": 1e-10,
    "maxit": 100,
    "step_time_limit_s": null,
    "linesearch_a": -0.5,
    "linesearch_b": 2.0,
    "linesearch_tol": 0.1,
    "use_trust_region": false,
    "trust_radius_init": 1.0,
    "trust_radius_min": 1e-08,
    "trust_radius_max": 1000000.0,
    "trust_shrink": 0.5,
    "trust_expand": 1.5,
    "trust_eta_shrink": 0.05,
    "trust_eta_expand": 0.75,
    "trust_max_reject": 6,
    "trust_subproblem_line_search": false,
    "local_coloring": true,
    "retry_on_failure": false,
    "pc_setup_on_ksp_cap": false,
    "use_near_nullspace": true,
    "reorder": null,
    "gamg_threshold": 0.05,
    "gamg_agg_nsmooths": 1,
    "gamg_set_coordinates": true
  },
  "result": {
    "mesh_level": 9,
    "total_dofs": 788481,
    "free_dofs": 787928,
    "setup_time": 2.219955,
    "solve_time_total": 2.599882,
    "total_time": 4.820107,
    "steps": [
      {
        "step": 1,
        "time": 2.599882,
        "nit": 6,
        "linear_iters": 12,
        "energy": -7.96000568957705,
        "message": "Converged (energy, step, gradient)",
        "attempt": "primary",
        "ksp_rtol_used": 0.1,
        "ksp_max_it_used": 30,
        "linesearch_interval_used": [
          -0.5,
          2.0
        ],
        "history": [
          {
            "it": 1,
            "energy": -5.1032749711257965,
            "dE": 38.32710190362657,
            "grad_norm": 44.89283920569879,
            "grad_target": 0.044892839205698795,
            "grad_norm_post": NaN,
            "alpha": 1.6783072328100033,
            "ksp_its": 2,
            "ls_evals": 9,
            "ls_repaired": false,
            "used_gradient_fallback": false,
            "accepted_step": true,
            "step_norm": 379.4795217800548,
            "step_rel": 74.28093273267505,
            "pred_reduction": NaN,
            "actual_reduction": NaN,
            "trust_rejects": 0,
            "t_grad": 0.014718148042447865,
            "t_hess": 0.3137723609688692,
            "t_ls": 0.1219524719635956,
            "t_update": 0.00024892500368878245,
            "t_iter": 0.45075850700959563,
            "trust_radius": 1.0,
            "trust_ratio": NaN,
            "trust_qp": NaN
          },
          {
            "it": 2,
            "energy": -7.537074230607601,
            "dE": 2.4337992594818045,
            "grad_norm": 8.687503416622587,
            "grad_target": 0.044892839205698795,
            "grad_norm_post": NaN,
            "alpha": 0.7233922046847389,
            "ksp_its": 2,
            "ls_evals": 9,
            "ls_repaired": false,
            "used_gradient_fallback": false,
            "accepted_step": true,
            "step_norm": 78.592193240191,
            "step_rel": 0.2092103398961599,
            "pred_reduction": NaN,
            "actual_reduction": NaN,
            "trust_rejects": 0,
            "t_grad": 0.013477980974130332,
            "t_hess": 0.2916645970544778,
            "t_ls": 0.12105976801831275,
            "t_update": 0.00024884502636268735,
            "t_iter": 0.4265183029929176,
            "trust_radius": 1.0,
            "trust_ratio": NaN,
            "trust_qp": NaN
          },
          {
            "it": 3,
            "energy": -7.952726976391791,
            "dE": 0.41565274578418965,
            "grad_norm": 3.179134095065397,
            "grad_target": 0.044892839205698795,
            "grad_norm_post": NaN,
            "alpha": 1.1413528796910493,
            "ksp_its": 2,
            "ls_evals": 9,
            "ls_repaired": false,
            "used_gradient_fallback": false,
            "accepted_step": true,
            "step_norm": 32.19194055362493,
            "step_rel": 0.07179938993100568,
            "pred_reduction": NaN,
            "actual_reduction": NaN,
            "trust_rejects": 0,
            "t_grad": 0.014332267979625612,
            "t_hess": 0.25848784804111347,
            "t_ls": 0.12194052402628586,
            "t_update": 0.0002494049840606749,
            "t_iter": 0.3950607019942254,
            "trust_radius": 1.0,
            "trust_ratio": NaN,
            "trust_qp": NaN
          },
          {
            "it": 4,
            "energy": -7.959892660712862,
            "dE": 0.007165684321071453,
            "grad_norm": 0.3606922684308344,
            "grad_target": 0.044892839205698795,
            "grad_norm_post": NaN,
            "alpha": 1.1413528796910493,
            "ksp_its": 2,
            "ls_evals": 9,
            "ls_repaired": false,
            "used_gradient_fallback": false,
            "accepted_step": true,
            "step_norm": 1.2071517159606553,
            "step_rel": 0.0028985409228244464,
            "pred_reduction": NaN,
            "actual_reduction": NaN,
            "trust_rejects": 0,
            "t_grad": 0.014217705000191927,
            "t_hess": 0.29913164902245626,
            "t_ls": 0.1209389659925364,
            "t_update": 0.00024698098422959447,
            "t_iter": 0.43458931299392134,
            "trust_radius": 1.0,
            "trust_ratio": NaN,
            "trust_qp": NaN
          },
          {
            "it": 5,
            "energy": -7.960004495514335,
            "dE": 0.00011183480147280989,
            "grad_norm": 0.03797896379008405,
            "grad_target": 0.044892839205698795,
            "grad_norm_post": NaN,
            "alpha": 1.088137289060528,
            "ksp_its": 2,
            "ls_evals": 9,
            "ls_repaired": false,
            "used_gradient_fallback": false,
            "accepted_step": true,
            "step_norm": 0.06311957874388448,
            "step_rel": 0.0001518555842269249,
            "pred_reduction": NaN,
            "actual_reduction": NaN,
            "trust_rejects": 0,
            "t_grad": 0.013366073020733893,
            "t_hess": 0.29590341803850606,
            "t_ls": 0.1207556399749592,
            "t_update": 0.00024503900203853846,
            "t_iter": 0.43034078599885106,
            "trust_radius": 1.0,
            "trust_ratio": NaN,
            "trust_qp": NaN
          },
          {
            "it": 6,
            "energy": -7.96000568957705,
            "dE": 1.1940627153705918e-06,
            "grad_norm": 0.0033328559739841802,
            "grad_target": 0.044892839205698795,
            "grad_norm_post": 0.00017405783113122312,
            "alpha": 1.0552482453194671,
            "ksp_its": 2,
            "ls_evals": 9,
            "ls_repaired": false,
            "used_gradient_fallback": false,
            "accepted_step": true,
            "step_norm": 0.0058681034845214685,
            "step_rel": 1.4118591160166659e-05,
            "pred_reduction": NaN,
            "actual_reduction": NaN,
            "trust_rejects": 0,
            "t_grad": 0.013367374951485544,
            "t_hess": 0.30181232397444546,
            "t_ls": 0.12130958400666714,
            "t_update": 0.000245559960603714,
            "t_iter": 0.4368014130159281,
            "trust_radius": 1.0,
            "trust_ratio": NaN,
            "trust_qp": NaN
          }
        ],
        "linear_timing": [
          {
            "assemble_total_time": 0.04648059804458171,
            "setop_time": 6.529968231916428e-06,
            "set_tolerances_time": 2.7740024961531162e-06,
            "pc_setup_time": 0.17179971799487248,
            "solve_time": 0.09501655999338254,
            "linear_total_time": 0.3133061800035648,
            "ksp_its": 2
          },
          {
            "assemble_total_time": 0.036368533968925476,
            "setop_time": 2.5440240278840065e-06,
            "set_tolerances_time": 3.284949343651533e-06,
            "pc_setup_time": 0.15844279900193214,
            "solve_time": 0.09636212501209229,
            "linear_total_time": 0.29117928695632145,
            "ksp_its": 2
          },
          {
            "assemble_total_time": 0.03609023499302566,
            "setop_time": 2.0929728634655476e-06,
            "set_tolerances_time": 2.5030458346009254e-06,
            "pc_setup_time": 0.13252507004654035,
            "solve_time": 0.0894124930491671,
            "linear_total_time": 0.2580323941074312,
            "ksp_its": 2
          },
          {
            "assemble_total_time": 0.03893938398687169,
            "setop_time": 1.8529826775193214e-06,
            "set_tolerances_time": 2.193031832575798e-06,
            "pc_setup_time": 0.15935125696705654,
            "solve_time": 0.1003755570272915,
            "linear_total_time": 0.29867024399572983,
            "ksp_its": 2
          },
          {
            "assemble_total_time": 0.036214129999279976,
            "setop_time": 2.503977157175541e-06,
            "set_tolerances_time": 2.3730099201202393e-06,
            "pc_setup_time": 0.158282638003584,
            "solve_time": 0.10094187897630036,
            "linear_total_time": 0.29544352396624163,
            "ksp_its": 2
          },
          {
            "assemble_total_time": 0.036268892989028245,
            "setop_time": 2.3939646780490875e-06,
            "set_tolerances_time": 2.4939654394984245e-06,
            "pc_setup_time": 0.16162019199691713,
            "solve_time": 0.10345962003339082,
            "linear_total_time": 0.30135359294945374,
            "ksp_its": 2
          }
        ]
      }
    ],
    "metadata": {
      "nprocs": 8,
      "linear_solver": {
        "ksp_type": "cg",
        "pc_type": "hypre",
        "ksp_rtol": 0.1,
        "ksp_max_it": 30,
        "pc_setup_on_ksp_cap": false,
        "gamg_threshold": 0.05,
        "gamg_agg_nsmooths": 1,
        "gamg_set_coordinates": true,
        "assembly_mode": "fenics",
        "assembler": "FEniCSFormAssembly",
        "distribution_strategy": "dolfinx_mesh_partition",
        "trust_subproblem_solver": "direct_linear_solve",
        "trust_subproblem_line_search": false
      },
      "newton": {
        "tolf": 0.0001,
        "tolg": 0.001,
        "tolg_rel": 0.001,
        "tolx_rel": 0.001,
        "tolx_abs": 1e-10,
        "maxit": 100,
        "require_all_convergence": true,
        "fail_on_nonfinite": true,
        "linesearch_interval": [
          -0.5,
          2.0
        ],
        "linesearch_tol": 0.1,
        "trust_region": false,
        "trust_radius_init": 1.0,
        "trust_radius_min": 1e-08,
        "trust_radius_max": 1000000.0,
        "trust_subproblem_line_search": false,
        "step_time_limit_s": null
      }
    }
  }
}
