An NVIDIA GPU may be present on this machine, but a CUDA-enabled jaxlib is not installed. Falling back to cpu.
An NVIDIA GPU may be present on this machine, but a CUDA-enabled jaxlib is not installed. Falling back to cpu.
An NVIDIA GPU may be present on this machine, but a CUDA-enabled jaxlib is not installed. Falling back to cpu.
An NVIDIA GPU may be present on this machine, but a CUDA-enabled jaxlib is not installed. Falling back to cpu.
An NVIDIA GPU may be present on this machine, but a CUDA-enabled jaxlib is not installed. Falling back to cpu.
An NVIDIA GPU may be present on this machine, but a CUDA-enabled jaxlib is not installed. Falling back to cpu.
An NVIDIA GPU may be present on this machine, but a CUDA-enabled jaxlib is not installed. Falling back to cpu.
An NVIDIA GPU may be present on this machine, but a CUDA-enabled jaxlib is not installed. Falling back to cpu.
An NVIDIA GPU may be present on this machine, but a CUDA-enabled jaxlib is not installed. Falling back to cpu.
An NVIDIA GPU may be present on this machine, but a CUDA-enabled jaxlib is not installed. Falling back to cpu.
An NVIDIA GPU may be present on this machine, but a CUDA-enabled jaxlib is not installed. Falling back to cpu.
An NVIDIA GPU may be present on this machine, but a CUDA-enabled jaxlib is not installed. Falling back to cpu.
An NVIDIA GPU may be present on this machine, but a CUDA-enabled jaxlib is not installed. Falling back to cpu.
An NVIDIA GPU may be present on this machine, but a CUDA-enabled jaxlib is not installed. Falling back to cpu.
An NVIDIA GPU may be present on this machine, but a CUDA-enabled jaxlib is not installed. Falling back to cpu.
An NVIDIA GPU may be present on this machine, but a CUDA-enabled jaxlib is not installed. Falling back to cpu.
An NVIDIA GPU may be present on this machine, but a CUDA-enabled jaxlib is not installed. Falling back to cpu.
An NVIDIA GPU may be present on this machine, but a CUDA-enabled jaxlib is not installed. Falling back to cpu.
An NVIDIA GPU may be present on this machine, but a CUDA-enabled jaxlib is not installed. Falling back to cpu.
An NVIDIA GPU may be present on this machine, but a CUDA-enabled jaxlib is not installed. Falling back to cpu.
An NVIDIA GPU may be present on this machine, but a CUDA-enabled jaxlib is not installed. Falling back to cpu.
An NVIDIA GPU may be present on this machine, but a CUDA-enabled jaxlib is not installed. Falling back to cpu.
An NVIDIA GPU may be present on this machine, but a CUDA-enabled jaxlib is not installed. Falling back to cpu.
An NVIDIA GPU may be present on this machine, but a CUDA-enabled jaxlib is not installed. Falling back to cpu.
An NVIDIA GPU may be present on this machine, but a CUDA-enabled jaxlib is not installed. Falling back to cpu.
An NVIDIA GPU may be present on this machine, but a CUDA-enabled jaxlib is not installed. Falling back to cpu.
An NVIDIA GPU may be present on this machine, but a CUDA-enabled jaxlib is not installed. Falling back to cpu.
An NVIDIA GPU may be present on this machine, but a CUDA-enabled jaxlib is not installed. Falling back to cpu.
An NVIDIA GPU may be present on this machine, but a CUDA-enabled jaxlib is not installed. Falling back to cpu.
An NVIDIA GPU may be present on this machine, but a CUDA-enabled jaxlib is not installed. Falling back to cpu.
An NVIDIA GPU may be present on this machine, but a CUDA-enabled jaxlib is not installed. Falling back to cpu.
An NVIDIA GPU may be present on this machine, but a CUDA-enabled jaxlib is not installed. Falling back to cpu.
{
  "case": {
    "problem": "plaplace",
    "backend": "element",
    "level": 9,
    "out": "/home/michal/repos/fenics_nonlinear_energies/experiment_results_cache/plaplace_final_suite/jax_petsc_local_sfd_l9_np32.json",
    "quiet": true,
    "save_history": true,
    "save_linear_timing": true,
    "steps": 1,
    "start_step": 1,
    "total_steps": 24,
    "ksp_type": "cg",
    "pc_type": "hypre",
    "ksp_rtol": 0.1,
    "ksp_max_it": 30,
    "profile": "performance",
    "coloring_trials": 10,
    "nproc_threads": 1,
    "hvp_eval_mode": "sequential",
    "element_reorder_mode": "block_xyz",
    "local_hessian_mode": "sfd_local",
    "tolf": 0.0001,
    "tolg": 0.001,
    "tolg_rel": 0.001,
    "tolx_rel": 0.001,
    "tolx_abs": 1e-10,
    "maxit": 100,
    "step_time_limit_s": null,
    "linesearch_a": -0.5,
    "linesearch_b": 2.0,
    "linesearch_tol": 0.1,
    "use_trust_region": false,
    "trust_radius_init": 1.0,
    "trust_radius_min": 1e-08,
    "trust_radius_max": 1000000.0,
    "trust_shrink": 0.5,
    "trust_expand": 1.5,
    "trust_eta_shrink": 0.05,
    "trust_eta_expand": 0.75,
    "trust_max_reject": 6,
    "trust_subproblem_line_search": false,
    "local_coloring": true,
    "retry_on_failure": false,
    "pc_setup_on_ksp_cap": false,
    "use_near_nullspace": true,
    "reorder": null,
    "gamg_threshold": 0.05,
    "gamg_agg_nsmooths": 1,
    "gamg_set_coordinates": true
  },
  "result": {
    "mesh_level": 9,
    "total_dofs": 788481,
    "free_dofs": 784385,
    "setup_time": 1.611239,
    "solve_time_total": 1.047526,
    "total_time": 3.139034,
    "steps": [
      {
        "step": 1,
        "time": 1.047526,
        "nit": 6,
        "linear_iters": 11,
        "energy": -7.9600034469239045,
        "message": "Converged (energy, step, gradient)",
        "attempt": "primary",
        "ksp_rtol_used": 0.1,
        "ksp_max_it_used": 30,
        "linesearch_interval_used": [
          -0.5,
          2.0
        ],
        "history": [
          {
            "it": 1,
            "energy": 331.49688535162585,
            "dE": 33077101.385477934,
            "grad_norm": 448769.78662755055,
            "grad_target": 448.76978662755056,
            "grad_norm_post": NaN,
            "alpha": 1.9569476828142078,
            "ksp_its": 2,
            "ls_evals": 9,
            "ls_repaired": false,
            "used_gradient_fallback": false,
            "accepted_step": true,
            "step_norm": 481.21390746759585,
            "step_rel": 0.9406696436336851,
            "pred_reduction": NaN,
            "actual_reduction": NaN,
            "trust_rejects": 0,
            "t_grad": 0.004306498973164707,
            "t_hess": 0.11929520801641047,
            "t_ls": 0.054138211999088526,
            "t_update": 3.499403828755021e-05,
            "t_iter": 0.17788370902417228,
            "trust_radius": 1.0,
            "trust_ratio": NaN,
            "trust_qp": NaN
          },
          {
            "it": 2,
            "energy": -4.948124316714837,
            "dE": 336.4450096683407,
            "grad_norm": 208.1091207436139,
            "grad_target": 448.76978662755056,
            "grad_norm_post": NaN,
            "alpha": 1.9569476828142078,
            "ksp_its": 2,
            "ls_evals": 9,
            "ls_repaired": false,
            "used_gradient_fallback": false,
            "accepted_step": true,
            "step_norm": 228.68552752416892,
            "step_rel": 6.793494943742641,
            "pred_reduction": NaN,
            "actual_reduction": NaN,
            "trust_rejects": 0,
            "t_grad": 0.004484320001211017,
            "t_hess": 0.11647845496190712,
            "t_ls": 0.05266801599645987,
            "t_update": 3.112800186499953e-05,
            "t_iter": 0.17375256802188233,
            "trust_radius": 1.0,
            "trust_ratio": NaN,
            "trust_qp": NaN
          },
          {
            "it": 3,
            "energy": -7.527004444232201,
            "dE": 2.5788801275173636,
            "grad_norm": 2.3122186184920652,
            "grad_target": 448.76978662755056,
            "grad_norm_post": NaN,
            "alpha": 0.41186271093947224,
            "ksp_its": 1,
            "ls_evals": 9,
            "ls_repaired": false,
            "used_gradient_fallback": false,
            "accepted_step": true,
            "step_norm": 174.95869751732332,
            "step_rel": 0.8890091749229325,
            "pred_reduction": NaN,
            "actual_reduction": NaN,
            "trust_rejects": 0,
            "t_grad": 0.004864290996920317,
            "t_hess": 0.12049175600986928,
            "t_ls": 0.05362039204919711,
            "t_update": 3.0135968700051308e-05,
            "t_iter": 0.17909922602120787,
            "trust_radius": 1.0,
            "trust_ratio": NaN,
            "trust_qp": NaN
          },
          {
            "it": 4,
            "energy": -7.951224238996039,
            "dE": 0.42421979476383775,
            "grad_norm": 2.3456856056290327,
            "grad_target": 448.76978662755056,
            "grad_norm_post": NaN,
            "alpha": 0.9488170640584248,
            "ksp_its": 2,
            "ls_evals": 9,
            "ls_repaired": false,
            "used_gradient_fallback": false,
            "accepted_step": true,
            "step_norm": 51.49406867565057,
            "step_rel": 0.1391671194748016,
            "pred_reduction": NaN,
            "actual_reduction": NaN,
            "trust_rejects": 0,
            "t_grad": 0.004766171041410416,
            "t_hess": 0.11407320102443919,
            "t_ls": 0.052739785984158516,
            "t_update": 2.9754999559372663e-05,
            "t_iter": 0.1716932319686748,
            "trust_radius": 1.0,
            "trust_ratio": NaN,
            "trust_qp": NaN
          },
          {
            "it": 5,
            "energy": -7.959941114115324,
            "dE": 0.008716875119285206,
            "grad_norm": 0.3177025116620063,
            "grad_target": 448.76978662755056,
            "grad_norm_post": NaN,
            "alpha": 1.088137289060528,
            "ksp_its": 2,
            "ls_evals": 9,
            "ls_repaired": false,
            "used_gradient_fallback": false,
            "accepted_step": true,
            "step_norm": 5.745284763631064,
            "step_rel": 0.01364764053044699,
            "pred_reduction": NaN,
            "actual_reduction": NaN,
            "trust_rejects": 0,
            "t_grad": 0.004668531997594982,
            "t_hess": 0.11160176200792193,
            "t_ls": 0.052684349997434765,
            "t_update": 2.8172973543405533e-05,
            "t_iter": 0.16908006597077474,
            "trust_radius": 1.0,
            "trust_ratio": NaN,
            "trust_qp": NaN
          },
          {
            "it": 6,
            "energy": -7.9600034469239045,
            "dE": 6.233280858047863e-05,
            "grad_norm": 0.01954449527482453,
            "grad_target": 448.76978662755056,
            "grad_norm_post": 0.002605688324616498,
            "alpha": 1.088137289060528,
            "ksp_its": 2,
            "ls_evals": 9,
            "ls_repaired": false,
            "used_gradient_fallback": false,
            "accepted_step": true,
            "step_norm": 0.33010363543850807,
            "step_rel": 0.0007947881015924678,
            "pred_reduction": NaN,
            "actual_reduction": NaN,
            "trust_rejects": 0,
            "t_grad": 0.004887635994236916,
            "t_hess": 0.1092211349750869,
            "t_ls": 0.0525669910130091,
            "t_update": 3.1958974432200193e-05,
            "t_iter": 0.16680485900724307,
            "trust_radius": 1.0,
            "trust_ratio": NaN,
            "trust_qp": NaN
          }
        ],
        "linear_timing": [
          {
            "assemble_total_time": 0.017293036973569542,
            "assemble_p2p_exchange": 0.0022563969832845032,
            "assemble_hvp_compute": 0.01188234199071303,
            "assemble_extraction": 0.0006886020419187844,
            "assemble_coo_assembly": 0.0023905810085125268,
            "assemble_n_hvps": 8,
            "setop_time": 3.304972779005766e-06,
            "set_tolerances_time": 1.6519916243851185e-06,
            "pc_setup_time": 0.08038702100748196,
            "solve_time": 0.021489027014467865,
            "linear_total_time": 0.11917404195992276,
            "ksp_its": 2
          },
          {
            "assemble_total_time": 0.018169014947488904,
            "assemble_p2p_exchange": 0.0023744169739075005,
            "assemble_hvp_compute": 0.012810921005439013,
            "assemble_extraction": 0.0010889240074902773,
            "assemble_coo_assembly": 0.0018233360024169087,
            "assemble_n_hvps": 8,
            "setop_time": 3.4149852581322193e-06,
            "set_tolerances_time": 2.263986971229315e-06,
            "pc_setup_time": 0.07579914201050997,
            "solve_time": 0.02238052902976051,
            "linear_total_time": 0.11635436495998874,
            "ksp_its": 2
          },
          {
            "assemble_total_time": 0.017271665041334927,
            "assemble_p2p_exchange": 0.0023564399452880025,
            "assemble_hvp_compute": 0.011108139005955309,
            "assemble_extraction": 0.0007619140087626874,
            "assemble_coo_assembly": 0.0029804620426148176,
            "assemble_n_hvps": 8,
            "setop_time": 2.294022124260664e-06,
            "set_tolerances_time": 1.853040885180235e-06,
            "pc_setup_time": 0.085771176032722,
            "solve_time": 0.01731838600244373,
            "linear_total_time": 0.1203653741395101,
            "ksp_its": 1
          },
          {
            "assemble_total_time": 0.018439349019899964,
            "assemble_p2p_exchange": 0.002408701053354889,
            "assemble_hvp_compute": 0.010765986982733011,
            "assemble_extraction": 0.0006045229965820909,
            "assemble_coo_assembly": 0.0045951189822517335,
            "assemble_n_hvps": 8,
            "setop_time": 2.3840111680328846e-06,
            "set_tolerances_time": 1.853040885180235e-06,
            "pc_setup_time": 0.07470615301281214,
            "solve_time": 0.020818381977733225,
            "linear_total_time": 0.11396812106249854,
            "ksp_its": 2
          },
          {
            "assemble_total_time": 0.019806035968940705,
            "assemble_p2p_exchange": 0.0023673869436606765,
            "assemble_hvp_compute": 0.011384140991140157,
            "assemble_extraction": 0.0005592239904217422,
            "assemble_coo_assembly": 0.005426179035566747,
            "assemble_n_hvps": 8,
            "setop_time": 2.334010787308216e-06,
            "set_tolerances_time": 1.8130522221326828e-06,
            "pc_setup_time": 0.0712808080133982,
            "solve_time": 0.02039266098290682,
            "linear_total_time": 0.11148365202825516,
            "ksp_its": 2
          },
          {
            "assemble_total_time": 0.01798070705262944,
            "assemble_p2p_exchange": 0.002393605944234878,
            "assemble_hvp_compute": 0.011438023007940501,
            "assemble_extraction": 0.0007802519830875099,
            "assemble_coo_assembly": 0.003300070995464921,
            "assemble_n_hvps": 8,
            "setop_time": 7.67101300880313e-06,
            "set_tolerances_time": 1.702981535345316e-06,
            "pc_setup_time": 0.07097294798586518,
            "solve_time": 0.020130441000219434,
            "linear_total_time": 0.1090934700332582,
            "ksp_its": 2
          }
        ]
      }
    ],
    "metadata": {
      "profile": "performance",
      "nprocs": 32,
      "nproc_threads": 1,
      "linear_solver": {
        "ksp_type": "cg",
        "pc_type": "hypre",
        "ksp_rtol": 0.1,
        "ksp_max_it": 30,
        "pc_setup_on_ksp_cap": false,
        "gamg_threshold": 0.05,
        "gamg_agg_nsmooths": 1,
        "gamg_set_coordinates": true,
        "reorder": true,
        "hvp_eval_mode": "sfd_local_batched",
        "assembly_mode": "element",
        "element_reorder_mode": "block_xyz",
        "local_hessian_mode": "sfd_local",
        "distribution_strategy": "overlap_allgather",
        "assembler": "PLaplaceReorderedElementAssembler",
        "trust_subproblem_solver": "direct_linear_solve",
        "trust_subproblem_line_search": false
      },
      "newton": {
        "tolf": 0.0001,
        "tolg": 0.001,
        "tolg_rel": 0.001,
        "tolx_rel": 0.001,
        "tolx_abs": 1e-10,
        "maxit": 100,
        "require_all_convergence": true,
        "fail_on_nonfinite": true,
        "linesearch_interval": [
          -0.5,
          2.0
        ],
        "linesearch_tol": 0.1,
        "trust_region": false,
        "trust_radius_init": 1.0,
        "trust_radius_min": 1e-08,
        "trust_radius_max": 1000000.0,
        "trust_subproblem_line_search": false,
        "step_time_limit_s": null
      }
    }
  }
}
