An NVIDIA GPU may be present on this machine, but a CUDA-enabled jaxlib is not installed. Falling back to cpu.
An NVIDIA GPU may be present on this machine, but a CUDA-enabled jaxlib is not installed. Falling back to cpu.
{
  "case": {
    "problem": "plaplace",
    "backend": "element",
    "level": 7,
    "out": "/home/michal/repos/fenics_nonlinear_energies/experiment_results_cache/plaplace_final_suite/jax_petsc_local_sfd_l7_np2.json",
    "quiet": true,
    "save_history": true,
    "save_linear_timing": true,
    "steps": 1,
    "start_step": 1,
    "total_steps": 24,
    "ksp_type": "cg",
    "pc_type": "hypre",
    "ksp_rtol": 0.1,
    "ksp_max_it": 30,
    "profile": "performance",
    "coloring_trials": 10,
    "nproc_threads": 1,
    "hvp_eval_mode": "sequential",
    "element_reorder_mode": "block_xyz",
    "local_hessian_mode": "sfd_local",
    "tolf": 0.0001,
    "tolg": 0.001,
    "tolg_rel": 0.001,
    "tolx_rel": 0.001,
    "tolx_abs": 1e-10,
    "maxit": 100,
    "step_time_limit_s": null,
    "linesearch_a": -0.5,
    "linesearch_b": 2.0,
    "linesearch_tol": 0.1,
    "use_trust_region": false,
    "trust_radius_init": 1.0,
    "trust_radius_min": 1e-08,
    "trust_radius_max": 1000000.0,
    "trust_shrink": 0.5,
    "trust_expand": 1.5,
    "trust_eta_shrink": 0.05,
    "trust_eta_expand": 0.75,
    "trust_max_reject": 6,
    "trust_subproblem_line_search": false,
    "local_coloring": true,
    "retry_on_failure": false,
    "pc_setup_on_ksp_cap": false,
    "use_near_nullspace": true,
    "reorder": null,
    "gamg_threshold": 0.05,
    "gamg_agg_nsmooths": 1,
    "gamg_set_coordinates": true
  },
  "result": {
    "mesh_level": 7,
    "total_dofs": 49665,
    "free_dofs": 48641,
    "setup_time": 0.934794,
    "solve_time_total": 0.363011,
    "total_time": 1.370202,
    "steps": [
      {
        "step": 1,
        "time": 0.363011,
        "nit": 7,
        "linear_iters": 14,
        "energy": -7.9582923925293425,
        "message": "Converged (energy, step, gradient)",
        "attempt": "primary",
        "ksp_rtol_used": 0.1,
        "ksp_max_it_used": 30,
        "linesearch_interval_used": [
          -0.5,
          2.0
        ],
        "history": [
          {
            "it": 1,
            "energy": 5.438106249204249,
            "dE": 521138.8689366795,
            "grad_norm": 28062.385990695086,
            "grad_target": 28.062385990695088,
            "grad_norm_post": NaN,
            "alpha": 1.9569476828142078,
            "ksp_its": 2,
            "ls_evals": 9,
            "ls_repaired": false,
            "used_gradient_fallback": false,
            "accepted_step": true,
            "step_norm": 124.72030897019408,
            "step_rel": 0.982458785129833,
            "pred_reduction": NaN,
            "actual_reduction": NaN,
            "trust_rejects": 0,
            "t_grad": 0.0007724250317551196,
            "t_hess": 0.04526788700604811,
            "t_ls": 0.010987750021740794,
            "t_update": 8.352973964065313e-06,
            "t_iter": 0.057077156961895525,
            "trust_radius": 1.0,
            "trust_ratio": NaN,
            "trust_qp": NaN
          },
          {
            "it": 2,
            "energy": -3.9112651020563582,
            "dE": 9.349371351260608,
            "grad_norm": 13.013050037123783,
            "grad_target": 28.062385990695088,
            "grad_norm_post": NaN,
            "alpha": 0.8627124296868427,
            "ksp_its": 2,
            "ls_evals": 9,
            "ls_repaired": false,
            "used_gradient_fallback": false,
            "accepted_step": true,
            "step_norm": 89.36940351894246,
            "step_rel": 36.14498119940787,
            "pred_reduction": NaN,
            "actual_reduction": NaN,
            "trust_rejects": 0,
            "t_grad": 0.000657027994748205,
            "t_hess": 0.041150439996272326,
            "t_ls": 0.010828886006493121,
            "t_update": 8.833012543618679e-06,
            "t_iter": 0.05268326500663534,
            "trust_radius": 1.0,
            "trust_ratio": NaN,
            "trust_qp": NaN
          },
          {
            "it": 3,
            "energy": -7.343914513183465,
            "dE": 3.432649411127107,
            "grad_norm": 9.349463989505976,
            "grad_target": 28.062385990695088,
            "grad_norm_post": NaN,
            "alpha": 0.8094968390563215,
            "ksp_its": 2,
            "ls_evals": 9,
            "ls_repaired": false,
            "used_gradient_fallback": false,
            "accepted_step": true,
            "step_norm": 24.699073797510028,
            "step_rel": 0.2800598646841351,
            "pred_reduction": NaN,
            "actual_reduction": NaN,
            "trust_rejects": 0,
            "t_grad": 0.0006864839815534651,
            "t_hess": 0.04490822501247749,
            "t_ls": 0.011431279999669641,
            "t_update": 8.622999303042889e-06,
            "t_iter": 0.05708839400904253,
            "trust_radius": 1.0,
            "trust_ratio": NaN,
            "trust_qp": NaN
          },
          {
            "it": 4,
            "energy": -7.927456199387549,
            "dE": 0.5835416862040841,
            "grad_norm": 3.176365157617886,
            "grad_target": 28.062385990695088,
            "grad_norm_post": NaN,
            "alpha": 1.002032654688946,
            "ksp_its": 2,
            "ls_evals": 9,
            "ls_repaired": false,
            "used_gradient_fallback": false,
            "accepted_step": true,
            "step_norm": 6.678891278745111,
            "step_rel": 0.05957126761173036,
            "pred_reduction": NaN,
            "actual_reduction": NaN,
            "trust_rejects": 0,
            "t_grad": 0.0006754759815521538,
            "t_hess": 0.0394660760066472,
            "t_ls": 0.010834334010723978,
            "t_update": 8.533010259270668e-06,
            "t_iter": 0.05102083395468071,
            "trust_radius": 1.0,
            "trust_ratio": NaN,
            "trust_qp": NaN
          },
          {
            "it": 5,
            "energy": -7.957638879139051,
            "dE": 0.03018267975150124,
            "grad_norm": 0.6582913819321538,
            "grad_target": 28.062385990695088,
            "grad_norm_post": NaN,
            "alpha": 1.0552482453194671,
            "ksp_its": 2,
            "ls_evals": 9,
            "ls_repaired": false,
            "used_gradient_fallback": false,
            "accepted_step": true,
            "step_norm": 2.16735758321345,
            "step_rel": 0.02044466126247457,
            "pred_reduction": NaN,
            "actual_reduction": NaN,
            "trust_rejects": 0,
            "t_grad": 0.0006626670365221798,
            "t_hess": 0.0369047750136815,
            "t_ls": 0.010776995972264558,
            "t_update": 8.22299625724554e-06,
            "t_iter": 0.04839168000034988,
            "trust_radius": 1.0,
            "trust_ratio": NaN,
            "trust_qp": NaN
          },
          {
            "it": 6,
            "energy": -7.958284566062277,
            "dE": 0.0006456869232263074,
            "grad_norm": 0.08357394843359923,
            "grad_target": 28.062385990695088,
            "grad_norm_post": NaN,
            "alpha": 1.088137289060528,
            "ksp_its": 2,
            "ls_evals": 9,
            "ls_repaired": false,
            "used_gradient_fallback": false,
            "accepted_step": true,
            "step_norm": 0.06951904721678367,
            "step_rel": 0.000669125299602034,
            "pred_reduction": NaN,
            "actual_reduction": NaN,
            "trust_rejects": 0,
            "t_grad": 0.000681355013512075,
            "t_hess": 0.03570080699864775,
            "t_ls": 0.010654648009222,
            "t_update": 8.884002454578876e-06,
            "t_iter": 0.04708301299251616,
            "trust_radius": 1.0,
            "trust_ratio": NaN,
            "trust_qp": NaN
          },
          {
            "it": 7,
            "energy": -7.9582923925293425,
            "dE": 7.826467065541465e-06,
            "grad_norm": 0.007359857761008119,
            "grad_target": 28.062385990695088,
            "grad_norm_post": 0.0004147143030230095,
            "alpha": 1.088137289060528,
            "ksp_its": 2,
            "ls_evals": 9,
            "ls_repaired": false,
            "used_gradient_fallback": false,
            "accepted_step": true,
            "step_norm": 0.007163699435086898,
            "step_rel": 6.895262511405266e-05,
            "pred_reduction": NaN,
            "actual_reduction": NaN,
            "trust_rejects": 0,
            "t_grad": 0.0007050419808365405,
            "t_hess": 0.036031224008183926,
            "t_ls": 0.010459418990649283,
            "t_update": 9.163981303572655e-06,
            "t_iter": 0.047241474967449903,
            "trust_radius": 1.0,
            "trust_ratio": NaN,
            "trust_qp": NaN
          }
        ],
        "linear_timing": [
          {
            "assemble_total_time": 0.005146546987816691,
            "assemble_p2p_exchange": 0.00021655199816450477,
            "assemble_hvp_compute": 0.0034500740002840757,
            "assemble_extraction": 0.0006850509671494365,
            "assemble_coo_assembly": 0.0007588039734400809,
            "assemble_n_hvps": 7,
            "setop_time": 2.983957529067993e-06,
            "set_tolerances_time": 2.474000211805105e-06,
            "pc_setup_time": 0.03195767500437796,
            "solve_time": 0.008108141017146409,
            "linear_total_time": 0.045217820967081934,
            "ksp_its": 2
          },
          {
            "assemble_total_time": 0.005529123998712748,
            "assemble_p2p_exchange": 0.0002536390093155205,
            "assemble_hvp_compute": 0.002853147976566106,
            "assemble_extraction": 0.0006969200330786407,
            "assemble_coo_assembly": 0.0016876490553840995,
            "assemble_n_hvps": 7,
            "setop_time": 2.0329607650637627e-06,
            "set_tolerances_time": 2.154032699763775e-06,
            "pc_setup_time": 0.02754654601449147,
            "solve_time": 0.008026444993447512,
            "linear_total_time": 0.04110630200011656,
            "ksp_its": 2
          },
          {
            "assemble_total_time": 0.003962590009905398,
            "assemble_p2p_exchange": 0.00013959407806396484,
            "assemble_hvp_compute": 0.0030360380187630653,
            "assemble_extraction": 0.0004007549723610282,
            "assemble_coo_assembly": 0.0003581190248951316,
            "assemble_n_hvps": 7,
            "setop_time": 2.3840111680328846e-06,
            "set_tolerances_time": 1.8330174498260021e-06,
            "pc_setup_time": 0.03180744301062077,
            "solve_time": 0.009090228006243706,
            "linear_total_time": 0.044864478055387735,
            "ksp_its": 2
          },
          {
            "assemble_total_time": 0.004093791008926928,
            "assemble_p2p_exchange": 0.00014138699043542147,
            "assemble_hvp_compute": 0.0030311099835671484,
            "assemble_extraction": 0.0004108900320716202,
            "assemble_coo_assembly": 0.00048026698641479015,
            "assemble_n_hvps": 7,
            "setop_time": 2.53401231020689e-06,
            "set_tolerances_time": 1.9730068743228912e-06,
            "pc_setup_time": 0.027066951035521924,
            "solve_time": 0.00826235703425482,
            "linear_total_time": 0.0394276060978882,
            "ksp_its": 2
          },
          {
            "assemble_total_time": 0.0039593850378878415,
            "assemble_p2p_exchange": 0.00014779798220843077,
            "assemble_hvp_compute": 0.002971248992253095,
            "assemble_extraction": 0.000399542972445488,
            "assemble_coo_assembly": 0.00040849699871614575,
            "assemble_n_hvps": 7,
            "setop_time": 2.35304469242692e-06,
            "set_tolerances_time": 2.194021362811327e-06,
            "pc_setup_time": 0.024921528005506843,
            "solve_time": 0.007979043002706021,
            "linear_total_time": 0.036864503112155944,
            "ksp_its": 2
          },
          {
            "assemble_total_time": 0.003894656023476273,
            "assemble_p2p_exchange": 0.00013914407463744283,
            "assemble_hvp_compute": 0.0029902879614382982,
            "assemble_extraction": 0.0004056830075569451,
            "assemble_coo_assembly": 0.00033184897620230913,
            "assemble_n_hvps": 7,
            "setop_time": 2.3529864847660065e-06,
            "set_tolerances_time": 2.0129955373704433e-06,
            "pc_setup_time": 0.023985453008208424,
            "solve_time": 0.007778154977131635,
            "linear_total_time": 0.03566262999083847,
            "ksp_its": 2
          },
          {
            "assemble_total_time": 0.004051016003359109,
            "assemble_p2p_exchange": 0.00014391104923561215,
            "assemble_hvp_compute": 0.0030488880001939833,
            "assemble_extraction": 0.00040391000220552087,
            "assemble_coo_assembly": 0.0004251330392435193,
            "assemble_n_hvps": 7,
            "setop_time": 2.4139881134033203e-06,
            "set_tolerances_time": 2.093031071126461e-06,
            "pc_setup_time": 0.024052896013017744,
            "solve_time": 0.007884708000347018,
            "linear_total_time": 0.0359931270359084,
            "ksp_its": 2
          }
        ]
      }
    ],
    "metadata": {
      "profile": "performance",
      "nprocs": 2,
      "nproc_threads": 1,
      "linear_solver": {
        "ksp_type": "cg",
        "pc_type": "hypre",
        "ksp_rtol": 0.1,
        "ksp_max_it": 30,
        "pc_setup_on_ksp_cap": false,
        "gamg_threshold": 0.05,
        "gamg_agg_nsmooths": 1,
        "gamg_set_coordinates": true,
        "reorder": true,
        "hvp_eval_mode": "sfd_local_batched",
        "assembly_mode": "element",
        "element_reorder_mode": "block_xyz",
        "local_hessian_mode": "sfd_local",
        "distribution_strategy": "overlap_allgather",
        "assembler": "PLaplaceReorderedElementAssembler",
        "trust_subproblem_solver": "direct_linear_solve",
        "trust_subproblem_line_search": false
      },
      "newton": {
        "tolf": 0.0001,
        "tolg": 0.001,
        "tolg_rel": 0.001,
        "tolx_rel": 0.001,
        "tolx_abs": 1e-10,
        "maxit": 100,
        "require_all_convergence": true,
        "fail_on_nonfinite": true,
        "linesearch_interval": [
          -0.5,
          2.0
        ],
        "linesearch_tol": 0.1,
        "trust_region": false,
        "trust_radius_init": 1.0,
        "trust_radius_min": 1e-08,
        "trust_radius_max": 1000000.0,
        "trust_subproblem_line_search": false,
        "step_time_limit_s": null
      }
    }
  }
}
