An NVIDIA GPU may be present on this machine, but a CUDA-enabled jaxlib is not installed. Falling back to cpu.
An NVIDIA GPU may be present on this machine, but a CUDA-enabled jaxlib is not installed. Falling back to cpu.
An NVIDIA GPU may be present on this machine, but a CUDA-enabled jaxlib is not installed. Falling back to cpu.
An NVIDIA GPU may be present on this machine, but a CUDA-enabled jaxlib is not installed. Falling back to cpu.
An NVIDIA GPU may be present on this machine, but a CUDA-enabled jaxlib is not installed. Falling back to cpu.
An NVIDIA GPU may be present on this machine, but a CUDA-enabled jaxlib is not installed. Falling back to cpu.
An NVIDIA GPU may be present on this machine, but a CUDA-enabled jaxlib is not installed. Falling back to cpu.
An NVIDIA GPU may be present on this machine, but a CUDA-enabled jaxlib is not installed. Falling back to cpu.
An NVIDIA GPU may be present on this machine, but a CUDA-enabled jaxlib is not installed. Falling back to cpu.
An NVIDIA GPU may be present on this machine, but a CUDA-enabled jaxlib is not installed. Falling back to cpu.
An NVIDIA GPU may be present on this machine, but a CUDA-enabled jaxlib is not installed. Falling back to cpu.
An NVIDIA GPU may be present on this machine, but a CUDA-enabled jaxlib is not installed. Falling back to cpu.
An NVIDIA GPU may be present on this machine, but a CUDA-enabled jaxlib is not installed. Falling back to cpu.
An NVIDIA GPU may be present on this machine, but a CUDA-enabled jaxlib is not installed. Falling back to cpu.
An NVIDIA GPU may be present on this machine, but a CUDA-enabled jaxlib is not installed. Falling back to cpu.
An NVIDIA GPU may be present on this machine, but a CUDA-enabled jaxlib is not installed. Falling back to cpu.
An NVIDIA GPU may be present on this machine, but a CUDA-enabled jaxlib is not installed. Falling back to cpu.
An NVIDIA GPU may be present on this machine, but a CUDA-enabled jaxlib is not installed. Falling back to cpu.
An NVIDIA GPU may be present on this machine, but a CUDA-enabled jaxlib is not installed. Falling back to cpu.
An NVIDIA GPU may be present on this machine, but a CUDA-enabled jaxlib is not installed. Falling back to cpu.
An NVIDIA GPU may be present on this machine, but a CUDA-enabled jaxlib is not installed. Falling back to cpu.
An NVIDIA GPU may be present on this machine, but a CUDA-enabled jaxlib is not installed. Falling back to cpu.
An NVIDIA GPU may be present on this machine, but a CUDA-enabled jaxlib is not installed. Falling back to cpu.
An NVIDIA GPU may be present on this machine, but a CUDA-enabled jaxlib is not installed. Falling back to cpu.
An NVIDIA GPU may be present on this machine, but a CUDA-enabled jaxlib is not installed. Falling back to cpu.
An NVIDIA GPU may be present on this machine, but a CUDA-enabled jaxlib is not installed. Falling back to cpu.
An NVIDIA GPU may be present on this machine, but a CUDA-enabled jaxlib is not installed. Falling back to cpu.
An NVIDIA GPU may be present on this machine, but a CUDA-enabled jaxlib is not installed. Falling back to cpu.
An NVIDIA GPU may be present on this machine, but a CUDA-enabled jaxlib is not installed. Falling back to cpu.
An NVIDIA GPU may be present on this machine, but a CUDA-enabled jaxlib is not installed. Falling back to cpu.
An NVIDIA GPU may be present on this machine, but a CUDA-enabled jaxlib is not installed. Falling back to cpu.
An NVIDIA GPU may be present on this machine, but a CUDA-enabled jaxlib is not installed. Falling back to cpu.
{
  "case": {
    "problem": "plaplace",
    "backend": "element",
    "level": 5,
    "out": "/home/michal/repos/fenics_nonlinear_energies/experiment_results_cache/plaplace_final_suite/jax_petsc_element_l5_np32.json",
    "quiet": true,
    "save_history": true,
    "save_linear_timing": true,
    "steps": 1,
    "start_step": 1,
    "total_steps": 24,
    "ksp_type": "cg",
    "pc_type": "hypre",
    "ksp_rtol": 0.1,
    "ksp_max_it": 30,
    "profile": "performance",
    "coloring_trials": 10,
    "nproc_threads": 1,
    "hvp_eval_mode": "sequential",
    "element_reorder_mode": "block_xyz",
    "local_hessian_mode": "element",
    "tolf": 0.0001,
    "tolg": 0.001,
    "tolg_rel": 0.001,
    "tolx_rel": 0.001,
    "tolx_abs": 1e-10,
    "maxit": 100,
    "step_time_limit_s": null,
    "linesearch_a": -0.5,
    "linesearch_b": 2.0,
    "linesearch_tol": 0.1,
    "use_trust_region": false,
    "trust_radius_init": 1.0,
    "trust_radius_min": 1e-08,
    "trust_radius_max": 1000000.0,
    "trust_shrink": 0.5,
    "trust_expand": 1.5,
    "trust_eta_shrink": 0.05,
    "trust_eta_expand": 0.75,
    "trust_max_reject": 6,
    "trust_subproblem_line_search": false,
    "local_coloring": true,
    "retry_on_failure": false,
    "pc_setup_on_ksp_cap": false,
    "use_near_nullspace": true,
    "reorder": null,
    "gamg_threshold": 0.05,
    "gamg_agg_nsmooths": 1,
    "gamg_set_coordinates": true
  },
  "result": {
    "mesh_level": 5,
    "total_dofs": 3201,
    "free_dofs": 2945,
    "setup_time": 0.403332,
    "solve_time_total": 0.264029,
    "total_time": 0.857513,
    "steps": [
      {
        "step": 1,
        "time": 0.264029,
        "nit": 7,
        "linear_iters": 8,
        "energy": -7.942968718327786,
        "message": "Converged (energy, step, gradient)",
        "attempt": "primary",
        "ksp_rtol_used": 0.1,
        "ksp_max_it_used": 30,
        "linesearch_interval_used": [
          -0.5,
          2.0
        ],
        "history": [
          {
            "it": 1,
            "energy": 0.13203979397278254,
            "dE": 8661.946476917521,
            "grad_norm": 1796.1493529461623,
            "grad_target": 1.7961493529461623,
            "grad_norm_post": NaN,
            "alpha": 1.9569476828142078,
            "ksp_its": 1,
            "ls_evals": 9,
            "ls_repaired": false,
            "used_gradient_fallback": false,
            "accepted_step": true,
            "step_norm": 31.573705435469073,
            "step_rel": 0.9976201843481406,
            "pred_reduction": NaN,
            "actual_reduction": NaN,
            "trust_rejects": 0,
            "t_grad": 0.00037602701922878623,
            "t_hess": 0.033138717990368605,
            "t_ls": 0.0059956859913654625,
            "t_update": 1.292035449296236e-06,
            "t_iter": 0.03957414597971365,
            "trust_radius": 1.0,
            "trust_ratio": NaN,
            "trust_qp": NaN
          },
          {
            "it": 2,
            "energy": -5.633496941990837,
            "dE": 5.76553673596362,
            "grad_norm": 1.4702519030416996,
            "grad_target": 1.7961493529461623,
            "grad_norm_post": NaN,
            "alpha": 0.21932689530684624,
            "ksp_its": 1,
            "ls_evals": 9,
            "ls_repaired": false,
            "used_gradient_fallback": false,
            "accepted_step": true,
            "step_norm": 17.605313375385762,
            "step_rel": 16.72813144149376,
            "pred_reduction": NaN,
            "actual_reduction": NaN,
            "trust_rejects": 0,
            "t_grad": 0.00037385302130132914,
            "t_hess": 0.031117786013055593,
            "t_ls": 0.005966412019915879,
            "t_update": 1.3720127753913403e-06,
            "t_iter": 0.0375239200075157,
            "trust_radius": 1.0,
            "trust_ratio": NaN,
            "trust_qp": NaN
          },
          {
            "it": 3,
            "energy": -7.664686003565724,
            "dE": 2.031189061574887,
            "grad_norm": 4.935033439687204,
            "grad_target": 1.7961493529461623,
            "grad_norm_post": NaN,
            "alpha": 0.551182935941576,
            "ksp_its": 1,
            "ls_evals": 9,
            "ls_repaired": false,
            "used_gradient_fallback": false,
            "accepted_step": true,
            "step_norm": 7.4887712950342005,
            "step_rel": 0.416531461544513,
            "pred_reduction": NaN,
            "actual_reduction": NaN,
            "trust_rejects": 0,
            "t_grad": 0.00031983095686882734,
            "t_hess": 0.03187929198611528,
            "t_ls": 0.005665920034516603,
            "t_update": 1.0919757187366486e-06,
            "t_iter": 0.037925343960523605,
            "trust_radius": 1.0,
            "trust_ratio": NaN,
            "trust_qp": NaN
          },
          {
            "it": 4,
            "energy": -7.93050718498161,
            "dE": 0.26582118141588573,
            "grad_norm": 2.3408466578818117,
            "grad_target": 1.7961493529461623,
            "grad_norm_post": NaN,
            "alpha": 0.9488170640584248,
            "ksp_its": 2,
            "ls_evals": 9,
            "ls_repaired": false,
            "used_gradient_fallback": false,
            "accepted_step": true,
            "step_norm": 1.1598960517227137,
            "step_rel": 0.04605462758604424,
            "pred_reduction": NaN,
            "actual_reduction": NaN,
            "trust_rejects": 0,
            "t_grad": 0.0003301770193502307,
            "t_hess": 0.03028274903772399,
            "t_ls": 0.005713552003726363,
            "t_update": 1.061009243130684e-06,
            "t_iter": 0.03638619801495224,
            "trust_radius": 1.0,
            "trust_ratio": NaN,
            "trust_qp": NaN
          },
          {
            "it": 5,
            "energy": -7.942603216143921,
            "dE": 0.012096031162310616,
            "grad_norm": 0.4293348300832033,
            "grad_target": 1.7961493529461623,
            "grad_norm_post": NaN,
            "alpha": 1.0552482453194671,
            "ksp_its": 1,
            "ls_evals": 9,
            "ls_repaired": false,
            "used_gradient_fallback": false,
            "accepted_step": true,
            "step_norm": 0.2317388524818855,
            "step_rel": 0.008855733039436478,
            "pred_reduction": NaN,
            "actual_reduction": NaN,
            "trust_rejects": 0,
            "t_grad": 0.00031989201670512557,
            "t_hess": 0.030112932960037142,
            "t_ls": 0.006078580976463854,
            "t_update": 1.141976099461317e-06,
            "t_iter": 0.03657447104342282,
            "trust_radius": 1.0,
            "trust_ratio": NaN,
            "trust_qp": NaN
          },
          {
            "it": 6,
            "energy": -7.9429672855483515,
            "dE": 0.0003640694044309001,
            "grad_norm": 0.05585905840439815,
            "grad_target": 1.7961493529461623,
            "grad_norm_post": NaN,
            "alpha": 1.1413528796910493,
            "ksp_its": 1,
            "ls_evals": 9,
            "ls_repaired": false,
            "used_gradient_fallback": false,
            "accepted_step": true,
            "step_norm": 0.03247058712602231,
            "step_rel": 0.001250430973755158,
            "pred_reduction": NaN,
            "actual_reduction": NaN,
            "trust_rejects": 0,
            "t_grad": 0.00040748302126303315,
            "t_hess": 0.027197474031709135,
            "t_ls": 0.006368767004460096,
            "t_update": 1.1420343071222305e-06,
            "t_iter": 0.0340379310073331,
            "trust_radius": 1.0,
            "trust_ratio": NaN,
            "trust_qp": NaN
          },
          {
            "it": 7,
            "energy": -7.942968718327786,
            "dE": 1.4327794346513656e-06,
            "grad_norm": 0.003872583958383752,
            "grad_target": 1.7961493529461623,
            "grad_norm_post": 6.318598625845587e-05,
            "alpha": 1.002032654688946,
            "ksp_its": 1,
            "ls_evals": 9,
            "ls_repaired": false,
            "used_gradient_fallback": false,
            "accepted_step": true,
            "step_norm": 0.0014114541444303944,
            "step_rel": 5.4397910901692705e-05,
            "pred_reduction": NaN,
            "actual_reduction": NaN,
            "trust_rejects": 0,
            "t_grad": 0.00035691697848960757,
            "t_hess": 0.032623873034026474,
            "t_ls": 0.007518378959503025,
            "t_update": 1.0519870556890965e-06,
            "t_iter": 0.04056419699918479,
            "trust_radius": 1.0,
            "trust_ratio": NaN,
            "trust_qp": NaN
          }
        ],
        "linear_timing": [
          {
            "assemble_total_time": 0.0004509490099735558,
            "assemble_p2p_exchange": 0.00010768196079879999,
            "assemble_hvp_compute": 0.00011585402535274625,
            "assemble_extraction": 3.3900956623256207e-05,
            "assemble_coo_assembly": 0.00018003099830821157,
            "assemble_n_hvps": 0,
            "setop_time": 2.434011548757553e-06,
            "set_tolerances_time": 1.5720142982900143e-06,
            "pc_setup_time": 0.026481828012038022,
            "solve_time": 0.006138261000160128,
            "linear_total_time": 0.033075044048018754,
            "ksp_its": 1
          },
          {
            "assemble_total_time": 0.00042049295734614134,
            "assemble_p2p_exchange": 0.00010139192454516888,
            "assemble_hvp_compute": 0.00010990502778440714,
            "assemble_extraction": 3.248901339247823e-05,
            "assemble_coo_assembly": 0.0001650489866733551,
            "assemble_n_hvps": 0,
            "setop_time": 1.0210205800831318e-06,
            "set_tolerances_time": 1.4619436115026474e-06,
            "pc_setup_time": 0.024801055958960205,
            "solve_time": 0.005831599002704024,
            "linear_total_time": 0.031055630883201957,
            "ksp_its": 1
          },
          {
            "assemble_total_time": 0.0004120999947190285,
            "assemble_p2p_exchange": 9.991100523620844e-05,
            "assemble_hvp_compute": 0.00010480795754119754,
            "assemble_extraction": 2.8312962967902422e-05,
            "assemble_coo_assembly": 0.00017002597451210022,
            "assemble_n_hvps": 0,
            "setop_time": 6.509944796562195e-07,
            "set_tolerances_time": 1.0110088624060154e-06,
            "pc_setup_time": 0.025754451984539628,
            "solve_time": 0.005652480002027005,
            "linear_total_time": 0.031820693984627724,
            "ksp_its": 1
          },
          {
            "assemble_total_time": 0.00039362203096970916,
            "assemble_p2p_exchange": 9.821797721087933e-05,
            "assemble_hvp_compute": 0.00010390701936557889,
            "assemble_extraction": 2.711097477003932e-05,
            "assemble_coo_assembly": 0.0001554940245114267,
            "assemble_n_hvps": 0,
            "setop_time": 8.210190571844578e-07,
            "set_tolerances_time": 9.919749572873116e-07,
            "pc_setup_time": 0.022356396017130464,
            "solve_time": 0.007472819997929037,
            "linear_total_time": 0.030224651040043682,
            "ksp_its": 2
          },
          {
            "assemble_total_time": 0.00041542499093338847,
            "assemble_p2p_exchange": 0.00010238494724035263,
            "assemble_hvp_compute": 0.00010396697325631976,
            "assemble_extraction": 3.496301360428333e-05,
            "assemble_coo_assembly": 0.00016478798352181911,
            "assemble_n_hvps": 0,
            "setop_time": 7.110065780580044e-07,
            "set_tolerances_time": 9.619980119168758e-07,
            "pc_setup_time": 0.02388528798473999,
            "solve_time": 0.005745930015109479,
            "linear_total_time": 0.030048315995372832,
            "ksp_its": 1
          },
          {
            "assemble_total_time": 0.0004118900396861136,
            "assemble_p2p_exchange": 8.357502520084381e-05,
            "assemble_hvp_compute": 0.00010487803956493735,
            "assemble_extraction": 2.7291011065244675e-05,
            "assemble_coo_assembly": 0.00018730200827121735,
            "assemble_n_hvps": 0,
            "setop_time": 6.710179150104523e-07,
            "set_tolerances_time": 8.909846656024456e-07,
            "pc_setup_time": 0.021680910023860633,
            "solve_time": 0.005042160977609456,
            "linear_total_time": 0.027136523043736815,
            "ksp_its": 1
          },
          {
            "assemble_total_time": 0.0004163759876973927,
            "assemble_p2p_exchange": 8.574797539040446e-05,
            "assemble_hvp_compute": 0.00010380701860412955,
            "assemble_extraction": 2.1311978343874216e-05,
            "assemble_coo_assembly": 0.00019671599147841334,
            "assemble_n_hvps": 0,
            "setop_time": 7.710186764597893e-07,
            "set_tolerances_time": 8.819624781608582e-07,
            "pc_setup_time": 0.02609776903409511,
            "solve_time": 0.006038580962922424,
            "linear_total_time": 0.032554378965869546,
            "ksp_its": 1
          }
        ]
      }
    ],
    "metadata": {
      "profile": "performance",
      "nprocs": 32,
      "nproc_threads": 1,
      "linear_solver": {
        "ksp_type": "cg",
        "pc_type": "hypre",
        "ksp_rtol": 0.1,
        "ksp_max_it": 30,
        "pc_setup_on_ksp_cap": false,
        "gamg_threshold": 0.05,
        "gamg_agg_nsmooths": 1,
        "gamg_set_coordinates": true,
        "reorder": true,
        "hvp_eval_mode": "element_overlap",
        "assembly_mode": "element",
        "element_reorder_mode": "block_xyz",
        "local_hessian_mode": "element",
        "distribution_strategy": "overlap_allgather",
        "assembler": "PLaplaceReorderedElementAssembler",
        "trust_subproblem_solver": "direct_linear_solve",
        "trust_subproblem_line_search": false
      },
      "newton": {
        "tolf": 0.0001,
        "tolg": 0.001,
        "tolg_rel": 0.001,
        "tolx_rel": 0.001,
        "tolx_abs": 1e-10,
        "maxit": 100,
        "require_all_convergence": true,
        "fail_on_nonfinite": true,
        "linesearch_interval": [
          -0.5,
          2.0
        ],
        "linesearch_tol": 0.1,
        "trust_region": false,
        "trust_radius_init": 1.0,
        "trust_radius_min": 1e-08,
        "trust_radius_max": 1000000.0,
        "trust_subproblem_line_search": false,
        "step_time_limit_s": null
      }
    }
  }
}
