An NVIDIA GPU may be present on this machine, but a CUDA-enabled jaxlib is not installed. Falling back to cpu.
An NVIDIA GPU may be present on this machine, but a CUDA-enabled jaxlib is not installed. Falling back to cpu.
{
  "case": {
    "problem": "plaplace",
    "backend": "element",
    "level": 9,
    "out": "/home/michal/repos/fenics_nonlinear_energies/experiment_results_cache/plaplace_final_suite/jax_petsc_local_sfd_l9_np2.json",
    "quiet": true,
    "save_history": true,
    "save_linear_timing": true,
    "steps": 1,
    "start_step": 1,
    "total_steps": 24,
    "ksp_type": "cg",
    "pc_type": "hypre",
    "ksp_rtol": 0.1,
    "ksp_max_it": 30,
    "profile": "performance",
    "coloring_trials": 10,
    "nproc_threads": 1,
    "hvp_eval_mode": "sequential",
    "element_reorder_mode": "block_xyz",
    "local_hessian_mode": "sfd_local",
    "tolf": 0.0001,
    "tolg": 0.001,
    "tolg_rel": 0.001,
    "tolx_rel": 0.001,
    "tolx_abs": 1e-10,
    "maxit": 100,
    "step_time_limit_s": null,
    "linesearch_a": -0.5,
    "linesearch_b": 2.0,
    "linesearch_tol": 0.1,
    "use_trust_region": false,
    "trust_radius_init": 1.0,
    "trust_radius_min": 1e-08,
    "trust_radius_max": 1000000.0,
    "trust_shrink": 0.5,
    "trust_expand": 1.5,
    "trust_eta_shrink": 0.05,
    "trust_eta_expand": 0.75,
    "trust_max_reject": 6,
    "trust_subproblem_line_search": false,
    "local_coloring": true,
    "retry_on_failure": false,
    "pc_setup_on_ksp_cap": false,
    "use_near_nullspace": true,
    "reorder": null,
    "gamg_threshold": 0.05,
    "gamg_agg_nsmooths": 1,
    "gamg_set_coordinates": true
  },
  "result": {
    "mesh_level": 9,
    "total_dofs": 788481,
    "free_dofs": 784385,
    "setup_time": 6.027441,
    "solve_time_total": 5.024275,
    "total_time": 11.404323,
    "steps": [
      {
        "step": 1,
        "time": 5.024275,
        "nit": 6,
        "linear_iters": 11,
        "energy": -7.960004670286393,
        "message": "Converged (energy, step, gradient)",
        "attempt": "primary",
        "ksp_rtol_used": 0.1,
        "ksp_max_it_used": 30,
        "linesearch_interval_used": [
          -0.5,
          2.0
        ],
        "history": [
          {
            "it": 1,
            "energy": 331.3915951930968,
            "dE": 33077101.490768094,
            "grad_norm": 448769.7866275505,
            "grad_target": 448.7697866275505,
            "grad_norm_post": NaN,
            "alpha": 1.9569476828142078,
            "ksp_its": 2,
            "ls_evals": 9,
            "ls_repaired": false,
            "used_gradient_fallback": false,
            "accepted_step": true,
            "step_norm": 483.166818649688,
            "step_rel": 0.9444871647759446,
            "pred_reduction": NaN,
            "actual_reduction": NaN,
            "trust_rejects": 0,
            "t_grad": 0.01600606902502477,
            "t_hess": 0.7517721990006976,
            "t_ls": 0.14947310503339395,
            "t_update": 0.00012569199316203594,
            "t_iter": 0.9175663249916397,
            "trust_radius": 1.0,
            "trust_ratio": NaN,
            "trust_qp": NaN
          },
          {
            "it": 2,
            "energy": -4.961125364958377,
            "dE": 336.3527205580552,
            "grad_norm": 208.0937468771478,
            "grad_target": 448.7697866275505,
            "grad_norm_post": NaN,
            "alpha": 1.9569476828142078,
            "ksp_its": 2,
            "ls_evals": 9,
            "ls_repaired": false,
            "used_gradient_fallback": false,
            "accepted_step": true,
            "step_norm": 226.27702190891966,
            "step_rel": 7.2909215621378785,
            "pred_reduction": NaN,
            "actual_reduction": NaN,
            "trust_rejects": 0,
            "t_grad": 0.0158469449961558,
            "t_hess": 0.7149136260268278,
            "t_ls": 0.14661481801886111,
            "t_update": 0.00013036001473665237,
            "t_iter": 0.8776850719586946,
            "trust_radius": 1.0,
            "trust_ratio": NaN,
            "trust_qp": NaN
          },
          {
            "it": 3,
            "energy": -7.524305474592332,
            "dE": 2.5631801096339544,
            "grad_norm": 2.298522539765512,
            "grad_target": 448.7697866275505,
            "grad_norm_post": NaN,
            "alpha": 0.41186271093947224,
            "ksp_its": 1,
            "ls_evals": 9,
            "ls_repaired": false,
            "used_gradient_fallback": false,
            "accepted_step": true,
            "step_norm": 173.1069509390134,
            "step_rel": 0.8756099006960051,
            "pred_reduction": NaN,
            "actual_reduction": NaN,
            "trust_rejects": 0,
            "t_grad": 0.015885312983300537,
            "t_hess": 0.6778402189956978,
            "t_ls": 0.14579023199621588,
            "t_update": 0.00012667401460930705,
            "t_iter": 0.8398310060147196,
            "trust_radius": 1.0,
            "trust_ratio": NaN,
            "trust_qp": NaN
          },
          {
            "it": 4,
            "energy": -7.951217049521803,
            "dE": 0.4269115749294716,
            "grad_norm": 2.3266005528641283,
            "grad_target": 448.7697866275505,
            "grad_norm_post": NaN,
            "alpha": 0.9488170640584248,
            "ksp_its": 2,
            "ls_evals": 9,
            "ls_repaired": false,
            "used_gradient_fallback": false,
            "accepted_step": true,
            "step_norm": 52.58925857513138,
            "step_rel": 0.14251659504147574,
            "pred_reduction": NaN,
            "actual_reduction": NaN,
            "trust_rejects": 0,
            "t_grad": 0.01638910302426666,
            "t_hess": 0.6580969669739716,
            "t_ls": 0.14557295403210446,
            "t_update": 0.00012442999286577106,
            "t_iter": 0.8203709410154261,
            "trust_radius": 1.0,
            "trust_ratio": NaN,
            "trust_qp": NaN
          },
          {
            "it": 5,
            "energy": -7.9599623770039525,
            "dE": 0.008745327482149179,
            "grad_norm": 0.31722493924470335,
            "grad_target": 448.7697866275505,
            "grad_norm_post": NaN,
            "alpha": 1.088137289060528,
            "ksp_its": 2,
            "ls_evals": 9,
            "ls_repaired": false,
            "used_gradient_fallback": false,
            "accepted_step": true,
            "step_norm": 5.861959677547043,
            "step_rel": 0.01392188980532398,
            "pred_reduction": NaN,
            "actual_reduction": NaN,
            "trust_rejects": 0,
            "t_grad": 0.015743886004202068,
            "t_hess": 0.6031044529518113,
            "t_ls": 0.1471232619951479,
            "t_update": 0.00012533203698694706,
            "t_iter": 0.7662897370173596,
            "trust_radius": 1.0,
            "trust_ratio": NaN,
            "trust_qp": NaN
          },
          {
            "it": 6,
            "energy": -7.960004670286393,
            "dE": 4.2293282440653e-05,
            "grad_norm": 0.018725536679618043,
            "grad_target": 448.7697866275505,
            "grad_norm_post": 0.0019332460009951998,
            "alpha": 1.0552482453194671,
            "ksp_its": 2,
            "ls_evals": 9,
            "ls_repaired": false,
            "used_gradient_fallback": false,
            "accepted_step": true,
            "step_norm": 0.3352597324379913,
            "step_rel": 0.0008072320166527905,
            "pred_reduction": NaN,
            "actual_reduction": NaN,
            "trust_rejects": 0,
            "t_grad": 0.015727150021120906,
            "t_hess": 0.6125769760110416,
            "t_ls": 0.14528893399983644,
            "t_update": 0.00012584298383444548,
            "t_iter": 0.7739095030119643,
            "trust_radius": 1.0,
            "trust_ratio": NaN,
            "trust_qp": NaN
          }
        ],
        "linear_timing": [
          {
            "assemble_total_time": 0.1169898509979248,
            "assemble_p2p_exchange": 0.0030155929853208363,
            "assemble_hvp_compute": 0.09685090195853263,
            "assemble_extraction": 0.008334715967066586,
            "assemble_coo_assembly": 0.008492048014886677,
            "assemble_n_hvps": 8,
            "setop_time": 3.3450196497142315e-06,
            "set_tolerances_time": 2.163986209779978e-06,
            "pc_setup_time": 0.48847819899674505,
            "solve_time": 0.1459668519673869,
            "linear_total_time": 0.7514404109679163,
            "ksp_its": 2
          },
          {
            "assemble_total_time": 0.11417221796000376,
            "assemble_p2p_exchange": 0.0034699360257945955,
            "assemble_hvp_compute": 0.09343881998211145,
            "assemble_extraction": 0.008431525027845055,
            "assemble_coo_assembly": 0.008610858989413828,
            "assemble_n_hvps": 8,
            "setop_time": 3.195018507540226e-06,
            "set_tolerances_time": 2.634013071656227e-06,
            "pc_setup_time": 0.4556953689898364,
            "solve_time": 0.14471800700994208,
            "linear_total_time": 0.7145914229913615,
            "ksp_its": 2
          },
          {
            "assemble_total_time": 0.11824384098872542,
            "assemble_p2p_exchange": 0.0030435650260187685,
            "assemble_hvp_compute": 0.09688576695043594,
            "assemble_extraction": 0.008409320027567446,
            "assemble_coo_assembly": 0.009632490982767195,
            "assemble_n_hvps": 8,
            "setop_time": 2.4840119294822216e-06,
            "set_tolerances_time": 2.1329615265130997e-06,
            "pc_setup_time": 0.4613881519762799,
            "solve_time": 0.09785727999405935,
            "linear_total_time": 0.6774938899325207,
            "ksp_its": 1
          },
          {
            "assemble_total_time": 0.11878312099725008,
            "assemble_p2p_exchange": 0.003050454950425774,
            "assemble_hvp_compute": 0.09795643098186702,
            "assemble_extraction": 0.008407696965150535,
            "assemble_coo_assembly": 0.009088478982448578,
            "assemble_n_hvps": 8,
            "setop_time": 2.362998202443123e-06,
            "set_tolerances_time": 1.9730068743228912e-06,
            "pc_setup_time": 0.3999559669755399,
            "solve_time": 0.13903648895211518,
            "linear_total_time": 0.657779912929982,
            "ksp_its": 2
          },
          {
            "assemble_total_time": 0.11227189894998446,
            "assemble_p2p_exchange": 0.0029251830419525504,
            "assemble_hvp_compute": 0.09093020303407684,
            "assemble_extraction": 0.008621493994724005,
            "assemble_coo_assembly": 0.009524665016215295,
            "assemble_n_hvps": 8,
            "setop_time": 2.294022124260664e-06,
            "set_tolerances_time": 2.3239990696310997e-06,
            "pc_setup_time": 0.3563771010376513,
            "solve_time": 0.13412914396030828,
            "linear_total_time": 0.6027827619691379,
            "ksp_its": 2
          },
          {
            "assemble_total_time": 0.11562085599871352,
            "assemble_p2p_exchange": 0.002983081969432533,
            "assemble_hvp_compute": 0.0958537690457888,
            "assemble_extraction": 0.008460006967652589,
            "assemble_coo_assembly": 0.00808246002998203,
            "assemble_n_hvps": 8,
            "setop_time": 2.4239998310804367e-06,
            "set_tolerances_time": 2.1730083972215652e-06,
            "pc_setup_time": 0.3565899530076422,
            "solve_time": 0.14005514100426808,
            "linear_total_time": 0.6122705470188521,
            "ksp_its": 2
          }
        ]
      }
    ],
    "metadata": {
      "profile": "performance",
      "nprocs": 2,
      "nproc_threads": 1,
      "linear_solver": {
        "ksp_type": "cg",
        "pc_type": "hypre",
        "ksp_rtol": 0.1,
        "ksp_max_it": 30,
        "pc_setup_on_ksp_cap": false,
        "gamg_threshold": 0.05,
        "gamg_agg_nsmooths": 1,
        "gamg_set_coordinates": true,
        "reorder": true,
        "hvp_eval_mode": "sfd_local_batched",
        "assembly_mode": "element",
        "element_reorder_mode": "block_xyz",
        "local_hessian_mode": "sfd_local",
        "distribution_strategy": "overlap_allgather",
        "assembler": "PLaplaceReorderedElementAssembler",
        "trust_subproblem_solver": "direct_linear_solve",
        "trust_subproblem_line_search": false
      },
      "newton": {
        "tolf": 0.0001,
        "tolg": 0.001,
        "tolg_rel": 0.001,
        "tolx_rel": 0.001,
        "tolx_abs": 1e-10,
        "maxit": 100,
        "require_all_convergence": true,
        "fail_on_nonfinite": true,
        "linesearch_interval": [
          -0.5,
          2.0
        ],
        "linesearch_tol": 0.1,
        "trust_region": false,
        "trust_radius_init": 1.0,
        "trust_radius_min": 1e-08,
        "trust_radius_max": 1000000.0,
        "trust_subproblem_line_search": false,
        "step_time_limit_s": null
      }
    }
  }
}
