An NVIDIA GPU may be present on this machine, but a CUDA-enabled jaxlib is not installed. Falling back to cpu.
An NVIDIA GPU may be present on this machine, but a CUDA-enabled jaxlib is not installed. Falling back to cpu.
An NVIDIA GPU may be present on this machine, but a CUDA-enabled jaxlib is not installed. Falling back to cpu.
An NVIDIA GPU may be present on this machine, but a CUDA-enabled jaxlib is not installed. Falling back to cpu.
An NVIDIA GPU may be present on this machine, but a CUDA-enabled jaxlib is not installed. Falling back to cpu.
An NVIDIA GPU may be present on this machine, but a CUDA-enabled jaxlib is not installed. Falling back to cpu.
An NVIDIA GPU may be present on this machine, but a CUDA-enabled jaxlib is not installed. Falling back to cpu.
An NVIDIA GPU may be present on this machine, but a CUDA-enabled jaxlib is not installed. Falling back to cpu.
{
  "case": {
    "problem": "plaplace",
    "backend": "element",
    "level": 6,
    "out": "/home/michal/repos/fenics_nonlinear_energies/experiment_results_cache/plaplace_final_suite/jax_petsc_element_l6_np8.json",
    "quiet": true,
    "save_history": true,
    "save_linear_timing": true,
    "steps": 1,
    "start_step": 1,
    "total_steps": 24,
    "ksp_type": "cg",
    "pc_type": "hypre",
    "ksp_rtol": 0.1,
    "ksp_max_it": 30,
    "profile": "performance",
    "coloring_trials": 10,
    "nproc_threads": 1,
    "hvp_eval_mode": "sequential",
    "element_reorder_mode": "block_xyz",
    "local_hessian_mode": "element",
    "tolf": 0.0001,
    "tolg": 0.001,
    "tolg_rel": 0.001,
    "tolx_rel": 0.001,
    "tolx_abs": 1e-10,
    "maxit": 100,
    "step_time_limit_s": null,
    "linesearch_a": -0.5,
    "linesearch_b": 2.0,
    "linesearch_tol": 0.1,
    "use_trust_region": false,
    "trust_radius_init": 1.0,
    "trust_radius_min": 1e-08,
    "trust_radius_max": 1000000.0,
    "trust_shrink": 0.5,
    "trust_expand": 1.5,
    "trust_eta_shrink": 0.05,
    "trust_eta_expand": 0.75,
    "trust_max_reject": 6,
    "trust_subproblem_line_search": false,
    "local_coloring": true,
    "retry_on_failure": false,
    "pc_setup_on_ksp_cap": false,
    "use_near_nullspace": true,
    "reorder": null,
    "gamg_threshold": 0.05,
    "gamg_agg_nsmooths": 1,
    "gamg_set_coordinates": true
  },
  "result": {
    "mesh_level": 6,
    "total_dofs": 12545,
    "free_dofs": 12033,
    "setup_time": 0.325155,
    "solve_time_total": 0.125112,
    "total_time": 0.519285,
    "steps": [
      {
        "step": 1,
        "time": 0.125112,
        "nit": 7,
        "linear_iters": 11,
        "energy": -7.9545635809334385,
        "message": "Converged (energy, step, gradient)",
        "attempt": "primary",
        "ksp_rtol_used": 0.1,
        "ksp_max_it_used": 30,
        "linesearch_interval_used": [
          -0.5,
          2.0
        ],
        "history": [
          {
            "it": 1,
            "energy": 0.18884599252945827,
            "dE": 65342.8173603297,
            "grad_norm": 6978.482874326117,
            "grad_target": 6.978482874326117,
            "grad_norm_post": NaN,
            "alpha": 1.9569476828142078,
            "ksp_its": 2,
            "ls_evals": 9,
            "ls_repaired": false,
            "used_gradient_fallback": false,
            "accepted_step": true,
            "step_norm": 64.20617777462859,
            "step_rel": 1.0193437381851107,
            "pred_reduction": NaN,
            "actual_reduction": NaN,
            "trust_rejects": 0,
            "t_grad": 0.00031361199216917157,
            "t_hess": 0.013987255981191993,
            "t_ls": 0.004319222993217409,
            "t_update": 1.942971721291542e-06,
            "t_iter": 0.018656115978956223,
            "trust_radius": 1.0,
            "trust_ratio": NaN,
            "trust_qp": NaN
          },
          {
            "it": 2,
            "energy": -5.7783208272269535,
            "dE": 5.967166819756412,
            "grad_norm": 3.268162313129113,
            "grad_target": 6.978482874326117,
            "grad_norm_post": NaN,
            "alpha": 0.41186271093947224,
            "ksp_its": 1,
            "ls_evals": 9,
            "ls_repaired": false,
            "used_gradient_fallback": false,
            "accepted_step": true,
            "step_norm": 38.45489977648561,
            "step_rel": 15.302599376982833,
            "pred_reduction": NaN,
            "actual_reduction": NaN,
            "trust_rejects": 0,
            "t_grad": 0.0002489549806341529,
            "t_hess": 0.01245357800507918,
            "t_ls": 0.004198290000203997,
            "t_update": 1.8129940144717693e-06,
            "t_iter": 0.016934803978074342,
            "trust_radius": 1.0,
            "trust_ratio": NaN,
            "trust_qp": NaN
          },
          {
            "it": 3,
            "energy": -7.703458803991201,
            "dE": 1.9251379767642476,
            "grad_norm": 5.514273786965696,
            "grad_target": 6.978482874326117,
            "grad_norm_post": NaN,
            "alpha": 0.6372875703131574,
            "ksp_its": 2,
            "ls_evals": 9,
            "ls_repaired": false,
            "used_gradient_fallback": false,
            "accepted_step": true,
            "step_norm": 13.079705820521967,
            "step_rel": 0.32061429904071725,
            "pred_reduction": NaN,
            "actual_reduction": NaN,
            "trust_rejects": 0,
            "t_grad": 0.0002417439827695489,
            "t_hess": 0.014588141988497227,
            "t_ls": 0.004243778996169567,
            "t_update": 1.7830170691013336e-06,
            "t_iter": 0.01910646300530061,
            "trust_radius": 1.0,
            "trust_ratio": NaN,
            "trust_qp": NaN
          },
          {
            "it": 4,
            "energy": -7.941036212194441,
            "dE": 0.23757740820324003,
            "grad_norm": 2.1952748305026826,
            "grad_target": 6.978482874326117,
            "grad_norm_post": NaN,
            "alpha": 0.9488170640584248,
            "ksp_its": 2,
            "ls_evals": 9,
            "ls_repaired": false,
            "used_gradient_fallback": false,
            "accepted_step": true,
            "step_norm": 1.2491547012263673,
            "step_rel": 0.023361260800309383,
            "pred_reduction": NaN,
            "actual_reduction": NaN,
            "trust_rejects": 0,
            "t_grad": 0.00024198496248573065,
            "t_hess": 0.013198990025557578,
            "t_ls": 0.004244049021508545,
            "t_update": 1.6830163076519966e-06,
            "t_iter": 0.017717521986924112,
            "trust_radius": 1.0,
            "trust_ratio": NaN,
            "trust_qp": NaN
          },
          {
            "it": 5,
            "energy": -7.954317846660755,
            "dE": 0.013281634466314252,
            "grad_norm": 0.4915649276683229,
            "grad_target": 6.978482874326117,
            "grad_norm_post": NaN,
            "alpha": 1.088137289060528,
            "ksp_its": 2,
            "ls_evals": 9,
            "ls_repaired": false,
            "used_gradient_fallback": false,
            "accepted_step": true,
            "step_norm": 0.5957869666360501,
            "step_rel": 0.011353022489397896,
            "pred_reduction": NaN,
            "actual_reduction": NaN,
            "trust_rejects": 0,
            "t_grad": 0.00024008197942748666,
            "t_hess": 0.013102855009492487,
            "t_ls": 0.00422846496803686,
            "t_update": 1.7629936337471008e-06,
            "t_iter": 0.017603981017600745,
            "trust_radius": 1.0,
            "trust_ratio": NaN,
            "trust_qp": NaN
          },
          {
            "it": 6,
            "energy": -7.954562323651413,
            "dE": 0.00024447699065799355,
            "grad_norm": 0.056878787250852485,
            "grad_target": 6.978482874326117,
            "grad_norm_post": NaN,
            "alpha": 1.088137289060528,
            "ksp_its": 1,
            "ls_evals": 9,
            "ls_repaired": false,
            "used_gradient_fallback": false,
            "accepted_step": true,
            "step_norm": 0.02878114921096727,
            "step_rel": 0.0005544686534988261,
            "pred_reduction": NaN,
            "actual_reduction": NaN,
            "trust_rejects": 0,
            "t_grad": 0.00024150399258360267,
            "t_hess": 0.012806940008886158,
            "t_ls": 0.004214094020426273,
            "t_update": 1.5620025806128979e-06,
            "t_iter": 0.017294496006798,
            "trust_radius": 1.0,
            "trust_ratio": NaN,
            "trust_qp": NaN
          },
          {
            "it": 7,
            "energy": -7.9545635809334385,
            "dE": 1.2572820251577355e-06,
            "grad_norm": 0.003111283169208078,
            "grad_target": 6.978482874326117,
            "grad_norm_post": 9.003812070336688e-05,
            "alpha": 1.002032654688946,
            "ksp_its": 1,
            "ls_evals": 9,
            "ls_repaired": false,
            "used_gradient_fallback": false,
            "accepted_step": true,
            "step_norm": 0.0016546514316974862,
            "step_rel": 3.18629651640272e-05,
            "pred_reduction": NaN,
            "actual_reduction": NaN,
            "trust_rejects": 0,
            "t_grad": 0.0002377780037932098,
            "t_hess": 0.012270691979210824,
            "t_ls": 0.004202555981464684,
            "t_update": 1.842970959842205e-06,
            "t_iter": 0.016742865031119436,
            "trust_radius": 1.0,
            "trust_ratio": NaN,
            "trust_qp": NaN
          }
        ],
        "linear_timing": [
          {
            "assemble_total_time": 0.0007098279893398285,
            "assemble_p2p_exchange": 6.42469385638833e-05,
            "assemble_hvp_compute": 0.00021541398018598557,
            "assemble_extraction": 0.00026804301887750626,
            "assemble_coo_assembly": 0.0001472920412197709,
            "assemble_n_hvps": 0,
            "setop_time": 4.416971933096647e-06,
            "set_tolerances_time": 1.6320263966917992e-06,
            "pc_setup_time": 0.010541189985815436,
            "solve_time": 0.0026924729463644326,
            "linear_total_time": 0.013949539919849485,
            "ksp_its": 2
          },
          {
            "assemble_total_time": 0.0006806940073147416,
            "assemble_p2p_exchange": 6.602000212296844e-05,
            "assemble_hvp_compute": 0.0002094850060530007,
            "assemble_extraction": 0.0002661310136318207,
            "assemble_coo_assembly": 0.00012513797264546156,
            "assemble_n_hvps": 0,
            "setop_time": 2.2440217435359955e-06,
            "set_tolerances_time": 1.7830170691013336e-06,
            "pc_setup_time": 0.009810128016397357,
            "solve_time": 0.0019237360102124512,
            "linear_total_time": 0.012418585072737187,
            "ksp_its": 1
          },
          {
            "assemble_total_time": 0.0005827670102007687,
            "assemble_p2p_exchange": 6.15330645814538e-05,
            "assemble_hvp_compute": 0.0002094149822369218,
            "assemble_extraction": 0.000202254974283278,
            "assemble_coo_assembly": 9.85580263659358e-05,
            "assemble_n_hvps": 0,
            "setop_time": 1.2720120139420033e-06,
            "set_tolerances_time": 1.3720127753913403e-06,
            "pc_setup_time": 0.010865978023502976,
            "solve_time": 0.0031050450052134693,
            "linear_total_time": 0.014556434063706547,
            "ksp_its": 2
          },
          {
            "assemble_total_time": 0.0005728219985030591,
            "assemble_p2p_exchange": 5.897902883589268e-05,
            "assemble_hvp_compute": 0.000221462978515774,
            "assemble_extraction": 0.00019581499509513378,
            "assemble_coo_assembly": 8.529797196388245e-05,
            "assemble_n_hvps": 0,
            "setop_time": 1.8129940144717693e-06,
            "set_tolerances_time": 1.4919787645339966e-06,
            "pc_setup_time": 0.009827093977946788,
            "solve_time": 0.0027647129609249532,
            "linear_total_time": 0.013167933910153806,
            "ksp_its": 2
          },
          {
            "assemble_total_time": 0.0005742650246247649,
            "assemble_p2p_exchange": 6.032100645825267e-05,
            "assemble_hvp_compute": 0.00021622597705572844,
            "assemble_extraction": 0.00019614602206274867,
            "assemble_coo_assembly": 8.946500020101666e-05,
            "assemble_n_hvps": 0,
            "setop_time": 1.6519916243851185e-06,
            "set_tolerances_time": 1.3519893400371075e-06,
            "pc_setup_time": 0.009729137003887445,
            "solve_time": 0.00276480196043849,
            "linear_total_time": 0.013071207969915122,
            "ksp_its": 2
          },
          {
            "assemble_total_time": 0.0005626970087178051,
            "assemble_p2p_exchange": 6.033998215571046e-05,
            "assemble_hvp_compute": 0.00021102704340592027,
            "assemble_extraction": 0.00019055698066949844,
            "assemble_coo_assembly": 8.904398418962955e-05,
            "assemble_n_hvps": 0,
            "setop_time": 1.6830163076519966e-06,
            "set_tolerances_time": 1.2819655239582062e-06,
            "pc_setup_time": 0.010211392014753073,
            "solve_time": 0.0019993489840999246,
            "linear_total_time": 0.012776402989402413,
            "ksp_its": 1
          },
          {
            "assemble_total_time": 0.0005394320469349623,
            "assemble_p2p_exchange": 5.98310143686831e-05,
            "assemble_hvp_compute": 0.0002213729894720018,
            "assemble_extraction": 0.00018008099868893623,
            "assemble_coo_assembly": 6.62100501358509e-05,
            "assemble_n_hvps": 0,
            "setop_time": 1.8819700926542282e-06,
            "set_tolerances_time": 1.3519893400371075e-06,
            "pc_setup_time": 0.009756987972650677,
            "solve_time": 0.001939298992510885,
            "linear_total_time": 0.012238952971529216,
            "ksp_its": 1
          }
        ]
      }
    ],
    "metadata": {
      "profile": "performance",
      "nprocs": 8,
      "nproc_threads": 1,
      "linear_solver": {
        "ksp_type": "cg",
        "pc_type": "hypre",
        "ksp_rtol": 0.1,
        "ksp_max_it": 30,
        "pc_setup_on_ksp_cap": false,
        "gamg_threshold": 0.05,
        "gamg_agg_nsmooths": 1,
        "gamg_set_coordinates": true,
        "reorder": true,
        "hvp_eval_mode": "element_overlap",
        "assembly_mode": "element",
        "element_reorder_mode": "block_xyz",
        "local_hessian_mode": "element",
        "distribution_strategy": "overlap_allgather",
        "assembler": "PLaplaceReorderedElementAssembler",
        "trust_subproblem_solver": "direct_linear_solve",
        "trust_subproblem_line_search": false
      },
      "newton": {
        "tolf": 0.0001,
        "tolg": 0.001,
        "tolg_rel": 0.001,
        "tolx_rel": 0.001,
        "tolx_abs": 1e-10,
        "maxit": 100,
        "require_all_convergence": true,
        "fail_on_nonfinite": true,
        "linesearch_interval": [
          -0.5,
          2.0
        ],
        "linesearch_tol": 0.1,
        "trust_region": false,
        "trust_radius_init": 1.0,
        "trust_radius_min": 1e-08,
        "trust_radius_max": 1000000.0,
        "trust_subproblem_line_search": false,
        "step_time_limit_s": null
      }
    }
  }
}
