An NVIDIA GPU may be present on this machine, but a CUDA-enabled jaxlib is not installed. Falling back to cpu.
An NVIDIA GPU may be present on this machine, but a CUDA-enabled jaxlib is not installed. Falling back to cpu.
An NVIDIA GPU may be present on this machine, but a CUDA-enabled jaxlib is not installed. Falling back to cpu.
An NVIDIA GPU may be present on this machine, but a CUDA-enabled jaxlib is not installed. Falling back to cpu.
An NVIDIA GPU may be present on this machine, but a CUDA-enabled jaxlib is not installed. Falling back to cpu.
An NVIDIA GPU may be present on this machine, but a CUDA-enabled jaxlib is not installed. Falling back to cpu.
An NVIDIA GPU may be present on this machine, but a CUDA-enabled jaxlib is not installed. Falling back to cpu.
An NVIDIA GPU may be present on this machine, but a CUDA-enabled jaxlib is not installed. Falling back to cpu.
An NVIDIA GPU may be present on this machine, but a CUDA-enabled jaxlib is not installed. Falling back to cpu.
An NVIDIA GPU may be present on this machine, but a CUDA-enabled jaxlib is not installed. Falling back to cpu.
An NVIDIA GPU may be present on this machine, but a CUDA-enabled jaxlib is not installed. Falling back to cpu.
An NVIDIA GPU may be present on this machine, but a CUDA-enabled jaxlib is not installed. Falling back to cpu.
An NVIDIA GPU may be present on this machine, but a CUDA-enabled jaxlib is not installed. Falling back to cpu.
An NVIDIA GPU may be present on this machine, but a CUDA-enabled jaxlib is not installed. Falling back to cpu.
An NVIDIA GPU may be present on this machine, but a CUDA-enabled jaxlib is not installed. Falling back to cpu.
An NVIDIA GPU may be present on this machine, but a CUDA-enabled jaxlib is not installed. Falling back to cpu.
{
  "case": {
    "problem": "plaplace",
    "backend": "element",
    "level": 9,
    "out": "/home/michal/repos/fenics_nonlinear_energies/experiment_results_cache/plaplace_final_suite/jax_petsc_element_l9_np16.json",
    "quiet": true,
    "save_history": true,
    "save_linear_timing": true,
    "steps": 1,
    "start_step": 1,
    "total_steps": 24,
    "ksp_type": "cg",
    "pc_type": "hypre",
    "ksp_rtol": 0.1,
    "ksp_max_it": 30,
    "profile": "performance",
    "coloring_trials": 10,
    "nproc_threads": 1,
    "hvp_eval_mode": "sequential",
    "element_reorder_mode": "block_xyz",
    "local_hessian_mode": "element",
    "tolf": 0.0001,
    "tolg": 0.001,
    "tolg_rel": 0.001,
    "tolx_rel": 0.001,
    "tolx_abs": 1e-10,
    "maxit": 100,
    "step_time_limit_s": null,
    "linesearch_a": -0.5,
    "linesearch_b": 2.0,
    "linesearch_tol": 0.1,
    "use_trust_region": false,
    "trust_radius_init": 1.0,
    "trust_radius_min": 1e-08,
    "trust_radius_max": 1000000.0,
    "trust_shrink": 0.5,
    "trust_expand": 1.5,
    "trust_eta_shrink": 0.05,
    "trust_eta_expand": 0.75,
    "trust_max_reject": 6,
    "trust_subproblem_line_search": false,
    "local_coloring": true,
    "retry_on_failure": false,
    "pc_setup_on_ksp_cap": false,
    "use_near_nullspace": true,
    "reorder": null,
    "gamg_threshold": 0.05,
    "gamg_agg_nsmooths": 1,
    "gamg_set_coordinates": true
  },
  "result": {
    "mesh_level": 9,
    "total_dofs": 788481,
    "free_dofs": 784385,
    "setup_time": 1.250751,
    "solve_time_total": 1.388236,
    "total_time": 3.056705,
    "steps": [
      {
        "step": 1,
        "time": 1.388236,
        "nit": 6,
        "linear_iters": 11,
        "energy": -7.9600053383245095,
        "message": "Converged (energy, step, gradient)",
        "attempt": "primary",
        "ksp_rtol_used": 0.1,
        "ksp_max_it_used": 30,
        "linesearch_interval_used": [
          -0.5,
          2.0
        ],
        "history": [
          {
            "it": 1,
            "energy": 331.38236216023796,
            "dE": 33077101.500001125,
            "grad_norm": 448769.78662755055,
            "grad_target": 448.76978662755056,
            "grad_norm_post": NaN,
            "alpha": 1.9569476828142078,
            "ksp_its": 2,
            "ls_evals": 9,
            "ls_repaired": false,
            "used_gradient_fallback": false,
            "accepted_step": true,
            "step_norm": 483.08113744615844,
            "step_rel": 0.9443196764595441,
            "pred_reduction": NaN,
            "actual_reduction": NaN,
            "trust_rejects": 0,
            "t_grad": 0.00691200396977365,
            "t_hess": 0.17808757501188666,
            "t_ls": 0.06206786696566269,
            "t_update": 5.457201041281223e-05,
            "t_iter": 0.24723750300472602,
            "trust_radius": 1.0,
            "trust_ratio": NaN,
            "trust_qp": NaN
          },
          {
            "it": 2,
            "energy": -4.965501838284912,
            "dE": 336.3478639985229,
            "grad_norm": 208.0994079621561,
            "grad_target": 448.76978662755056,
            "grad_norm_post": NaN,
            "alpha": 1.9569476828142078,
            "ksp_its": 2,
            "ls_evals": 9,
            "ls_repaired": false,
            "used_gradient_fallback": false,
            "accepted_step": true,
            "step_norm": 227.4045768763076,
            "step_rel": 7.259556301084459,
            "pred_reduction": NaN,
            "actual_reduction": NaN,
            "trust_rejects": 0,
            "t_grad": 0.006764411984477192,
            "t_hess": 0.16776247398229316,
            "t_ls": 0.06010868796147406,
            "t_update": 5.6966033298522234e-05,
            "t_iter": 0.2348034959868528,
            "trust_radius": 1.0,
            "trust_ratio": NaN,
            "trust_qp": NaN
          },
          {
            "it": 3,
            "energy": -7.538722258169836,
            "dE": 2.5732204198849233,
            "grad_norm": 2.3090482369202414,
            "grad_target": 448.76978662755056,
            "grad_norm_post": NaN,
            "alpha": 0.41186271093947224,
            "ksp_its": 1,
            "ls_evals": 9,
            "ls_repaired": false,
            "used_gradient_fallback": false,
            "accepted_step": true,
            "step_norm": 172.23191146812584,
            "step_rel": 0.8692434132549752,
            "pred_reduction": NaN,
            "actual_reduction": NaN,
            "trust_rejects": 0,
            "t_grad": 0.006782640004530549,
            "t_hess": 0.15915545803727582,
            "t_ls": 0.060728430980816483,
            "t_update": 5.430198507383466e-05,
            "t_iter": 0.22683849796885625,
            "trust_radius": 1.0,
            "trust_ratio": NaN,
            "trust_qp": NaN
          },
          {
            "it": 4,
            "energy": -7.952044596016827,
            "dE": 0.41332233784699124,
            "grad_norm": 2.290385321944811,
            "grad_target": 448.76978662755056,
            "grad_norm_post": NaN,
            "alpha": 0.9488170640584248,
            "ksp_its": 2,
            "ls_evals": 9,
            "ls_repaired": false,
            "used_gradient_fallback": false,
            "accepted_step": true,
            "step_norm": 52.729913746701854,
            "step_rel": 0.14304286623682944,
            "pred_reduction": NaN,
            "actual_reduction": NaN,
            "trust_rejects": 0,
            "t_grad": 0.006791742984205484,
            "t_hess": 0.15807367995148525,
            "t_ls": 0.06055626203306019,
            "t_update": 5.435204366222024e-05,
            "t_iter": 0.22558770404430106,
            "trust_radius": 1.0,
            "trust_ratio": NaN,
            "trust_qp": NaN
          },
          {
            "it": 5,
            "energy": -7.959973473699117,
            "dE": 0.007928877682290114,
            "grad_norm": 0.30238214562959764,
            "grad_target": 448.76978662755056,
            "grad_norm_post": NaN,
            "alpha": 1.0552482453194671,
            "ksp_its": 2,
            "ls_evals": 9,
            "ls_repaired": false,
            "used_gradient_fallback": false,
            "accepted_step": true,
            "step_norm": 5.538180074760247,
            "step_rel": 0.013157362479582725,
            "pred_reduction": NaN,
            "actual_reduction": NaN,
            "trust_rejects": 0,
            "t_grad": 0.006766194012016058,
            "t_hess": 0.1539078690111637,
            "t_ls": 0.060052023036405444,
            "t_update": 5.4030970204621553e-05,
            "t_iter": 0.22090197203215212,
            "trust_radius": 1.0,
            "trust_ratio": NaN,
            "trust_qp": NaN
          },
          {
            "it": 6,
            "energy": -7.9600053383245095,
            "dE": 3.186462539250812e-05,
            "grad_norm": 0.017124081542924635,
            "grad_target": 448.76978662755056,
            "grad_norm_post": 0.0010529586034298893,
            "alpha": 1.0552482453194671,
            "ksp_its": 2,
            "ls_evals": 9,
            "ls_repaired": false,
            "used_gradient_fallback": false,
            "accepted_step": true,
            "step_norm": 0.17229913309030978,
            "step_rel": 0.00041469720725165177,
            "pred_reduction": NaN,
            "actual_reduction": NaN,
            "trust_rejects": 0,
            "t_grad": 0.006746035011019558,
            "t_hess": 0.15172637498471886,
            "t_ls": 0.06070813100086525,
            "t_update": 5.548400804400444e-05,
            "t_iter": 0.21934537799097598,
            "trust_radius": 1.0,
            "trust_ratio": NaN,
            "trust_qp": NaN
          }
        ],
        "linear_timing": [
          {
            "assemble_total_time": 0.03245834703557193,
            "assemble_p2p_exchange": 0.0027454629889689386,
            "assemble_hvp_compute": 0.006614385987631977,
            "assemble_extraction": 0.01864502503303811,
            "assemble_coo_assembly": 0.004339561972301453,
            "assemble_n_hvps": 0,
            "setop_time": 3.7149875424802303e-06,
            "set_tolerances_time": 3.0840164981782436e-06,
            "pc_setup_time": 0.10948586300946772,
            "solve_time": 0.03596909198677167,
            "linear_total_time": 0.17792010103585199,
            "ksp_its": 2
          },
          {
            "assemble_total_time": 0.03242218302330002,
            "assemble_p2p_exchange": 0.002586473012343049,
            "assemble_hvp_compute": 0.0072942490223795176,
            "assemble_extraction": 0.016743443033192307,
            "assemble_coo_assembly": 0.005702554015442729,
            "assemble_n_hvps": 0,
            "setop_time": 2.6939669623970985e-06,
            "set_tolerances_time": 2.7440255507826805e-06,
            "pc_setup_time": 0.09913376101758331,
            "solve_time": 0.036037985992152244,
            "linear_total_time": 0.16759936802554876,
            "ksp_its": 2
          },
          {
            "assemble_total_time": 0.030998760019429028,
            "assemble_p2p_exchange": 0.002477428992278874,
            "assemble_hvp_compute": 0.006517609988804907,
            "assemble_extraction": 0.018541300029028207,
            "assemble_coo_assembly": 0.003376453008968383,
            "assemble_n_hvps": 0,
            "setop_time": 2.5140470825135708e-06,
            "set_tolerances_time": 2.6740017347037792e-06,
            "pc_setup_time": 0.10367073002271354,
            "solve_time": 0.024323413032107055,
            "linear_total_time": 0.15899809112306684,
            "ksp_its": 1
          },
          {
            "assemble_total_time": 0.031134835968259722,
            "assemble_p2p_exchange": 0.002606082009151578,
            "assemble_hvp_compute": 0.007349893974605948,
            "assemble_extraction": 0.018594519002363086,
            "assemble_coo_assembly": 0.0024896980030462146,
            "assemble_n_hvps": 0,
            "setop_time": 2.1430314518511295e-06,
            "set_tolerances_time": 2.5840126909315586e-06,
            "pc_setup_time": 0.09212292800657451,
            "solve_time": 0.03465395298553631,
            "linear_total_time": 0.15791644400451332,
            "ksp_its": 2
          },
          {
            "assemble_total_time": 0.03075137798441574,
            "assemble_p2p_exchange": 0.0026279559824615717,
            "assemble_hvp_compute": 0.007214419019874185,
            "assemble_extraction": 0.018202238017693162,
            "assemble_coo_assembly": 0.002613393997307867,
            "assemble_n_hvps": 0,
            "setop_time": 2.134009264409542e-06,
            "set_tolerances_time": 2.2830208763480186e-06,
            "pc_setup_time": 0.08945429098093882,
            "solve_time": 0.03353486896958202,
            "linear_total_time": 0.15374495496507734,
            "ksp_its": 2
          },
          {
            "assemble_total_time": 0.031344791990704834,
            "assemble_p2p_exchange": 0.002593854966107756,
            "assemble_hvp_compute": 0.007361449999734759,
            "assemble_extraction": 0.018834980961401016,
            "assemble_coo_assembly": 0.002462267002556473,
            "assemble_n_hvps": 0,
            "setop_time": 2.8549693524837494e-06,
            "set_tolerances_time": 2.442975528538227e-06,
            "pc_setup_time": 0.08667937305290252,
            "solve_time": 0.03353502799291164,
            "linear_total_time": 0.1515644909814,
            "ksp_its": 2
          }
        ]
      }
    ],
    "metadata": {
      "profile": "performance",
      "nprocs": 16,
      "nproc_threads": 1,
      "linear_solver": {
        "ksp_type": "cg",
        "pc_type": "hypre",
        "ksp_rtol": 0.1,
        "ksp_max_it": 30,
        "pc_setup_on_ksp_cap": false,
        "gamg_threshold": 0.05,
        "gamg_agg_nsmooths": 1,
        "gamg_set_coordinates": true,
        "reorder": true,
        "hvp_eval_mode": "element_overlap",
        "assembly_mode": "element",
        "element_reorder_mode": "block_xyz",
        "local_hessian_mode": "element",
        "distribution_strategy": "overlap_allgather",
        "assembler": "PLaplaceReorderedElementAssembler",
        "trust_subproblem_solver": "direct_linear_solve",
        "trust_subproblem_line_search": false
      },
      "newton": {
        "tolf": 0.0001,
        "tolg": 0.001,
        "tolg_rel": 0.001,
        "tolx_rel": 0.001,
        "tolx_abs": 1e-10,
        "maxit": 100,
        "require_all_convergence": true,
        "fail_on_nonfinite": true,
        "linesearch_interval": [
          -0.5,
          2.0
        ],
        "linesearch_tol": 0.1,
        "trust_region": false,
        "trust_radius_init": 1.0,
        "trust_radius_min": 1e-08,
        "trust_radius_max": 1000000.0,
        "trust_subproblem_line_search": false,
        "step_time_limit_s": null
      }
    }
  }
}
