An NVIDIA GPU may be present on this machine, but a CUDA-enabled jaxlib is not installed. Falling back to cpu.
An NVIDIA GPU may be present on this machine, but a CUDA-enabled jaxlib is not installed. Falling back to cpu.
{
  "case": {
    "problem": "plaplace",
    "backend": "element",
    "level": 6,
    "out": "/home/michal/repos/fenics_nonlinear_energies/experiment_results_cache/plaplace_final_suite/jax_petsc_local_sfd_l6_np2.json",
    "quiet": true,
    "save_history": true,
    "save_linear_timing": true,
    "steps": 1,
    "start_step": 1,
    "total_steps": 24,
    "ksp_type": "cg",
    "pc_type": "hypre",
    "ksp_rtol": 0.1,
    "ksp_max_it": 30,
    "profile": "performance",
    "coloring_trials": 10,
    "nproc_threads": 1,
    "hvp_eval_mode": "sequential",
    "element_reorder_mode": "block_xyz",
    "local_hessian_mode": "sfd_local",
    "tolf": 0.0001,
    "tolg": 0.001,
    "tolg_rel": 0.001,
    "tolx_rel": 0.001,
    "tolx_abs": 1e-10,
    "maxit": 100,
    "step_time_limit_s": null,
    "linesearch_a": -0.5,
    "linesearch_b": 2.0,
    "linesearch_tol": 0.1,
    "use_trust_region": false,
    "trust_radius_init": 1.0,
    "trust_radius_min": 1e-08,
    "trust_radius_max": 1000000.0,
    "trust_shrink": 0.5,
    "trust_expand": 1.5,
    "trust_eta_shrink": 0.05,
    "trust_eta_expand": 0.75,
    "trust_max_reject": 6,
    "trust_subproblem_line_search": false,
    "local_coloring": true,
    "retry_on_failure": false,
    "pc_setup_on_ksp_cap": false,
    "use_near_nullspace": true,
    "reorder": null,
    "gamg_threshold": 0.05,
    "gamg_agg_nsmooths": 1,
    "gamg_set_coordinates": true
  },
  "result": {
    "mesh_level": 6,
    "total_dofs": 12545,
    "free_dofs": 12033,
    "setup_time": 0.707996,
    "solve_time_total": 0.121259,
    "total_time": 0.885851,
    "steps": [
      {
        "step": 1,
        "time": 0.121259,
        "nit": 7,
        "linear_iters": 10,
        "energy": -7.954563580821439,
        "message": "Converged (energy, step, gradient)",
        "attempt": "primary",
        "ksp_rtol_used": 0.1,
        "ksp_max_it_used": 30,
        "linesearch_interval_used": [
          -0.5,
          2.0
        ],
        "history": [
          {
            "it": 1,
            "energy": 0.18256734309383515,
            "dE": 65342.82363897913,
            "grad_norm": 6978.482874326118,
            "grad_target": 6.978482874326118,
            "grad_norm_post": NaN,
            "alpha": 1.9569476828142078,
            "ksp_its": 2,
            "ls_evals": 9,
            "ls_repaired": false,
            "used_gradient_fallback": false,
            "accepted_step": true,
            "step_norm": 64.22781431825412,
            "step_rel": 1.0196872421285796,
            "pred_reduction": NaN,
            "actual_reduction": NaN,
            "trust_rejects": 0,
            "t_grad": 0.0003571690176613629,
            "t_hess": 0.01386958098737523,
            "t_ls": 0.004994494025595486,
            "t_update": 3.5850098356604576e-06,
            "t_iter": 0.019249826960731298,
            "trust_radius": 1.0,
            "trust_ratio": NaN,
            "trust_qp": NaN
          },
          {
            "it": 2,
            "energy": -5.8013970480063755,
            "dE": 5.98396439110021,
            "grad_norm": 3.267964815043348,
            "grad_target": 6.978482874326118,
            "grad_norm_post": NaN,
            "alpha": 0.41186271093947224,
            "ksp_its": 1,
            "ls_evals": 9,
            "ls_repaired": false,
            "used_gradient_fallback": false,
            "accepted_step": true,
            "step_norm": 38.415585379946336,
            "step_rel": 15.039350599783875,
            "pred_reduction": NaN,
            "actual_reduction": NaN,
            "trust_rejects": 0,
            "t_grad": 0.00031196896452456713,
            "t_hess": 0.011505287955515087,
            "t_ls": 0.00482713698875159,
            "t_update": 3.6659766919910908e-06,
            "t_iter": 0.016669611970428377,
            "trust_radius": 1.0,
            "trust_ratio": NaN,
            "trust_qp": NaN
          },
          {
            "it": 3,
            "energy": -7.7076740370009045,
            "dE": 1.906276988994529,
            "grad_norm": 5.499267753353657,
            "grad_target": 6.978482874326118,
            "grad_norm_post": NaN,
            "alpha": 0.6372875703131574,
            "ksp_its": 2,
            "ls_evals": 9,
            "ls_repaired": false,
            "used_gradient_fallback": false,
            "accepted_step": true,
            "step_norm": 13.000186159051788,
            "step_rel": 0.3186644642271081,
            "pred_reduction": NaN,
            "actual_reduction": NaN,
            "trust_rejects": 0,
            "t_grad": 0.00030575995333492756,
            "t_hess": 0.012928203970659524,
            "t_ls": 0.004850682977121323,
            "t_update": 3.2850075513124466e-06,
            "t_iter": 0.018109985976479948,
            "trust_radius": 1.0,
            "trust_ratio": NaN,
            "trust_qp": NaN
          },
          {
            "it": 4,
            "energy": -7.942271334770828,
            "dE": 0.23459729776992333,
            "grad_norm": 2.1853789953309537,
            "grad_target": 6.978482874326118,
            "grad_norm_post": NaN,
            "alpha": 0.9488170640584248,
            "ksp_its": 1,
            "ls_evals": 9,
            "ls_repaired": false,
            "used_gradient_fallback": false,
            "accepted_step": true,
            "step_norm": 1.1012146861454633,
            "step_rel": 0.02062082607657309,
            "pred_reduction": NaN,
            "actual_reduction": NaN,
            "trust_rejects": 0,
            "t_grad": 0.00031438295263797045,
            "t_hess": 0.011463242990430444,
            "t_ls": 0.004828409000765532,
            "t_update": 3.3950200304389e-06,
            "t_iter": 0.01663102302700281,
            "trust_radius": 1.0,
            "trust_ratio": NaN,
            "trust_qp": NaN
          },
          {
            "it": 5,
            "energy": -7.9543335936786255,
            "dE": 0.012062258907797663,
            "grad_norm": 0.44860416771542166,
            "grad_target": 6.978482874326118,
            "grad_norm_post": NaN,
            "alpha": 1.0552482453194671,
            "ksp_its": 2,
            "ls_evals": 9,
            "ls_repaired": false,
            "used_gradient_fallback": false,
            "accepted_step": true,
            "step_norm": 0.6600132665733037,
            "step_rel": 0.012557415677506208,
            "pred_reduction": NaN,
            "actual_reduction": NaN,
            "trust_rejects": 0,
            "t_grad": 0.0002859700471162796,
            "t_hess": 0.012041901994962245,
            "t_ls": 0.004783259995747358,
            "t_update": 3.455032128840685e-06,
            "t_iter": 0.017136420006863773,
            "trust_radius": 1.0,
            "trust_ratio": NaN,
            "trust_qp": NaN
          },
          {
            "it": 6,
            "energy": -7.954562095302057,
            "dE": 0.0002285016234315762,
            "grad_norm": 0.05295545473382539,
            "grad_target": 6.978482874326118,
            "grad_norm_post": NaN,
            "alpha": 1.088137289060528,
            "ksp_its": 1,
            "ls_evals": 9,
            "ls_repaired": false,
            "used_gradient_fallback": false,
            "accepted_step": true,
            "step_norm": 0.022374430945911454,
            "step_rel": 0.0004309496120146833,
            "pred_reduction": NaN,
            "actual_reduction": NaN,
            "trust_rejects": 0,
            "t_grad": 0.00030862499261274934,
            "t_hess": 0.01098612998612225,
            "t_ls": 0.004799375019501895,
            "t_update": 3.5850098356604576e-06,
            "t_iter": 0.016118085011839867,
            "trust_radius": 1.0,
            "trust_ratio": NaN,
            "trust_qp": NaN
          },
          {
            "it": 7,
            "energy": -7.954563580821439,
            "dE": 1.485519382171674e-06,
            "grad_norm": 0.0031207275994061616,
            "grad_target": 6.978482874326118,
            "grad_norm_post": 0.00013097164442917055,
            "alpha": 1.0552482453194671,
            "ksp_its": 1,
            "ls_evals": 9,
            "ls_repaired": false,
            "used_gradient_fallback": false,
            "accepted_step": true,
            "step_norm": 0.001915145573345059,
            "step_rel": 3.687917863161328e-05,
            "pred_reduction": NaN,
            "actual_reduction": NaN,
            "trust_rejects": 0,
            "t_grad": 0.00031966099049896,
            "t_hess": 0.01097635499900207,
            "t_ls": 0.004884284047875553,
            "t_update": 3.5549746826291084e-06,
            "t_iter": 0.01620444899890572,
            "trust_radius": 1.0,
            "trust_ratio": NaN,
            "trust_qp": NaN
          }
        ],
        "linear_timing": [
          {
            "assemble_total_time": 0.0017409349675290287,
            "assemble_p2p_exchange": 7.163005648180842e-05,
            "assemble_hvp_compute": 0.0011521910200826824,
            "assemble_extraction": 0.00018271099543198943,
            "assemble_coo_assembly": 0.00031791895162314177,
            "assemble_n_hvps": 8,
            "setop_time": 2.5939662009477615e-06,
            "set_tolerances_time": 1.8830178305506706e-06,
            "pc_setup_time": 0.009684779972303659,
            "solve_time": 0.0024108339566737413,
            "linear_total_time": 0.013841025880537927,
            "ksp_its": 2
          },
          {
            "assemble_total_time": 0.0012244709650985897,
            "assemble_p2p_exchange": 8.555199019610882e-05,
            "assemble_hvp_compute": 0.0007649550097994506,
            "assemble_extraction": 0.00018441304564476013,
            "assemble_coo_assembly": 0.00017451803432777524,
            "assemble_n_hvps": 8,
            "setop_time": 1.4529796317219734e-06,
            "set_tolerances_time": 1.7320271581411362e-06,
            "pc_setup_time": 0.008579382963944227,
            "solve_time": 0.0016723399749025702,
            "linear_total_time": 0.01147937891073525,
            "ksp_its": 1
          },
          {
            "assemble_total_time": 0.0009945089695975184,
            "assemble_p2p_exchange": 5.6165968999266624e-05,
            "assemble_hvp_compute": 0.0007206269656307995,
            "assemble_extraction": 0.0001180809922516346,
            "assemble_coo_assembly": 8.714303839951754e-05,
            "assemble_n_hvps": 8,
            "setop_time": 1.3220123946666718e-06,
            "set_tolerances_time": 1.101987436413765e-06,
            "pc_setup_time": 0.009237683028914034,
            "solve_time": 0.002671214984729886,
            "linear_total_time": 0.01290583098307252,
            "ksp_its": 2
          },
          {
            "assemble_total_time": 0.0010604989947751164,
            "assemble_p2p_exchange": 5.560601130127907e-05,
            "assemble_hvp_compute": 0.000739236013032496,
            "assemble_extraction": 0.00010448001557961106,
            "assemble_coo_assembly": 0.0001483470550738275,
            "assemble_n_hvps": 8,
            "setop_time": 1.1509982869029045e-06,
            "set_tolerances_time": 1.100997906178236e-06,
            "pc_setup_time": 0.008597899985034019,
            "solve_time": 0.0017803049995563924,
            "linear_total_time": 0.011440955975558609,
            "ksp_its": 1
          },
          {
            "assemble_total_time": 0.0009945780038833618,
            "assemble_p2p_exchange": 6.0843012761324644e-05,
            "assemble_hvp_compute": 0.0007382739568129182,
            "assemble_extraction": 0.00010420999024063349,
            "assemble_coo_assembly": 7.867097156122327e-05,
            "assemble_n_hvps": 8,
            "setop_time": 9.809737093746662e-07,
            "set_tolerances_time": 1.1820229701697826e-06,
            "pc_setup_time": 0.008432967006228864,
            "solve_time": 0.0025891579571180046,
            "linear_total_time": 0.012018865963909775,
            "ksp_its": 2
          },
          {
            "assemble_total_time": 0.001028330996632576,
            "assemble_p2p_exchange": 5.589699139818549e-05,
            "assemble_hvp_compute": 0.0007315849652513862,
            "assemble_extraction": 0.00011247297516092658,
            "assemble_coo_assembly": 0.00011612899834290147,
            "assemble_n_hvps": 8,
            "setop_time": 1.100997906178236e-06,
            "set_tolerances_time": 1.1110096238553524e-06,
            "pc_setup_time": 0.008206538972444832,
            "solve_time": 0.0017266219947487116,
            "linear_total_time": 0.010963703971356153,
            "ksp_its": 1
          },
          {
            "assemble_total_time": 0.0010022700298577547,
            "assemble_p2p_exchange": 5.520501872524619e-05,
            "assemble_hvp_compute": 0.0007472480065189302,
            "assemble_extraction": 0.00010901800123974681,
            "assemble_coo_assembly": 7.898104377090931e-05,
            "assemble_n_hvps": 8,
            "setop_time": 8.909846656024456e-07,
            "set_tolerances_time": 1.2220116332173347e-06,
            "pc_setup_time": 0.008235083019826561,
            "solve_time": 0.001714724989142269,
            "linear_total_time": 0.010954191035125405,
            "ksp_its": 1
          }
        ]
      }
    ],
    "metadata": {
      "profile": "performance",
      "nprocs": 2,
      "nproc_threads": 1,
      "linear_solver": {
        "ksp_type": "cg",
        "pc_type": "hypre",
        "ksp_rtol": 0.1,
        "ksp_max_it": 30,
        "pc_setup_on_ksp_cap": false,
        "gamg_threshold": 0.05,
        "gamg_agg_nsmooths": 1,
        "gamg_set_coordinates": true,
        "reorder": true,
        "hvp_eval_mode": "sfd_local_batched",
        "assembly_mode": "element",
        "element_reorder_mode": "block_xyz",
        "local_hessian_mode": "sfd_local",
        "distribution_strategy": "overlap_allgather",
        "assembler": "PLaplaceReorderedElementAssembler",
        "trust_subproblem_solver": "direct_linear_solve",
        "trust_subproblem_line_search": false
      },
      "newton": {
        "tolf": 0.0001,
        "tolg": 0.001,
        "tolg_rel": 0.001,
        "tolx_rel": 0.001,
        "tolx_abs": 1e-10,
        "maxit": 100,
        "require_all_convergence": true,
        "fail_on_nonfinite": true,
        "linesearch_interval": [
          -0.5,
          2.0
        ],
        "linesearch_tol": 0.1,
        "trust_region": false,
        "trust_radius_init": 1.0,
        "trust_radius_min": 1e-08,
        "trust_radius_max": 1000000.0,
        "trust_subproblem_line_search": false,
        "step_time_limit_s": null
      }
    }
  }
}
