An NVIDIA GPU may be present on this machine, but a CUDA-enabled jaxlib is not installed. Falling back to cpu.
{
  "case": {
    "problem": "plaplace",
    "backend": "element",
    "level": 6,
    "out": "/home/michal/repos/fenics_nonlinear_energies/experiment_results_cache/plaplace_final_suite/jax_petsc_element_l6_np1.json",
    "quiet": true,
    "save_history": true,
    "save_linear_timing": true,
    "steps": 1,
    "start_step": 1,
    "total_steps": 24,
    "ksp_type": "cg",
    "pc_type": "hypre",
    "ksp_rtol": 0.1,
    "ksp_max_it": 30,
    "profile": "performance",
    "coloring_trials": 10,
    "nproc_threads": 1,
    "hvp_eval_mode": "sequential",
    "element_reorder_mode": "block_xyz",
    "local_hessian_mode": "element",
    "tolf": 0.0001,
    "tolg": 0.001,
    "tolg_rel": 0.001,
    "tolx_rel": 0.001,
    "tolx_abs": 1e-10,
    "maxit": 100,
    "step_time_limit_s": null,
    "linesearch_a": -0.5,
    "linesearch_b": 2.0,
    "linesearch_tol": 0.1,
    "use_trust_region": false,
    "trust_radius_init": 1.0,
    "trust_radius_min": 1e-08,
    "trust_radius_max": 1000000.0,
    "trust_shrink": 0.5,
    "trust_expand": 1.5,
    "trust_eta_shrink": 0.05,
    "trust_eta_expand": 0.75,
    "trust_max_reject": 6,
    "trust_subproblem_line_search": false,
    "local_coloring": true,
    "retry_on_failure": false,
    "pc_setup_on_ksp_cap": false,
    "use_near_nullspace": true,
    "reorder": null,
    "gamg_threshold": 0.05,
    "gamg_agg_nsmooths": 1,
    "gamg_set_coordinates": true
  },
  "result": {
    "mesh_level": 6,
    "total_dofs": 12545,
    "free_dofs": 12033,
    "setup_time": 0.380829,
    "solve_time_total": 0.154744,
    "total_time": 0.590267,
    "steps": [
      {
        "step": 1,
        "time": 0.154744,
        "nit": 7,
        "linear_iters": 10,
        "energy": -7.954563580945161,
        "message": "Converged (energy, step, gradient)",
        "attempt": "primary",
        "ksp_rtol_used": 0.1,
        "ksp_max_it_used": 30,
        "linesearch_interval_used": [
          -0.5,
          2.0
        ],
        "history": [
          {
            "it": 1,
            "energy": 0.17986561797688644,
            "dE": 65342.826340704254,
            "grad_norm": 6978.482874326117,
            "grad_target": 6.978482874326117,
            "grad_norm_post": NaN,
            "alpha": 1.9569476828142078,
            "ksp_its": 2,
            "ls_evals": 9,
            "ls_repaired": false,
            "used_gradient_fallback": false,
            "accepted_step": true,
            "step_norm": 64.23608226653027,
            "step_rel": 1.0198185049072568,
            "pred_reduction": NaN,
            "actual_reduction": NaN,
            "trust_rejects": 0,
            "t_grad": 0.00043358199764043093,
            "t_hess": 0.01856700103962794,
            "t_ls": 0.006177969975396991,
            "t_update": 3.2949610613286495e-06,
            "t_iter": 0.025200708012562245,
            "trust_radius": 1.0,
            "trust_ratio": NaN,
            "trust_qp": NaN
          },
          {
            "it": 2,
            "energy": -5.81334950117672,
            "dE": 5.993215119153606,
            "grad_norm": 3.268111377377649,
            "grad_target": 6.978482874326117,
            "grad_norm_post": NaN,
            "alpha": 0.41186271093947224,
            "ksp_its": 1,
            "ls_evals": 9,
            "ls_repaired": false,
            "used_gradient_fallback": false,
            "accepted_step": true,
            "step_norm": 38.27049161049088,
            "step_rel": 15.01805052591117,
            "pred_reduction": NaN,
            "actual_reduction": NaN,
            "trust_rejects": 0,
            "t_grad": 0.00041370297549292445,
            "t_hess": 0.015557431965135038,
            "t_ls": 0.006063608976546675,
            "t_update": 3.1840172596275806e-06,
            "t_iter": 0.022054812987335026,
            "trust_radius": 1.0,
            "trust_ratio": NaN,
            "trust_qp": NaN
          },
          {
            "it": 3,
            "energy": -7.706286047604254,
            "dE": 1.892936546427534,
            "grad_norm": 5.449763977335674,
            "grad_target": 6.978482874326117,
            "grad_norm_post": NaN,
            "alpha": 0.6372875703131574,
            "ksp_its": 2,
            "ls_evals": 9,
            "ls_repaired": false,
            "used_gradient_fallback": false,
            "accepted_step": true,
            "step_norm": 13.134953882052416,
            "step_rel": 0.32315009332229466,
            "pred_reduction": NaN,
            "actual_reduction": NaN,
            "trust_rejects": 0,
            "t_grad": 0.00040132395224645734,
            "t_hess": 0.016731928975787014,
            "t_ls": 0.0061732730246149,
            "t_update": 3.174995072185993e-06,
            "t_iter": 0.0233251039753668,
            "trust_radius": 1.0,
            "trust_ratio": NaN,
            "trust_qp": NaN
          },
          {
            "it": 4,
            "energy": -7.9420696108192645,
            "dE": 0.23578356321501026,
            "grad_norm": 2.1868483042733255,
            "grad_target": 6.978482874326117,
            "grad_norm_post": NaN,
            "alpha": 0.9488170640584248,
            "ksp_its": 1,
            "ls_evals": 9,
            "ls_repaired": false,
            "used_gradient_fallback": false,
            "accepted_step": true,
            "step_norm": 1.0927674339544595,
            "step_rel": 0.020466458057860317,
            "pred_reduction": NaN,
            "actual_reduction": NaN,
            "trust_rejects": 0,
            "t_grad": 0.00038612098433077335,
            "t_hess": 0.014690436015371233,
            "t_ls": 0.006113843992352486,
            "t_update": 3.6249984987080097e-06,
            "t_iter": 0.021208598976954818,
            "trust_radius": 1.0,
            "trust_ratio": NaN,
            "trust_qp": NaN
          },
          {
            "it": 5,
            "energy": -7.954328323489711,
            "dE": 0.012258712670446315,
            "grad_norm": 0.453943755799798,
            "grad_target": 6.978482874326117,
            "grad_norm_post": NaN,
            "alpha": 1.0552482453194671,
            "ksp_its": 2,
            "ls_evals": 9,
            "ls_repaired": false,
            "used_gradient_fallback": false,
            "accepted_step": true,
            "step_norm": 0.6574757833687767,
            "step_rel": 0.012509595722768361,
            "pred_reduction": NaN,
            "actual_reduction": NaN,
            "trust_rejects": 0,
            "t_grad": 0.0003956250147894025,
            "t_hess": 0.015143166994675994,
            "t_ls": 0.005956438020803034,
            "t_update": 3.143970388919115e-06,
            "t_iter": 0.02151803398737684,
            "trust_radius": 1.0,
            "trust_ratio": NaN,
            "trust_qp": NaN
          },
          {
            "it": 6,
            "energy": -7.954562301546508,
            "dE": 0.0002339780567970351,
            "grad_norm": 0.054070410730032846,
            "grad_target": 6.978482874326117,
            "grad_norm_post": NaN,
            "alpha": 1.088137289060528,
            "ksp_its": 1,
            "ls_evals": 9,
            "ls_repaired": false,
            "used_gradient_fallback": false,
            "accepted_step": true,
            "step_norm": 0.022887909928041756,
            "step_rel": 0.00044083806928631717,
            "pred_reduction": NaN,
            "actual_reduction": NaN,
            "trust_rejects": 0,
            "t_grad": 0.00037668703589588404,
            "t_hess": 0.013823749963194132,
            "t_ls": 0.005952650972176343,
            "t_update": 3.2949610613286495e-06,
            "t_iter": 0.02017154701752588,
            "trust_radius": 1.0,
            "trust_ratio": NaN,
            "trust_qp": NaN
          },
          {
            "it": 7,
            "energy": -7.954563580945161,
            "dE": 1.279398652798136e-06,
            "grad_norm": 0.002918033573429404,
            "grad_target": 6.978482874326117,
            "grad_norm_post": 0.00013173863022210064,
            "alpha": 1.0552482453194671,
            "ksp_its": 1,
            "ls_evals": 9,
            "ls_repaired": false,
            "used_gradient_fallback": false,
            "accepted_step": true,
            "step_norm": 0.0018753625651564052,
            "step_rel": 3.611309855899681e-05,
            "pred_reduction": NaN,
            "actual_reduction": NaN,
            "trust_rejects": 0,
            "t_grad": 0.00039494503289461136,
            "t_hess": 0.013458361034281552,
            "t_ls": 0.0058693159953691065,
            "t_update": 3.4050317481160164e-06,
            "t_iter": 0.019739646988455206,
            "trust_radius": 1.0,
            "trust_ratio": NaN,
            "trust_qp": NaN
          }
        ],
        "linear_timing": [
          {
            "assemble_total_time": 0.003151195007376373,
            "assemble_p2p_exchange": 0.00011989101767539978,
            "assemble_hvp_compute": 0.0010200660326518118,
            "assemble_extraction": 0.0016829640371724963,
            "assemble_coo_assembly": 0.00031140894861891866,
            "assemble_n_hvps": 0,
            "setop_time": 2.354034222662449e-06,
            "set_tolerances_time": 1.8730061128735542e-06,
            "pc_setup_time": 0.012241407996043563,
            "solve_time": 0.0031433019903488457,
            "linear_total_time": 0.018540132034104317,
            "ksp_its": 2
          },
          {
            "assemble_total_time": 0.0027231599669903517,
            "assemble_p2p_exchange": 8.723203791305423e-05,
            "assemble_hvp_compute": 0.0005528219626285136,
            "assemble_extraction": 0.0017919880338013172,
            "assemble_coo_assembly": 0.00027663703076541424,
            "assemble_n_hvps": 0,
            "setop_time": 2.1230080164968967e-06,
            "set_tolerances_time": 1.5020486898720264e-06,
            "pc_setup_time": 0.010731145041063428,
            "solve_time": 0.0020786600071005523,
            "linear_total_time": 0.0155365900718607,
            "ksp_its": 1
          },
          {
            "assemble_total_time": 0.0016178860096260905,
            "assemble_p2p_exchange": 6.013002712279558e-05,
            "assemble_hvp_compute": 0.0005564879975281656,
            "assemble_extraction": 0.0008844720432534814,
            "assemble_coo_assembly": 0.00010514899622648954,
            "assemble_n_hvps": 0,
            "setop_time": 1.452048309147358e-06,
            "set_tolerances_time": 1.301988959312439e-06,
            "pc_setup_time": 0.011563809006474912,
            "solve_time": 0.0035313559928908944,
            "linear_total_time": 0.016715805046260357,
            "ksp_its": 2
          },
          {
            "assemble_total_time": 0.0017356530297547579,
            "assemble_p2p_exchange": 5.949899787083268e-05,
            "assemble_hvp_compute": 0.0005538840196095407,
            "assemble_extraction": 0.0009049020009115338,
            "assemble_coo_assembly": 0.00020486896391957998,
            "assemble_n_hvps": 0,
            "setop_time": 1.3119424693286419e-06,
            "set_tolerances_time": 1.091044396162033e-06,
            "pc_setup_time": 0.010630282980855554,
            "solve_time": 0.002305641013663262,
            "linear_total_time": 0.014673980011139065,
            "ksp_its": 1
          },
          {
            "assemble_total_time": 0.001679759006947279,
            "assemble_p2p_exchange": 5.9660058468580246e-05,
            "assemble_hvp_compute": 0.0005071129999123514,
            "assemble_extraction": 0.0009488490177318454,
            "assemble_coo_assembly": 0.00015176902525126934,
            "assemble_n_hvps": 0,
            "setop_time": 1.0409858077764511e-06,
            "set_tolerances_time": 1.1619995348155499e-06,
            "pc_setup_time": 0.010076849954202771,
            "solve_time": 0.003368029952980578,
            "linear_total_time": 0.01512684189947322,
            "ksp_its": 2
          },
          {
            "assemble_total_time": 0.001728591974824667,
            "assemble_p2p_exchange": 6.445602048188448e-05,
            "assemble_hvp_compute": 0.0005387209821492434,
            "assemble_extraction": 0.0009385229786857963,
            "assemble_coo_assembly": 0.00017439201474189758,
            "assemble_n_hvps": 0,
            "setop_time": 1.1709635145962238e-06,
            "set_tolerances_time": 1.2710224837064743e-06,
            "pc_setup_time": 0.009844460000749677,
            "solve_time": 0.0022310090134851635,
            "linear_total_time": 0.01380650297505781,
            "ksp_its": 1
          },
          {
            "assemble_total_time": 0.0016381859895773232,
            "assemble_p2p_exchange": 5.9079029597342014e-05,
            "assemble_hvp_compute": 0.000499582034535706,
            "assemble_extraction": 0.0009440110297873616,
            "assemble_coo_assembly": 0.00012426695320755243,
            "assemble_n_hvps": 0,
            "setop_time": 1.0609510354697704e-06,
            "set_tolerances_time": 1.1619995348155499e-06,
            "pc_setup_time": 0.009602917009033263,
            "solve_time": 0.0021950440132059157,
            "linear_total_time": 0.013438369962386787,
            "ksp_its": 1
          }
        ]
      }
    ],
    "metadata": {
      "profile": "performance",
      "nprocs": 1,
      "nproc_threads": 1,
      "linear_solver": {
        "ksp_type": "cg",
        "pc_type": "hypre",
        "ksp_rtol": 0.1,
        "ksp_max_it": 30,
        "pc_setup_on_ksp_cap": false,
        "gamg_threshold": 0.05,
        "gamg_agg_nsmooths": 1,
        "gamg_set_coordinates": true,
        "reorder": true,
        "hvp_eval_mode": "element_overlap",
        "assembly_mode": "element",
        "element_reorder_mode": "block_xyz",
        "local_hessian_mode": "element",
        "distribution_strategy": "overlap_allgather",
        "assembler": "PLaplaceReorderedElementAssembler",
        "trust_subproblem_solver": "direct_linear_solve",
        "trust_subproblem_line_search": false
      },
      "newton": {
        "tolf": 0.0001,
        "tolg": 0.001,
        "tolg_rel": 0.001,
        "tolx_rel": 0.001,
        "tolx_abs": 1e-10,
        "maxit": 100,
        "require_all_convergence": true,
        "fail_on_nonfinite": true,
        "linesearch_interval": [
          -0.5,
          2.0
        ],
        "linesearch_tol": 0.1,
        "trust_region": false,
        "trust_radius_init": 1.0,
        "trust_radius_min": 1e-08,
        "trust_radius_max": 1000000.0,
        "trust_subproblem_line_search": false,
        "step_time_limit_s": null
      }
    }
  }
}
