An NVIDIA GPU may be present on this machine, but a CUDA-enabled jaxlib is not installed. Falling back to cpu.
{
  "case": {
    "problem": "plaplace",
    "backend": "element",
    "level": 8,
    "out": "/home/michal/repos/fenics_nonlinear_energies/experiment_results_cache/plaplace_final_suite/jax_petsc_local_sfd_l8_np1.json",
    "quiet": true,
    "save_history": true,
    "save_linear_timing": true,
    "steps": 1,
    "start_step": 1,
    "total_steps": 24,
    "ksp_type": "cg",
    "pc_type": "hypre",
    "ksp_rtol": 0.1,
    "ksp_max_it": 30,
    "profile": "performance",
    "coloring_trials": 10,
    "nproc_threads": 1,
    "hvp_eval_mode": "sequential",
    "element_reorder_mode": "block_xyz",
    "local_hessian_mode": "sfd_local",
    "tolf": 0.0001,
    "tolg": 0.001,
    "tolg_rel": 0.001,
    "tolx_rel": 0.001,
    "tolx_abs": 1e-10,
    "maxit": 100,
    "step_time_limit_s": null,
    "linesearch_a": -0.5,
    "linesearch_b": 2.0,
    "linesearch_tol": 0.1,
    "use_trust_region": false,
    "trust_radius_init": 1.0,
    "trust_radius_min": 1e-08,
    "trust_radius_max": 1000000.0,
    "trust_shrink": 0.5,
    "trust_expand": 1.5,
    "trust_eta_shrink": 0.05,
    "trust_eta_expand": 0.75,
    "trust_max_reject": 6,
    "trust_subproblem_line_search": false,
    "local_coloring": true,
    "retry_on_failure": false,
    "pc_setup_on_ksp_cap": false,
    "use_near_nullspace": true,
    "reorder": null,
    "gamg_threshold": 0.05,
    "gamg_agg_nsmooths": 1,
    "gamg_set_coordinates": true
  },
  "result": {
    "mesh_level": 8,
    "total_dofs": 197633,
    "free_dofs": 195585,
    "setup_time": 2.932487,
    "solve_time_total": 1.917505,
    "total_time": 4.980529,
    "steps": [
      {
        "step": 1,
        "time": 1.917505,
        "nit": 6,
        "linear_iters": 12,
        "energy": -7.95955618995357,
        "message": "Converged (energy, step, gradient)",
        "attempt": "primary",
        "ksp_rtol_used": 0.1,
        "ksp_max_it_used": 30,
        "linesearch_interval_used": [
          -0.5,
          2.0
        ],
        "history": [
          {
            "it": 1,
            "energy": 41.88532108822849,
            "dE": 4134621.084891476,
            "grad_norm": 111906.5185179104,
            "grad_target": 111.9065185179104,
            "grad_norm_post": NaN,
            "alpha": 1.9569476828142078,
            "ksp_its": 2,
            "ls_evals": 9,
            "ls_repaired": false,
            "used_gradient_fallback": false,
            "accepted_step": true,
            "step_norm": 246.67374114946102,
            "step_rel": 0.964769536158627,
            "pred_reduction": NaN,
            "actual_reduction": NaN,
            "trust_rejects": 0,
            "t_grad": 0.004345580004155636,
            "t_hess": 0.28034375194692984,
            "t_ls": 0.06541684898547828,
            "t_update": 5.5865966714918613e-05,
            "t_iter": 0.350218795996625,
            "trust_radius": 1.0,
            "trust_ratio": NaN,
            "trust_qp": NaN
          },
          {
            "it": 2,
            "energy": -5.513350910803159,
            "dE": 47.39867199903165,
            "grad_norm": 51.88797712100738,
            "grad_target": 111.9065185179104,
            "grad_norm_post": NaN,
            "alpha": 1.8176274578121059,
            "ksp_its": 2,
            "ls_evals": 9,
            "ls_repaired": false,
            "used_gradient_fallback": false,
            "accepted_step": true,
            "step_norm": 195.2432817187543,
            "step_rel": 20.791105432133776,
            "pred_reduction": NaN,
            "actual_reduction": NaN,
            "trust_rejects": 0,
            "t_grad": 0.004372851981315762,
            "t_hess": 0.2696728020091541,
            "t_ls": 0.06248913996387273,
            "t_update": 5.038699600845575e-05,
            "t_iter": 0.33663960301782936,
            "trust_radius": 1.0,
            "trust_ratio": NaN,
            "trust_qp": NaN
          },
          {
            "it": 3,
            "energy": -7.579611358271658,
            "dE": 2.0662604474684994,
            "grad_norm": 8.097798329345775,
            "grad_target": 111.9065185179104,
            "grad_norm_post": NaN,
            "alpha": 0.7233922046847389,
            "ksp_its": 2,
            "ls_evals": 9,
            "ls_repaired": false,
            "used_gradient_fallback": false,
            "accepted_step": true,
            "step_norm": 38.226720028600944,
            "step_rel": 0.20407432046925317,
            "pred_reduction": NaN,
            "actual_reduction": NaN,
            "trust_rejects": 0,
            "t_grad": 0.00431101699359715,
            "t_hess": 0.2757313409820199,
            "t_ls": 0.06284949200926349,
            "t_update": 4.939601058140397e-05,
            "t_iter": 0.3429977930500172,
            "trust_radius": 1.0,
            "trust_ratio": NaN,
            "trust_qp": NaN
          },
          {
            "it": 4,
            "energy": -7.956696258026675,
            "dE": 0.37708489975501625,
            "grad_norm": 3.0409967475025823,
            "grad_target": 111.9065185179104,
            "grad_norm_post": NaN,
            "alpha": 1.1742419234321102,
            "ksp_its": 2,
            "ls_evals": 9,
            "ls_repaired": false,
            "used_gradient_fallback": false,
            "accepted_step": true,
            "step_norm": 14.7917339583023,
            "step_rel": 0.06653086311184402,
            "pred_reduction": NaN,
            "actual_reduction": NaN,
            "trust_rejects": 0,
            "t_grad": 0.0045666490332223475,
            "t_hess": 0.2359383250004612,
            "t_ls": 0.06223209499148652,
            "t_update": 4.659203113988042e-05,
            "t_iter": 0.30283852497814223,
            "trust_radius": 1.0,
            "trust_ratio": NaN,
            "trust_qp": NaN
          },
          {
            "it": 5,
            "energy": -7.959532363764621,
            "dE": 0.0028361057379466814,
            "grad_norm": 0.23866613142328216,
            "grad_target": 111.9065185179104,
            "grad_norm_post": NaN,
            "alpha": 1.0552482453194671,
            "ksp_its": 2,
            "ls_evals": 9,
            "ls_repaired": false,
            "used_gradient_fallback": false,
            "accepted_step": true,
            "step_norm": 0.21069131353814247,
            "step_rel": 0.0010144904420675885,
            "pred_reduction": NaN,
            "actual_reduction": NaN,
            "trust_rejects": 0,
            "t_grad": 0.005343378987163305,
            "t_hess": 0.22197439102455974,
            "t_ls": 0.06247511599212885,
            "t_update": 4.875403828918934e-05,
            "t_iter": 0.28989595401799306,
            "trust_radius": 1.0,
            "trust_ratio": NaN,
            "trust_qp": NaN
          },
          {
            "it": 6,
            "energy": -7.95955618995357,
            "dE": 2.3826188948916638e-05,
            "grad_norm": 0.015491945533407141,
            "grad_target": 111.9065185179104,
            "grad_norm_post": 0.0010673047165091678,
            "alpha": 1.088137289060528,
            "ksp_its": 2,
            "ls_evals": 9,
            "ls_repaired": false,
            "used_gradient_fallback": false,
            "accepted_step": true,
            "step_norm": 0.034702719953388673,
            "step_rel": 0.00016697503857346108,
            "pred_reduction": NaN,
            "actual_reduction": NaN,
            "trust_rejects": 0,
            "t_grad": 0.004370727983769029,
            "t_hess": 0.21827681799186394,
            "t_ls": 0.062147983990143985,
            "t_update": 4.6590983401983976e-05,
            "t_iter": 0.2848977270186879,
            "trust_radius": 1.0,
            "trust_ratio": NaN,
            "trust_qp": NaN
          }
        ],
        "linear_timing": [
          {
            "assemble_total_time": 0.03405389201361686,
            "assemble_p2p_exchange": 0.0008507640450261533,
            "assemble_hvp_compute": 0.026074011984746903,
            "assemble_extraction": 0.003228246991056949,
            "assemble_coo_assembly": 0.0037976710009388626,
            "assemble_n_hvps": 7,
            "setop_time": 3.264984115958214e-06,
            "set_tolerances_time": 2.3129978217184544e-06,
            "pc_setup_time": 0.18963634100509807,
            "solve_time": 0.05651560804108158,
            "linear_total_time": 0.2802114190417342,
            "ksp_its": 2
          },
          {
            "assemble_total_time": 0.03530050301924348,
            "assemble_p2p_exchange": 0.0012847199686802924,
            "assemble_hvp_compute": 0.025864480005111545,
            "assemble_extraction": 0.004075567005202174,
            "assemble_coo_assembly": 0.003975501982495189,
            "assemble_n_hvps": 7,
            "setop_time": 3.135006409138441e-06,
            "set_tolerances_time": 2.2430322133004665e-06,
            "pc_setup_time": 0.177939351007808,
            "solve_time": 0.05629896296886727,
            "linear_total_time": 0.2695441950345412,
            "ksp_its": 2
          },
          {
            "assemble_total_time": 0.03412246599327773,
            "assemble_p2p_exchange": 0.0007226970046758652,
            "assemble_hvp_compute": 0.02627503895200789,
            "assemble_extraction": 0.003181084990501404,
            "assemble_coo_assembly": 0.003846784995403141,
            "assemble_n_hvps": 7,
            "setop_time": 2.474000211805105e-06,
            "set_tolerances_time": 2.153043169528246e-06,
            "pc_setup_time": 0.1822445759898983,
            "solve_time": 0.059237476030830294,
            "linear_total_time": 0.27560914505738765,
            "ksp_its": 2
          },
          {
            "assemble_total_time": 0.034996645990759134,
            "assemble_p2p_exchange": 0.0008331580902449787,
            "assemble_hvp_compute": 0.02655820199288428,
            "assemble_extraction": 0.0032239709980785847,
            "assemble_coo_assembly": 0.004294612037483603,
            "assemble_n_hvps": 7,
            "setop_time": 2.2440217435359955e-06,
            "set_tolerances_time": 1.7929705791175365e-06,
            "pc_setup_time": 0.14816400303971022,
            "solve_time": 0.05264232901390642,
            "linear_total_time": 0.23580701503669843,
            "ksp_its": 2
          },
          {
            "assemble_total_time": 0.03354184597264975,
            "assemble_p2p_exchange": 0.0007239499245770276,
            "assemble_hvp_compute": 0.02570528502110392,
            "assemble_extraction": 0.0031381489825434983,
            "assemble_coo_assembly": 0.0038715539849363267,
            "assemble_n_hvps": 7,
            "setop_time": 2.5140470825135708e-06,
            "set_tolerances_time": 1.9030412659049034e-06,
            "pc_setup_time": 0.13655470102094114,
            "solve_time": 0.05174693401204422,
            "linear_total_time": 0.22184789809398353,
            "ksp_its": 2
          },
          {
            "assemble_total_time": 0.034448974998667836,
            "assemble_p2p_exchange": 0.0008434219635091722,
            "assemble_hvp_compute": 0.026192210032604635,
            "assemble_extraction": 0.0032218070118688047,
            "assemble_coo_assembly": 0.004104650986846536,
            "assemble_n_hvps": 7,
            "setop_time": 2.4539767764508724e-06,
            "set_tolerances_time": 2.053042408078909e-06,
            "pc_setup_time": 0.13146826101001352,
            "solve_time": 0.052225727995391935,
            "linear_total_time": 0.21814747102325782,
            "ksp_its": 2
          }
        ]
      }
    ],
    "metadata": {
      "profile": "performance",
      "nprocs": 1,
      "nproc_threads": 1,
      "linear_solver": {
        "ksp_type": "cg",
        "pc_type": "hypre",
        "ksp_rtol": 0.1,
        "ksp_max_it": 30,
        "pc_setup_on_ksp_cap": false,
        "gamg_threshold": 0.05,
        "gamg_agg_nsmooths": 1,
        "gamg_set_coordinates": true,
        "reorder": true,
        "hvp_eval_mode": "sfd_local_batched",
        "assembly_mode": "element",
        "element_reorder_mode": "block_xyz",
        "local_hessian_mode": "sfd_local",
        "distribution_strategy": "overlap_allgather",
        "assembler": "PLaplaceReorderedElementAssembler",
        "trust_subproblem_solver": "direct_linear_solve",
        "trust_subproblem_line_search": false
      },
      "newton": {
        "tolf": 0.0001,
        "tolg": 0.001,
        "tolg_rel": 0.001,
        "tolx_rel": 0.001,
        "tolx_abs": 1e-10,
        "maxit": 100,
        "require_all_convergence": true,
        "fail_on_nonfinite": true,
        "linesearch_interval": [
          -0.5,
          2.0
        ],
        "linesearch_tol": 0.1,
        "trust_region": false,
        "trust_radius_init": 1.0,
        "trust_radius_min": 1e-08,
        "trust_radius_max": 1000000.0,
        "trust_subproblem_line_search": false,
        "step_time_limit_s": null
      }
    }
  }
}
