usage: solve_HE_custom_jaxversion.py [-h] [--level LEVEL] [--steps STEPS]
                                     [--start_step START_STEP] [--maxit MAXIT]
                                     [--init_npz INIT_NPZ]
                                     [--init_step INIT_STEP]
                                     [--linesearch_a LINESEARCH_A]
                                     [--linesearch_b LINESEARCH_B]
                                     [--use_abs_det] [--ksp_type KSP_TYPE]
                                     [--pc_type PC_TYPE] [--ksp_rtol KSP_RTOL]
                                     [--ksp_max_it KSP_MAX_IT] [--tolf TOLF]
                                     [--tolg TOLG] [--tolg_rel TOLG_REL]
                                     [--tolx_rel TOLX_REL]
                                     [--tolx_abs TOLX_ABS]
                                     [--no_near_nullspace]
                                     [--hypre_nodal_coarsen HYPRE_NODAL_COARSEN]
                                     [--hypre_vec_interp_variant HYPRE_VEC_INTERP_VARIANT]
                                     [--hypre_strong_threshold HYPRE_STRONG_THRESHOLD]
                                     [--hypre_coarsen_type HYPRE_COARSEN_TYPE]
                                     [--save_history] [--save_linear_timing]
                                     [--pc_setup_on_ksp_cap] [--out OUT]
                                     [--total_steps TOTAL_STEPS]
                                     [--gamg_threshold GAMG_THRESHOLD]
                                     [--gamg_agg_nsmooths GAMG_AGG_NSMOOTHS]
                                     [--no_gamg_coordinates] [--no_fail_fast]
                                     [--no_retry_on_nonfinite]
                                     [--nonfinite_retry_rtol_factor NONFINITE_RETRY_RTOL_FACTOR]
                                     [--nonfinite_retry_linesearch_b NONFINITE_RETRY_LINESEARCH_B]
                                     [--no_retry_on_maxit]
                                     [--retry_ksp_max_it_factor RETRY_KSP_MAX_IT_FACTOR]
                                     [--quiet]
usage: solve_HE_custom_jaxversion.py [-h] [--level LEVEL] [--steps STEPS]
                                     [--start_step START_STEP] [--maxit MAXIT]
                                     [--init_npz INIT_NPZ]
                                     [--init_step INIT_STEP]
                                     [--linesearch_a LINESEARCH_A]
                                     [--linesearch_b LINESEARCH_B]
                                     [--use_abs_det] [--ksp_type KSP_TYPE]
                                     [--pc_type PC_TYPE] [--ksp_rtol KSP_RTOL]
                                     [--ksp_max_it KSP_MAX_IT] [--tolf TOLF]
                                     [--tolg TOLG] [--tolg_rel TOLG_REL]
                                     [--tolx_rel TOLX_REL]
                                     [--tolx_abs TOLX_ABS]
                                     [--no_near_nullspace]
                                     [--hypre_nodal_coarsen HYPRE_NODAL_COARSEN]
                                     [--hypre_vec_interp_variant HYPRE_VEC_INTERP_VARIANT]
                                     [--hypre_strong_threshold HYPRE_STRONG_THRESHOLD]
                                     [--hypre_coarsen_type HYPRE_COARSEN_TYPE]
                                     [--save_history] [--save_linear_timing]
                                     [--pc_setup_on_ksp_cap] [--out OUT]
                                     [--total_steps TOTAL_STEPS]
                                     [--gamg_threshold GAMG_THRESHOLD]
                                     [--gamg_agg_nsmooths GAMG_AGG_NSMOOTHS]
                                     [--no_gamg_coordinates] [--no_fail_fast]
                                     [--no_retry_on_nonfinite]
                                     [--nonfinite_retry_rtol_factor NONFINITE_RETRY_RTOL_FACTOR]
                                     [--nonfinite_retry_linesearch_b NONFINITE_RETRY_LINESEARCH_B]
                                     [--no_retry_on_maxit]
                                     [--retry_ksp_max_it_factor RETRY_KSP_MAX_IT_FACTOR]
                                     [--quiet]
solve_HE_custom_jaxversion.py: error: unrecognized arguments: --disable_repair
usage: solve_HE_custom_jaxversion.py [-h] [--level LEVEL] [--steps STEPS]
                                     [--start_step START_STEP] [--maxit MAXIT]
                                     [--init_npz INIT_NPZ]
                                     [--init_step INIT_STEP]
                                     [--linesearch_a LINESEARCH_A]
                                     [--linesearch_b LINESEARCH_B]
                                     [--use_abs_det] [--ksp_type KSP_TYPE]
                                     [--pc_type PC_TYPE] [--ksp_rtol KSP_RTOL]
                                     [--ksp_max_it KSP_MAX_IT] [--tolf TOLF]
                                     [--tolg TOLG] [--tolg_rel TOLG_REL]
                                     [--tolx_rel TOLX_REL]
                                     [--tolx_abs TOLX_ABS]
                                     [--no_near_nullspace]
                                     [--hypre_nodal_coarsen HYPRE_NODAL_COARSEN]
                                     [--hypre_vec_interp_variant HYPRE_VEC_INTERP_VARIANT]
                                     [--hypre_strong_threshold HYPRE_STRONG_THRESHOLD]
                                     [--hypre_coarsen_type HYPRE_COARSEN_TYPE]
                                     [--save_history] [--save_linear_timing]
                                     [--pc_setup_on_ksp_cap] [--out OUT]
                                     [--total_steps TOTAL_STEPS]
                                     [--gamg_threshold GAMG_THRESHOLD]
                                     [--gamg_agg_nsmooths GAMG_AGG_NSMOOTHS]
                                     [--no_gamg_coordinates] [--no_fail_fast]
                                     [--no_retry_on_nonfinite]
                                     [--nonfinite_retry_rtol_factor NONFINITE_RETRY_RTOL_FACTOR]
                                     [--nonfinite_retry_linesearch_b NONFINITE_RETRY_LINESEARCH_B]
                                     [--no_retry_on_maxit]
                                     [--retry_ksp_max_it_factor RETRY_KSP_MAX_IT_FACTOR]
                                     [--quiet]
solve_HE_custom_jaxversion.py: error: unrecognized arguments: --disable_repair
solve_HE_custom_jaxversion.py: error: unrecognized arguments: --disable_repair
usage: solve_HE_custom_jaxversion.py [-h] [--level LEVEL] [--steps STEPS]
                                     [--start_step START_STEP] [--maxit MAXIT]
                                     [--init_npz INIT_NPZ]
                                     [--init_step INIT_STEP]
                                     [--linesearch_a LINESEARCH_A]
                                     [--linesearch_b LINESEARCH_B]
                                     [--use_abs_det] [--ksp_type KSP_TYPE]
                                     [--pc_type PC_TYPE] [--ksp_rtol KSP_RTOL]
                                     [--ksp_max_it KSP_MAX_IT] [--tolf TOLF]
                                     [--tolg TOLG] [--tolg_rel TOLG_REL]
                                     [--tolx_rel TOLX_REL]
                                     [--tolx_abs TOLX_ABS]
                                     [--no_near_nullspace]
                                     [--hypre_nodal_coarsen HYPRE_NODAL_COARSEN]
                                     [--hypre_vec_interp_variant HYPRE_VEC_INTERP_VARIANT]
                                     [--hypre_strong_threshold HYPRE_STRONG_THRESHOLD]
                                     [--hypre_coarsen_type HYPRE_COARSEN_TYPE]
                                     [--save_history] [--save_linear_timing]
                                     [--pc_setup_on_ksp_cap] [--out OUT]
                                     [--total_steps TOTAL_STEPS]
                                     [--gamg_threshold GAMG_THRESHOLD]
                                     [--gamg_agg_nsmooths GAMG_AGG_NSMOOTHS]
                                     [--no_gamg_coordinates] [--no_fail_fast]
                                     [--no_retry_on_nonfinite]
                                     [--nonfinite_retry_rtol_factor NONFINITE_RETRY_RTOL_FACTOR]
                                     [--nonfinite_retry_linesearch_b NONFINITE_RETRY_LINESEARCH_B]
                                     [--no_retry_on_maxit]
                                     [--retry_ksp_max_it_factor RETRY_KSP_MAX_IT_FACTOR]
                                     [--quiet]
solve_HE_custom_jaxversion.py: error: unrecognized arguments: --disable_repair
usage: solve_HE_custom_jaxversion.py [-h] [--level LEVEL] [--steps STEPS]
                                     [--start_step START_STEP] [--maxit MAXIT]
                                     [--init_npz INIT_NPZ]
                                     [--init_step INIT_STEP]
                                     [--linesearch_a LINESEARCH_A]
                                     [--linesearch_b LINESEARCH_B]
                                     [--use_abs_det] [--ksp_type KSP_TYPE]
                                     [--pc_type PC_TYPE] [--ksp_rtol KSP_RTOL]
                                     [--ksp_max_it KSP_MAX_IT] [--tolf TOLF]
                                     [--tolg TOLG] [--tolg_rel TOLG_REL]
                                     [--tolx_rel TOLX_REL]
                                     [--tolx_abs TOLX_ABS]
                                     [--no_near_nullspace]
                                     [--hypre_nodal_coarsen HYPRE_NODAL_COARSEN]
                                     [--hypre_vec_interp_variant HYPRE_VEC_INTERP_VARIANT]
                                     [--hypre_strong_threshold HYPRE_STRONG_THRESHOLD]
                                     [--hypre_coarsen_type HYPRE_COARSEN_TYPE]
                                     [--save_history] [--save_linear_timing]
                                     [--pc_setup_on_ksp_cap] [--out OUT]
                                     [--total_steps TOTAL_STEPS]
                                     [--gamg_threshold GAMG_THRESHOLD]
                                     [--gamg_agg_nsmooths GAMG_AGG_NSMOOTHS]
                                     [--no_gamg_coordinates] [--no_fail_fast]
                                     [--no_retry_on_nonfinite]
                                     [--nonfinite_retry_rtol_factor NONFINITE_RETRY_RTOL_FACTOR]
                                     [--nonfinite_retry_linesearch_b NONFINITE_RETRY_LINESEARCH_B]
                                     [--no_retry_on_maxit]
                                     [--retry_ksp_max_it_factor RETRY_KSP_MAX_IT_FACTOR]
                                     [--quiet]
solve_HE_custom_jaxversion.py: error: unrecognized arguments: --disable_repair
usage: solve_HE_custom_jaxversion.py [-h] [--level LEVEL] [--steps STEPS]
                                     [--start_step START_STEP] [--maxit MAXIT]
                                     [--init_npz INIT_NPZ]
                                     [--init_step INIT_STEP]
                                     [--linesearch_a LINESEARCH_A]
                                     [--linesearch_b LINESEARCH_B]
                                     [--use_abs_det] [--ksp_type KSP_TYPE]
                                     [--pc_type PC_TYPE] [--ksp_rtol KSP_RTOL]
                                     [--ksp_max_it KSP_MAX_IT] [--tolf TOLF]
                                     [--tolg TOLG] [--tolg_rel TOLG_REL]
                                     [--tolx_rel TOLX_REL]
                                     [--tolx_abs TOLX_ABS]
                                     [--no_near_nullspace]
                                     [--hypre_nodal_coarsen HYPRE_NODAL_COARSEN]
                                     [--hypre_vec_interp_variant HYPRE_VEC_INTERP_VARIANT]
                                     [--hypre_strong_threshold HYPRE_STRONG_THRESHOLD]
                                     [--hypre_coarsen_type HYPRE_COARSEN_TYPE]
                                     [--save_history] [--save_linear_timing]
                                     [--pc_setup_on_ksp_cap] [--out OUT]
                                     [--total_steps TOTAL_STEPS]
                                     [--gamg_threshold GAMG_THRESHOLD]
                                     [--gamg_agg_nsmooths GAMG_AGG_NSMOOTHS]
                                     [--no_gamg_coordinates] [--no_fail_fast]
                                     [--no_retry_on_nonfinite]
                                     [--nonfinite_retry_rtol_factor NONFINITE_RETRY_RTOL_FACTOR]
                                     [--nonfinite_retry_linesearch_b NONFINITE_RETRY_LINESEARCH_B]
                                     [--no_retry_on_maxit]
                                     [--retry_ksp_max_it_factor RETRY_KSP_MAX_IT_FACTOR]
                                     [--quiet]
usage: solve_HE_custom_jaxversion.py [-h] [--level LEVEL] [--steps STEPS]
                                     [--start_step START_STEP] [--maxit MAXIT]
                                     [--init_npz INIT_NPZ]
                                     [--init_step INIT_STEP]
                                     [--linesearch_a LINESEARCH_A]
                                     [--linesearch_b LINESEARCH_B]
                                     [--use_abs_det] [--ksp_type KSP_TYPE]
                                     [--pc_type PC_TYPE] [--ksp_rtol KSP_RTOL]
                                     [--ksp_max_it KSP_MAX_IT] [--tolf TOLF]
                                     [--tolg TOLG] [--tolg_rel TOLG_REL]
                                     [--tolx_rel TOLX_REL]
                                     [--tolx_abs TOLX_ABS]
                                     [--no_near_nullspace]
                                     [--hypre_nodal_coarsen HYPRE_NODAL_COARSEN]
                                     [--hypre_vec_interp_variant HYPRE_VEC_INTERP_VARIANT]
                                     [--hypre_strong_threshold HYPRE_STRONG_THRESHOLD]
                                     [--hypre_coarsen_type HYPRE_COARSEN_TYPE]
                                     [--save_history] [--save_linear_timing]
                                     [--pc_setup_on_ksp_cap] [--out OUT]
                                     [--total_steps TOTAL_STEPS]
                                     [--gamg_threshold GAMG_THRESHOLD]
                                     [--gamg_agg_nsmooths GAMG_AGG_NSMOOTHS]
                                     [--no_gamg_coordinates] [--no_fail_fast]
                                     [--no_retry_on_nonfinite]
                                     [--nonfinite_retry_rtol_factor NONFINITE_RETRY_RTOL_FACTOR]
                                     [--nonfinite_retry_linesearch_b NONFINITE_RETRY_LINESEARCH_B]
                                     [--no_retry_on_maxit]
                                     [--retry_ksp_max_it_factor RETRY_KSP_MAX_IT_FACTOR]
                                     [--quiet]
solve_HE_custom_jaxversion.py: error: unrecognized arguments: --disable_repair
solve_HE_custom_jaxversion.py: error: unrecognized arguments: --disable_repair
usage: solve_HE_custom_jaxversion.py [-h] [--level LEVEL] [--steps STEPS]
                                     [--start_step START_STEP] [--maxit MAXIT]
                                     [--init_npz INIT_NPZ]
                                     [--init_step INIT_STEP]
                                     [--linesearch_a LINESEARCH_A]
                                     [--linesearch_b LINESEARCH_B]
                                     [--use_abs_det] [--ksp_type KSP_TYPE]
                                     [--pc_type PC_TYPE] [--ksp_rtol KSP_RTOL]
                                     [--ksp_max_it KSP_MAX_IT] [--tolf TOLF]
                                     [--tolg TOLG] [--tolg_rel TOLG_REL]
                                     [--tolx_rel TOLX_REL]
                                     [--tolx_abs TOLX_ABS]
                                     [--no_near_nullspace]
                                     [--hypre_nodal_coarsen HYPRE_NODAL_COARSEN]
                                     [--hypre_vec_interp_variant HYPRE_VEC_INTERP_VARIANT]
                                     [--hypre_strong_threshold HYPRE_STRONG_THRESHOLD]
                                     [--hypre_coarsen_type HYPRE_COARSEN_TYPE]
                                     [--save_history] [--save_linear_timing]
                                     [--pc_setup_on_ksp_cap] [--out OUT]
                                     [--total_steps TOTAL_STEPS]
                                     [--gamg_threshold GAMG_THRESHOLD]
                                     [--gamg_agg_nsmooths GAMG_AGG_NSMOOTHS]
                                     [--no_gamg_coordinates] [--no_fail_fast]
                                     [--no_retry_on_nonfinite]
                                     [--nonfinite_retry_rtol_factor NONFINITE_RETRY_RTOL_FACTOR]
                                     [--nonfinite_retry_linesearch_b NONFINITE_RETRY_LINESEARCH_B]
                                     [--no_retry_on_maxit]
                                     [--retry_ksp_max_it_factor RETRY_KSP_MAX_IT_FACTOR]
                                     [--quiet]
usage: solve_HE_custom_jaxversion.py [-h] [--level LEVEL] [--steps STEPS]
                                     [--start_step START_STEP] [--maxit MAXIT]
                                     [--init_npz INIT_NPZ]
                                     [--init_step INIT_STEP]
                                     [--linesearch_a LINESEARCH_A]
                                     [--linesearch_b LINESEARCH_B]
                                     [--use_abs_det] [--ksp_type KSP_TYPE]
                                     [--pc_type PC_TYPE] [--ksp_rtol KSP_RTOL]
                                     [--ksp_max_it KSP_MAX_IT] [--tolf TOLF]
                                     [--tolg TOLG] [--tolg_rel TOLG_REL]
                                     [--tolx_rel TOLX_REL]
                                     [--tolx_abs TOLX_ABS]
                                     [--no_near_nullspace]
                                     [--hypre_nodal_coarsen HYPRE_NODAL_COARSEN]
                                     [--hypre_vec_interp_variant HYPRE_VEC_INTERP_VARIANT]
                                     [--hypre_strong_threshold HYPRE_STRONG_THRESHOLD]
                                     [--hypre_coarsen_type HYPRE_COARSEN_TYPE]
                                     [--save_history] [--save_linear_timing]
                                     [--pc_setup_on_ksp_cap] [--out OUT]
                                     [--total_steps TOTAL_STEPS]
                                     [--gamg_threshold GAMG_THRESHOLD]
                                     [--gamg_agg_nsmooths GAMG_AGG_NSMOOTHS]
                                     [--no_gamg_coordinates] [--no_fail_fast]
                                     [--no_retry_on_nonfinite]
                                     [--nonfinite_retry_rtol_factor NONFINITE_RETRY_RTOL_FACTOR]
                                     [--nonfinite_retry_linesearch_b NONFINITE_RETRY_LINESEARCH_B]
                                     [--no_retry_on_maxit]
                                     [--retry_ksp_max_it_factor RETRY_KSP_MAX_IT_FACTOR]
                                     [--quiet]
solve_HE_custom_jaxversion.py: error: unrecognized arguments: --disable_repair
usage: solve_HE_custom_jaxversion.py [-h] [--level LEVEL] [--steps STEPS]
                                     [--start_step START_STEP] [--maxit MAXIT]
                                     [--init_npz INIT_NPZ]
                                     [--init_step INIT_STEP]
                                     [--linesearch_a LINESEARCH_A]
                                     [--linesearch_b LINESEARCH_B]
                                     [--use_abs_det] [--ksp_type KSP_TYPE]
                                     [--pc_type PC_TYPE] [--ksp_rtol KSP_RTOL]
                                     [--ksp_max_it KSP_MAX_IT] [--tolf TOLF]
                                     [--tolg TOLG] [--tolg_rel TOLG_REL]
                                     [--tolx_rel TOLX_REL]
                                     [--tolx_abs TOLX_ABS]
                                     [--no_near_nullspace]
                                     [--hypre_nodal_coarsen HYPRE_NODAL_COARSEN]
                                     [--hypre_vec_interp_variant HYPRE_VEC_INTERP_VARIANT]
                                     [--hypre_strong_threshold HYPRE_STRONG_THRESHOLD]
                                     [--hypre_coarsen_type HYPRE_COARSEN_TYPE]
                                     [--save_history] [--save_linear_timing]
                                     [--pc_setup_on_ksp_cap] [--out OUT]
                                     [--total_steps TOTAL_STEPS]
                                     [--gamg_threshold GAMG_THRESHOLD]
                                     [--gamg_agg_nsmooths GAMG_AGG_NSMOOTHS]
                                     [--no_gamg_coordinates] [--no_fail_fast]
                                     [--no_retry_on_nonfinite]
                                     [--nonfinite_retry_rtol_factor NONFINITE_RETRY_RTOL_FACTOR]
                                     [--nonfinite_retry_linesearch_b NONFINITE_RETRY_LINESEARCH_B]
                                     [--no_retry_on_maxit]
                                     [--retry_ksp_max_it_factor RETRY_KSP_MAX_IT_FACTOR]
                                     [--quiet]
solve_HE_custom_jaxversion.py: error: unrecognized arguments: --disable_repair
solve_HE_custom_jaxversion.py: error: unrecognized arguments: --disable_repair
usage: solve_HE_custom_jaxversion.py [-h] [--level LEVEL] [--steps STEPS]
                                     [--start_step START_STEP] [--maxit MAXIT]
                                     [--init_npz INIT_NPZ]
                                     [--init_step INIT_STEP]
                                     [--linesearch_a LINESEARCH_A]
                                     [--linesearch_b LINESEARCH_B]
                                     [--use_abs_det] [--ksp_type KSP_TYPE]
                                     [--pc_type PC_TYPE] [--ksp_rtol KSP_RTOL]
                                     [--ksp_max_it KSP_MAX_IT] [--tolf TOLF]
                                     [--tolg TOLG] [--tolg_rel TOLG_REL]
                                     [--tolx_rel TOLX_REL]
                                     [--tolx_abs TOLX_ABS]
                                     [--no_near_nullspace]
                                     [--hypre_nodal_coarsen HYPRE_NODAL_COARSEN]
                                     [--hypre_vec_interp_variant HYPRE_VEC_INTERP_VARIANT]
                                     [--hypre_strong_threshold HYPRE_STRONG_THRESHOLD]
                                     [--hypre_coarsen_type HYPRE_COARSEN_TYPE]
                                     [--save_history] [--save_linear_timing]
                                     [--pc_setup_on_ksp_cap] [--out OUT]
                                     [--total_steps TOTAL_STEPS]
                                     [--gamg_threshold GAMG_THRESHOLD]
                                     [--gamg_agg_nsmooths GAMG_AGG_NSMOOTHS]
                                     [--no_gamg_coordinates] [--no_fail_fast]
                                     [--no_retry_on_nonfinite]
                                     [--nonfinite_retry_rtol_factor NONFINITE_RETRY_RTOL_FACTOR]
                                     [--nonfinite_retry_linesearch_b NONFINITE_RETRY_LINESEARCH_B]
                                     [--no_retry_on_maxit]
                                     [--retry_ksp_max_it_factor RETRY_KSP_MAX_IT_FACTOR]
                                     [--quiet]
solve_HE_custom_jaxversion.py: error: unrecognized arguments: --disable_repair
usage: solve_HE_custom_jaxversion.py [-h] [--level LEVEL] [--steps STEPS]
                                     [--start_step START_STEP] [--maxit MAXIT]
                                     [--init_npz INIT_NPZ]
                                     [--init_step INIT_STEP]
                                     [--linesearch_a LINESEARCH_A]
                                     [--linesearch_b LINESEARCH_B]
                                     [--use_abs_det] [--ksp_type KSP_TYPE]
                                     [--pc_type PC_TYPE] [--ksp_rtol KSP_RTOL]
                                     [--ksp_max_it KSP_MAX_IT] [--tolf TOLF]
                                     [--tolg TOLG] [--tolg_rel TOLG_REL]
                                     [--tolx_rel TOLX_REL]
                                     [--tolx_abs TOLX_ABS]
                                     [--no_near_nullspace]
                                     [--hypre_nodal_coarsen HYPRE_NODAL_COARSEN]
                                     [--hypre_vec_interp_variant HYPRE_VEC_INTERP_VARIANT]
                                     [--hypre_strong_threshold HYPRE_STRONG_THRESHOLD]
                                     [--hypre_coarsen_type HYPRE_COARSEN_TYPE]
                                     [--save_history] [--save_linear_timing]
                                     [--pc_setup_on_ksp_cap] [--out OUT]
                                     [--total_steps TOTAL_STEPS]
                                     [--gamg_threshold GAMG_THRESHOLD]
                                     [--gamg_agg_nsmooths GAMG_AGG_NSMOOTHS]
                                     [--no_gamg_coordinates] [--no_fail_fast]
                                     [--no_retry_on_nonfinite]
                                     [--nonfinite_retry_rtol_factor NONFINITE_RETRY_RTOL_FACTOR]
                                     [--nonfinite_retry_linesearch_b NONFINITE_RETRY_LINESEARCH_B]
                                     [--no_retry_on_maxit]
                                     [--retry_ksp_max_it_factor RETRY_KSP_MAX_IT_FACTOR]
                                     [--quiet]
solve_HE_custom_jaxversion.py: error: unrecognized arguments: --disable_repair
usage: solve_HE_custom_jaxversion.py [-h] [--level LEVEL] [--steps STEPS]
                                     [--start_step START_STEP] [--maxit MAXIT]
                                     [--init_npz INIT_NPZ]
                                     [--init_step INIT_STEP]
                                     [--linesearch_a LINESEARCH_A]
                                     [--linesearch_b LINESEARCH_B]
                                     [--use_abs_det] [--ksp_type KSP_TYPE]
                                     [--pc_type PC_TYPE] [--ksp_rtol KSP_RTOL]
                                     [--ksp_max_it KSP_MAX_IT] [--tolf TOLF]
                                     [--tolg TOLG] [--tolg_rel TOLG_REL]
                                     [--tolx_rel TOLX_REL]
                                     [--tolx_abs TOLX_ABS]
                                     [--no_near_nullspace]
                                     [--hypre_nodal_coarsen HYPRE_NODAL_COARSEN]
                                     [--hypre_vec_interp_variant HYPRE_VEC_INTERP_VARIANT]
                                     [--hypre_strong_threshold HYPRE_STRONG_THRESHOLD]
                                     [--hypre_coarsen_type HYPRE_COARSEN_TYPE]
                                     [--save_history] [--save_linear_timing]
                                     [--pc_setup_on_ksp_cap] [--out OUT]
                                     [--total_steps TOTAL_STEPS]
                                     [--gamg_threshold GAMG_THRESHOLD]
                                     [--gamg_agg_nsmooths GAMG_AGG_NSMOOTHS]
                                     [--no_gamg_coordinates] [--no_fail_fast]
                                     [--no_retry_on_nonfinite]
                                     [--nonfinite_retry_rtol_factor NONFINITE_RETRY_RTOL_FACTOR]
                                     [--nonfinite_retry_linesearch_b NONFINITE_RETRY_LINESEARCH_B]
                                     [--no_retry_on_maxit]
                                     [--retry_ksp_max_it_factor RETRY_KSP_MAX_IT_FACTOR]
                                     [--quiet]
solve_HE_custom_jaxversion.py: error: unrecognized arguments: --disable_repair
usage: solve_HE_custom_jaxversion.py [-h] [--level LEVEL] [--steps STEPS]
                                     [--start_step START_STEP] [--maxit MAXIT]
                                     [--init_npz INIT_NPZ]
                                     [--init_step INIT_STEP]
                                     [--linesearch_a LINESEARCH_A]
                                     [--linesearch_b LINESEARCH_B]
                                     [--use_abs_det] [--ksp_type KSP_TYPE]
                                     [--pc_type PC_TYPE] [--ksp_rtol KSP_RTOL]
                                     [--ksp_max_it KSP_MAX_IT] [--tolf TOLF]
                                     [--tolg TOLG] [--tolg_rel TOLG_REL]
                                     [--tolx_rel TOLX_REL]
                                     [--tolx_abs TOLX_ABS]
                                     [--no_near_nullspace]
                                     [--hypre_nodal_coarsen HYPRE_NODAL_COARSEN]
                                     [--hypre_vec_interp_variant HYPRE_VEC_INTERP_VARIANT]
                                     [--hypre_strong_threshold HYPRE_STRONG_THRESHOLD]
                                     [--hypre_coarsen_type HYPRE_COARSEN_TYPE]
                                     [--save_history] [--save_linear_timing]
                                     [--pc_setup_on_ksp_cap] [--out OUT]
                                     [--total_steps TOTAL_STEPS]
                                     [--gamg_threshold GAMG_THRESHOLD]
                                     [--gamg_agg_nsmooths GAMG_AGG_NSMOOTHS]
                                     [--no_gamg_coordinates] [--no_fail_fast]
                                     [--no_retry_on_nonfinite]
                                     [--nonfinite_retry_rtol_factor NONFINITE_RETRY_RTOL_FACTOR]
                                     [--nonfinite_retry_linesearch_b NONFINITE_RETRY_LINESEARCH_B]
                                     [--no_retry_on_maxit]
                                     [--retry_ksp_max_it_factor RETRY_KSP_MAX_IT_FACTOR]
                                     [--quiet]
solve_HE_custom_jaxversion.py: error: unrecognized arguments: --disable_repair
usage: solve_HE_custom_jaxversion.py [-h] [--level LEVEL] [--steps STEPS]
                                     [--start_step START_STEP] [--maxit MAXIT]
                                     [--init_npz INIT_NPZ]
                                     [--init_step INIT_STEP]
                                     [--linesearch_a LINESEARCH_A]
                                     [--linesearch_b LINESEARCH_B]
                                     [--use_abs_det] [--ksp_type KSP_TYPE]
                                     [--pc_type PC_TYPE] [--ksp_rtol KSP_RTOL]
                                     [--ksp_max_it KSP_MAX_IT] [--tolf TOLF]
                                     [--tolg TOLG] [--tolg_rel TOLG_REL]
                                     [--tolx_rel TOLX_REL]
                                     [--tolx_abs TOLX_ABS]
                                     [--no_near_nullspace]
                                     [--hypre_nodal_coarsen HYPRE_NODAL_COARSEN]
                                     [--hypre_vec_interp_variant HYPRE_VEC_INTERP_VARIANT]
                                     [--hypre_strong_threshold HYPRE_STRONG_THRESHOLD]
                                     [--hypre_coarsen_type HYPRE_COARSEN_TYPE]
                                     [--save_history] [--save_linear_timing]
                                     [--pc_setup_on_ksp_cap] [--out OUT]
                                     [--total_steps TOTAL_STEPS]
                                     [--gamg_threshold GAMG_THRESHOLD]
                                     [--gamg_agg_nsmooths GAMG_AGG_NSMOOTHS]
                                     [--no_gamg_coordinates] [--no_fail_fast]
                                     [--no_retry_on_nonfinite]
                                     [--nonfinite_retry_rtol_factor NONFINITE_RETRY_RTOL_FACTOR]
                                     [--nonfinite_retry_linesearch_b NONFINITE_RETRY_LINESEARCH_B]
                                     [--no_retry_on_maxit]
                                     [--retry_ksp_max_it_factor RETRY_KSP_MAX_IT_FACTOR]
                                     [--quiet]
usage: solve_HE_custom_jaxversion.py [-h] [--level LEVEL] [--steps STEPS]
                                     [--start_step START_STEP] [--maxit MAXIT]
                                     [--init_npz INIT_NPZ]
                                     [--init_step INIT_STEP]
                                     [--linesearch_a LINESEARCH_A]
                                     [--linesearch_b LINESEARCH_B]
                                     [--use_abs_det] [--ksp_type KSP_TYPE]
                                     [--pc_type PC_TYPE] [--ksp_rtol KSP_RTOL]
                                     [--ksp_max_it KSP_MAX_IT] [--tolf TOLF]
                                     [--tolg TOLG] [--tolg_rel TOLG_REL]
                                     [--tolx_rel TOLX_REL]
                                     [--tolx_abs TOLX_ABS]
                                     [--no_near_nullspace]
                                     [--hypre_nodal_coarsen HYPRE_NODAL_COARSEN]
                                     [--hypre_vec_interp_variant HYPRE_VEC_INTERP_VARIANT]
                                     [--hypre_strong_threshold HYPRE_STRONG_THRESHOLD]
                                     [--hypre_coarsen_type HYPRE_COARSEN_TYPE]
                                     [--save_history] [--save_linear_timing]
                                     [--pc_setup_on_ksp_cap] [--out OUT]
                                     [--total_steps TOTAL_STEPS]
                                     [--gamg_threshold GAMG_THRESHOLD]
                                     [--gamg_agg_nsmooths GAMG_AGG_NSMOOTHS]
                                     [--no_gamg_coordinates] [--no_fail_fast]
                                     [--no_retry_on_nonfinite]
                                     [--nonfinite_retry_rtol_factor NONFINITE_RETRY_RTOL_FACTOR]
                                     [--nonfinite_retry_linesearch_b NONFINITE_RETRY_LINESEARCH_B]
                                     [--no_retry_on_maxit]
                                     [--retry_ksp_max_it_factor RETRY_KSP_MAX_IT_FACTOR]
                                     [--quiet]
solve_HE_custom_jaxversion.py: error: unrecognized arguments: --disable_repair
usage: solve_HE_custom_jaxversion.py [-h] [--level LEVEL] [--steps STEPS]
                                     [--start_step START_STEP] [--maxit MAXIT]
                                     [--init_npz INIT_NPZ]
                                     [--init_step INIT_STEP]
                                     [--linesearch_a LINESEARCH_A]
                                     [--linesearch_b LINESEARCH_B]
                                     [--use_abs_det] [--ksp_type KSP_TYPE]
                                     [--pc_type PC_TYPE] [--ksp_rtol KSP_RTOL]
                                     [--ksp_max_it KSP_MAX_IT] [--tolf TOLF]
                                     [--tolg TOLG] [--tolg_rel TOLG_REL]
                                     [--tolx_rel TOLX_REL]
                                     [--tolx_abs TOLX_ABS]
                                     [--no_near_nullspace]
                                     [--hypre_nodal_coarsen HYPRE_NODAL_COARSEN]
                                     [--hypre_vec_interp_variant HYPRE_VEC_INTERP_VARIANT]
                                     [--hypre_strong_threshold HYPRE_STRONG_THRESHOLD]
                                     [--hypre_coarsen_type HYPRE_COARSEN_TYPE]
                                     [--save_history] [--save_linear_timing]
                                     [--pc_setup_on_ksp_cap] [--out OUT]
                                     [--total_steps TOTAL_STEPS]
                                     [--gamg_threshold GAMG_THRESHOLD]
                                     [--gamg_agg_nsmooths GAMG_AGG_NSMOOTHS]
                                     [--no_gamg_coordinates] [--no_fail_fast]
                                     [--no_retry_on_nonfinite]
                                     [--nonfinite_retry_rtol_factor NONFINITE_RETRY_RTOL_FACTOR]
                                     [--nonfinite_retry_linesearch_b NONFINITE_RETRY_LINESEARCH_B]
                                     [--no_retry_on_maxit]
                                     [--retry_ksp_max_it_factor RETRY_KSP_MAX_IT_FACTOR]
                                     [--quiet]
solve_HE_custom_jaxversion.py: error: unrecognized arguments: --disable_repair
solve_HE_custom_jaxversion.py: error: unrecognized arguments: --disable_repair
usage: solve_HE_custom_jaxversion.py [-h] [--level LEVEL] [--steps STEPS]
                                     [--start_step START_STEP] [--maxit MAXIT]
                                     [--init_npz INIT_NPZ]
                                     [--init_step INIT_STEP]
                                     [--linesearch_a LINESEARCH_A]
                                     [--linesearch_b LINESEARCH_B]
                                     [--use_abs_det] [--ksp_type KSP_TYPE]
                                     [--pc_type PC_TYPE] [--ksp_rtol KSP_RTOL]
                                     [--ksp_max_it KSP_MAX_IT] [--tolf TOLF]
                                     [--tolg TOLG] [--tolg_rel TOLG_REL]
                                     [--tolx_rel TOLX_REL]
                                     [--tolx_abs TOLX_ABS]
                                     [--no_near_nullspace]
                                     [--hypre_nodal_coarsen HYPRE_NODAL_COARSEN]
                                     [--hypre_vec_interp_variant HYPRE_VEC_INTERP_VARIANT]
                                     [--hypre_strong_threshold HYPRE_STRONG_THRESHOLD]
                                     [--hypre_coarsen_type HYPRE_COARSEN_TYPE]
                                     [--save_history] [--save_linear_timing]
                                     [--pc_setup_on_ksp_cap] [--out OUT]
                                     [--total_steps TOTAL_STEPS]
                                     [--gamg_threshold GAMG_THRESHOLD]
                                     [--gamg_agg_nsmooths GAMG_AGG_NSMOOTHS]
                                     [--no_gamg_coordinates] [--no_fail_fast]
                                     [--no_retry_on_nonfinite]
                                     [--nonfinite_retry_rtol_factor NONFINITE_RETRY_RTOL_FACTOR]
                                     [--nonfinite_retry_linesearch_b NONFINITE_RETRY_LINESEARCH_B]
                                     [--no_retry_on_maxit]
                                     [--retry_ksp_max_it_factor RETRY_KSP_MAX_IT_FACTOR]
                                     [--quiet]
solve_HE_custom_jaxversion.py: error: unrecognized arguments: --disable_repair
usage: solve_HE_custom_jaxversion.py [-h] [--level LEVEL] [--steps STEPS]
                                     [--start_step START_STEP] [--maxit MAXIT]
                                     [--init_npz INIT_NPZ]
                                     [--init_step INIT_STEP]
                                     [--linesearch_a LINESEARCH_A]
                                     [--linesearch_b LINESEARCH_B]
                                     [--use_abs_det] [--ksp_type KSP_TYPE]
                                     [--pc_type PC_TYPE] [--ksp_rtol KSP_RTOL]
                                     [--ksp_max_it KSP_MAX_IT] [--tolf TOLF]
                                     [--tolg TOLG] [--tolg_rel TOLG_REL]
                                     [--tolx_rel TOLX_REL]
                                     [--tolx_abs TOLX_ABS]
                                     [--no_near_nullspace]
                                     [--hypre_nodal_coarsen HYPRE_NODAL_COARSEN]
                                     [--hypre_vec_interp_variant HYPRE_VEC_INTERP_VARIANT]
                                     [--hypre_strong_threshold HYPRE_STRONG_THRESHOLD]
                                     [--hypre_coarsen_type HYPRE_COARSEN_TYPE]
                                     [--save_history] [--save_linear_timing]
                                     [--pc_setup_on_ksp_cap] [--out OUT]
                                     [--total_steps TOTAL_STEPS]
                                     [--gamg_threshold GAMG_THRESHOLD]
                                     [--gamg_agg_nsmooths GAMG_AGG_NSMOOTHS]
                                     [--no_gamg_coordinates] [--no_fail_fast]
                                     [--no_retry_on_nonfinite]
                                     [--nonfinite_retry_rtol_factor NONFINITE_RETRY_RTOL_FACTOR]
                                     [--nonfinite_retry_linesearch_b NONFINITE_RETRY_LINESEARCH_B]
                                     [--no_retry_on_maxit]
                                     [--retry_ksp_max_it_factor RETRY_KSP_MAX_IT_FACTOR]
                                     [--quiet]
solve_HE_custom_jaxversion.py: error: unrecognized arguments: --disable_repair
usage: solve_HE_custom_jaxversion.py [-h] [--level LEVEL] [--steps STEPS]
                                     [--start_step START_STEP] [--maxit MAXIT]
                                     [--init_npz INIT_NPZ]
                                     [--init_step INIT_STEP]
                                     [--linesearch_a LINESEARCH_A]
                                     [--linesearch_b LINESEARCH_B]
                                     [--use_abs_det] [--ksp_type KSP_TYPE]
                                     [--pc_type PC_TYPE] [--ksp_rtol KSP_RTOL]
                                     [--ksp_max_it KSP_MAX_IT] [--tolf TOLF]
                                     [--tolg TOLG] [--tolg_rel TOLG_REL]
                                     [--tolx_rel TOLX_REL]
                                     [--tolx_abs TOLX_ABS]
                                     [--no_near_nullspace]
                                     [--hypre_nodal_coarsen HYPRE_NODAL_COARSEN]
                                     [--hypre_vec_interp_variant HYPRE_VEC_INTERP_VARIANT]
                                     [--hypre_strong_threshold HYPRE_STRONG_THRESHOLD]
                                     [--hypre_coarsen_type HYPRE_COARSEN_TYPE]
                                     [--save_history] [--save_linear_timing]
                                     [--pc_setup_on_ksp_cap] [--out OUT]
                                     [--total_steps TOTAL_STEPS]
                                     [--gamg_threshold GAMG_THRESHOLD]
                                     [--gamg_agg_nsmooths GAMG_AGG_NSMOOTHS]
                                     [--no_gamg_coordinates] [--no_fail_fast]
                                     [--no_retry_on_nonfinite]
                                     [--nonfinite_retry_rtol_factor NONFINITE_RETRY_RTOL_FACTOR]
                                     [--nonfinite_retry_linesearch_b NONFINITE_RETRY_LINESEARCH_B]
                                     [--no_retry_on_maxit]
                                     [--retry_ksp_max_it_factor RETRY_KSP_MAX_IT_FACTOR]
                                     [--quiet]
solve_HE_custom_jaxversion.py: error: unrecognized arguments: --disable_repair
usage: solve_HE_custom_jaxversion.py [-h] [--level LEVEL] [--steps STEPS]
                                     [--start_step START_STEP] [--maxit MAXIT]
                                     [--init_npz INIT_NPZ]
                                     [--init_step INIT_STEP]
                                     [--linesearch_a LINESEARCH_A]
                                     [--linesearch_b LINESEARCH_B]
                                     [--use_abs_det] [--ksp_type KSP_TYPE]
                                     [--pc_type PC_TYPE] [--ksp_rtol KSP_RTOL]
                                     [--ksp_max_it KSP_MAX_IT] [--tolf TOLF]
                                     [--tolg TOLG] [--tolg_rel TOLG_REL]
                                     [--tolx_rel TOLX_REL]
                                     [--tolx_abs TOLX_ABS]
                                     [--no_near_nullspace]
                                     [--hypre_nodal_coarsen HYPRE_NODAL_COARSEN]
                                     [--hypre_vec_interp_variant HYPRE_VEC_INTERP_VARIANT]
                                     [--hypre_strong_threshold HYPRE_STRONG_THRESHOLD]
                                     [--hypre_coarsen_type HYPRE_COARSEN_TYPE]
                                     [--save_history] [--save_linear_timing]
                                     [--pc_setup_on_ksp_cap] [--out OUT]
                                     [--total_steps TOTAL_STEPS]
                                     [--gamg_threshold GAMG_THRESHOLD]
                                     [--gamg_agg_nsmooths GAMG_AGG_NSMOOTHS]
                                     [--no_gamg_coordinates] [--no_fail_fast]
                                     [--no_retry_on_nonfinite]
                                     [--nonfinite_retry_rtol_factor NONFINITE_RETRY_RTOL_FACTOR]
                                     [--nonfinite_retry_linesearch_b NONFINITE_RETRY_LINESEARCH_B]
                                     [--no_retry_on_maxit]
                                     [--retry_ksp_max_it_factor RETRY_KSP_MAX_IT_FACTOR]
                                     [--quiet]
solve_HE_custom_jaxversion.py: error: unrecognized arguments: --disable_repair
usage: solve_HE_custom_jaxversion.py [-h] [--level LEVEL] [--steps STEPS]
                                     [--start_step START_STEP] [--maxit MAXIT]
                                     [--init_npz INIT_NPZ]
                                     [--init_step INIT_STEP]
                                     [--linesearch_a LINESEARCH_A]
                                     [--linesearch_b LINESEARCH_B]
                                     [--use_abs_det] [--ksp_type KSP_TYPE]
                                     [--pc_type PC_TYPE] [--ksp_rtol KSP_RTOL]
                                     [--ksp_max_it KSP_MAX_IT] [--tolf TOLF]
                                     [--tolg TOLG] [--tolg_rel TOLG_REL]
                                     [--tolx_rel TOLX_REL]
                                     [--tolx_abs TOLX_ABS]
                                     [--no_near_nullspace]
                                     [--hypre_nodal_coarsen HYPRE_NODAL_COARSEN]
                                     [--hypre_vec_interp_variant HYPRE_VEC_INTERP_VARIANT]
                                     [--hypre_strong_threshold HYPRE_STRONG_THRESHOLD]
                                     [--hypre_coarsen_type HYPRE_COARSEN_TYPE]
                                     [--save_history] [--save_linear_timing]
                                     [--pc_setup_on_ksp_cap] [--out OUT]
                                     [--total_steps TOTAL_STEPS]
                                     [--gamg_threshold GAMG_THRESHOLD]
                                     [--gamg_agg_nsmooths GAMG_AGG_NSMOOTHS]
                                     [--no_gamg_coordinates] [--no_fail_fast]
                                     [--no_retry_on_nonfinite]
                                     [--nonfinite_retry_rtol_factor NONFINITE_RETRY_RTOL_FACTOR]
                                     [--nonfinite_retry_linesearch_b NONFINITE_RETRY_LINESEARCH_B]
                                     [--no_retry_on_maxit]
                                     [--retry_ksp_max_it_factor RETRY_KSP_MAX_IT_FACTOR]
                                     [--quiet]
solve_HE_custom_jaxversion.py: error: unrecognized arguments: --disable_repair
usage: solve_HE_custom_jaxversion.py [-h] [--level LEVEL] [--steps STEPS]
                                     [--start_step START_STEP] [--maxit MAXIT]
                                     [--init_npz INIT_NPZ]
                                     [--init_step INIT_STEP]
                                     [--linesearch_a LINESEARCH_A]
                                     [--linesearch_b LINESEARCH_B]
                                     [--use_abs_det] [--ksp_type KSP_TYPE]
                                     [--pc_type PC_TYPE] [--ksp_rtol KSP_RTOL]
                                     [--ksp_max_it KSP_MAX_IT] [--tolf TOLF]
                                     [--tolg TOLG] [--tolg_rel TOLG_REL]
                                     [--tolx_rel TOLX_REL]
                                     [--tolx_abs TOLX_ABS]
                                     [--no_near_nullspace]
                                     [--hypre_nodal_coarsen HYPRE_NODAL_COARSEN]
                                     [--hypre_vec_interp_variant HYPRE_VEC_INTERP_VARIANT]
                                     [--hypre_strong_threshold HYPRE_STRONG_THRESHOLD]
                                     [--hypre_coarsen_type HYPRE_COARSEN_TYPE]
                                     [--save_history] [--save_linear_timing]
                                     [--pc_setup_on_ksp_cap] [--out OUT]
                                     [--total_steps TOTAL_STEPS]
                                     [--gamg_threshold GAMG_THRESHOLD]
                                     [--gamg_agg_nsmooths GAMG_AGG_NSMOOTHS]
                                     [--no_gamg_coordinates] [--no_fail_fast]
                                     [--no_retry_on_nonfinite]
                                     [--nonfinite_retry_rtol_factor NONFINITE_RETRY_RTOL_FACTOR]
                                     [--nonfinite_retry_linesearch_b NONFINITE_RETRY_LINESEARCH_B]
                                     [--no_retry_on_maxit]
                                     [--retry_ksp_max_it_factor RETRY_KSP_MAX_IT_FACTOR]
                                     [--quiet]
solve_HE_custom_jaxversion.py: error: unrecognized arguments: --disable_repair
usage: solve_HE_custom_jaxversion.py [-h] [--level LEVEL] [--steps STEPS]
                                     [--start_step START_STEP] [--maxit MAXIT]
                                     [--init_npz INIT_NPZ]
                                     [--init_step INIT_STEP]
                                     [--linesearch_a LINESEARCH_A]
                                     [--linesearch_b LINESEARCH_B]
                                     [--use_abs_det] [--ksp_type KSP_TYPE]
                                     [--pc_type PC_TYPE] [--ksp_rtol KSP_RTOL]
                                     [--ksp_max_it KSP_MAX_IT] [--tolf TOLF]
                                     [--tolg TOLG] [--tolg_rel TOLG_REL]
                                     [--tolx_rel TOLX_REL]
                                     [--tolx_abs TOLX_ABS]
                                     [--no_near_nullspace]
                                     [--hypre_nodal_coarsen HYPRE_NODAL_COARSEN]
                                     [--hypre_vec_interp_variant HYPRE_VEC_INTERP_VARIANT]
                                     [--hypre_strong_threshold HYPRE_STRONG_THRESHOLD]
                                     [--hypre_coarsen_type HYPRE_COARSEN_TYPE]
                                     [--save_history] [--save_linear_timing]
                                     [--pc_setup_on_ksp_cap] [--out OUT]
                                     [--total_steps TOTAL_STEPS]
                                     [--gamg_threshold GAMG_THRESHOLD]
                                     [--gamg_agg_nsmooths GAMG_AGG_NSMOOTHS]
                                     [--no_gamg_coordinates] [--no_fail_fast]
                                     [--no_retry_on_nonfinite]
                                     [--nonfinite_retry_rtol_factor NONFINITE_RETRY_RTOL_FACTOR]
                                     [--nonfinite_retry_linesearch_b NONFINITE_RETRY_LINESEARCH_B]
                                     [--no_retry_on_maxit]
                                     [--retry_ksp_max_it_factor RETRY_KSP_MAX_IT_FACTOR]
                                     [--quiet]
solve_HE_custom_jaxversion.py: error: unrecognized arguments: --disable_repair
usage: solve_HE_custom_jaxversion.py [-h] [--level LEVEL] [--steps STEPS]
                                     [--start_step START_STEP] [--maxit MAXIT]
                                     [--init_npz INIT_NPZ]
                                     [--init_step INIT_STEP]
                                     [--linesearch_a LINESEARCH_A]
                                     [--linesearch_b LINESEARCH_B]
                                     [--use_abs_det] [--ksp_type KSP_TYPE]
                                     [--pc_type PC_TYPE] [--ksp_rtol KSP_RTOL]
                                     [--ksp_max_it KSP_MAX_IT] [--tolf TOLF]
                                     [--tolg TOLG] [--tolg_rel TOLG_REL]
                                     [--tolx_rel TOLX_REL]
                                     [--tolx_abs TOLX_ABS]
                                     [--no_near_nullspace]
                                     [--hypre_nodal_coarsen HYPRE_NODAL_COARSEN]
                                     [--hypre_vec_interp_variant HYPRE_VEC_INTERP_VARIANT]
                                     [--hypre_strong_threshold HYPRE_STRONG_THRESHOLD]
                                     [--hypre_coarsen_type HYPRE_COARSEN_TYPE]
                                     [--save_history] [--save_linear_timing]
                                     [--pc_setup_on_ksp_cap] [--out OUT]
                                     [--total_steps TOTAL_STEPS]
                                     [--gamg_threshold GAMG_THRESHOLD]
                                     [--gamg_agg_nsmooths GAMG_AGG_NSMOOTHS]
                                     [--no_gamg_coordinates] [--no_fail_fast]
                                     [--no_retry_on_nonfinite]
                                     [--nonfinite_retry_rtol_factor NONFINITE_RETRY_RTOL_FACTOR]
                                     [--nonfinite_retry_linesearch_b NONFINITE_RETRY_LINESEARCH_B]
                                     [--no_retry_on_maxit]
                                     [--retry_ksp_max_it_factor RETRY_KSP_MAX_IT_FACTOR]
                                     [--quiet]
solve_HE_custom_jaxversion.py: error: unrecognized arguments: --disable_repair
usage: solve_HE_custom_jaxversion.py [-h] [--level LEVEL] [--steps STEPS]
                                     [--start_step START_STEP] [--maxit MAXIT]
                                     [--init_npz INIT_NPZ]
                                     [--init_step INIT_STEP]
                                     [--linesearch_a LINESEARCH_A]
                                     [--linesearch_b LINESEARCH_B]
                                     [--use_abs_det] [--ksp_type KSP_TYPE]
                                     [--pc_type PC_TYPE] [--ksp_rtol KSP_RTOL]
                                     [--ksp_max_it KSP_MAX_IT] [--tolf TOLF]
                                     [--tolg TOLG] [--tolg_rel TOLG_REL]
                                     [--tolx_rel TOLX_REL]
                                     [--tolx_abs TOLX_ABS]
                                     [--no_near_nullspace]
                                     [--hypre_nodal_coarsen HYPRE_NODAL_COARSEN]
                                     [--hypre_vec_interp_variant HYPRE_VEC_INTERP_VARIANT]
                                     [--hypre_strong_threshold HYPRE_STRONG_THRESHOLD]
                                     [--hypre_coarsen_type HYPRE_COARSEN_TYPE]
                                     [--save_history] [--save_linear_timing]
                                     [--pc_setup_on_ksp_cap] [--out OUT]
                                     [--total_steps TOTAL_STEPS]
                                     [--gamg_threshold GAMG_THRESHOLD]
                                     [--gamg_agg_nsmooths GAMG_AGG_NSMOOTHS]
                                     [--no_gamg_coordinates] [--no_fail_fast]
                                     [--no_retry_on_nonfinite]
                                     [--nonfinite_retry_rtol_factor NONFINITE_RETRY_RTOL_FACTOR]
                                     [--nonfinite_retry_linesearch_b NONFINITE_RETRY_LINESEARCH_B]
                                     [--no_retry_on_maxit]
                                     [--retry_ksp_max_it_factor RETRY_KSP_MAX_IT_FACTOR]
                                     [--quiet]
solve_HE_custom_jaxversion.py: error: unrecognized arguments: --disable_repair
usage: solve_HE_custom_jaxversion.py [-h] [--level LEVEL] [--steps STEPS]
                                     [--start_step START_STEP] [--maxit MAXIT]
                                     [--init_npz INIT_NPZ]
                                     [--init_step INIT_STEP]
                                     [--linesearch_a LINESEARCH_A]
                                     [--linesearch_b LINESEARCH_B]
                                     [--use_abs_det] [--ksp_type KSP_TYPE]
                                     [--pc_type PC_TYPE] [--ksp_rtol KSP_RTOL]
                                     [--ksp_max_it KSP_MAX_IT] [--tolf TOLF]
                                     [--tolg TOLG] [--tolg_rel TOLG_REL]
                                     [--tolx_rel TOLX_REL]
                                     [--tolx_abs TOLX_ABS]
                                     [--no_near_nullspace]
                                     [--hypre_nodal_coarsen HYPRE_NODAL_COARSEN]
                                     [--hypre_vec_interp_variant HYPRE_VEC_INTERP_VARIANT]
                                     [--hypre_strong_threshold HYPRE_STRONG_THRESHOLD]
                                     [--hypre_coarsen_type HYPRE_COARSEN_TYPE]
                                     [--save_history] [--save_linear_timing]
                                     [--pc_setup_on_ksp_cap] [--out OUT]
                                     [--total_steps TOTAL_STEPS]
                                     [--gamg_threshold GAMG_THRESHOLD]
                                     [--gamg_agg_nsmooths GAMG_AGG_NSMOOTHS]
                                     [--no_gamg_coordinates] [--no_fail_fast]
                                     [--no_retry_on_nonfinite]
                                     [--nonfinite_retry_rtol_factor NONFINITE_RETRY_RTOL_FACTOR]
                                     [--nonfinite_retry_linesearch_b NONFINITE_RETRY_LINESEARCH_B]
                                     [--no_retry_on_maxit]
                                     [--retry_ksp_max_it_factor RETRY_KSP_MAX_IT_FACTOR]
                                     [--quiet]
solve_HE_custom_jaxversion.py: error: unrecognized arguments: --disable_repair
usage: solve_HE_custom_jaxversion.py [-h] [--level LEVEL] [--steps STEPS]
                                     [--start_step START_STEP] [--maxit MAXIT]
                                     [--init_npz INIT_NPZ]
                                     [--init_step INIT_STEP]
                                     [--linesearch_a LINESEARCH_A]
                                     [--linesearch_b LINESEARCH_B]
                                     [--use_abs_det] [--ksp_type KSP_TYPE]
                                     [--pc_type PC_TYPE] [--ksp_rtol KSP_RTOL]
                                     [--ksp_max_it KSP_MAX_IT] [--tolf TOLF]
                                     [--tolg TOLG] [--tolg_rel TOLG_REL]
                                     [--tolx_rel TOLX_REL]
                                     [--tolx_abs TOLX_ABS]
                                     [--no_near_nullspace]
                                     [--hypre_nodal_coarsen HYPRE_NODAL_COARSEN]
                                     [--hypre_vec_interp_variant HYPRE_VEC_INTERP_VARIANT]
                                     [--hypre_strong_threshold HYPRE_STRONG_THRESHOLD]
                                     [--hypre_coarsen_type HYPRE_COARSEN_TYPE]
                                     [--save_history] [--save_linear_timing]
                                     [--pc_setup_on_ksp_cap] [--out OUT]
                                     [--total_steps TOTAL_STEPS]
                                     [--gamg_threshold GAMG_THRESHOLD]
                                     [--gamg_agg_nsmooths GAMG_AGG_NSMOOTHS]
                                     [--no_gamg_coordinates] [--no_fail_fast]
                                     [--no_retry_on_nonfinite]
                                     [--nonfinite_retry_rtol_factor NONFINITE_RETRY_RTOL_FACTOR]
                                     [--nonfinite_retry_linesearch_b NONFINITE_RETRY_LINESEARCH_B]
                                     [--no_retry_on_maxit]
                                     [--retry_ksp_max_it_factor RETRY_KSP_MAX_IT_FACTOR]
                                     [--quiet]
solve_HE_custom_jaxversion.py: error: unrecognized arguments: --disable_repair
usage: solve_HE_custom_jaxversion.py [-h] [--level LEVEL] [--steps STEPS]
                                     [--start_step START_STEP] [--maxit MAXIT]
                                     [--init_npz INIT_NPZ]
                                     [--init_step INIT_STEP]
                                     [--linesearch_a LINESEARCH_A]
                                     [--linesearch_b LINESEARCH_B]
                                     [--use_abs_det] [--ksp_type KSP_TYPE]
                                     [--pc_type PC_TYPE] [--ksp_rtol KSP_RTOL]
                                     [--ksp_max_it KSP_MAX_IT] [--tolf TOLF]
                                     [--tolg TOLG] [--tolg_rel TOLG_REL]
                                     [--tolx_rel TOLX_REL]
                                     [--tolx_abs TOLX_ABS]
                                     [--no_near_nullspace]
                                     [--hypre_nodal_coarsen HYPRE_NODAL_COARSEN]
                                     [--hypre_vec_interp_variant HYPRE_VEC_INTERP_VARIANT]
                                     [--hypre_strong_threshold HYPRE_STRONG_THRESHOLD]
                                     [--hypre_coarsen_type HYPRE_COARSEN_TYPE]
                                     [--save_history] [--save_linear_timing]
                                     [--pc_setup_on_ksp_cap] [--out OUT]
                                     [--total_steps TOTAL_STEPS]
                                     [--gamg_threshold GAMG_THRESHOLD]
                                     [--gamg_agg_nsmooths GAMG_AGG_NSMOOTHS]
                                     [--no_gamg_coordinates] [--no_fail_fast]
                                     [--no_retry_on_nonfinite]
                                     [--nonfinite_retry_rtol_factor NONFINITE_RETRY_RTOL_FACTOR]
                                     [--nonfinite_retry_linesearch_b NONFINITE_RETRY_LINESEARCH_B]
                                     [--no_retry_on_maxit]
                                     [--retry_ksp_max_it_factor RETRY_KSP_MAX_IT_FACTOR]
                                     [--quiet]
solve_HE_custom_jaxversion.py: error: unrecognized arguments: --disable_repair
usage: solve_HE_custom_jaxversion.py [-h] [--level LEVEL] [--steps STEPS]
                                     [--start_step START_STEP] [--maxit MAXIT]
                                     [--init_npz INIT_NPZ]
                                     [--init_step INIT_STEP]
                                     [--linesearch_a LINESEARCH_A]
                                     [--linesearch_b LINESEARCH_B]
                                     [--use_abs_det] [--ksp_type KSP_TYPE]
                                     [--pc_type PC_TYPE] [--ksp_rtol KSP_RTOL]
                                     [--ksp_max_it KSP_MAX_IT] [--tolf TOLF]
                                     [--tolg TOLG] [--tolg_rel TOLG_REL]
                                     [--tolx_rel TOLX_REL]
                                     [--tolx_abs TOLX_ABS]
                                     [--no_near_nullspace]
                                     [--hypre_nodal_coarsen HYPRE_NODAL_COARSEN]
                                     [--hypre_vec_interp_variant HYPRE_VEC_INTERP_VARIANT]
                                     [--hypre_strong_threshold HYPRE_STRONG_THRESHOLD]
                                     [--hypre_coarsen_type HYPRE_COARSEN_TYPE]
                                     [--save_history] [--save_linear_timing]
                                     [--pc_setup_on_ksp_cap] [--out OUT]
                                     [--total_steps TOTAL_STEPS]
                                     [--gamg_threshold GAMG_THRESHOLD]
                                     [--gamg_agg_nsmooths GAMG_AGG_NSMOOTHS]
                                     [--no_gamg_coordinates] [--no_fail_fast]
                                     [--no_retry_on_nonfinite]
                                     [--nonfinite_retry_rtol_factor NONFINITE_RETRY_RTOL_FACTOR]
                                     [--nonfinite_retry_linesearch_b NONFINITE_RETRY_LINESEARCH_B]
                                     [--no_retry_on_maxit]
                                     [--retry_ksp_max_it_factor RETRY_KSP_MAX_IT_FACTOR]
                                     [--quiet]
usage: solve_HE_custom_jaxversion.py [-h] [--level LEVEL] [--steps STEPS]
                                     [--start_step START_STEP] [--maxit MAXIT]
                                     [--init_npz INIT_NPZ]
                                     [--init_step INIT_STEP]
                                     [--linesearch_a LINESEARCH_A]
                                     [--linesearch_b LINESEARCH_B]
                                     [--use_abs_det] [--ksp_type KSP_TYPE]
                                     [--pc_type PC_TYPE] [--ksp_rtol KSP_RTOL]
                                     [--ksp_max_it KSP_MAX_IT] [--tolf TOLF]
                                     [--tolg TOLG] [--tolg_rel TOLG_REL]
                                     [--tolx_rel TOLX_REL]
                                     [--tolx_abs TOLX_ABS]
                                     [--no_near_nullspace]
                                     [--hypre_nodal_coarsen HYPRE_NODAL_COARSEN]
                                     [--hypre_vec_interp_variant HYPRE_VEC_INTERP_VARIANT]
                                     [--hypre_strong_threshold HYPRE_STRONG_THRESHOLD]
                                     [--hypre_coarsen_type HYPRE_COARSEN_TYPE]
                                     [--save_history] [--save_linear_timing]
                                     [--pc_setup_on_ksp_cap] [--out OUT]
                                     [--total_steps TOTAL_STEPS]
                                     [--gamg_threshold GAMG_THRESHOLD]
                                     [--gamg_agg_nsmooths GAMG_AGG_NSMOOTHS]
                                     [--no_gamg_coordinates] [--no_fail_fast]
                                     [--no_retry_on_nonfinite]
                                     [--nonfinite_retry_rtol_factor NONFINITE_RETRY_RTOL_FACTOR]
                                     [--nonfinite_retry_linesearch_b NONFINITE_RETRY_LINESEARCH_B]
                                     [--no_retry_on_maxit]
                                     [--retry_ksp_max_it_factor RETRY_KSP_MAX_IT_FACTOR]
                                     [--quiet]
solve_HE_custom_jaxversion.py: error: unrecognized arguments: --disable_repair
solve_HE_custom_jaxversion.py: error: unrecognized arguments: --disable_repair
usage: solve_HE_custom_jaxversion.py [-h] [--level LEVEL] [--steps STEPS]
                                     [--start_step START_STEP] [--maxit MAXIT]
                                     [--init_npz INIT_NPZ]
                                     [--init_step INIT_STEP]
                                     [--linesearch_a LINESEARCH_A]
                                     [--linesearch_b LINESEARCH_B]
                                     [--use_abs_det] [--ksp_type KSP_TYPE]
                                     [--pc_type PC_TYPE] [--ksp_rtol KSP_RTOL]
                                     [--ksp_max_it KSP_MAX_IT] [--tolf TOLF]
                                     [--tolg TOLG] [--tolg_rel TOLG_REL]
                                     [--tolx_rel TOLX_REL]
                                     [--tolx_abs TOLX_ABS]
                                     [--no_near_nullspace]
                                     [--hypre_nodal_coarsen HYPRE_NODAL_COARSEN]
                                     [--hypre_vec_interp_variant HYPRE_VEC_INTERP_VARIANT]
                                     [--hypre_strong_threshold HYPRE_STRONG_THRESHOLD]
                                     [--hypre_coarsen_type HYPRE_COARSEN_TYPE]
                                     [--save_history] [--save_linear_timing]
                                     [--pc_setup_on_ksp_cap] [--out OUT]
                                     [--total_steps TOTAL_STEPS]
                                     [--gamg_threshold GAMG_THRESHOLD]
                                     [--gamg_agg_nsmooths GAMG_AGG_NSMOOTHS]
                                     [--no_gamg_coordinates] [--no_fail_fast]
                                     [--no_retry_on_nonfinite]
                                     [--nonfinite_retry_rtol_factor NONFINITE_RETRY_RTOL_FACTOR]
                                     [--nonfinite_retry_linesearch_b NONFINITE_RETRY_LINESEARCH_B]
                                     [--no_retry_on_maxit]
                                     [--retry_ksp_max_it_factor RETRY_KSP_MAX_IT_FACTOR]
                                     [--quiet]
solve_HE_custom_jaxversion.py: error: unrecognized arguments: --disable_repair
--------------------------------------------------------------------------
prterun detected that one or more processes exited with non-zero status,
thus causing the job to be terminated. The first process to do so was:

   Process name: [prterun-k470ws-166470@1,1]
   Exit code:    2
--------------------------------------------------------------------------
