An NVIDIA GPU may be present on this machine, but a CUDA-enabled jaxlib is not installed. Falling back to cpu.
An NVIDIA GPU may be present on this machine, but a CUDA-enabled jaxlib is not installed. Falling back to cpu.
An NVIDIA GPU may be present on this machine, but a CUDA-enabled jaxlib is not installed. Falling back to cpu.
An NVIDIA GPU may be present on this machine, but a CUDA-enabled jaxlib is not installed. Falling back to cpu.
An NVIDIA GPU may be present on this machine, but a CUDA-enabled jaxlib is not installed. Falling back to cpu.
An NVIDIA GPU may be present on this machine, but a CUDA-enabled jaxlib is not installed. Falling back to cpu.
An NVIDIA GPU may be present on this machine, but a CUDA-enabled jaxlib is not installed. Falling back to cpu.
An NVIDIA GPU may be present on this machine, but a CUDA-enabled jaxlib is not installed. Falling back to cpu.
An NVIDIA GPU may be present on this machine, but a CUDA-enabled jaxlib is not installed. Falling back to cpu.
An NVIDIA GPU may be present on this machine, but a CUDA-enabled jaxlib is not installed. Falling back to cpu.
An NVIDIA GPU may be present on this machine, but a CUDA-enabled jaxlib is not installed. Falling back to cpu.
An NVIDIA GPU may be present on this machine, but a CUDA-enabled jaxlib is not installed. Falling back to cpu.
An NVIDIA GPU may be present on this machine, but a CUDA-enabled jaxlib is not installed. Falling back to cpu.
An NVIDIA GPU may be present on this machine, but a CUDA-enabled jaxlib is not installed. Falling back to cpu.
An NVIDIA GPU may be present on this machine, but a CUDA-enabled jaxlib is not installed. Falling back to cpu.
An NVIDIA GPU may be present on this machine, but a CUDA-enabled jaxlib is not installed. Falling back to cpu.
An NVIDIA GPU may be present on this machine, but a CUDA-enabled jaxlib is not installed. Falling back to cpu.
An NVIDIA GPU may be present on this machine, but a CUDA-enabled jaxlib is not installed. Falling back to cpu.
An NVIDIA GPU may be present on this machine, but a CUDA-enabled jaxlib is not installed. Falling back to cpu.
An NVIDIA GPU may be present on this machine, but a CUDA-enabled jaxlib is not installed. Falling back to cpu.
An NVIDIA GPU may be present on this machine, but a CUDA-enabled jaxlib is not installed. Falling back to cpu.
An NVIDIA GPU may be present on this machine, but a CUDA-enabled jaxlib is not installed. Falling back to cpu.
An NVIDIA GPU may be present on this machine, but a CUDA-enabled jaxlib is not installed. Falling back to cpu.
An NVIDIA GPU may be present on this machine, but a CUDA-enabled jaxlib is not installed. Falling back to cpu.
An NVIDIA GPU may be present on this machine, but a CUDA-enabled jaxlib is not installed. Falling back to cpu.
An NVIDIA GPU may be present on this machine, but a CUDA-enabled jaxlib is not installed. Falling back to cpu.
An NVIDIA GPU may be present on this machine, but a CUDA-enabled jaxlib is not installed. Falling back to cpu.
An NVIDIA GPU may be present on this machine, but a CUDA-enabled jaxlib is not installed. Falling back to cpu.
An NVIDIA GPU may be present on this machine, but a CUDA-enabled jaxlib is not installed. Falling back to cpu.
An NVIDIA GPU may be present on this machine, but a CUDA-enabled jaxlib is not installed. Falling back to cpu.
An NVIDIA GPU may be present on this machine, but a CUDA-enabled jaxlib is not installed. Falling back to cpu.
An NVIDIA GPU may be present on this machine, but a CUDA-enabled jaxlib is not installed. Falling back to cpu.
{
  "case": {
    "problem": "gl",
    "backend": "element",
    "level": 9,
    "out": "/home/michal/repos/fenics_nonlinear_energies/experiment_results_cache/gl_trust_region_diagnostics_l9_np32/jax_petsc_element_ls_loose.json",
    "quiet": true,
    "save_history": true,
    "save_linear_timing": true,
    "steps": 1,
    "start_step": 1,
    "total_steps": 24,
    "ksp_type": "gmres",
    "pc_type": "hypre",
    "ksp_rtol": 0.1,
    "ksp_max_it": 30,
    "profile": "performance",
    "coloring_trials": 10,
    "nproc_threads": 1,
    "hvp_eval_mode": "sequential",
    "element_reorder_mode": "block_xyz",
    "local_hessian_mode": "element",
    "tolf": 1e-06,
    "tolg": 1e-05,
    "tolg_rel": 0.001,
    "tolx_rel": 0.001,
    "tolx_abs": 1e-10,
    "maxit": 100,
    "step_time_limit_s": null,
    "linesearch_a": -0.5,
    "linesearch_b": 2.0,
    "linesearch_tol": 0.1,
    "use_trust_region": false,
    "trust_radius_init": 1.0,
    "trust_radius_min": 1e-08,
    "trust_radius_max": 1000000.0,
    "trust_shrink": 0.5,
    "trust_expand": 1.5,
    "trust_eta_shrink": 0.05,
    "trust_eta_expand": 0.75,
    "trust_max_reject": 6,
    "trust_subproblem_line_search": false,
    "local_coloring": true,
    "retry_on_failure": false,
    "pc_setup_on_ksp_cap": false,
    "use_near_nullspace": true,
    "reorder": null,
    "gamg_threshold": 0.05,
    "gamg_agg_nsmooths": 1,
    "gamg_set_coordinates": true
  },
  "result": {
    "mesh_level": 9,
    "total_dofs": 1050625,
    "free_dofs": 1046529,
    "setup_time": 1.684144,
    "solve_time_total": 1.123091,
    "total_time": 3.416136,
    "steps": [
      {
        "step": 1,
        "time": 1.123091,
        "nit": 6,
        "linear_iters": 9,
        "energy": 0.34562646862688284,
        "message": "Converged (energy, step, gradient)",
        "attempt": "primary",
        "ksp_rtol_used": 0.1,
        "ksp_max_it_used": 30,
        "linesearch_interval_used": [
          -0.5,
          2.0
        ],
        "history": [
          {
            "it": 1,
            "energy": 0.5074920682702674,
            "dE": 0.1578076096989064,
            "grad_norm": 0.0009261996570956121,
            "grad_target": 1e-05,
            "grad_norm_post": NaN,
            "alpha": -0.4569476828142093,
            "ksp_its": 2,
            "ls_evals": 9,
            "ls_repaired": false,
            "used_gradient_fallback": false,
            "accepted_step": true,
            "step_norm": 194.39724209370885,
            "step_rel": 0.3796821134642751,
            "pred_reduction": NaN,
            "actual_reduction": NaN,
            "trust_rejects": 0,
            "t_grad": 0.006233940017409623,
            "t_hess": 0.11999138304963708,
            "t_ls": 0.06777234800392762,
            "t_update": 3.428204217925668e-05,
            "t_iter": 0.19415930600371212,
            "trust_radius": 1.0,
            "trust_ratio": NaN,
            "trust_qp": NaN
          },
          {
            "it": 2,
            "energy": 0.43038432394073717,
            "dE": 0.07710774432953021,
            "grad_norm": 0.001055076793445163,
            "grad_target": 1e-05,
            "grad_norm_post": NaN,
            "alpha": 0.047117626563683346,
            "ksp_its": 3,
            "ls_evals": 9,
            "ls_repaired": false,
            "used_gradient_fallback": false,
            "accepted_step": true,
            "step_norm": 153.32393744971398,
            "step_rel": 0.24211659907896194,
            "pred_reduction": NaN,
            "actual_reduction": NaN,
            "trust_rejects": 0,
            "t_grad": 0.006498489005025476,
            "t_hess": 0.12400533305481076,
            "t_ls": 0.06734322203556076,
            "t_update": 3.43819847330451e-05,
            "t_iter": 0.1979952069814317,
            "trust_radius": 1.0,
            "trust_ratio": NaN,
            "trust_qp": NaN
          },
          {
            "it": 3,
            "energy": 0.34750922574363596,
            "dE": 0.0828750981971012,
            "grad_norm": 0.000952305643296292,
            "grad_target": 1e-05,
            "grad_norm_post": NaN,
            "alpha": 0.551182935941576,
            "ksp_its": 1,
            "ls_evals": 9,
            "ls_repaired": false,
            "used_gradient_fallback": false,
            "accepted_step": true,
            "step_norm": 177.87797328692074,
            "step_rel": 0.24591153764650375,
            "pred_reduction": NaN,
            "actual_reduction": NaN,
            "trust_rejects": 0,
            "t_grad": 0.006455684022512287,
            "t_hess": 0.10594835295341909,
            "t_ls": 0.06796304503222927,
            "t_update": 3.1536968890577555e-05,
            "t_iter": 0.18050742201739922,
            "trust_radius": 1.0,
            "trust_ratio": NaN,
            "trust_qp": NaN
          },
          {
            "it": 4,
            "energy": 0.34564072160130405,
            "dE": 0.001868504142331917,
            "grad_norm": 0.00033094237261378936,
            "grad_target": 1e-05,
            "grad_norm_post": NaN,
            "alpha": 1.002032654688946,
            "ksp_its": 1,
            "ls_evals": 9,
            "ls_repaired": false,
            "used_gradient_fallback": false,
            "accepted_step": true,
            "step_norm": 21.527871205023526,
            "step_rel": 0.024659021015657777,
            "pred_reduction": NaN,
            "actual_reduction": NaN,
            "trust_rejects": 0,
            "t_grad": 0.00638124201213941,
            "t_hess": 0.10490516299614683,
            "t_ls": 0.06982935301493853,
            "t_update": 3.303901758044958e-05,
            "t_iter": 0.18126292002853006,
            "trust_radius": 1.0,
            "trust_ratio": NaN,
            "trust_qp": NaN
          },
          {
            "it": 5,
            "energy": 0.345626517554064,
            "dE": 1.4204047240062856e-05,
            "grad_norm": 3.834201536488546e-05,
            "grad_target": 1e-05,
            "grad_norm_post": NaN,
            "alpha": 1.002032654688946,
            "ksp_its": 1,
            "ls_evals": 9,
            "ls_repaired": false,
            "used_gradient_fallback": false,
            "accepted_step": true,
            "step_norm": 2.119420456187564,
            "step_rel": 0.0024151142204221145,
            "pred_reduction": NaN,
            "actual_reduction": NaN,
            "trust_rejects": 0,
            "t_grad": 0.006245847966056317,
            "t_hess": 0.10441433399682865,
            "t_ls": 0.06634142500115559,
            "t_update": 4.000996705144644e-05,
            "t_iter": 0.17714427300961688,
            "trust_radius": 1.0,
            "trust_ratio": NaN,
            "trust_qp": NaN
          },
          {
            "it": 6,
            "energy": 0.34562646862688284,
            "dE": 4.892718113991279e-08,
            "grad_norm": 3.6251110459647828e-06,
            "grad_target": 1e-05,
            "grad_norm_post": 2.714196549359683e-07,
            "alpha": 1.002032654688946,
            "ksp_its": 1,
            "ls_evals": 9,
            "ls_repaired": false,
            "used_gradient_fallback": false,
            "accepted_step": true,
            "step_norm": 0.11099742634714858,
            "step_rel": 0.0001266228639100352,
            "pred_reduction": NaN,
            "actual_reduction": NaN,
            "trust_rejects": 0,
            "t_grad": 0.006282193004153669,
            "t_hess": 0.10543181502725929,
            "t_ls": 0.06790227396413684,
            "t_update": 4.0721031837165356e-05,
            "t_iter": 0.17976175097282976,
            "trust_radius": 1.0,
            "trust_ratio": NaN,
            "trust_qp": NaN
          }
        ],
        "linear_timing": [
          {
            "assemble_total_time": 0.02467843401245773,
            "assemble_p2p_exchange": 0.0030643719946965575,
            "assemble_hvp_compute": 0.007773896970320493,
            "assemble_extraction": 0.01117859099758789,
            "assemble_coo_assembly": 0.002562285983003676,
            "assemble_n_hvps": 0,
            "setop_time": 4.036002792418003e-06,
            "set_tolerances_time": 3.095017746090889e-06,
            "pc_setup_time": 0.07292339898413047,
            "solve_time": 0.022235787997487932,
            "linear_total_time": 0.11984475201461464,
            "ksp_its": 2,
            "ksp_reason_code": 2,
            "ksp_reason_name": "CONVERGED_RTOL",
            "ksp_residual_norm": 1979.9250850689857,
            "rhs_norm": 0.0009261996570956121
          },
          {
            "assemble_total_time": 0.025442804035265,
            "assemble_p2p_exchange": 0.00312832702184096,
            "assemble_hvp_compute": 0.00633426196873188,
            "assemble_extraction": 0.014505465980619192,
            "assemble_coo_assembly": 0.0013840220053680241,
            "assemble_n_hvps": 0,
            "setop_time": 3.055029083043337e-06,
            "set_tolerances_time": 3.4149852581322193e-06,
            "pc_setup_time": 0.06911925500025973,
            "solve_time": 0.029307639983016998,
            "linear_total_time": 0.1238761690328829,
            "ksp_its": 3,
            "ksp_reason_code": 2,
            "ksp_reason_name": "CONVERGED_RTOL",
            "ksp_residual_norm": 61.924520888882235,
            "rhs_norm": 0.001055076793445163
          },
          {
            "assemble_total_time": 0.024433284997940063,
            "assemble_p2p_exchange": 0.003230510978028178,
            "assemble_hvp_compute": 0.007284070015884936,
            "assemble_extraction": 0.01266401499742642,
            "assemble_coo_assembly": 0.0011809070128947496,
            "assemble_n_hvps": 0,
            "setop_time": 2.543965820223093e-06,
            "set_tolerances_time": 2.8139911592006683e-06,
            "pc_setup_time": 0.06647963402792811,
            "solve_time": 0.014938708045519888,
            "linear_total_time": 0.10585698502836749,
            "ksp_its": 1,
            "ksp_reason_code": 2,
            "ksp_reason_name": "CONVERGED_RTOL",
            "ksp_residual_norm": 18.02241143427765,
            "rhs_norm": 0.000952305643296292
          },
          {
            "assemble_total_time": 0.024704142997507006,
            "assemble_p2p_exchange": 0.0032629100023768842,
            "assemble_hvp_compute": 0.006395743985194713,
            "assemble_extraction": 0.013459673034958541,
            "assemble_coo_assembly": 0.0014957609819248319,
            "assemble_n_hvps": 0,
            "setop_time": 2.663990017026663e-06,
            "set_tolerances_time": 2.9249931685626507e-06,
            "pc_setup_time": 0.06521113502094522,
            "solve_time": 0.014862133015412837,
            "linear_total_time": 0.10478300001705065,
            "ksp_its": 1,
            "ksp_reason_code": 2,
            "ksp_reason_name": "CONVERGED_RTOL",
            "ksp_residual_norm": 0.5729281203343631,
            "rhs_norm": 0.00033094237261378936
          },
          {
            "assemble_total_time": 0.02576236502500251,
            "assemble_p2p_exchange": 0.003170139971189201,
            "assemble_hvp_compute": 0.006649394985288382,
            "assemble_extraction": 0.013041433005128056,
            "assemble_coo_assembly": 0.002811651036608964,
            "assemble_n_hvps": 0,
            "setop_time": 2.7740024961531162e-06,
            "set_tolerances_time": 2.393033355474472e-06,
            "pc_setup_time": 0.06437948299571872,
            "solve_time": 0.014150261995382607,
            "linear_total_time": 0.10429727705195546,
            "ksp_its": 1,
            "ksp_reason_code": 2,
            "ksp_reason_name": "CONVERGED_RTOL",
            "ksp_residual_norm": 0.08552641776205677,
            "rhs_norm": 3.834201536488546e-05
          },
          {
            "assemble_total_time": 0.024422828981187195,
            "assemble_p2p_exchange": 0.0030236500315368176,
            "assemble_hvp_compute": 0.006546741002239287,
            "assemble_extraction": 0.012852979998569936,
            "assemble_coo_assembly": 0.0019242660491727293,
            "assemble_n_hvps": 0,
            "setop_time": 2.9339571483433247e-06,
            "set_tolerances_time": 3.035005647689104e-06,
            "pc_setup_time": 0.06684946996392682,
            "solve_time": 0.014008018013555557,
            "linear_total_time": 0.1052862859214656,
            "ksp_its": 1,
            "ksp_reason_code": 2,
            "ksp_reason_name": "CONVERGED_RTOL",
            "ksp_residual_norm": 0.0069784630996718,
            "rhs_norm": 3.6251110459647828e-06
          }
        ]
      }
    ],
    "metadata": {
      "profile": "performance",
      "nprocs": 32,
      "nproc_threads": 1,
      "linear_solver": {
        "ksp_type": "gmres",
        "pc_type": "hypre",
        "ksp_rtol": 0.1,
        "ksp_max_it": 30,
        "pc_setup_on_ksp_cap": false,
        "gamg_threshold": 0.05,
        "gamg_agg_nsmooths": 1,
        "gamg_set_coordinates": true,
        "reorder": true,
        "hvp_eval_mode": "element_overlap",
        "assembly_mode": "element",
        "element_reorder_mode": "block_xyz",
        "local_hessian_mode": "element",
        "distribution_strategy": "overlap_allgather",
        "assembler": "GLReorderedElementAssembler",
        "trust_subproblem_solver": "direct_linear_solve",
        "trust_subproblem_line_search": false
      },
      "newton": {
        "tolf": 1e-06,
        "tolg": 1e-05,
        "tolg_rel": 0.001,
        "tolx_rel": 0.001,
        "tolx_abs": 1e-10,
        "maxit": 100,
        "require_all_convergence": true,
        "fail_on_nonfinite": true,
        "linesearch_interval": [
          -0.5,
          2.0
        ],
        "linesearch_tol": 0.1,
        "trust_region": false,
        "trust_radius_init": 1.0,
        "trust_radius_min": 1e-08,
        "trust_radius_max": 1000000.0,
        "trust_subproblem_line_search": false,
        "step_time_limit_s": null
      }
    }
  }
}
